;  LST file generated by mikroListExporter - v.2.0 
; Date/Time: 14/04/2014 16:49:38
;----------------------------------------------

;Address Opcode 	ASM
0x0000	0x28F5      	GOTO       245
_I2C1_Is_Idle:
;__Lib_I2C_c34.mpas,28 :: 		
;__Lib_I2C_c34.mpas,29 :: 		
0x0003	0x1283      	BCF        STATUS, 5
0x0004	0x1303      	BCF        STATUS, 6
0x0005	0x01F2      	CLRF       R2
;__Lib_I2C_c34.mpas,30 :: 		
0x0006	0x1683      	BSF        STATUS, 5
0x0007	0x1914      	BTFSC      SSPSTAT, 2
0x0008	0x2812      	GOTO       L__I2C1_Is_Idle3
;__Lib_I2C_c34.mpas,31 :: 		
0x0009	0x301F      	MOVLW      31
0x000A	0x0511      	ANDWF      SSPCON2, 0
0x000B	0x00F1      	MOVWF      R1
0x000C	0x0871      	MOVF       R1, 0
0x000D	0x3A00      	XORLW      0
0x000E	0x1D03      	BTFSS      STATUS, 2
0x000F	0x2812      	GOTO       L__I2C1_Is_Idle6
;__Lib_I2C_c34.mpas,32 :: 		
0x0010	0x30FF      	MOVLW      255
0x0011	0x00F2      	MOVWF      R2
L__I2C1_Is_Idle6:
L__I2C1_Is_Idle3:
;__Lib_I2C_c34.mpas,33 :: 		
0x0012	0x0872      	MOVF       R2, 0
0x0013	0x00F0      	MOVWF      R0
0x0014	0x0008      	RETURN
; end of _I2C1_Is_Idle
_I2C1_Init:
;__Lib_I2C_c34.mpas,16 :: 		
;__Lib_I2C_c34.mpas,17 :: 		
0x0015	0x1683      	BSF        STATUS, 5
0x0016	0x1303      	BCF        STATUS, 6
0x0017	0x1314      	BCF        SSPSTAT, 6
;__Lib_I2C_c34.mpas,18 :: 		
0x0018	0x1394      	BCF        SSPSTAT, 7
;__Lib_I2C_c34.mpas,19 :: 		
0x0019	0x1607      	BSF        TRISC4_bit, 4
;__Lib_I2C_c34.mpas,20 :: 		
0x001A	0x1587      	BSF        TRISC3_bit, 3
;__Lib_I2C_c34.mpas,21 :: 		
0x001B	0x3038      	MOVLW      56
0x001C	0x1283      	BCF        STATUS, 5
0x001D	0x0094      	MOVWF      SSPCON
;__Lib_I2C_c34.mpas,23 :: 		
0x001E	0x0008      	RETURN
; end of _I2C1_Init
_I2C1_Start:
;__Lib_I2C_c34.mpas,38 :: 		
;__Lib_I2C_c34.mpas,39 :: 		
0x001F	0x1283      	BCF        STATUS, 5
0x0020	0x1303      	BCF        STATUS, 6
0x0021	0x01A5      	CLRF       I2C1_Start_j
0x0022	0x01A6      	CLRF       I2C1_Start_j+1
L__I2C1_Start10:
;__Lib_I2C_c34.mpas,40 :: 		
0x0023	0x2003      	CALL       _I2C1_Is_Idle
0x0024	0x0870      	MOVF       R0, 0
0x0025	0x3A00      	XORLW      0
0x0026	0x1903      	BTFSC      STATUS, 2
0x0027	0x2829      	GOTO       L__I2C1_Start15
;__Lib_I2C_c34.mpas,41 :: 		
0x0028	0x2836      	GOTO       L__I2C1_Start13
L__I2C1_Start15:
0x0029	0x1283      	BCF        STATUS, 5
0x002A	0x0826      	MOVF       I2C1_Start_j+1, 0
0x002B	0x3A12      	XORLW      18
0x002C	0x1D03      	BTFSS      STATUS, 2
0x002D	0x2830      	GOTO       L__I2C1_Start60
0x002E	0x308E      	MOVLW      142
0x002F	0x0625      	XORWF      I2C1_Start_j, 0
L__I2C1_Start60:
0x0030	0x1903      	BTFSC      STATUS, 2
0x0031	0x2836      	GOTO       L__I2C1_Start13
0x0032	0x0AA5      	INCF       I2C1_Start_j, 1
0x0033	0x1903      	BTFSC      STATUS, 2
0x0034	0x0AA6      	INCF       I2C1_Start_j+1, 1
0x0035	0x2823      	GOTO       L__I2C1_Start10
L__I2C1_Start13:
0x0036	0x1283      	BCF        STATUS, 5
;__Lib_I2C_c34.mpas,43 :: 		
0x0037	0x3012      	MOVLW      18
0x0038	0x0226      	SUBWF      I2C1_Start_j+1, 0
0x0039	0x1D03      	BTFSS      STATUS, 2
0x003A	0x283D      	GOTO       L__I2C1_Start61
0x003B	0x308F      	MOVLW      143
0x003C	0x0225      	SUBWF      I2C1_Start_j, 0
L__I2C1_Start61:
0x003D	0x1C03      	BTFSS      STATUS, 0
0x003E	0x2842      	GOTO       L__I2C1_Start18
;__Lib_I2C_c34.mpas,44 :: 		
0x003F	0x307B      	MOVLW      123
0x0040	0x00A4      	MOVWF      I2C1_Start_local_result
0x0041	0x284A      	GOTO       L__I2C1_Start19
;__Lib_I2C_c34.mpas,45 :: 		
L__I2C1_Start18:
;__Lib_I2C_c34.mpas,47 :: 		
0x0042	0x1683      	BSF        STATUS, 5
0x0043	0x1411      	BSF        SSPCON2, 0
;__Lib_I2C_c34.mpas,48 :: 		
L__I2C1_Start21:
0x0044	0x1C11      	BTFSS      SSPCON2, 0
0x0045	0x2848      	GOTO       L__I2C1_Start22
0x0046	0x0000      	NOP
0x0047	0x2844      	GOTO       L__I2C1_Start21
L__I2C1_Start22:
;__Lib_I2C_c34.mpas,49 :: 		
0x0048	0x1283      	BCF        STATUS, 5
0x0049	0x01A4      	CLRF       I2C1_Start_local_result
;__Lib_I2C_c34.mpas,50 :: 		
L__I2C1_Start19:
;__Lib_I2C_c34.mpas,51 :: 		
0x004A	0x0824      	MOVF       I2C1_Start_local_result, 0
0x004B	0x00F0      	MOVWF      R0
0x004C	0x0008      	RETURN
; end of _I2C1_Start
_I2C1_Wr:
;__Lib_I2C_c34.mpas,81 :: 		
;__Lib_I2C_c34.mpas,82 :: 		
0x004D	0x1283      	BCF        STATUS, 5
0x004E	0x1303      	BCF        STATUS, 6
0x004F	0x118C      	BCF        PIR1, 3
;__Lib_I2C_c34.mpas,83 :: 		
0x0050	0x0824      	MOVF       FARG_I2C1_Wr_data_, 0
0x0051	0x0093      	MOVWF      SSPBUF
;__Lib_I2C_c34.mpas,85 :: 		
L__I2C1_Wr47:
0x0052	0x1683      	BSF        STATUS, 5
0x0053	0x1D14      	BTFSS      SSPSTAT, 2
0x0054	0x2857      	GOTO       L__I2C1_Wr48
0x0055	0x0000      	NOP
0x0056	0x2852      	GOTO       L__I2C1_Wr47
L__I2C1_Wr48:
;__Lib_I2C_c34.mpas,87 :: 		
L__I2C1_Wr52:
0x0057	0x1283      	BCF        STATUS, 5
0x0058	0x198C      	BTFSC      PIR1, 3
0x0059	0x285C      	GOTO       L__I2C1_Wr53
0x005A	0x0000      	NOP
0x005B	0x2857      	GOTO       L__I2C1_Wr52
L__I2C1_Wr53:
;__Lib_I2C_c34.mpas,89 :: 		
0x005C	0x1683      	BSF        STATUS, 5
0x005D	0x1B11      	BTFSC      SSPCON2, 6
0x005E	0x2861      	GOTO       L__I2C1_Wr57
;__Lib_I2C_c34.mpas,90 :: 		
0x005F	0x01F1      	CLRF       R1
0x0060	0x2864      	GOTO       L__I2C1_Wr58
;__Lib_I2C_c34.mpas,91 :: 		
L__I2C1_Wr57:
;__Lib_I2C_c34.mpas,93 :: 		
0x0061	0x1511      	BSF        SSPCON2, 2
;__Lib_I2C_c34.mpas,94 :: 		
0x0062	0x3002      	MOVLW      2
0x0063	0x00F1      	MOVWF      R1
;__Lib_I2C_c34.mpas,95 :: 		
L__I2C1_Wr58:
;__Lib_I2C_c34.mpas,96 :: 		
0x0064	0x0871      	MOVF       R1, 0
0x0065	0x00F0      	MOVWF      R0
0x0066	0x0008      	RETURN
; end of _I2C1_Wr
I2C_TX_leer_teclado:
;I2C_TX.mbas,5 :: 		sub procedure leer_teclado()
;I2C_TX.mbas,6 :: 		kp = 0
0x0067	0x1283      	BCF        STATUS, 5
0x0068	0x1303      	BCF        STATUS, 6
0x0069	0x01A3      	CLRF       _KP
;I2C_TX.mbas,7 :: 		portb=%11101111        'EXPLORO FILA 1
0x006A	0x30EF      	MOVLW      239
0x006B	0x0086      	MOVWF      PORTB
;I2C_TX.mbas,8 :: 		if(portb.0=0)then      'EXPLORO COLUMNA1
0x006C	0x1806      	BTFSC      PORTB, 0
0x006D	0x2873      	GOTO       L_I2C_TX_leer_teclado2
;I2C_TX.mbas,9 :: 		while(portb.0=0) wend
L_I2C_TX_leer_teclado5:
0x006E	0x1806      	BTFSC      PORTB, 0
0x006F	0x2871      	GOTO       L_I2C_TX_leer_teclado6
0x0070	0x286E      	GOTO       L_I2C_TX_leer_teclado5
L_I2C_TX_leer_teclado6:
;I2C_TX.mbas,10 :: 		kp=1 end if'1
0x0071	0x3001      	MOVLW      1
0x0072	0x00A3      	MOVWF      _KP
L_I2C_TX_leer_teclado2:
;I2C_TX.mbas,11 :: 		if(portb.1=0)then      'EXPLORO COLUMNA2
0x0073	0x1886      	BTFSC      PORTB, 1
0x0074	0x287A      	GOTO       L_I2C_TX_leer_teclado10
;I2C_TX.mbas,12 :: 		while(portb.1=0) wend
L_I2C_TX_leer_teclado13:
0x0075	0x1886      	BTFSC      PORTB, 1
0x0076	0x2878      	GOTO       L_I2C_TX_leer_teclado14
0x0077	0x2875      	GOTO       L_I2C_TX_leer_teclado13
L_I2C_TX_leer_teclado14:
;I2C_TX.mbas,13 :: 		kp=2 end if'2
0x0078	0x3002      	MOVLW      2
0x0079	0x00A3      	MOVWF      _KP
L_I2C_TX_leer_teclado10:
;I2C_TX.mbas,14 :: 		if(portb.2=0)then      'EXPLORO COLUMNA3
0x007A	0x1906      	BTFSC      PORTB, 2
0x007B	0x2881      	GOTO       L_I2C_TX_leer_teclado18
;I2C_TX.mbas,15 :: 		while(portb.2=0) wend
L_I2C_TX_leer_teclado21:
0x007C	0x1906      	BTFSC      PORTB, 2
0x007D	0x287F      	GOTO       L_I2C_TX_leer_teclado22
0x007E	0x287C      	GOTO       L_I2C_TX_leer_teclado21
L_I2C_TX_leer_teclado22:
;I2C_TX.mbas,16 :: 		kp=3 end if'3
0x007F	0x3003      	MOVLW      3
0x0080	0x00A3      	MOVWF      _KP
L_I2C_TX_leer_teclado18:
;I2C_TX.mbas,17 :: 		if (portb.3=0)then    'EXPLORO COLUMNA4
0x0081	0x1986      	BTFSC      PORTB, 3
0x0082	0x2888      	GOTO       L_I2C_TX_leer_teclado26
;I2C_TX.mbas,18 :: 		while(portb.3=0) wend
L_I2C_TX_leer_teclado29:
0x0083	0x1986      	BTFSC      PORTB, 3
0x0084	0x2886      	GOTO       L_I2C_TX_leer_teclado30
0x0085	0x2883      	GOTO       L_I2C_TX_leer_teclado29
L_I2C_TX_leer_teclado30:
;I2C_TX.mbas,19 :: 		kp=$41 end if'A
0x0086	0x3041      	MOVLW      65
0x0087	0x00A3      	MOVWF      _KP
L_I2C_TX_leer_teclado26:
;I2C_TX.mbas,20 :: 		if(kp=0)then
0x0088	0x0823      	MOVF       _KP, 0
0x0089	0x3A00      	XORLW      0
0x008A	0x1D03      	BTFSS      STATUS, 2
0x008B	0x28AB      	GOTO       L_I2C_TX_leer_teclado34
;I2C_TX.mbas,21 :: 		portb=%11011111          'EXPLORO FILA 2
0x008C	0x30DF      	MOVLW      223
0x008D	0x0086      	MOVWF      PORTB
;I2C_TX.mbas,22 :: 		if(portb.0=0)then       'EXPLORO COLUMNA1
0x008E	0x1806      	BTFSC      PORTB, 0
0x008F	0x2895      	GOTO       L_I2C_TX_leer_teclado37
;I2C_TX.mbas,23 :: 		while(portb.0=0) wend
L_I2C_TX_leer_teclado40:
0x0090	0x1806      	BTFSC      PORTB, 0
0x0091	0x2893      	GOTO       L_I2C_TX_leer_teclado41
0x0092	0x2890      	GOTO       L_I2C_TX_leer_teclado40
L_I2C_TX_leer_teclado41:
;I2C_TX.mbas,24 :: 		kp=4 end if'4
0x0093	0x3004      	MOVLW      4
0x0094	0x00A3      	MOVWF      _KP
L_I2C_TX_leer_teclado37:
;I2C_TX.mbas,25 :: 		if(portb.1=0)then      'EXPLORO COLUMNA2
0x0095	0x1886      	BTFSC      PORTB, 1
0x0096	0x289C      	GOTO       L_I2C_TX_leer_teclado45
;I2C_TX.mbas,26 :: 		while(portb.1=0) wend
L_I2C_TX_leer_teclado48:
0x0097	0x1886      	BTFSC      PORTB, 1
0x0098	0x289A      	GOTO       L_I2C_TX_leer_teclado49
0x0099	0x2897      	GOTO       L_I2C_TX_leer_teclado48
L_I2C_TX_leer_teclado49:
;I2C_TX.mbas,27 :: 		kp=5 end if'5
0x009A	0x3005      	MOVLW      5
0x009B	0x00A3      	MOVWF      _KP
L_I2C_TX_leer_teclado45:
;I2C_TX.mbas,28 :: 		if(portb.2=0)then     'EXPLORO COLUMNA3
0x009C	0x1906      	BTFSC      PORTB, 2
0x009D	0x28A3      	GOTO       L_I2C_TX_leer_teclado53
;I2C_TX.mbas,29 :: 		while(portb.2=0) wend
L_I2C_TX_leer_teclado56:
0x009E	0x1906      	BTFSC      PORTB, 2
0x009F	0x28A1      	GOTO       L_I2C_TX_leer_teclado57
0x00A0	0x289E      	GOTO       L_I2C_TX_leer_teclado56
L_I2C_TX_leer_teclado57:
;I2C_TX.mbas,30 :: 		kp=6 end if'6
0x00A1	0x3006      	MOVLW      6
0x00A2	0x00A3      	MOVWF      _KP
L_I2C_TX_leer_teclado53:
;I2C_TX.mbas,31 :: 		if (portb.3=0)then    'EXPLORO COLUMNA4
0x00A3	0x1986      	BTFSC      PORTB, 3
0x00A4	0x28AA      	GOTO       L_I2C_TX_leer_teclado61
;I2C_TX.mbas,32 :: 		while(portb.3=0) wend
L_I2C_TX_leer_teclado64:
0x00A5	0x1986      	BTFSC      PORTB, 3
0x00A6	0x28A8      	GOTO       L_I2C_TX_leer_teclado65
0x00A7	0x28A5      	GOTO       L_I2C_TX_leer_teclado64
L_I2C_TX_leer_teclado65:
;I2C_TX.mbas,33 :: 		kp=$42 end if'B
0x00A8	0x3042      	MOVLW      66
0x00A9	0x00A3      	MOVWF      _KP
L_I2C_TX_leer_teclado61:
0x00AA	0x28AC      	GOTO       L_I2C_TX_leer_teclado35
;I2C_TX.mbas,34 :: 		else return
L_I2C_TX_leer_teclado34:
0x00AB	0x0008      	RETURN
;I2C_TX.mbas,35 :: 		end if
L_I2C_TX_leer_teclado35:
;I2C_TX.mbas,36 :: 		if(kp=0) then
0x00AC	0x0823      	MOVF       _KP, 0
0x00AD	0x3A00      	XORLW      0
0x00AE	0x1D03      	BTFSS      STATUS, 2
0x00AF	0x28CF      	GOTO       L_I2C_TX_leer_teclado69
;I2C_TX.mbas,37 :: 		portb=%10111111         'EXPLORO FILA 3
0x00B0	0x30BF      	MOVLW      191
0x00B1	0x0086      	MOVWF      PORTB
;I2C_TX.mbas,38 :: 		if(portb.0=0)then      'EXPLORO COLUMNA1
0x00B2	0x1806      	BTFSC      PORTB, 0
0x00B3	0x28B9      	GOTO       L_I2C_TX_leer_teclado72
;I2C_TX.mbas,39 :: 		while(portb.0=0) wend
L_I2C_TX_leer_teclado75:
0x00B4	0x1806      	BTFSC      PORTB, 0
0x00B5	0x28B7      	GOTO       L_I2C_TX_leer_teclado76
0x00B6	0x28B4      	GOTO       L_I2C_TX_leer_teclado75
L_I2C_TX_leer_teclado76:
;I2C_TX.mbas,40 :: 		kp=7 end if'7
0x00B7	0x3007      	MOVLW      7
0x00B8	0x00A3      	MOVWF      _KP
L_I2C_TX_leer_teclado72:
;I2C_TX.mbas,41 :: 		if(portb.1=0)then      'EXPLORO COLUMNA2
0x00B9	0x1886      	BTFSC      PORTB, 1
0x00BA	0x28C0      	GOTO       L_I2C_TX_leer_teclado80
;I2C_TX.mbas,42 :: 		while(portb.1=0) wend
L_I2C_TX_leer_teclado83:
0x00BB	0x1886      	BTFSC      PORTB, 1
0x00BC	0x28BE      	GOTO       L_I2C_TX_leer_teclado84
0x00BD	0x28BB      	GOTO       L_I2C_TX_leer_teclado83
L_I2C_TX_leer_teclado84:
;I2C_TX.mbas,43 :: 		kp=8 end if'8
0x00BE	0x3008      	MOVLW      8
0x00BF	0x00A3      	MOVWF      _KP
L_I2C_TX_leer_teclado80:
;I2C_TX.mbas,44 :: 		if(portb.2=0)then      'EXPLORO COLUMNA3
0x00C0	0x1906      	BTFSC      PORTB, 2
0x00C1	0x28C7      	GOTO       L_I2C_TX_leer_teclado88
;I2C_TX.mbas,45 :: 		while(portb.2=0) wend
L_I2C_TX_leer_teclado91:
0x00C2	0x1906      	BTFSC      PORTB, 2
0x00C3	0x28C5      	GOTO       L_I2C_TX_leer_teclado92
0x00C4	0x28C2      	GOTO       L_I2C_TX_leer_teclado91
L_I2C_TX_leer_teclado92:
;I2C_TX.mbas,46 :: 		kp=9 end if'9
0x00C5	0x3009      	MOVLW      9
0x00C6	0x00A3      	MOVWF      _KP
L_I2C_TX_leer_teclado88:
;I2C_TX.mbas,47 :: 		if (portb.3=0)then     'EXPLORO COLUMNA4
0x00C7	0x1986      	BTFSC      PORTB, 3
0x00C8	0x28CE      	GOTO       L_I2C_TX_leer_teclado96
;I2C_TX.mbas,48 :: 		while(portb.3=0) wend
L_I2C_TX_leer_teclado99:
0x00C9	0x1986      	BTFSC      PORTB, 3
0x00CA	0x28CC      	GOTO       L_I2C_TX_leer_teclado100
0x00CB	0x28C9      	GOTO       L_I2C_TX_leer_teclado99
L_I2C_TX_leer_teclado100:
;I2C_TX.mbas,49 :: 		kp=$43 end if'C
0x00CC	0x3043      	MOVLW      67
0x00CD	0x00A3      	MOVWF      _KP
L_I2C_TX_leer_teclado96:
0x00CE	0x28D0      	GOTO       L_I2C_TX_leer_teclado70
;I2C_TX.mbas,50 :: 		else return
L_I2C_TX_leer_teclado69:
0x00CF	0x0008      	RETURN
;I2C_TX.mbas,51 :: 		end if
L_I2C_TX_leer_teclado70:
;I2C_TX.mbas,52 :: 		if(kp=0)then
0x00D0	0x0823      	MOVF       _KP, 0
0x00D1	0x3A00      	XORLW      0
0x00D2	0x1D03      	BTFSS      STATUS, 2
0x00D3	0x28F3      	GOTO       L_I2C_TX_leer_teclado104
;I2C_TX.mbas,53 :: 		portb=%01111111  'EXPLORO FILA 4
0x00D4	0x307F      	MOVLW      127
0x00D5	0x0086      	MOVWF      PORTB
;I2C_TX.mbas,54 :: 		if(portb.0=0)then      'EXPLORO COLUMNA1
0x00D6	0x1806      	BTFSC      PORTB, 0
0x00D7	0x28DD      	GOTO       L_I2C_TX_leer_teclado107
;I2C_TX.mbas,55 :: 		while(portb.0=0) wend
L_I2C_TX_leer_teclado110:
0x00D8	0x1806      	BTFSC      PORTB, 0
0x00D9	0x28DB      	GOTO       L_I2C_TX_leer_teclado111
0x00DA	0x28D8      	GOTO       L_I2C_TX_leer_teclado110
L_I2C_TX_leer_teclado111:
;I2C_TX.mbas,56 :: 		kp=$23 end if '*
0x00DB	0x3023      	MOVLW      35
0x00DC	0x00A3      	MOVWF      _KP
L_I2C_TX_leer_teclado107:
;I2C_TX.mbas,57 :: 		if(portb.1=0)then      'EXPLORO COLUMNA2
0x00DD	0x1886      	BTFSC      PORTB, 1
0x00DE	0x28E4      	GOTO       L_I2C_TX_leer_teclado115
;I2C_TX.mbas,58 :: 		while(portb.1=0) wend
L_I2C_TX_leer_teclado118:
0x00DF	0x1886      	BTFSC      PORTB, 1
0x00E0	0x28E2      	GOTO       L_I2C_TX_leer_teclado119
0x00E1	0x28DF      	GOTO       L_I2C_TX_leer_teclado118
L_I2C_TX_leer_teclado119:
;I2C_TX.mbas,59 :: 		kp=48 end if'0
0x00E2	0x3030      	MOVLW      48
0x00E3	0x00A3      	MOVWF      _KP
L_I2C_TX_leer_teclado115:
;I2C_TX.mbas,60 :: 		if(portb.2=0)then      'EXPLORO COLUMNA3
0x00E4	0x1906      	BTFSC      PORTB, 2
0x00E5	0x28EB      	GOTO       L_I2C_TX_leer_teclado123
;I2C_TX.mbas,61 :: 		while(portb.2=0) wend
L_I2C_TX_leer_teclado126:
0x00E6	0x1906      	BTFSC      PORTB, 2
0x00E7	0x28E9      	GOTO       L_I2C_TX_leer_teclado127
0x00E8	0x28E6      	GOTO       L_I2C_TX_leer_teclado126
L_I2C_TX_leer_teclado127:
;I2C_TX.mbas,62 :: 		kp=$24 end if'#
0x00E9	0x3024      	MOVLW      36
0x00EA	0x00A3      	MOVWF      _KP
L_I2C_TX_leer_teclado123:
;I2C_TX.mbas,63 :: 		if (portb.3=0)then     'EXPLORO COLUMNA4
0x00EB	0x1986      	BTFSC      PORTB, 3
0x00EC	0x28F2      	GOTO       L_I2C_TX_leer_teclado131
;I2C_TX.mbas,64 :: 		while(portb.3=0) wend
L_I2C_TX_leer_teclado134:
0x00ED	0x1986      	BTFSC      PORTB, 3
0x00EE	0x28F0      	GOTO       L_I2C_TX_leer_teclado135
0x00EF	0x28ED      	GOTO       L_I2C_TX_leer_teclado134
L_I2C_TX_leer_teclado135:
;I2C_TX.mbas,65 :: 		kp=$44 end if'D
0x00F0	0x3044      	MOVLW      68
0x00F1	0x00A3      	MOVWF      _KP
L_I2C_TX_leer_teclado131:
0x00F2	0x28F4      	GOTO       L_I2C_TX_leer_teclado105
;I2C_TX.mbas,66 :: 		else return
L_I2C_TX_leer_teclado104:
0x00F3	0x0008      	RETURN
;I2C_TX.mbas,67 :: 		end if
L_I2C_TX_leer_teclado105:
0x00F4	0x0008      	RETURN
; end of I2C_TX_leer_teclado
_main:
;I2C_TX.mbas,71 :: 		main:
;I2C_TX.mbas,72 :: 		ANSEL  = 0               ' Configure AN pins as digital I/O
0x00F5	0x1683      	BSF        STATUS, 5
0x00F6	0x1703      	BSF        STATUS, 6
0x00F7	0x0188      	CLRF       ANSEL
;I2C_TX.mbas,73 :: 		ANSELH = 0
0x00F8	0x0189      	CLRF       ANSELH
;I2C_TX.mbas,74 :: 		PORTB = 0
0x00F9	0x1283      	BCF        STATUS, 5
0x00FA	0x1303      	BCF        STATUS, 6
0x00FB	0x0186      	CLRF       PORTB
;I2C_TX.mbas,75 :: 		TRISB = 0x0F               ' PORTB<7,6,5,4> salidas  PORTB<3,2,1,0> ENTRADAS
0x00FC	0x300F      	MOVLW      15
0x00FD	0x1683      	BSF        STATUS, 5
0x00FE	0x0086      	MOVWF      TRISB
;I2C_TX.mbas,76 :: 		TRISC=0
0x00FF	0x0187      	CLRF       TRISC
;I2C_TX.mbas,77 :: 		PORTC=0
0x0100	0x1283      	BCF        STATUS, 5
0x0101	0x0187      	CLRF       PORTC
;I2C_TX.mbas,78 :: 		PORTA=0
0x0102	0x0185      	CLRF       PORTA
;I2C_TX.mbas,79 :: 		TRISA=0
0x0103	0x1683      	BSF        STATUS, 5
0x0104	0x0185      	CLRF       TRISA
;I2C_TX.mbas,81 :: 		WPUB = $0F                 'RESISTENCIAS INTERNAR ACTIVADAS
0x0105	0x300F      	MOVLW      15
0x0106	0x0095      	MOVWF      WPUB
;I2C_TX.mbas,82 :: 		Delay_ms(1000)
0x0107	0x300B      	MOVLW      11
0x0108	0x00FB      	MOVWF      R11
0x0109	0x3026      	MOVLW      38
0x010A	0x00FC      	MOVWF      R12
0x010B	0x305D      	MOVLW      93
0x010C	0x00FD      	MOVWF      R13
L__main139:
0x010D	0x0BFD      	DECFSZ     R13, 1
0x010E	0x290D      	GOTO       L__main139
0x010F	0x0BFC      	DECFSZ     R12, 1
0x0110	0x290D      	GOTO       L__main139
0x0111	0x0BFB      	DECFSZ     R11, 1
0x0112	0x290D      	GOTO       L__main139
0x0113	0x0000      	NOP
0x0114	0x0000      	NOP
;I2C_TX.mbas,83 :: 		Delay_ms(1000)
0x0115	0x300B      	MOVLW      11
0x0116	0x00FB      	MOVWF      R11
0x0117	0x3026      	MOVLW      38
0x0118	0x00FC      	MOVWF      R12
0x0119	0x305D      	MOVLW      93
0x011A	0x00FD      	MOVWF      R13
L__main140:
0x011B	0x0BFD      	DECFSZ     R13, 1
0x011C	0x291B      	GOTO       L__main140
0x011D	0x0BFC      	DECFSZ     R12, 1
0x011E	0x291B      	GOTO       L__main140
0x011F	0x0BFB      	DECFSZ     R11, 1
0x0120	0x291B      	GOTO       L__main140
0x0121	0x0000      	NOP
0x0122	0x0000      	NOP
;I2C_TX.mbas,84 :: 		Delay_ms(1000)
0x0123	0x300B      	MOVLW      11
0x0124	0x00FB      	MOVWF      R11
0x0125	0x3026      	MOVLW      38
0x0126	0x00FC      	MOVWF      R12
0x0127	0x305D      	MOVLW      93
0x0128	0x00FD      	MOVWF      R13
L__main141:
0x0129	0x0BFD      	DECFSZ     R13, 1
0x012A	0x2929      	GOTO       L__main141
0x012B	0x0BFC      	DECFSZ     R12, 1
0x012C	0x2929      	GOTO       L__main141
0x012D	0x0BFB      	DECFSZ     R11, 1
0x012E	0x2929      	GOTO       L__main141
0x012F	0x0000      	NOP
0x0130	0x0000      	NOP
;I2C_TX.mbas,86 :: 		while (1)
L__main143:
0x0131	0x1683      	BSF        STATUS, 5
;I2C_TX.mbas,87 :: 		I2C1_Init(100000)        ' initialize I2C communication
0x0132	0x3014      	MOVLW      20
0x0133	0x0093      	MOVWF      SSPADD
0x0134	0x2015      	CALL       _I2C1_Init
;I2C_TX.mbas,88 :: 		I2C1_Start()                      ' issue I2C start signal
0x0135	0x201F      	CALL       _I2C1_Start
;I2C_TX.mbas,92 :: 		Delay_ms(500)
0x0136	0x3006      	MOVLW      6
0x0137	0x00FB      	MOVWF      R11
0x0138	0x3013      	MOVLW      19
0x0139	0x00FC      	MOVWF      R12
0x013A	0x30AD      	MOVLW      173
0x013B	0x00FD      	MOVWF      R13
L__main147:
0x013C	0x0BFD      	DECFSZ     R13, 1
0x013D	0x293C      	GOTO       L__main147
0x013E	0x0BFC      	DECFSZ     R12, 1
0x013F	0x293C      	GOTO       L__main147
0x0140	0x0BFB      	DECFSZ     R11, 1
0x0141	0x293C      	GOTO       L__main147
0x0142	0x0000      	NOP
0x0143	0x0000      	NOP
;I2C_TX.mbas,93 :: 		I2C1_Wr("A")
0x0144	0x3041      	MOVLW      65
0x0145	0x00A4      	MOVWF      FARG_I2C1_Wr_data_
0x0146	0x204D      	CALL       _I2C1_Wr
;I2C_TX.mbas,94 :: 		Delay_ms(500)
0x0147	0x3006      	MOVLW      6
0x0148	0x00FB      	MOVWF      R11
0x0149	0x3013      	MOVLW      19
0x014A	0x00FC      	MOVWF      R12
0x014B	0x30AD      	MOVLW      173
0x014C	0x00FD      	MOVWF      R13
L__main148:
0x014D	0x0BFD      	DECFSZ     R13, 1
0x014E	0x294D      	GOTO       L__main148
0x014F	0x0BFC      	DECFSZ     R12, 1
0x0150	0x294D      	GOTO       L__main148
0x0151	0x0BFB      	DECFSZ     R11, 1
0x0152	0x294D      	GOTO       L__main148
0x0153	0x0000      	NOP
0x0154	0x0000      	NOP
;I2C_TX.mbas,95 :: 		I2C1_Wr("N")                     ' send data (data to be written)
0x0155	0x304E      	MOVLW      78
0x0156	0x1283      	BCF        STATUS, 5
0x0157	0x00A4      	MOVWF      FARG_I2C1_Wr_data_
0x0158	0x204D      	CALL       _I2C1_Wr
;I2C_TX.mbas,96 :: 		Delay_ms(500)
0x0159	0x3006      	MOVLW      6
0x015A	0x00FB      	MOVWF      R11
0x015B	0x3013      	MOVLW      19
0x015C	0x00FC      	MOVWF      R12
0x015D	0x30AD      	MOVLW      173
0x015E	0x00FD      	MOVWF      R13
L__main149:
0x015F	0x0BFD      	DECFSZ     R13, 1
0x0160	0x295F      	GOTO       L__main149
0x0161	0x0BFC      	DECFSZ     R12, 1
0x0162	0x295F      	GOTO       L__main149
0x0163	0x0BFB      	DECFSZ     R11, 1
0x0164	0x295F      	GOTO       L__main149
0x0165	0x0000      	NOP
0x0166	0x0000      	NOP
;I2C_TX.mbas,97 :: 		I2C1_Wr("A")                     ' send data (data to be written)
0x0167	0x3041      	MOVLW      65
0x0168	0x1283      	BCF        STATUS, 5
0x0169	0x00A4      	MOVWF      FARG_I2C1_Wr_data_
0x016A	0x204D      	CALL       _I2C1_Wr
;I2C_TX.mbas,98 :: 		Delay_ms(500)
0x016B	0x3006      	MOVLW      6
0x016C	0x00FB      	MOVWF      R11
0x016D	0x3013      	MOVLW      19
0x016E	0x00FC      	MOVWF      R12
0x016F	0x30AD      	MOVLW      173
0x0170	0x00FD      	MOVWF      R13
L__main150:
0x0171	0x0BFD      	DECFSZ     R13, 1
0x0172	0x2971      	GOTO       L__main150
0x0173	0x0BFC      	DECFSZ     R12, 1
0x0174	0x2971      	GOTO       L__main150
0x0175	0x0BFB      	DECFSZ     R11, 1
0x0176	0x2971      	GOTO       L__main150
0x0177	0x0000      	NOP
0x0178	0x0000      	NOP
;I2C_TX.mbas,99 :: 		I2C1_Wr("L")                     ' send data (data to be written)
0x0179	0x304C      	MOVLW      76
0x017A	0x1283      	BCF        STATUS, 5
0x017B	0x00A4      	MOVWF      FARG_I2C1_Wr_data_
0x017C	0x204D      	CALL       _I2C1_Wr
;I2C_TX.mbas,100 :: 		Delay_ms(500)
0x017D	0x3006      	MOVLW      6
0x017E	0x00FB      	MOVWF      R11
0x017F	0x3013      	MOVLW      19
0x0180	0x00FC      	MOVWF      R12
0x0181	0x30AD      	MOVLW      173
0x0182	0x00FD      	MOVWF      R13
L__main151:
0x0183	0x0BFD      	DECFSZ     R13, 1
0x0184	0x2983      	GOTO       L__main151
0x0185	0x0BFC      	DECFSZ     R12, 1
0x0186	0x2983      	GOTO       L__main151
0x0187	0x0BFB      	DECFSZ     R11, 1
0x0188	0x2983      	GOTO       L__main151
0x0189	0x0000      	NOP
0x018A	0x0000      	NOP
;I2C_TX.mbas,101 :: 		I2C1_Wr("I")                     ' send data (data to be written)
0x018B	0x3049      	MOVLW      73
0x018C	0x1283      	BCF        STATUS, 5
0x018D	0x00A4      	MOVWF      FARG_I2C1_Wr_data_
0x018E	0x204D      	CALL       _I2C1_Wr
;I2C_TX.mbas,102 :: 		Delay_ms(500)
0x018F	0x3006      	MOVLW      6
0x0190	0x00FB      	MOVWF      R11
0x0191	0x3013      	MOVLW      19
0x0192	0x00FC      	MOVWF      R12
0x0193	0x30AD      	MOVLW      173
0x0194	0x00FD      	MOVWF      R13
L__main152:
0x0195	0x0BFD      	DECFSZ     R13, 1
0x0196	0x2995      	GOTO       L__main152
0x0197	0x0BFC      	DECFSZ     R12, 1
0x0198	0x2995      	GOTO       L__main152
0x0199	0x0BFB      	DECFSZ     R11, 1
0x019A	0x2995      	GOTO       L__main152
0x019B	0x0000      	NOP
0x019C	0x0000      	NOP
;I2C_TX.mbas,103 :: 		I2C1_Wr("Z")                     ' send data (data to be written)
0x019D	0x305A      	MOVLW      90
0x019E	0x1283      	BCF        STATUS, 5
0x019F	0x00A4      	MOVWF      FARG_I2C1_Wr_data_
0x01A0	0x204D      	CALL       _I2C1_Wr
;I2C_TX.mbas,104 :: 		Delay_ms(500)
0x01A1	0x3006      	MOVLW      6
0x01A2	0x00FB      	MOVWF      R11
0x01A3	0x3013      	MOVLW      19
0x01A4	0x00FC      	MOVWF      R12
0x01A5	0x30AD      	MOVLW      173
0x01A6	0x00FD      	MOVWF      R13
L__main153:
0x01A7	0x0BFD      	DECFSZ     R13, 1
0x01A8	0x29A7      	GOTO       L__main153
0x01A9	0x0BFC      	DECFSZ     R12, 1
0x01AA	0x29A7      	GOTO       L__main153
0x01AB	0x0BFB      	DECFSZ     R11, 1
0x01AC	0x29A7      	GOTO       L__main153
0x01AD	0x0000      	NOP
0x01AE	0x0000      	NOP
;I2C_TX.mbas,105 :: 		I2C1_Wr("A")                     ' send data (data to be written)
0x01AF	0x3041      	MOVLW      65
0x01B0	0x1283      	BCF        STATUS, 5
0x01B1	0x00A4      	MOVWF      FARG_I2C1_Wr_data_
0x01B2	0x204D      	CALL       _I2C1_Wr
;I2C_TX.mbas,106 :: 		Delay_ms(500)
0x01B3	0x3006      	MOVLW      6
0x01B4	0x00FB      	MOVWF      R11
0x01B5	0x3013      	MOVLW      19
0x01B6	0x00FC      	MOVWF      R12
0x01B7	0x30AD      	MOVLW      173
0x01B8	0x00FD      	MOVWF      R13
L__main154:
0x01B9	0x0BFD      	DECFSZ     R13, 1
0x01BA	0x29B9      	GOTO       L__main154
0x01BB	0x0BFC      	DECFSZ     R12, 1
0x01BC	0x29B9      	GOTO       L__main154
0x01BD	0x0BFB      	DECFSZ     R11, 1
0x01BE	0x29B9      	GOTO       L__main154
0x01BF	0x0000      	NOP
0x01C0	0x0000      	NOP
;I2C_TX.mbas,107 :: 		I2C1_Wr("D")                     ' send data (data to be written)
0x01C1	0x3044      	MOVLW      68
0x01C2	0x1283      	BCF        STATUS, 5
0x01C3	0x00A4      	MOVWF      FARG_I2C1_Wr_data_
0x01C4	0x204D      	CALL       _I2C1_Wr
;I2C_TX.mbas,108 :: 		Delay_ms(500)
0x01C5	0x3006      	MOVLW      6
0x01C6	0x00FB      	MOVWF      R11
0x01C7	0x3013      	MOVLW      19
0x01C8	0x00FC      	MOVWF      R12
0x01C9	0x30AD      	MOVLW      173
0x01CA	0x00FD      	MOVWF      R13
L__main155:
0x01CB	0x0BFD      	DECFSZ     R13, 1
0x01CC	0x29CB      	GOTO       L__main155
0x01CD	0x0BFC      	DECFSZ     R12, 1
0x01CE	0x29CB      	GOTO       L__main155
0x01CF	0x0BFB      	DECFSZ     R11, 1
0x01D0	0x29CB      	GOTO       L__main155
0x01D1	0x0000      	NOP
0x01D2	0x0000      	NOP
;I2C_TX.mbas,109 :: 		I2C1_Wr("O")                     ' send data (data to be written)
0x01D3	0x304F      	MOVLW      79
0x01D4	0x1283      	BCF        STATUS, 5
0x01D5	0x00A4      	MOVWF      FARG_I2C1_Wr_data_
0x01D6	0x204D      	CALL       _I2C1_Wr
;I2C_TX.mbas,110 :: 		Delay_ms(500)
0x01D7	0x3006      	MOVLW      6
0x01D8	0x00FB      	MOVWF      R11
0x01D9	0x3013      	MOVLW      19
0x01DA	0x00FC      	MOVWF      R12
0x01DB	0x30AD      	MOVLW      173
0x01DC	0x00FD      	MOVWF      R13
L__main156:
0x01DD	0x0BFD      	DECFSZ     R13, 1
0x01DE	0x29DD      	GOTO       L__main156
0x01DF	0x0BFC      	DECFSZ     R12, 1
0x01E0	0x29DD      	GOTO       L__main156
0x01E1	0x0BFB      	DECFSZ     R11, 1
0x01E2	0x29DD      	GOTO       L__main156
0x01E3	0x0000      	NOP
0x01E4	0x0000      	NOP
;I2C_TX.mbas,111 :: 		I2C1_Wr("R")                     ' send data (data to be written)
0x01E5	0x3052      	MOVLW      82
0x01E6	0x1283      	BCF        STATUS, 5
0x01E7	0x00A4      	MOVWF      FARG_I2C1_Wr_data_
0x01E8	0x204D      	CALL       _I2C1_Wr
;I2C_TX.mbas,112 :: 		Delay_ms(500)
0x01E9	0x3006      	MOVLW      6
0x01EA	0x00FB      	MOVWF      R11
0x01EB	0x3013      	MOVLW      19
0x01EC	0x00FC      	MOVWF      R12
0x01ED	0x30AD      	MOVLW      173
0x01EE	0x00FD      	MOVWF      R13
L__main157:
0x01EF	0x0BFD      	DECFSZ     R13, 1
0x01F0	0x29EF      	GOTO       L__main157
0x01F1	0x0BFC      	DECFSZ     R12, 1
0x01F2	0x29EF      	GOTO       L__main157
0x01F3	0x0BFB      	DECFSZ     R11, 1
0x01F4	0x29EF      	GOTO       L__main157
0x01F5	0x0000      	NOP
0x01F6	0x0000      	NOP
;I2C_TX.mbas,113 :: 		I2C1_Wr(" ")                     ' send data (data to be written)
0x01F7	0x3020      	MOVLW      32
0x01F8	0x1283      	BCF        STATUS, 5
0x01F9	0x00A4      	MOVWF      FARG_I2C1_Wr_data_
0x01FA	0x204D      	CALL       _I2C1_Wr
;I2C_TX.mbas,114 :: 		Delay_ms(500)
0x01FB	0x3006      	MOVLW      6
0x01FC	0x00FB      	MOVWF      R11
0x01FD	0x3013      	MOVLW      19
0x01FE	0x00FC      	MOVWF      R12
0x01FF	0x30AD      	MOVLW      173
0x0200	0x00FD      	MOVWF      R13
L__main158:
0x0201	0x0BFD      	DECFSZ     R13, 1
0x0202	0x2A01      	GOTO       L__main158
0x0203	0x0BFC      	DECFSZ     R12, 1
0x0204	0x2A01      	GOTO       L__main158
0x0205	0x0BFB      	DECFSZ     R11, 1
0x0206	0x2A01      	GOTO       L__main158
0x0207	0x0000      	NOP
0x0208	0x0000      	NOP
;I2C_TX.mbas,115 :: 		I2C1_Wr("I")                     ' send data (data to be written)
0x0209	0x3049      	MOVLW      73
0x020A	0x1283      	BCF        STATUS, 5
0x020B	0x00A4      	MOVWF      FARG_I2C1_Wr_data_
0x020C	0x204D      	CALL       _I2C1_Wr
;I2C_TX.mbas,116 :: 		Delay_ms(500)
0x020D	0x3006      	MOVLW      6
0x020E	0x00FB      	MOVWF      R11
0x020F	0x3013      	MOVLW      19
0x0210	0x00FC      	MOVWF      R12
0x0211	0x30AD      	MOVLW      173
0x0212	0x00FD      	MOVWF      R13
L__main159:
0x0213	0x0BFD      	DECFSZ     R13, 1
0x0214	0x2A13      	GOTO       L__main159
0x0215	0x0BFC      	DECFSZ     R12, 1
0x0216	0x2A13      	GOTO       L__main159
0x0217	0x0BFB      	DECFSZ     R11, 1
0x0218	0x2A13      	GOTO       L__main159
0x0219	0x0000      	NOP
0x021A	0x0000      	NOP
;I2C_TX.mbas,117 :: 		I2C1_Wr("2")                     ' send data (data to be written)
0x021B	0x3032      	MOVLW      50
0x021C	0x1283      	BCF        STATUS, 5
0x021D	0x00A4      	MOVWF      FARG_I2C1_Wr_data_
0x021E	0x204D      	CALL       _I2C1_Wr
;I2C_TX.mbas,118 :: 		Delay_ms(500)
0x021F	0x3006      	MOVLW      6
0x0220	0x00FB      	MOVWF      R11
0x0221	0x3013      	MOVLW      19
0x0222	0x00FC      	MOVWF      R12
0x0223	0x30AD      	MOVLW      173
0x0224	0x00FD      	MOVWF      R13
L__main160:
0x0225	0x0BFD      	DECFSZ     R13, 1
0x0226	0x2A25      	GOTO       L__main160
0x0227	0x0BFC      	DECFSZ     R12, 1
0x0228	0x2A25      	GOTO       L__main160
0x0229	0x0BFB      	DECFSZ     R11, 1
0x022A	0x2A25      	GOTO       L__main160
0x022B	0x0000      	NOP
0x022C	0x0000      	NOP
;I2C_TX.mbas,119 :: 		I2C1_Wr("C")                     ' send data (data to be written)
0x022D	0x3043      	MOVLW      67
0x022E	0x1283      	BCF        STATUS, 5
0x022F	0x00A4      	MOVWF      FARG_I2C1_Wr_data_
0x0230	0x204D      	CALL       _I2C1_Wr
;I2C_TX.mbas,120 :: 		Delay_ms(500)
0x0231	0x3006      	MOVLW      6
0x0232	0x00FB      	MOVWF      R11
0x0233	0x3013      	MOVLW      19
0x0234	0x00FC      	MOVWF      R12
0x0235	0x30AD      	MOVLW      173
0x0236	0x00FD      	MOVWF      R13
L__main161:
0x0237	0x0BFD      	DECFSZ     R13, 1
0x0238	0x2A37      	GOTO       L__main161
0x0239	0x0BFC      	DECFSZ     R12, 1
0x023A	0x2A37      	GOTO       L__main161
0x023B	0x0BFB      	DECFSZ     R11, 1
0x023C	0x2A37      	GOTO       L__main161
0x023D	0x0000      	NOP
0x023E	0x0000      	NOP
;I2C_TX.mbas,125 :: 		leer_teclado() 'EXPLORO TECLADO
0x023F	0x2067      	CALL       I2C_TX_leer_teclado
;I2C_TX.mbas,126 :: 		if(kp > 0)then  'PREGUNTO SI HE PRESIONADO ALGUNA TECLA
0x0240	0x0823      	MOVF       _KP, 0
0x0241	0x3C00      	SUBLW      0
0x0242	0x1803      	BTFSC      STATUS, 0
0x0243	0x2A46      	GOTO       L__main163
;I2C_TX.mbas,127 :: 		VALOR =kp 'GUARDO EL VALOR DE LA TECLA PRESIONADA PRA VISUALIZAR EN DISPLAY
0x0244	0x0823      	MOVF       _KP, 0
0x0245	0x00A0      	MOVWF      _VALOR
L__main163:
;I2C_TX.mbas,129 :: 		if VALOR=48 then
0x0246	0x0820      	MOVF       _VALOR, 0
0x0247	0x3A30      	XORLW      48
0x0248	0x1D03      	BTFSS      STATUS, 2
0x0249	0x2A5A      	GOTO       L__main166
;I2C_TX.mbas,130 :: 		I2C1_Wr("0")                     ' send data (data to be written)
0x024A	0x3030      	MOVLW      48
0x024B	0x00A4      	MOVWF      FARG_I2C1_Wr_data_
0x024C	0x204D      	CALL       _I2C1_Wr
;I2C_TX.mbas,131 :: 		Delay_ms(100)
0x024D	0x3002      	MOVLW      2
0x024E	0x00FB      	MOVWF      R11
0x024F	0x3004      	MOVLW      4
0x0250	0x00FC      	MOVWF      R12
0x0251	0x30BA      	MOVLW      186
0x0252	0x00FD      	MOVWF      R13
L__main168:
0x0253	0x0BFD      	DECFSZ     R13, 1
0x0254	0x2A53      	GOTO       L__main168
0x0255	0x0BFC      	DECFSZ     R12, 1
0x0256	0x2A53      	GOTO       L__main168
0x0257	0x0BFB      	DECFSZ     R11, 1
0x0258	0x2A53      	GOTO       L__main168
0x0259	0x0000      	NOP
L__main166:
;I2C_TX.mbas,133 :: 		if VALOR=1 then
0x025A	0x1283      	BCF        STATUS, 5
0x025B	0x0820      	MOVF       _VALOR, 0
0x025C	0x3A01      	XORLW      1
0x025D	0x1D03      	BTFSS      STATUS, 2
0x025E	0x2A6F      	GOTO       L__main170
;I2C_TX.mbas,134 :: 		I2C1_Wr("1")                     ' send data (data to be written)
0x025F	0x3031      	MOVLW      49
0x0260	0x00A4      	MOVWF      FARG_I2C1_Wr_data_
0x0261	0x204D      	CALL       _I2C1_Wr
;I2C_TX.mbas,135 :: 		Delay_ms(100)
0x0262	0x3002      	MOVLW      2
0x0263	0x00FB      	MOVWF      R11
0x0264	0x3004      	MOVLW      4
0x0265	0x00FC      	MOVWF      R12
0x0266	0x30BA      	MOVLW      186
0x0267	0x00FD      	MOVWF      R13
L__main172:
0x0268	0x0BFD      	DECFSZ     R13, 1
0x0269	0x2A68      	GOTO       L__main172
0x026A	0x0BFC      	DECFSZ     R12, 1
0x026B	0x2A68      	GOTO       L__main172
0x026C	0x0BFB      	DECFSZ     R11, 1
0x026D	0x2A68      	GOTO       L__main172
0x026E	0x0000      	NOP
L__main170:
;I2C_TX.mbas,137 :: 		if VALOR=2 then
0x026F	0x1283      	BCF        STATUS, 5
0x0270	0x0820      	MOVF       _VALOR, 0
0x0271	0x3A02      	XORLW      2
0x0272	0x1D03      	BTFSS      STATUS, 2
0x0273	0x2A84      	GOTO       L__main174
;I2C_TX.mbas,138 :: 		I2C1_Wr("2")                     ' send data (data to be written)
0x0274	0x3032      	MOVLW      50
0x0275	0x00A4      	MOVWF      FARG_I2C1_Wr_data_
0x0276	0x204D      	CALL       _I2C1_Wr
;I2C_TX.mbas,139 :: 		Delay_ms(100)
0x0277	0x3002      	MOVLW      2
0x0278	0x00FB      	MOVWF      R11
0x0279	0x3004      	MOVLW      4
0x027A	0x00FC      	MOVWF      R12
0x027B	0x30BA      	MOVLW      186
0x027C	0x00FD      	MOVWF      R13
L__main176:
0x027D	0x0BFD      	DECFSZ     R13, 1
0x027E	0x2A7D      	GOTO       L__main176
0x027F	0x0BFC      	DECFSZ     R12, 1
0x0280	0x2A7D      	GOTO       L__main176
0x0281	0x0BFB      	DECFSZ     R11, 1
0x0282	0x2A7D      	GOTO       L__main176
0x0283	0x0000      	NOP
L__main174:
;I2C_TX.mbas,141 :: 		if VALOR=3 then
0x0284	0x1283      	BCF        STATUS, 5
0x0285	0x0820      	MOVF       _VALOR, 0
0x0286	0x3A03      	XORLW      3
0x0287	0x1D03      	BTFSS      STATUS, 2
0x0288	0x2A99      	GOTO       L__main178
;I2C_TX.mbas,142 :: 		I2C1_Wr("3")                     ' send data (data to be written)
0x0289	0x3033      	MOVLW      51
0x028A	0x00A4      	MOVWF      FARG_I2C1_Wr_data_
0x028B	0x204D      	CALL       _I2C1_Wr
;I2C_TX.mbas,143 :: 		Delay_ms(100)
0x028C	0x3002      	MOVLW      2
0x028D	0x00FB      	MOVWF      R11
0x028E	0x3004      	MOVLW      4
0x028F	0x00FC      	MOVWF      R12
0x0290	0x30BA      	MOVLW      186
0x0291	0x00FD      	MOVWF      R13
L__main180:
0x0292	0x0BFD      	DECFSZ     R13, 1
0x0293	0x2A92      	GOTO       L__main180
0x0294	0x0BFC      	DECFSZ     R12, 1
0x0295	0x2A92      	GOTO       L__main180
0x0296	0x0BFB      	DECFSZ     R11, 1
0x0297	0x2A92      	GOTO       L__main180
0x0298	0x0000      	NOP
L__main178:
;I2C_TX.mbas,145 :: 		if VALOR=4 then
0x0299	0x1283      	BCF        STATUS, 5
0x029A	0x0820      	MOVF       _VALOR, 0
0x029B	0x3A04      	XORLW      4
0x029C	0x1D03      	BTFSS      STATUS, 2
0x029D	0x2AAE      	GOTO       L__main182
;I2C_TX.mbas,146 :: 		I2C1_Wr("4")                     ' send data (data to be written)
0x029E	0x3034      	MOVLW      52
0x029F	0x00A4      	MOVWF      FARG_I2C1_Wr_data_
0x02A0	0x204D      	CALL       _I2C1_Wr
;I2C_TX.mbas,147 :: 		Delay_ms(100)
0x02A1	0x3002      	MOVLW      2
0x02A2	0x00FB      	MOVWF      R11
0x02A3	0x3004      	MOVLW      4
0x02A4	0x00FC      	MOVWF      R12
0x02A5	0x30BA      	MOVLW      186
0x02A6	0x00FD      	MOVWF      R13
L__main184:
0x02A7	0x0BFD      	DECFSZ     R13, 1
0x02A8	0x2AA7      	GOTO       L__main184
0x02A9	0x0BFC      	DECFSZ     R12, 1
0x02AA	0x2AA7      	GOTO       L__main184
0x02AB	0x0BFB      	DECFSZ     R11, 1
0x02AC	0x2AA7      	GOTO       L__main184
0x02AD	0x0000      	NOP
L__main182:
;I2C_TX.mbas,149 :: 		if VALOR=5 then
0x02AE	0x1283      	BCF        STATUS, 5
0x02AF	0x0820      	MOVF       _VALOR, 0
0x02B0	0x3A05      	XORLW      5
0x02B1	0x1D03      	BTFSS      STATUS, 2
0x02B2	0x2AC3      	GOTO       L__main186
;I2C_TX.mbas,150 :: 		I2C1_Wr("5")                     ' send data (data to be written)
0x02B3	0x3035      	MOVLW      53
0x02B4	0x00A4      	MOVWF      FARG_I2C1_Wr_data_
0x02B5	0x204D      	CALL       _I2C1_Wr
;I2C_TX.mbas,151 :: 		Delay_ms(100)
0x02B6	0x3002      	MOVLW      2
0x02B7	0x00FB      	MOVWF      R11
0x02B8	0x3004      	MOVLW      4
0x02B9	0x00FC      	MOVWF      R12
0x02BA	0x30BA      	MOVLW      186
0x02BB	0x00FD      	MOVWF      R13
L__main188:
0x02BC	0x0BFD      	DECFSZ     R13, 1
0x02BD	0x2ABC      	GOTO       L__main188
0x02BE	0x0BFC      	DECFSZ     R12, 1
0x02BF	0x2ABC      	GOTO       L__main188
0x02C0	0x0BFB      	DECFSZ     R11, 1
0x02C1	0x2ABC      	GOTO       L__main188
0x02C2	0x0000      	NOP
L__main186:
;I2C_TX.mbas,153 :: 		if VALOR=6 then
0x02C3	0x1283      	BCF        STATUS, 5
0x02C4	0x0820      	MOVF       _VALOR, 0
0x02C5	0x3A06      	XORLW      6
0x02C6	0x1D03      	BTFSS      STATUS, 2
0x02C7	0x2AD8      	GOTO       L__main190
;I2C_TX.mbas,154 :: 		I2C1_Wr("6")                     ' send data (data to be written)
0x02C8	0x3036      	MOVLW      54
0x02C9	0x00A4      	MOVWF      FARG_I2C1_Wr_data_
0x02CA	0x204D      	CALL       _I2C1_Wr
;I2C_TX.mbas,155 :: 		Delay_ms(100)
0x02CB	0x3002      	MOVLW      2
0x02CC	0x00FB      	MOVWF      R11
0x02CD	0x3004      	MOVLW      4
0x02CE	0x00FC      	MOVWF      R12
0x02CF	0x30BA      	MOVLW      186
0x02D0	0x00FD      	MOVWF      R13
L__main192:
0x02D1	0x0BFD      	DECFSZ     R13, 1
0x02D2	0x2AD1      	GOTO       L__main192
0x02D3	0x0BFC      	DECFSZ     R12, 1
0x02D4	0x2AD1      	GOTO       L__main192
0x02D5	0x0BFB      	DECFSZ     R11, 1
0x02D6	0x2AD1      	GOTO       L__main192
0x02D7	0x0000      	NOP
L__main190:
;I2C_TX.mbas,157 :: 		if VALOR=7 then
0x02D8	0x1283      	BCF        STATUS, 5
0x02D9	0x0820      	MOVF       _VALOR, 0
0x02DA	0x3A07      	XORLW      7
0x02DB	0x1D03      	BTFSS      STATUS, 2
0x02DC	0x2AED      	GOTO       L__main194
;I2C_TX.mbas,158 :: 		I2C1_Wr("7")                     ' send data (data to be written)
0x02DD	0x3037      	MOVLW      55
0x02DE	0x00A4      	MOVWF      FARG_I2C1_Wr_data_
0x02DF	0x204D      	CALL       _I2C1_Wr
;I2C_TX.mbas,159 :: 		Delay_ms(100)
0x02E0	0x3002      	MOVLW      2
0x02E1	0x00FB      	MOVWF      R11
0x02E2	0x3004      	MOVLW      4
0x02E3	0x00FC      	MOVWF      R12
0x02E4	0x30BA      	MOVLW      186
0x02E5	0x00FD      	MOVWF      R13
L__main196:
0x02E6	0x0BFD      	DECFSZ     R13, 1
0x02E7	0x2AE6      	GOTO       L__main196
0x02E8	0x0BFC      	DECFSZ     R12, 1
0x02E9	0x2AE6      	GOTO       L__main196
0x02EA	0x0BFB      	DECFSZ     R11, 1
0x02EB	0x2AE6      	GOTO       L__main196
0x02EC	0x0000      	NOP
L__main194:
;I2C_TX.mbas,161 :: 		if VALOR=8 then
0x02ED	0x1283      	BCF        STATUS, 5
0x02EE	0x0820      	MOVF       _VALOR, 0
0x02EF	0x3A08      	XORLW      8
0x02F0	0x1D03      	BTFSS      STATUS, 2
0x02F1	0x2B02      	GOTO       L__main198
;I2C_TX.mbas,162 :: 		I2C1_Wr("8")                     ' send data (data to be written)
0x02F2	0x3038      	MOVLW      56
0x02F3	0x00A4      	MOVWF      FARG_I2C1_Wr_data_
0x02F4	0x204D      	CALL       _I2C1_Wr
;I2C_TX.mbas,163 :: 		Delay_ms(100)
0x02F5	0x3002      	MOVLW      2
0x02F6	0x00FB      	MOVWF      R11
0x02F7	0x3004      	MOVLW      4
0x02F8	0x00FC      	MOVWF      R12
0x02F9	0x30BA      	MOVLW      186
0x02FA	0x00FD      	MOVWF      R13
L__main200:
0x02FB	0x0BFD      	DECFSZ     R13, 1
0x02FC	0x2AFB      	GOTO       L__main200
0x02FD	0x0BFC      	DECFSZ     R12, 1
0x02FE	0x2AFB      	GOTO       L__main200
0x02FF	0x0BFB      	DECFSZ     R11, 1
0x0300	0x2AFB      	GOTO       L__main200
0x0301	0x0000      	NOP
L__main198:
;I2C_TX.mbas,165 :: 		if VALOR=9 then
0x0302	0x1283      	BCF        STATUS, 5
0x0303	0x0820      	MOVF       _VALOR, 0
0x0304	0x3A09      	XORLW      9
0x0305	0x1D03      	BTFSS      STATUS, 2
0x0306	0x2B17      	GOTO       L__main202
;I2C_TX.mbas,166 :: 		I2C1_Wr("9")                     ' send data (data to be written)
0x0307	0x3039      	MOVLW      57
0x0308	0x00A4      	MOVWF      FARG_I2C1_Wr_data_
0x0309	0x204D      	CALL       _I2C1_Wr
;I2C_TX.mbas,167 :: 		Delay_ms(100)
0x030A	0x3002      	MOVLW      2
0x030B	0x00FB      	MOVWF      R11
0x030C	0x3004      	MOVLW      4
0x030D	0x00FC      	MOVWF      R12
0x030E	0x30BA      	MOVLW      186
0x030F	0x00FD      	MOVWF      R13
L__main204:
0x0310	0x0BFD      	DECFSZ     R13, 1
0x0311	0x2B10      	GOTO       L__main204
0x0312	0x0BFC      	DECFSZ     R12, 1
0x0313	0x2B10      	GOTO       L__main204
0x0314	0x0BFB      	DECFSZ     R11, 1
0x0315	0x2B10      	GOTO       L__main204
0x0316	0x0000      	NOP
L__main202:
;I2C_TX.mbas,169 :: 		if VALOR=$41 then
0x0317	0x1283      	BCF        STATUS, 5
0x0318	0x0820      	MOVF       _VALOR, 0
0x0319	0x3A41      	XORLW      65
0x031A	0x1D03      	BTFSS      STATUS, 2
0x031B	0x2B2C      	GOTO       L__main206
;I2C_TX.mbas,170 :: 		I2C1_Wr("A")                     ' send data (data to be written)
0x031C	0x3041      	MOVLW      65
0x031D	0x00A4      	MOVWF      FARG_I2C1_Wr_data_
0x031E	0x204D      	CALL       _I2C1_Wr
;I2C_TX.mbas,171 :: 		Delay_ms(100)
0x031F	0x3002      	MOVLW      2
0x0320	0x00FB      	MOVWF      R11
0x0321	0x3004      	MOVLW      4
0x0322	0x00FC      	MOVWF      R12
0x0323	0x30BA      	MOVLW      186
0x0324	0x00FD      	MOVWF      R13
L__main208:
0x0325	0x0BFD      	DECFSZ     R13, 1
0x0326	0x2B25      	GOTO       L__main208
0x0327	0x0BFC      	DECFSZ     R12, 1
0x0328	0x2B25      	GOTO       L__main208
0x0329	0x0BFB      	DECFSZ     R11, 1
0x032A	0x2B25      	GOTO       L__main208
0x032B	0x0000      	NOP
L__main206:
;I2C_TX.mbas,173 :: 		if VALOR=$42 then
0x032C	0x1283      	BCF        STATUS, 5
0x032D	0x0820      	MOVF       _VALOR, 0
0x032E	0x3A42      	XORLW      66
0x032F	0x1D03      	BTFSS      STATUS, 2
0x0330	0x2B41      	GOTO       L__main210
;I2C_TX.mbas,174 :: 		I2C1_Wr("B")                     ' send data (data to be written)
0x0331	0x3042      	MOVLW      66
0x0332	0x00A4      	MOVWF      FARG_I2C1_Wr_data_
0x0333	0x204D      	CALL       _I2C1_Wr
;I2C_TX.mbas,175 :: 		Delay_ms(100)
0x0334	0x3002      	MOVLW      2
0x0335	0x00FB      	MOVWF      R11
0x0336	0x3004      	MOVLW      4
0x0337	0x00FC      	MOVWF      R12
0x0338	0x30BA      	MOVLW      186
0x0339	0x00FD      	MOVWF      R13
L__main212:
0x033A	0x0BFD      	DECFSZ     R13, 1
0x033B	0x2B3A      	GOTO       L__main212
0x033C	0x0BFC      	DECFSZ     R12, 1
0x033D	0x2B3A      	GOTO       L__main212
0x033E	0x0BFB      	DECFSZ     R11, 1
0x033F	0x2B3A      	GOTO       L__main212
0x0340	0x0000      	NOP
L__main210:
;I2C_TX.mbas,177 :: 		if VALOR=$43 then
0x0341	0x1283      	BCF        STATUS, 5
0x0342	0x0820      	MOVF       _VALOR, 0
0x0343	0x3A43      	XORLW      67
0x0344	0x1D03      	BTFSS      STATUS, 2
0x0345	0x2B56      	GOTO       L__main214
;I2C_TX.mbas,178 :: 		I2C1_Wr("C")                     ' send data (data to be written)
0x0346	0x3043      	MOVLW      67
0x0347	0x00A4      	MOVWF      FARG_I2C1_Wr_data_
0x0348	0x204D      	CALL       _I2C1_Wr
;I2C_TX.mbas,179 :: 		Delay_ms(100)
0x0349	0x3002      	MOVLW      2
0x034A	0x00FB      	MOVWF      R11
0x034B	0x3004      	MOVLW      4
0x034C	0x00FC      	MOVWF      R12
0x034D	0x30BA      	MOVLW      186
0x034E	0x00FD      	MOVWF      R13
L__main216:
0x034F	0x0BFD      	DECFSZ     R13, 1
0x0350	0x2B4F      	GOTO       L__main216
0x0351	0x0BFC      	DECFSZ     R12, 1
0x0352	0x2B4F      	GOTO       L__main216
0x0353	0x0BFB      	DECFSZ     R11, 1
0x0354	0x2B4F      	GOTO       L__main216
0x0355	0x0000      	NOP
L__main214:
;I2C_TX.mbas,181 :: 		if VALOR=$44 then
0x0356	0x1283      	BCF        STATUS, 5
0x0357	0x0820      	MOVF       _VALOR, 0
0x0358	0x3A44      	XORLW      68
0x0359	0x1D03      	BTFSS      STATUS, 2
0x035A	0x2B6B      	GOTO       L__main218
;I2C_TX.mbas,182 :: 		I2C1_Wr("D")                     ' send data (data to be written)
0x035B	0x3044      	MOVLW      68
0x035C	0x00A4      	MOVWF      FARG_I2C1_Wr_data_
0x035D	0x204D      	CALL       _I2C1_Wr
;I2C_TX.mbas,183 :: 		Delay_ms(100)
0x035E	0x3002      	MOVLW      2
0x035F	0x00FB      	MOVWF      R11
0x0360	0x3004      	MOVLW      4
0x0361	0x00FC      	MOVWF      R12
0x0362	0x30BA      	MOVLW      186
0x0363	0x00FD      	MOVWF      R13
L__main220:
0x0364	0x0BFD      	DECFSZ     R13, 1
0x0365	0x2B64      	GOTO       L__main220
0x0366	0x0BFC      	DECFSZ     R12, 1
0x0367	0x2B64      	GOTO       L__main220
0x0368	0x0BFB      	DECFSZ     R11, 1
0x0369	0x2B64      	GOTO       L__main220
0x036A	0x0000      	NOP
L__main218:
;I2C_TX.mbas,185 :: 		if VALOR=$23 then
0x036B	0x1283      	BCF        STATUS, 5
0x036C	0x0820      	MOVF       _VALOR, 0
0x036D	0x3A23      	XORLW      35
0x036E	0x1D03      	BTFSS      STATUS, 2
0x036F	0x2B80      	GOTO       L__main222
;I2C_TX.mbas,186 :: 		I2C1_Wr("*")                     ' send data (data to be written)
0x0370	0x302A      	MOVLW      42
0x0371	0x00A4      	MOVWF      FARG_I2C1_Wr_data_
0x0372	0x204D      	CALL       _I2C1_Wr
;I2C_TX.mbas,187 :: 		Delay_ms(100)
0x0373	0x3002      	MOVLW      2
0x0374	0x00FB      	MOVWF      R11
0x0375	0x3004      	MOVLW      4
0x0376	0x00FC      	MOVWF      R12
0x0377	0x30BA      	MOVLW      186
0x0378	0x00FD      	MOVWF      R13
L__main224:
0x0379	0x0BFD      	DECFSZ     R13, 1
0x037A	0x2B79      	GOTO       L__main224
0x037B	0x0BFC      	DECFSZ     R12, 1
0x037C	0x2B79      	GOTO       L__main224
0x037D	0x0BFB      	DECFSZ     R11, 1
0x037E	0x2B79      	GOTO       L__main224
0x037F	0x0000      	NOP
L__main222:
;I2C_TX.mbas,189 :: 		if VALOR=$24 then
0x0380	0x1283      	BCF        STATUS, 5
0x0381	0x0820      	MOVF       _VALOR, 0
0x0382	0x3A24      	XORLW      36
0x0383	0x1D03      	BTFSS      STATUS, 2
0x0384	0x2B95      	GOTO       L__main226
;I2C_TX.mbas,190 :: 		I2C1_Wr("#")                     ' send data (data to be written)
0x0385	0x3023      	MOVLW      35
0x0386	0x00A4      	MOVWF      FARG_I2C1_Wr_data_
0x0387	0x204D      	CALL       _I2C1_Wr
;I2C_TX.mbas,191 :: 		Delay_ms(100)
0x0388	0x3002      	MOVLW      2
0x0389	0x00FB      	MOVWF      R11
0x038A	0x3004      	MOVLW      4
0x038B	0x00FC      	MOVWF      R12
0x038C	0x30BA      	MOVLW      186
0x038D	0x00FD      	MOVWF      R13
L__main228:
0x038E	0x0BFD      	DECFSZ     R13, 1
0x038F	0x2B8E      	GOTO       L__main228
0x0390	0x0BFC      	DECFSZ     R12, 1
0x0391	0x2B8E      	GOTO       L__main228
0x0392	0x0BFB      	DECFSZ     R11, 1
0x0393	0x2B8E      	GOTO       L__main228
0x0394	0x0000      	NOP
L__main226:
;I2C_TX.mbas,194 :: 		wend
0x0395	0x2931      	GOTO       L__main143
0x0396	0x2B96      	GOTO       $+0
; end of _main
Symbol List:
//** Routines locations **
//ADDRESS    SIZE    PROCEDURE
//----------------------------------------------
0x0003      [18]    _I2C1_Is_Idle
0x0015      [10]    _I2C1_Init
0x001F      [46]    _I2C1_Start
0x004D      [26]    _I2C1_Wr
0x0067     [142]    I2C_TX_leer_teclado
0x00F5     [674]    _main
//** Variables locations ** 
//ADDRESS    SIZE    VARIABLE
//----------------------------------------------
0x0000       [1]    INDF
0x0001       [1]    TMR0
0x0002       [1]    PCL
0x0003       [0]    RP1_bit
0x0003       [0]    RP0_bit
0x0003       [0]    IRP_bit
0x0003       [1]    STATUS
0x0003       [0]    Z_bit
0x0003       [0]    C_bit
0x0003       [0]    DC_bit
0x0003       [0]    NOT_PD_bit
0x0003       [0]    NOT_TO_bit
0x0004       [1]    FSRPTR
0x0004       [1]    FSR
0x0005       [0]    RA2_bit
0x0005       [0]    RA0_bit
0x0005       [1]    PORTA
0x0005       [0]    RA5_bit
0x0005       [0]    RA1_bit
0x0005       [0]    RA4_bit
0x0005       [0]    RA6_bit
0x0005       [0]    RA3_bit
0x0005       [0]    RA7_bit
0x0006       [0]    RB2_bit
0x0006       [0]    RB1_bit
0x0006       [0]    RB5_bit
0x0006       [1]    PORTB
0x0006       [0]    RB7_bit
0x0006       [0]    RB6_bit
0x0006       [0]    RB0_bit
0x0006       [0]    RB4_bit
0x0006       [0]    RB3_bit
0x0007       [0]    RC3_bit
0x0007       [0]    RC4_bit
0x0007       [0]    RC5_bit
0x0007       [1]    PORTC
0x0007       [0]    RC7_bit
0x0007       [0]    RC0_bit
0x0007       [0]    RC1_bit
0x0007       [0]    RC6_bit
0x0007       [0]    RC2_bit
0x0009       [0]    RE3_bit
0x0009       [1]    PORTE
0x000A       [1]    PCLATH
0x000B       [0]    INTE_bit
0x000B       [0]    T0IF_bit
0x000B       [0]    TMR0IF_bit
0x000B       [0]    PEIE_bit
0x000B       [0]    RBIF_bit
0x000B       [0]    RBIE_bit
0x000B       [0]    T0IE_bit
0x000B       [0]    TMR0IE_bit
0x000B       [1]    INTCON
0x000B       [0]    INTF_bit
0x000B       [0]    GIE_bit
0x000C       [1]    PIR1
0x000C       [0]    TXIF_bit
0x000C       [0]    SSPIF_bit
0x000C       [0]    TMR2IF_bit
0x000C       [0]    ADIF_bit
0x000C       [0]    RCIF_bit
0x000C       [0]    CCP1IF_bit
0x000C       [0]    TMR1IF_bit
0x000D       [0]    C1IF_bit
0x000D       [0]    OSFIF_bit
0x000D       [0]    C2IF_bit
0x000D       [0]    ULPWUIF_bit
0x000D       [1]    PIR2
0x000D       [0]    BCLIF_bit
0x000D       [0]    EEIF_bit
0x000D       [0]    CCP2IF_bit
0x000E       [1]    TMR1L
0x000F       [1]    TMR1H
0x0010       [1]    T1CON
0x0010       [0]    T1INSYNC_bit
0x0010       [0]    T1CKPS0_bit
0x0010       [0]    T1OSCEN_bit
0x0010       [0]    TMR1ON_bit
0x0010       [0]    T1GINV_bit
0x0010       [0]    TMR1GE_bit
0x0010       [0]    T1CKPS1_bit
0x0010       [0]    T1SYNC_bit
0x0010       [0]    NOT_T1SYNC_bit
0x0010       [0]    TMR1CS_bit
0x0011       [1]    TMR2
0x0012       [0]    TOUTPS0_bit
0x0012       [0]    T2CKPS0_bit
0x0012       [0]    T2CKPS1_bit
0x0012       [0]    TMR2ON_bit
0x0012       [1]    T2CON
0x0012       [0]    TOUTPS3_bit
0x0012       [0]    TOUTPS1_bit
0x0012       [0]    TOUTPS2_bit
0x0013       [1]    SSPBUF
0x0014       [0]    WCOL_bit
0x0014       [0]    SSPEN_bit
0x0014       [0]    SSPM2_bit
0x0014       [0]    SSPOV_bit
0x0014       [0]    SSPM1_bit
0x0014       [0]    SSPM0_bit
0x0014       [0]    SSPM3_bit
0x0014       [1]    SSPCON
0x0014       [0]    CKP_bit
0x0015       [2]    CCPR1
0x0015       [1]    CCPR1L
0x0016       [1]    CCPR1H
0x0017       [0]    DC1B0_bit
0x0017       [0]    CCP1Y_bit
0x0017       [0]    CCP1M3_bit
0x0017       [1]    CCP1CON
0x0017       [0]    DC1B1_bit
0x0017       [0]    CCP1X_bit
0x0017       [0]    P1M0_bit
0x0017       [0]    CCP1M0_bit
0x0017       [0]    P1M1_bit
0x0017       [0]    CCP1M1_bit
0x0017       [0]    CCP1M2_bit
0x0018       [0]    RCD8_bit
0x0018       [0]    FERR_bit
0x0018       [0]    RX9D_bit
0x0018       [0]    ADDEN_bit
0x0018       [0]    OERR_bit
0x0018       [0]    CREN_bit
0x0018       [0]    SPEN_bit
0x0018       [0]    NOT_RC8_bit
0x0018       [0]    RC9_bit
0x0018       [0]    RX9_bit
0x0018       [1]    RCSTA
0x0018       [0]    SREN_bit
0x0018       [0]    RC8_9_bit
0x0019       [1]    TXREG
0x001A       [1]    RCREG
0x001B       [2]    CCPR2
0x001B       [1]    CCPR2L
0x001C       [1]    CCPR2H
0x001D       [0]    DC2B1_bit
0x001D       [0]    CCP2X_bit
0x001D       [0]    CCP2M3_bit
0x001D       [0]    CCP2M2_bit
0x001D       [1]    CCP2CON
0x001D       [0]    CCP2Y_bit
0x001D       [0]    CCP2M0_bit
0x001D       [0]    DC2B0_bit
0x001D       [0]    CCP2M1_bit
0x001E       [1]    ADRESH
0x001F       [0]    CHS0_bit
0x001F       [0]    GO_bit
0x001F       [0]    NOT_DONE_bit
0x001F       [0]    CHS2_bit
0x001F       [0]    CHS3_bit
0x001F       [0]    CHS1_bit
0x001F       [0]    ADCS1_bit
0x001F       [0]    ADON_bit
0x001F       [0]    ADCS0_bit
0x001F       [1]    ADCON0
0x001F       [0]    GO_DONE_bit
0x0020       [1]    _VALOR
0x0021       [2]    ___DoICPAddr
0x0023       [1]    _KP
0x0024       [1]    FARG_I2C1_Wr_data_
0x0024       [1]    I2C1_Start_local_result
0x0024       [4]    FARG_I2C1_Init_clock
0x0025       [2]    I2C1_Start_j
0x0070       [1]    R0
0x0071       [1]    R1
0x0072       [1]    R2
0x0073       [1]    R3
0x0074       [1]    R4
0x0075       [1]    R5
0x0076       [1]    R6
0x0077       [1]    R7
0x0078       [1]    R8
0x0079       [1]    R9
0x007A       [1]    R10
0x007B       [1]    R11
0x007C       [1]    R12
0x007D       [1]    R13
0x007E       [1]    R14
0x007F       [1]    R15
0x0081       [0]    PS2_bit
0x0081       [0]    PSA_bit
0x0081       [0]    PS0_bit
0x0081       [0]    PS1_bit
0x0081       [0]    T0SE_bit
0x0081       [0]    INTEDG_bit
0x0081       [0]    NOT_RBPU_bit
0x0081       [1]    OPTION_REG
0x0081       [0]    T0CS_bit
0x0085       [0]    TRISA3_bit
0x0085       [0]    TRISA4_bit
0x0085       [0]    TRISA5_bit
0x0085       [0]    TRISA0_bit
0x0085       [0]    TRISA1_bit
0x0085       [0]    TRISA2_bit
0x0085       [1]    TRISA
0x0085       [0]    TRISA7_bit
0x0085       [0]    TRISA6_bit
0x0086       [0]    TRISB3_bit
0x0086       [0]    TRISB4_bit
0x0086       [0]    TRISB2_bit
0x0086       [0]    TRISB1_bit
0x0086       [0]    TRISB0_bit
0x0086       [0]    TRISB5_bit
0x0086       [1]    TRISB
0x0086       [0]    TRISB7_bit
0x0086       [0]    TRISB6_bit
0x0087       [0]    TRISC3_bit
0x0087       [0]    TRISC4_bit
0x0087       [0]    TRISC2_bit
0x0087       [0]    TRISC0_bit
0x0087       [0]    TRISC1_bit
0x0087       [0]    TRISC7_bit
0x0087       [1]    TRISC
0x0087       [0]    TRISC5_bit
0x0087       [0]    TRISC6_bit
0x0089       [0]    TRISE3_bit
0x0089       [1]    TRISE
0x008C       [0]    TMR2IE_bit
0x008C       [0]    TMR1IE_bit
0x008C       [0]    CCP1IE_bit
0x008C       [1]    PIE1
0x008C       [0]    RCIE_bit
0x008C       [0]    ADIE_bit
0x008C       [0]    SSPIE_bit
0x008C       [0]    TXIE_bit
0x008D       [0]    EEIE_bit
0x008D       [0]    BCLIE_bit
0x008D       [0]    CCP2IE_bit
0x008D       [0]    ULPWUIE_bit
0x008D       [0]    C1IE_bit
0x008D       [1]    PIE2
0x008D       [0]    OSFIE_bit
0x008D       [0]    C2IE_bit
0x008E       [0]    NOT_POR_bit
0x008E       [0]    NOT_BO_bit
0x008E       [0]    SBOREN_bit
0x008E       [1]    PCON
0x008E       [0]    ULPWUE_bit
0x008E       [0]    NOT_BOR_bit
0x008F       [0]    LTS_bit
0x008F       [0]    HTS_bit
0x008F       [1]    OSCCON
0x008F       [0]    SCS_bit
0x008F       [0]    IRCF1_bit
0x008F       [0]    IRCF2_bit
0x008F       [0]    OSTS_bit
0x008F       [0]    IRCF0_bit
0x0090       [0]    TUN0_bit
0x0090       [1]    OSCTUNE
0x0090       [0]    TUN1_bit
0x0090       [0]    TUN3_bit
0x0090       [0]    TUN4_bit
0x0090       [0]    TUN2_bit
0x0091       [1]    SSPCON2
0x0091       [0]    GCEN_bit
0x0091       [0]    ACKSTAT_bit
0x0091       [0]    RSEN_bit
0x0091       [0]    PEN_bit
0x0091       [0]    RCEN_bit
0x0091       [0]    SEN_bit
0x0091       [0]    ACKDT_bit
0x0091       [0]    ACKEN_bit
0x0092       [1]    PR2
0x0093       [1]    SSPMSK
0x0093       [1]    SSPADD
0x0093       [1]    MSK
0x0094       [1]    SSPSTAT
0x0094       [0]    R_bit
0x0094       [0]    I2C_READ_bit
0x0094       [0]    S_bit
0x0094       [0]    I2C_START__bit
0x0094       [0]    NOT_W_bit
0x0094       [0]    READ_WRITE_bit
0x0094       [0]    UA_bit
0x0094       [0]    NOT_WRITE_bit
0x0094       [0]    R_W_bit
0x0094       [0]    I2C_STOP__bit
0x0094       [0]    D_bit
0x0094       [0]    I2C_DATA_bit
0x0094       [0]    SMP_bit
0x0094       [0]    CKE_bit
0x0094       [0]    NOT_A_bit
0x0094       [0]    DATA_ADDRESS_bit
0x0094       [0]    P_bit
0x0094       [0]    NOT_ADDRESS_bit
0x0094       [0]    D_A_bit
0x0094       [0]    BF_bit
0x0095       [0]    WPUB1_bit
0x0095       [0]    WPUB2_bit
0x0095       [1]    WPUB
0x0095       [0]    WPUB0_bit
0x0095       [0]    WPUB3_bit
0x0095       [0]    WPUB6_bit
0x0095       [0]    WPUB7_bit
0x0095       [0]    WPUB4_bit
0x0095       [0]    WPUB5_bit
0x0096       [0]    IOCB1_bit
0x0096       [0]    IOCB2_bit
0x0096       [1]    IOCB
0x0096       [0]    IOCB0_bit
0x0096       [0]    IOCB6_bit
0x0096       [0]    IOCB7_bit
0x0096       [0]    IOCB5_bit
0x0096       [0]    IOCB3_bit
0x0096       [0]    IOCB4_bit
0x0097       [1]    VRCON
0x0097       [0]    VR2_bit
0x0097       [0]    VR3_bit
0x0097       [0]    VR0_bit
0x0097       [0]    VR1_bit
0x0097       [0]    VROE_bit
0x0097       [0]    VREN_bit
0x0097       [0]    VRSS_bit
0x0097       [0]    VRR_bit
0x0098       [0]    TRMT_bit
0x0098       [0]    BRGH_bit
0x0098       [0]    SENDB_bit
0x0098       [1]    TXSTA
0x0098       [0]    TXD8_bit
0x0098       [0]    TX9D_bit
0x0098       [0]    NOT_TX8_bit
0x0098       [0]    TX9_bit
0x0098       [0]    CSRC_bit
0x0098       [0]    SYNC_bit
0x0098       [0]    TXEN_bit
0x0098       [0]    TX8_9_bit
0x0099       [0]    BRG1_bit
0x0099       [0]    BRG2_bit
0x0099       [1]    SPBRG
0x0099       [0]    BRG0_bit
0x0099       [0]    BRG6_bit
0x0099       [0]    BRG7_bit
0x0099       [0]    BRG5_bit
0x0099       [0]    BRG3_bit
0x0099       [0]    BRG4_bit
0x009A       [0]    BRG9_bit
0x009A       [0]    BRG8_bit
0x009A       [1]    SPBRGH
0x009A       [0]    BRG10_bit
0x009A       [0]    BRG13_bit
0x009A       [0]    BRG14_bit
0x009A       [0]    BRG15_bit
0x009A       [0]    BRG11_bit
0x009A       [0]    BRG12_bit
0x009B       [0]    PDC1_bit
0x009B       [0]    PDC0_bit
0x009B       [1]    PWM1CON
0x009B       [0]    PDC6_bit
0x009B       [0]    PDC5_bit
0x009B       [0]    PDC4_bit
0x009B       [0]    PRSEN_bit
0x009B       [0]    PDC2_bit
0x009B       [0]    PDC3_bit
0x009C       [1]    ECCPAS
0x009C       [0]    ECCPAS1_bit
0x009C       [0]    PSSBD1_bit
0x009C       [0]    PSSBD0_bit
0x009C       [0]    PSSAC0_bit
0x009C       [0]    ECCPAS0_bit
0x009C       [0]    PSSAC1_bit
0x009C       [0]    ECCPASE_bit
0x009C       [0]    ECCPAS2_bit
0x009D       [1]    PSTRCON
0x009D       [0]    STRA_bit
0x009D       [0]    STRB_bit
0x009D       [0]    STRC_bit
0x009D       [0]    STRSYNC_bit
0x009D       [0]    STRD_bit
0x009E       [1]    ADRESL
0x009F       [0]    VCFG1_bit
0x009F       [0]    VCFG0_bit
0x009F       [0]    ADFM_bit
0x009F       [1]    ADCON1
0x0105       [1]    WDTCON
0x0105       [0]    WDTPS0_bit
0x0105       [0]    SWDTEN_bit
0x0105       [0]    WDTPS3_bit
0x0105       [0]    WDTPS2_bit
0x0105       [0]    WDTPS1_bit
0x0107       [0]    C1OUT_bit
0x0107       [0]    C1ON_bit
0x0107       [0]    C1CH1_bit
0x0107       [0]    C1CH0_bit
0x0107       [1]    CM1CON0
0x0107       [0]    C1OE_bit
0x0107       [0]    C1POL_bit
0x0107       [0]    C1R_bit
0x0108       [0]    C2R_bit
0x0108       [0]    C2CH0_bit
0x0108       [0]    C2CH1_bit
0x0108       [0]    C2OUT_bit
0x0108       [0]    C2ON_bit
0x0108       [0]    C2POL_bit
0x0108       [0]    C2OE_bit
0x0108       [1]    CM2CON0
0x0109       [0]    MC2OUT_bit
0x0109       [0]    MC1OUT_bit
0x0109       [1]    CM2CON1
0x0109       [0]    C1RSEL_bit
0x0109       [0]    C2SYNC_bit
0x0109       [0]    T1GSS_bit
0x0109       [0]    C2RSEL_bit
0x010C       [1]    EEDATA
0x010C       [1]    EEDAT
0x010D       [1]    EEADR
0x010E       [1]    EEDATH
0x010F       [1]    EEADRH
0x0185       [0]    PULSR_bit
0x0185       [0]    FVREN_bit
0x0185       [0]    SR0_bit
0x0185       [0]    C1SEN_bit
0x0185       [0]    C2REN_bit
0x0185       [0]    PULSS_bit
0x0185       [1]    SRCON
0x0185       [0]    SR1_bit
0x0187       [0]    SCKP_bit
0x0187       [0]    RCIDL_bit
0x0187       [0]    BRG16_bit
0x0187       [0]    ABDEN_bit
0x0187       [0]    WUE_bit
0x0187       [1]    BAUDCTL
0x0187       [0]    ABDOVF_bit
0x0188       [0]    ANS3_bit
0x0188       [0]    ANS0_bit
0x0188       [0]    ANS2_bit
0x0188       [0]    ANS1_bit
0x0188       [1]    ANSEL
0x0188       [0]    ANS4_bit
0x0189       [0]    ANS10_bit
0x0189       [0]    ANS11_bit
0x0189       [0]    ANS8_bit
0x0189       [0]    ANS9_bit
0x0189       [1]    ANSELH
0x0189       [0]    ANS13_bit
0x0189       [0]    ANS12_bit
0x018C       [0]    WREN_bit
0x018C       [0]    WR_bit
0x018C       [0]    RD_bit
0x018C       [1]    EECON1
0x018C       [0]    EEPGD_bit
0x018C       [0]    WRERR_bit
0x018D       [1]    EECON2
//** Label List: ** 
//----------------------------------------------
  L_end_I2C_TX_leer_teclado
  L_I2C_TX_leer_teclado1
  L_I2C_TX_leer_teclado2
  L_I2C_TX_leer_teclado3
  L_I2C_TX_leer_teclado4
  L_I2C_TX_leer_teclado5
  L_I2C_TX_leer_teclado6
  L_I2C_TX_leer_teclado7
  L_I2C_TX_leer_teclado8
  L_I2C_TX_leer_teclado9
  L_I2C_TX_leer_teclado10
  L_I2C_TX_leer_teclado11
  L_I2C_TX_leer_teclado12
  L_I2C_TX_leer_teclado13
  L_I2C_TX_leer_teclado14
  L_I2C_TX_leer_teclado15
  L_I2C_TX_leer_teclado16
  L_I2C_TX_leer_teclado17
  L_I2C_TX_leer_teclado18
  L_I2C_TX_leer_teclado19
  L_I2C_TX_leer_teclado20
  L_I2C_TX_leer_teclado21
  L_I2C_TX_leer_teclado22
  L_I2C_TX_leer_teclado23
  L_I2C_TX_leer_teclado24
  L_I2C_TX_leer_teclado25
  L_I2C_TX_leer_teclado26
  L_I2C_TX_leer_teclado27
  L_I2C_TX_leer_teclado28
  L_I2C_TX_leer_teclado29
  L_I2C_TX_leer_teclado30
  L_I2C_TX_leer_teclado31
  L_I2C_TX_leer_teclado32
  L_I2C_TX_leer_teclado33
  L_I2C_TX_leer_teclado34
  L_I2C_TX_leer_teclado35
  L_I2C_TX_leer_teclado36
  L_I2C_TX_leer_teclado37
  L_I2C_TX_leer_teclado38
  L_I2C_TX_leer_teclado39
  L_I2C_TX_leer_teclado40
  L_I2C_TX_leer_teclado41
  L_I2C_TX_leer_teclado42
  L_I2C_TX_leer_teclado43
  L_I2C_TX_leer_teclado44
  L_I2C_TX_leer_teclado45
  L_I2C_TX_leer_teclado46
  L_I2C_TX_leer_teclado47
  L_I2C_TX_leer_teclado48
  L_I2C_TX_leer_teclado49
  L_I2C_TX_leer_teclado50
  L_I2C_TX_leer_teclado51
  L_I2C_TX_leer_teclado52
  L_I2C_TX_leer_teclado53
  L_I2C_TX_leer_teclado54
  L_I2C_TX_leer_teclado55
  L_I2C_TX_leer_teclado56
  L_I2C_TX_leer_teclado57
  L_I2C_TX_leer_teclado58
  L_I2C_TX_leer_teclado59
  L_I2C_TX_leer_teclado60
  L_I2C_TX_leer_teclado61
  L_I2C_TX_leer_teclado62
  L_I2C_TX_leer_teclado63
  L_I2C_TX_leer_teclado64
  L_I2C_TX_leer_teclado65
  L_I2C_TX_leer_teclado66
  L_I2C_TX_leer_teclado67
  L_I2C_TX_leer_teclado68
  L_I2C_TX_leer_teclado69
  L_I2C_TX_leer_teclado70
  L_I2C_TX_leer_teclado71
  L_I2C_TX_leer_teclado72
  L_I2C_TX_leer_teclado73
  L_I2C_TX_leer_teclado74
  L_I2C_TX_leer_teclado75
  L_I2C_TX_leer_teclado76
  L_I2C_TX_leer_teclado77
  L_I2C_TX_leer_teclado78
  L_I2C_TX_leer_teclado79
  L_I2C_TX_leer_teclado80
  L_I2C_TX_leer_teclado81
  L_I2C_TX_leer_teclado82
  L_I2C_TX_leer_teclado83
  L_I2C_TX_leer_teclado84
  L_I2C_TX_leer_teclado85
  L_I2C_TX_leer_teclado86
  L_I2C_TX_leer_teclado87
  L_I2C_TX_leer_teclado88
  L_I2C_TX_leer_teclado89
  L_I2C_TX_leer_teclado90
  L_I2C_TX_leer_teclado91
  L_I2C_TX_leer_teclado92
  L_I2C_TX_leer_teclado93
  L_I2C_TX_leer_teclado94
  L_I2C_TX_leer_teclado95
  L_I2C_TX_leer_teclado96
  L_I2C_TX_leer_teclado97
  L_I2C_TX_leer_teclado98
  L_I2C_TX_leer_teclado99
  L_I2C_TX_leer_teclado100
  L_I2C_TX_leer_teclado101
  L_I2C_TX_leer_teclado102
  L_I2C_TX_leer_teclado103
  L_I2C_TX_leer_teclado104
  L_I2C_TX_leer_teclado105
  L_I2C_TX_leer_teclado106
  L_I2C_TX_leer_teclado107
  L_I2C_TX_leer_teclado108
  L_I2C_TX_leer_teclado109
  L_I2C_TX_leer_teclado110
  L_I2C_TX_leer_teclado111
  L_I2C_TX_leer_teclado112
  L_I2C_TX_leer_teclado113
  L_I2C_TX_leer_teclado114
  L_I2C_TX_leer_teclado115
  L_I2C_TX_leer_teclado116
  L_I2C_TX_leer_teclado117
  L_I2C_TX_leer_teclado118
  L_I2C_TX_leer_teclado119
  L_I2C_TX_leer_teclado120
  L_I2C_TX_leer_teclado121
  L_I2C_TX_leer_teclado122
  L_I2C_TX_leer_teclado123
  L_I2C_TX_leer_teclado124
  L_I2C_TX_leer_teclado125
  L_I2C_TX_leer_teclado126
  L_I2C_TX_leer_teclado127
  L_I2C_TX_leer_teclado128
  L_I2C_TX_leer_teclado129
  L_I2C_TX_leer_teclado130
  L_I2C_TX_leer_teclado131
  L_I2C_TX_leer_teclado132
  L_I2C_TX_leer_teclado133
  L_I2C_TX_leer_teclado134
  L_I2C_TX_leer_teclado135
  L_I2C_TX_leer_teclado136
  L_I2C_TX_leer_teclado137
  L_end__main
  L__main139
  L__main140
  L__main141
  L__main142
  L__main143
  L__main144
  L__main145
  L__main146
  L__main147
  L__main148
  L__main149
  L__main150
  L__main151
  L__main152
  L__main153
  L__main154
  L__main155
  L__main156
  L__main157
  L__main158
  L__main159
  L__main160
  L__main161
  L__main162
  L__main163
  L__main164
  L__main165
  L__main166
  L__main167
  L__main168
  L__main169
  L__main170
  L__main171
  L__main172
  L__main173
  L__main174
  L__main175
  L__main176
  L__main177
  L__main178
  L__main179
  L__main180
  L__main181
  L__main182
  L__main183
  L__main184
  L__main185
  L__main186
  L__main187
  L__main188
  L__main189
  L__main190
  L__main191
  L__main192
  L__main193
  L__main194
  L__main195
  L__main196
  L__main197
  L__main198
  L__main199
  L__main200
  L__main201
  L__main202
  L__main203
  L__main204
  L__main205
  L__main206
  L__main207
  L__main208
  L__main209
  L__main210
  L__main211
  L__main212
  L__main213
  L__main214
  L__main215
  L__main216
  L__main217
  L__main218
  L__main219
  L__main220
  L__main221
  L__main222
  L__main223
  L__main224
  L__main225
  L__main226
  L__main227
  L__main228
  I2C_TX_leer_teclado
  _main
  L_end__I2C1_Init
  L_end__I2C1_Is_Idle
  L__I2C1_Is_Idle2
  L__I2C1_Is_Idle3
  L__I2C1_Is_Idle4
  L__I2C1_Is_Idle5
  L__I2C1_Is_Idle6
  L__I2C1_Is_Idle7
  L_end__I2C1_Start
  L__I2C1_Start9
  L__I2C1_Start10
  L__I2C1_Start11
  L__I2C1_Start12
  L__I2C1_Start13
  L__I2C1_Start14
  L__I2C1_Start15
  L__I2C1_Start16
  L__I2C1_Start17
  L__I2C1_Start18
  L__I2C1_Start19
  L__I2C1_Start20
  L__I2C1_Start21
  L__I2C1_Start22
  L__I2C1_Start23
  L__I2C1_Start24
  L_end__I2C1_Repeated_Start
  L__I2C1_Repeated_Start26
  L__I2C1_Repeated_Start27
  L__I2C1_Repeated_Start28
  L__I2C1_Repeated_Start29
  L__I2C1_Repeated_Start30
  L_end__I2C1_Rd
  L__I2C1_Rd32
  L__I2C1_Rd33
  L__I2C1_Rd34
  L__I2C1_Rd35
  L__I2C1_Rd36
  L__I2C1_Rd37
  L__I2C1_Rd38
  L__I2C1_Rd39
  L__I2C1_Rd40
  L__I2C1_Rd41
  L__I2C1_Rd42
  L__I2C1_Rd43
  L__I2C1_Rd44
  L_end__I2C1_Wr
  L__I2C1_Wr46
  L__I2C1_Wr47
  L__I2C1_Wr48
  L__I2C1_Wr49
  L__I2C1_Wr50
  L__I2C1_Wr51
  L__I2C1_Wr52
  L__I2C1_Wr53
  L__I2C1_Wr54
  L__I2C1_Wr55
  L__I2C1_Wr56
  L__I2C1_Wr57
  L__I2C1_Wr58
  L_end__I2C1_Stop
  _I2C1_Init
  _I2C1_Is_Idle
  _I2C1_Start
  L__I2C1_Start60
  L__I2C1_Start61
  _I2C1_Repeated_Start
  _I2C1_Rd
  _I2C1_Wr
  _I2C1_Stop
