;  LST file generated by mikroListExporter - v.2.0 
; Date/Time: 8/11/2013 12:07:44 AM
;----------------------------------------------

;Address Opcode 	ASM
0x0000	0x2843      	GOTO       67
_UART1_Init:
;__Lib_UART_c67.mpas,33 :: 		
;__Lib_UART_c67.mpas,34 :: 		
0x0003	0x1683      	BSF        STATUS, 5
0x0004	0x1303      	BCF        STATUS, 6
0x0005	0x1698      	BSF        TXSTA, 5
;__Lib_UART_c67.mpas,35 :: 		
0x0006	0x3090      	MOVLW      144
0x0007	0x1283      	BCF        STATUS, 5
0x0008	0x0098      	MOVWF      RCSTA
;__Lib_UART_c67.mpas,36 :: 		
0x0009	0x1683      	BSF        STATUS, 5
0x000A	0x1787      	BSF        TRISC7_bit, 7
;__Lib_UART_c67.mpas,37 :: 		
0x000B	0x1307      	BCF        TRISC6_bit, 6
;__Lib_UART_c67.mpas,38 :: 		
L__UART1_Init2:
0x000C	0x1283      	BCF        STATUS, 5
0x000D	0x1E8C      	BTFSS      PIR1, 5
0x000E	0x2812      	GOTO       L__UART1_Init3
;__Lib_UART_c67.mpas,39 :: 		
0x000F	0x081A      	MOVF       RCREG, 0
0x0010	0x00F0      	MOVWF      R0
0x0011	0x280C      	GOTO       L__UART1_Init2
L__UART1_Init3:
;__Lib_UART_c67.mpas,40 :: 		
0x0012	0x0008      	RETURN
; end of _UART1_Init
_UART1_Data_Ready:
;__Lib_UART_c67.mpas,46 :: 		
;__Lib_UART_c67.mpas,47 :: 		
0x0013	0x3000      	MOVLW      0
0x0014	0x1283      	BCF        STATUS, 5
0x0015	0x1303      	BCF        STATUS, 6
0x0016	0x1A8C      	BTFSC      PIR1, 5
0x0017	0x3001      	MOVLW      1
0x0018	0x00F1      	MOVWF      R1
;__Lib_UART_c67.mpas,48 :: 		
0x0019	0x0871      	MOVF       R1, 0
0x001A	0x00F0      	MOVWF      R0
0x001B	0x0008      	RETURN
; end of _UART1_Data_Ready
_Delay_100ms:
;__Lib_Delays.mbas,68 :: 		sub procedure Delay_100ms()
;__Lib_Delays.mbas,69 :: 		Delay_ms(100)
0x001C	0x3002      	MOVLW      2
0x001D	0x1283      	BCF        STATUS, 5
0x001E	0x1303      	BCF        STATUS, 6
0x001F	0x00FB      	MOVWF      R11
0x0020	0x3004      	MOVLW      4
0x0021	0x00FC      	MOVWF      R12
0x0022	0x30BA      	MOVLW      186
0x0023	0x00FD      	MOVWF      R13
L__Delay_100ms21:
0x0024	0x0BFD      	DECFSZ     R13, 1
0x0025	0x2824      	GOTO       L__Delay_100ms21
0x0026	0x0BFC      	DECFSZ     R12, 1
0x0027	0x2824      	GOTO       L__Delay_100ms21
0x0028	0x0BFB      	DECFSZ     R11, 1
0x0029	0x2824      	GOTO       L__Delay_100ms21
0x002A	0x0000      	NOP
0x002B	0x0008      	RETURN
; end of _Delay_100ms
_UART1_Read:
;__Lib_UART_c67.mpas,54 :: 		
;__Lib_UART_c67.mpas,55 :: 		
0x002C	0x1283      	BCF        STATUS, 5
0x002D	0x1303      	BCF        STATUS, 6
0x002E	0x081A      	MOVF       RCREG, 0
0x002F	0x00F2      	MOVWF      R2
;__Lib_UART_c67.mpas,56 :: 		
0x0030	0x1C98      	BTFSS      RCSTA, 1
0x0031	0x2834      	GOTO       L__UART1_Read9
;__Lib_UART_c67.mpas,58 :: 		
0x0032	0x1218      	BCF        RCSTA, 4
;__Lib_UART_c67.mpas,59 :: 		
0x0033	0x1618      	BSF        RCSTA, 4
;__Lib_UART_c67.mpas,60 :: 		
L__UART1_Read9:
;__Lib_UART_c67.mpas,61 :: 		
0x0034	0x0872      	MOVF       R2, 0
0x0035	0x00F1      	MOVWF      R1
;__Lib_UART_c67.mpas,62 :: 		
0x0036	0x0871      	MOVF       R1, 0
0x0037	0x00F0      	MOVWF      R0
0x0038	0x0008      	RETURN
; end of _UART1_Read
_UART1_Write:
;__Lib_UART_c67.mpas,72 :: 		
;__Lib_UART_c67.mpas,73 :: 		
L__UART1_Write14:
0x0039	0x1683      	BSF        STATUS, 5
0x003A	0x1303      	BCF        STATUS, 6
0x003B	0x1898      	BTFSC      TXSTA, 1
0x003C	0x283F      	GOTO       L__UART1_Write15
0x003D	0x0000      	NOP
0x003E	0x2839      	GOTO       L__UART1_Write14
L__UART1_Write15:
;__Lib_UART_c67.mpas,74 :: 		
0x003F	0x1283      	BCF        STATUS, 5
0x0040	0x0830      	MOVF       FARG_UART1_Write_data_, 0
0x0041	0x0099      	MOVWF      TXREG
;__Lib_UART_c67.mpas,75 :: 		
0x0042	0x0008      	RETURN
; end of _UART1_Write
_main:
;Robot_RadioControlado.mbas,12 :: 		main:
;Robot_RadioControlado.mbas,13 :: 		OSCCON=0x75
0x0043	0x3075      	MOVLW      117
0x0044	0x1683      	BSF        STATUS, 5
0x0045	0x1303      	BCF        STATUS, 6
0x0046	0x008F      	MOVWF      OSCCON
;Robot_RadioControlado.mbas,14 :: 		TRISA=0
0x0047	0x0185      	CLRF       TRISA
;Robot_RadioControlado.mbas,15 :: 		TRISB=0
0x0048	0x0186      	CLRF       TRISB
;Robot_RadioControlado.mbas,16 :: 		TRISC=%10000000
0x0049	0x3080      	MOVLW      128
0x004A	0x0087      	MOVWF      TRISC
;Robot_RadioControlado.mbas,17 :: 		TRISD=0
0x004B	0x0188      	CLRF       TRISD
;Robot_RadioControlado.mbas,18 :: 		ANSEL=0
0x004C	0x1703      	BSF        STATUS, 6
0x004D	0x0188      	CLRF       ANSEL
;Robot_RadioControlado.mbas,19 :: 		ANSELH=0
0x004E	0x0189      	CLRF       ANSELH
;Robot_RadioControlado.mbas,20 :: 		PORTA=0
0x004F	0x1283      	BCF        STATUS, 5
0x0050	0x1303      	BCF        STATUS, 6
0x0051	0x0185      	CLRF       PORTA
;Robot_RadioControlado.mbas,21 :: 		UART1_Init(9600)
0x0052	0x3033      	MOVLW      51
0x0053	0x1683      	BSF        STATUS, 5
0x0054	0x0099      	MOVWF      SPBRG
0x0055	0x1518      	BSF        TXSTA, 2
0x0056	0x2003      	CALL       _UART1_Init
;Robot_RadioControlado.mbas,22 :: 		INDICE=0
0x0057	0x01AC      	CLRF       _INDICE
0x0058	0x01AD      	CLRF       _INDICE+1
;Robot_RadioControlado.mbas,23 :: 		DATO_COMPLETO=0
0x0059	0x01AA      	CLRF       _DATO_COMPLETO
0x005A	0x01AB      	CLRF       _DATO_COMPLETO+1
;Robot_RadioControlado.mbas,25 :: 		WHILE(1)
L__main2:
;Robot_RadioControlado.mbas,26 :: 		DELAY_MS(100)
0x005B	0x3002      	MOVLW      2
0x005C	0x00FB      	MOVWF      R11
0x005D	0x3004      	MOVLW      4
0x005E	0x00FC      	MOVWF      R12
0x005F	0x30BA      	MOVLW      186
0x0060	0x00FD      	MOVWF      R13
L__main6:
0x0061	0x0BFD      	DECFSZ     R13, 1
0x0062	0x2861      	GOTO       L__main6
0x0063	0x0BFC      	DECFSZ     R12, 1
0x0064	0x2861      	GOTO       L__main6
0x0065	0x0BFB      	DECFSZ     R11, 1
0x0066	0x2861      	GOTO       L__main6
0x0067	0x0000      	NOP
;Robot_RadioControlado.mbas,27 :: 		IF(UART1_Data_Ready =1)THEN
0x0068	0x2013      	CALL       _UART1_Data_Ready
0x0069	0x0870      	MOVF       R0, 0
0x006A	0x3A01      	XORLW      1
0x006B	0x1D03      	BTFSS      STATUS, 2
0x006C	0x28E2      	GOTO       L__main8
;Robot_RadioControlado.mbas,28 :: 		RECIBIDO = UART1_Read()
0x006D	0x202C      	CALL       _UART1_Read
0x006E	0x0870      	MOVF       R0, 0
0x006F	0x00AE      	MOVWF      _RECIBIDO
0x0070	0x01AF      	CLRF       _RECIBIDO+1
;Robot_RadioControlado.mbas,30 :: 		CASE 0
0x0071	0x3000      	MOVLW      0
0x0072	0x062D      	XORWF      _INDICE+1, 0
0x0073	0x1D03      	BTFSS      STATUS, 2
0x0074	0x2877      	GOTO       L__main47
0x0075	0x3000      	MOVLW      0
0x0076	0x062C      	XORWF      _INDICE, 0
L__main47:
0x0077	0x1D03      	BTFSS      STATUS, 2
0x0078	0x2888      	GOTO       L__main13
;Robot_RadioControlado.mbas,31 :: 		IF(RECIBIDO=0x24)THEN 'INICIO
0x0079	0x3000      	MOVLW      0
0x007A	0x062F      	XORWF      _RECIBIDO+1, 0
0x007B	0x1D03      	BTFSS      STATUS, 2
0x007C	0x287F      	GOTO       L__main48
0x007D	0x3024      	MOVLW      36
0x007E	0x062E      	XORWF      _RECIBIDO, 0
L__main48:
0x007F	0x1D03      	BTFSS      STATUS, 2
0x0080	0x2885      	GOTO       L__main15
;Robot_RadioControlado.mbas,32 :: 		INDICE=1
0x0081	0x3001      	MOVLW      1
0x0082	0x00AC      	MOVWF      _INDICE
0x0083	0x01AD      	CLRF       _INDICE+1
0x0084	0x2887      	GOTO       L__main16
;Robot_RadioControlado.mbas,33 :: 		ELSE
L__main15:
;Robot_RadioControlado.mbas,34 :: 		INDICE=0
0x0085	0x01AC      	CLRF       _INDICE
0x0086	0x01AD      	CLRF       _INDICE+1
;Robot_RadioControlado.mbas,35 :: 		END IF
L__main16:
0x0087	0x28E2      	GOTO       L__main10
L__main13:
;Robot_RadioControlado.mbas,36 :: 		CASE 1
0x0088	0x3000      	MOVLW      0
0x0089	0x062D      	XORWF      _INDICE+1, 0
0x008A	0x1D03      	BTFSS      STATUS, 2
0x008B	0x288E      	GOTO       L__main49
0x008C	0x3001      	MOVLW      1
0x008D	0x062C      	XORWF      _INDICE, 0
L__main49:
0x008E	0x1D03      	BTFSS      STATUS, 2
0x008F	0x289F      	GOTO       L__main19
;Robot_RadioControlado.mbas,37 :: 		IF(RECIBIDO=7)THEN  'IDENTIFICADOR
0x0090	0x3000      	MOVLW      0
0x0091	0x062F      	XORWF      _RECIBIDO+1, 0
0x0092	0x1D03      	BTFSS      STATUS, 2
0x0093	0x2896      	GOTO       L__main50
0x0094	0x3007      	MOVLW      7
0x0095	0x062E      	XORWF      _RECIBIDO, 0
L__main50:
0x0096	0x1D03      	BTFSS      STATUS, 2
0x0097	0x289C      	GOTO       L__main21
;Robot_RadioControlado.mbas,38 :: 		INDICE=2
0x0098	0x3002      	MOVLW      2
0x0099	0x00AC      	MOVWF      _INDICE
0x009A	0x01AD      	CLRF       _INDICE+1
0x009B	0x289E      	GOTO       L__main22
;Robot_RadioControlado.mbas,39 :: 		ELSE
L__main21:
;Robot_RadioControlado.mbas,40 :: 		INDICE=0
0x009C	0x01AC      	CLRF       _INDICE
0x009D	0x01AD      	CLRF       _INDICE+1
;Robot_RadioControlado.mbas,41 :: 		END IF
L__main22:
0x009E	0x28E2      	GOTO       L__main10
L__main19:
;Robot_RadioControlado.mbas,42 :: 		CASE 2
0x009F	0x3000      	MOVLW      0
0x00A0	0x062D      	XORWF      _INDICE+1, 0
0x00A1	0x1D03      	BTFSS      STATUS, 2
0x00A2	0x28A5      	GOTO       L__main51
0x00A3	0x3002      	MOVLW      2
0x00A4	0x062C      	XORWF      _INDICE, 0
L__main51:
0x00A5	0x1D03      	BTFSS      STATUS, 2
0x00A6	0x28AF      	GOTO       L__main25
;Robot_RadioControlado.mbas,43 :: 		direc1=RECIBIDO      'DATO
0x00A7	0x082E      	MOVF       _RECIBIDO, 0
0x00A8	0x00A8      	MOVWF      _direc1
0x00A9	0x082F      	MOVF       _RECIBIDO+1, 0
0x00AA	0x00A9      	MOVWF      _direc1+1
;Robot_RadioControlado.mbas,44 :: 		INDICE=3
0x00AB	0x3003      	MOVLW      3
0x00AC	0x00AC      	MOVWF      _INDICE
0x00AD	0x01AD      	CLRF       _INDICE+1
0x00AE	0x28E2      	GOTO       L__main10
L__main25:
;Robot_RadioControlado.mbas,45 :: 		CASE 3
0x00AF	0x3000      	MOVLW      0
0x00B0	0x062D      	XORWF      _INDICE+1, 0
0x00B1	0x1D03      	BTFSS      STATUS, 2
0x00B2	0x28B5      	GOTO       L__main52
0x00B3	0x3003      	MOVLW      3
0x00B4	0x062C      	XORWF      _INDICE, 0
L__main52:
0x00B5	0x1D03      	BTFSS      STATUS, 2
0x00B6	0x28BF      	GOTO       L__main28
;Robot_RadioControlado.mbas,46 :: 		VEL1=RECIBIDO
0x00B7	0x082E      	MOVF       _RECIBIDO, 0
0x00B8	0x00A2      	MOVWF      _VEL1
0x00B9	0x082F      	MOVF       _RECIBIDO+1, 0
0x00BA	0x00A3      	MOVWF      _VEL1+1
;Robot_RadioControlado.mbas,47 :: 		INDICE=4
0x00BB	0x3004      	MOVLW      4
0x00BC	0x00AC      	MOVWF      _INDICE
0x00BD	0x01AD      	CLRF       _INDICE+1
0x00BE	0x28E2      	GOTO       L__main10
L__main28:
;Robot_RadioControlado.mbas,48 :: 		CASE 4
0x00BF	0x3000      	MOVLW      0
0x00C0	0x062D      	XORWF      _INDICE+1, 0
0x00C1	0x1D03      	BTFSS      STATUS, 2
0x00C2	0x28C5      	GOTO       L__main53
0x00C3	0x3004      	MOVLW      4
0x00C4	0x062C      	XORWF      _INDICE, 0
L__main53:
0x00C5	0x1D03      	BTFSS      STATUS, 2
0x00C6	0x28CF      	GOTO       L__main31
;Robot_RadioControlado.mbas,49 :: 		Direc2=RECIBIDO      'DATO
0x00C7	0x082E      	MOVF       _RECIBIDO, 0
0x00C8	0x00A0      	MOVWF      _direc2
0x00C9	0x082F      	MOVF       _RECIBIDO+1, 0
0x00CA	0x00A1      	MOVWF      _direc2+1
;Robot_RadioControlado.mbas,50 :: 		INDICE=5
0x00CB	0x3005      	MOVLW      5
0x00CC	0x00AC      	MOVWF      _INDICE
0x00CD	0x01AD      	CLRF       _INDICE+1
0x00CE	0x28E2      	GOTO       L__main10
L__main31:
;Robot_RadioControlado.mbas,51 :: 		CASE 5
0x00CF	0x3000      	MOVLW      0
0x00D0	0x062D      	XORWF      _INDICE+1, 0
0x00D1	0x1D03      	BTFSS      STATUS, 2
0x00D2	0x28D5      	GOTO       L__main54
0x00D3	0x3005      	MOVLW      5
0x00D4	0x062C      	XORWF      _INDICE, 0
L__main54:
0x00D5	0x1D03      	BTFSS      STATUS, 2
0x00D6	0x28E2      	GOTO       L__main34
;Robot_RadioControlado.mbas,52 :: 		VEL2=RECIBIDO      'DATO
0x00D7	0x082E      	MOVF       _RECIBIDO, 0
0x00D8	0x00A4      	MOVWF      _VEL2
0x00D9	0x082F      	MOVF       _RECIBIDO+1, 0
0x00DA	0x00A5      	MOVWF      _VEL2+1
;Robot_RadioControlado.mbas,53 :: 		INDICE=6
0x00DB	0x3006      	MOVLW      6
0x00DC	0x00AC      	MOVWF      _INDICE
0x00DD	0x01AD      	CLRF       _INDICE+1
;Robot_RadioControlado.mbas,54 :: 		DATO_COMPLETO=1
0x00DE	0x3001      	MOVLW      1
0x00DF	0x00AA      	MOVWF      _DATO_COMPLETO
0x00E0	0x01AB      	CLRF       _DATO_COMPLETO+1
0x00E1	0x28E2      	GOTO       L__main10
L__main34:
L__main10:
;Robot_RadioControlado.mbas,55 :: 		END SELECT
L__main8:
;Robot_RadioControlado.mbas,57 :: 		IF(DATO_COMPLETO=1)THEN
0x00E2	0x3000      	MOVLW      0
0x00E3	0x062B      	XORWF      _DATO_COMPLETO+1, 0
0x00E4	0x1D03      	BTFSS      STATUS, 2
0x00E5	0x28E8      	GOTO       L__main55
0x00E6	0x3001      	MOVLW      1
0x00E7	0x062A      	XORWF      _DATO_COMPLETO, 0
L__main55:
0x00E8	0x1D03      	BTFSS      STATUS, 2
0x00E9	0x2944      	GOTO       L__main36
;Robot_RadioControlado.mbas,58 :: 		if((direc1=1) and (direc2=1))then
0x00EA	0x3000      	MOVLW      0
0x00EB	0x0629      	XORWF      _direc1+1, 0
0x00EC	0x1D03      	BTFSS      STATUS, 2
0x00ED	0x28F0      	GOTO       L__main56
0x00EE	0x3001      	MOVLW      1
0x00EF	0x0628      	XORWF      _direc1, 0
L__main56:
0x00F0	0x30FF      	MOVLW      255
0x00F1	0x1D03      	BTFSS      STATUS, 2
0x00F2	0x3000      	MOVLW      0
0x00F3	0x00F1      	MOVWF      R1
0x00F4	0x3000      	MOVLW      0
0x00F5	0x0621      	XORWF      _direc2+1, 0
0x00F6	0x1D03      	BTFSS      STATUS, 2
0x00F7	0x28FA      	GOTO       L__main57
0x00F8	0x3001      	MOVLW      1
0x00F9	0x0620      	XORWF      _direc2, 0
L__main57:
0x00FA	0x30FF      	MOVLW      255
0x00FB	0x1D03      	BTFSS      STATUS, 2
0x00FC	0x3000      	MOVLW      0
0x00FD	0x00F0      	MOVWF      R0
0x00FE	0x0871      	MOVF       R1, 0
0x00FF	0x05F0      	ANDWF      R0, 1
0x0100	0x1903      	BTFSC      STATUS, 2
0x0101	0x2907      	GOTO       L__main39
;Robot_RadioControlado.mbas,59 :: 		UART1_Write(0x31)
0x0102	0x3031      	MOVLW      49
0x0103	0x00B0      	MOVWF      FARG_UART1_Write_data_
0x0104	0x2039      	CALL       _UART1_Write
;Robot_RadioControlado.mbas,60 :: 		Delay_100ms
0x0105	0x201C      	CALL       _Delay_100ms
0x0106	0x2940      	GOTO       L__main40
;Robot_RadioControlado.mbas,61 :: 		else
L__main39:
;Robot_RadioControlado.mbas,62 :: 		if((direc1=1) and (direc2=0))then
0x0107	0x3000      	MOVLW      0
0x0108	0x0629      	XORWF      _direc1+1, 0
0x0109	0x1D03      	BTFSS      STATUS, 2
0x010A	0x290D      	GOTO       L__main58
0x010B	0x3001      	MOVLW      1
0x010C	0x0628      	XORWF      _direc1, 0
L__main58:
0x010D	0x30FF      	MOVLW      255
0x010E	0x1D03      	BTFSS      STATUS, 2
0x010F	0x3000      	MOVLW      0
0x0110	0x00F1      	MOVWF      R1
0x0111	0x3000      	MOVLW      0
0x0112	0x0621      	XORWF      _direc2+1, 0
0x0113	0x1D03      	BTFSS      STATUS, 2
0x0114	0x2917      	GOTO       L__main59
0x0115	0x3000      	MOVLW      0
0x0116	0x0620      	XORWF      _direc2, 0
L__main59:
0x0117	0x30FF      	MOVLW      255
0x0118	0x1D03      	BTFSS      STATUS, 2
0x0119	0x3000      	MOVLW      0
0x011A	0x00F0      	MOVWF      R0
0x011B	0x0871      	MOVF       R1, 0
0x011C	0x05F0      	ANDWF      R0, 1
0x011D	0x1903      	BTFSC      STATUS, 2
0x011E	0x2924      	GOTO       L__main42
;Robot_RadioControlado.mbas,63 :: 		UART1_Write(0x32)
0x011F	0x3032      	MOVLW      50
0x0120	0x00B0      	MOVWF      FARG_UART1_Write_data_
0x0121	0x2039      	CALL       _UART1_Write
;Robot_RadioControlado.mbas,64 :: 		Delay_100ms
0x0122	0x201C      	CALL       _Delay_100ms
0x0123	0x2940      	GOTO       L__main43
;Robot_RadioControlado.mbas,65 :: 		else
L__main42:
;Robot_RadioControlado.mbas,66 :: 		if((direc1=0) and (direc2=1))then
0x0124	0x3000      	MOVLW      0
0x0125	0x0629      	XORWF      _direc1+1, 0
0x0126	0x1D03      	BTFSS      STATUS, 2
0x0127	0x292A      	GOTO       L__main60
0x0128	0x3000      	MOVLW      0
0x0129	0x0628      	XORWF      _direc1, 0
L__main60:
0x012A	0x30FF      	MOVLW      255
0x012B	0x1D03      	BTFSS      STATUS, 2
0x012C	0x3000      	MOVLW      0
0x012D	0x00F1      	MOVWF      R1
0x012E	0x3000      	MOVLW      0
0x012F	0x0621      	XORWF      _direc2+1, 0
0x0130	0x1D03      	BTFSS      STATUS, 2
0x0131	0x2934      	GOTO       L__main61
0x0132	0x3001      	MOVLW      1
0x0133	0x0620      	XORWF      _direc2, 0
L__main61:
0x0134	0x30FF      	MOVLW      255
0x0135	0x1D03      	BTFSS      STATUS, 2
0x0136	0x3000      	MOVLW      0
0x0137	0x00F0      	MOVWF      R0
0x0138	0x0871      	MOVF       R1, 0
0x0139	0x05F0      	ANDWF      R0, 1
0x013A	0x1903      	BTFSC      STATUS, 2
0x013B	0x2940      	GOTO       L__main45
;Robot_RadioControlado.mbas,67 :: 		UART1_Write(0x33)
0x013C	0x3033      	MOVLW      51
0x013D	0x00B0      	MOVWF      FARG_UART1_Write_data_
0x013E	0x2039      	CALL       _UART1_Write
;Robot_RadioControlado.mbas,68 :: 		Delay_100ms
0x013F	0x201C      	CALL       _Delay_100ms
L__main45:
;Robot_RadioControlado.mbas,70 :: 		end if
L__main43:
;Robot_RadioControlado.mbas,71 :: 		end if
L__main40:
;Robot_RadioControlado.mbas,73 :: 		DATO_COMPLETO=0
0x0140	0x01AA      	CLRF       _DATO_COMPLETO
0x0141	0x01AB      	CLRF       _DATO_COMPLETO+1
;Robot_RadioControlado.mbas,74 :: 		INDICE=0
0x0142	0x01AC      	CLRF       _INDICE
0x0143	0x01AD      	CLRF       _INDICE+1
L__main36:
;Robot_RadioControlado.mbas,76 :: 		WEND
0x0144	0x285B      	GOTO       L__main2
0x0145	0x2945      	GOTO       $+0
; end of _main
Symbol List:
//** Routines locations **
//ADDRESS    SIZE    PROCEDURE
//----------------------------------------------
0x0003      [16]    _UART1_Init
0x0013       [9]    _UART1_Data_Ready
0x001C      [16]    _Delay_100ms
0x002C      [13]    _UART1_Read
0x0039      [10]    _UART1_Write
0x0043     [259]    _main
//** Variables locations ** 
//ADDRESS    SIZE    VARIABLE
//----------------------------------------------
0x0000       [1]    INDF
0x0001       [1]    TMR0
0x0002       [1]    PCL
0x0003       [1]    STATUS
0x0003       [0]    NOT_PD_bit
0x0003       [0]    Z_bit
0x0003       [0]    C_bit
0x0003       [0]    DC_bit
0x0003       [0]    NOT_TO_bit
0x0003       [0]    RP1_bit
0x0003       [0]    IRP_bit
0x0003       [0]    RP0_bit
0x0004       [1]    FSRPTR
0x0004       [1]    FSR
0x0005       [0]    RA1_bit
0x0005       [0]    RA2_bit
0x0005       [1]    PORTA
0x0005       [0]    RA0_bit
0x0005       [0]    RA3_bit
0x0005       [0]    RA6_bit
0x0005       [0]    RA7_bit
0x0005       [0]    RA4_bit
0x0005       [0]    RA5_bit
0x0006       [0]    RB1_bit
0x0006       [0]    RB2_bit
0x0006       [1]    PORTB
0x0006       [0]    RB0_bit
0x0006       [0]    RB6_bit
0x0006       [0]    RB7_bit
0x0006       [0]    RB5_bit
0x0006       [0]    RB3_bit
0x0006       [0]    RB4_bit
0x0007       [1]    PORTC
0x0007       [0]    RC3_bit
0x0007       [0]    RC4_bit
0x0007       [0]    RC2_bit
0x0007       [0]    RC0_bit
0x0007       [0]    RC1_bit
0x0007       [0]    RC5_bit
0x0007       [0]    RC7_bit
0x0007       [0]    RC6_bit
0x0008       [0]    RD0_bit
0x0008       [0]    RD5_bit
0x0008       [1]    PORTD
0x0008       [0]    RD4_bit
0x0008       [0]    RD3_bit
0x0008       [0]    RD1_bit
0x0008       [0]    RD2_bit
0x0008       [0]    RD6_bit
0x0008       [0]    RD7_bit
0x0009       [0]    RE2_bit
0x0009       [0]    RE1_bit
0x0009       [0]    RE3_bit
0x0009       [1]    PORTE
0x0009       [0]    RE0_bit
0x000A       [1]    PCLATH
0x000B       [0]    INTF_bit
0x000B       [0]    RBIF_bit
0x000B       [0]    TMR0IF_bit
0x000B       [0]    T0IE_bit
0x000B       [0]    TMR0IE_bit
0x000B       [0]    INTE_bit
0x000B       [1]    INTCON
0x000B       [0]    GIE_bit
0x000B       [0]    PEIE_bit
0x000B       [0]    T0IF_bit
0x000B       [0]    RBIE_bit
0x000C       [0]    RCIF_bit
0x000C       [1]    PIR1
0x000C       [0]    ADIF_bit
0x000C       [0]    SSPIF_bit
0x000C       [0]    CCP1IF_bit
0x000C       [0]    TMR2IF_bit
0x000C       [0]    TMR1IF_bit
0x000C       [0]    TXIF_bit
0x000D       [0]    BCLIF_bit
0x000D       [0]    ULPWUIF_bit
0x000D       [0]    CCP2IF_bit
0x000D       [0]    OSFIF_bit
0x000D       [1]    PIR2
0x000D       [0]    C2IF_bit
0x000D       [0]    EEIF_bit
0x000D       [0]    C1IF_bit
0x000E       [1]    TMR1L
0x000F       [1]    TMR1H
0x0010       [1]    T1CON
0x0010       [0]    T1OSCEN_bit
0x0010       [0]    NOT_T1SYNC_bit
0x0010       [0]    T1INSYNC_bit
0x0010       [0]    TMR1ON_bit
0x0010       [0]    TMR1CS_bit
0x0010       [0]    T1SYNC_bit
0x0010       [0]    T1CKPS1_bit
0x0010       [0]    TMR1GE_bit
0x0010       [0]    T1GINV_bit
0x0010       [0]    T1CKPS0_bit
0x0011       [1]    TMR2
0x0012       [0]    TOUTPS1_bit
0x0012       [0]    TOUTPS3_bit
0x0012       [0]    TOUTPS2_bit
0x0012       [0]    T2CKPS1_bit
0x0012       [0]    T2CKPS0_bit
0x0012       [0]    TOUTPS0_bit
0x0012       [0]    TMR2ON_bit
0x0012       [1]    T2CON
0x0013       [1]    SSPBUF
0x0014       [0]    CKP_bit
0x0014       [0]    SSPEN_bit
0x0014       [0]    SSPM1_bit
0x0014       [0]    SSPM0_bit
0x0014       [0]    SSPM3_bit
0x0014       [0]    SSPM2_bit
0x0014       [0]    SSPOV_bit
0x0014       [1]    SSPCON
0x0014       [0]    WCOL_bit
0x0015       [2]    CCPR1
0x0015       [1]    CCPR1L
0x0016       [1]    CCPR1H
0x0017       [0]    CCP1M3_bit
0x0017       [0]    CCP1Y_bit
0x0017       [0]    CCP1M2_bit
0x0017       [0]    CCP1M0_bit
0x0017       [0]    CCP1M1_bit
0x0017       [0]    DC1B0_bit
0x0017       [0]    P1M1_bit
0x0017       [1]    CCP1CON
0x0017       [0]    P1M0_bit
0x0017       [0]    CCP1X_bit
0x0017       [0]    DC1B1_bit
0x0018       [0]    CREN_bit
0x0018       [1]    RCSTA
0x0018       [0]    RC8_9_bit
0x0018       [0]    SREN_bit
0x0018       [0]    ADDEN_bit
0x0018       [0]    RX9D_bit
0x0018       [0]    RCD8_bit
0x0018       [0]    FERR_bit
0x0018       [0]    OERR_bit
0x0018       [0]    NOT_RC8_bit
0x0018       [0]    RC9_bit
0x0018       [0]    SPEN_bit
0x0018       [0]    RX9_bit
0x0019       [1]    TXREG
0x001A       [1]    RCREG
0x001B       [1]    CCPR2L
0x001B       [2]    CCPR2
0x001C       [1]    CCPR2H
0x001D       [0]    DC2B0_bit
0x001D       [0]    CCP2M3_bit
0x001D       [0]    CCP2M0_bit
0x001D       [0]    CCP2M1_bit
0x001D       [0]    CCP2M2_bit
0x001D       [0]    CCP2Y_bit
0x001D       [1]    CCP2CON
0x001D       [0]    CCP2X_bit
0x001D       [0]    DC2B1_bit
0x001E       [1]    ADRESH
0x001F       [0]    GO_bit
0x001F       [0]    CHS0_bit
0x001F       [0]    NOT_DONE_bit
0x001F       [0]    ADON_bit
0x001F       [0]    GO_DONE_bit
0x001F       [0]    CHS1_bit
0x001F       [0]    ADCS1_bit
0x001F       [1]    ADCON0
0x001F       [0]    ADCS0_bit
0x001F       [0]    CHS2_bit
0x001F       [0]    CHS3_bit
0x0020       [2]    _direc2
0x0022       [2]    _VEL1
0x0024       [2]    _VEL2
0x0026       [2]    ___DoICPAddr
0x0028       [2]    _direc1
0x002A       [2]    _DATO_COMPLETO
0x002C       [2]    _INDICE
0x002E       [2]    _RECIBIDO
0x0030       [1]    FARG_UART1_Write_data_
0x0070       [1]    R0
0x0071       [1]    R1
0x0072       [1]    R2
0x0073       [1]    R3
0x0074       [1]    R4
0x0075       [1]    R5
0x0076       [1]    R6
0x0077       [1]    R7
0x0078       [1]    R8
0x0079       [1]    R9
0x007A       [1]    R10
0x007B       [1]    R11
0x007C       [1]    R12
0x007D       [1]    R13
0x007E       [1]    R14
0x007F       [1]    R15
0x0081       [1]    OPTION_REG
0x0081       [0]    PS2_bit
0x0081       [0]    INTEDG_bit
0x0081       [0]    PSA_bit
0x0081       [0]    NOT_RBPU_bit
0x0081       [0]    PS1_bit
0x0081       [0]    T0CS_bit
0x0081       [0]    T0SE_bit
0x0081       [0]    PS0_bit
0x0085       [1]    TRISA
0x0085       [0]    TRISA7_bit
0x0085       [0]    TRISA6_bit
0x0085       [0]    TRISA4_bit
0x0085       [0]    TRISA2_bit
0x0085       [0]    TRISA3_bit
0x0085       [0]    TRISA1_bit
0x0085       [0]    TRISA5_bit
0x0085       [0]    TRISA0_bit
0x0086       [0]    TRISB2_bit
0x0086       [0]    TRISB1_bit
0x0086       [0]    TRISB3_bit
0x0086       [0]    TRISB7_bit
0x0086       [0]    TRISB5_bit
0x0086       [0]    TRISB4_bit
0x0086       [1]    TRISB
0x0086       [0]    TRISB0_bit
0x0086       [0]    TRISB6_bit
0x0087       [1]    TRISC
0x0087       [0]    TRISC2_bit
0x0087       [0]    TRISC3_bit
0x0087       [0]    TRISC1_bit
0x0087       [0]    TRISC0_bit
0x0087       [0]    TRISC4_bit
0x0087       [0]    TRISC7_bit
0x0087       [0]    TRISC6_bit
0x0087       [0]    TRISC5_bit
0x0088       [1]    TRISD
0x0088       [0]    TRISD0_bit
0x0088       [0]    TRISD6_bit
0x0088       [0]    TRISD3_bit
0x0088       [0]    TRISD5_bit
0x0088       [0]    TRISD4_bit
0x0088       [0]    TRISD1_bit
0x0088       [0]    TRISD7_bit
0x0088       [0]    TRISD2_bit
0x0089       [0]    TRISE1_bit
0x0089       [0]    TRISE0_bit
0x0089       [1]    TRISE
0x0089       [0]    TRISE3_bit
0x0089       [0]    TRISE2_bit
0x008C       [0]    TMR2IE_bit
0x008C       [0]    CCP1IE_bit
0x008C       [1]    PIE1
0x008C       [0]    TMR1IE_bit
0x008C       [0]    RCIE_bit
0x008C       [0]    ADIE_bit
0x008C       [0]    SSPIE_bit
0x008C       [0]    TXIE_bit
0x008D       [0]    ULPWUIE_bit
0x008D       [0]    CCP2IE_bit
0x008D       [1]    PIE2
0x008D       [0]    BCLIE_bit
0x008D       [0]    C2IE_bit
0x008D       [0]    OSFIE_bit
0x008D       [0]    EEIE_bit
0x008D       [0]    C1IE_bit
0x008E       [0]    NOT_POR_bit
0x008E       [0]    NOT_BO_bit
0x008E       [0]    ULPWUE_bit
0x008E       [1]    PCON
0x008E       [0]    NOT_BOR_bit
0x008E       [0]    SBOREN_bit
0x008F       [0]    IRCF0_bit
0x008F       [0]    IRCF2_bit
0x008F       [0]    IRCF1_bit
0x008F       [0]    SCS_bit
0x008F       [1]    OSCCON
0x008F       [0]    HTS_bit
0x008F       [0]    OSTS_bit
0x008F       [0]    LTS_bit
0x0090       [0]    TUN2_bit
0x0090       [0]    TUN3_bit
0x0090       [0]    TUN0_bit
0x0090       [0]    TUN1_bit
0x0090       [0]    TUN4_bit
0x0090       [1]    OSCTUNE
0x0091       [0]    ACKDT_bit
0x0091       [1]    SSPCON2
0x0091       [0]    SEN_bit
0x0091       [0]    GCEN_bit
0x0091       [0]    RCEN_bit
0x0091       [0]    ACKSTAT_bit
0x0091       [0]    ACKEN_bit
0x0091       [0]    RSEN_bit
0x0091       [0]    PEN_bit
0x0092       [1]    PR2
0x0093       [1]    SSPMSK
0x0093       [1]    MSK
0x0093       [1]    SSPADD
0x0094       [0]    CKE_bit
0x0094       [0]    D_bit
0x0094       [0]    I2C_START__bit
0x0094       [0]    S_bit
0x0094       [0]    D_A_bit
0x0094       [0]    NOT_A_bit
0x0094       [0]    I2C_DATA_bit
0x0094       [0]    NOT_W_bit
0x0094       [0]    DATA_ADDRESS_bit
0x0094       [0]    R_bit
0x0094       [0]    I2C_STOP__bit
0x0094       [0]    NOT_ADDRESS_bit
0x0094       [0]    P_bit
0x0094       [0]    READ_WRITE_bit
0x0094       [0]    R_W_bit
0x0094       [0]    UA_bit
0x0094       [0]    I2C_READ_bit
0x0094       [0]    NOT_WRITE_bit
0x0094       [0]    SMP_bit
0x0094       [1]    SSPSTAT
0x0094       [0]    BF_bit
0x0095       [0]    WPUB5_bit
0x0095       [0]    WPUB7_bit
0x0095       [0]    WPUB6_bit
0x0095       [0]    WPUB2_bit
0x0095       [0]    WPUB4_bit
0x0095       [0]    WPUB1_bit
0x0095       [0]    WPUB3_bit
0x0095       [1]    WPUB
0x0095       [0]    WPUB0_bit
0x0096       [0]    IOCB6_bit
0x0096       [0]    IOCB7_bit
0x0096       [0]    IOCB2_bit
0x0096       [1]    IOCB
0x0096       [0]    IOCB0_bit
0x0096       [0]    IOCB1_bit
0x0096       [0]    IOCB4_bit
0x0096       [0]    IOCB5_bit
0x0096       [0]    IOCB3_bit
0x0097       [0]    VROE_bit
0x0097       [0]    VRR_bit
0x0097       [0]    VR0_bit
0x0097       [0]    VREN_bit
0x0097       [1]    VRCON
0x0097       [0]    VR1_bit
0x0097       [0]    VRSS_bit
0x0097       [0]    VR3_bit
0x0097       [0]    VR2_bit
0x0098       [1]    TXSTA
0x0098       [0]    BRGH_bit
0x0098       [0]    SENDB_bit
0x0098       [0]    TRMT_bit
0x0098       [0]    TXD8_bit
0x0098       [0]    TX9D_bit
0x0098       [0]    SYNC_bit
0x0098       [0]    TX9_bit
0x0098       [0]    CSRC_bit
0x0098       [0]    NOT_TX8_bit
0x0098       [0]    TXEN_bit
0x0098       [0]    TX8_9_bit
0x0099       [0]    BRG1_bit
0x0099       [0]    BRG2_bit
0x0099       [1]    SPBRG
0x0099       [0]    BRG0_bit
0x0099       [0]    BRG3_bit
0x0099       [0]    BRG7_bit
0x0099       [0]    BRG6_bit
0x0099       [0]    BRG4_bit
0x0099       [0]    BRG5_bit
0x009A       [0]    BRG12_bit
0x009A       [0]    BRG14_bit
0x009A       [1]    SPBRGH
0x009A       [0]    BRG10_bit
0x009A       [0]    BRG13_bit
0x009A       [0]    BRG9_bit
0x009A       [0]    BRG11_bit
0x009A       [0]    BRG15_bit
0x009A       [0]    BRG8_bit
0x009B       [0]    PDC5_bit
0x009B       [0]    PDC6_bit
0x009B       [0]    PRSEN_bit
0x009B       [0]    PDC2_bit
0x009B       [0]    PDC3_bit
0x009B       [0]    PDC4_bit
0x009B       [0]    PDC1_bit
0x009B       [1]    PWM1CON
0x009B       [0]    PDC0_bit
0x009C       [1]    ECCPAS
0x009C       [0]    ECCPAS0_bit
0x009C       [0]    PSSAC1_bit
0x009C       [0]    PSSAC0_bit
0x009C       [0]    ECCPASE_bit
0x009C       [0]    ECCPAS2_bit
0x009C       [0]    ECCPAS1_bit
0x009C       [0]    PSSBD1_bit
0x009C       [0]    PSSBD0_bit
0x009D       [0]    STRB_bit
0x009D       [0]    STRA_bit
0x009D       [0]    STRC_bit
0x009D       [1]    PSTRCON
0x009D       [0]    STRD_bit
0x009D       [0]    STRSYNC_bit
0x009E       [1]    ADRESL
0x009F       [0]    VCFG0_bit
0x009F       [0]    VCFG1_bit
0x009F       [0]    ADFM_bit
0x009F       [1]    ADCON1
0x0105       [0]    WDTPS1_bit
0x0105       [0]    WDTPS2_bit
0x0105       [0]    WDTPS3_bit
0x0105       [1]    WDTCON
0x0105       [0]    WDTPS0_bit
0x0105       [0]    SWDTEN_bit
0x0107       [0]    C1ON_bit
0x0107       [0]    C1R_bit
0x0107       [0]    C1CH1_bit
0x0107       [0]    C1CH0_bit
0x0107       [0]    C1OUT_bit
0x0107       [0]    C1OE_bit
0x0107       [0]    C1POL_bit
0x0107       [1]    CM1CON0
0x0108       [0]    C2OE_bit
0x0108       [0]    C2OUT_bit
0x0108       [0]    C2ON_bit
0x0108       [0]    C2CH0_bit
0x0108       [0]    C2CH1_bit
0x0108       [0]    C2POL_bit
0x0108       [0]    C2R_bit
0x0108       [1]    CM2CON0
0x0109       [0]    C2RSEL_bit
0x0109       [0]    T1GSS_bit
0x0109       [0]    C1RSEL_bit
0x0109       [0]    MC1OUT_bit
0x0109       [0]    MC2OUT_bit
0x0109       [1]    CM2CON1
0x0109       [0]    C2SYNC_bit
0x010C       [1]    EEDATA
0x010C       [1]    EEDAT
0x010D       [1]    EEADR
0x010E       [1]    EEDATH
0x010F       [1]    EEADRH
0x0185       [0]    PULSR_bit
0x0185       [0]    PULSS_bit
0x0185       [1]    SRCON
0x0185       [0]    FVREN_bit
0x0185       [0]    SR0_bit
0x0185       [0]    SR1_bit
0x0185       [0]    C2REN_bit
0x0185       [0]    C1SEN_bit
0x0187       [0]    BRG16_bit
0x0187       [0]    ABDEN_bit
0x0187       [0]    WUE_bit
0x0187       [1]    BAUDCTL
0x0187       [0]    ABDOVF_bit
0x0187       [0]    SCKP_bit
0x0187       [0]    RCIDL_bit
0x0188       [0]    ANS2_bit
0x0188       [1]    ANSEL
0x0188       [0]    ANS0_bit
0x0188       [0]    ANS1_bit
0x0188       [0]    ANS3_bit
0x0188       [0]    ANS6_bit
0x0188       [0]    ANS5_bit
0x0188       [0]    ANS7_bit
0x0188       [0]    ANS4_bit
0x0189       [0]    ANS11_bit
0x0189       [0]    ANS8_bit
0x0189       [0]    ANS9_bit
0x0189       [0]    ANS10_bit
0x0189       [0]    ANS12_bit
0x0189       [1]    ANSELH
0x0189       [0]    ANS13_bit
0x018C       [0]    WREN_bit
0x018C       [0]    RD_bit
0x018C       [0]    WR_bit
0x018C       [0]    WRERR_bit
0x018C       [1]    EECON1
0x018C       [0]    EEPGD_bit
0x018D       [1]    EECON2
//** Label List: ** 
//----------------------------------------------
  L_end__main
  L__main1
  L__main2
  L__main3
  L__main4
  L__main5
  L__main6
  L__main7
  L__main8
  L__main9
  L__main10
  L__main11
  L__main12
  L__main13
  L__main14
  L__main15
  L__main16
  L__main17
  L__main18
  L__main19
  L__main20
  L__main21
  L__main22
  L__main23
  L__main24
  L__main25
  L__main26
  L__main27
  L__main28
  L__main29
  L__main30
  L__main31
  L__main32
  L__main33
  L__main34
  L__main35
  L__main36
  L__main37
  L__main38
  L__main39
  L__main40
  L__main41
  L__main42
  L__main43
  L__main44
  L__main45
  L__main46
  _main
  L__main47
  L__main48
  L__main49
  L__main50
  L__main51
  L__main52
  L__main53
  L__main54
  L__main55
  L__main56
  L__main57
  L__main58
  L__main59
  L__main60
  L__main61
  L_end__Get_Fosc_kHz
  L_end__Delay_1us
  L_end__Delay_10us
  L__Delay_10us3
  L_end__Delay_22us
  L__Delay_22us5
  L_end__Delay_50us
  L__Delay_50us7
  L_end__Delay_80us
  L__Delay_80us9
  L_end__Delay_500us
  L__Delay_500us11
  L_end__Delay_5500us
  L__Delay_5500us13
  L_end__Delay_5ms
  L__Delay_5ms15
  L_end__Delay_8ms
  L__Delay_8ms17
  L_end__Delay_10ms
  L__Delay_10ms19
  L_end__Delay_100ms
  L__Delay_100ms21
  L_end__Delay_1sec
  L__Delay_1sec23
  L_end__Delay_Cyc
  L__Delay_Cyc25
  L__Delay_Cyc26
  L__Delay_Cyc27
  L__Delay_Cyc28
  L__Delay_Cyc29
  L_end__VDelay_ms
  L__VDelay_ms31
  L__VDelay_ms32
  L__VDelay_ms33
  L__VDelay_ms34
  L__VDelay_ms35
  L__VDelay_ms36
  L__VDelay_ms37
  L__VDelay_ms38
  L_end__VDelay_Advanced_ms
  L__VDelay_Advanced_ms40
  L__VDelay_Advanced_ms41
  L__VDelay_Advanced_ms42
  L__VDelay_Advanced_ms43
  L__VDelay_Advanced_ms44
  L__VDelay_Advanced_ms45
  L__VDelay_Advanced_ms46
  L__VDelay_Advanced_ms47
  _Get_Fosc_kHz
  _Delay_1us
  _Delay_10us
  _Delay_22us
  _Delay_50us
  _Delay_80us
  _Delay_500us
  _Delay_5500us
  _Delay_5ms
  _Delay_8ms
  _Delay_10ms
  _Delay_100ms
  _Delay_1sec
  _Delay_Cyc
  _VDelay_ms
  L__VDelay_ms48
  L__VDelay_ms49
  L__VDelay_ms50
  L__VDelay_ms51
  _VDelay_Advanced_ms
  L__VDelay_Advanced_ms52
  L__VDelay_Advanced_ms53
  L__VDelay_Advanced_ms54
  L__VDelay_Advanced_ms55
  L_end__UART1_Init
  L__UART1_Init1
  L__UART1_Init2
  L__UART1_Init3
  L__UART1_Init4
  L__UART1_Init5
  L_end__UART1_Data_Ready
  L_end__UART1_Read
  L__UART1_Read8
  L__UART1_Read9
  L__UART1_Read10
  L_end__UART1_TX_Idle
  L_end__UART1_Write
  L__UART1_Write13
  L__UART1_Write14
  L__UART1_Write15
  L__UART1_Write16
  L__UART1_Write17
  L_end__UART1_Write_Text
  L__UART1_Write_Text19
  L__UART1_Write_Text20
  L__UART1_Write_Text21
  L__UART1_Write_Text22
  L__UART1_Write_Text23
  L_end__UART1_Read_Text
  L__UART1_Read_Text25
  L__UART1_Read_Text26
  L__UART1_Read_Text27
  L__UART1_Read_Text28
  L__UART1_Read_Text29
  L__UART1_Read_Text30
  L__UART1_Read_Text31
  L__UART1_Read_Text32
  L__UART1_Read_Text33
  L__UART1_Read_Text34
  L__UART1_Read_Text35
  L__UART1_Read_Text36
  L__UART1_Read_Text37
  L__UART1_Read_Text38
  L__UART1_Read_Text39
  L__UART1_Read_Text40
  L__UART1_Read_Text41
  L__UART1_Read_Text42
  L__UART1_Read_Text43
  L__UART1_Read_Text44
  L__UART1_Read_Text45
  L__UART1_Read_Text46
  _UART1_Init
  _UART1_Data_Ready
  _UART1_Read
  _UART1_TX_Idle
  _UART1_Write
  _UART1_Write_Text
  _UART1_Read_Text
