;  LST file generated by mikroListExporter - v.2.0 
; Date/Time: 8/28/2013 8:20:17 PM
;----------------------------------------------

;Address Opcode 	ASM
0x0000	0x28DB      	GOTO       219
Led_Android_interrupt:
0x0004	0x00FF      	MOVWF      R15
0x0005	0x0E03      	SWAPF      STATUS, 0
0x0006	0x0183      	CLRF       STATUS
0x0007	0x00A1      	MOVWF      ___saveSTATUS
0x0008	0x080A      	MOVF       PCLATH, 0
0x0009	0x00A3      	MOVWF      ___savePCLATH
0x000A	0x018A      	CLRF       PCLATH
0x000B	0x0870      	MOVF       R0, 0
0x000C	0x00A0      	MOVWF      32
;Led_Android.mbas,6 :: 		sub procedure interrupt
;Led_Android.mbas,10 :: 		if (PIR1.RCIF=1) then
0x000D	0x1E8C      	BTFSS      PIR1, 5
0x000E	0x2813      	GOTO       L_Led_Android_interrupt2
;Led_Android.mbas,11 :: 		PIR1.RCIF=0
0x000F	0x128C      	BCF        PIR1, 5
;Led_Android.mbas,12 :: 		dato_recep = UART1_Read()
0x0010	0x20CE      	CALL       _UART1_Read
0x0011	0x0870      	MOVF       R0, 0
0x0012	0x00A2      	MOVWF      _dato_recep
L_Led_Android_interrupt2:
;Led_Android.mbas,14 :: 		INTCON=0XF0
0x0013	0x30F0      	MOVLW      240
0x0014	0x008B      	MOVWF      INTCON
;Led_Android.mbas,15 :: 		PIE1.RCIE=1
0x0015	0x1683      	BSF        STATUS, 5
0x0016	0x168C      	BSF        PIE1, 5
;Led_Android.mbas,16 :: 		PIR1.RCIF=0
0x0017	0x1283      	BCF        STATUS, 5
0x0018	0x128C      	BCF        PIR1, 5
L_Led_Android_interrupt113:
0x0019	0x0820      	MOVF       32, 0
0x001A	0x00F0      	MOVWF      R0
0x001B	0x0823      	MOVF       ___savePCLATH, 0
0x001C	0x008A      	MOVWF      PCLATH
0x001D	0x0E21      	SWAPF      ___saveSTATUS, 0
0x001E	0x0083      	MOVWF      STATUS
0x001F	0x0EFF      	SWAPF      R15, 1
0x0020	0x0E7F      	SWAPF      R15, 0
0x0021	0x0009      	RETFIE
; end of Led_Android_interrupt
Led_Android_letra_m:
;Led_Android.mbas,27 :: 		sub procedure letra_m ()
;Led_Android.mbas,28 :: 		PORTD= %11111111
0x0022	0x30FF      	MOVLW      255
0x0023	0x1283      	BCF        STATUS, 5
0x0024	0x1303      	BCF        STATUS, 6
0x0025	0x0088      	MOVWF      PORTD
;Led_Android.mbas,29 :: 		Delay_ms(1)
0x0026	0x3003      	MOVLW      3
0x0027	0x00FC      	MOVWF      R12
0x0028	0x3097      	MOVLW      151
0x0029	0x00FD      	MOVWF      R13
L_Led_Android_letra_m9:
0x002A	0x0BFD      	DECFSZ     R13, 1
0x002B	0x282A      	GOTO       L_Led_Android_letra_m9
0x002C	0x0BFC      	DECFSZ     R12, 1
0x002D	0x282A      	GOTO       L_Led_Android_letra_m9
0x002E	0x0000      	NOP
0x002F	0x0000      	NOP
;Led_Android.mbas,30 :: 		PORTD= %01100000
0x0030	0x3060      	MOVLW      96
0x0031	0x0088      	MOVWF      PORTD
;Led_Android.mbas,31 :: 		Delay_ms(1)
0x0032	0x3003      	MOVLW      3
0x0033	0x00FC      	MOVWF      R12
0x0034	0x3097      	MOVLW      151
0x0035	0x00FD      	MOVWF      R13
L_Led_Android_letra_m10:
0x0036	0x0BFD      	DECFSZ     R13, 1
0x0037	0x2836      	GOTO       L_Led_Android_letra_m10
0x0038	0x0BFC      	DECFSZ     R12, 1
0x0039	0x2836      	GOTO       L_Led_Android_letra_m10
0x003A	0x0000      	NOP
0x003B	0x0000      	NOP
;Led_Android.mbas,32 :: 		PORTD= %11111111
0x003C	0x30FF      	MOVLW      255
0x003D	0x0088      	MOVWF      PORTD
;Led_Android.mbas,33 :: 		Delay_ms(1)
0x003E	0x3003      	MOVLW      3
0x003F	0x00FC      	MOVWF      R12
0x0040	0x3097      	MOVLW      151
0x0041	0x00FD      	MOVWF      R13
L_Led_Android_letra_m11:
0x0042	0x0BFD      	DECFSZ     R13, 1
0x0043	0x2842      	GOTO       L_Led_Android_letra_m11
0x0044	0x0BFC      	DECFSZ     R12, 1
0x0045	0x2842      	GOTO       L_Led_Android_letra_m11
0x0046	0x0000      	NOP
0x0047	0x0000      	NOP
0x0048	0x0008      	RETURN
; end of Led_Android_letra_m
_UART1_Init:
;__Lib_UART_c67.mpas,33 :: 		
;__Lib_UART_c67.mpas,34 :: 		
0x0049	0x1683      	BSF        STATUS, 5
0x004A	0x1303      	BCF        STATUS, 6
0x004B	0x1698      	BSF        TXSTA, 5
;__Lib_UART_c67.mpas,35 :: 		
0x004C	0x3090      	MOVLW      144
0x004D	0x1283      	BCF        STATUS, 5
0x004E	0x0098      	MOVWF      RCSTA
;__Lib_UART_c67.mpas,36 :: 		
0x004F	0x1683      	BSF        STATUS, 5
0x0050	0x1787      	BSF        TRISC7_bit, 7
;__Lib_UART_c67.mpas,37 :: 		
0x0051	0x1307      	BCF        TRISC6_bit, 6
;__Lib_UART_c67.mpas,38 :: 		
L__UART1_Init2:
0x0052	0x1283      	BCF        STATUS, 5
0x0053	0x1E8C      	BTFSS      PIR1, 5
0x0054	0x2858      	GOTO       L__UART1_Init3
;__Lib_UART_c67.mpas,39 :: 		
0x0055	0x081A      	MOVF       RCREG, 0
0x0056	0x00F0      	MOVWF      R0
0x0057	0x2852      	GOTO       L__UART1_Init2
L__UART1_Init3:
;__Lib_UART_c67.mpas,40 :: 		
0x0058	0x0008      	RETURN
; end of _UART1_Init
Led_Android_letra_e:
;Led_Android.mbas,19 :: 		sub procedure letra_e ()
;Led_Android.mbas,20 :: 		PORTD= %11111111
0x0059	0x30FF      	MOVLW      255
0x005A	0x1283      	BCF        STATUS, 5
0x005B	0x1303      	BCF        STATUS, 6
0x005C	0x0088      	MOVWF      PORTD
;Led_Android.mbas,21 :: 		Delay_ms(1)
0x005D	0x3003      	MOVLW      3
0x005E	0x00FC      	MOVWF      R12
0x005F	0x3097      	MOVLW      151
0x0060	0x00FD      	MOVWF      R13
L_Led_Android_letra_e5:
0x0061	0x0BFD      	DECFSZ     R13, 1
0x0062	0x2861      	GOTO       L_Led_Android_letra_e5
0x0063	0x0BFC      	DECFSZ     R12, 1
0x0064	0x2861      	GOTO       L_Led_Android_letra_e5
0x0065	0x0000      	NOP
0x0066	0x0000      	NOP
;Led_Android.mbas,22 :: 		PORTD= %10011001
0x0067	0x3099      	MOVLW      153
0x0068	0x0088      	MOVWF      PORTD
;Led_Android.mbas,23 :: 		Delay_ms(1)
0x0069	0x3003      	MOVLW      3
0x006A	0x00FC      	MOVWF      R12
0x006B	0x3097      	MOVLW      151
0x006C	0x00FD      	MOVWF      R13
L_Led_Android_letra_e6:
0x006D	0x0BFD      	DECFSZ     R13, 1
0x006E	0x286D      	GOTO       L_Led_Android_letra_e6
0x006F	0x0BFC      	DECFSZ     R12, 1
0x0070	0x286D      	GOTO       L_Led_Android_letra_e6
0x0071	0x0000      	NOP
0x0072	0x0000      	NOP
;Led_Android.mbas,24 :: 		PORTD= %10000001
0x0073	0x3081      	MOVLW      129
0x0074	0x0088      	MOVWF      PORTD
;Led_Android.mbas,25 :: 		Delay_ms(1)
0x0075	0x3003      	MOVLW      3
0x0076	0x00FC      	MOVWF      R12
0x0077	0x3097      	MOVLW      151
0x0078	0x00FD      	MOVWF      R13
L_Led_Android_letra_e7:
0x0079	0x0BFD      	DECFSZ     R13, 1
0x007A	0x2879      	GOTO       L_Led_Android_letra_e7
0x007B	0x0BFC      	DECFSZ     R12, 1
0x007C	0x2879      	GOTO       L_Led_Android_letra_e7
0x007D	0x0000      	NOP
0x007E	0x0000      	NOP
0x007F	0x0008      	RETURN
; end of Led_Android_letra_e
Led_Android_letra_l:
;Led_Android.mbas,35 :: 		sub procedure letra_l ()
;Led_Android.mbas,36 :: 		PORTD= %11111111
0x0080	0x30FF      	MOVLW      255
0x0081	0x1283      	BCF        STATUS, 5
0x0082	0x1303      	BCF        STATUS, 6
0x0083	0x0088      	MOVWF      PORTD
;Led_Android.mbas,37 :: 		Delay_ms(1)
0x0084	0x3003      	MOVLW      3
0x0085	0x00FC      	MOVWF      R12
0x0086	0x3097      	MOVLW      151
0x0087	0x00FD      	MOVWF      R13
L_Led_Android_letra_l13:
0x0088	0x0BFD      	DECFSZ     R13, 1
0x0089	0x2888      	GOTO       L_Led_Android_letra_l13
0x008A	0x0BFC      	DECFSZ     R12, 1
0x008B	0x2888      	GOTO       L_Led_Android_letra_l13
0x008C	0x0000      	NOP
0x008D	0x0000      	NOP
;Led_Android.mbas,38 :: 		PORTD= %00000011
0x008E	0x3003      	MOVLW      3
0x008F	0x0088      	MOVWF      PORTD
;Led_Android.mbas,39 :: 		Delay_ms(1)
0x0090	0x3003      	MOVLW      3
0x0091	0x00FC      	MOVWF      R12
0x0092	0x3097      	MOVLW      151
0x0093	0x00FD      	MOVWF      R13
L_Led_Android_letra_l14:
0x0094	0x0BFD      	DECFSZ     R13, 1
0x0095	0x2894      	GOTO       L_Led_Android_letra_l14
0x0096	0x0BFC      	DECFSZ     R12, 1
0x0097	0x2894      	GOTO       L_Led_Android_letra_l14
0x0098	0x0000      	NOP
0x0099	0x0000      	NOP
;Led_Android.mbas,40 :: 		PORTD= %00000011
0x009A	0x3003      	MOVLW      3
0x009B	0x0088      	MOVWF      PORTD
;Led_Android.mbas,41 :: 		Delay_ms(1)
0x009C	0x3003      	MOVLW      3
0x009D	0x00FC      	MOVWF      R12
0x009E	0x3097      	MOVLW      151
0x009F	0x00FD      	MOVWF      R13
L_Led_Android_letra_l15:
0x00A0	0x0BFD      	DECFSZ     R13, 1
0x00A1	0x28A0      	GOTO       L_Led_Android_letra_l15
0x00A2	0x0BFC      	DECFSZ     R12, 1
0x00A3	0x28A0      	GOTO       L_Led_Android_letra_l15
0x00A4	0x0000      	NOP
0x00A5	0x0000      	NOP
0x00A6	0x0008      	RETURN
; end of Led_Android_letra_l
Led_Android_letra_c:
;Led_Android.mbas,43 :: 		sub procedure letra_c ()
;Led_Android.mbas,44 :: 		PORTD= %11111111
0x00A7	0x30FF      	MOVLW      255
0x00A8	0x1283      	BCF        STATUS, 5
0x00A9	0x1303      	BCF        STATUS, 6
0x00AA	0x0088      	MOVWF      PORTD
;Led_Android.mbas,45 :: 		Delay_ms(1)
0x00AB	0x3003      	MOVLW      3
0x00AC	0x00FC      	MOVWF      R12
0x00AD	0x3097      	MOVLW      151
0x00AE	0x00FD      	MOVWF      R13
L_Led_Android_letra_c17:
0x00AF	0x0BFD      	DECFSZ     R13, 1
0x00B0	0x28AF      	GOTO       L_Led_Android_letra_c17
0x00B1	0x0BFC      	DECFSZ     R12, 1
0x00B2	0x28AF      	GOTO       L_Led_Android_letra_c17
0x00B3	0x0000      	NOP
0x00B4	0x0000      	NOP
;Led_Android.mbas,46 :: 		PORTD= %11000011
0x00B5	0x30C3      	MOVLW      195
0x00B6	0x0088      	MOVWF      PORTD
;Led_Android.mbas,47 :: 		Delay_ms(1)
0x00B7	0x3003      	MOVLW      3
0x00B8	0x00FC      	MOVWF      R12
0x00B9	0x3097      	MOVLW      151
0x00BA	0x00FD      	MOVWF      R13
L_Led_Android_letra_c18:
0x00BB	0x0BFD      	DECFSZ     R13, 1
0x00BC	0x28BB      	GOTO       L_Led_Android_letra_c18
0x00BD	0x0BFC      	DECFSZ     R12, 1
0x00BE	0x28BB      	GOTO       L_Led_Android_letra_c18
0x00BF	0x0000      	NOP
0x00C0	0x0000      	NOP
;Led_Android.mbas,48 :: 		PORTD= %11000011
0x00C1	0x30C3      	MOVLW      195
0x00C2	0x0088      	MOVWF      PORTD
;Led_Android.mbas,49 :: 		Delay_ms(1)
0x00C3	0x3003      	MOVLW      3
0x00C4	0x00FC      	MOVWF      R12
0x00C5	0x3097      	MOVLW      151
0x00C6	0x00FD      	MOVWF      R13
L_Led_Android_letra_c19:
0x00C7	0x0BFD      	DECFSZ     R13, 1
0x00C8	0x28C7      	GOTO       L_Led_Android_letra_c19
0x00C9	0x0BFC      	DECFSZ     R12, 1
0x00CA	0x28C7      	GOTO       L_Led_Android_letra_c19
0x00CB	0x0000      	NOP
0x00CC	0x0000      	NOP
0x00CD	0x0008      	RETURN
; end of Led_Android_letra_c
_UART1_Read:
;__Lib_UART_c67.mpas,54 :: 		
;__Lib_UART_c67.mpas,55 :: 		
0x00CE	0x1283      	BCF        STATUS, 5
0x00CF	0x1303      	BCF        STATUS, 6
0x00D0	0x081A      	MOVF       RCREG, 0
0x00D1	0x00F2      	MOVWF      R2
;__Lib_UART_c67.mpas,56 :: 		
0x00D2	0x1C98      	BTFSS      RCSTA, 1
0x00D3	0x28D6      	GOTO       L__UART1_Read9
;__Lib_UART_c67.mpas,58 :: 		
0x00D4	0x1218      	BCF        RCSTA, 4
;__Lib_UART_c67.mpas,59 :: 		
0x00D5	0x1618      	BSF        RCSTA, 4
;__Lib_UART_c67.mpas,60 :: 		
L__UART1_Read9:
;__Lib_UART_c67.mpas,61 :: 		
0x00D6	0x0872      	MOVF       R2, 0
0x00D7	0x00F1      	MOVWF      R1
;__Lib_UART_c67.mpas,62 :: 		
0x00D8	0x0871      	MOVF       R1, 0
0x00D9	0x00F0      	MOVWF      R0
0x00DA	0x0008      	RETURN
; end of _UART1_Read
_main:
;Led_Android.mbas,51 :: 		main:
;Led_Android.mbas,52 :: 		OSCCON = 0X75
0x00DB	0x3075      	MOVLW      117
0x00DC	0x1683      	BSF        STATUS, 5
0x00DD	0x1303      	BCF        STATUS, 6
0x00DE	0x008F      	MOVWF      OSCCON
;Led_Android.mbas,53 :: 		UART1_Init(9600)
0x00DF	0x3033      	MOVLW      51
0x00E0	0x0099      	MOVWF      SPBRG
0x00E1	0x1518      	BSF        TXSTA, 2
0x00E2	0x2049      	CALL       _UART1_Init
;Led_Android.mbas,54 :: 		OPTION_REG = %10000110
0x00E3	0x3086      	MOVLW      134
0x00E4	0x1683      	BSF        STATUS, 5
0x00E5	0x0081      	MOVWF      OPTION_REG
;Led_Android.mbas,56 :: 		TRISA = 0x00
0x00E6	0x0185      	CLRF       TRISA
;Led_Android.mbas,57 :: 		PORTA = 0x00
0x00E7	0x1283      	BCF        STATUS, 5
0x00E8	0x0185      	CLRF       PORTA
;Led_Android.mbas,58 :: 		INTCON=0XF0
0x00E9	0x30F0      	MOVLW      240
0x00EA	0x008B      	MOVWF      INTCON
;Led_Android.mbas,59 :: 		PIE1.RCIE=1
0x00EB	0x1683      	BSF        STATUS, 5
0x00EC	0x168C      	BSF        PIE1, 5
;Led_Android.mbas,60 :: 		PIR1.RCIF=0
0x00ED	0x1283      	BCF        STATUS, 5
0x00EE	0x128C      	BCF        PIR1, 5
;Led_Android.mbas,63 :: 		TRISB = 0xFF  'PIN RB1,RB2  ENTRADAS PARA SENSAR CORRIENTE DE MOTORES
0x00EF	0x30FF      	MOVLW      255
0x00F0	0x1683      	BSF        STATUS, 5
0x00F1	0x0086      	MOVWF      TRISB
;Led_Android.mbas,64 :: 		PORTB = 0x00
0x00F2	0x1283      	BCF        STATUS, 5
0x00F3	0x0186      	CLRF       PORTB
;Led_Android.mbas,67 :: 		TRISC = %10000000
0x00F4	0x3080      	MOVLW      128
0x00F5	0x1683      	BSF        STATUS, 5
0x00F6	0x0087      	MOVWF      TRISC
;Led_Android.mbas,68 :: 		PORTC = %00000000
0x00F7	0x1283      	BCF        STATUS, 5
0x00F8	0x0187      	CLRF       PORTC
;Led_Android.mbas,70 :: 		TRISD=0
0x00F9	0x1683      	BSF        STATUS, 5
0x00FA	0x0188      	CLRF       TRISD
;Led_Android.mbas,71 :: 		PORTD=0
0x00FB	0x1283      	BCF        STATUS, 5
0x00FC	0x0188      	CLRF       PORTD
;Led_Android.mbas,74 :: 		ANSEL =  %00000000 ' RE1-RE2 ANALOGICO, RESTO DIGITALES
0x00FD	0x1683      	BSF        STATUS, 5
0x00FE	0x1703      	BSF        STATUS, 6
0x00FF	0x0188      	CLRF       ANSEL
;Led_Android.mbas,75 :: 		ANSELH = %00000000
0x0100	0x0189      	CLRF       ANSELH
;Led_Android.mbas,79 :: 		WHILE(1)
L__main22:
;Led_Android.mbas,80 :: 		if dato_recep="A" then    'ADELANTE
0x0101	0x1283      	BCF        STATUS, 5
0x0102	0x1303      	BCF        STATUS, 6
0x0103	0x0822      	MOVF       _dato_recep, 0
0x0104	0x3A41      	XORLW      65
0x0105	0x1D03      	BTFSS      STATUS, 2
0x0106	0x29F3      	GOTO       L__main27
;Led_Android.mbas,81 :: 		IF PORTB.RB1=1 THEN
0x0107	0x1C86      	BTFSS      PORTB, 1
0x0108	0x29F3      	GOTO       L__main30
;Led_Android.mbas,82 :: 		PORTD= %11111111
0x0109	0x30FF      	MOVLW      255
0x010A	0x0088      	MOVWF      PORTD
;Led_Android.mbas,83 :: 		Delay_ms(1)
0x010B	0x3003      	MOVLW      3
0x010C	0x00FC      	MOVWF      R12
0x010D	0x3097      	MOVLW      151
0x010E	0x00FD      	MOVWF      R13
L__main32:
0x010F	0x0BFD      	DECFSZ     R13, 1
0x0110	0x290F      	GOTO       L__main32
0x0111	0x0BFC      	DECFSZ     R12, 1
0x0112	0x290F      	GOTO       L__main32
0x0113	0x0000      	NOP
0x0114	0x0000      	NOP
;Led_Android.mbas,84 :: 		PORTD= %00000011
0x0115	0x3003      	MOVLW      3
0x0116	0x0088      	MOVWF      PORTD
;Led_Android.mbas,85 :: 		Delay_ms(1)
0x0117	0x3003      	MOVLW      3
0x0118	0x00FC      	MOVWF      R12
0x0119	0x3097      	MOVLW      151
0x011A	0x00FD      	MOVWF      R13
L__main33:
0x011B	0x0BFD      	DECFSZ     R13, 1
0x011C	0x291B      	GOTO       L__main33
0x011D	0x0BFC      	DECFSZ     R12, 1
0x011E	0x291B      	GOTO       L__main33
0x011F	0x0000      	NOP
0x0120	0x0000      	NOP
;Led_Android.mbas,86 :: 		PORTD= %00000011
0x0121	0x3003      	MOVLW      3
0x0122	0x0088      	MOVWF      PORTD
;Led_Android.mbas,87 :: 		Delay_ms(1)
0x0123	0x3003      	MOVLW      3
0x0124	0x00FC      	MOVWF      R12
0x0125	0x3097      	MOVLW      151
0x0126	0x00FD      	MOVWF      R13
L__main34:
0x0127	0x0BFD      	DECFSZ     R13, 1
0x0128	0x2927      	GOTO       L__main34
0x0129	0x0BFC      	DECFSZ     R12, 1
0x012A	0x2927      	GOTO       L__main34
0x012B	0x0000      	NOP
0x012C	0x0000      	NOP
;Led_Android.mbas,89 :: 		PORTD= %00000000
0x012D	0x0188      	CLRF       PORTD
;Led_Android.mbas,90 :: 		Delay_ms(1)
0x012E	0x3003      	MOVLW      3
0x012F	0x00FC      	MOVWF      R12
0x0130	0x3097      	MOVLW      151
0x0131	0x00FD      	MOVWF      R13
L__main35:
0x0132	0x0BFD      	DECFSZ     R13, 1
0x0133	0x2932      	GOTO       L__main35
0x0134	0x0BFC      	DECFSZ     R12, 1
0x0135	0x2932      	GOTO       L__main35
0x0136	0x0000      	NOP
0x0137	0x0000      	NOP
;Led_Android.mbas,92 :: 		PORTD= %11111111
0x0138	0x30FF      	MOVLW      255
0x0139	0x0088      	MOVWF      PORTD
;Led_Android.mbas,93 :: 		Delay_ms(1)
0x013A	0x3003      	MOVLW      3
0x013B	0x00FC      	MOVWF      R12
0x013C	0x3097      	MOVLW      151
0x013D	0x00FD      	MOVWF      R13
L__main36:
0x013E	0x0BFD      	DECFSZ     R13, 1
0x013F	0x293E      	GOTO       L__main36
0x0140	0x0BFC      	DECFSZ     R12, 1
0x0141	0x293E      	GOTO       L__main36
0x0142	0x0000      	NOP
0x0143	0x0000      	NOP
;Led_Android.mbas,94 :: 		PORTD= %10011000
0x0144	0x3098      	MOVLW      152
0x0145	0x0088      	MOVWF      PORTD
;Led_Android.mbas,95 :: 		Delay_ms(1)
0x0146	0x3003      	MOVLW      3
0x0147	0x00FC      	MOVWF      R12
0x0148	0x3097      	MOVLW      151
0x0149	0x00FD      	MOVWF      R13
L__main37:
0x014A	0x0BFD      	DECFSZ     R13, 1
0x014B	0x294A      	GOTO       L__main37
0x014C	0x0BFC      	DECFSZ     R12, 1
0x014D	0x294A      	GOTO       L__main37
0x014E	0x0000      	NOP
0x014F	0x0000      	NOP
;Led_Android.mbas,96 :: 		PORTD= %11111111
0x0150	0x30FF      	MOVLW      255
0x0151	0x0088      	MOVWF      PORTD
;Led_Android.mbas,97 :: 		Delay_ms(1)
0x0152	0x3003      	MOVLW      3
0x0153	0x00FC      	MOVWF      R12
0x0154	0x3097      	MOVLW      151
0x0155	0x00FD      	MOVWF      R13
L__main38:
0x0156	0x0BFD      	DECFSZ     R13, 1
0x0157	0x2956      	GOTO       L__main38
0x0158	0x0BFC      	DECFSZ     R12, 1
0x0159	0x2956      	GOTO       L__main38
0x015A	0x0000      	NOP
0x015B	0x0000      	NOP
;Led_Android.mbas,99 :: 		PORTD= %00000000
0x015C	0x0188      	CLRF       PORTD
;Led_Android.mbas,100 :: 		Delay_ms(1)
0x015D	0x3003      	MOVLW      3
0x015E	0x00FC      	MOVWF      R12
0x015F	0x3097      	MOVLW      151
0x0160	0x00FD      	MOVWF      R13
L__main39:
0x0161	0x0BFD      	DECFSZ     R13, 1
0x0162	0x2961      	GOTO       L__main39
0x0163	0x0BFC      	DECFSZ     R12, 1
0x0164	0x2961      	GOTO       L__main39
0x0165	0x0000      	NOP
0x0166	0x0000      	NOP
;Led_Android.mbas,102 :: 		PORTD= %11111111
0x0167	0x30FF      	MOVLW      255
0x0168	0x0088      	MOVWF      PORTD
;Led_Android.mbas,103 :: 		Delay_ms(1)
0x0169	0x3003      	MOVLW      3
0x016A	0x00FC      	MOVWF      R12
0x016B	0x3097      	MOVLW      151
0x016C	0x00FD      	MOVWF      R13
L__main40:
0x016D	0x0BFD      	DECFSZ     R13, 1
0x016E	0x296D      	GOTO       L__main40
0x016F	0x0BFC      	DECFSZ     R12, 1
0x0170	0x296D      	GOTO       L__main40
0x0171	0x0000      	NOP
0x0172	0x0000      	NOP
;Led_Android.mbas,104 :: 		PORTD= %10011001
0x0173	0x3099      	MOVLW      153
0x0174	0x0088      	MOVWF      PORTD
;Led_Android.mbas,105 :: 		Delay_ms(1)
0x0175	0x3003      	MOVLW      3
0x0176	0x00FC      	MOVWF      R12
0x0177	0x3097      	MOVLW      151
0x0178	0x00FD      	MOVWF      R13
L__main41:
0x0179	0x0BFD      	DECFSZ     R13, 1
0x017A	0x2979      	GOTO       L__main41
0x017B	0x0BFC      	DECFSZ     R12, 1
0x017C	0x2979      	GOTO       L__main41
0x017D	0x0000      	NOP
0x017E	0x0000      	NOP
;Led_Android.mbas,106 :: 		PORTD= %11111111
0x017F	0x30FF      	MOVLW      255
0x0180	0x0088      	MOVWF      PORTD
;Led_Android.mbas,107 :: 		Delay_ms(1)
0x0181	0x3003      	MOVLW      3
0x0182	0x00FC      	MOVWF      R12
0x0183	0x3097      	MOVLW      151
0x0184	0x00FD      	MOVWF      R13
L__main42:
0x0185	0x0BFD      	DECFSZ     R13, 1
0x0186	0x2985      	GOTO       L__main42
0x0187	0x0BFC      	DECFSZ     R12, 1
0x0188	0x2985      	GOTO       L__main42
0x0189	0x0000      	NOP
0x018A	0x0000      	NOP
;Led_Android.mbas,109 :: 		PORTD= %00000000
0x018B	0x0188      	CLRF       PORTD
;Led_Android.mbas,110 :: 		Delay_ms(1)
0x018C	0x3003      	MOVLW      3
0x018D	0x00FC      	MOVWF      R12
0x018E	0x3097      	MOVLW      151
0x018F	0x00FD      	MOVWF      R13
L__main43:
0x0190	0x0BFD      	DECFSZ     R13, 1
0x0191	0x2990      	GOTO       L__main43
0x0192	0x0BFC      	DECFSZ     R12, 1
0x0193	0x2990      	GOTO       L__main43
0x0194	0x0000      	NOP
0x0195	0x0000      	NOP
;Led_Android.mbas,112 :: 		PORTD= %00000011
0x0196	0x3003      	MOVLW      3
0x0197	0x0088      	MOVWF      PORTD
;Led_Android.mbas,113 :: 		Delay_ms(1)
0x0198	0x3003      	MOVLW      3
0x0199	0x00FC      	MOVWF      R12
0x019A	0x3097      	MOVLW      151
0x019B	0x00FD      	MOVWF      R13
L__main44:
0x019C	0x0BFD      	DECFSZ     R13, 1
0x019D	0x299C      	GOTO       L__main44
0x019E	0x0BFC      	DECFSZ     R12, 1
0x019F	0x299C      	GOTO       L__main44
0x01A0	0x0000      	NOP
0x01A1	0x0000      	NOP
;Led_Android.mbas,114 :: 		PORTD= %00000011
0x01A2	0x3003      	MOVLW      3
0x01A3	0x0088      	MOVWF      PORTD
;Led_Android.mbas,115 :: 		Delay_ms(1)
0x01A4	0x3003      	MOVLW      3
0x01A5	0x00FC      	MOVWF      R12
0x01A6	0x3097      	MOVLW      151
0x01A7	0x00FD      	MOVWF      R13
L__main45:
0x01A8	0x0BFD      	DECFSZ     R13, 1
0x01A9	0x29A8      	GOTO       L__main45
0x01AA	0x0BFC      	DECFSZ     R12, 1
0x01AB	0x29A8      	GOTO       L__main45
0x01AC	0x0000      	NOP
0x01AD	0x0000      	NOP
;Led_Android.mbas,116 :: 		PORTD= %00000000
0x01AE	0x0188      	CLRF       PORTD
;Led_Android.mbas,117 :: 		Delay_ms(1)
0x01AF	0x3003      	MOVLW      3
0x01B0	0x00FC      	MOVWF      R12
0x01B1	0x3097      	MOVLW      151
0x01B2	0x00FD      	MOVWF      R13
L__main46:
0x01B3	0x0BFD      	DECFSZ     R13, 1
0x01B4	0x29B3      	GOTO       L__main46
0x01B5	0x0BFC      	DECFSZ     R12, 1
0x01B6	0x29B3      	GOTO       L__main46
0x01B7	0x0000      	NOP
0x01B8	0x0000      	NOP
;Led_Android.mbas,119 :: 		PORTD= %00000000
0x01B9	0x0188      	CLRF       PORTD
;Led_Android.mbas,120 :: 		Delay_ms(1)
0x01BA	0x3003      	MOVLW      3
0x01BB	0x00FC      	MOVWF      R12
0x01BC	0x3097      	MOVLW      151
0x01BD	0x00FD      	MOVWF      R13
L__main47:
0x01BE	0x0BFD      	DECFSZ     R13, 1
0x01BF	0x29BE      	GOTO       L__main47
0x01C0	0x0BFC      	DECFSZ     R12, 1
0x01C1	0x29BE      	GOTO       L__main47
0x01C2	0x0000      	NOP
0x01C3	0x0000      	NOP
;Led_Android.mbas,122 :: 		PORTD= %11111111
0x01C4	0x30FF      	MOVLW      255
0x01C5	0x0088      	MOVWF      PORTD
;Led_Android.mbas,123 :: 		Delay_ms(1)
0x01C6	0x3003      	MOVLW      3
0x01C7	0x00FC      	MOVWF      R12
0x01C8	0x3097      	MOVLW      151
0x01C9	0x00FD      	MOVWF      R13
L__main48:
0x01CA	0x0BFD      	DECFSZ     R13, 1
0x01CB	0x29CA      	GOTO       L__main48
0x01CC	0x0BFC      	DECFSZ     R12, 1
0x01CD	0x29CA      	GOTO       L__main48
0x01CE	0x0000      	NOP
0x01CF	0x0000      	NOP
;Led_Android.mbas,124 :: 		PORTD= %10011000
0x01D0	0x3098      	MOVLW      152
0x01D1	0x0088      	MOVWF      PORTD
;Led_Android.mbas,125 :: 		Delay_ms(1)
0x01D2	0x3003      	MOVLW      3
0x01D3	0x00FC      	MOVWF      R12
0x01D4	0x3097      	MOVLW      151
0x01D5	0x00FD      	MOVWF      R13
L__main49:
0x01D6	0x0BFD      	DECFSZ     R13, 1
0x01D7	0x29D6      	GOTO       L__main49
0x01D8	0x0BFC      	DECFSZ     R12, 1
0x01D9	0x29D6      	GOTO       L__main49
0x01DA	0x0000      	NOP
0x01DB	0x0000      	NOP
;Led_Android.mbas,126 :: 		PORTD= %11111111
0x01DC	0x30FF      	MOVLW      255
0x01DD	0x0088      	MOVWF      PORTD
;Led_Android.mbas,127 :: 		Delay_ms(1)
0x01DE	0x3003      	MOVLW      3
0x01DF	0x00FC      	MOVWF      R12
0x01E0	0x3097      	MOVLW      151
0x01E1	0x00FD      	MOVWF      R13
L__main50:
0x01E2	0x0BFD      	DECFSZ     R13, 1
0x01E3	0x29E2      	GOTO       L__main50
0x01E4	0x0BFC      	DECFSZ     R12, 1
0x01E5	0x29E2      	GOTO       L__main50
0x01E6	0x0000      	NOP
0x01E7	0x0000      	NOP
;Led_Android.mbas,129 :: 		PORTD= %00000000
0x01E8	0x0188      	CLRF       PORTD
;Led_Android.mbas,130 :: 		Delay_ms(1)
0x01E9	0x3003      	MOVLW      3
0x01EA	0x00FC      	MOVWF      R12
0x01EB	0x3097      	MOVLW      151
0x01EC	0x00FD      	MOVWF      R13
L__main51:
0x01ED	0x0BFD      	DECFSZ     R13, 1
0x01EE	0x29ED      	GOTO       L__main51
0x01EF	0x0BFC      	DECFSZ     R12, 1
0x01F0	0x29ED      	GOTO       L__main51
0x01F1	0x0000      	NOP
0x01F2	0x0000      	NOP
L__main30:
;Led_Android.mbas,133 :: 		END IF
L__main27:
;Led_Android.mbas,136 :: 		if dato_recep="B" then    'ADELANTE
0x01F3	0x0822      	MOVF       _dato_recep, 0
0x01F4	0x3A42      	XORLW      66
0x01F5	0x1D03      	BTFSS      STATUS, 2
0x01F6	0x2AB6      	GOTO       L__main53
;Led_Android.mbas,137 :: 		IF PORTB.RB1=1 THEN
0x01F7	0x1C86      	BTFSS      PORTB, 1
0x01F8	0x2AB6      	GOTO       L__main56
;Led_Android.mbas,138 :: 		PORTD= %11111111
0x01F9	0x30FF      	MOVLW      255
0x01FA	0x0088      	MOVWF      PORTD
;Led_Android.mbas,139 :: 		Delay_ms(1)
0x01FB	0x3003      	MOVLW      3
0x01FC	0x00FC      	MOVWF      R12
0x01FD	0x3097      	MOVLW      151
0x01FE	0x00FD      	MOVWF      R13
L__main58:
0x01FF	0x0BFD      	DECFSZ     R13, 1
0x0200	0x29FF      	GOTO       L__main58
0x0201	0x0BFC      	DECFSZ     R12, 1
0x0202	0x29FF      	GOTO       L__main58
0x0203	0x0000      	NOP
0x0204	0x0000      	NOP
;Led_Android.mbas,140 :: 		PORTD= %00011000
0x0205	0x3018      	MOVLW      24
0x0206	0x0088      	MOVWF      PORTD
;Led_Android.mbas,141 :: 		Delay_ms(1)
0x0207	0x3003      	MOVLW      3
0x0208	0x00FC      	MOVWF      R12
0x0209	0x3097      	MOVLW      151
0x020A	0x00FD      	MOVWF      R13
L__main59:
0x020B	0x0BFD      	DECFSZ     R13, 1
0x020C	0x2A0B      	GOTO       L__main59
0x020D	0x0BFC      	DECFSZ     R12, 1
0x020E	0x2A0B      	GOTO       L__main59
0x020F	0x0000      	NOP
0x0210	0x0000      	NOP
;Led_Android.mbas,142 :: 		PORTD= %11111111
0x0211	0x30FF      	MOVLW      255
0x0212	0x0088      	MOVWF      PORTD
;Led_Android.mbas,143 :: 		Delay_ms(1)
0x0213	0x3003      	MOVLW      3
0x0214	0x00FC      	MOVWF      R12
0x0215	0x3097      	MOVLW      151
0x0216	0x00FD      	MOVWF      R13
L__main60:
0x0217	0x0BFD      	DECFSZ     R13, 1
0x0218	0x2A17      	GOTO       L__main60
0x0219	0x0BFC      	DECFSZ     R12, 1
0x021A	0x2A17      	GOTO       L__main60
0x021B	0x0000      	NOP
0x021C	0x0000      	NOP
;Led_Android.mbas,145 :: 		PORTD= %00000000
0x021D	0x0188      	CLRF       PORTD
;Led_Android.mbas,146 :: 		Delay_ms(1)
0x021E	0x3003      	MOVLW      3
0x021F	0x00FC      	MOVWF      R12
0x0220	0x3097      	MOVLW      151
0x0221	0x00FD      	MOVWF      R13
L__main61:
0x0222	0x0BFD      	DECFSZ     R13, 1
0x0223	0x2A22      	GOTO       L__main61
0x0224	0x0BFC      	DECFSZ     R12, 1
0x0225	0x2A22      	GOTO       L__main61
0x0226	0x0000      	NOP
0x0227	0x0000      	NOP
;Led_Android.mbas,148 :: 		PORTD= %11111111
0x0228	0x30FF      	MOVLW      255
0x0229	0x0088      	MOVWF      PORTD
;Led_Android.mbas,149 :: 		Delay_ms(1)
0x022A	0x3003      	MOVLW      3
0x022B	0x00FC      	MOVWF      R12
0x022C	0x3097      	MOVLW      151
0x022D	0x00FD      	MOVWF      R13
L__main62:
0x022E	0x0BFD      	DECFSZ     R13, 1
0x022F	0x2A2E      	GOTO       L__main62
0x0230	0x0BFC      	DECFSZ     R12, 1
0x0231	0x2A2E      	GOTO       L__main62
0x0232	0x0000      	NOP
0x0233	0x0000      	NOP
;Led_Android.mbas,150 :: 		PORTD= %10000001
0x0234	0x3081      	MOVLW      129
0x0235	0x0088      	MOVWF      PORTD
;Led_Android.mbas,151 :: 		Delay_ms(1)
0x0236	0x3003      	MOVLW      3
0x0237	0x00FC      	MOVWF      R12
0x0238	0x3097      	MOVLW      151
0x0239	0x00FD      	MOVWF      R13
L__main63:
0x023A	0x0BFD      	DECFSZ     R13, 1
0x023B	0x2A3A      	GOTO       L__main63
0x023C	0x0BFC      	DECFSZ     R12, 1
0x023D	0x2A3A      	GOTO       L__main63
0x023E	0x0000      	NOP
0x023F	0x0000      	NOP
;Led_Android.mbas,152 :: 		PORTD= %11111111
0x0240	0x30FF      	MOVLW      255
0x0241	0x0088      	MOVWF      PORTD
;Led_Android.mbas,153 :: 		Delay_ms(1)
0x0242	0x3003      	MOVLW      3
0x0243	0x00FC      	MOVWF      R12
0x0244	0x3097      	MOVLW      151
0x0245	0x00FD      	MOVWF      R13
L__main64:
0x0246	0x0BFD      	DECFSZ     R13, 1
0x0247	0x2A46      	GOTO       L__main64
0x0248	0x0BFC      	DECFSZ     R12, 1
0x0249	0x2A46      	GOTO       L__main64
0x024A	0x0000      	NOP
0x024B	0x0000      	NOP
;Led_Android.mbas,155 :: 		PORTD= %00000000
0x024C	0x0188      	CLRF       PORTD
;Led_Android.mbas,156 :: 		Delay_ms(1)
0x024D	0x3003      	MOVLW      3
0x024E	0x00FC      	MOVWF      R12
0x024F	0x3097      	MOVLW      151
0x0250	0x00FD      	MOVWF      R13
L__main65:
0x0251	0x0BFD      	DECFSZ     R13, 1
0x0252	0x2A51      	GOTO       L__main65
0x0253	0x0BFC      	DECFSZ     R12, 1
0x0254	0x2A51      	GOTO       L__main65
0x0255	0x0000      	NOP
0x0256	0x0000      	NOP
;Led_Android.mbas,158 :: 		PORTD= %11111111
0x0257	0x30FF      	MOVLW      255
0x0258	0x0088      	MOVWF      PORTD
;Led_Android.mbas,159 :: 		Delay_ms(1)
0x0259	0x3003      	MOVLW      3
0x025A	0x00FC      	MOVWF      R12
0x025B	0x3097      	MOVLW      151
0x025C	0x00FD      	MOVWF      R13
L__main66:
0x025D	0x0BFD      	DECFSZ     R13, 1
0x025E	0x2A5D      	GOTO       L__main66
0x025F	0x0BFC      	DECFSZ     R12, 1
0x0260	0x2A5D      	GOTO       L__main66
0x0261	0x0000      	NOP
0x0262	0x0000      	NOP
;Led_Android.mbas,160 :: 		PORTD= %00000011
0x0263	0x3003      	MOVLW      3
0x0264	0x0088      	MOVWF      PORTD
;Led_Android.mbas,161 :: 		Delay_ms(1)
0x0265	0x3003      	MOVLW      3
0x0266	0x00FC      	MOVWF      R12
0x0267	0x3097      	MOVLW      151
0x0268	0x00FD      	MOVWF      R13
L__main67:
0x0269	0x0BFD      	DECFSZ     R13, 1
0x026A	0x2A69      	GOTO       L__main67
0x026B	0x0BFC      	DECFSZ     R12, 1
0x026C	0x2A69      	GOTO       L__main67
0x026D	0x0000      	NOP
0x026E	0x0000      	NOP
;Led_Android.mbas,162 :: 		PORTD= %00000011
0x026F	0x3003      	MOVLW      3
0x0270	0x0088      	MOVWF      PORTD
;Led_Android.mbas,163 :: 		Delay_ms(1)
0x0271	0x3003      	MOVLW      3
0x0272	0x00FC      	MOVWF      R12
0x0273	0x3097      	MOVLW      151
0x0274	0x00FD      	MOVWF      R13
L__main68:
0x0275	0x0BFD      	DECFSZ     R13, 1
0x0276	0x2A75      	GOTO       L__main68
0x0277	0x0BFC      	DECFSZ     R12, 1
0x0278	0x2A75      	GOTO       L__main68
0x0279	0x0000      	NOP
0x027A	0x0000      	NOP
;Led_Android.mbas,165 :: 		PORTD= %00000000
0x027B	0x0188      	CLRF       PORTD
;Led_Android.mbas,166 :: 		Delay_ms(1)
0x027C	0x3003      	MOVLW      3
0x027D	0x00FC      	MOVWF      R12
0x027E	0x3097      	MOVLW      151
0x027F	0x00FD      	MOVWF      R13
L__main69:
0x0280	0x0BFD      	DECFSZ     R13, 1
0x0281	0x2A80      	GOTO       L__main69
0x0282	0x0BFC      	DECFSZ     R12, 1
0x0283	0x2A80      	GOTO       L__main69
0x0284	0x0000      	NOP
0x0285	0x0000      	NOP
;Led_Android.mbas,168 :: 		PORTD= %11111111
0x0286	0x30FF      	MOVLW      255
0x0287	0x0088      	MOVWF      PORTD
;Led_Android.mbas,169 :: 		Delay_ms(1)
0x0288	0x3003      	MOVLW      3
0x0289	0x00FC      	MOVWF      R12
0x028A	0x3097      	MOVLW      151
0x028B	0x00FD      	MOVWF      R13
L__main70:
0x028C	0x0BFD      	DECFSZ     R13, 1
0x028D	0x2A8C      	GOTO       L__main70
0x028E	0x0BFC      	DECFSZ     R12, 1
0x028F	0x2A8C      	GOTO       L__main70
0x0290	0x0000      	NOP
0x0291	0x0000      	NOP
;Led_Android.mbas,170 :: 		PORTD= %11001100
0x0292	0x30CC      	MOVLW      204
0x0293	0x0088      	MOVWF      PORTD
;Led_Android.mbas,171 :: 		Delay_ms(1)
0x0294	0x3003      	MOVLW      3
0x0295	0x00FC      	MOVWF      R12
0x0296	0x3097      	MOVLW      151
0x0297	0x00FD      	MOVWF      R13
L__main71:
0x0298	0x0BFD      	DECFSZ     R13, 1
0x0299	0x2A98      	GOTO       L__main71
0x029A	0x0BFC      	DECFSZ     R12, 1
0x029B	0x2A98      	GOTO       L__main71
0x029C	0x0000      	NOP
0x029D	0x0000      	NOP
;Led_Android.mbas,172 :: 		PORTD= %11111111
0x029E	0x30FF      	MOVLW      255
0x029F	0x0088      	MOVWF      PORTD
;Led_Android.mbas,173 :: 		Delay_ms(1)
0x02A0	0x3003      	MOVLW      3
0x02A1	0x00FC      	MOVWF      R12
0x02A2	0x3097      	MOVLW      151
0x02A3	0x00FD      	MOVWF      R13
L__main72:
0x02A4	0x0BFD      	DECFSZ     R13, 1
0x02A5	0x2AA4      	GOTO       L__main72
0x02A6	0x0BFC      	DECFSZ     R12, 1
0x02A7	0x2AA4      	GOTO       L__main72
0x02A8	0x0000      	NOP
0x02A9	0x0000      	NOP
;Led_Android.mbas,175 :: 		PORTD= %00000000
0x02AA	0x0188      	CLRF       PORTD
;Led_Android.mbas,176 :: 		Delay_ms(1)
0x02AB	0x3003      	MOVLW      3
0x02AC	0x00FC      	MOVWF      R12
0x02AD	0x3097      	MOVLW      151
0x02AE	0x00FD      	MOVWF      R13
L__main73:
0x02AF	0x0BFD      	DECFSZ     R13, 1
0x02B0	0x2AAF      	GOTO       L__main73
0x02B1	0x0BFC      	DECFSZ     R12, 1
0x02B2	0x2AAF      	GOTO       L__main73
0x02B3	0x0000      	NOP
0x02B4	0x0000      	NOP
;Led_Android.mbas,177 :: 		PORTD=0
0x02B5	0x0188      	CLRF       PORTD
L__main56:
;Led_Android.mbas,178 :: 		END IF
L__main53:
;Led_Android.mbas,180 :: 		if dato_recep="C" then    'ADELANTE
0x02B6	0x0822      	MOVF       _dato_recep, 0
0x02B7	0x3A43      	XORLW      67
0x02B8	0x1D03      	BTFSS      STATUS, 2
0x02B9	0x2BA8      	GOTO       L__main75
;Led_Android.mbas,181 :: 		IF PORTB.RB1=1 THEN
0x02BA	0x1C86      	BTFSS      PORTB, 1
0x02BB	0x2BA8      	GOTO       L__main78
;Led_Android.mbas,182 :: 		PORTD= %11111111
0x02BC	0x30FF      	MOVLW      255
0x02BD	0x0088      	MOVWF      PORTD
;Led_Android.mbas,183 :: 		Delay_ms(1)
0x02BE	0x3003      	MOVLW      3
0x02BF	0x00FC      	MOVWF      R12
0x02C0	0x3097      	MOVLW      151
0x02C1	0x00FD      	MOVWF      R13
L__main80:
0x02C2	0x0BFD      	DECFSZ     R13, 1
0x02C3	0x2AC2      	GOTO       L__main80
0x02C4	0x0BFC      	DECFSZ     R12, 1
0x02C5	0x2AC2      	GOTO       L__main80
0x02C6	0x0000      	NOP
0x02C7	0x0000      	NOP
;Led_Android.mbas,184 :: 		PORTD= %10011001
0x02C8	0x3099      	MOVLW      153
0x02C9	0x0088      	MOVWF      PORTD
;Led_Android.mbas,185 :: 		Delay_ms(1)
0x02CA	0x3003      	MOVLW      3
0x02CB	0x00FC      	MOVWF      R12
0x02CC	0x3097      	MOVLW      151
0x02CD	0x00FD      	MOVWF      R13
L__main81:
0x02CE	0x0BFD      	DECFSZ     R13, 1
0x02CF	0x2ACE      	GOTO       L__main81
0x02D0	0x0BFC      	DECFSZ     R12, 1
0x02D1	0x2ACE      	GOTO       L__main81
0x02D2	0x0000      	NOP
0x02D3	0x0000      	NOP
;Led_Android.mbas,186 :: 		PORTD= %10000001
0x02D4	0x3081      	MOVLW      129
0x02D5	0x0088      	MOVWF      PORTD
;Led_Android.mbas,187 :: 		Delay_ms(1)
0x02D6	0x3003      	MOVLW      3
0x02D7	0x00FC      	MOVWF      R12
0x02D8	0x3097      	MOVLW      151
0x02D9	0x00FD      	MOVWF      R13
L__main82:
0x02DA	0x0BFD      	DECFSZ     R13, 1
0x02DB	0x2ADA      	GOTO       L__main82
0x02DC	0x0BFC      	DECFSZ     R12, 1
0x02DD	0x2ADA      	GOTO       L__main82
0x02DE	0x0000      	NOP
0x02DF	0x0000      	NOP
;Led_Android.mbas,189 :: 		PORTD= %00000000
0x02E0	0x0188      	CLRF       PORTD
;Led_Android.mbas,190 :: 		Delay_ms(1)
0x02E1	0x3003      	MOVLW      3
0x02E2	0x00FC      	MOVWF      R12
0x02E3	0x3097      	MOVLW      151
0x02E4	0x00FD      	MOVWF      R13
L__main83:
0x02E5	0x0BFD      	DECFSZ     R13, 1
0x02E6	0x2AE5      	GOTO       L__main83
0x02E7	0x0BFC      	DECFSZ     R12, 1
0x02E8	0x2AE5      	GOTO       L__main83
0x02E9	0x0000      	NOP
0x02EA	0x0000      	NOP
;Led_Android.mbas,192 :: 		PORTD= %11111001
0x02EB	0x30F9      	MOVLW      249
0x02EC	0x0088      	MOVWF      PORTD
;Led_Android.mbas,193 :: 		Delay_ms(1)
0x02ED	0x3003      	MOVLW      3
0x02EE	0x00FC      	MOVWF      R12
0x02EF	0x3097      	MOVLW      151
0x02F0	0x00FD      	MOVWF      R13
L__main84:
0x02F1	0x0BFD      	DECFSZ     R13, 1
0x02F2	0x2AF1      	GOTO       L__main84
0x02F3	0x0BFC      	DECFSZ     R12, 1
0x02F4	0x2AF1      	GOTO       L__main84
0x02F5	0x0000      	NOP
0x02F6	0x0000      	NOP
;Led_Android.mbas,194 :: 		PORTD= %10011001
0x02F7	0x3099      	MOVLW      153
0x02F8	0x0088      	MOVWF      PORTD
;Led_Android.mbas,195 :: 		Delay_ms(1)
0x02F9	0x3003      	MOVLW      3
0x02FA	0x00FC      	MOVWF      R12
0x02FB	0x3097      	MOVLW      151
0x02FC	0x00FD      	MOVWF      R13
L__main85:
0x02FD	0x0BFD      	DECFSZ     R13, 1
0x02FE	0x2AFD      	GOTO       L__main85
0x02FF	0x0BFC      	DECFSZ     R12, 1
0x0300	0x2AFD      	GOTO       L__main85
0x0301	0x0000      	NOP
0x0302	0x0000      	NOP
;Led_Android.mbas,196 :: 		PORTD= %10011111
0x0303	0x309F      	MOVLW      159
0x0304	0x0088      	MOVWF      PORTD
;Led_Android.mbas,197 :: 		Delay_ms(1)
0x0305	0x3003      	MOVLW      3
0x0306	0x00FC      	MOVWF      R12
0x0307	0x3097      	MOVLW      151
0x0308	0x00FD      	MOVWF      R13
L__main86:
0x0309	0x0BFD      	DECFSZ     R13, 1
0x030A	0x2B09      	GOTO       L__main86
0x030B	0x0BFC      	DECFSZ     R12, 1
0x030C	0x2B09      	GOTO       L__main86
0x030D	0x0000      	NOP
0x030E	0x0000      	NOP
;Led_Android.mbas,199 :: 		PORTD= %00000000
0x030F	0x0188      	CLRF       PORTD
;Led_Android.mbas,200 :: 		Delay_ms(1)
0x0310	0x3003      	MOVLW      3
0x0311	0x00FC      	MOVWF      R12
0x0312	0x3097      	MOVLW      151
0x0313	0x00FD      	MOVWF      R13
L__main87:
0x0314	0x0BFD      	DECFSZ     R13, 1
0x0315	0x2B14      	GOTO       L__main87
0x0316	0x0BFC      	DECFSZ     R12, 1
0x0317	0x2B14      	GOTO       L__main87
0x0318	0x0000      	NOP
0x0319	0x0000      	NOP
;Led_Android.mbas,202 :: 		PORTD= %11111111
0x031A	0x30FF      	MOVLW      255
0x031B	0x0088      	MOVWF      PORTD
;Led_Android.mbas,203 :: 		Delay_ms(1)
0x031C	0x3003      	MOVLW      3
0x031D	0x00FC      	MOVWF      R12
0x031E	0x3097      	MOVLW      151
0x031F	0x00FD      	MOVWF      R13
L__main88:
0x0320	0x0BFD      	DECFSZ     R13, 1
0x0321	0x2B20      	GOTO       L__main88
0x0322	0x0BFC      	DECFSZ     R12, 1
0x0323	0x2B20      	GOTO       L__main88
0x0324	0x0000      	NOP
0x0325	0x0000      	NOP
;Led_Android.mbas,204 :: 		PORTD= %10011000
0x0326	0x3098      	MOVLW      152
0x0327	0x0088      	MOVWF      PORTD
;Led_Android.mbas,205 :: 		Delay_ms(1)
0x0328	0x3003      	MOVLW      3
0x0329	0x00FC      	MOVWF      R12
0x032A	0x3097      	MOVLW      151
0x032B	0x00FD      	MOVWF      R13
L__main89:
0x032C	0x0BFD      	DECFSZ     R13, 1
0x032D	0x2B2C      	GOTO       L__main89
0x032E	0x0BFC      	DECFSZ     R12, 1
0x032F	0x2B2C      	GOTO       L__main89
0x0330	0x0000      	NOP
0x0331	0x0000      	NOP
;Led_Android.mbas,206 :: 		PORTD= %11111000
0x0332	0x30F8      	MOVLW      248
0x0333	0x0088      	MOVWF      PORTD
;Led_Android.mbas,207 :: 		Delay_ms(1)
0x0334	0x3003      	MOVLW      3
0x0335	0x00FC      	MOVWF      R12
0x0336	0x3097      	MOVLW      151
0x0337	0x00FD      	MOVWF      R13
L__main90:
0x0338	0x0BFD      	DECFSZ     R13, 1
0x0339	0x2B38      	GOTO       L__main90
0x033A	0x0BFC      	DECFSZ     R12, 1
0x033B	0x2B38      	GOTO       L__main90
0x033C	0x0000      	NOP
0x033D	0x0000      	NOP
;Led_Android.mbas,209 :: 		PORTD= %00000000
0x033E	0x0188      	CLRF       PORTD
;Led_Android.mbas,210 :: 		Delay_ms(1)
0x033F	0x3003      	MOVLW      3
0x0340	0x00FC      	MOVWF      R12
0x0341	0x3097      	MOVLW      151
0x0342	0x00FD      	MOVWF      R13
L__main91:
0x0343	0x0BFD      	DECFSZ     R13, 1
0x0344	0x2B43      	GOTO       L__main91
0x0345	0x0BFC      	DECFSZ     R12, 1
0x0346	0x2B43      	GOTO       L__main91
0x0347	0x0000      	NOP
0x0348	0x0000      	NOP
;Led_Android.mbas,212 :: 		PORTD= %11111111
0x0349	0x30FF      	MOVLW      255
0x034A	0x0088      	MOVWF      PORTD
;Led_Android.mbas,213 :: 		Delay_ms(1)
0x034B	0x3003      	MOVLW      3
0x034C	0x00FC      	MOVWF      R12
0x034D	0x3097      	MOVLW      151
0x034E	0x00FD      	MOVWF      R13
L__main92:
0x034F	0x0BFD      	DECFSZ     R13, 1
0x0350	0x2B4F      	GOTO       L__main92
0x0351	0x0BFC      	DECFSZ     R12, 1
0x0352	0x2B4F      	GOTO       L__main92
0x0353	0x0000      	NOP
0x0354	0x0000      	NOP
;Led_Android.mbas,214 :: 		PORTD= %11000011
0x0355	0x30C3      	MOVLW      195
0x0356	0x0088      	MOVWF      PORTD
;Led_Android.mbas,215 :: 		Delay_ms(1)
0x0357	0x3003      	MOVLW      3
0x0358	0x00FC      	MOVWF      R12
0x0359	0x3097      	MOVLW      151
0x035A	0x00FD      	MOVWF      R13
L__main93:
0x035B	0x0BFD      	DECFSZ     R13, 1
0x035C	0x2B5B      	GOTO       L__main93
0x035D	0x0BFC      	DECFSZ     R12, 1
0x035E	0x2B5B      	GOTO       L__main93
0x035F	0x0000      	NOP
0x0360	0x0000      	NOP
;Led_Android.mbas,216 :: 		PORTD= %11111111
0x0361	0x30FF      	MOVLW      255
0x0362	0x0088      	MOVWF      PORTD
;Led_Android.mbas,217 :: 		Delay_ms(1)
0x0363	0x3003      	MOVLW      3
0x0364	0x00FC      	MOVWF      R12
0x0365	0x3097      	MOVLW      151
0x0366	0x00FD      	MOVWF      R13
L__main94:
0x0367	0x0BFD      	DECFSZ     R13, 1
0x0368	0x2B67      	GOTO       L__main94
0x0369	0x0BFC      	DECFSZ     R12, 1
0x036A	0x2B67      	GOTO       L__main94
0x036B	0x0000      	NOP
0x036C	0x0000      	NOP
;Led_Android.mbas,219 :: 		PORTD= %00000000
0x036D	0x0188      	CLRF       PORTD
;Led_Android.mbas,220 :: 		Delay_ms(1)
0x036E	0x3003      	MOVLW      3
0x036F	0x00FC      	MOVWF      R12
0x0370	0x3097      	MOVLW      151
0x0371	0x00FD      	MOVWF      R13
L__main95:
0x0372	0x0BFD      	DECFSZ     R13, 1
0x0373	0x2B72      	GOTO       L__main95
0x0374	0x0BFC      	DECFSZ     R12, 1
0x0375	0x2B72      	GOTO       L__main95
0x0376	0x0000      	NOP
0x0377	0x0000      	NOP
;Led_Android.mbas,222 :: 		PORTD= %11111111
0x0378	0x30FF      	MOVLW      255
0x0379	0x0088      	MOVWF      PORTD
;Led_Android.mbas,223 :: 		Delay_ms(1)
0x037A	0x3003      	MOVLW      3
0x037B	0x00FC      	MOVWF      R12
0x037C	0x3097      	MOVLW      151
0x037D	0x00FD      	MOVWF      R13
L__main96:
0x037E	0x0BFD      	DECFSZ     R13, 1
0x037F	0x2B7E      	GOTO       L__main96
0x0380	0x0BFC      	DECFSZ     R12, 1
0x0381	0x2B7E      	GOTO       L__main96
0x0382	0x0000      	NOP
0x0383	0x0000      	NOP
;Led_Android.mbas,224 :: 		PORTD= %00000011
0x0384	0x3003      	MOVLW      3
0x0385	0x0088      	MOVWF      PORTD
;Led_Android.mbas,225 :: 		Delay_ms(1)
0x0386	0x3003      	MOVLW      3
0x0387	0x00FC      	MOVWF      R12
0x0388	0x3097      	MOVLW      151
0x0389	0x00FD      	MOVWF      R13
L__main97:
0x038A	0x0BFD      	DECFSZ     R13, 1
0x038B	0x2B8A      	GOTO       L__main97
0x038C	0x0BFC      	DECFSZ     R12, 1
0x038D	0x2B8A      	GOTO       L__main97
0x038E	0x0000      	NOP
0x038F	0x0000      	NOP
;Led_Android.mbas,226 :: 		PORTD= %00000011
0x0390	0x3003      	MOVLW      3
0x0391	0x0088      	MOVWF      PORTD
;Led_Android.mbas,227 :: 		Delay_ms(1)
0x0392	0x3003      	MOVLW      3
0x0393	0x00FC      	MOVWF      R12
0x0394	0x3097      	MOVLW      151
0x0395	0x00FD      	MOVWF      R13
L__main98:
0x0396	0x0BFD      	DECFSZ     R13, 1
0x0397	0x2B96      	GOTO       L__main98
0x0398	0x0BFC      	DECFSZ     R12, 1
0x0399	0x2B96      	GOTO       L__main98
0x039A	0x0000      	NOP
0x039B	0x0000      	NOP
;Led_Android.mbas,230 :: 		PORTD= %00000000
0x039C	0x0188      	CLRF       PORTD
;Led_Android.mbas,231 :: 		Delay_ms(1)
0x039D	0x3003      	MOVLW      3
0x039E	0x00FC      	MOVWF      R12
0x039F	0x3097      	MOVLW      151
0x03A0	0x00FD      	MOVWF      R13
L__main99:
0x03A1	0x0BFD      	DECFSZ     R13, 1
0x03A2	0x2BA1      	GOTO       L__main99
0x03A3	0x0BFC      	DECFSZ     R12, 1
0x03A4	0x2BA1      	GOTO       L__main99
0x03A5	0x0000      	NOP
0x03A6	0x0000      	NOP
;Led_Android.mbas,232 :: 		PORTD=0
0x03A7	0x0188      	CLRF       PORTD
L__main78:
;Led_Android.mbas,233 :: 		END IF
L__main75:
;Led_Android.mbas,235 :: 		if dato_recep="D" then    'ADELANTE
0x03A8	0x0822      	MOVF       _dato_recep, 0
0x03A9	0x3A44      	XORLW      68
0x03AA	0x1D03      	BTFSS      STATUS, 2
0x03AB	0x2C01      	GOTO       L__main101
;Led_Android.mbas,236 :: 		IF PORTB.RB1=1 THEN
0x03AC	0x1C86      	BTFSS      PORTB, 1
0x03AD	0x2C01      	GOTO       L__main104
;Led_Android.mbas,237 :: 		letra_e
0x03AE	0x2059      	CALL       Led_Android_letra_e
;Led_Android.mbas,238 :: 		PORTD= %00000000
0x03AF	0x0188      	CLRF       PORTD
;Led_Android.mbas,239 :: 		Delay_ms(1)
0x03B0	0x3003      	MOVLW      3
0x03B1	0x00FC      	MOVWF      R12
0x03B2	0x3097      	MOVLW      151
0x03B3	0x00FD      	MOVWF      R13
L__main106:
0x03B4	0x0BFD      	DECFSZ     R13, 1
0x03B5	0x2BB4      	GOTO       L__main106
0x03B6	0x0BFC      	DECFSZ     R12, 1
0x03B7	0x2BB4      	GOTO       L__main106
0x03B8	0x0000      	NOP
0x03B9	0x0000      	NOP
;Led_Android.mbas,241 :: 		letra_m()
0x03BA	0x2022      	CALL       Led_Android_letra_m
;Led_Android.mbas,242 :: 		PORTD= %00000000
0x03BB	0x0188      	CLRF       PORTD
;Led_Android.mbas,243 :: 		Delay_ms(1)
0x03BC	0x3003      	MOVLW      3
0x03BD	0x00FC      	MOVWF      R12
0x03BE	0x3097      	MOVLW      151
0x03BF	0x00FD      	MOVWF      R13
L__main107:
0x03C0	0x0BFD      	DECFSZ     R13, 1
0x03C1	0x2BC0      	GOTO       L__main107
0x03C2	0x0BFC      	DECFSZ     R12, 1
0x03C3	0x2BC0      	GOTO       L__main107
0x03C4	0x0000      	NOP
0x03C5	0x0000      	NOP
;Led_Android.mbas,245 :: 		letra_e
0x03C6	0x2059      	CALL       Led_Android_letra_e
;Led_Android.mbas,246 :: 		PORTD= %00000000
0x03C7	0x0188      	CLRF       PORTD
;Led_Android.mbas,247 :: 		Delay_ms(1)
0x03C8	0x3003      	MOVLW      3
0x03C9	0x00FC      	MOVWF      R12
0x03CA	0x3097      	MOVLW      151
0x03CB	0x00FD      	MOVWF      R13
L__main108:
0x03CC	0x0BFD      	DECFSZ     R13, 1
0x03CD	0x2BCC      	GOTO       L__main108
0x03CE	0x0BFC      	DECFSZ     R12, 1
0x03CF	0x2BCC      	GOTO       L__main108
0x03D0	0x0000      	NOP
0x03D1	0x0000      	NOP
;Led_Android.mbas,249 :: 		letra_l
0x03D2	0x2080      	CALL       Led_Android_letra_l
;Led_Android.mbas,250 :: 		PORTD= %00000000
0x03D3	0x0188      	CLRF       PORTD
;Led_Android.mbas,251 :: 		Delay_ms(1)
0x03D4	0x3003      	MOVLW      3
0x03D5	0x00FC      	MOVWF      R12
0x03D6	0x3097      	MOVLW      151
0x03D7	0x00FD      	MOVWF      R13
L__main109:
0x03D8	0x0BFD      	DECFSZ     R13, 1
0x03D9	0x2BD8      	GOTO       L__main109
0x03DA	0x0BFC      	DECFSZ     R12, 1
0x03DB	0x2BD8      	GOTO       L__main109
0x03DC	0x0000      	NOP
0x03DD	0x0000      	NOP
;Led_Android.mbas,253 :: 		letra_e
0x03DE	0x2059      	CALL       Led_Android_letra_e
;Led_Android.mbas,254 :: 		PORTD= %00000000
0x03DF	0x0188      	CLRF       PORTD
;Led_Android.mbas,255 :: 		Delay_ms(1)
0x03E0	0x3003      	MOVLW      3
0x03E1	0x00FC      	MOVWF      R12
0x03E2	0x3097      	MOVLW      151
0x03E3	0x00FD      	MOVWF      R13
L__main110:
0x03E4	0x0BFD      	DECFSZ     R13, 1
0x03E5	0x2BE4      	GOTO       L__main110
0x03E6	0x0BFC      	DECFSZ     R12, 1
0x03E7	0x2BE4      	GOTO       L__main110
0x03E8	0x0000      	NOP
0x03E9	0x0000      	NOP
;Led_Android.mbas,257 :: 		letra_c
0x03EA	0x20A7      	CALL       Led_Android_letra_c
;Led_Android.mbas,258 :: 		PORTD= %00000000
0x03EB	0x0188      	CLRF       PORTD
;Led_Android.mbas,259 :: 		Delay_ms(1)
0x03EC	0x3003      	MOVLW      3
0x03ED	0x00FC      	MOVWF      R12
0x03EE	0x3097      	MOVLW      151
0x03EF	0x00FD      	MOVWF      R13
L__main111:
0x03F0	0x0BFD      	DECFSZ     R13, 1
0x03F1	0x2BF0      	GOTO       L__main111
0x03F2	0x0BFC      	DECFSZ     R12, 1
0x03F3	0x2BF0      	GOTO       L__main111
0x03F4	0x0000      	NOP
0x03F5	0x0000      	NOP
;Led_Android.mbas,261 :: 		PORTD= %00000000
0x03F6	0x0188      	CLRF       PORTD
;Led_Android.mbas,262 :: 		Delay_ms(1)
0x03F7	0x3003      	MOVLW      3
0x03F8	0x00FC      	MOVWF      R12
0x03F9	0x3097      	MOVLW      151
0x03FA	0x00FD      	MOVWF      R13
L__main112:
0x03FB	0x0BFD      	DECFSZ     R13, 1
0x03FC	0x2BFB      	GOTO       L__main112
0x03FD	0x0BFC      	DECFSZ     R12, 1
0x03FE	0x2BFB      	GOTO       L__main112
0x03FF	0x0000      	NOP
0x0400	0x0000      	NOP
L__main104:
;Led_Android.mbas,263 :: 		END IF
L__main101:
;Led_Android.mbas,266 :: 		WEND
0x0401	0x2901      	GOTO       L__main22
0x0402	0x2C02      	GOTO       $+0
; end of _main
Symbol List:
//** Routines locations **
//ADDRESS    SIZE    PROCEDURE
//----------------------------------------------
0x0004      [30]    Led_Android_interrupt
0x0022      [39]    Led_Android_letra_m
0x0049      [16]    _UART1_Init
0x0059      [39]    Led_Android_letra_e
0x0080      [39]    Led_Android_letra_l
0x00A7      [39]    Led_Android_letra_c
0x00CE      [13]    _UART1_Read
0x00DB     [808]    _main
//** Variables locations ** 
//ADDRESS    SIZE    VARIABLE
//----------------------------------------------
0x0000       [1]    INDF
0x0001       [1]    TMR0
0x0002       [1]    PCL
0x0003       [1]    STATUS
0x0003       [0]    NOT_PD_bit
0x0003       [0]    NOT_TO_bit
0x0003       [0]    Z_bit
0x0003       [0]    C_bit
0x0003       [0]    DC_bit
0x0003       [0]    RP1_bit
0x0003       [0]    IRP_bit
0x0003       [0]    RP0_bit
0x0004       [1]    FSR
0x0004       [1]    FSRPTR
0x0005       [0]    RA1_bit
0x0005       [0]    RA2_bit
0x0005       [1]    PORTA
0x0005       [0]    RA0_bit
0x0005       [0]    RA3_bit
0x0005       [0]    RA6_bit
0x0005       [0]    RA7_bit
0x0005       [0]    RA4_bit
0x0005       [0]    RA5_bit
0x0006       [0]    RB1_bit
0x0006       [0]    RB2_bit
0x0006       [1]    PORTB
0x0006       [0]    RB0_bit
0x0006       [0]    RB6_bit
0x0006       [0]    RB7_bit
0x0006       [0]    RB5_bit
0x0006       [0]    RB3_bit
0x0006       [0]    RB4_bit
0x0007       [1]    PORTC
0x0007       [0]    RC2_bit
0x0007       [0]    RC3_bit
0x0007       [0]    RC0_bit
0x0007       [0]    RC1_bit
0x0007       [0]    RC6_bit
0x0007       [0]    RC7_bit
0x0007       [0]    RC4_bit
0x0007       [0]    RC5_bit
0x0008       [0]    RD2_bit
0x0008       [0]    RD3_bit
0x0008       [0]    RD0_bit
0x0008       [0]    RD1_bit
0x0008       [0]    RD6_bit
0x0008       [0]    RD7_bit
0x0008       [0]    RD4_bit
0x0008       [0]    RD5_bit
0x0008       [1]    PORTD
0x0009       [0]    RE1_bit
0x0009       [0]    RE0_bit
0x0009       [0]    RE2_bit
0x0009       [1]    PORTE
0x0009       [0]    RE3_bit
0x000A       [1]    PCLATH
0x000B       [0]    T0IE_bit
0x000B       [0]    TMR0IE_bit
0x000B       [0]    INTE_bit
0x000B       [1]    INTCON
0x000B       [0]    GIE_bit
0x000B       [0]    PEIE_bit
0x000B       [0]    TMR0IF_bit
0x000B       [0]    INTF_bit
0x000B       [0]    RBIE_bit
0x000B       [0]    T0IF_bit
0x000B       [0]    RBIF_bit
0x000C       [0]    RCIF_bit
0x000C       [0]    TMR1IF_bit
0x000C       [0]    TXIF_bit
0x000C       [1]    PIR1
0x000C       [0]    SSPIF_bit
0x000C       [0]    CCP1IF_bit
0x000C       [0]    ADIF_bit
0x000C       [0]    TMR2IF_bit
0x000D       [0]    BCLIF_bit
0x000D       [1]    PIR2
0x000D       [0]    CCP2IF_bit
0x000D       [0]    ULPWUIF_bit
0x000D       [0]    EEIF_bit
0x000D       [0]    C2IF_bit
0x000D       [0]    OSFIF_bit
0x000D       [0]    C1IF_bit
0x000E       [1]    TMR1L
0x000F       [1]    TMR1H
0x0010       [0]    TMR1ON_bit
0x0010       [0]    T1CKPS0_bit
0x0010       [0]    T1OSCEN_bit
0x0010       [0]    T1SYNC_bit
0x0010       [0]    T1INSYNC_bit
0x0010       [0]    TMR1CS_bit
0x0010       [0]    NOT_T1SYNC_bit
0x0010       [1]    T1CON
0x0010       [0]    T1GINV_bit
0x0010       [0]    T1CKPS1_bit
0x0010       [0]    TMR1GE_bit
0x0011       [1]    TMR2
0x0012       [0]    TOUTPS1_bit
0x0012       [0]    TOUTPS2_bit
0x0012       [0]    TOUTPS3_bit
0x0012       [0]    TOUTPS0_bit
0x0012       [0]    T2CKPS0_bit
0x0012       [0]    T2CKPS1_bit
0x0012       [0]    TMR2ON_bit
0x0012       [1]    T2CON
0x0013       [1]    SSPBUF
0x0014       [0]    CKP_bit
0x0014       [0]    SSPEN_bit
0x0014       [0]    SSPM1_bit
0x0014       [0]    SSPM0_bit
0x0014       [0]    SSPM3_bit
0x0014       [0]    SSPM2_bit
0x0014       [0]    SSPOV_bit
0x0014       [1]    SSPCON
0x0014       [0]    WCOL_bit
0x0015       [2]    CCPR1
0x0015       [1]    CCPR1L
0x0016       [1]    CCPR1H
0x0017       [0]    CCP1M3_bit
0x0017       [0]    CCP1Y_bit
0x0017       [0]    CCP1M2_bit
0x0017       [0]    CCP1M0_bit
0x0017       [0]    CCP1M1_bit
0x0017       [0]    DC1B0_bit
0x0017       [0]    P1M1_bit
0x0017       [1]    CCP1CON
0x0017       [0]    P1M0_bit
0x0017       [0]    CCP1X_bit
0x0017       [0]    DC1B1_bit
0x0018       [0]    OERR_bit
0x0018       [0]    FERR_bit
0x0018       [0]    ADDEN_bit
0x0018       [1]    RCSTA
0x0018       [0]    RCD8_bit
0x0018       [0]    RX9D_bit
0x0018       [0]    CREN_bit
0x0018       [0]    RC9_bit
0x0018       [0]    RX9_bit
0x0018       [0]    SPEN_bit
0x0018       [0]    SREN_bit
0x0018       [0]    RC8_9_bit
0x0018       [0]    NOT_RC8_bit
0x0019       [1]    TXREG
0x001A       [1]    RCREG
0x001B       [1]    CCPR2L
0x001B       [2]    CCPR2
0x001C       [1]    CCPR2H
0x001D       [1]    CCP2CON
0x001D       [0]    CCP2M0_bit
0x001D       [0]    CCP2M1_bit
0x001D       [0]    CCP2Y_bit
0x001D       [0]    DC2B1_bit
0x001D       [0]    CCP2X_bit
0x001D       [0]    CCP2M2_bit
0x001D       [0]    CCP2M3_bit
0x001D       [0]    DC2B0_bit
0x001E       [1]    ADRESH
0x001F       [0]    GO_bit
0x001F       [0]    CHS0_bit
0x001F       [0]    NOT_DONE_bit
0x001F       [0]    GO_DONE_bit
0x001F       [0]    ADON_bit
0x001F       [0]    ADCS0_bit
0x001F       [0]    ADCS1_bit
0x001F       [0]    CHS3_bit
0x001F       [0]    CHS1_bit
0x001F       [0]    CHS2_bit
0x001F       [1]    ADCON0
0x0021       [1]    ___saveSTATUS
0x0022       [1]    _dato_recep
0x0023       [1]    ___savePCLATH
0x0024       [2]    ___DoICPAddr
0x0070       [1]    R0
0x0071       [1]    R1
0x0072       [1]    R2
0x0073       [1]    R3
0x0074       [1]    R4
0x0075       [1]    R5
0x0076       [1]    R6
0x0077       [1]    R7
0x0078       [1]    R8
0x0079       [1]    R9
0x007A       [1]    R10
0x007B       [1]    R11
0x007C       [1]    R12
0x007D       [1]    R13
0x007E       [1]    R14
0x007F       [1]    R15
0x0081       [0]    INTEDG_bit
0x0081       [0]    T0SE_bit
0x0081       [0]    T0CS_bit
0x0081       [0]    NOT_RBPU_bit
0x0081       [0]    PSA_bit
0x0081       [0]    PS1_bit
0x0081       [0]    PS0_bit
0x0081       [0]    PS2_bit
0x0081       [1]    OPTION_REG
0x0085       [0]    TRISA2_bit
0x0085       [0]    TRISA1_bit
0x0085       [0]    TRISA0_bit
0x0085       [0]    TRISA3_bit
0x0085       [0]    TRISA7_bit
0x0085       [1]    TRISA
0x0085       [0]    TRISA6_bit
0x0085       [0]    TRISA4_bit
0x0085       [0]    TRISA5_bit
0x0086       [0]    TRISB2_bit
0x0086       [1]    TRISB
0x0086       [0]    TRISB0_bit
0x0086       [0]    TRISB1_bit
0x0086       [0]    TRISB6_bit
0x0086       [0]    TRISB7_bit
0x0086       [0]    TRISB5_bit
0x0086       [0]    TRISB3_bit
0x0086       [0]    TRISB4_bit
0x0087       [0]    TRISC7_bit
0x0087       [0]    TRISC6_bit
0x0087       [0]    TRISC3_bit
0x0087       [0]    TRISC4_bit
0x0087       [0]    TRISC2_bit
0x0087       [0]    TRISC0_bit
0x0087       [0]    TRISC1_bit
0x0087       [0]    TRISC5_bit
0x0087       [1]    TRISC
0x0088       [1]    TRISD
0x0088       [0]    TRISD6_bit
0x0088       [0]    TRISD2_bit
0x0088       [0]    TRISD7_bit
0x0088       [0]    TRISD0_bit
0x0088       [0]    TRISD4_bit
0x0088       [0]    TRISD3_bit
0x0088       [0]    TRISD1_bit
0x0088       [0]    TRISD5_bit
0x0089       [0]    TRISE0_bit
0x0089       [0]    TRISE2_bit
0x0089       [0]    TRISE1_bit
0x0089       [1]    TRISE
0x0089       [0]    TRISE3_bit
0x008C       [0]    TMR1IE_bit
0x008C       [0]    TXIE_bit
0x008C       [0]    TMR2IE_bit
0x008C       [0]    ADIE_bit
0x008C       [1]    PIE1
0x008C       [0]    RCIE_bit
0x008C       [0]    CCP1IE_bit
0x008C       [0]    SSPIE_bit
0x008D       [0]    BCLIE_bit
0x008D       [0]    EEIE_bit
0x008D       [0]    C1IE_bit
0x008D       [0]    OSFIE_bit
0x008D       [0]    C2IE_bit
0x008D       [1]    PIE2
0x008D       [0]    ULPWUIE_bit
0x008D       [0]    CCP2IE_bit
0x008E       [1]    PCON
0x008E       [0]    SBOREN_bit
0x008E       [0]    ULPWUE_bit
0x008E       [0]    NOT_POR_bit
0x008E       [0]    NOT_BO_bit
0x008E       [0]    NOT_BOR_bit
0x008F       [1]    OSCCON
0x008F       [0]    HTS_bit
0x008F       [0]    LTS_bit
0x008F       [0]    IRCF1_bit
0x008F       [0]    SCS_bit
0x008F       [0]    IRCF0_bit
0x008F       [0]    OSTS_bit
0x008F       [0]    IRCF2_bit
0x0090       [0]    TUN1_bit
0x0090       [0]    TUN2_bit
0x0090       [0]    TUN3_bit
0x0090       [0]    TUN0_bit
0x0090       [1]    OSCTUNE
0x0090       [0]    TUN4_bit
0x0091       [1]    SSPCON2
0x0091       [0]    PEN_bit
0x0091       [0]    ACKDT_bit
0x0091       [0]    ACKEN_bit
0x0091       [0]    RCEN_bit
0x0091       [0]    SEN_bit
0x0091       [0]    ACKSTAT_bit
0x0091       [0]    RSEN_bit
0x0091       [0]    GCEN_bit
0x0092       [1]    PR2
0x0093       [1]    SSPADD
0x0093       [1]    MSK
0x0093       [1]    SSPMSK
0x0094       [0]    DATA_ADDRESS_bit
0x0094       [0]    I2C_DATA_bit
0x0094       [0]    D_bit
0x0094       [0]    CKE_bit
0x0094       [0]    D_A_bit
0x0094       [0]    NOT_ADDRESS_bit
0x0094       [0]    NOT_A_bit
0x0094       [0]    UA_bit
0x0094       [0]    BF_bit
0x0094       [0]    NOT_W_bit
0x0094       [0]    NOT_WRITE_bit
0x0094       [0]    R_W_bit
0x0094       [0]    READ_WRITE_bit
0x0094       [0]    I2C_READ_bit
0x0094       [0]    S_bit
0x0094       [0]    I2C_STOP__bit
0x0094       [0]    P_bit
0x0094       [0]    R_bit
0x0094       [0]    I2C_START__bit
0x0094       [1]    SSPSTAT
0x0094       [0]    SMP_bit
0x0095       [0]    WPUB5_bit
0x0095       [0]    WPUB2_bit
0x0095       [0]    WPUB6_bit
0x0095       [1]    WPUB
0x0095       [0]    WPUB4_bit
0x0095       [0]    WPUB3_bit
0x0095       [0]    WPUB1_bit
0x0095       [0]    WPUB0_bit
0x0095       [0]    WPUB7_bit
0x0096       [1]    IOCB
0x0096       [0]    IOCB1_bit
0x0096       [0]    IOCB4_bit
0x0096       [0]    IOCB0_bit
0x0096       [0]    IOCB2_bit
0x0096       [0]    IOCB6_bit
0x0096       [0]    IOCB7_bit
0x0096       [0]    IOCB3_bit
0x0096       [0]    IOCB5_bit
0x0097       [0]    VRR_bit
0x0097       [0]    VR1_bit
0x0097       [0]    VR0_bit
0x0097       [0]    VRSS_bit
0x0097       [1]    VRCON
0x0097       [0]    VREN_bit
0x0097       [0]    VR3_bit
0x0097       [0]    VROE_bit
0x0097       [0]    VR2_bit
0x0098       [0]    SENDB_bit
0x0098       [0]    BRGH_bit
0x0098       [0]    TRMT_bit
0x0098       [0]    TX9D_bit
0x0098       [1]    TXSTA
0x0098       [0]    TX9_bit
0x0098       [0]    TX8_9_bit
0x0098       [0]    NOT_TX8_bit
0x0098       [0]    TXEN_bit
0x0098       [0]    CSRC_bit
0x0098       [0]    SYNC_bit
0x0098       [0]    TXD8_bit
0x0099       [0]    BRG1_bit
0x0099       [0]    BRG0_bit
0x0099       [0]    BRG2_bit
0x0099       [0]    BRG4_bit
0x0099       [0]    BRG7_bit
0x0099       [0]    BRG6_bit
0x0099       [0]    BRG5_bit
0x0099       [1]    SPBRG
0x0099       [0]    BRG3_bit
0x009A       [0]    BRG8_bit
0x009A       [0]    BRG11_bit
0x009A       [0]    BRG10_bit
0x009A       [1]    SPBRGH
0x009A       [0]    BRG9_bit
0x009A       [0]    BRG13_bit
0x009A       [0]    BRG14_bit
0x009A       [0]    BRG15_bit
0x009A       [0]    BRG12_bit
0x009B       [1]    PWM1CON
0x009B       [0]    PDC1_bit
0x009B       [0]    PDC2_bit
0x009B       [0]    PRSEN_bit
0x009B       [0]    PDC0_bit
0x009B       [0]    PDC6_bit
0x009B       [0]    PDC5_bit
0x009B       [0]    PDC3_bit
0x009B       [0]    PDC4_bit
0x009C       [0]    PSSAC1_bit
0x009C       [0]    PSSAC0_bit
0x009C       [0]    PSSBD0_bit
0x009C       [0]    PSSBD1_bit
0x009C       [1]    ECCPAS
0x009C       [0]    ECCPASE_bit
0x009C       [0]    ECCPAS1_bit
0x009C       [0]    ECCPAS0_bit
0x009C       [0]    ECCPAS2_bit
0x009D       [0]    STRB_bit
0x009D       [0]    STRC_bit
0x009D       [0]    STRA_bit
0x009D       [1]    PSTRCON
0x009D       [0]    STRSYNC_bit
0x009D       [0]    STRD_bit
0x009E       [1]    ADRESL
0x009F       [1]    ADCON1
0x009F       [0]    VCFG1_bit
0x009F       [0]    VCFG0_bit
0x009F       [0]    ADFM_bit
0x0105       [0]    SWDTEN_bit
0x0105       [0]    WDTPS2_bit
0x0105       [0]    WDTPS1_bit
0x0105       [1]    WDTCON
0x0105       [0]    WDTPS3_bit
0x0105       [0]    WDTPS0_bit
0x0107       [0]    C1CH0_bit
0x0107       [0]    C1ON_bit
0x0107       [1]    CM1CON0
0x0107       [0]    C1CH1_bit
0x0107       [0]    C1POL_bit
0x0107       [0]    C1OE_bit
0x0107       [0]    C1R_bit
0x0107       [0]    C1OUT_bit
0x0108       [0]    C2ON_bit
0x0108       [0]    C2OUT_bit
0x0108       [0]    C2CH0_bit
0x0108       [0]    C2CH1_bit
0x0108       [0]    C2R_bit
0x0108       [1]    CM2CON0
0x0108       [0]    C2OE_bit
0x0108       [0]    C2POL_bit
0x0109       [0]    C2RSEL_bit
0x0109       [0]    T1GSS_bit
0x0109       [0]    C2SYNC_bit
0x0109       [0]    MC1OUT_bit
0x0109       [0]    MC2OUT_bit
0x0109       [0]    C1RSEL_bit
0x0109       [1]    CM2CON1
0x010C       [1]    EEDAT
0x010C       [1]    EEDATA
0x010D       [1]    EEADR
0x010E       [1]    EEDATH
0x010F       [1]    EEADRH
0x0185       [0]    PULSS_bit
0x0185       [0]    C2REN_bit
0x0185       [0]    PULSR_bit
0x0185       [0]    FVREN_bit
0x0185       [0]    C1SEN_bit
0x0185       [1]    SRCON
0x0185       [0]    SR1_bit
0x0185       [0]    SR0_bit
0x0187       [0]    BRG16_bit
0x0187       [0]    WUE_bit
0x0187       [0]    ABDEN_bit
0x0187       [0]    SCKP_bit
0x0187       [1]    BAUDCTL
0x0187       [0]    ABDOVF_bit
0x0187       [0]    RCIDL_bit
0x0188       [0]    ANS2_bit
0x0188       [0]    ANS3_bit
0x0188       [0]    ANS0_bit
0x0188       [0]    ANS1_bit
0x0188       [0]    ANS4_bit
0x0188       [0]    ANS7_bit
0x0188       [1]    ANSEL
0x0188       [0]    ANS5_bit
0x0188       [0]    ANS6_bit
0x0189       [0]    ANS11_bit
0x0189       [0]    ANS12_bit
0x0189       [0]    ANS13_bit
0x0189       [0]    ANS8_bit
0x0189       [1]    ANSELH
0x0189       [0]    ANS10_bit
0x0189       [0]    ANS9_bit
0x018C       [0]    RD_bit
0x018C       [1]    EECON1
0x018C       [0]    WR_bit
0x018C       [0]    WRERR_bit
0x018C       [0]    EEPGD_bit
0x018C       [0]    WREN_bit
0x018D       [1]    EECON2
//** Label List: ** 
//----------------------------------------------
  L_end_Led_Android_interrupt
  L_Led_Android_interrupt1
  L_Led_Android_interrupt2
  L_Led_Android_interrupt3
  L_end_Led_Android_letra_e
  L_Led_Android_letra_e5
  L_Led_Android_letra_e6
  L_Led_Android_letra_e7
  L_end_Led_Android_letra_m
  L_Led_Android_letra_m9
  L_Led_Android_letra_m10
  L_Led_Android_letra_m11
  L_end_Led_Android_letra_l
  L_Led_Android_letra_l13
  L_Led_Android_letra_l14
  L_Led_Android_letra_l15
  L_end_Led_Android_letra_c
  L_Led_Android_letra_c17
  L_Led_Android_letra_c18
  L_Led_Android_letra_c19
  L_end__main
  L__main21
  L__main22
  L__main23
  L__main24
  L__main25
  L__main26
  L__main27
  L__main28
  L__main29
  L__main30
  L__main31
  L__main32
  L__main33
  L__main34
  L__main35
  L__main36
  L__main37
  L__main38
  L__main39
  L__main40
  L__main41
  L__main42
  L__main43
  L__main44
  L__main45
  L__main46
  L__main47
  L__main48
  L__main49
  L__main50
  L__main51
  L__main52
  L__main53
  L__main54
  L__main55
  L__main56
  L__main57
  L__main58
  L__main59
  L__main60
  L__main61
  L__main62
  L__main63
  L__main64
  L__main65
  L__main66
  L__main67
  L__main68
  L__main69
  L__main70
  L__main71
  L__main72
  L__main73
  L__main74
  L__main75
  L__main76
  L__main77
  L__main78
  L__main79
  L__main80
  L__main81
  L__main82
  L__main83
  L__main84
  L__main85
  L__main86
  L__main87
  L__main88
  L__main89
  L__main90
  L__main91
  L__main92
  L__main93
  L__main94
  L__main95
  L__main96
  L__main97
  L__main98
  L__main99
  L__main100
  L__main101
  L__main102
  L__main103
  L__main104
  L__main105
  L__main106
  L__main107
  L__main108
  L__main109
  L__main110
  L__main111
  L__main112
  Led_Android_interrupt
  L_Led_Android_interrupt113
  Led_Android_letra_e
  Led_Android_letra_m
  Led_Android_letra_l
  Led_Android_letra_c
  _main
  L_end__UART1_Init
  L__UART1_Init1
  L__UART1_Init2
  L__UART1_Init3
  L__UART1_Init4
  L__UART1_Init5
  L_end__UART1_Data_Ready
  L_end__UART1_Read
  L__UART1_Read8
  L__UART1_Read9
  L__UART1_Read10
  L_end__UART1_TX_Idle
  L_end__UART1_Write
  L__UART1_Write13
  L__UART1_Write14
  L__UART1_Write15
  L__UART1_Write16
  L__UART1_Write17
  L_end__UART1_Write_Text
  L__UART1_Write_Text19
  L__UART1_Write_Text20
  L__UART1_Write_Text21
  L__UART1_Write_Text22
  L__UART1_Write_Text23
  L_end__UART1_Read_Text
  L__UART1_Read_Text25
  L__UART1_Read_Text26
  L__UART1_Read_Text27
  L__UART1_Read_Text28
  L__UART1_Read_Text29
  L__UART1_Read_Text30
  L__UART1_Read_Text31
  L__UART1_Read_Text32
  L__UART1_Read_Text33
  L__UART1_Read_Text34
  L__UART1_Read_Text35
  L__UART1_Read_Text36
  L__UART1_Read_Text37
  L__UART1_Read_Text38
  L__UART1_Read_Text39
  L__UART1_Read_Text40
  L__UART1_Read_Text41
  L__UART1_Read_Text42
  L__UART1_Read_Text43
  L__UART1_Read_Text44
  L__UART1_Read_Text45
  L__UART1_Read_Text46
  _UART1_Init
  _UART1_Data_Ready
  _UART1_Read
  _UART1_TX_Idle
  _UART1_Write
  _UART1_Write_Text
  _UART1_Read_Text
  L_end_Led_Android_interrupt
  L_Led_Android_interrupt1
  L_Led_Android_interrupt2
  L_Led_Android_interrupt3
  L_end_Led_Android_letra_e
  L_Led_Android_letra_e5
  L_Led_Android_letra_e6
  L_Led_Android_letra_e7
  L_end_Led_Android_letra_m
  L_Led_Android_letra_m9
  L_Led_Android_letra_m10
  L_Led_Android_letra_m11
  L_end_Led_Android_letra_l
  L_Led_Android_letra_l13
  L_Led_Android_letra_l14
  L_Led_Android_letra_l15
  L_end_Led_Android_letra_c
  L_Led_Android_letra_c17
  L_Led_Android_letra_c18
  L_Led_Android_letra_c19
  L_end__main
  L__main21
  L__main22
  L__main23
  L__main24
  L__main25
  L__main26
  L__main27
  L__main28
  L__main29
  L__main30
  L__main31
  L__main32
  L__main33
  L__main34
  L__main35
  L__main36
  L__main37
  L__main38
  L__main39
  L__main40
  L__main41
  L__main42
  L__main43
  L__main44
  L__main45
  L__main46
  L__main47
  L__main48
  L__main49
  L__main50
  L__main51
  L__main52
  L__main53
  L__main54
  L__main55
  L__main56
  L__main57
  L__main58
  L__main59
  L__main60
  L__main61
  L__main62
  L__main63
  L__main64
  L__main65
  L__main66
  L__main67
  L__main68
  L__main69
  L__main70
  L__main71
  L__main72
  L__main73
  L__main74
  L__main75
  L__main76
  L__main77
  L__main78
  L__main79
  L__main80
  L__main81
  L__main82
  L__main83
  L__main84
  L__main85
  L__main86
  L__main87
  L__main88
  L__main89
  L__main90
  L__main91
  L__main92
  L__main93
  L__main94
  L__main95
  L__main96
  L__main97
  L__main98
  L__main99
  L__main100
  L__main101
  L__main102
  L__main103
  L__main104
  L__main105
  L__main106
  L__main107
  L__main108
  L__main109
  L__main110
  L__main111
  L__main112
  Led_Android_interrupt
  L_Led_Android_interrupt113
  Led_Android_letra_e
  Led_Android_letra_m
  Led_Android_letra_l
  Led_Android_letra_c
  _main
  L_end__UART1_Init
  L__UART1_Init1
  L__UART1_Init2
  L__UART1_Init3
  L__UART1_Init4
  L__UART1_Init5
  L_end__UART1_Data_Ready
  L_end__UART1_Read
  L__UART1_Read8
  L__UART1_Read9
  L__UART1_Read10
  L_end__UART1_TX_Idle
  L_end__UART1_Write
  L__UART1_Write13
  L__UART1_Write14
  L__UART1_Write15
  L__UART1_Write16
  L__UART1_Write17
  L_end__UART1_Write_Text
  L__UART1_Write_Text19
  L__UART1_Write_Text20
  L__UART1_Write_Text21
  L__UART1_Write_Text22
  L__UART1_Write_Text23
  L_end__UART1_Read_Text
  L__UART1_Read_Text25
  L__UART1_Read_Text26
  L__UART1_Read_Text27
  L__UART1_Read_Text28
  L__UART1_Read_Text29
  L__UART1_Read_Text30
  L__UART1_Read_Text31
  L__UART1_Read_Text32
  L__UART1_Read_Text33
  L__UART1_Read_Text34
  L__UART1_Read_Text35
  L__UART1_Read_Text36
  L__UART1_Read_Text37
  L__UART1_Read_Text38
  L__UART1_Read_Text39
  L__UART1_Read_Text40
  L__UART1_Read_Text41
  L__UART1_Read_Text42
  L__UART1_Read_Text43
  L__UART1_Read_Text44
  L__UART1_Read_Text45
  L__UART1_Read_Text46
  _UART1_Init
  _UART1_Data_Ready
  _UART1_Read
  _UART1_TX_Idle
  _UART1_Write
  _UART1_Write_Text
  _UART1_Read_Text
