;  LST file generated by mikroListExporter - v.2.0 
; Date/Time: 06/12/2012 20:18:38
;----------------------------------------------

;Address Opcode 	ASM
0x0000	0x2A4B      	GOTO       587
_Div_16x16_U:
;__Lib_Math.mpas,207 :: 		
;__Lib_Math.mpas,213 :: 		
0x0003	0x1283      	BCF        STATUS, 5
;__Lib_Math.mpas,214 :: 		
0x0004	0x1303      	BCF        STATUS, 6
;__Lib_Math.mpas,215 :: 		
0x0005	0x01F8      	CLRF       R8
;__Lib_Math.mpas,216 :: 		
0x0006	0x01F9      	CLRF       R9
;__Lib_Math.mpas,217 :: 		
0x0007	0x3010      	MOVLW      16
;__Lib_Math.mpas,218 :: 		
0x0008	0x00FC      	MOVWF      R12
;__Lib_Math.mpas,219 :: 		
0x0009	0x0D71      	RLF        R1, 0
;__Lib_Math.mpas,220 :: 		
0x000A	0x0DF8      	RLF        R8, 1
;__Lib_Math.mpas,221 :: 		
0x000B	0x0DF9      	RLF        R9, 1
;__Lib_Math.mpas,222 :: 		
0x000C	0x0874      	MOVF       R4, 0
;__Lib_Math.mpas,223 :: 		
0x000D	0x02F8      	SUBWF      R8, 1
;__Lib_Math.mpas,224 :: 		
0x000E	0x0875      	MOVF       R5, 0
;__Lib_Math.mpas,225 :: 		
0x000F	0x1C03      	BTFSS      STATUS, 0
;__Lib_Math.mpas,226 :: 		
0x0010	0x0F75      	INCFSZ     R5, 0
;__Lib_Math.mpas,227 :: 		
0x0011	0x02F9      	SUBWF      R9, 1
;__Lib_Math.mpas,228 :: 		
0x0012	0x1803      	BTFSC      STATUS, 0
;__Lib_Math.mpas,229 :: 		
0x0013	0x281B      	GOTO       $+8
;__Lib_Math.mpas,230 :: 		
0x0014	0x0874      	MOVF       R4, 0
;__Lib_Math.mpas,231 :: 		
0x0015	0x07F8      	ADDWF      R8, 1
;__Lib_Math.mpas,232 :: 		
0x0016	0x0875      	MOVF       R5, 0
;__Lib_Math.mpas,233 :: 		
0x0017	0x1803      	BTFSC      STATUS, 0
;__Lib_Math.mpas,234 :: 		
0x0018	0x0F75      	INCFSZ     R5, 0
;__Lib_Math.mpas,235 :: 		
0x0019	0x07F9      	ADDWF      R9, 1
;__Lib_Math.mpas,236 :: 		
0x001A	0x1003      	BCF        STATUS, 0
;__Lib_Math.mpas,237 :: 		
0x001B	0x0DF0      	RLF        R0, 1
;__Lib_Math.mpas,238 :: 		
0x001C	0x0DF1      	RLF        R1, 1
;__Lib_Math.mpas,239 :: 		
0x001D	0x0BFC      	DECFSZ     R12, 1
;__Lib_Math.mpas,240 :: 		
0x001E	0x2809      	GOTO       $-21
;__Lib_Math.mpas,242 :: 		
0x001F	0x0008      	RETURN
; end of _Div_16x16_U
codigo_fuente_ultrasonico1:
;codigo_fuente.mbas,15 :: 		dim flanco as byte
;codigo_fuente.mbas,16 :: 		flanco = 0
0x0020	0x1283      	BCF        STATUS, 5
0x0021	0x1303      	BCF        STATUS, 6
0x0022	0x01B3      	CLRF       ultrasonico1_flanco
;codigo_fuente.mbas,17 :: 		tiempo=0
0x0023	0x01AC      	CLRF       _tiempo
0x0024	0x01AD      	CLRF       _tiempo+1
;codigo_fuente.mbas,18 :: 		disparo1 = 1
0x0025	0x1406      	BSF        PORTB, 0
;codigo_fuente.mbas,19 :: 		Delay_us(50)
0x0026	0x3010      	MOVLW      16
0x0027	0x00FD      	MOVWF      R13
L_codigo_fuente_ultrasonico11:
0x0028	0x0BFD      	DECFSZ     R13, 1
0x0029	0x2828      	GOTO       L_codigo_fuente_ultrasonico11
0x002A	0x0000      	NOP
;codigo_fuente.mbas,20 :: 		disparo1 = 0
0x002B	0x1006      	BCF        PORTB, 0
;codigo_fuente.mbas,21 :: 		DO
L_codigo_fuente_ultrasonico12:
;codigo_fuente.mbas,22 :: 		IF( eco1 = 1 ) THEN
0x002C	0x1C86      	BTFSS      PORTB, 1
0x002D	0x2831      	GOTO       L_codigo_fuente_ultrasonico18
;codigo_fuente.mbas,23 :: 		TMR0 = 0
0x002E	0x0181      	CLRF       TMR0
;codigo_fuente.mbas,24 :: 		flanco = 1
0x002F	0x3001      	MOVLW      1
0x0030	0x00B3      	MOVWF      ultrasonico1_flanco
L_codigo_fuente_ultrasonico18:
;codigo_fuente.mbas,26 :: 		LOOP UNTIL( flanco = 1 )
0x0031	0x0833      	MOVF       ultrasonico1_flanco, 0
0x0032	0x3A01      	XORLW      1
0x0033	0x1903      	BTFSC      STATUS, 2
0x0034	0x2836      	GOTO       L_codigo_fuente_ultrasonico15
0x0035	0x282C      	GOTO       L_codigo_fuente_ultrasonico12
L_codigo_fuente_ultrasonico15:
;codigo_fuente.mbas,27 :: 		DO
L_codigo_fuente_ultrasonico110:
;codigo_fuente.mbas,28 :: 		IF( eco1 = 0 )THEN
0x0036	0x1886      	BTFSC      PORTB, 1
0x0037	0x283C      	GOTO       L_codigo_fuente_ultrasonico116
;codigo_fuente.mbas,29 :: 		tiempo = TMR0
0x0038	0x0801      	MOVF       TMR0, 0
0x0039	0x00AC      	MOVWF      _tiempo
0x003A	0x01AD      	CLRF       _tiempo+1
;codigo_fuente.mbas,30 :: 		flanco = 0
0x003B	0x01B3      	CLRF       ultrasonico1_flanco
L_codigo_fuente_ultrasonico116:
;codigo_fuente.mbas,32 :: 		if(TMR0>202)THEN
0x003C	0x0801      	MOVF       TMR0, 0
0x003D	0x3CCA      	SUBLW      202
0x003E	0x1803      	BTFSC      STATUS, 0
0x003F	0x2843      	GOTO       L_codigo_fuente_ultrasonico119
;codigo_fuente.mbas,33 :: 		tiempo=204
0x0040	0x30CC      	MOVLW      204
0x0041	0x00AC      	MOVWF      _tiempo
0x0042	0x01AD      	CLRF       _tiempo+1
L_codigo_fuente_ultrasonico119:
;codigo_fuente.mbas,35 :: 		LOOP UNTIL( FLANCO = 0 )
0x0043	0x0833      	MOVF       ultrasonico1_flanco, 0
0x0044	0x3A00      	XORLW      0
0x0045	0x1903      	BTFSC      STATUS, 2
0x0046	0x2848      	GOTO       L_codigo_fuente_ultrasonico113
0x0047	0x2836      	GOTO       L_codigo_fuente_ultrasonico110
L_codigo_fuente_ultrasonico113:
;codigo_fuente.mbas,36 :: 		distan = (tiempo*128)/58
0x0048	0x3007      	MOVLW      7
0x0049	0x00F2      	MOVWF      R2
0x004A	0x082C      	MOVF       _tiempo, 0
0x004B	0x00F0      	MOVWF      R0
0x004C	0x082D      	MOVF       _tiempo+1, 0
0x004D	0x00F1      	MOVWF      R0+1
0x004E	0x0872      	MOVF       R2, 0
L_codigo_fuente_ultrasonico130:
0x004F	0x1903      	BTFSC      STATUS, 2
0x0050	0x2856      	GOTO       L_codigo_fuente_ultrasonico131
0x0051	0x0DF0      	RLF        R0, 1
0x0052	0x0DF1      	RLF        R0+1, 1
0x0053	0x1070      	BCF        R0, 0
0x0054	0x3EFF      	ADDLW      255
0x0055	0x284F      	GOTO       L_codigo_fuente_ultrasonico130
L_codigo_fuente_ultrasonico131:
0x0056	0x303A      	MOVLW      58
0x0057	0x00F4      	MOVWF      R4
0x0058	0x01F5      	CLRF       R4+1
0x0059	0x2003      	CALL       _Div_16x16_U
0x005A	0x0870      	MOVF       R0, 0
0x005B	0x00AF      	MOVWF      _distan
0x005C	0x0871      	MOVF       R0+1, 0
0x005D	0x00B0      	MOVWF      _distan+1
;codigo_fuente.mbas,37 :: 		Delay_ms (5)
0x005E	0x3007      	MOVLW      7
0x005F	0x00FC      	MOVWF      R12
0x0060	0x307D      	MOVLW      125
0x0061	0x00FD      	MOVWF      R13
L_codigo_fuente_ultrasonico121:
0x0062	0x0BFD      	DECFSZ     R13, 1
0x0063	0x2862      	GOTO       L_codigo_fuente_ultrasonico121
0x0064	0x0BFC      	DECFSZ     R12, 1
0x0065	0x2862      	GOTO       L_codigo_fuente_ultrasonico121
;codigo_fuente.mbas,38 :: 		result = distan
0x0066	0x082F      	MOVF       _distan, 0
0x0067	0x00B1      	MOVWF      ultrasonico1_local_result
0x0068	0x0830      	MOVF       _distan+1, 0
0x0069	0x00B2      	MOVWF      ultrasonico1_local_result+1
0x006A	0x0831      	MOVF       ultrasonico1_local_result, 0
0x006B	0x00F0      	MOVWF      R0
0x006C	0x0832      	MOVF       ultrasonico1_local_result+1, 0
0x006D	0x00F1      	MOVWF      R0+1
0x006E	0x0008      	RETURN
; end of codigo_fuente_ultrasonico1
codigo_fuente_pwm1_set_data:
;codigo_fuente.mbas,42 :: 		dim tmp2 as integer
;codigo_fuente.mbas,43 :: 		tmp2 = (pwmduty/4)
0x006F	0x1283      	BCF        STATUS, 5
0x0070	0x1303      	BCF        STATUS, 6
0x0071	0x0831      	MOVF       FARG_pwm1_set_data_pwmduty, 0
0x0072	0x00F0      	MOVWF      R0
0x0073	0x0832      	MOVF       FARG_pwm1_set_data_pwmduty+1, 0
0x0074	0x00F1      	MOVWF      R0+1
0x0075	0x0CF1      	RRF        R0+1, 1
0x0076	0x0CF0      	RRF        R0, 1
0x0077	0x13F1      	BCF        R0+1, 7
0x0078	0x1B71      	BTFSC      R0+1, 6
0x0079	0x17F1      	BSF        R0+1, 7
0x007A	0x0CF1      	RRF        R0+1, 1
0x007B	0x0CF0      	RRF        R0, 1
0x007C	0x13F1      	BCF        R0+1, 7
0x007D	0x1B71      	BTFSC      R0+1, 6
0x007E	0x17F1      	BSF        R0+1, 7
;codigo_fuente.mbas,44 :: 		CCPR1L = tmp2
0x007F	0x0870      	MOVF       R0, 0
0x0080	0x0095      	MOVWF      CCPR1L
;codigo_fuente.mbas,45 :: 		tmp2 = (pwmduty and 0x0003)
0x0081	0x3003      	MOVLW      3
0x0082	0x0531      	ANDWF      FARG_pwm1_set_data_pwmduty, 0
0x0083	0x00F2      	MOVWF      R2
0x0084	0x0832      	MOVF       FARG_pwm1_set_data_pwmduty+1, 0
0x0085	0x00F3      	MOVWF      R2+1
0x0086	0x3000      	MOVLW      0
0x0087	0x05F3      	ANDWF      R2+1, 1
;codigo_fuente.mbas,47 :: 		CCP1CON.CCP1X = ((tmp>>1) and 0x01)
0x0088	0x0872      	MOVF       R2, 0
0x0089	0x00F0      	MOVWF      R0
0x008A	0x0CF0      	RRF        R0, 1
0x008B	0x13F0      	BCF        R0, 7
0x008C	0x3001      	MOVLW      1
0x008D	0x05F0      	ANDWF      R0, 1
0x008E	0x1870      	BTFSC      R0, 0
0x008F	0x2892      	GOTO       L_codigo_fuente_pwm1_set_data32
0x0090	0x1297      	BCF        CCP1CON, 5
0x0091	0x2893      	GOTO       L_codigo_fuente_pwm1_set_data33
L_codigo_fuente_pwm1_set_data32:
0x0092	0x1697      	BSF        CCP1CON, 5
L_codigo_fuente_pwm1_set_data33:
;codigo_fuente.mbas,48 :: 		CCP1CON.CCP1Y = (tmp and 0x01)
0x0093	0x3001      	MOVLW      1
0x0094	0x0572      	ANDWF      R2, 0
0x0095	0x00F0      	MOVWF      R0
0x0096	0x1870      	BTFSC      R0, 0
0x0097	0x289A      	GOTO       L_codigo_fuente_pwm1_set_data34
0x0098	0x1217      	BCF        CCP1CON, 4
0x0099	0x289B      	GOTO       L_codigo_fuente_pwm1_set_data35
L_codigo_fuente_pwm1_set_data34:
0x009A	0x1617      	BSF        CCP1CON, 4
L_codigo_fuente_pwm1_set_data35:
0x009B	0x0008      	RETURN
; end of codigo_fuente_pwm1_set_data
_Mul_32x32_U:
;__Lib_Math.mpas,1771 :: 		
;__Lib_Math.mpas,1785 :: 		
0x009C	0x1283      	BCF        STATUS, 5
;__Lib_Math.mpas,1786 :: 		
0x009D	0x1303      	BCF        STATUS, 6
;__Lib_Math.mpas,1787 :: 		
0x009E	0x3022      	MOVLW      34
;__Lib_Math.mpas,1788 :: 		
0x009F	0x00FC      	MOVWF      R12
;__Lib_Math.mpas,1789 :: 		
0x00A0	0x01F8      	CLRF       R8
;__Lib_Math.mpas,1790 :: 		
0x00A1	0x01F9      	CLRF       R9
;__Lib_Math.mpas,1791 :: 		
0x00A2	0x01FA      	CLRF       R10
;__Lib_Math.mpas,1792 :: 		
0x00A3	0x01FB      	CLRF       R11
;__Lib_Math.mpas,1794 :: 		
_NEXT:
;__Lib_Math.mpas,1798 :: 		
0x00A4	0x03FC      	DECF       R12, 1
;__Lib_Math.mpas,1799 :: 		
0x00A5	0x1903      	BTFSC      STATUS, 2
;__Lib_Math.mpas,1800 :: 		
0x00A6	0x28D2      	GOTO       _EXIT2
;__Lib_Math.mpas,1801 :: 		
0x00A7	0x1003      	BCF        STATUS, 0
;__Lib_Math.mpas,1803 :: 		
_LOOP:
;__Lib_Math.mpas,1812 :: 		
0x00A8	0x0CFB      	RRF        R11, 1
;__Lib_Math.mpas,1813 :: 		
0x00A9	0x0CFA      	RRF        R10, 1
;__Lib_Math.mpas,1814 :: 		
0x00AA	0x0CF9      	RRF        R9, 1
;__Lib_Math.mpas,1815 :: 		
0x00AB	0x0CF8      	RRF        R8, 1
;__Lib_Math.mpas,1816 :: 		
0x00AC	0x0CF3      	RRF        R3, 1
;__Lib_Math.mpas,1817 :: 		
0x00AD	0x0CF2      	RRF        R2, 1
;__Lib_Math.mpas,1818 :: 		
0x00AE	0x0CF1      	RRF        R1, 1
;__Lib_Math.mpas,1819 :: 		
0x00AF	0x0CF0      	RRF        R0, 1
;__Lib_Math.mpas,1824 :: 		
0x00B0	0x1C03      	BTFSS      STATUS, 0
;__Lib_Math.mpas,1825 :: 		
0x00B1	0x28A4      	GOTO       _NEXT
;__Lib_Math.mpas,1826 :: 		
0x00B2	0x03FC      	DECF       R12, 1
;__Lib_Math.mpas,1827 :: 		
0x00B3	0x1903      	BTFSC      STATUS, 2
;__Lib_Math.mpas,1828 :: 		
0x00B4	0x28C4      	GOTO       _EXIT1
;__Lib_Math.mpas,1835 :: 		
0x00B5	0x0874      	MOVF       R4, 0
;__Lib_Math.mpas,1836 :: 		
0x00B6	0x07F8      	ADDWF      R8, 1
;__Lib_Math.mpas,1837 :: 		
0x00B7	0x0875      	MOVF       R5, 0
;__Lib_Math.mpas,1838 :: 		
0x00B8	0x1803      	BTFSC      STATUS, 0
;__Lib_Math.mpas,1839 :: 		
0x00B9	0x0F75      	INCFSZ     R5, 0
;__Lib_Math.mpas,1840 :: 		
0x00BA	0x07F9      	ADDWF      R9, 1
;__Lib_Math.mpas,1841 :: 		
0x00BB	0x0876      	MOVF       R6, 0
;__Lib_Math.mpas,1842 :: 		
0x00BC	0x1803      	BTFSC      STATUS, 0
;__Lib_Math.mpas,1843 :: 		
0x00BD	0x0F76      	INCFSZ     R6, 0
;__Lib_Math.mpas,1844 :: 		
0x00BE	0x07FA      	ADDWF      R10, 1
;__Lib_Math.mpas,1845 :: 		
0x00BF	0x0877      	MOVF       R7, 0
;__Lib_Math.mpas,1846 :: 		
0x00C0	0x1803      	BTFSC      STATUS, 0
;__Lib_Math.mpas,1847 :: 		
0x00C1	0x0F77      	INCFSZ     R7, 0
;__Lib_Math.mpas,1848 :: 		
0x00C2	0x07FB      	ADDWF      R11, 1
;__Lib_Math.mpas,1850 :: 		
0x00C3	0x28A8      	GOTO       _LOOP
;__Lib_Math.mpas,1852 :: 		
_EXIT1:
;__Lib_Math.mpas,1857 :: 		
0x00C4	0x0874      	MOVF       R4, 0
;__Lib_Math.mpas,1858 :: 		
0x00C5	0x07F8      	ADDWF      R8, 1
;__Lib_Math.mpas,1859 :: 		
0x00C6	0x0875      	MOVF       R5, 0
;__Lib_Math.mpas,1860 :: 		
0x00C7	0x1803      	BTFSC      STATUS, 0
;__Lib_Math.mpas,1861 :: 		
0x00C8	0x0F75      	INCFSZ     R5, 0
;__Lib_Math.mpas,1862 :: 		
0x00C9	0x07F9      	ADDWF      R9, 1
;__Lib_Math.mpas,1863 :: 		
0x00CA	0x0876      	MOVF       R6, 0
;__Lib_Math.mpas,1864 :: 		
0x00CB	0x1803      	BTFSC      STATUS, 0
;__Lib_Math.mpas,1865 :: 		
0x00CC	0x0F76      	INCFSZ     R6, 0
;__Lib_Math.mpas,1866 :: 		
0x00CD	0x07FA      	ADDWF      R10, 1
;__Lib_Math.mpas,1867 :: 		
0x00CE	0x0877      	MOVF       R7, 0
;__Lib_Math.mpas,1868 :: 		
0x00CF	0x1803      	BTFSC      STATUS, 0
;__Lib_Math.mpas,1869 :: 		
0x00D0	0x0F77      	INCFSZ     R7, 0
;__Lib_Math.mpas,1870 :: 		
0x00D1	0x07FB      	ADDWF      R11, 1
;__Lib_Math.mpas,1873 :: 		
_EXIT2:
;__Lib_Math.mpas,1875 :: 		
0x00D2	0x0008      	RETURN
; end of _Mul_32x32_U
_Div_32x32_U:
;__Lib_Math.mpas,1313 :: 		
;__Lib_Math.mpas,1324 :: 		
0x00D3	0x1283      	BCF        STATUS, 5
;__Lib_Math.mpas,1325 :: 		
0x00D4	0x1303      	BCF        STATUS, 6
;__Lib_Math.mpas,1326 :: 		
0x00D5	0x01FB      	CLRF       R11
;__Lib_Math.mpas,1327 :: 		
0x00D6	0x01FA      	CLRF       R10
;__Lib_Math.mpas,1328 :: 		
0x00D7	0x01F9      	CLRF       R9
;__Lib_Math.mpas,1329 :: 		
0x00D8	0x01F8      	CLRF       R8
;__Lib_Math.mpas,1331 :: 		
0x00D9	0x01A0      	CLRF       ___math_tempb
;__Lib_Math.mpas,1333 :: 		
0x00DA	0x0D73      	RLF        R3, 0
;__Lib_Math.mpas,1334 :: 		
0x00DB	0x0DF8      	RLF        R8, 1
;__Lib_Math.mpas,1335 :: 		
0x00DC	0x0874      	MOVF       R4, 0
;__Lib_Math.mpas,1336 :: 		
0x00DD	0x02F8      	SUBWF      R8, 1
;__Lib_Math.mpas,1337 :: 		
0x00DE	0x0875      	MOVF       R5, 0
;__Lib_Math.mpas,1338 :: 		
0x00DF	0x1C03      	BTFSS      STATUS, 0
;__Lib_Math.mpas,1339 :: 		
0x00E0	0x0F75      	INCFSZ     R5, 0
;__Lib_Math.mpas,1340 :: 		
0x00E1	0x02F9      	SUBWF      R9, 1
;__Lib_Math.mpas,1341 :: 		
0x00E2	0x0876      	MOVF       R6, 0
;__Lib_Math.mpas,1342 :: 		
0x00E3	0x1C03      	BTFSS      STATUS, 0
;__Lib_Math.mpas,1343 :: 		
0x00E4	0x0F76      	INCFSZ     R6, 0
;__Lib_Math.mpas,1344 :: 		
0x00E5	0x02FA      	SUBWF      R10, 1
;__Lib_Math.mpas,1345 :: 		
0x00E6	0x0877      	MOVF       R7, 0
;__Lib_Math.mpas,1346 :: 		
0x00E7	0x1C03      	BTFSS      STATUS, 0
;__Lib_Math.mpas,1347 :: 		
0x00E8	0x0F77      	INCFSZ     R7, 0
;__Lib_Math.mpas,1348 :: 		
0x00E9	0x02FB      	SUBWF      R11, 1
;__Lib_Math.mpas,1350 :: 		
0x00EA	0x0100      	CLRW
;__Lib_Math.mpas,1351 :: 		
0x00EB	0x1C03      	BTFSS      STATUS, 0
;__Lib_Math.mpas,1352 :: 		
0x00EC	0x3001      	MOVLW      1
;__Lib_Math.mpas,1353 :: 		
0x00ED	0x02A0      	SUBWF      ___math_tempb, 1
;__Lib_Math.mpas,1354 :: 		
0x00EE	0x0DF3      	RLF        R3, 1
;__Lib_Math.mpas,1356 :: 		
0x00EF	0x3007      	MOVLW      7
;__Lib_Math.mpas,1357 :: 		
0x00F0	0x00FC      	MOVWF      R12
;__Lib_Math.mpas,1359 :: 		
LOOPU3232A:
;__Lib_Math.mpas,1360 :: 		
0x00F1	0x0D73      	RLF        R3, 0
;__Lib_Math.mpas,1361 :: 		
0x00F2	0x0DF8      	RLF        R8, 1
;__Lib_Math.mpas,1362 :: 		
0x00F3	0x0DF9      	RLF        R9, 1
;__Lib_Math.mpas,1363 :: 		
0x00F4	0x0DFA      	RLF        R10, 1
;__Lib_Math.mpas,1364 :: 		
0x00F5	0x0DFB      	RLF        R11, 1
;__Lib_Math.mpas,1365 :: 		
0x00F6	0x0DA0      	RLF        ___math_tempb, 1
;__Lib_Math.mpas,1366 :: 		
0x00F7	0x0874      	MOVF       R4, 0
;__Lib_Math.mpas,1367 :: 		
0x00F8	0x1C73      	BTFSS      R3, 0
;__Lib_Math.mpas,1368 :: 		
0x00F9	0x290C      	GOTO       UADD22LA
;__Lib_Math.mpas,1370 :: 		
0x00FA	0x02F8      	SUBWF      R8, 1
;__Lib_Math.mpas,1371 :: 		
0x00FB	0x0875      	MOVF       R5, 0
;__Lib_Math.mpas,1372 :: 		
0x00FC	0x1C03      	BTFSS      STATUS, 0
;__Lib_Math.mpas,1373 :: 		
0x00FD	0x0F75      	INCFSZ     R5, 0
;__Lib_Math.mpas,1374 :: 		
0x00FE	0x02F9      	SUBWF      R9, 1
;__Lib_Math.mpas,1375 :: 		
0x00FF	0x0876      	MOVF       R6, 0
;__Lib_Math.mpas,1376 :: 		
0x0100	0x1C03      	BTFSS      STATUS, 0
;__Lib_Math.mpas,1377 :: 		
0x0101	0x0F76      	INCFSZ     R6, 0
;__Lib_Math.mpas,1378 :: 		
0x0102	0x02FA      	SUBWF      R10, 1
;__Lib_Math.mpas,1379 :: 		
0x0103	0x0877      	MOVF       R7, 0
;__Lib_Math.mpas,1380 :: 		
0x0104	0x1C03      	BTFSS      STATUS, 0
;__Lib_Math.mpas,1381 :: 		
0x0105	0x0F77      	INCFSZ     R7, 0
;__Lib_Math.mpas,1382 :: 		
0x0106	0x02FB      	SUBWF      R11, 1
;__Lib_Math.mpas,1383 :: 		
0x0107	0x0100      	CLRW
;__Lib_Math.mpas,1384 :: 		
0x0108	0x1C03      	BTFSS      STATUS, 0
;__Lib_Math.mpas,1385 :: 		
0x0109	0x3001      	MOVLW      1
;__Lib_Math.mpas,1386 :: 		
0x010A	0x02A0      	SUBWF      ___math_tempb, 1
;__Lib_Math.mpas,1387 :: 		
0x010B	0x291D      	GOTO       UOK22LA
;__Lib_Math.mpas,1389 :: 		
UADD22LA:
;__Lib_Math.mpas,1390 :: 		
0x010C	0x07F8      	ADDWF      R8, 1
;__Lib_Math.mpas,1391 :: 		
0x010D	0x0875      	MOVF       R5, 0
;__Lib_Math.mpas,1392 :: 		
0x010E	0x1803      	BTFSC      STATUS, 0
;__Lib_Math.mpas,1393 :: 		
0x010F	0x0F75      	INCFSZ     R5, 0
;__Lib_Math.mpas,1394 :: 		
0x0110	0x07F9      	ADDWF      R9, 1
;__Lib_Math.mpas,1395 :: 		
0x0111	0x0876      	MOVF       R6, 0
;__Lib_Math.mpas,1396 :: 		
0x0112	0x1803      	BTFSC      STATUS, 0
;__Lib_Math.mpas,1397 :: 		
0x0113	0x0F76      	INCFSZ     R6, 0
;__Lib_Math.mpas,1398 :: 		
0x0114	0x07FA      	ADDWF      R10, 1
;__Lib_Math.mpas,1399 :: 		
0x0115	0x0877      	MOVF       R7, 0
;__Lib_Math.mpas,1400 :: 		
0x0116	0x1803      	BTFSC      STATUS, 0
;__Lib_Math.mpas,1401 :: 		
0x0117	0x0F77      	INCFSZ     R7, 0
;__Lib_Math.mpas,1402 :: 		
0x0118	0x07FB      	ADDWF      R11, 1
;__Lib_Math.mpas,1403 :: 		
0x0119	0x0100      	CLRW
;__Lib_Math.mpas,1404 :: 		
0x011A	0x1803      	BTFSC      STATUS, 0
;__Lib_Math.mpas,1405 :: 		
0x011B	0x3001      	MOVLW      1
;__Lib_Math.mpas,1406 :: 		
0x011C	0x07A0      	ADDWF      ___math_tempb, 1
;__Lib_Math.mpas,1408 :: 		
UOK22LA:
;__Lib_Math.mpas,1409 :: 		
0x011D	0x0DF3      	RLF        R3, 1
;__Lib_Math.mpas,1411 :: 		
0x011E	0x0BFC      	DECFSZ     R12, 1
;__Lib_Math.mpas,1412 :: 		
0x011F	0x28F1      	GOTO       LOOPU3232A
;__Lib_Math.mpas,1414 :: 		
0x0120	0x0D72      	RLF        R2, 0
;__Lib_Math.mpas,1415 :: 		
0x0121	0x0DF8      	RLF        R8, 1
;__Lib_Math.mpas,1416 :: 		
0x0122	0x0DF9      	RLF        R9, 1
;__Lib_Math.mpas,1417 :: 		
0x0123	0x0DFA      	RLF        R10, 1
;__Lib_Math.mpas,1418 :: 		
0x0124	0x0DFB      	RLF        R11, 1
;__Lib_Math.mpas,1419 :: 		
0x0125	0x0DA0      	RLF        ___math_tempb, 1
;__Lib_Math.mpas,1420 :: 		
0x0126	0x0874      	MOVF       R4, 0
;__Lib_Math.mpas,1421 :: 		
0x0127	0x1C73      	BTFSS      R3, 0
;__Lib_Math.mpas,1422 :: 		
0x0128	0x293B      	GOTO       UADD22L8
;__Lib_Math.mpas,1424 :: 		
0x0129	0x02F8      	SUBWF      R8, 1
;__Lib_Math.mpas,1425 :: 		
0x012A	0x0875      	MOVF       R5, 0
;__Lib_Math.mpas,1426 :: 		
0x012B	0x1C03      	BTFSS      STATUS, 0
;__Lib_Math.mpas,1427 :: 		
0x012C	0x0F75      	INCFSZ     R5, 0
;__Lib_Math.mpas,1428 :: 		
0x012D	0x02F9      	SUBWF      R9, 1
;__Lib_Math.mpas,1429 :: 		
0x012E	0x0876      	MOVF       R6, 0
;__Lib_Math.mpas,1430 :: 		
0x012F	0x1C03      	BTFSS      STATUS, 0
;__Lib_Math.mpas,1431 :: 		
0x0130	0x0F76      	INCFSZ     R6, 0
;__Lib_Math.mpas,1432 :: 		
0x0131	0x02FA      	SUBWF      R10, 1
;__Lib_Math.mpas,1433 :: 		
0x0132	0x0877      	MOVF       R7, 0
;__Lib_Math.mpas,1434 :: 		
0x0133	0x1C03      	BTFSS      STATUS, 0
;__Lib_Math.mpas,1435 :: 		
0x0134	0x0F77      	INCFSZ     R7, 0
;__Lib_Math.mpas,1436 :: 		
0x0135	0x02FB      	SUBWF      R11, 1
;__Lib_Math.mpas,1437 :: 		
0x0136	0x0100      	CLRW
;__Lib_Math.mpas,1438 :: 		
0x0137	0x1C03      	BTFSS      STATUS, 0
;__Lib_Math.mpas,1439 :: 		
0x0138	0x3001      	MOVLW      1
;__Lib_Math.mpas,1440 :: 		
0x0139	0x02A0      	SUBWF      ___math_tempb, 1
;__Lib_Math.mpas,1441 :: 		
0x013A	0x294C      	GOTO       UOK22L8
;__Lib_Math.mpas,1443 :: 		
UADD22L8:
;__Lib_Math.mpas,1444 :: 		
0x013B	0x07F8      	ADDWF      R8, 1
;__Lib_Math.mpas,1445 :: 		
0x013C	0x0875      	MOVF       R5, 0
;__Lib_Math.mpas,1446 :: 		
0x013D	0x1803      	BTFSC      STATUS, 0
;__Lib_Math.mpas,1447 :: 		
0x013E	0x0F75      	INCFSZ     R5, 0
;__Lib_Math.mpas,1448 :: 		
0x013F	0x07F9      	ADDWF      R9, 1
;__Lib_Math.mpas,1449 :: 		
0x0140	0x0876      	MOVF       R6, 0
;__Lib_Math.mpas,1450 :: 		
0x0141	0x1803      	BTFSC      STATUS, 0
;__Lib_Math.mpas,1451 :: 		
0x0142	0x0F76      	INCFSZ     R6, 0
;__Lib_Math.mpas,1452 :: 		
0x0143	0x07FA      	ADDWF      R10, 1
;__Lib_Math.mpas,1453 :: 		
0x0144	0x0877      	MOVF       R7, 0
;__Lib_Math.mpas,1454 :: 		
0x0145	0x1803      	BTFSC      STATUS, 0
;__Lib_Math.mpas,1455 :: 		
0x0146	0x0F77      	INCFSZ     R7, 0
;__Lib_Math.mpas,1456 :: 		
0x0147	0x07FB      	ADDWF      R11, 1
;__Lib_Math.mpas,1457 :: 		
0x0148	0x0100      	CLRW
;__Lib_Math.mpas,1458 :: 		
0x0149	0x1803      	BTFSC      STATUS, 0
;__Lib_Math.mpas,1459 :: 		
0x014A	0x3001      	MOVLW      1
;__Lib_Math.mpas,1460 :: 		
0x014B	0x07A0      	ADDWF      ___math_tempb, 1
;__Lib_Math.mpas,1462 :: 		
UOK22L8:
;__Lib_Math.mpas,1463 :: 		
0x014C	0x0DF2      	RLF        R2, 1
;__Lib_Math.mpas,1465 :: 		
0x014D	0x3007      	MOVLW      7
;__Lib_Math.mpas,1466 :: 		
0x014E	0x00FC      	MOVWF      R12
;__Lib_Math.mpas,1468 :: 		
LOOPU3232B:
;__Lib_Math.mpas,1469 :: 		
0x014F	0x0D72      	RLF        R2, 0
;__Lib_Math.mpas,1470 :: 		
0x0150	0x0DF8      	RLF        R8, 1
;__Lib_Math.mpas,1471 :: 		
0x0151	0x0DF9      	RLF        R9, 1
;__Lib_Math.mpas,1472 :: 		
0x0152	0x0DFA      	RLF        R10, 1
;__Lib_Math.mpas,1473 :: 		
0x0153	0x0DFB      	RLF        R11, 1
;__Lib_Math.mpas,1474 :: 		
0x0154	0x0DA0      	RLF        ___math_tempb, 1
;__Lib_Math.mpas,1475 :: 		
0x0155	0x0874      	MOVF       R4, 0
;__Lib_Math.mpas,1476 :: 		
0x0156	0x1C72      	BTFSS      R2, 0
;__Lib_Math.mpas,1477 :: 		
0x0157	0x296A      	GOTO       UADD22LB
;__Lib_Math.mpas,1479 :: 		
0x0158	0x02F8      	SUBWF      R8, 1
;__Lib_Math.mpas,1480 :: 		
0x0159	0x0875      	MOVF       R5, 0
;__Lib_Math.mpas,1481 :: 		
0x015A	0x1C03      	BTFSS      STATUS, 0
;__Lib_Math.mpas,1482 :: 		
0x015B	0x0F75      	INCFSZ     R5, 0
;__Lib_Math.mpas,1483 :: 		
0x015C	0x02F9      	SUBWF      R9, 1
;__Lib_Math.mpas,1484 :: 		
0x015D	0x0876      	MOVF       R6, 0
;__Lib_Math.mpas,1485 :: 		
0x015E	0x1C03      	BTFSS      STATUS, 0
;__Lib_Math.mpas,1486 :: 		
0x015F	0x0F76      	INCFSZ     R6, 0
;__Lib_Math.mpas,1487 :: 		
0x0160	0x02FA      	SUBWF      R10, 1
;__Lib_Math.mpas,1488 :: 		
0x0161	0x0877      	MOVF       R7, 0
;__Lib_Math.mpas,1489 :: 		
0x0162	0x1C03      	BTFSS      STATUS, 0
;__Lib_Math.mpas,1490 :: 		
0x0163	0x0F77      	INCFSZ     R7, 0
;__Lib_Math.mpas,1491 :: 		
0x0164	0x02FB      	SUBWF      R11, 1
;__Lib_Math.mpas,1492 :: 		
0x0165	0x0100      	CLRW
;__Lib_Math.mpas,1493 :: 		
0x0166	0x1C03      	BTFSS      STATUS, 0
;__Lib_Math.mpas,1494 :: 		
0x0167	0x3001      	MOVLW      1
;__Lib_Math.mpas,1495 :: 		
0x0168	0x02A0      	SUBWF      ___math_tempb, 1
;__Lib_Math.mpas,1496 :: 		
0x0169	0x297B      	GOTO       UOK22LB
;__Lib_Math.mpas,1498 :: 		
UADD22LB:
;__Lib_Math.mpas,1499 :: 		
0x016A	0x07F8      	ADDWF      R8, 1
;__Lib_Math.mpas,1500 :: 		
0x016B	0x0875      	MOVF       R5, 0
;__Lib_Math.mpas,1501 :: 		
0x016C	0x1803      	BTFSC      STATUS, 0
;__Lib_Math.mpas,1502 :: 		
0x016D	0x0F75      	INCFSZ     R5, 0
;__Lib_Math.mpas,1503 :: 		
0x016E	0x07F9      	ADDWF      R9, 1
;__Lib_Math.mpas,1504 :: 		
0x016F	0x0876      	MOVF       R6, 0
;__Lib_Math.mpas,1505 :: 		
0x0170	0x1803      	BTFSC      STATUS, 0
;__Lib_Math.mpas,1506 :: 		
0x0171	0x0F76      	INCFSZ     R6, 0
;__Lib_Math.mpas,1507 :: 		
0x0172	0x07FA      	ADDWF      R10, 1
;__Lib_Math.mpas,1508 :: 		
0x0173	0x0877      	MOVF       R7, 0
;__Lib_Math.mpas,1509 :: 		
0x0174	0x1803      	BTFSC      STATUS, 0
;__Lib_Math.mpas,1510 :: 		
0x0175	0x0F77      	INCFSZ     R7, 0
;__Lib_Math.mpas,1511 :: 		
0x0176	0x07FB      	ADDWF      R11, 1
;__Lib_Math.mpas,1512 :: 		
0x0177	0x0100      	CLRW
;__Lib_Math.mpas,1513 :: 		
0x0178	0x1803      	BTFSC      STATUS, 0
;__Lib_Math.mpas,1514 :: 		
0x0179	0x3001      	MOVLW      1
;__Lib_Math.mpas,1515 :: 		
0x017A	0x07A0      	ADDWF      ___math_tempb, 1
;__Lib_Math.mpas,1517 :: 		
UOK22LB:
;__Lib_Math.mpas,1518 :: 		
0x017B	0x0DF2      	RLF        R2, 1
;__Lib_Math.mpas,1520 :: 		
0x017C	0x0BFC      	DECFSZ     R12, 1
;__Lib_Math.mpas,1521 :: 		
0x017D	0x294F      	GOTO       LOOPU3232B
;__Lib_Math.mpas,1523 :: 		
0x017E	0x0D71      	RLF        R1, 0
;__Lib_Math.mpas,1524 :: 		
0x017F	0x0DF8      	RLF        R8, 1
;__Lib_Math.mpas,1525 :: 		
0x0180	0x0DF9      	RLF        R9, 1
;__Lib_Math.mpas,1526 :: 		
0x0181	0x0DFA      	RLF        R10, 1
;__Lib_Math.mpas,1527 :: 		
0x0182	0x0DFB      	RLF        R11, 1
;__Lib_Math.mpas,1528 :: 		
0x0183	0x0DA0      	RLF        ___math_tempb, 1
;__Lib_Math.mpas,1529 :: 		
0x0184	0x0874      	MOVF       R4, 0
;__Lib_Math.mpas,1530 :: 		
0x0185	0x1C72      	BTFSS      R2, 0
;__Lib_Math.mpas,1531 :: 		
0x0186	0x2999      	GOTO       UADD22L16
;__Lib_Math.mpas,1533 :: 		
0x0187	0x02F8      	SUBWF      R8, 1
;__Lib_Math.mpas,1534 :: 		
0x0188	0x0875      	MOVF       R5, 0
;__Lib_Math.mpas,1535 :: 		
0x0189	0x1C03      	BTFSS      STATUS, 0
;__Lib_Math.mpas,1536 :: 		
0x018A	0x0F75      	INCFSZ     R5, 0
;__Lib_Math.mpas,1537 :: 		
0x018B	0x02F9      	SUBWF      R9, 1
;__Lib_Math.mpas,1538 :: 		
0x018C	0x0876      	MOVF       R6, 0
;__Lib_Math.mpas,1539 :: 		
0x018D	0x1C03      	BTFSS      STATUS, 0
;__Lib_Math.mpas,1540 :: 		
0x018E	0x0F76      	INCFSZ     R6, 0
;__Lib_Math.mpas,1541 :: 		
0x018F	0x02FA      	SUBWF      R10, 1
;__Lib_Math.mpas,1542 :: 		
0x0190	0x0877      	MOVF       R7, 0
;__Lib_Math.mpas,1543 :: 		
0x0191	0x1C03      	BTFSS      STATUS, 0
;__Lib_Math.mpas,1544 :: 		
0x0192	0x0F77      	INCFSZ     R7, 0
;__Lib_Math.mpas,1545 :: 		
0x0193	0x02FB      	SUBWF      R11, 1
;__Lib_Math.mpas,1546 :: 		
0x0194	0x0100      	CLRW
;__Lib_Math.mpas,1547 :: 		
0x0195	0x1C03      	BTFSS      STATUS, 0
;__Lib_Math.mpas,1548 :: 		
0x0196	0x3001      	MOVLW      1
;__Lib_Math.mpas,1549 :: 		
0x0197	0x02A0      	SUBWF      ___math_tempb, 1
;__Lib_Math.mpas,1550 :: 		
0x0198	0x29AA      	GOTO       UOK22L16
;__Lib_Math.mpas,1552 :: 		
UADD22L16:
;__Lib_Math.mpas,1553 :: 		
0x0199	0x07F8      	ADDWF      R8, 1
;__Lib_Math.mpas,1554 :: 		
0x019A	0x0875      	MOVF       R5, 0
;__Lib_Math.mpas,1555 :: 		
0x019B	0x1803      	BTFSC      STATUS, 0
;__Lib_Math.mpas,1556 :: 		
0x019C	0x0F75      	INCFSZ     R5, 0
;__Lib_Math.mpas,1557 :: 		
0x019D	0x07F9      	ADDWF      R9, 1
;__Lib_Math.mpas,1558 :: 		
0x019E	0x0876      	MOVF       R6, 0
;__Lib_Math.mpas,1559 :: 		
0x019F	0x1803      	BTFSC      STATUS, 0
;__Lib_Math.mpas,1560 :: 		
0x01A0	0x0F76      	INCFSZ     R6, 0
;__Lib_Math.mpas,1561 :: 		
0x01A1	0x07FA      	ADDWF      R10, 1
;__Lib_Math.mpas,1562 :: 		
0x01A2	0x0877      	MOVF       R7, 0
;__Lib_Math.mpas,1563 :: 		
0x01A3	0x1803      	BTFSC      STATUS, 0
;__Lib_Math.mpas,1564 :: 		
0x01A4	0x0F77      	INCFSZ     R7, 0
;__Lib_Math.mpas,1565 :: 		
0x01A5	0x07FB      	ADDWF      R11, 1
;__Lib_Math.mpas,1566 :: 		
0x01A6	0x0100      	CLRW
;__Lib_Math.mpas,1567 :: 		
0x01A7	0x1803      	BTFSC      STATUS, 0
;__Lib_Math.mpas,1568 :: 		
0x01A8	0x3001      	MOVLW      1
;__Lib_Math.mpas,1569 :: 		
0x01A9	0x07A0      	ADDWF      ___math_tempb, 1
;__Lib_Math.mpas,1571 :: 		
UOK22L16:
;__Lib_Math.mpas,1572 :: 		
0x01AA	0x0DF1      	RLF        R1, 1
;__Lib_Math.mpas,1574 :: 		
0x01AB	0x3007      	MOVLW      7
;__Lib_Math.mpas,1575 :: 		
0x01AC	0x00FC      	MOVWF      R12
;__Lib_Math.mpas,1577 :: 		
LOOPU3232C:
;__Lib_Math.mpas,1578 :: 		
0x01AD	0x0D71      	RLF        R1, 0
;__Lib_Math.mpas,1579 :: 		
0x01AE	0x0DF8      	RLF        R8, 1
;__Lib_Math.mpas,1580 :: 		
0x01AF	0x0DF9      	RLF        R9, 1
;__Lib_Math.mpas,1581 :: 		
0x01B0	0x0DFA      	RLF        R10, 1
;__Lib_Math.mpas,1582 :: 		
0x01B1	0x0DFB      	RLF        R11, 1
;__Lib_Math.mpas,1583 :: 		
0x01B2	0x0DA0      	RLF        ___math_tempb, 1
;__Lib_Math.mpas,1584 :: 		
0x01B3	0x0874      	MOVF       R4, 0
;__Lib_Math.mpas,1585 :: 		
0x01B4	0x1C71      	BTFSS      R1, 0
;__Lib_Math.mpas,1586 :: 		
0x01B5	0x29C8      	GOTO       UADD22LC
;__Lib_Math.mpas,1588 :: 		
0x01B6	0x02F8      	SUBWF      R8, 1
;__Lib_Math.mpas,1589 :: 		
0x01B7	0x0875      	MOVF       R5, 0
;__Lib_Math.mpas,1590 :: 		
0x01B8	0x1C03      	BTFSS      STATUS, 0
;__Lib_Math.mpas,1591 :: 		
0x01B9	0x0F75      	INCFSZ     R5, 0
;__Lib_Math.mpas,1592 :: 		
0x01BA	0x02F9      	SUBWF      R9, 1
;__Lib_Math.mpas,1593 :: 		
0x01BB	0x0876      	MOVF       R6, 0
;__Lib_Math.mpas,1594 :: 		
0x01BC	0x1C03      	BTFSS      STATUS, 0
;__Lib_Math.mpas,1595 :: 		
0x01BD	0x0F76      	INCFSZ     R6, 0
;__Lib_Math.mpas,1596 :: 		
0x01BE	0x02FA      	SUBWF      R10, 1
;__Lib_Math.mpas,1597 :: 		
0x01BF	0x0877      	MOVF       R7, 0
;__Lib_Math.mpas,1598 :: 		
0x01C0	0x1C03      	BTFSS      STATUS, 0
;__Lib_Math.mpas,1599 :: 		
0x01C1	0x0F77      	INCFSZ     R7, 0
;__Lib_Math.mpas,1600 :: 		
0x01C2	0x02FB      	SUBWF      R11, 1
;__Lib_Math.mpas,1601 :: 		
0x01C3	0x0100      	CLRW
;__Lib_Math.mpas,1602 :: 		
0x01C4	0x1C03      	BTFSS      STATUS, 0
;__Lib_Math.mpas,1603 :: 		
0x01C5	0x3001      	MOVLW      1
;__Lib_Math.mpas,1604 :: 		
0x01C6	0x02A0      	SUBWF      ___math_tempb, 1
;__Lib_Math.mpas,1605 :: 		
0x01C7	0x29D9      	GOTO       UOK22LC
;__Lib_Math.mpas,1607 :: 		
UADD22LC:
;__Lib_Math.mpas,1608 :: 		
0x01C8	0x07F8      	ADDWF      R8, 1
;__Lib_Math.mpas,1609 :: 		
0x01C9	0x0875      	MOVF       R5, 0
;__Lib_Math.mpas,1610 :: 		
0x01CA	0x1803      	BTFSC      STATUS, 0
;__Lib_Math.mpas,1611 :: 		
0x01CB	0x0F75      	INCFSZ     R5, 0
;__Lib_Math.mpas,1612 :: 		
0x01CC	0x07F9      	ADDWF      R9, 1
;__Lib_Math.mpas,1613 :: 		
0x01CD	0x0876      	MOVF       R6, 0
;__Lib_Math.mpas,1614 :: 		
0x01CE	0x1803      	BTFSC      STATUS, 0
;__Lib_Math.mpas,1615 :: 		
0x01CF	0x0F76      	INCFSZ     R6, 0
;__Lib_Math.mpas,1616 :: 		
0x01D0	0x07FA      	ADDWF      R10, 1
;__Lib_Math.mpas,1617 :: 		
0x01D1	0x0877      	MOVF       R7, 0
;__Lib_Math.mpas,1618 :: 		
0x01D2	0x1803      	BTFSC      STATUS, 0
;__Lib_Math.mpas,1619 :: 		
0x01D3	0x0F77      	INCFSZ     R7, 0
;__Lib_Math.mpas,1620 :: 		
0x01D4	0x07FB      	ADDWF      R11, 1
;__Lib_Math.mpas,1621 :: 		
0x01D5	0x0100      	CLRW
;__Lib_Math.mpas,1622 :: 		
0x01D6	0x1803      	BTFSC      STATUS, 0
;__Lib_Math.mpas,1623 :: 		
0x01D7	0x3001      	MOVLW      1
;__Lib_Math.mpas,1624 :: 		
0x01D8	0x07A0      	ADDWF      ___math_tempb, 1
;__Lib_Math.mpas,1626 :: 		
UOK22LC:
;__Lib_Math.mpas,1627 :: 		
0x01D9	0x0DF1      	RLF        R1, 1
;__Lib_Math.mpas,1629 :: 		
0x01DA	0x0BFC      	DECFSZ     R12, 1
;__Lib_Math.mpas,1630 :: 		
0x01DB	0x29AD      	GOTO       LOOPU3232C
;__Lib_Math.mpas,1632 :: 		
0x01DC	0x0D70      	RLF        R0, 0
;__Lib_Math.mpas,1633 :: 		
0x01DD	0x0DF8      	RLF        R8, 1
;__Lib_Math.mpas,1634 :: 		
0x01DE	0x0DF9      	RLF        R9, 1
;__Lib_Math.mpas,1635 :: 		
0x01DF	0x0DFA      	RLF        R10, 1
;__Lib_Math.mpas,1636 :: 		
0x01E0	0x0DFB      	RLF        R11, 1
;__Lib_Math.mpas,1637 :: 		
0x01E1	0x0DA0      	RLF        ___math_tempb, 1
;__Lib_Math.mpas,1638 :: 		
0x01E2	0x0874      	MOVF       R4, 0
;__Lib_Math.mpas,1639 :: 		
0x01E3	0x1C71      	BTFSS      R1, 0
;__Lib_Math.mpas,1640 :: 		
0x01E4	0x29F7      	GOTO       UADD22L24
;__Lib_Math.mpas,1642 :: 		
0x01E5	0x02F8      	SUBWF      R8, 1
;__Lib_Math.mpas,1643 :: 		
0x01E6	0x0875      	MOVF       R5, 0
;__Lib_Math.mpas,1644 :: 		
0x01E7	0x1C03      	BTFSS      STATUS, 0
;__Lib_Math.mpas,1645 :: 		
0x01E8	0x0F75      	INCFSZ     R5, 0
;__Lib_Math.mpas,1646 :: 		
0x01E9	0x02F9      	SUBWF      R9, 1
;__Lib_Math.mpas,1647 :: 		
0x01EA	0x0876      	MOVF       R6, 0
;__Lib_Math.mpas,1648 :: 		
0x01EB	0x1C03      	BTFSS      STATUS, 0
;__Lib_Math.mpas,1649 :: 		
0x01EC	0x0F76      	INCFSZ     R6, 0
;__Lib_Math.mpas,1650 :: 		
0x01ED	0x02FA      	SUBWF      R10, 1
;__Lib_Math.mpas,1651 :: 		
0x01EE	0x0877      	MOVF       R7, 0
;__Lib_Math.mpas,1652 :: 		
0x01EF	0x1C03      	BTFSS      STATUS, 0
;__Lib_Math.mpas,1653 :: 		
0x01F0	0x0F77      	INCFSZ     R7, 0
;__Lib_Math.mpas,1654 :: 		
0x01F1	0x02FB      	SUBWF      R11, 1
;__Lib_Math.mpas,1655 :: 		
0x01F2	0x0100      	CLRW
;__Lib_Math.mpas,1656 :: 		
0x01F3	0x1C03      	BTFSS      STATUS, 0
;__Lib_Math.mpas,1657 :: 		
0x01F4	0x3001      	MOVLW      1
;__Lib_Math.mpas,1658 :: 		
0x01F5	0x02A0      	SUBWF      ___math_tempb, 1
;__Lib_Math.mpas,1659 :: 		
0x01F6	0x2A08      	GOTO       UOK22L24
;__Lib_Math.mpas,1661 :: 		
UADD22L24:
;__Lib_Math.mpas,1662 :: 		
0x01F7	0x07F8      	ADDWF      R8, 1
;__Lib_Math.mpas,1663 :: 		
0x01F8	0x0875      	MOVF       R5, 0
;__Lib_Math.mpas,1664 :: 		
0x01F9	0x1803      	BTFSC      STATUS, 0
;__Lib_Math.mpas,1665 :: 		
0x01FA	0x0F75      	INCFSZ     R5, 0
;__Lib_Math.mpas,1666 :: 		
0x01FB	0x07F9      	ADDWF      R9, 1
;__Lib_Math.mpas,1667 :: 		
0x01FC	0x0876      	MOVF       R6, 0
;__Lib_Math.mpas,1668 :: 		
0x01FD	0x1803      	BTFSC      STATUS, 0
;__Lib_Math.mpas,1669 :: 		
0x01FE	0x0F76      	INCFSZ     R6, 0
;__Lib_Math.mpas,1670 :: 		
0x01FF	0x07FA      	ADDWF      R10, 1
;__Lib_Math.mpas,1671 :: 		
0x0200	0x0877      	MOVF       R7, 0
;__Lib_Math.mpas,1672 :: 		
0x0201	0x1803      	BTFSC      STATUS, 0
;__Lib_Math.mpas,1673 :: 		
0x0202	0x0F77      	INCFSZ     R7, 0
;__Lib_Math.mpas,1674 :: 		
0x0203	0x07FB      	ADDWF      R11, 1
;__Lib_Math.mpas,1675 :: 		
0x0204	0x0100      	CLRW
;__Lib_Math.mpas,1676 :: 		
0x0205	0x1803      	BTFSC      STATUS, 0
;__Lib_Math.mpas,1677 :: 		
0x0206	0x3001      	MOVLW      1
;__Lib_Math.mpas,1678 :: 		
0x0207	0x07A0      	ADDWF      ___math_tempb, 1
;__Lib_Math.mpas,1680 :: 		
UOK22L24:
;__Lib_Math.mpas,1681 :: 		
0x0208	0x0DF0      	RLF        R0, 1
;__Lib_Math.mpas,1683 :: 		
0x0209	0x3007      	MOVLW      7
;__Lib_Math.mpas,1684 :: 		
0x020A	0x00FC      	MOVWF      R12
;__Lib_Math.mpas,1686 :: 		
LOOPU3232D:
;__Lib_Math.mpas,1687 :: 		
0x020B	0x0D70      	RLF        R0, 0
;__Lib_Math.mpas,1688 :: 		
0x020C	0x0DF8      	RLF        R8, 1
;__Lib_Math.mpas,1689 :: 		
0x020D	0x0DF9      	RLF        R9, 1
;__Lib_Math.mpas,1690 :: 		
0x020E	0x0DFA      	RLF        R10, 1
;__Lib_Math.mpas,1691 :: 		
0x020F	0x0DFB      	RLF        R11, 1
;__Lib_Math.mpas,1692 :: 		
0x0210	0x0DA0      	RLF        ___math_tempb, 1
;__Lib_Math.mpas,1693 :: 		
0x0211	0x0874      	MOVF       R4, 0
;__Lib_Math.mpas,1694 :: 		
0x0212	0x1C70      	BTFSS      R0, 0
;__Lib_Math.mpas,1695 :: 		
0x0213	0x2A26      	GOTO       UADD22LD
;__Lib_Math.mpas,1697 :: 		
0x0214	0x02F8      	SUBWF      R8, 1
;__Lib_Math.mpas,1698 :: 		
0x0215	0x0875      	MOVF       R5, 0
;__Lib_Math.mpas,1699 :: 		
0x0216	0x1C03      	BTFSS      STATUS, 0
;__Lib_Math.mpas,1700 :: 		
0x0217	0x0F75      	INCFSZ     R5, 0
;__Lib_Math.mpas,1701 :: 		
0x0218	0x02F9      	SUBWF      R9, 1
;__Lib_Math.mpas,1702 :: 		
0x0219	0x0876      	MOVF       R6, 0
;__Lib_Math.mpas,1703 :: 		
0x021A	0x1C03      	BTFSS      STATUS, 0
;__Lib_Math.mpas,1704 :: 		
0x021B	0x0F76      	INCFSZ     R6, 0
;__Lib_Math.mpas,1705 :: 		
0x021C	0x02FA      	SUBWF      R10, 1
;__Lib_Math.mpas,1706 :: 		
0x021D	0x0877      	MOVF       R7, 0
;__Lib_Math.mpas,1707 :: 		
0x021E	0x1C03      	BTFSS      STATUS, 0
;__Lib_Math.mpas,1708 :: 		
0x021F	0x0F77      	INCFSZ     R7, 0
;__Lib_Math.mpas,1709 :: 		
0x0220	0x02FB      	SUBWF      R11, 1
;__Lib_Math.mpas,1710 :: 		
0x0221	0x0100      	CLRW
;__Lib_Math.mpas,1711 :: 		
0x0222	0x1C03      	BTFSS      STATUS, 0
;__Lib_Math.mpas,1712 :: 		
0x0223	0x3001      	MOVLW      1
;__Lib_Math.mpas,1713 :: 		
0x0224	0x02A0      	SUBWF      ___math_tempb, 1
;__Lib_Math.mpas,1714 :: 		
0x0225	0x2A37      	GOTO       UOK22LD
;__Lib_Math.mpas,1716 :: 		
UADD22LD:
;__Lib_Math.mpas,1717 :: 		
0x0226	0x07F8      	ADDWF      R8, 1
;__Lib_Math.mpas,1718 :: 		
0x0227	0x0875      	MOVF       R5, 0
;__Lib_Math.mpas,1719 :: 		
0x0228	0x1803      	BTFSC      STATUS, 0
;__Lib_Math.mpas,1720 :: 		
0x0229	0x0F75      	INCFSZ     R5, 0
;__Lib_Math.mpas,1721 :: 		
0x022A	0x07F9      	ADDWF      R9, 1
;__Lib_Math.mpas,1722 :: 		
0x022B	0x0876      	MOVF       R6, 0
;__Lib_Math.mpas,1723 :: 		
0x022C	0x1803      	BTFSC      STATUS, 0
;__Lib_Math.mpas,1724 :: 		
0x022D	0x0F76      	INCFSZ     R6, 0
;__Lib_Math.mpas,1725 :: 		
0x022E	0x07FA      	ADDWF      R10, 1
;__Lib_Math.mpas,1726 :: 		
0x022F	0x0877      	MOVF       R7, 0
;__Lib_Math.mpas,1727 :: 		
0x0230	0x1803      	BTFSC      STATUS, 0
;__Lib_Math.mpas,1728 :: 		
0x0231	0x0F77      	INCFSZ     R7, 0
;__Lib_Math.mpas,1729 :: 		
0x0232	0x07FB      	ADDWF      R11, 1
;__Lib_Math.mpas,1730 :: 		
0x0233	0x0100      	CLRW
;__Lib_Math.mpas,1731 :: 		
0x0234	0x1803      	BTFSC      STATUS, 0
;__Lib_Math.mpas,1732 :: 		
0x0235	0x3001      	MOVLW      1
;__Lib_Math.mpas,1733 :: 		
0x0236	0x07A0      	ADDWF      ___math_tempb, 1
;__Lib_Math.mpas,1735 :: 		
UOK22LD:
;__Lib_Math.mpas,1736 :: 		
0x0237	0x0DF0      	RLF        R0, 1
;__Lib_Math.mpas,1738 :: 		
0x0238	0x0BFC      	DECFSZ     R12, 1
;__Lib_Math.mpas,1739 :: 		
0x0239	0x2A0B      	GOTO       LOOPU3232D
;__Lib_Math.mpas,1741 :: 		
0x023A	0x1870      	BTFSC      R0, 0
;__Lib_Math.mpas,1742 :: 		
0x023B	0x2A4A      	GOTO       UOK22L
;__Lib_Math.mpas,1743 :: 		
0x023C	0x0874      	MOVF       R4, 0
;__Lib_Math.mpas,1744 :: 		
0x023D	0x07F8      	ADDWF      R8, 1
;__Lib_Math.mpas,1745 :: 		
0x023E	0x0875      	MOVF       R5, 0
;__Lib_Math.mpas,1746 :: 		
0x023F	0x1803      	BTFSC      STATUS, 0
;__Lib_Math.mpas,1747 :: 		
0x0240	0x0F75      	INCFSZ     R5, 0
;__Lib_Math.mpas,1748 :: 		
0x0241	0x07F9      	ADDWF      R9, 1
;__Lib_Math.mpas,1749 :: 		
0x0242	0x0876      	MOVF       R6, 0
;__Lib_Math.mpas,1750 :: 		
0x0243	0x1803      	BTFSC      STATUS, 0
;__Lib_Math.mpas,1751 :: 		
0x0244	0x0F76      	INCFSZ     R6, 0
;__Lib_Math.mpas,1752 :: 		
0x0245	0x07FA      	ADDWF      R10, 1
;__Lib_Math.mpas,1753 :: 		
0x0246	0x0877      	MOVF       R7, 0
;__Lib_Math.mpas,1754 :: 		
0x0247	0x1803      	BTFSC      STATUS, 0
;__Lib_Math.mpas,1755 :: 		
0x0248	0x0F77      	INCFSZ     R7, 0
;__Lib_Math.mpas,1756 :: 		
0x0249	0x07FB      	ADDWF      R11, 1
;__Lib_Math.mpas,1758 :: 		
UOK22L:
;__Lib_Math.mpas,1761 :: 		
0x024A	0x0008      	RETURN
; end of _Div_32x32_U
_main:
;codigo_fuente.mbas,50 :: 		main:
;codigo_fuente.mbas,51 :: 		CMCON = 0X07  'comparadores desabilitados y activada pines de I/O
0x024B	0x3007      	MOVLW      7
0x024C	0x1283      	BCF        STATUS, 5
0x024D	0x1303      	BCF        STATUS, 6
0x024E	0x009F      	MOVWF      CMCON
;codigo_fuente.mbas,52 :: 		TRISA = 0X00
0x024F	0x1683      	BSF        STATUS, 5
0x0250	0x0185      	CLRF       TRISA
;codigo_fuente.mbas,53 :: 		PORTA = 0X00
0x0251	0x1283      	BCF        STATUS, 5
0x0252	0x0185      	CLRF       PORTA
;codigo_fuente.mbas,54 :: 		TRISB = 0X06
0x0253	0x3006      	MOVLW      6
0x0254	0x1683      	BSF        STATUS, 5
0x0255	0x0086      	MOVWF      TRISB
;codigo_fuente.mbas,55 :: 		PORTB = 0X00
0x0256	0x1283      	BCF        STATUS, 5
0x0257	0x0186      	CLRF       PORTB
;codigo_fuente.mbas,57 :: 		PCON       = 0X0B  '0X0B  'OSC A 4 MHz
0x0258	0x300B      	MOVLW      11
0x0259	0x1683      	BSF        STATUS, 5
0x025A	0x008E      	MOVWF      PCON
;codigo_fuente.mbas,58 :: 		OPTION_REG = 0x86  'PREESCALADOR A 128
0x025B	0x3086      	MOVLW      134
0x025C	0x0081      	MOVWF      OPTION_REG
;codigo_fuente.mbas,59 :: 		PR2        = 0XF9
0x025D	0x30F9      	MOVLW      249
0x025E	0x0092      	MOVWF      PR2
;codigo_fuente.mbas,60 :: 		T2CON      = 0X05  'TIMER 2 ON PREESCALADOR 4
0x025F	0x3005      	MOVLW      5
0x0260	0x1283      	BCF        STATUS, 5
0x0261	0x0092      	MOVWF      T2CON
;codigo_fuente.mbas,61 :: 		CCPR1L     = 0X00
0x0262	0x0195      	CLRF       CCPR1L
;codigo_fuente.mbas,62 :: 		CCP1CON    = 0X0C
0x0263	0x300C      	MOVLW      12
0x0264	0x0097      	MOVWF      CCP1CON
;codigo_fuente.mbas,64 :: 		oldstate_1 =0
0x0265	0x01AE      	CLRF       _oldstate_1
;codigo_fuente.mbas,65 :: 		control_voltaje = 0
0x0266	0x01A2      	CLRF       _control_voltaje
0x0267	0x01A3      	CLRF       _control_voltaje+1
0x0268	0x01A4      	CLRF       _control_voltaje+2
0x0269	0x01A5      	CLRF       _control_voltaje+3
;codigo_fuente.mbas,66 :: 		flanco=0
0x026A	0x01A1      	CLRF       _flanco
;codigo_fuente.mbas,67 :: 		distancia=0
0x026B	0x01A6      	CLRF       _distancia
0x026C	0x01A7      	CLRF       _distancia+1
0x026D	0x01A8      	CLRF       _distancia+2
0x026E	0x01A9      	CLRF       _distancia+3
;codigo_fuente.mbas,69 :: 		while TRUE
L__main25:
;codigo_fuente.mbas,70 :: 		PORTA.RA0= PORTA.0 XOR 1
0x026F	0x3001      	MOVLW      1
0x0270	0x0685      	XORWF      PORTA, 1
;codigo_fuente.mbas,71 :: 		distancia=  ultrasonico1()
0x0271	0x2020      	CALL       codigo_fuente_ultrasonico1
0x0272	0x0870      	MOVF       R0, 0
0x0273	0x00A6      	MOVWF      _distancia
0x0274	0x0871      	MOVF       R0+1, 0
0x0275	0x00A7      	MOVWF      _distancia+1
0x0276	0x01A8      	CLRF       _distancia+2
0x0277	0x01A9      	CLRF       _distancia+3
;codigo_fuente.mbas,72 :: 		control_voltaje = ((distancia*1023)/450)
0x0278	0x0826      	MOVF       _distancia, 0
0x0279	0x00F0      	MOVWF      R0
0x027A	0x0827      	MOVF       _distancia+1, 0
0x027B	0x00F1      	MOVWF      R0+1
0x027C	0x0828      	MOVF       _distancia+2, 0
0x027D	0x00F2      	MOVWF      R0+2
0x027E	0x0829      	MOVF       _distancia+3, 0
0x027F	0x00F3      	MOVWF      R0+3
0x0280	0x30FF      	MOVLW      255
0x0281	0x00F4      	MOVWF      R4
0x0282	0x3003      	MOVLW      3
0x0283	0x00F5      	MOVWF      R4+1
0x0284	0x01F6      	CLRF       R4+2
0x0285	0x01F7      	CLRF       R4+3
0x0286	0x209C      	CALL       _Mul_32x32_U
0x0287	0x30C2      	MOVLW      194
0x0288	0x00F4      	MOVWF      R4
0x0289	0x3001      	MOVLW      1
0x028A	0x00F5      	MOVWF      R4+1
0x028B	0x01F6      	CLRF       R4+2
0x028C	0x01F7      	CLRF       R4+3
0x028D	0x20D3      	CALL       _Div_32x32_U
0x028E	0x0870      	MOVF       R0, 0
0x028F	0x00A2      	MOVWF      _control_voltaje
0x0290	0x0871      	MOVF       R0+1, 0
0x0291	0x00A3      	MOVWF      _control_voltaje+1
0x0292	0x0872      	MOVF       R0+2, 0
0x0293	0x00A4      	MOVWF      _control_voltaje+2
0x0294	0x0873      	MOVF       R0+3, 0
0x0295	0x00A5      	MOVWF      _control_voltaje+3
;codigo_fuente.mbas,73 :: 		pwm1_set_data(control_voltaje )
0x0296	0x0870      	MOVF       R0, 0
0x0297	0x00B1      	MOVWF      FARG_pwm1_set_data_pwmduty
0x0298	0x0871      	MOVF       R0+1, 0
0x0299	0x00B2      	MOVWF      FARG_pwm1_set_data_pwmduty+1
0x029A	0x206F      	CALL       codigo_fuente_pwm1_set_data
;codigo_fuente.mbas,74 :: 		Delay_ms(50)
0x029B	0x3041      	MOVLW      65
0x029C	0x00FC      	MOVWF      R12
0x029D	0x30EE      	MOVLW      238
0x029E	0x00FD      	MOVWF      R13
L__main29:
0x029F	0x0BFD      	DECFSZ     R13, 1
0x02A0	0x2A9F      	GOTO       L__main29
0x02A1	0x0BFC      	DECFSZ     R12, 1
0x02A2	0x2A9F      	GOTO       L__main29
0x02A3	0x0000      	NOP
;codigo_fuente.mbas,75 :: 		wend
0x02A4	0x2A6F      	GOTO       L__main25
0x02A5	0x2AA5      	GOTO       $+0
; end of _main
Symbol List:
//** Routines locations **
//ADDRESS    SIZE    PROCEDURE
//----------------------------------------------
0x0003      [29]    _Div_16x16_U
0x0020      [79]    codigo_fuente_ultrasonico1
0x006F      [45]    codigo_fuente_pwm1_set_data
0x009C      [55]    _Mul_32x32_U
0x00D3     [376]    _Div_32x32_U
0x024B      [91]    _main
//** Variables locations ** 
//ADDRESS    SIZE    VARIABLE
//----------------------------------------------
0x0000       [1]    INDF
0x0001       [1]    TMR0
0x0002       [1]    PCL
0x0003       [0]    RP0_bit
0x0003       [0]    RP1_bit
0x0003       [1]    STATUS
0x0003       [0]    DC_bit
0x0003       [0]    NOT_TO_bit
0x0003       [0]    Z_bit
0x0003       [0]    NOT_PD_bit
0x0003       [0]    IRP_bit
0x0003       [0]    C_bit
0x0004       [1]    FSR
0x0004       [1]    FSRPTR
0x0005       [0]    RA2_bit
0x0005       [0]    RA6_bit
0x0005       [0]    RA4_bit
0x0005       [0]    RA5_bit
0x0005       [0]    RA7_bit
0x0005       [1]    PORTA
0x0005       [0]    RA1_bit
0x0005       [0]    RA0_bit
0x0005       [0]    RA3_bit
0x0006       [0]    RB2_bit
0x0006       [0]    RB3_bit
0x0006       [0]    RB0_bit
0x0006       [0]    RB1_bit
0x0006       [0]    RB4_bit
0x0006       [0]    RB6_bit
0x0006       [0]    RB5_bit
0x0006       [1]    PORTB
0x0006       [0]    RB7_bit
0x000A       [1]    PCLATH
0x000B       [0]    RBIE_bit
0x000B       [1]    INTCON
0x000B       [0]    INTE_bit
0x000B       [0]    INTF_bit
0x000B       [0]    PEIE_bit
0x000B       [0]    T0IF_bit
0x000B       [0]    GIE_bit
0x000B       [0]    RBIF_bit
0x000B       [0]    T0IE_bit
0x000C       [0]    RCIF_bit
0x000C       [0]    EEIF_bit
0x000C       [0]    CMIF_bit
0x000C       [0]    TXIF_bit
0x000C       [0]    TMR2IF_bit
0x000C       [1]    PIR1
0x000C       [0]    TMR1IF_bit
0x000C       [0]    CCP1IF_bit
0x000E       [1]    TMR1L
0x000F       [1]    TMR1H
0x0010       [0]    T1CKPS1_bit
0x0010       [0]    TMR1ON_bit
0x0010       [0]    T1OSCEN_bit
0x0010       [0]    NOT_T1SYNC_bit
0x0010       [1]    T1CON
0x0010       [0]    TMR1CS_bit
0x0010       [0]    T1CKPS0_bit
0x0011       [1]    TMR2
0x0012       [0]    TMR2ON_bit
0x0012       [0]    T2CKPS1_bit
0x0012       [0]    TOUTPS0_bit
0x0012       [0]    TOUTPS3_bit
0x0012       [1]    T2CON
0x0012       [0]    TOUTPS2_bit
0x0012       [0]    T2CKPS0_bit
0x0012       [0]    TOUTPS1_bit
0x0015       [2]    CCPR1
0x0015       [1]    CCPR1L
0x0016       [1]    CCPR1H
0x0017       [0]    CCP1M2_bit
0x0017       [0]    CCP1M1_bit
0x0017       [0]    CCP1M0_bit
0x0017       [0]    CCP1M3_bit
0x0017       [0]    CCP1Y_bit
0x0017       [0]    CCP1X_bit
0x0017       [1]    CCP1CON
0x0018       [1]    RCSTA
0x0018       [0]    FERR_bit
0x0018       [0]    ADEN_bit
0x0018       [0]    RX9D_bit
0x0018       [0]    OERR_bit
0x0018       [0]    RX9_bit
0x0018       [0]    SPEN_bit
0x0018       [0]    CREN_bit
0x0018       [0]    SREN_bit
0x0019       [1]    TXREG
0x001A       [1]    RCREG
0x001F       [0]    CM1_bit
0x001F       [0]    CM2_bit
0x001F       [1]    CMCON
0x001F       [0]    CM0_bit
0x001F       [0]    C1OUT_bit
0x001F       [0]    C2OUT_bit
0x001F       [0]    C2INV_bit
0x001F       [0]    CIS_bit
0x001F       [0]    C1INV_bit
0x0020       [1]    ___math_tempb
0x0021       [1]    _flanco
0x0022       [4]    _control_voltaje
0x0026       [4]    _distancia
0x002A       [2]    ___DoICPAddr
0x002C       [2]    _tiempo
0x002E       [1]    _oldstate_1
0x002F       [2]    _distan
0x0031       [2]    ultrasonico1_local_result
0x0031       [2]    FARG_pwm1_set_data_pwmduty
0x0033       [1]    ultrasonico1_flanco
0x0070       [1]    R0
0x0071       [1]    R1
0x0072       [1]    R2
0x0073       [1]    R3
0x0074       [1]    R4
0x0075       [1]    R5
0x0076       [1]    R6
0x0077       [1]    R7
0x0078       [1]    R8
0x0079       [1]    R9
0x007A       [1]    R10
0x007B       [1]    R11
0x007C       [1]    R12
0x007D       [1]    R13
0x007E       [1]    R14
0x007F       [1]    R15
0x0081       [0]    PS0_bit
0x0081       [0]    PS1_bit
0x0081       [0]    INTEDG_bit
0x0081       [0]    NOT_RBPU_bit
0x0081       [1]    OPTION_REG
0x0081       [0]    T0CS_bit
0x0081       [0]    PS2_bit
0x0081       [0]    PSA_bit
0x0081       [0]    T0SE_bit
0x0085       [0]    TRISA1_bit
0x0085       [0]    TRISA7_bit
0x0085       [0]    TRISA4_bit
0x0085       [0]    TRISA5_bit
0x0085       [0]    TRISA6_bit
0x0085       [0]    TRISA0_bit
0x0085       [1]    TRISA
0x0085       [0]    TRISA3_bit
0x0085       [0]    TRISA2_bit
0x0086       [0]    TRISB1_bit
0x0086       [0]    TRISB0_bit
0x0086       [0]    TRISB3_bit
0x0086       [1]    TRISB
0x0086       [0]    TRISB2_bit
0x0086       [0]    TRISB7_bit
0x0086       [0]    TRISB5_bit
0x0086       [0]    TRISB4_bit
0x0086       [0]    TRISB6_bit
0x008C       [0]    EEIE_bit
0x008C       [0]    CMIE_bit
0x008C       [0]    TMR1IE_bit
0x008C       [1]    PIE1
0x008C       [0]    TMR2IE_bit
0x008C       [0]    CCP1IE_bit
0x008C       [0]    RCIE_bit
0x008C       [0]    TXIE_bit
0x008E       [0]    NOT_BOR_bit
0x008E       [0]    NOT_BOD_bit
0x008E       [1]    PCON
0x008E       [0]    NOT_BO_bit
0x008E       [0]    OSCF_bit
0x008E       [0]    NOT_POR_bit
0x0092       [1]    PR2
0x0098       [0]    TXEN_bit
0x0098       [0]    TX9_bit
0x0098       [0]    CSRC_bit
0x0098       [0]    TRMT_bit
0x0098       [0]    TX9D_bit
0x0098       [0]    BRGH_bit
0x0098       [1]    TXSTA
0x0098       [0]    SYNC_bit
0x0099       [1]    SPBRG
0x009A       [1]    EEDATA
0x009B       [1]    EEADR
0x009C       [1]    EECON1
0x009C       [0]    WREN_bit
0x009C       [0]    WRERR_bit
0x009C       [0]    RD_bit
0x009C       [0]    WR_bit
0x009D       [1]    EECON2
0x009F       [0]    VRR_bit
0x009F       [0]    VR3_bit
0x009F       [0]    VREN_bit
0x009F       [0]    VROE_bit
0x009F       [0]    VR2_bit
0x009F       [1]    VRCON
0x009F       [0]    VR0_bit
0x009F       [0]    VR1_bit
//** Label List: ** 
//----------------------------------------------
  L_end_codigo_fuente_ultrasonico1
  L_codigo_fuente_ultrasonico11
  L_codigo_fuente_ultrasonico12
  L_codigo_fuente_ultrasonico13
  L_codigo_fuente_ultrasonico14
  L_codigo_fuente_ultrasonico15
  L_codigo_fuente_ultrasonico16
  L_codigo_fuente_ultrasonico17
  L_codigo_fuente_ultrasonico18
  L_codigo_fuente_ultrasonico19
  L_codigo_fuente_ultrasonico110
  L_codigo_fuente_ultrasonico111
  L_codigo_fuente_ultrasonico112
  L_codigo_fuente_ultrasonico113
  L_codigo_fuente_ultrasonico114
  L_codigo_fuente_ultrasonico115
  L_codigo_fuente_ultrasonico116
  L_codigo_fuente_ultrasonico117
  L_codigo_fuente_ultrasonico118
  L_codigo_fuente_ultrasonico119
  L_codigo_fuente_ultrasonico120
  L_codigo_fuente_ultrasonico121
  L_end_codigo_fuente_pwm1_set_data
  L_end__main
  L__main24
  L__main25
  L__main26
  L__main27
  L__main28
  L__main29
  codigo_fuente_ultrasonico1
  L_codigo_fuente_ultrasonico130
  L_codigo_fuente_ultrasonico131
  codigo_fuente_pwm1_set_data
  L_codigo_fuente_pwm1_set_data32
  L_codigo_fuente_pwm1_set_data33
  L_codigo_fuente_pwm1_set_data34
  L_codigo_fuente_pwm1_set_data35
  _main
  L_end__Mul_8x8_U
  L_end__Mul_16x16_U
  L_end__Div_8x8_U
  L__Div_8x8_U3
  L__Div_8x8_U4
  L__Div_8x8_U5
  L_end__Div_16x16_U
  L_end__Mul_8x8_S
  L_end__Mul_16x16_S
  L_end__Div_16x16_S_L
  L_end__Div_16x16_S
  L__Div_16x16_S11
  L__Div_16x16_S12
  L__Div_16x16_S13
  L__Div_16x16_S14
  L__Div_16x16_S15
  L__Div_16x16_S16
  L_end__Div_8x8_S
  L_end__SDIV3232L
  LOOPS3232A
  SADD22LA
  SOK22LA
  SADD22L8
  SOK22L8
  LOOPS3232B
  SADD22LB
  SOK22LB
  SADD22L16
  SOK22L16
  LOOPS3232C
  SADD22LC
  SOK22LC
  SADD22L24
  SOK22L24
  LOOPS3232D
  SADD22LD
  SOK22LD
  SOK22L
  L_end__COMFREM
  L_end__Div_32x32_S
  L__Div_32x32_S25
  L__Div_32x32_S26
  L__Div_32x32_S27
  L__Div_32x32_S28
  L__Div_32x32_S29
  L__Div_32x32_S30
  L__Div_32x32_S31
  L__Div_32x32_S32
  L__Div_32x32_S33
  L__Div_32x32_S34
  L__Div_32x32_S35
  L__Div_32x32_S36
  FXD3232S
  END_ALL
  CA3232S
  C3232SX
  C3232SX1
  C3232S
  C3232S2
  C3232SX4
  C3232SOK
  C3232SX3
  C3232SX2
  avoid_comfrem
  L_end__Div_32x32_U
  LOOPU3232A
  UADD22LA
  UOK22LA
  UADD22L8
  UOK22L8
  LOOPU3232B
  UADD22LB
  UOK22LB
  UADD22L16
  UOK22L16
  LOOPU3232C
  UADD22LC
  UOK22LC
  UADD22L24
  UOK22L24
  LOOPU3232D
  UADD22LD
  UOK22LD
  UOK22L
  L_end__Mul_32x32_U
  _NEXT
  _EXIT2
  _LOOP
  _EXIT1
  L_end__Mul_32x32_S
  _IF_FIRST
  _IF_SECOND
  _INVERCE_FIRST
  _MULT
  _INBERSE_SECOND
  _EXIT
  _Mul_8x8_U
  _Mul_16x16_U
  _Div_8x8_U
  _Div_16x16_U
  _Mul_8x8_S
  _Mul_16x16_S
  _Div_16x16_S_L
  _Div_16x16_S
  _Div_8x8_S
  _SDIV3232L
  _COMFREM
  _Div_32x32_S
  _Div_32x32_U
  _Mul_32x32_U
  _Mul_32x32_S
