;  LST file generated by mikroListExporter - v.2.0 
; Date/Time: 25/09/2012 18:06:38
;----------------------------------------------

;Address Opcode 	ASM
0x0000	0x2956      	GOTO       342
_UART1_Write:
;__Lib_UART_c67.mpas,72 :: 		
;__Lib_UART_c67.mpas,73 :: 		
L__UART1_Write14:
0x0003	0x1683      	BSF        STATUS, 5
0x0004	0x1303      	BCF        STATUS, 6
0x0005	0x1898      	BTFSC      TXSTA, 1
0x0006	0x2809      	GOTO       L__UART1_Write15
0x0007	0x0000      	NOP
0x0008	0x2803      	GOTO       L__UART1_Write14
L__UART1_Write15:
;__Lib_UART_c67.mpas,74 :: 		
0x0009	0x1283      	BCF        STATUS, 5
0x000A	0x082C      	MOVF       FARG_UART1_Write_data_, 0
0x000B	0x0099      	MOVWF      TXREG
;__Lib_UART_c67.mpas,75 :: 		
0x000C	0x0008      	RETURN
; end of _UART1_Write
_Mul_16x16_U:
;__Lib_Math.mpas,121 :: 		
;__Lib_Math.mpas,127 :: 		
0x000D	0x1283      	BCF        STATUS, 5
;__Lib_Math.mpas,128 :: 		
0x000E	0x1303      	BCF        STATUS, 6
;__Lib_Math.mpas,129 :: 		
0x000F	0x01FB      	CLRF       R11
;__Lib_Math.mpas,130 :: 		
0x0010	0x01FA      	CLRF       R10
;__Lib_Math.mpas,131 :: 		
0x0011	0x01F9      	CLRF       R9
;__Lib_Math.mpas,132 :: 		
0x0012	0x3080      	MOVLW      128
;__Lib_Math.mpas,133 :: 		
0x0013	0x00F8      	MOVWF      R8
;__Lib_Math.mpas,134 :: 		
0x0014	0x0CF1      	RRF        R1, 1
;__Lib_Math.mpas,135 :: 		
0x0015	0x0CF0      	RRF        R0, 1
;__Lib_Math.mpas,136 :: 		
0x0016	0x1C03      	BTFSS      STATUS, 0
;__Lib_Math.mpas,137 :: 		
0x0017	0x2821      	GOTO       $+10
;__Lib_Math.mpas,138 :: 		
0x0018	0x0874      	MOVF       R4, 0
;__Lib_Math.mpas,139 :: 		
0x0019	0x07F9      	ADDWF      R9, 1
;__Lib_Math.mpas,140 :: 		
0x001A	0x0875      	MOVF       R5, 0
;__Lib_Math.mpas,141 :: 		
0x001B	0x1803      	BTFSC      STATUS, 0
;__Lib_Math.mpas,142 :: 		
0x001C	0x0F75      	INCFSZ     R5, 0
;__Lib_Math.mpas,143 :: 		
0x001D	0x07FA      	ADDWF      R10, 1
;__Lib_Math.mpas,144 :: 		
0x001E	0x1803      	BTFSC      STATUS, 0
;__Lib_Math.mpas,145 :: 		
0x001F	0x0AFB      	INCF       R11, 1
;__Lib_Math.mpas,146 :: 		
0x0020	0x1003      	BCF        STATUS, 0
;__Lib_Math.mpas,147 :: 		
0x0021	0x1FF0      	BTFSS      R0, 7
;__Lib_Math.mpas,148 :: 		
0x0022	0x2829      	GOTO       $+7
;__Lib_Math.mpas,149 :: 		
0x0023	0x0874      	MOVF       R4, 0
;__Lib_Math.mpas,150 :: 		
0x0024	0x07FA      	ADDWF      R10, 1
;__Lib_Math.mpas,151 :: 		
0x0025	0x0875      	MOVF       R5, 0
;__Lib_Math.mpas,152 :: 		
0x0026	0x1803      	BTFSC      STATUS, 0
;__Lib_Math.mpas,153 :: 		
0x0027	0x0F75      	INCFSZ     R5, 0
;__Lib_Math.mpas,154 :: 		
0x0028	0x07FB      	ADDWF      R11, 1
;__Lib_Math.mpas,155 :: 		
0x0029	0x0CFB      	RRF        R11, 1
;__Lib_Math.mpas,156 :: 		
0x002A	0x0CFA      	RRF        R10, 1
;__Lib_Math.mpas,157 :: 		
0x002B	0x0CF9      	RRF        R9, 1
;__Lib_Math.mpas,158 :: 		
0x002C	0x0CF8      	RRF        R8, 1
;__Lib_Math.mpas,159 :: 		
0x002D	0x1C03      	BTFSS      STATUS, 0
;__Lib_Math.mpas,160 :: 		
0x002E	0x2814      	GOTO       $-26
;__Lib_Math.mpas,161 :: 		
0x002F	0x087B      	MOVF       R11, 0
;__Lib_Math.mpas,162 :: 		
0x0030	0x00F3      	MOVWF      R3
;__Lib_Math.mpas,163 :: 		
0x0031	0x087A      	MOVF       R10, 0
;__Lib_Math.mpas,164 :: 		
0x0032	0x00F2      	MOVWF      R2
;__Lib_Math.mpas,165 :: 		
0x0033	0x0879      	MOVF       R9, 0
;__Lib_Math.mpas,166 :: 		
0x0034	0x00F1      	MOVWF      R1
;__Lib_Math.mpas,167 :: 		
0x0035	0x0878      	MOVF       R8, 0
;__Lib_Math.mpas,168 :: 		
0x0036	0x00F0      	MOVWF      R0
;__Lib_Math.mpas,170 :: 		
0x0037	0x0008      	RETURN
; end of _Mul_16x16_U
_PWM2_Set_Duty:
;__Lib_PWM_c21.mpas,60 :: 		
;__Lib_PWM_c21.mpas,61 :: 		
0x0038	0x1683      	BSF        STATUS, 5
0x0039	0x1303      	BCF        STATUS, 6
0x003A	0x0812      	MOVF       PR2, 0
0x003B	0x00F0      	MOVWF      R0
0x003C	0x01F1      	CLRF       R0+1
0x003D	0x0AF0      	INCF       R0, 1
0x003E	0x1903      	BTFSC      STATUS, 2
0x003F	0x0AF1      	INCF       R0+1, 1
0x0040	0x1283      	BCF        STATUS, 5
0x0041	0x0828      	MOVF       FARG_PWM2_Set_Duty_new_duty, 0
0x0042	0x00F4      	MOVWF      R4
0x0043	0x01F5      	CLRF       R4+1
0x0044	0x200D      	CALL       _Mul_16x16_U
0x0045	0x3006      	MOVLW      6
0x0046	0x00F2      	MOVWF      R2
0x0047	0x0870      	MOVF       R0, 0
0x0048	0x00F4      	MOVWF      R4
0x0049	0x0871      	MOVF       R0+1, 0
0x004A	0x00F5      	MOVWF      R4+1
0x004B	0x0872      	MOVF       R2, 0
L__PWM2_Set_Duty10:
0x004C	0x1903      	BTFSC      STATUS, 2
0x004D	0x2853      	GOTO       L__PWM2_Set_Duty11
0x004E	0x0CF5      	RRF        R4+1, 1
0x004F	0x0CF4      	RRF        R4, 1
0x0050	0x13F5      	BCF        R4+1, 7
0x0051	0x3EFF      	ADDLW      255
0x0052	0x284C      	GOTO       L__PWM2_Set_Duty10
L__PWM2_Set_Duty11:
;__Lib_PWM_c21.mpas,62 :: 		
0x0053	0x0874      	MOVF       R4, 0
0x0054	0x00F0      	MOVWF      R0
0x0055	0x0875      	MOVF       R4+1, 0
0x0056	0x00F1      	MOVWF      R0+1
0x0057	0x0DF0      	RLF        R0, 1
0x0058	0x0DF1      	RLF        R0+1, 1
0x0059	0x1070      	BCF        R0, 0
0x005A	0x0DF0      	RLF        R0, 1
0x005B	0x0DF1      	RLF        R0+1, 1
0x005C	0x1070      	BCF        R0, 0
0x005D	0x0DF0      	RLF        R0, 1
0x005E	0x0DF1      	RLF        R0+1, 1
0x005F	0x1070      	BCF        R0, 0
0x0060	0x0DF0      	RLF        R0, 1
0x0061	0x0DF1      	RLF        R0+1, 1
0x0062	0x1070      	BCF        R0, 0
0x0063	0x3030      	MOVLW      48
0x0064	0x0570      	ANDWF      R0, 0
0x0065	0x00F3      	MOVWF      R3
;__Lib_PWM_c21.mpas,63 :: 		
0x0066	0x0874      	MOVF       R4, 0
0x0067	0x00F0      	MOVWF      R0
0x0068	0x0875      	MOVF       R4+1, 0
0x0069	0x00F1      	MOVWF      R0+1
0x006A	0x0CF1      	RRF        R0+1, 1
0x006B	0x0CF0      	RRF        R0, 1
0x006C	0x13F1      	BCF        R0+1, 7
0x006D	0x0CF1      	RRF        R0+1, 1
0x006E	0x0CF0      	RRF        R0, 1
0x006F	0x13F1      	BCF        R0+1, 7
0x0070	0x0870      	MOVF       R0, 0
0x0071	0x009B      	MOVWF      CCPR2L
;__Lib_PWM_c21.mpas,64 :: 		
0x0072	0x300F      	MOVLW      15
0x0073	0x059D      	ANDWF      CCP2CON, 1
;__Lib_PWM_c21.mpas,65 :: 		
0x0074	0x0873      	MOVF       R3, 0
0x0075	0x049D      	IORWF      CCP2CON, 1
;__Lib_PWM_c21.mpas,66 :: 		
0x0076	0x0008      	RETURN
; end of _PWM2_Set_Duty
_PWM1_Init:
;__Lib_PWM_c21.mpas,15 :: 		
;__Lib_PWM_c21.mpas,17 :: 		
0x0077	0x1283      	BCF        STATUS, 5
0x0078	0x1303      	BCF        STATUS, 6
0x0079	0x0195      	CLRF       CCPR1L
;__Lib_PWM_c21.mpas,18 :: 		
0x007A	0x1217      	BCF        CCP1CON, 4
;__Lib_PWM_c21.mpas,19 :: 		
0x007B	0x1297      	BCF        CCP1CON, 5
;__Lib_PWM_c21.mpas,20 :: 		
0x007C	0x0008      	RETURN
; end of _PWM1_Init
_PWM1_Set_Duty:
;__Lib_PWM_c21.mpas,25 :: 		
;__Lib_PWM_c21.mpas,26 :: 		
0x007D	0x1683      	BSF        STATUS, 5
0x007E	0x1303      	BCF        STATUS, 6
0x007F	0x0812      	MOVF       PR2, 0
0x0080	0x00F0      	MOVWF      R0
0x0081	0x01F1      	CLRF       R0+1
0x0082	0x0AF0      	INCF       R0, 1
0x0083	0x1903      	BTFSC      STATUS, 2
0x0084	0x0AF1      	INCF       R0+1, 1
0x0085	0x1283      	BCF        STATUS, 5
0x0086	0x0828      	MOVF       FARG_PWM1_Set_Duty_new_duty, 0
0x0087	0x00F4      	MOVWF      R4
0x0088	0x01F5      	CLRF       R4+1
0x0089	0x200D      	CALL       _Mul_16x16_U
0x008A	0x3006      	MOVLW      6
0x008B	0x00F2      	MOVWF      R2
0x008C	0x0870      	MOVF       R0, 0
0x008D	0x00F4      	MOVWF      R4
0x008E	0x0871      	MOVF       R0+1, 0
0x008F	0x00F5      	MOVWF      R4+1
0x0090	0x0872      	MOVF       R2, 0
L__PWM1_Set_Duty8:
0x0091	0x1903      	BTFSC      STATUS, 2
0x0092	0x2898      	GOTO       L__PWM1_Set_Duty9
0x0093	0x0CF5      	RRF        R4+1, 1
0x0094	0x0CF4      	RRF        R4, 1
0x0095	0x13F5      	BCF        R4+1, 7
0x0096	0x3EFF      	ADDLW      255
0x0097	0x2891      	GOTO       L__PWM1_Set_Duty8
L__PWM1_Set_Duty9:
;__Lib_PWM_c21.mpas,27 :: 		
0x0098	0x0874      	MOVF       R4, 0
0x0099	0x00F0      	MOVWF      R0
0x009A	0x0875      	MOVF       R4+1, 0
0x009B	0x00F1      	MOVWF      R0+1
0x009C	0x0DF0      	RLF        R0, 1
0x009D	0x0DF1      	RLF        R0+1, 1
0x009E	0x1070      	BCF        R0, 0
0x009F	0x0DF0      	RLF        R0, 1
0x00A0	0x0DF1      	RLF        R0+1, 1
0x00A1	0x1070      	BCF        R0, 0
0x00A2	0x0DF0      	RLF        R0, 1
0x00A3	0x0DF1      	RLF        R0+1, 1
0x00A4	0x1070      	BCF        R0, 0
0x00A5	0x0DF0      	RLF        R0, 1
0x00A6	0x0DF1      	RLF        R0+1, 1
0x00A7	0x1070      	BCF        R0, 0
0x00A8	0x3030      	MOVLW      48
0x00A9	0x0570      	ANDWF      R0, 0
0x00AA	0x00F3      	MOVWF      R3
;__Lib_PWM_c21.mpas,28 :: 		
0x00AB	0x0874      	MOVF       R4, 0
0x00AC	0x00F0      	MOVWF      R0
0x00AD	0x0875      	MOVF       R4+1, 0
0x00AE	0x00F1      	MOVWF      R0+1
0x00AF	0x0CF1      	RRF        R0+1, 1
0x00B0	0x0CF0      	RRF        R0, 1
0x00B1	0x13F1      	BCF        R0+1, 7
0x00B2	0x0CF1      	RRF        R0+1, 1
0x00B3	0x0CF0      	RRF        R0, 1
0x00B4	0x13F1      	BCF        R0+1, 7
0x00B5	0x0870      	MOVF       R0, 0
0x00B6	0x0095      	MOVWF      CCPR1L
;__Lib_PWM_c21.mpas,29 :: 		
0x00B7	0x300F      	MOVLW      15
0x00B8	0x0597      	ANDWF      CCP1CON, 1
;__Lib_PWM_c21.mpas,30 :: 		
0x00B9	0x0873      	MOVF       R3, 0
0x00BA	0x0497      	IORWF      CCP1CON, 1
;__Lib_PWM_c21.mpas,31 :: 		
0x00BB	0x0008      	RETURN
; end of _PWM1_Set_Duty
SEGUIDOR_LINEA_SET_MOTOR:
;SEGUIDOR_LINEA.mbas,50 :: 		SUB PROCEDURE SET_MOTOR(DIM MOTOR2,MOTOR1 AS INTEGER)
;SEGUIDOR_LINEA.mbas,52 :: 		IF(MOTOR1<0)THEN
0x00BC	0x3080      	MOVLW      128
0x00BD	0x1283      	BCF        STATUS, 5
0x00BE	0x1303      	BCF        STATUS, 6
0x00BF	0x062B      	XORWF      FARG_SET_MOTOR_MOTOR1+1, 0
0x00C0	0x00F0      	MOVWF      R0
0x00C1	0x3080      	MOVLW      128
0x00C2	0x0270      	SUBWF      R0, 0
0x00C3	0x1D03      	BTFSS      STATUS, 2
0x00C4	0x28C7      	GOTO       L_SEGUIDOR_LINEA_SET_MOTOR75
0x00C5	0x3000      	MOVLW      0
0x00C6	0x022A      	SUBWF      FARG_SET_MOTOR_MOTOR1, 0
L_SEGUIDOR_LINEA_SET_MOTOR75:
0x00C7	0x1803      	BTFSC      STATUS, 0
0x00C8	0x28E1      	GOTO       L_SEGUIDOR_LINEA_SET_MOTOR2
;SEGUIDOR_LINEA.mbas,53 :: 		MOTOR1=-MOTOR1
0x00C9	0x082A      	MOVF       FARG_SET_MOTOR_MOTOR1, 0
0x00CA	0x3C00      	SUBLW      0
0x00CB	0x00AA      	MOVWF      FARG_SET_MOTOR_MOTOR1
0x00CC	0x082B      	MOVF       FARG_SET_MOTOR_MOTOR1+1, 0
0x00CD	0x1C03      	BTFSS      STATUS, 0
0x00CE	0x3E01      	ADDLW      1
0x00CF	0x01AB      	CLRF       FARG_SET_MOTOR_MOTOR1+1
0x00D0	0x02AB      	SUBWF      FARG_SET_MOTOR_MOTOR1+1, 1
;SEGUIDOR_LINEA.mbas,54 :: 		UART1_Write(0XAA)
0x00D1	0x30AA      	MOVLW      170
0x00D2	0x00AC      	MOVWF      FARG_UART1_Write_data_
0x00D3	0x2003      	CALL       _UART1_Write
;SEGUIDOR_LINEA.mbas,55 :: 		UART1_Write(0XCC)
0x00D4	0x30CC      	MOVLW      204
0x00D5	0x00AC      	MOVWF      FARG_UART1_Write_data_
0x00D6	0x2003      	CALL       _UART1_Write
;SEGUIDOR_LINEA.mbas,56 :: 		UART1_Write(0X01)  'MOTOR 1
0x00D7	0x3001      	MOVLW      1
0x00D8	0x00AC      	MOVWF      FARG_UART1_Write_data_
0x00D9	0x2003      	CALL       _UART1_Write
;SEGUIDOR_LINEA.mbas,57 :: 		UART1_Write(0XFF)  'ADELANTE
0x00DA	0x30FF      	MOVLW      255
0x00DB	0x00AC      	MOVWF      FARG_UART1_Write_data_
0x00DC	0x2003      	CALL       _UART1_Write
;SEGUIDOR_LINEA.mbas,58 :: 		UART1_Write(0XDD)
0x00DD	0x30DD      	MOVLW      221
0x00DE	0x00AC      	MOVWF      FARG_UART1_Write_data_
0x00DF	0x2003      	CALL       _UART1_Write
0x00E0	0x28F0      	GOTO       L_SEGUIDOR_LINEA_SET_MOTOR3
;SEGUIDOR_LINEA.mbas,61 :: 		ELSE
L_SEGUIDOR_LINEA_SET_MOTOR2:
;SEGUIDOR_LINEA.mbas,64 :: 		UART1_Write(0XAA)
0x00E1	0x30AA      	MOVLW      170
0x00E2	0x00AC      	MOVWF      FARG_UART1_Write_data_
0x00E3	0x2003      	CALL       _UART1_Write
;SEGUIDOR_LINEA.mbas,65 :: 		UART1_Write(0XCC)
0x00E4	0x30CC      	MOVLW      204
0x00E5	0x00AC      	MOVWF      FARG_UART1_Write_data_
0x00E6	0x2003      	CALL       _UART1_Write
;SEGUIDOR_LINEA.mbas,66 :: 		UART1_Write(0X01)  'MOTOR 1
0x00E7	0x3001      	MOVLW      1
0x00E8	0x00AC      	MOVWF      FARG_UART1_Write_data_
0x00E9	0x2003      	CALL       _UART1_Write
;SEGUIDOR_LINEA.mbas,67 :: 		UART1_Write(0X30)  'ATRAS
0x00EA	0x3030      	MOVLW      48
0x00EB	0x00AC      	MOVWF      FARG_UART1_Write_data_
0x00EC	0x2003      	CALL       _UART1_Write
;SEGUIDOR_LINEA.mbas,68 :: 		UART1_Write(0XDD)
0x00ED	0x30DD      	MOVLW      221
0x00EE	0x00AC      	MOVWF      FARG_UART1_Write_data_
0x00EF	0x2003      	CALL       _UART1_Write
;SEGUIDOR_LINEA.mbas,69 :: 		END IF
L_SEGUIDOR_LINEA_SET_MOTOR3:
;SEGUIDOR_LINEA.mbas,71 :: 		IF(MOTOR2<0)THEN
0x00F0	0x3080      	MOVLW      128
0x00F1	0x0629      	XORWF      FARG_SET_MOTOR_MOTOR2+1, 0
0x00F2	0x00F0      	MOVWF      R0
0x00F3	0x3080      	MOVLW      128
0x00F4	0x0270      	SUBWF      R0, 0
0x00F5	0x1D03      	BTFSS      STATUS, 2
0x00F6	0x28F9      	GOTO       L_SEGUIDOR_LINEA_SET_MOTOR76
0x00F7	0x3000      	MOVLW      0
0x00F8	0x0228      	SUBWF      FARG_SET_MOTOR_MOTOR2, 0
L_SEGUIDOR_LINEA_SET_MOTOR76:
0x00F9	0x1803      	BTFSC      STATUS, 0
0x00FA	0x2913      	GOTO       L_SEGUIDOR_LINEA_SET_MOTOR5
;SEGUIDOR_LINEA.mbas,72 :: 		MOTOR2=-MOTOR2
0x00FB	0x0828      	MOVF       FARG_SET_MOTOR_MOTOR2, 0
0x00FC	0x3C00      	SUBLW      0
0x00FD	0x00A8      	MOVWF      FARG_SET_MOTOR_MOTOR2
0x00FE	0x0829      	MOVF       FARG_SET_MOTOR_MOTOR2+1, 0
0x00FF	0x1C03      	BTFSS      STATUS, 0
0x0100	0x3E01      	ADDLW      1
0x0101	0x01A9      	CLRF       FARG_SET_MOTOR_MOTOR2+1
0x0102	0x02A9      	SUBWF      FARG_SET_MOTOR_MOTOR2+1, 1
;SEGUIDOR_LINEA.mbas,75 :: 		UART1_Write(0XAA)
0x0103	0x30AA      	MOVLW      170
0x0104	0x00AC      	MOVWF      FARG_UART1_Write_data_
0x0105	0x2003      	CALL       _UART1_Write
;SEGUIDOR_LINEA.mbas,76 :: 		UART1_Write(0XCC)
0x0106	0x30CC      	MOVLW      204
0x0107	0x00AC      	MOVWF      FARG_UART1_Write_data_
0x0108	0x2003      	CALL       _UART1_Write
;SEGUIDOR_LINEA.mbas,77 :: 		UART1_Write(0X02)  'MOTOR 2
0x0109	0x3002      	MOVLW      2
0x010A	0x00AC      	MOVWF      FARG_UART1_Write_data_
0x010B	0x2003      	CALL       _UART1_Write
;SEGUIDOR_LINEA.mbas,78 :: 		UART1_Write(0XFF)  'ADELANTE
0x010C	0x30FF      	MOVLW      255
0x010D	0x00AC      	MOVWF      FARG_UART1_Write_data_
0x010E	0x2003      	CALL       _UART1_Write
;SEGUIDOR_LINEA.mbas,79 :: 		UART1_Write(0XDD)
0x010F	0x30DD      	MOVLW      221
0x0110	0x00AC      	MOVWF      FARG_UART1_Write_data_
0x0111	0x2003      	CALL       _UART1_Write
0x0112	0x2922      	GOTO       L_SEGUIDOR_LINEA_SET_MOTOR6
;SEGUIDOR_LINEA.mbas,80 :: 		ELSE
L_SEGUIDOR_LINEA_SET_MOTOR5:
;SEGUIDOR_LINEA.mbas,81 :: 		UART1_Write(0XAA)
0x0113	0x30AA      	MOVLW      170
0x0114	0x00AC      	MOVWF      FARG_UART1_Write_data_
0x0115	0x2003      	CALL       _UART1_Write
;SEGUIDOR_LINEA.mbas,82 :: 		UART1_Write(0XCC)
0x0116	0x30CC      	MOVLW      204
0x0117	0x00AC      	MOVWF      FARG_UART1_Write_data_
0x0118	0x2003      	CALL       _UART1_Write
;SEGUIDOR_LINEA.mbas,83 :: 		UART1_Write(0X02)  'MOTOR 2
0x0119	0x3002      	MOVLW      2
0x011A	0x00AC      	MOVWF      FARG_UART1_Write_data_
0x011B	0x2003      	CALL       _UART1_Write
;SEGUIDOR_LINEA.mbas,84 :: 		UART1_Write(0X30)  'ATRAS
0x011C	0x3030      	MOVLW      48
0x011D	0x00AC      	MOVWF      FARG_UART1_Write_data_
0x011E	0x2003      	CALL       _UART1_Write
;SEGUIDOR_LINEA.mbas,85 :: 		UART1_Write(0XDD)
0x011F	0x30DD      	MOVLW      221
0x0120	0x00AC      	MOVWF      FARG_UART1_Write_data_
0x0121	0x2003      	CALL       _UART1_Write
;SEGUIDOR_LINEA.mbas,88 :: 		END IF
L_SEGUIDOR_LINEA_SET_MOTOR6:
0x0122	0x0008      	RETURN
; end of SEGUIDOR_LINEA_SET_MOTOR
_PWM2_Init:
;__Lib_PWM_c21.mpas,50 :: 		
;__Lib_PWM_c21.mpas,52 :: 		
0x0123	0x1283      	BCF        STATUS, 5
0x0124	0x1303      	BCF        STATUS, 6
0x0125	0x019B      	CLRF       CCPR2L
;__Lib_PWM_c21.mpas,53 :: 		
0x0126	0x121D      	BCF        CCP2CON, 4
;__Lib_PWM_c21.mpas,54 :: 		
0x0127	0x129D      	BCF        CCP2CON, 5
;__Lib_PWM_c21.mpas,55 :: 		
0x0128	0x0008      	RETURN
; end of _PWM2_Init
_PWM1_Start:
;__Lib_PWM_c21.mpas,34 :: 		
;__Lib_PWM_c21.mpas,35 :: 		
0x0129	0x1683      	BSF        STATUS, 5
0x012A	0x1303      	BCF        STATUS, 6
0x012B	0x1107      	BCF        TRISC2_bit, 2
;__Lib_PWM_c21.mpas,36 :: 		
0x012C	0x1283      	BCF        STATUS, 5
0x012D	0x1512      	BSF        T2CON, 2
;__Lib_PWM_c21.mpas,37 :: 		
0x012E	0x300C      	MOVLW      12
0x012F	0x0497      	IORWF      CCP1CON, 1
;__Lib_PWM_c21.mpas,38 :: 		
0x0130	0x0008      	RETURN
; end of _PWM1_Start
_PWM2_Start:
;__Lib_PWM_c21.mpas,69 :: 		
;__Lib_PWM_c21.mpas,70 :: 		
0x0131	0x1683      	BSF        STATUS, 5
0x0132	0x1303      	BCF        STATUS, 6
0x0133	0x1087      	BCF        TRISC1_bit, 1
;__Lib_PWM_c21.mpas,71 :: 		
0x0134	0x1283      	BCF        STATUS, 5
0x0135	0x1512      	BSF        T2CON, 2
;__Lib_PWM_c21.mpas,72 :: 		
0x0136	0x300C      	MOVLW      12
0x0137	0x049D      	IORWF      CCP2CON, 1
;__Lib_PWM_c21.mpas,73 :: 		
0x0138	0x0008      	RETURN
; end of _PWM2_Start
SEGUIDOR_LINEA_TIEMPO:
;SEGUIDOR_LINEA.mbas,93 :: 		SUB PROCEDURE TIEMPO ()
;SEGUIDOR_LINEA.mbas,94 :: 		delay_ms(10)
0x0139	0x300D      	MOVLW      13
0x013A	0x1283      	BCF        STATUS, 5
0x013B	0x1303      	BCF        STATUS, 6
0x013C	0x00FC      	MOVWF      R12
0x013D	0x30FB      	MOVLW      251
0x013E	0x00FD      	MOVWF      R13
L_SEGUIDOR_LINEA_TIEMPO8:
0x013F	0x0BFD      	DECFSZ     R13, 1
0x0140	0x293F      	GOTO       L_SEGUIDOR_LINEA_TIEMPO8
0x0141	0x0BFC      	DECFSZ     R12, 1
0x0142	0x293F      	GOTO       L_SEGUIDOR_LINEA_TIEMPO8
0x0143	0x0000      	NOP
0x0144	0x0000      	NOP
0x0145	0x0008      	RETURN
; end of SEGUIDOR_LINEA_TIEMPO
_UART1_Init:
;__Lib_UART_c67.mpas,33 :: 		
;__Lib_UART_c67.mpas,34 :: 		
0x0146	0x1683      	BSF        STATUS, 5
0x0147	0x1303      	BCF        STATUS, 6
0x0148	0x1698      	BSF        TXSTA, 5
;__Lib_UART_c67.mpas,35 :: 		
0x0149	0x3090      	MOVLW      144
0x014A	0x1283      	BCF        STATUS, 5
0x014B	0x0098      	MOVWF      RCSTA
;__Lib_UART_c67.mpas,36 :: 		
0x014C	0x1683      	BSF        STATUS, 5
0x014D	0x1787      	BSF        TRISC7_bit, 7
;__Lib_UART_c67.mpas,37 :: 		
0x014E	0x1307      	BCF        TRISC6_bit, 6
;__Lib_UART_c67.mpas,38 :: 		
L__UART1_Init2:
0x014F	0x1283      	BCF        STATUS, 5
0x0150	0x1E8C      	BTFSS      PIR1, 5
0x0151	0x2955      	GOTO       L__UART1_Init3
;__Lib_UART_c67.mpas,39 :: 		
0x0152	0x081A      	MOVF       RCREG, 0
0x0153	0x00F0      	MOVWF      R0
0x0154	0x294F      	GOTO       L__UART1_Init2
L__UART1_Init3:
;__Lib_UART_c67.mpas,40 :: 		
0x0155	0x0008      	RETURN
; end of _UART1_Init
_main:
;SEGUIDOR_LINEA.mbas,97 :: 		main:
;SEGUIDOR_LINEA.mbas,99 :: 		TRISA=%00000001  ' tris configura entreda o salida
0x0156	0x3001      	MOVLW      1
0x0157	0x1683      	BSF        STATUS, 5
0x0158	0x1303      	BCF        STATUS, 6
0x0159	0x0085      	MOVWF      TRISA
;SEGUIDOR_LINEA.mbas,100 :: 		TRISB=%00000000  '
0x015A	0x0186      	CLRF       TRISB
;SEGUIDOR_LINEA.mbas,101 :: 		TRISC=%01111000  'RC3,RC4,RC5,RC6 ENTRADAS   (C1 Y C2 PWM)
0x015B	0x3078      	MOVLW      120
0x015C	0x0087      	MOVWF      TRISC
;SEGUIDOR_LINEA.mbas,102 :: 		ANSEL=1 '00000001 'analogicos o digitales AN0=RA0, AN1=RA1, AN2=RA2, AN3=RA3, AN4=RA5,
0x015D	0x3001      	MOVLW      1
0x015E	0x1703      	BSF        STATUS, 6
0x015F	0x0088      	MOVWF      ANSEL
;SEGUIDOR_LINEA.mbas,103 :: 		ANSELH=0 'AN8=RB2, AN9=RB3, AN10=RB1, AN11=RB4, AN12=RB0, AN13=RB5
0x0160	0x0189      	CLRF       ANSELH
;SEGUIDOR_LINEA.mbas,104 :: 		PWM1_Init(1000)'FRECUENCIA (HZ)
0x0161	0x1283      	BCF        STATUS, 5
0x0162	0x1303      	BCF        STATUS, 6
0x0163	0x1012      	BCF        T2CON, 0
0x0164	0x1092      	BCF        T2CON, 1
0x0165	0x1412      	BSF        T2CON, 0
0x0166	0x1092      	BCF        T2CON, 1
0x0167	0x30F9      	MOVLW      249
0x0168	0x1683      	BSF        STATUS, 5
0x0169	0x0092      	MOVWF      PR2
0x016A	0x2077      	CALL       _PWM1_Init
;SEGUIDOR_LINEA.mbas,105 :: 		PWM2_Init(1000)'FRECUENCIA (HZ)
0x016B	0x1012      	BCF        T2CON, 0
0x016C	0x1092      	BCF        T2CON, 1
0x016D	0x1412      	BSF        T2CON, 0
0x016E	0x1092      	BCF        T2CON, 1
0x016F	0x30F9      	MOVLW      249
0x0170	0x1683      	BSF        STATUS, 5
0x0171	0x0092      	MOVWF      PR2
0x0172	0x2123      	CALL       _PWM2_Init
;SEGUIDOR_LINEA.mbas,106 :: 		PWM1_Set_Duty(0)' VEL0CIDAD 255-> 100%  MAXIMA
0x0173	0x01A8      	CLRF       FARG_PWM1_Set_Duty_new_duty
0x0174	0x207D      	CALL       _PWM1_Set_Duty
;SEGUIDOR_LINEA.mbas,108 :: 		PWM2_Set_Duty(0)
0x0175	0x01A8      	CLRF       FARG_PWM2_Set_Duty_new_duty
0x0176	0x2038      	CALL       _PWM2_Set_Duty
;SEGUIDOR_LINEA.mbas,109 :: 		PWM1_Start()
0x0177	0x2129      	CALL       _PWM1_Start
;SEGUIDOR_LINEA.mbas,110 :: 		PWM2_Start()
0x0178	0x2131      	CALL       _PWM2_Start
;SEGUIDOR_LINEA.mbas,112 :: 		UART1_Init(9600)
0x0179	0x3019      	MOVLW      25
0x017A	0x1683      	BSF        STATUS, 5
0x017B	0x0099      	MOVWF      SPBRG
0x017C	0x1518      	BSF        TXSTA, 2
0x017D	0x2146      	CALL       _UART1_Init
;SEGUIDOR_LINEA.mbas,114 :: 		portb=%00001111
0x017E	0x300F      	MOVLW      15
0x017F	0x0086      	MOVWF      PORTB
;SEGUIDOR_LINEA.mbas,115 :: 		delay_ms(200)
0x0180	0x3002      	MOVLW      2
0x0181	0x00FB      	MOVWF      R11
0x0182	0x3004      	MOVLW      4
0x0183	0x00FC      	MOVWF      R12
0x0184	0x30BA      	MOVLW      186
0x0185	0x00FD      	MOVWF      R13
L__main10:
0x0186	0x0BFD      	DECFSZ     R13, 1
0x0187	0x2986      	GOTO       L__main10
0x0188	0x0BFC      	DECFSZ     R12, 1
0x0189	0x2986      	GOTO       L__main10
0x018A	0x0BFB      	DECFSZ     R11, 1
0x018B	0x2986      	GOTO       L__main10
0x018C	0x0000      	NOP
;SEGUIDOR_LINEA.mbas,116 :: 		portb=%11110000
0x018D	0x30F0      	MOVLW      240
0x018E	0x0086      	MOVWF      PORTB
;SEGUIDOR_LINEA.mbas,117 :: 		delay_ms(200)
0x018F	0x3002      	MOVLW      2
0x0190	0x00FB      	MOVWF      R11
0x0191	0x3004      	MOVLW      4
0x0192	0x00FC      	MOVWF      R12
0x0193	0x30BA      	MOVLW      186
0x0194	0x00FD      	MOVWF      R13
L__main11:
0x0195	0x0BFD      	DECFSZ     R13, 1
0x0196	0x2995      	GOTO       L__main11
0x0197	0x0BFC      	DECFSZ     R12, 1
0x0198	0x2995      	GOTO       L__main11
0x0199	0x0BFB      	DECFSZ     R11, 1
0x019A	0x2995      	GOTO       L__main11
0x019B	0x0000      	NOP
;SEGUIDOR_LINEA.mbas,118 :: 		portb=%00001111
0x019C	0x300F      	MOVLW      15
0x019D	0x0086      	MOVWF      PORTB
;SEGUIDOR_LINEA.mbas,119 :: 		delay_ms(200)
0x019E	0x3002      	MOVLW      2
0x019F	0x00FB      	MOVWF      R11
0x01A0	0x3004      	MOVLW      4
0x01A1	0x00FC      	MOVWF      R12
0x01A2	0x30BA      	MOVLW      186
0x01A3	0x00FD      	MOVWF      R13
L__main12:
0x01A4	0x0BFD      	DECFSZ     R13, 1
0x01A5	0x29A4      	GOTO       L__main12
0x01A6	0x0BFC      	DECFSZ     R12, 1
0x01A7	0x29A4      	GOTO       L__main12
0x01A8	0x0BFB      	DECFSZ     R11, 1
0x01A9	0x29A4      	GOTO       L__main12
0x01AA	0x0000      	NOP
;SEGUIDOR_LINEA.mbas,120 :: 		portb=%00000000
0x01AB	0x0186      	CLRF       PORTB
;SEGUIDOR_LINEA.mbas,127 :: 		BAND = 0
0x01AC	0x01A2      	CLRF       _BAND
0x01AD	0x01A3      	CLRF       _BAND+1
;SEGUIDOR_LINEA.mbas,129 :: 		WHILE(1)
L__main14:
;SEGUIDOR_LINEA.mbas,131 :: 		sensores=(s4*8)+(S3*4)+(S2*2)+(S1*1)
0x01AE	0x01F0      	CLRF       R0
0x01AF	0x1B07      	BTFSC      PORTC, 6
0x01B0	0x0AF0      	INCF       R0, 1
0x01B1	0x0870      	MOVF       R0, 0
0x01B2	0x00F1      	MOVWF      R1
0x01B3	0x01F2      	CLRF       R1+1
0x01B4	0x3003      	MOVLW      3
0x01B5	0x00F0      	MOVWF      R0
0x01B6	0x0871      	MOVF       R1, 0
0x01B7	0x00F5      	MOVWF      R5
0x01B8	0x0872      	MOVF       R1+1, 0
0x01B9	0x00F6      	MOVWF      R5+1
0x01BA	0x0870      	MOVF       R0, 0
L__main77:
0x01BB	0x1903      	BTFSC      STATUS, 2
0x01BC	0x29C2      	GOTO       L__main78
0x01BD	0x0DF5      	RLF        R5, 1
0x01BE	0x0DF6      	RLF        R5+1, 1
0x01BF	0x1075      	BCF        R5, 0
0x01C0	0x3EFF      	ADDLW      255
0x01C1	0x29BB      	GOTO       L__main77
L__main78:
0x01C2	0x01F0      	CLRF       R0
0x01C3	0x1A87      	BTFSC      PORTC, 5
0x01C4	0x0AF0      	INCF       R0, 1
0x01C5	0x0870      	MOVF       R0, 0
0x01C6	0x00F3      	MOVWF      R3
0x01C7	0x01F4      	CLRF       R3+1
0x01C8	0x0873      	MOVF       R3, 0
0x01C9	0x00F0      	MOVWF      R0
0x01CA	0x0874      	MOVF       R3+1, 0
0x01CB	0x00F1      	MOVWF      R0+1
0x01CC	0x0DF0      	RLF        R0, 1
0x01CD	0x0DF1      	RLF        R0+1, 1
0x01CE	0x1070      	BCF        R0, 0
0x01CF	0x0DF0      	RLF        R0, 1
0x01D0	0x0DF1      	RLF        R0+1, 1
0x01D1	0x1070      	BCF        R0, 0
0x01D2	0x0870      	MOVF       R0, 0
0x01D3	0x07F5      	ADDWF      R5, 1
0x01D4	0x0871      	MOVF       R0+1, 0
0x01D5	0x1803      	BTFSC      STATUS, 0
0x01D6	0x3E01      	ADDLW      1
0x01D7	0x07F6      	ADDWF      R5+1, 1
0x01D8	0x01F0      	CLRF       R0
0x01D9	0x1A07      	BTFSC      PORTC, 4
0x01DA	0x0AF0      	INCF       R0, 1
0x01DB	0x0870      	MOVF       R0, 0
0x01DC	0x00F3      	MOVWF      R3
0x01DD	0x01F4      	CLRF       R3+1
0x01DE	0x0873      	MOVF       R3, 0
0x01DF	0x00F0      	MOVWF      R0
0x01E0	0x0874      	MOVF       R3+1, 0
0x01E1	0x00F1      	MOVWF      R0+1
0x01E2	0x0DF0      	RLF        R0, 1
0x01E3	0x0DF1      	RLF        R0+1, 1
0x01E4	0x1070      	BCF        R0, 0
0x01E5	0x0870      	MOVF       R0, 0
0x01E6	0x0775      	ADDWF      R5, 0
0x01E7	0x00F2      	MOVWF      R2
0x01E8	0x0876      	MOVF       R5+1, 0
0x01E9	0x1803      	BTFSC      STATUS, 0
0x01EA	0x3E01      	ADDLW      1
0x01EB	0x0771      	ADDWF      R0+1, 0
0x01EC	0x00F3      	MOVWF      R2+1
0x01ED	0x01F0      	CLRF       R0
0x01EE	0x1987      	BTFSC      PORTC, 3
0x01EF	0x0AF0      	INCF       R0, 1
0x01F0	0x3000      	MOVLW      0
0x01F1	0x00F1      	MOVWF      R0+1
0x01F2	0x0870      	MOVF       R0, 0
0x01F3	0x07F2      	ADDWF      R2, 1
0x01F4	0x0871      	MOVF       R0+1, 0
0x01F5	0x1803      	BTFSC      STATUS, 0
0x01F6	0x3E01      	ADDLW      1
0x01F7	0x07F3      	ADDWF      R2+1, 1
0x01F8	0x0872      	MOVF       R2, 0
0x01F9	0x00A0      	MOVWF      _sensores
0x01FA	0x0873      	MOVF       R2+1, 0
0x01FB	0x00A1      	MOVWF      _sensores+1
;SEGUIDOR_LINEA.mbas,132 :: 		PORTB=SENSORES
0x01FC	0x0872      	MOVF       R2, 0
0x01FD	0x0086      	MOVWF      PORTB
;SEGUIDOR_LINEA.mbas,135 :: 		case 0' S4 S3 S2 S1 = 0 0 0 0
0x01FE	0x3000      	MOVLW      0
0x01FF	0x0673      	XORWF      R2+1, 0
0x0200	0x1D03      	BTFSS      STATUS, 2
0x0201	0x2A04      	GOTO       L__main79
0x0202	0x3000      	MOVLW      0
0x0203	0x0672      	XORWF      R2, 0
L__main79:
0x0204	0x1D03      	BTFSS      STATUS, 2
0x0205	0x2A80      	GOTO       L__main21
;SEGUIDOR_LINEA.mbas,136 :: 		BAND=BAND+1
0x0206	0x0AA2      	INCF       _BAND, 1
0x0207	0x1903      	BTFSC      STATUS, 2
0x0208	0x0AA3      	INCF       _BAND+1, 1
;SEGUIDOR_LINEA.mbas,137 :: 		IF BAND<4 THEN
0x0209	0x3080      	MOVLW      128
0x020A	0x0623      	XORWF      _BAND+1, 0
0x020B	0x00F0      	MOVWF      R0
0x020C	0x3080      	MOVLW      128
0x020D	0x0270      	SUBWF      R0, 0
0x020E	0x1D03      	BTFSS      STATUS, 2
0x020F	0x2A12      	GOTO       L__main80
0x0210	0x3004      	MOVLW      4
0x0211	0x0222      	SUBWF      _BAND, 0
L__main80:
0x0212	0x1803      	BTFSC      STATUS, 0
0x0213	0x2A28      	GOTO       L__main23
;SEGUIDOR_LINEA.mbas,138 :: 		SET_MOTOR(vel,vel)
0x0214	0x0824      	MOVF       _vel, 0
0x0215	0x00A8      	MOVWF      FARG_SET_MOTOR_MOTOR2
0x0216	0x0825      	MOVF       _vel+1, 0
0x0217	0x00A9      	MOVWF      FARG_SET_MOTOR_MOTOR2+1
0x0218	0x0824      	MOVF       _vel, 0
0x0219	0x00AA      	MOVWF      FARG_SET_MOTOR_MOTOR1
0x021A	0x0825      	MOVF       _vel+1, 0
0x021B	0x00AB      	MOVWF      FARG_SET_MOTOR_MOTOR1+1
0x021C	0x20BC      	CALL       SEGUIDOR_LINEA_SET_MOTOR
;SEGUIDOR_LINEA.mbas,139 :: 		DELAY_MS(100)
0x021D	0x3082      	MOVLW      130
0x021E	0x00FC      	MOVWF      R12
0x021F	0x30DD      	MOVLW      221
0x0220	0x00FD      	MOVWF      R13
L__main25:
0x0221	0x0BFD      	DECFSZ     R13, 1
0x0222	0x2A21      	GOTO       L__main25
0x0223	0x0BFC      	DECFSZ     R12, 1
0x0224	0x2A21      	GOTO       L__main25
0x0225	0x0000      	NOP
0x0226	0x0000      	NOP
0x0227	0x2A7F      	GOTO       L__main24
;SEGUIDOR_LINEA.mbas,140 :: 		ELSE
L__main23:
;SEGUIDOR_LINEA.mbas,141 :: 		IF (BAND>4) AND (BAND <24) THEN
0x0228	0x3080      	MOVLW      128
0x0229	0x00F1      	MOVWF      R1
0x022A	0x3080      	MOVLW      128
0x022B	0x0623      	XORWF      _BAND+1, 0
0x022C	0x0271      	SUBWF      R1, 0
0x022D	0x1D03      	BTFSS      STATUS, 2
0x022E	0x2A31      	GOTO       L__main81
0x022F	0x0822      	MOVF       _BAND, 0
0x0230	0x3C04      	SUBLW      4
L__main81:
0x0231	0x30FF      	MOVLW      255
0x0232	0x1803      	BTFSC      STATUS, 0
0x0233	0x3000      	MOVLW      0
0x0234	0x00F1      	MOVWF      R1
0x0235	0x3080      	MOVLW      128
0x0236	0x0623      	XORWF      _BAND+1, 0
0x0237	0x00F0      	MOVWF      R0
0x0238	0x3080      	MOVLW      128
0x0239	0x0270      	SUBWF      R0, 0
0x023A	0x1D03      	BTFSS      STATUS, 2
0x023B	0x2A3E      	GOTO       L__main82
0x023C	0x3018      	MOVLW      24
0x023D	0x0222      	SUBWF      _BAND, 0
L__main82:
0x023E	0x30FF      	MOVLW      255
0x023F	0x1803      	BTFSC      STATUS, 0
0x0240	0x3000      	MOVLW      0
0x0241	0x00F0      	MOVWF      R0
0x0242	0x0871      	MOVF       R1, 0
0x0243	0x05F0      	ANDWF      R0, 1
0x0244	0x1903      	BTFSC      STATUS, 2
0x0245	0x2A67      	GOTO       L__main27
;SEGUIDOR_LINEA.mbas,142 :: 		SET_MOTOR(-(vel/2),vel/2)
0x0246	0x0824      	MOVF       _vel, 0
0x0247	0x00F0      	MOVWF      R0
0x0248	0x0825      	MOVF       _vel+1, 0
0x0249	0x00F1      	MOVWF      R0+1
0x024A	0x0CF1      	RRF        R0+1, 1
0x024B	0x0CF0      	RRF        R0, 1
0x024C	0x13F1      	BCF        R0+1, 7
0x024D	0x1B71      	BTFSC      R0+1, 6
0x024E	0x17F1      	BSF        R0+1, 7
0x024F	0x0870      	MOVF       R0, 0
0x0250	0x3C00      	SUBLW      0
0x0251	0x00A8      	MOVWF      FARG_SET_MOTOR_MOTOR2
0x0252	0x0871      	MOVF       R0+1, 0
0x0253	0x1C03      	BTFSS      STATUS, 0
0x0254	0x3E01      	ADDLW      1
0x0255	0x01A9      	CLRF       FARG_SET_MOTOR_MOTOR2+1
0x0256	0x02A9      	SUBWF      FARG_SET_MOTOR_MOTOR2+1, 1
0x0257	0x0870      	MOVF       R0, 0
0x0258	0x00AA      	MOVWF      FARG_SET_MOTOR_MOTOR1
0x0259	0x0871      	MOVF       R0+1, 0
0x025A	0x00AB      	MOVWF      FARG_SET_MOTOR_MOTOR1+1
0x025B	0x20BC      	CALL       SEGUIDOR_LINEA_SET_MOTOR
;SEGUIDOR_LINEA.mbas,143 :: 		DELAY_MS(10)
0x025C	0x300D      	MOVLW      13
0x025D	0x00FC      	MOVWF      R12
0x025E	0x30FB      	MOVLW      251
0x025F	0x00FD      	MOVWF      R13
L__main29:
0x0260	0x0BFD      	DECFSZ     R13, 1
0x0261	0x2A60      	GOTO       L__main29
0x0262	0x0BFC      	DECFSZ     R12, 1
0x0263	0x2A60      	GOTO       L__main29
0x0264	0x0000      	NOP
0x0265	0x0000      	NOP
0x0266	0x2A7F      	GOTO       L__main28
;SEGUIDOR_LINEA.mbas,144 :: 		ELSE
L__main27:
;SEGUIDOR_LINEA.mbas,145 :: 		SET_MOTOR(vel/2,-(vel/2))
0x0267	0x0824      	MOVF       _vel, 0
0x0268	0x00F0      	MOVWF      R0
0x0269	0x0825      	MOVF       _vel+1, 0
0x026A	0x00F1      	MOVWF      R0+1
0x026B	0x0CF1      	RRF        R0+1, 1
0x026C	0x0CF0      	RRF        R0, 1
0x026D	0x13F1      	BCF        R0+1, 7
0x026E	0x1B71      	BTFSC      R0+1, 6
0x026F	0x17F1      	BSF        R0+1, 7
0x0270	0x0870      	MOVF       R0, 0
0x0271	0x00A8      	MOVWF      FARG_SET_MOTOR_MOTOR2
0x0272	0x0871      	MOVF       R0+1, 0
0x0273	0x00A9      	MOVWF      FARG_SET_MOTOR_MOTOR2+1
0x0274	0x0870      	MOVF       R0, 0
0x0275	0x3C00      	SUBLW      0
0x0276	0x00AA      	MOVWF      FARG_SET_MOTOR_MOTOR1
0x0277	0x0871      	MOVF       R0+1, 0
0x0278	0x1C03      	BTFSS      STATUS, 0
0x0279	0x3E01      	ADDLW      1
0x027A	0x01AB      	CLRF       FARG_SET_MOTOR_MOTOR1+1
0x027B	0x02AB      	SUBWF      FARG_SET_MOTOR_MOTOR1+1, 1
0x027C	0x20BC      	CALL       SEGUIDOR_LINEA_SET_MOTOR
;SEGUIDOR_LINEA.mbas,146 :: 		TIEMPO
0x027D	0x2139      	CALL       SEGUIDOR_LINEA_TIEMPO
;SEGUIDOR_LINEA.mbas,147 :: 		TIEMPO
0x027E	0x2139      	CALL       SEGUIDOR_LINEA_TIEMPO
;SEGUIDOR_LINEA.mbas,148 :: 		END IF
L__main28:
;SEGUIDOR_LINEA.mbas,149 :: 		END IF
L__main24:
0x027F	0x2C59      	GOTO       L__main18
L__main21:
;SEGUIDOR_LINEA.mbas,151 :: 		case 1' S4 S3 S2 S1 = 0 0 0 1
0x0280	0x3000      	MOVLW      0
0x0281	0x0621      	XORWF      _sensores+1, 0
0x0282	0x1D03      	BTFSS      STATUS, 2
0x0283	0x2A86      	GOTO       L__main83
0x0284	0x3001      	MOVLW      1
0x0285	0x0620      	XORWF      _sensores, 0
L__main83:
0x0286	0x1D03      	BTFSS      STATUS, 2
0x0287	0x2AA2      	GOTO       L__main32
;SEGUIDOR_LINEA.mbas,152 :: 		SET_MOTOR(vel/2,-(vel/2))
0x0288	0x0824      	MOVF       _vel, 0
0x0289	0x00F0      	MOVWF      R0
0x028A	0x0825      	MOVF       _vel+1, 0
0x028B	0x00F1      	MOVWF      R0+1
0x028C	0x0CF1      	RRF        R0+1, 1
0x028D	0x0CF0      	RRF        R0, 1
0x028E	0x13F1      	BCF        R0+1, 7
0x028F	0x1B71      	BTFSC      R0+1, 6
0x0290	0x17F1      	BSF        R0+1, 7
0x0291	0x0870      	MOVF       R0, 0
0x0292	0x00A8      	MOVWF      FARG_SET_MOTOR_MOTOR2
0x0293	0x0871      	MOVF       R0+1, 0
0x0294	0x00A9      	MOVWF      FARG_SET_MOTOR_MOTOR2+1
0x0295	0x0870      	MOVF       R0, 0
0x0296	0x3C00      	SUBLW      0
0x0297	0x00AA      	MOVWF      FARG_SET_MOTOR_MOTOR1
0x0298	0x0871      	MOVF       R0+1, 0
0x0299	0x1C03      	BTFSS      STATUS, 0
0x029A	0x3E01      	ADDLW      1
0x029B	0x01AB      	CLRF       FARG_SET_MOTOR_MOTOR1+1
0x029C	0x02AB      	SUBWF      FARG_SET_MOTOR_MOTOR1+1, 1
0x029D	0x20BC      	CALL       SEGUIDOR_LINEA_SET_MOTOR
;SEGUIDOR_LINEA.mbas,153 :: 		TIEMPO
0x029E	0x2139      	CALL       SEGUIDOR_LINEA_TIEMPO
;SEGUIDOR_LINEA.mbas,154 :: 		BAND=0
0x029F	0x01A2      	CLRF       _BAND
0x02A0	0x01A3      	CLRF       _BAND+1
0x02A1	0x2C59      	GOTO       L__main18
L__main32:
;SEGUIDOR_LINEA.mbas,155 :: 		case 2' S4 S3 S2 S1 = 0 0 1 0
0x02A2	0x3000      	MOVLW      0
0x02A3	0x0621      	XORWF      _sensores+1, 0
0x02A4	0x1D03      	BTFSS      STATUS, 2
0x02A5	0x2AA8      	GOTO       L__main84
0x02A6	0x3002      	MOVLW      2
0x02A7	0x0620      	XORWF      _sensores, 0
L__main84:
0x02A8	0x1D03      	BTFSS      STATUS, 2
0x02A9	0x2AC4      	GOTO       L__main35
;SEGUIDOR_LINEA.mbas,156 :: 		SET_MOTOR(-(vel/2),vel/2)
0x02AA	0x0824      	MOVF       _vel, 0
0x02AB	0x00F0      	MOVWF      R0
0x02AC	0x0825      	MOVF       _vel+1, 0
0x02AD	0x00F1      	MOVWF      R0+1
0x02AE	0x0CF1      	RRF        R0+1, 1
0x02AF	0x0CF0      	RRF        R0, 1
0x02B0	0x13F1      	BCF        R0+1, 7
0x02B1	0x1B71      	BTFSC      R0+1, 6
0x02B2	0x17F1      	BSF        R0+1, 7
0x02B3	0x0870      	MOVF       R0, 0
0x02B4	0x3C00      	SUBLW      0
0x02B5	0x00A8      	MOVWF      FARG_SET_MOTOR_MOTOR2
0x02B6	0x0871      	MOVF       R0+1, 0
0x02B7	0x1C03      	BTFSS      STATUS, 0
0x02B8	0x3E01      	ADDLW      1
0x02B9	0x01A9      	CLRF       FARG_SET_MOTOR_MOTOR2+1
0x02BA	0x02A9      	SUBWF      FARG_SET_MOTOR_MOTOR2+1, 1
0x02BB	0x0870      	MOVF       R0, 0
0x02BC	0x00AA      	MOVWF      FARG_SET_MOTOR_MOTOR1
0x02BD	0x0871      	MOVF       R0+1, 0
0x02BE	0x00AB      	MOVWF      FARG_SET_MOTOR_MOTOR1+1
0x02BF	0x20BC      	CALL       SEGUIDOR_LINEA_SET_MOTOR
;SEGUIDOR_LINEA.mbas,157 :: 		TIEMPO
0x02C0	0x2139      	CALL       SEGUIDOR_LINEA_TIEMPO
;SEGUIDOR_LINEA.mbas,158 :: 		BAND=0
0x02C1	0x01A2      	CLRF       _BAND
0x02C2	0x01A3      	CLRF       _BAND+1
0x02C3	0x2C59      	GOTO       L__main18
L__main35:
;SEGUIDOR_LINEA.mbas,159 :: 		case 3' S4 S3 S2 S1 = 0 0 1 1
0x02C4	0x3000      	MOVLW      0
0x02C5	0x0621      	XORWF      _sensores+1, 0
0x02C6	0x1D03      	BTFSS      STATUS, 2
0x02C7	0x2ACA      	GOTO       L__main85
0x02C8	0x3003      	MOVLW      3
0x02C9	0x0620      	XORWF      _sensores, 0
L__main85:
0x02CA	0x1D03      	BTFSS      STATUS, 2
0x02CB	0x2ADA      	GOTO       L__main38
;SEGUIDOR_LINEA.mbas,160 :: 		SET_MOTOR(VEL,VEL)
0x02CC	0x0824      	MOVF       _vel, 0
0x02CD	0x00A8      	MOVWF      FARG_SET_MOTOR_MOTOR2
0x02CE	0x0825      	MOVF       _vel+1, 0
0x02CF	0x00A9      	MOVWF      FARG_SET_MOTOR_MOTOR2+1
0x02D0	0x0824      	MOVF       _vel, 0
0x02D1	0x00AA      	MOVWF      FARG_SET_MOTOR_MOTOR1
0x02D2	0x0825      	MOVF       _vel+1, 0
0x02D3	0x00AB      	MOVWF      FARG_SET_MOTOR_MOTOR1+1
0x02D4	0x20BC      	CALL       SEGUIDOR_LINEA_SET_MOTOR
;SEGUIDOR_LINEA.mbas,161 :: 		TIEMPO
0x02D5	0x2139      	CALL       SEGUIDOR_LINEA_TIEMPO
;SEGUIDOR_LINEA.mbas,162 :: 		TIEMPO
0x02D6	0x2139      	CALL       SEGUIDOR_LINEA_TIEMPO
;SEGUIDOR_LINEA.mbas,163 :: 		BAND=0
0x02D7	0x01A2      	CLRF       _BAND
0x02D8	0x01A3      	CLRF       _BAND+1
0x02D9	0x2C59      	GOTO       L__main18
L__main38:
;SEGUIDOR_LINEA.mbas,164 :: 		case 4' S4 S3 S2 S1 = 0 1 0 0
0x02DA	0x3000      	MOVLW      0
0x02DB	0x0621      	XORWF      _sensores+1, 0
0x02DC	0x1D03      	BTFSS      STATUS, 2
0x02DD	0x2AE0      	GOTO       L__main86
0x02DE	0x3004      	MOVLW      4
0x02DF	0x0620      	XORWF      _sensores, 0
L__main86:
0x02E0	0x1D03      	BTFSS      STATUS, 2
0x02E1	0x2AFC      	GOTO       L__main41
;SEGUIDOR_LINEA.mbas,165 :: 		SET_MOTOR(-(vel/2),vel/2)
0x02E2	0x0824      	MOVF       _vel, 0
0x02E3	0x00F0      	MOVWF      R0
0x02E4	0x0825      	MOVF       _vel+1, 0
0x02E5	0x00F1      	MOVWF      R0+1
0x02E6	0x0CF1      	RRF        R0+1, 1
0x02E7	0x0CF0      	RRF        R0, 1
0x02E8	0x13F1      	BCF        R0+1, 7
0x02E9	0x1B71      	BTFSC      R0+1, 6
0x02EA	0x17F1      	BSF        R0+1, 7
0x02EB	0x0870      	MOVF       R0, 0
0x02EC	0x3C00      	SUBLW      0
0x02ED	0x00A8      	MOVWF      FARG_SET_MOTOR_MOTOR2
0x02EE	0x0871      	MOVF       R0+1, 0
0x02EF	0x1C03      	BTFSS      STATUS, 0
0x02F0	0x3E01      	ADDLW      1
0x02F1	0x01A9      	CLRF       FARG_SET_MOTOR_MOTOR2+1
0x02F2	0x02A9      	SUBWF      FARG_SET_MOTOR_MOTOR2+1, 1
0x02F3	0x0870      	MOVF       R0, 0
0x02F4	0x00AA      	MOVWF      FARG_SET_MOTOR_MOTOR1
0x02F5	0x0871      	MOVF       R0+1, 0
0x02F6	0x00AB      	MOVWF      FARG_SET_MOTOR_MOTOR1+1
0x02F7	0x20BC      	CALL       SEGUIDOR_LINEA_SET_MOTOR
;SEGUIDOR_LINEA.mbas,166 :: 		TIEMPO
0x02F8	0x2139      	CALL       SEGUIDOR_LINEA_TIEMPO
;SEGUIDOR_LINEA.mbas,167 :: 		BAND=0
0x02F9	0x01A2      	CLRF       _BAND
0x02FA	0x01A3      	CLRF       _BAND+1
0x02FB	0x2C59      	GOTO       L__main18
L__main41:
;SEGUIDOR_LINEA.mbas,168 :: 		case 5' S4 S3 S2 S1 = 0 1 0 1
0x02FC	0x3000      	MOVLW      0
0x02FD	0x0621      	XORWF      _sensores+1, 0
0x02FE	0x1D03      	BTFSS      STATUS, 2
0x02FF	0x2B02      	GOTO       L__main87
0x0300	0x3005      	MOVLW      5
0x0301	0x0620      	XORWF      _sensores, 0
L__main87:
0x0302	0x1D03      	BTFSS      STATUS, 2
0x0303	0x2B1E      	GOTO       L__main44
;SEGUIDOR_LINEA.mbas,169 :: 		SET_MOTOR(vel/2,-(vel/2))
0x0304	0x0824      	MOVF       _vel, 0
0x0305	0x00F0      	MOVWF      R0
0x0306	0x0825      	MOVF       _vel+1, 0
0x0307	0x00F1      	MOVWF      R0+1
0x0308	0x0CF1      	RRF        R0+1, 1
0x0309	0x0CF0      	RRF        R0, 1
0x030A	0x13F1      	BCF        R0+1, 7
0x030B	0x1B71      	BTFSC      R0+1, 6
0x030C	0x17F1      	BSF        R0+1, 7
0x030D	0x0870      	MOVF       R0, 0
0x030E	0x00A8      	MOVWF      FARG_SET_MOTOR_MOTOR2
0x030F	0x0871      	MOVF       R0+1, 0
0x0310	0x00A9      	MOVWF      FARG_SET_MOTOR_MOTOR2+1
0x0311	0x0870      	MOVF       R0, 0
0x0312	0x3C00      	SUBLW      0
0x0313	0x00AA      	MOVWF      FARG_SET_MOTOR_MOTOR1
0x0314	0x0871      	MOVF       R0+1, 0
0x0315	0x1C03      	BTFSS      STATUS, 0
0x0316	0x3E01      	ADDLW      1
0x0317	0x01AB      	CLRF       FARG_SET_MOTOR_MOTOR1+1
0x0318	0x02AB      	SUBWF      FARG_SET_MOTOR_MOTOR1+1, 1
0x0319	0x20BC      	CALL       SEGUIDOR_LINEA_SET_MOTOR
;SEGUIDOR_LINEA.mbas,170 :: 		TIEMPO
0x031A	0x2139      	CALL       SEGUIDOR_LINEA_TIEMPO
;SEGUIDOR_LINEA.mbas,171 :: 		BAND=0
0x031B	0x01A2      	CLRF       _BAND
0x031C	0x01A3      	CLRF       _BAND+1
0x031D	0x2C59      	GOTO       L__main18
L__main44:
;SEGUIDOR_LINEA.mbas,172 :: 		case 6' S4 S3 S2 S1 = 0 1 1 0
0x031E	0x3000      	MOVLW      0
0x031F	0x0621      	XORWF      _sensores+1, 0
0x0320	0x1D03      	BTFSS      STATUS, 2
0x0321	0x2B24      	GOTO       L__main88
0x0322	0x3006      	MOVLW      6
0x0323	0x0620      	XORWF      _sensores, 0
L__main88:
0x0324	0x1D03      	BTFSS      STATUS, 2
0x0325	0x2B40      	GOTO       L__main47
;SEGUIDOR_LINEA.mbas,173 :: 		SET_MOTOR(-(VEL/2),VEL/2)
0x0326	0x0824      	MOVF       _vel, 0
0x0327	0x00F0      	MOVWF      R0
0x0328	0x0825      	MOVF       _vel+1, 0
0x0329	0x00F1      	MOVWF      R0+1
0x032A	0x0CF1      	RRF        R0+1, 1
0x032B	0x0CF0      	RRF        R0, 1
0x032C	0x13F1      	BCF        R0+1, 7
0x032D	0x1B71      	BTFSC      R0+1, 6
0x032E	0x17F1      	BSF        R0+1, 7
0x032F	0x0870      	MOVF       R0, 0
0x0330	0x3C00      	SUBLW      0
0x0331	0x00A8      	MOVWF      FARG_SET_MOTOR_MOTOR2
0x0332	0x0871      	MOVF       R0+1, 0
0x0333	0x1C03      	BTFSS      STATUS, 0
0x0334	0x3E01      	ADDLW      1
0x0335	0x01A9      	CLRF       FARG_SET_MOTOR_MOTOR2+1
0x0336	0x02A9      	SUBWF      FARG_SET_MOTOR_MOTOR2+1, 1
0x0337	0x0870      	MOVF       R0, 0
0x0338	0x00AA      	MOVWF      FARG_SET_MOTOR_MOTOR1
0x0339	0x0871      	MOVF       R0+1, 0
0x033A	0x00AB      	MOVWF      FARG_SET_MOTOR_MOTOR1+1
0x033B	0x20BC      	CALL       SEGUIDOR_LINEA_SET_MOTOR
;SEGUIDOR_LINEA.mbas,174 :: 		TIEMPO
0x033C	0x2139      	CALL       SEGUIDOR_LINEA_TIEMPO
;SEGUIDOR_LINEA.mbas,175 :: 		BAND=0
0x033D	0x01A2      	CLRF       _BAND
0x033E	0x01A3      	CLRF       _BAND+1
0x033F	0x2C59      	GOTO       L__main18
L__main47:
;SEGUIDOR_LINEA.mbas,176 :: 		case 7' S4 S3 S2 S1 = 0 1 1 1
0x0340	0x3000      	MOVLW      0
0x0341	0x0621      	XORWF      _sensores+1, 0
0x0342	0x1D03      	BTFSS      STATUS, 2
0x0343	0x2B46      	GOTO       L__main89
0x0344	0x3007      	MOVLW      7
0x0345	0x0620      	XORWF      _sensores, 0
L__main89:
0x0346	0x1D03      	BTFSS      STATUS, 2
0x0347	0x2B62      	GOTO       L__main50
;SEGUIDOR_LINEA.mbas,177 :: 		SET_MOTOR(-(VEL/2),VEL/2)
0x0348	0x0824      	MOVF       _vel, 0
0x0349	0x00F0      	MOVWF      R0
0x034A	0x0825      	MOVF       _vel+1, 0
0x034B	0x00F1      	MOVWF      R0+1
0x034C	0x0CF1      	RRF        R0+1, 1
0x034D	0x0CF0      	RRF        R0, 1
0x034E	0x13F1      	BCF        R0+1, 7
0x034F	0x1B71      	BTFSC      R0+1, 6
0x0350	0x17F1      	BSF        R0+1, 7
0x0351	0x0870      	MOVF       R0, 0
0x0352	0x3C00      	SUBLW      0
0x0353	0x00A8      	MOVWF      FARG_SET_MOTOR_MOTOR2
0x0354	0x0871      	MOVF       R0+1, 0
0x0355	0x1C03      	BTFSS      STATUS, 0
0x0356	0x3E01      	ADDLW      1
0x0357	0x01A9      	CLRF       FARG_SET_MOTOR_MOTOR2+1
0x0358	0x02A9      	SUBWF      FARG_SET_MOTOR_MOTOR2+1, 1
0x0359	0x0870      	MOVF       R0, 0
0x035A	0x00AA      	MOVWF      FARG_SET_MOTOR_MOTOR1
0x035B	0x0871      	MOVF       R0+1, 0
0x035C	0x00AB      	MOVWF      FARG_SET_MOTOR_MOTOR1+1
0x035D	0x20BC      	CALL       SEGUIDOR_LINEA_SET_MOTOR
;SEGUIDOR_LINEA.mbas,178 :: 		TIEMPO
0x035E	0x2139      	CALL       SEGUIDOR_LINEA_TIEMPO
;SEGUIDOR_LINEA.mbas,179 :: 		BAND=0
0x035F	0x01A2      	CLRF       _BAND
0x0360	0x01A3      	CLRF       _BAND+1
0x0361	0x2C59      	GOTO       L__main18
L__main50:
;SEGUIDOR_LINEA.mbas,180 :: 		case 8' S4 S3 S2 S1 = 1 0 0 0
0x0362	0x3000      	MOVLW      0
0x0363	0x0621      	XORWF      _sensores+1, 0
0x0364	0x1D03      	BTFSS      STATUS, 2
0x0365	0x2B68      	GOTO       L__main90
0x0366	0x3008      	MOVLW      8
0x0367	0x0620      	XORWF      _sensores, 0
L__main90:
0x0368	0x1D03      	BTFSS      STATUS, 2
0x0369	0x2B78      	GOTO       L__main53
;SEGUIDOR_LINEA.mbas,181 :: 		SET_MOTOR(vel,vel)
0x036A	0x0824      	MOVF       _vel, 0
0x036B	0x00A8      	MOVWF      FARG_SET_MOTOR_MOTOR2
0x036C	0x0825      	MOVF       _vel+1, 0
0x036D	0x00A9      	MOVWF      FARG_SET_MOTOR_MOTOR2+1
0x036E	0x0824      	MOVF       _vel, 0
0x036F	0x00AA      	MOVWF      FARG_SET_MOTOR_MOTOR1
0x0370	0x0825      	MOVF       _vel+1, 0
0x0371	0x00AB      	MOVWF      FARG_SET_MOTOR_MOTOR1+1
0x0372	0x20BC      	CALL       SEGUIDOR_LINEA_SET_MOTOR
;SEGUIDOR_LINEA.mbas,182 :: 		TIEMPO
0x0373	0x2139      	CALL       SEGUIDOR_LINEA_TIEMPO
;SEGUIDOR_LINEA.mbas,183 :: 		TIEMPO
0x0374	0x2139      	CALL       SEGUIDOR_LINEA_TIEMPO
;SEGUIDOR_LINEA.mbas,184 :: 		BAND=0
0x0375	0x01A2      	CLRF       _BAND
0x0376	0x01A3      	CLRF       _BAND+1
0x0377	0x2C59      	GOTO       L__main18
L__main53:
;SEGUIDOR_LINEA.mbas,185 :: 		case 9' S4 S3 S2 S1 = 1 0 0 1
0x0378	0x3000      	MOVLW      0
0x0379	0x0621      	XORWF      _sensores+1, 0
0x037A	0x1D03      	BTFSS      STATUS, 2
0x037B	0x2B7E      	GOTO       L__main91
0x037C	0x3009      	MOVLW      9
0x037D	0x0620      	XORWF      _sensores, 0
L__main91:
0x037E	0x1D03      	BTFSS      STATUS, 2
0x037F	0x2B9A      	GOTO       L__main56
;SEGUIDOR_LINEA.mbas,186 :: 		SET_MOTOR(vel/2,-(vel/2))
0x0380	0x0824      	MOVF       _vel, 0
0x0381	0x00F0      	MOVWF      R0
0x0382	0x0825      	MOVF       _vel+1, 0
0x0383	0x00F1      	MOVWF      R0+1
0x0384	0x0CF1      	RRF        R0+1, 1
0x0385	0x0CF0      	RRF        R0, 1
0x0386	0x13F1      	BCF        R0+1, 7
0x0387	0x1B71      	BTFSC      R0+1, 6
0x0388	0x17F1      	BSF        R0+1, 7
0x0389	0x0870      	MOVF       R0, 0
0x038A	0x00A8      	MOVWF      FARG_SET_MOTOR_MOTOR2
0x038B	0x0871      	MOVF       R0+1, 0
0x038C	0x00A9      	MOVWF      FARG_SET_MOTOR_MOTOR2+1
0x038D	0x0870      	MOVF       R0, 0
0x038E	0x3C00      	SUBLW      0
0x038F	0x00AA      	MOVWF      FARG_SET_MOTOR_MOTOR1
0x0390	0x0871      	MOVF       R0+1, 0
0x0391	0x1C03      	BTFSS      STATUS, 0
0x0392	0x3E01      	ADDLW      1
0x0393	0x01AB      	CLRF       FARG_SET_MOTOR_MOTOR1+1
0x0394	0x02AB      	SUBWF      FARG_SET_MOTOR_MOTOR1+1, 1
0x0395	0x20BC      	CALL       SEGUIDOR_LINEA_SET_MOTOR
;SEGUIDOR_LINEA.mbas,187 :: 		TIEMPO
0x0396	0x2139      	CALL       SEGUIDOR_LINEA_TIEMPO
;SEGUIDOR_LINEA.mbas,188 :: 		BAND=0
0x0397	0x01A2      	CLRF       _BAND
0x0398	0x01A3      	CLRF       _BAND+1
0x0399	0x2C59      	GOTO       L__main18
L__main56:
;SEGUIDOR_LINEA.mbas,189 :: 		case 10'S4 S3 S2 S1 = 1 0 1 0
0x039A	0x3000      	MOVLW      0
0x039B	0x0621      	XORWF      _sensores+1, 0
0x039C	0x1D03      	BTFSS      STATUS, 2
0x039D	0x2BA0      	GOTO       L__main92
0x039E	0x300A      	MOVLW      10
0x039F	0x0620      	XORWF      _sensores, 0
L__main92:
0x03A0	0x1D03      	BTFSS      STATUS, 2
0x03A1	0x2BBC      	GOTO       L__main59
;SEGUIDOR_LINEA.mbas,190 :: 		SET_MOTOR(-(vel/2),vel/2)
0x03A2	0x0824      	MOVF       _vel, 0
0x03A3	0x00F0      	MOVWF      R0
0x03A4	0x0825      	MOVF       _vel+1, 0
0x03A5	0x00F1      	MOVWF      R0+1
0x03A6	0x0CF1      	RRF        R0+1, 1
0x03A7	0x0CF0      	RRF        R0, 1
0x03A8	0x13F1      	BCF        R0+1, 7
0x03A9	0x1B71      	BTFSC      R0+1, 6
0x03AA	0x17F1      	BSF        R0+1, 7
0x03AB	0x0870      	MOVF       R0, 0
0x03AC	0x3C00      	SUBLW      0
0x03AD	0x00A8      	MOVWF      FARG_SET_MOTOR_MOTOR2
0x03AE	0x0871      	MOVF       R0+1, 0
0x03AF	0x1C03      	BTFSS      STATUS, 0
0x03B0	0x3E01      	ADDLW      1
0x03B1	0x01A9      	CLRF       FARG_SET_MOTOR_MOTOR2+1
0x03B2	0x02A9      	SUBWF      FARG_SET_MOTOR_MOTOR2+1, 1
0x03B3	0x0870      	MOVF       R0, 0
0x03B4	0x00AA      	MOVWF      FARG_SET_MOTOR_MOTOR1
0x03B5	0x0871      	MOVF       R0+1, 0
0x03B6	0x00AB      	MOVWF      FARG_SET_MOTOR_MOTOR1+1
0x03B7	0x20BC      	CALL       SEGUIDOR_LINEA_SET_MOTOR
;SEGUIDOR_LINEA.mbas,191 :: 		TIEMPO
0x03B8	0x2139      	CALL       SEGUIDOR_LINEA_TIEMPO
;SEGUIDOR_LINEA.mbas,192 :: 		BAND=0
0x03B9	0x01A2      	CLRF       _BAND
0x03BA	0x01A3      	CLRF       _BAND+1
0x03BB	0x2C59      	GOTO       L__main18
L__main59:
;SEGUIDOR_LINEA.mbas,193 :: 		case 11'S4 S3 S2 S1 = 1 0 1 1
0x03BC	0x3000      	MOVLW      0
0x03BD	0x0621      	XORWF      _sensores+1, 0
0x03BE	0x1D03      	BTFSS      STATUS, 2
0x03BF	0x2BC2      	GOTO       L__main93
0x03C0	0x300B      	MOVLW      11
0x03C1	0x0620      	XORWF      _sensores, 0
L__main93:
0x03C2	0x1D03      	BTFSS      STATUS, 2
0x03C3	0x2BD1      	GOTO       L__main62
;SEGUIDOR_LINEA.mbas,194 :: 		SET_MOTOR(vel,vel)
0x03C4	0x0824      	MOVF       _vel, 0
0x03C5	0x00A8      	MOVWF      FARG_SET_MOTOR_MOTOR2
0x03C6	0x0825      	MOVF       _vel+1, 0
0x03C7	0x00A9      	MOVWF      FARG_SET_MOTOR_MOTOR2+1
0x03C8	0x0824      	MOVF       _vel, 0
0x03C9	0x00AA      	MOVWF      FARG_SET_MOTOR_MOTOR1
0x03CA	0x0825      	MOVF       _vel+1, 0
0x03CB	0x00AB      	MOVWF      FARG_SET_MOTOR_MOTOR1+1
0x03CC	0x20BC      	CALL       SEGUIDOR_LINEA_SET_MOTOR
;SEGUIDOR_LINEA.mbas,195 :: 		TIEMPO
0x03CD	0x2139      	CALL       SEGUIDOR_LINEA_TIEMPO
;SEGUIDOR_LINEA.mbas,196 :: 		BAND=0
0x03CE	0x01A2      	CLRF       _BAND
0x03CF	0x01A3      	CLRF       _BAND+1
0x03D0	0x2C59      	GOTO       L__main18
L__main62:
;SEGUIDOR_LINEA.mbas,197 :: 		case 12'S4 S3 S2 S1 = 1 1 0 0
0x03D1	0x3000      	MOVLW      0
0x03D2	0x0621      	XORWF      _sensores+1, 0
0x03D3	0x1D03      	BTFSS      STATUS, 2
0x03D4	0x2BD7      	GOTO       L__main94
0x03D5	0x300C      	MOVLW      12
0x03D6	0x0620      	XORWF      _sensores, 0
L__main94:
0x03D7	0x1D03      	BTFSS      STATUS, 2
0x03D8	0x2BF3      	GOTO       L__main65
;SEGUIDOR_LINEA.mbas,198 :: 		SET_MOTOR(-(vel/2),vel/2)
0x03D9	0x0824      	MOVF       _vel, 0
0x03DA	0x00F0      	MOVWF      R0
0x03DB	0x0825      	MOVF       _vel+1, 0
0x03DC	0x00F1      	MOVWF      R0+1
0x03DD	0x0CF1      	RRF        R0+1, 1
0x03DE	0x0CF0      	RRF        R0, 1
0x03DF	0x13F1      	BCF        R0+1, 7
0x03E0	0x1B71      	BTFSC      R0+1, 6
0x03E1	0x17F1      	BSF        R0+1, 7
0x03E2	0x0870      	MOVF       R0, 0
0x03E3	0x3C00      	SUBLW      0
0x03E4	0x00A8      	MOVWF      FARG_SET_MOTOR_MOTOR2
0x03E5	0x0871      	MOVF       R0+1, 0
0x03E6	0x1C03      	BTFSS      STATUS, 0
0x03E7	0x3E01      	ADDLW      1
0x03E8	0x01A9      	CLRF       FARG_SET_MOTOR_MOTOR2+1
0x03E9	0x02A9      	SUBWF      FARG_SET_MOTOR_MOTOR2+1, 1
0x03EA	0x0870      	MOVF       R0, 0
0x03EB	0x00AA      	MOVWF      FARG_SET_MOTOR_MOTOR1
0x03EC	0x0871      	MOVF       R0+1, 0
0x03ED	0x00AB      	MOVWF      FARG_SET_MOTOR_MOTOR1+1
0x03EE	0x20BC      	CALL       SEGUIDOR_LINEA_SET_MOTOR
;SEGUIDOR_LINEA.mbas,199 :: 		TIEMPO
0x03EF	0x2139      	CALL       SEGUIDOR_LINEA_TIEMPO
;SEGUIDOR_LINEA.mbas,200 :: 		BAND=0
0x03F0	0x01A2      	CLRF       _BAND
0x03F1	0x01A3      	CLRF       _BAND+1
0x03F2	0x2C59      	GOTO       L__main18
L__main65:
;SEGUIDOR_LINEA.mbas,201 :: 		case 13'S4 S3 S2 S1 = 1 1 0 1
0x03F3	0x3000      	MOVLW      0
0x03F4	0x0621      	XORWF      _sensores+1, 0
0x03F5	0x1D03      	BTFSS      STATUS, 2
0x03F6	0x2BF9      	GOTO       L__main95
0x03F7	0x300D      	MOVLW      13
0x03F8	0x0620      	XORWF      _sensores, 0
L__main95:
0x03F9	0x1D03      	BTFSS      STATUS, 2
0x03FA	0x2C15      	GOTO       L__main68
;SEGUIDOR_LINEA.mbas,202 :: 		SET_MOTOR(vel/2,-(vel/2))
0x03FB	0x0824      	MOVF       _vel, 0
0x03FC	0x00F0      	MOVWF      R0
0x03FD	0x0825      	MOVF       _vel+1, 0
0x03FE	0x00F1      	MOVWF      R0+1
0x03FF	0x0CF1      	RRF        R0+1, 1
0x0400	0x0CF0      	RRF        R0, 1
0x0401	0x13F1      	BCF        R0+1, 7
0x0402	0x1B71      	BTFSC      R0+1, 6
0x0403	0x17F1      	BSF        R0+1, 7
0x0404	0x0870      	MOVF       R0, 0
0x0405	0x00A8      	MOVWF      FARG_SET_MOTOR_MOTOR2
0x0406	0x0871      	MOVF       R0+1, 0
0x0407	0x00A9      	MOVWF      FARG_SET_MOTOR_MOTOR2+1
0x0408	0x0870      	MOVF       R0, 0
0x0409	0x3C00      	SUBLW      0
0x040A	0x00AA      	MOVWF      FARG_SET_MOTOR_MOTOR1
0x040B	0x0871      	MOVF       R0+1, 0
0x040C	0x1C03      	BTFSS      STATUS, 0
0x040D	0x3E01      	ADDLW      1
0x040E	0x01AB      	CLRF       FARG_SET_MOTOR_MOTOR1+1
0x040F	0x02AB      	SUBWF      FARG_SET_MOTOR_MOTOR1+1, 1
0x0410	0x20BC      	CALL       SEGUIDOR_LINEA_SET_MOTOR
;SEGUIDOR_LINEA.mbas,203 :: 		TIEMPO
0x0411	0x2139      	CALL       SEGUIDOR_LINEA_TIEMPO
;SEGUIDOR_LINEA.mbas,204 :: 		BAND=0
0x0412	0x01A2      	CLRF       _BAND
0x0413	0x01A3      	CLRF       _BAND+1
0x0414	0x2C59      	GOTO       L__main18
L__main68:
;SEGUIDOR_LINEA.mbas,205 :: 		case 14'S4 S3 S2 S1 = 1 1 1 0
0x0415	0x3000      	MOVLW      0
0x0416	0x0621      	XORWF      _sensores+1, 0
0x0417	0x1D03      	BTFSS      STATUS, 2
0x0418	0x2C1B      	GOTO       L__main96
0x0419	0x300E      	MOVLW      14
0x041A	0x0620      	XORWF      _sensores, 0
L__main96:
0x041B	0x1D03      	BTFSS      STATUS, 2
0x041C	0x2C37      	GOTO       L__main71
;SEGUIDOR_LINEA.mbas,206 :: 		SET_MOTOR(-(vel/2),vel/2)
0x041D	0x0824      	MOVF       _vel, 0
0x041E	0x00F0      	MOVWF      R0
0x041F	0x0825      	MOVF       _vel+1, 0
0x0420	0x00F1      	MOVWF      R0+1
0x0421	0x0CF1      	RRF        R0+1, 1
0x0422	0x0CF0      	RRF        R0, 1
0x0423	0x13F1      	BCF        R0+1, 7
0x0424	0x1B71      	BTFSC      R0+1, 6
0x0425	0x17F1      	BSF        R0+1, 7
0x0426	0x0870      	MOVF       R0, 0
0x0427	0x3C00      	SUBLW      0
0x0428	0x00A8      	MOVWF      FARG_SET_MOTOR_MOTOR2
0x0429	0x0871      	MOVF       R0+1, 0
0x042A	0x1C03      	BTFSS      STATUS, 0
0x042B	0x3E01      	ADDLW      1
0x042C	0x01A9      	CLRF       FARG_SET_MOTOR_MOTOR2+1
0x042D	0x02A9      	SUBWF      FARG_SET_MOTOR_MOTOR2+1, 1
0x042E	0x0870      	MOVF       R0, 0
0x042F	0x00AA      	MOVWF      FARG_SET_MOTOR_MOTOR1
0x0430	0x0871      	MOVF       R0+1, 0
0x0431	0x00AB      	MOVWF      FARG_SET_MOTOR_MOTOR1+1
0x0432	0x20BC      	CALL       SEGUIDOR_LINEA_SET_MOTOR
;SEGUIDOR_LINEA.mbas,207 :: 		TIEMPO
0x0433	0x2139      	CALL       SEGUIDOR_LINEA_TIEMPO
;SEGUIDOR_LINEA.mbas,208 :: 		BAND=0
0x0434	0x01A2      	CLRF       _BAND
0x0435	0x01A3      	CLRF       _BAND+1
0x0436	0x2C59      	GOTO       L__main18
L__main71:
;SEGUIDOR_LINEA.mbas,209 :: 		case 15'S4 S3 S2 S1 = 1 1 1 1
0x0437	0x3000      	MOVLW      0
0x0438	0x0621      	XORWF      _sensores+1, 0
0x0439	0x1D03      	BTFSS      STATUS, 2
0x043A	0x2C3D      	GOTO       L__main97
0x043B	0x300F      	MOVLW      15
0x043C	0x0620      	XORWF      _sensores, 0
L__main97:
0x043D	0x1D03      	BTFSS      STATUS, 2
0x043E	0x2C59      	GOTO       L__main74
;SEGUIDOR_LINEA.mbas,210 :: 		SET_MOTOR(-(vel/2),vel/2)
0x043F	0x0824      	MOVF       _vel, 0
0x0440	0x00F0      	MOVWF      R0
0x0441	0x0825      	MOVF       _vel+1, 0
0x0442	0x00F1      	MOVWF      R0+1
0x0443	0x0CF1      	RRF        R0+1, 1
0x0444	0x0CF0      	RRF        R0, 1
0x0445	0x13F1      	BCF        R0+1, 7
0x0446	0x1B71      	BTFSC      R0+1, 6
0x0447	0x17F1      	BSF        R0+1, 7
0x0448	0x0870      	MOVF       R0, 0
0x0449	0x3C00      	SUBLW      0
0x044A	0x00A8      	MOVWF      FARG_SET_MOTOR_MOTOR2
0x044B	0x0871      	MOVF       R0+1, 0
0x044C	0x1C03      	BTFSS      STATUS, 0
0x044D	0x3E01      	ADDLW      1
0x044E	0x01A9      	CLRF       FARG_SET_MOTOR_MOTOR2+1
0x044F	0x02A9      	SUBWF      FARG_SET_MOTOR_MOTOR2+1, 1
0x0450	0x0870      	MOVF       R0, 0
0x0451	0x00AA      	MOVWF      FARG_SET_MOTOR_MOTOR1
0x0452	0x0871      	MOVF       R0+1, 0
0x0453	0x00AB      	MOVWF      FARG_SET_MOTOR_MOTOR1+1
0x0454	0x20BC      	CALL       SEGUIDOR_LINEA_SET_MOTOR
;SEGUIDOR_LINEA.mbas,211 :: 		TIEMPO
0x0455	0x2139      	CALL       SEGUIDOR_LINEA_TIEMPO
;SEGUIDOR_LINEA.mbas,212 :: 		BAND=0
0x0456	0x01A2      	CLRF       _BAND
0x0457	0x01A3      	CLRF       _BAND+1
0x0458	0x2C59      	GOTO       L__main18
L__main74:
L__main18:
;SEGUIDOR_LINEA.mbas,215 :: 		WEND
0x0459	0x29AE      	GOTO       L__main14
0x045A	0x2C5A      	GOTO       $+0
; end of _main
Symbol List:
//** Routines locations **
//ADDRESS    SIZE    PROCEDURE
//----------------------------------------------
0x0003      [10]    _UART1_Write
0x000D      [43]    _Mul_16x16_U
0x0038      [63]    _PWM2_Set_Duty
0x0077       [6]    _PWM1_Init
0x007D      [63]    _PWM1_Set_Duty
0x00BC     [103]    SEGUIDOR_LINEA_SET_MOTOR
0x0123       [6]    _PWM2_Init
0x0129       [8]    _PWM1_Start
0x0131       [8]    _PWM2_Start
0x0139      [13]    SEGUIDOR_LINEA_TIEMPO
0x0146      [16]    _UART1_Init
0x0156     [773]    _main
//** Variables locations ** 
//ADDRESS    SIZE    VARIABLE
//----------------------------------------------
0x0000       [1]    INDF
0x0001       [1]    TMR0
0x0002       [1]    PCL
0x0003       [0]    Z_bit
0x0003       [0]    NOT_PD_bit
0x0003       [0]    C_bit
0x0003       [0]    DC_bit
0x0003       [0]    NOT_TO_bit
0x0003       [1]    STATUS
0x0003       [0]    RP0_bit
0x0003       [0]    RP1_bit
0x0003       [0]    IRP_bit
0x0004       [1]    FSRPTR
0x0004       [1]    FSR
0x0005       [0]    RA3_bit
0x0005       [1]    PORTA
0x0005       [0]    RA2_bit
0x0005       [0]    RA4_bit
0x0005       [0]    RA7_bit
0x0005       [0]    RA6_bit
0x0005       [0]    RA5_bit
0x0005       [0]    RA0_bit
0x0005       [0]    RA1_bit
0x0006       [0]    RB3_bit
0x0006       [0]    RB7_bit
0x0006       [0]    RB5_bit
0x0006       [0]    RB2_bit
0x0006       [0]    RB6_bit
0x0006       [0]    RB4_bit
0x0006       [0]    RB1_bit
0x0006       [1]    PORTB
0x0006       [0]    RB0_bit
0x0007       [1]    PORTC
0x0007       [0]    RC5_bit
0x0007       [0]    RC6_bit
0x0007       [0]    RC4_bit
0x0007       [0]    RC3_bit
0x0007       [0]    RC7_bit
0x0007       [0]    RC0_bit
0x0007       [0]    RC1_bit
0x0007       [0]    RC2_bit
0x0009       [1]    PORTE
0x0009       [0]    RE3_bit
0x000A       [1]    PCLATH
0x000B       [0]    INTE_bit
0x000B       [0]    TMR0IE_bit
0x000B       [0]    T0IE_bit
0x000B       [0]    INTF_bit
0x000B       [0]    RBIF_bit
0x000B       [0]    TMR0IF_bit
0x000B       [0]    RBIE_bit
0x000B       [0]    T0IF_bit
0x000B       [1]    INTCON
0x000B       [0]    GIE_bit
0x000B       [0]    PEIE_bit
0x000C       [0]    TXIF_bit
0x000C       [0]    RCIF_bit
0x000C       [0]    SSPIF_bit
0x000C       [0]    TMR2IF_bit
0x000C       [0]    CCP1IF_bit
0x000C       [0]    ADIF_bit
0x000C       [1]    PIR1
0x000C       [0]    TMR1IF_bit
0x000D       [0]    ULPWUIF_bit
0x000D       [0]    CCP2IF_bit
0x000D       [0]    OSFIF_bit
0x000D       [0]    EEIF_bit
0x000D       [0]    C1IF_bit
0x000D       [0]    BCLIF_bit
0x000D       [0]    C2IF_bit
0x000D       [1]    PIR2
0x000E       [1]    TMR1L
0x000F       [1]    TMR1H
0x0010       [0]    T1CKPS0_bit
0x0010       [0]    T1OSCEN_bit
0x0010       [0]    T1CKPS1_bit
0x0010       [0]    TMR1GE_bit
0x0010       [0]    T1GINV_bit
0x0010       [1]    T1CON
0x0010       [0]    T1SYNC_bit
0x0010       [0]    TMR1CS_bit
0x0010       [0]    TMR1ON_bit
0x0010       [0]    NOT_T1SYNC_bit
0x0010       [0]    T1INSYNC_bit
0x0011       [1]    TMR2
0x0012       [0]    TOUTPS1_bit
0x0012       [0]    TOUTPS0_bit
0x0012       [0]    TMR2ON_bit
0x0012       [0]    TOUTPS2_bit
0x0012       [0]    T2CKPS0_bit
0x0012       [0]    T2CKPS1_bit
0x0012       [0]    TOUTPS3_bit
0x0012       [1]    T2CON
0x0013       [1]    SSPBUF
0x0014       [0]    SSPM3_bit
0x0014       [0]    CKP_bit
0x0014       [0]    SSPEN_bit
0x0014       [0]    SSPM0_bit
0x0014       [0]    SSPM1_bit
0x0014       [0]    SSPM2_bit
0x0014       [0]    SSPOV_bit
0x0014       [1]    SSPCON
0x0014       [0]    WCOL_bit
0x0015       [1]    CCPR1L
0x0015       [2]    CCPR1
0x0016       [1]    CCPR1H
0x0017       [0]    CCP1M3_bit
0x0017       [0]    CCP1Y_bit
0x0017       [0]    CCP1M2_bit
0x0017       [0]    CCP1M0_bit
0x0017       [0]    CCP1M1_bit
0x0017       [0]    DC1B0_bit
0x0017       [0]    P1M1_bit
0x0017       [1]    CCP1CON
0x0017       [0]    P1M0_bit
0x0017       [0]    CCP1X_bit
0x0017       [0]    DC1B1_bit
0x0018       [0]    CREN_bit
0x0018       [0]    ADDEN_bit
0x0018       [0]    RC8_9_bit
0x0018       [0]    SREN_bit
0x0018       [0]    RX9D_bit
0x0018       [0]    RCD8_bit
0x0018       [0]    FERR_bit
0x0018       [0]    OERR_bit
0x0018       [0]    RX9_bit
0x0018       [0]    SPEN_bit
0x0018       [1]    RCSTA
0x0018       [0]    RC9_bit
0x0018       [0]    NOT_RC8_bit
0x0019       [1]    TXREG
0x001A       [1]    RCREG
0x001B       [2]    CCPR2
0x001B       [1]    CCPR2L
0x001C       [1]    CCPR2H
0x001D       [0]    CCP2M2_bit
0x001D       [0]    CCP2M1_bit
0x001D       [0]    CCP2M0_bit
0x001D       [0]    CCP2M3_bit
0x001D       [0]    DC2B1_bit
0x001D       [0]    CCP2X_bit
0x001D       [0]    DC2B0_bit
0x001D       [0]    CCP2Y_bit
0x001D       [1]    CCP2CON
0x001E       [1]    ADRESH
0x001F       [0]    ADCS0_bit
0x001F       [0]    GO_DONE_bit
0x001F       [0]    ADON_bit
0x001F       [0]    ADCS1_bit
0x001F       [0]    CHS3_bit
0x001F       [0]    NOT_DONE_bit
0x001F       [0]    CHS1_bit
0x001F       [1]    ADCON0
0x001F       [0]    CHS2_bit
0x001F       [0]    GO_bit
0x001F       [0]    CHS0_bit
0x0020       [2]    _sensores
0x0022       [2]    _BAND
0x0024       [2]    _vel
0x0026       [2]    ___DoICPAddr
0x0028       [1]    FARG_PWM1_Set_Duty_new_duty
0x0028       [1]    FARG_PWM2_Set_Duty_new_duty
0x0028       [2]    FARG_SET_MOTOR_MOTOR2
0x0028       [4]    FARG_PWM1_Init_PWM_Freq
0x0028       [4]    FARG_PWM2_Init_PWM_Freq
0x002A       [2]    FARG_SET_MOTOR_MOTOR1
0x002C       [1]    FARG_UART1_Write_data_
0x0070       [1]    R0
0x0071       [1]    R1
0x0072       [1]    R2
0x0073       [1]    R3
0x0074       [1]    R4
0x0075       [1]    R5
0x0076       [1]    R6
0x0077       [1]    R7
0x0078       [1]    R8
0x0079       [1]    R9
0x007A       [1]    R10
0x007B       [1]    R11
0x007C       [1]    R12
0x007D       [1]    R13
0x007E       [1]    R14
0x007F       [1]    R15
0x0081       [1]    OPTION_REG
0x0081       [0]    PS2_bit
0x0081       [0]    PS0_bit
0x0081       [0]    PS1_bit
0x0081       [0]    NOT_RBPU_bit
0x0081       [0]    T0SE_bit
0x0081       [0]    INTEDG_bit
0x0081       [0]    PSA_bit
0x0081       [0]    T0CS_bit
0x0085       [0]    TRISA2_bit
0x0085       [0]    TRISA3_bit
0x0085       [0]    TRISA6_bit
0x0085       [0]    TRISA7_bit
0x0085       [0]    TRISA4_bit
0x0085       [0]    TRISA5_bit
0x0085       [1]    TRISA
0x0085       [0]    TRISA0_bit
0x0085       [0]    TRISA1_bit
0x0086       [0]    TRISB5_bit
0x0086       [0]    TRISB2_bit
0x0086       [0]    TRISB4_bit
0x0086       [0]    TRISB3_bit
0x0086       [0]    TRISB6_bit
0x0086       [0]    TRISB1_bit
0x0086       [0]    TRISB7_bit
0x0086       [1]    TRISB
0x0086       [0]    TRISB0_bit
0x0087       [0]    TRISC4_bit
0x0087       [0]    TRISC5_bit
0x0087       [0]    TRISC7_bit
0x0087       [0]    TRISC6_bit
0x0087       [0]    TRISC0_bit
0x0087       [1]    TRISC
0x0087       [0]    TRISC1_bit
0x0087       [0]    TRISC3_bit
0x0087       [0]    TRISC2_bit
0x0089       [1]    TRISE
0x0089       [0]    TRISE3_bit
0x008C       [0]    ADIE_bit
0x008C       [0]    RCIE_bit
0x008C       [0]    TXIE_bit
0x008C       [1]    PIE1
0x008C       [0]    SSPIE_bit
0x008C       [0]    CCP1IE_bit
0x008C       [0]    TMR1IE_bit
0x008C       [0]    TMR2IE_bit
0x008D       [0]    BCLIE_bit
0x008D       [0]    EEIE_bit
0x008D       [0]    OSFIE_bit
0x008D       [0]    C2IE_bit
0x008D       [0]    C1IE_bit
0x008D       [1]    PIE2
0x008D       [0]    ULPWUIE_bit
0x008D       [0]    CCP2IE_bit
0x008E       [0]    NOT_POR_bit
0x008E       [0]    ULPWUE_bit
0x008E       [1]    PCON
0x008E       [0]    SBOREN_bit
0x008E       [0]    NOT_BO_bit
0x008E       [0]    NOT_BOR_bit
0x008F       [0]    LTS_bit
0x008F       [0]    IRCF0_bit
0x008F       [0]    HTS_bit
0x008F       [0]    SCS_bit
0x008F       [0]    OSTS_bit
0x008F       [1]    OSCCON
0x008F       [0]    IRCF1_bit
0x008F       [0]    IRCF2_bit
0x0090       [0]    TUN4_bit
0x0090       [1]    OSCTUNE
0x0090       [0]    TUN0_bit
0x0090       [0]    TUN2_bit
0x0090       [0]    TUN1_bit
0x0090       [0]    TUN3_bit
0x0091       [1]    SSPCON2
0x0091       [0]    RSEN_bit
0x0091       [0]    SEN_bit
0x0091       [0]    ACKEN_bit
0x0091       [0]    ACKDT_bit
0x0091       [0]    RCEN_bit
0x0091       [0]    ACKSTAT_bit
0x0091       [0]    PEN_bit
0x0091       [0]    GCEN_bit
0x0092       [1]    PR2
0x0093       [1]    SSPADD
0x0093       [1]    SSPMSK
0x0093       [1]    MSK
0x0094       [0]    DATA_ADDRESS_bit
0x0094       [0]    READ_WRITE_bit
0x0094       [0]    SMP_bit
0x0094       [0]    D_A_bit
0x0094       [0]    NOT_A_bit
0x0094       [0]    I2C_DATA_bit
0x0094       [0]    D_bit
0x0094       [0]    CKE_bit
0x0094       [0]    R_W_bit
0x0094       [0]    NOT_ADDRESS_bit
0x0094       [0]    BF_bit
0x0094       [1]    SSPSTAT
0x0094       [0]    I2C_START__bit
0x0094       [0]    I2C_READ_bit
0x0094       [0]    R_bit
0x0094       [0]    NOT_W_bit
0x0094       [0]    NOT_WRITE_bit
0x0094       [0]    P_bit
0x0094       [0]    I2C_STOP__bit
0x0094       [0]    S_bit
0x0094       [0]    UA_bit
0x0095       [1]    WPUB
0x0095       [0]    WPUB5_bit
0x0095       [0]    WPUB7_bit
0x0095       [0]    WPUB6_bit
0x0095       [0]    WPUB4_bit
0x0095       [0]    WPUB1_bit
0x0095       [0]    WPUB0_bit
0x0095       [0]    WPUB3_bit
0x0095       [0]    WPUB2_bit
0x0096       [0]    IOCB5_bit
0x0096       [0]    IOCB4_bit
0x0096       [0]    IOCB3_bit
0x0096       [0]    IOCB7_bit
0x0096       [1]    IOCB
0x0096       [0]    IOCB6_bit
0x0096       [0]    IOCB2_bit
0x0096       [0]    IOCB1_bit
0x0096       [0]    IOCB0_bit
0x0097       [0]    VROE_bit
0x0097       [0]    VRR_bit
0x0097       [1]    VRCON
0x0097       [0]    VR2_bit
0x0097       [0]    VRSS_bit
0x0097       [0]    VR0_bit
0x0097       [0]    VR3_bit
0x0097       [0]    VR1_bit
0x0097       [0]    VREN_bit
0x0098       [0]    CSRC_bit
0x0098       [0]    BRGH_bit
0x0098       [1]    TXSTA
0x0098       [0]    TX9_bit
0x0098       [0]    SYNC_bit
0x0098       [0]    TX9D_bit
0x0098       [0]    SENDB_bit
0x0098       [0]    TRMT_bit
0x0098       [0]    TX8_9_bit
0x0098       [0]    NOT_TX8_bit
0x0098       [0]    TXEN_bit
0x0098       [0]    TXD8_bit
0x0099       [0]    BRG2_bit
0x0099       [0]    BRG1_bit
0x0099       [0]    BRG0_bit
0x0099       [0]    BRG3_bit
0x0099       [0]    BRG6_bit
0x0099       [1]    SPBRG
0x0099       [0]    BRG5_bit
0x0099       [0]    BRG7_bit
0x0099       [0]    BRG4_bit
0x009A       [1]    SPBRGH
0x009A       [0]    BRG11_bit
0x009A       [0]    BRG12_bit
0x009A       [0]    BRG15_bit
0x009A       [0]    BRG14_bit
0x009A       [0]    BRG9_bit
0x009A       [0]    BRG13_bit
0x009A       [0]    BRG10_bit
0x009A       [0]    BRG8_bit
0x009B       [0]    PDC3_bit
0x009B       [0]    PDC4_bit
0x009B       [1]    PWM1CON
0x009B       [0]    PDC6_bit
0x009B       [0]    PDC5_bit
0x009B       [0]    PDC2_bit
0x009B       [0]    PRSEN_bit
0x009B       [0]    PDC0_bit
0x009B       [0]    PDC1_bit
0x009C       [0]    PSSBD1_bit
0x009C       [0]    PSSAC0_bit
0x009C       [1]    ECCPAS
0x009C       [0]    PSSBD0_bit
0x009C       [0]    PSSAC1_bit
0x009C       [0]    ECCPAS2_bit
0x009C       [0]    ECCPASE_bit
0x009C       [0]    ECCPAS1_bit
0x009C       [0]    ECCPAS0_bit
0x009D       [0]    STRA_bit
0x009D       [1]    PSTRCON
0x009D       [0]    STRB_bit
0x009D       [0]    STRD_bit
0x009D       [0]    STRSYNC_bit
0x009D       [0]    STRC_bit
0x009E       [1]    ADRESL
0x009F       [1]    ADCON1
0x009F       [0]    VCFG1_bit
0x009F       [0]    VCFG0_bit
0x009F       [0]    ADFM_bit
0x0105       [0]    SWDTEN_bit
0x0105       [0]    WDTPS3_bit
0x0105       [0]    WDTPS0_bit
0x0105       [0]    WDTPS2_bit
0x0105       [1]    WDTCON
0x0105       [0]    WDTPS1_bit
0x0107       [0]    C1OE_bit
0x0107       [0]    C1POL_bit
0x0107       [0]    C1CH0_bit
0x0107       [0]    C1R_bit
0x0107       [0]    C1CH1_bit
0x0107       [0]    C1ON_bit
0x0107       [1]    CM1CON0
0x0107       [0]    C1OUT_bit
0x0108       [0]    C2OUT_bit
0x0108       [0]    C2ON_bit
0x0108       [0]    C2CH1_bit
0x0108       [0]    C2OE_bit
0x0108       [1]    CM2CON0
0x0108       [0]    C2POL_bit
0x0108       [0]    C2R_bit
0x0108       [0]    C2CH0_bit
0x0109       [0]    C2SYNC_bit
0x0109       [0]    MC1OUT_bit
0x0109       [0]    C2RSEL_bit
0x0109       [0]    T1GSS_bit
0x0109       [0]    C1RSEL_bit
0x0109       [1]    CM2CON1
0x0109       [0]    MC2OUT_bit
0x010C       [1]    EEDAT
0x010C       [1]    EEDATA
0x010D       [1]    EEADR
0x010E       [1]    EEDATH
0x010F       [1]    EEADRH
0x0185       [0]    PULSS_bit
0x0185       [0]    C2REN_bit
0x0185       [0]    FVREN_bit
0x0185       [0]    PULSR_bit
0x0185       [0]    C1SEN_bit
0x0185       [1]    SRCON
0x0185       [0]    SR1_bit
0x0185       [0]    SR0_bit
0x0187       [0]    BRG16_bit
0x0187       [0]    WUE_bit
0x0187       [0]    ABDEN_bit
0x0187       [0]    SCKP_bit
0x0187       [1]    BAUDCTL
0x0187       [0]    ABDOVF_bit
0x0187       [0]    RCIDL_bit
0x0188       [0]    ANS2_bit
0x0188       [0]    ANS3_bit
0x0188       [0]    ANS4_bit
0x0188       [0]    ANS1_bit
0x0188       [1]    ANSEL
0x0188       [0]    ANS0_bit
0x0189       [0]    ANS9_bit
0x0189       [0]    ANS8_bit
0x0189       [1]    ANSELH
0x0189       [0]    ANS12_bit
0x0189       [0]    ANS13_bit
0x0189       [0]    ANS10_bit
0x0189       [0]    ANS11_bit
0x018C       [0]    RD_bit
0x018C       [1]    EECON1
0x018C       [0]    WRERR_bit
0x018C       [0]    EEPGD_bit
0x018C       [0]    WREN_bit
0x018C       [0]    WR_bit
0x018D       [1]    EECON2
//** Label List: ** 
//----------------------------------------------
  L_end_SEGUIDOR_LINEA_SET_MOTOR
  L_SEGUIDOR_LINEA_SET_MOTOR1
  L_SEGUIDOR_LINEA_SET_MOTOR2
  L_SEGUIDOR_LINEA_SET_MOTOR3
  L_SEGUIDOR_LINEA_SET_MOTOR4
  L_SEGUIDOR_LINEA_SET_MOTOR5
  L_SEGUIDOR_LINEA_SET_MOTOR6
  L_end_SEGUIDOR_LINEA_TIEMPO
  L_SEGUIDOR_LINEA_TIEMPO8
  L_end__main
  L__main10
  L__main11
  L__main12
  L__main13
  L__main14
  L__main15
  L__main16
  L__main17
  L__main18
  L__main19
  L__main20
  L__main21
  L__main22
  L__main23
  L__main24
  L__main25
  L__main26
  L__main27
  L__main28
  L__main29
  L__main30
  L__main31
  L__main32
  L__main33
  L__main34
  L__main35
  L__main36
  L__main37
  L__main38
  L__main39
  L__main40
  L__main41
  L__main42
  L__main43
  L__main44
  L__main45
  L__main46
  L__main47
  L__main48
  L__main49
  L__main50
  L__main51
  L__main52
  L__main53
  L__main54
  L__main55
  L__main56
  L__main57
  L__main58
  L__main59
  L__main60
  L__main61
  L__main62
  L__main63
  L__main64
  L__main65
  L__main66
  L__main67
  L__main68
  L__main69
  L__main70
  L__main71
  L__main72
  L__main73
  L__main74
  SEGUIDOR_LINEA_SET_MOTOR
  L_SEGUIDOR_LINEA_SET_MOTOR75
  L_SEGUIDOR_LINEA_SET_MOTOR76
  SEGUIDOR_LINEA_TIEMPO
  _main
  L__main77
  L__main78
  L__main79
  L__main80
  L__main81
  L__main82
  L__main83
  L__main84
  L__main85
  L__main86
  L__main87
  L__main88
  L__main89
  L__main90
  L__main91
  L__main92
  L__main93
  L__main94
  L__main95
  L__main96
  L__main97
  L_end__Mul_8x8_U
  L_end__Mul_16x16_U
  L_end__Div_8x8_U
  L__Div_8x8_U3
  L__Div_8x8_U4
  L__Div_8x8_U5
  L_end__Div_16x16_U
  L_end__Mul_8x8_S
  L_end__Mul_16x16_S
  L_end__Div_16x16_S_L
  L_end__Div_16x16_S
  L__Div_16x16_S11
  L__Div_16x16_S12
  L__Div_16x16_S13
  L__Div_16x16_S14
  L__Div_16x16_S15
  L__Div_16x16_S16
  L_end__Div_8x8_S
  L_end__SDIV3232L
  LOOPS3232A
  SADD22LA
  SOK22LA
  SADD22L8
  SOK22L8
  LOOPS3232B
  SADD22LB
  SOK22LB
  SADD22L16
  SOK22L16
  LOOPS3232C
  SADD22LC
  SOK22LC
  SADD22L24
  SOK22L24
  LOOPS3232D
  SADD22LD
  SOK22LD
  SOK22L
  L_end__COMFREM
  L_end__Div_32x32_S
  L__Div_32x32_S25
  L__Div_32x32_S26
  L__Div_32x32_S27
  L__Div_32x32_S28
  L__Div_32x32_S29
  L__Div_32x32_S30
  L__Div_32x32_S31
  L__Div_32x32_S32
  L__Div_32x32_S33
  L__Div_32x32_S34
  L__Div_32x32_S35
  L__Div_32x32_S36
  FXD3232S
  END_ALL
  CA3232S
  C3232SX
  C3232SX1
  C3232S
  C3232S2
  C3232SX4
  C3232SOK
  C3232SX3
  C3232SX2
  avoid_comfrem
  L_end__Div_32x32_U
  LOOPU3232A
  UADD22LA
  UOK22LA
  UADD22L8
  UOK22L8
  LOOPU3232B
  UADD22LB
  UOK22LB
  UADD22L16
  UOK22L16
  LOOPU3232C
  UADD22LC
  UOK22LC
  UADD22L24
  UOK22L24
  LOOPU3232D
  UADD22LD
  UOK22LD
  UOK22L
  L_end__Mul_32x32_U
  _NEXT
  _EXIT2
  _LOOP
  _EXIT1
  L_end__Mul_32x32_S
  _IF_FIRST
  _IF_SECOND
  _INVERCE_FIRST
  _MULT
  _INBERSE_SECOND
  _EXIT
  _Mul_8x8_U
  _Mul_16x16_U
  _Div_8x8_U
  _Div_16x16_U
  _Mul_8x8_S
  _Mul_16x16_S
  _Div_16x16_S_L
  _Div_16x16_S
  _Div_8x8_S
  _SDIV3232L
  _COMFREM
  _Div_32x32_S
  _Div_32x32_U
  _Mul_32x32_U
  _Mul_32x32_S
  L_end__PWM1_Init
  L_end__PWM1_Set_Duty
  L_end__PWM1_Start
  L_end__PWM1_Stop
  L_end__PWM2_Init
  L_end__PWM2_Set_Duty
  L_end__PWM2_Start
  L_end__PWM2_Stop
  _PWM1_Init
  _PWM1_Set_Duty
  L__PWM1_Set_Duty8
  L__PWM1_Set_Duty9
  _PWM1_Start
  _PWM1_Stop
  _PWM2_Init
  _PWM2_Set_Duty
  L__PWM2_Set_Duty10
  L__PWM2_Set_Duty11
  _PWM2_Start
  _PWM2_Stop
  L_end__UART1_Init
  L__UART1_Init1
  L__UART1_Init2
  L__UART1_Init3
  L__UART1_Init4
  L__UART1_Init5
  L_end__UART1_Data_Ready
  L_end__UART1_Read
  L__UART1_Read8
  L__UART1_Read9
  L__UART1_Read10
  L_end__UART1_TX_Idle
  L_end__UART1_Write
  L__UART1_Write13
  L__UART1_Write14
  L__UART1_Write15
  L__UART1_Write16
  L__UART1_Write17
  L_end__UART1_Write_Text
  L__UART1_Write_Text19
  L__UART1_Write_Text20
  L__UART1_Write_Text21
  L__UART1_Write_Text22
  L__UART1_Write_Text23
  L_end__UART1_Read_Text
  L__UART1_Read_Text25
  L__UART1_Read_Text26
  L__UART1_Read_Text27
  L__UART1_Read_Text28
  L__UART1_Read_Text29
  L__UART1_Read_Text30
  L__UART1_Read_Text31
  L__UART1_Read_Text32
  L__UART1_Read_Text33
  L__UART1_Read_Text34
  L__UART1_Read_Text35
  L__UART1_Read_Text36
  L__UART1_Read_Text37
  L__UART1_Read_Text38
  L__UART1_Read_Text39
  L__UART1_Read_Text40
  L__UART1_Read_Text41
  L__UART1_Read_Text42
  L__UART1_Read_Text43
  L__UART1_Read_Text44
  L__UART1_Read_Text45
  L__UART1_Read_Text46
  _UART1_Init
  _UART1_Data_Ready
  _UART1_Read
  _UART1_TX_Idle
  _UART1_Write
  _UART1_Write_Text
  _UART1_Read_Text
