;  LST file generated by mikroListExporter - v.2.0 
; Date/Time: 07/07/2014 18:02:09
;----------------------------------------------

;Address Opcode 	ASM
0x0000	0x28E8      	GOTO       232
SRF05_UART_interrupt:
0x0004	0x00FF      	MOVWF      R15
0x0005	0x0E03      	SWAPF      STATUS, 0
0x0006	0x0183      	CLRF       STATUS
0x0007	0x00A1      	MOVWF      ___saveSTATUS
0x0008	0x080A      	MOVF       PCLATH, 0
0x0009	0x00A2      	MOVWF      ___savePCLATH
0x000A	0x018A      	CLRF       PCLATH
0x000B	0x0870      	MOVF       R0, 0
0x000C	0x00A0      	MOVWF      32
;SRF05_UART.mbas,27 :: 		sub procedure interrupt
;SRF05_UART.mbas,28 :: 		if TestBit(INTCON,INTF) then ' bandera de la interrupcion externa activada
0x000D	0x01F0      	CLRF       R0
0x000E	0x1C8B      	BTFSS      INTCON, 1
0x000F	0x2812      	GOTO       L_SRF05_UART_interrupt4
0x0010	0x3001      	MOVLW      1
0x0011	0x00F0      	MOVWF      R0
L_SRF05_UART_interrupt4:
0x0012	0x0870      	MOVF       R0, 0
0x0013	0x1903      	BTFSC      STATUS, 2
0x0014	0x2827      	GOTO       L_SRF05_UART_interrupt2
;SRF05_UART.mbas,29 :: 		ClearBit(INTCON,INTF) ' bandera de la interrupcion externa borrada
0x0015	0x108B      	BCF        INTCON, 1
;SRF05_UART.mbas,30 :: 		if flanco = 0 then ' cuando el flanco va de vajo a alto
0x0016	0x0825      	MOVF       _flanco, 0
0x0017	0x3A00      	XORLW      0
0x0018	0x1D03      	BTFSS      STATUS, 2
0x0019	0x2821      	GOTO       L_SRF05_UART_interrupt6
;SRF05_UART.mbas,31 :: 		ClearBit(OPTION_REG,INTEDG) ' interrupcion cuando paso al rizado bajo
0x001A	0x1683      	BSF        STATUS, 5
0x001B	0x1301      	BCF        OPTION_REG, 6
;SRF05_UART.mbas,32 :: 		flanco = 1 ' cambiamos el flanco bajo
0x001C	0x3001      	MOVLW      1
0x001D	0x1283      	BCF        STATUS, 5
0x001E	0x00A5      	MOVWF      _flanco
;SRF05_UART.mbas,33 :: 		TMR0 = 0 ' enceramos el timer
0x001F	0x0181      	CLRF       TMR0
0x0020	0x2827      	GOTO       L_SRF05_UART_interrupt7
;SRF05_UART.mbas,34 :: 		else ' cuando el flanco va de alto bajo
L_SRF05_UART_interrupt6:
;SRF05_UART.mbas,35 :: 		pulso = TMR0 ' tomamos el valor del timer
0x0021	0x0801      	MOVF       TMR0, 0
0x0022	0x00A6      	MOVWF      _pulso
;SRF05_UART.mbas,36 :: 		SetBit(OPTION_REG,INTEDG) ' interrupcion cuando paso al rizado alto
0x0023	0x1683      	BSF        STATUS, 5
0x0024	0x1701      	BSF        OPTION_REG, 6
;SRF05_UART.mbas,37 :: 		flanco = 0 ' cambiamos de flanco alto
0x0025	0x1283      	BCF        STATUS, 5
0x0026	0x01A5      	CLRF       _flanco
;SRF05_UART.mbas,38 :: 		end if
L_SRF05_UART_interrupt7:
L_SRF05_UART_interrupt2:
;SRF05_UART.mbas,40 :: 		ClearBit(INTCON,T0IF)
0x0027	0x110B      	BCF        INTCON, 2
L_SRF05_UART_interrupt22:
0x0028	0x0820      	MOVF       32, 0
0x0029	0x00F0      	MOVWF      R0
0x002A	0x0822      	MOVF       ___savePCLATH, 0
0x002B	0x008A      	MOVWF      PCLATH
0x002C	0x0E21      	SWAPF      ___saveSTATUS, 0
0x002D	0x0083      	MOVWF      STATUS
0x002E	0x0EFF      	SWAPF      R15, 1
0x002F	0x0E7F      	SWAPF      R15, 0
0x0030	0x0009      	RETFIE
; end of SRF05_UART_interrupt
_Div_16x16_U:
;__Lib_Math.mpas,207 :: 		
;__Lib_Math.mpas,213 :: 		
0x0031	0x1283      	BCF        STATUS, 5
;__Lib_Math.mpas,214 :: 		
0x0032	0x1303      	BCF        STATUS, 6
;__Lib_Math.mpas,215 :: 		
0x0033	0x01F8      	CLRF       R8
;__Lib_Math.mpas,216 :: 		
0x0034	0x01F9      	CLRF       R9
;__Lib_Math.mpas,217 :: 		
0x0035	0x3010      	MOVLW      16
;__Lib_Math.mpas,218 :: 		
0x0036	0x00FC      	MOVWF      R12
;__Lib_Math.mpas,219 :: 		
0x0037	0x0D71      	RLF        R1, 0
;__Lib_Math.mpas,220 :: 		
0x0038	0x0DF8      	RLF        R8, 1
;__Lib_Math.mpas,221 :: 		
0x0039	0x0DF9      	RLF        R9, 1
;__Lib_Math.mpas,222 :: 		
0x003A	0x0874      	MOVF       R4, 0
;__Lib_Math.mpas,223 :: 		
0x003B	0x02F8      	SUBWF      R8, 1
;__Lib_Math.mpas,224 :: 		
0x003C	0x0875      	MOVF       R5, 0
;__Lib_Math.mpas,225 :: 		
0x003D	0x1C03      	BTFSS      STATUS, 0
;__Lib_Math.mpas,226 :: 		
0x003E	0x0F75      	INCFSZ     R5, 0
;__Lib_Math.mpas,227 :: 		
0x003F	0x02F9      	SUBWF      R9, 1
;__Lib_Math.mpas,228 :: 		
0x0040	0x1803      	BTFSC      STATUS, 0
;__Lib_Math.mpas,229 :: 		
0x0041	0x2849      	GOTO       $+8
;__Lib_Math.mpas,230 :: 		
0x0042	0x0874      	MOVF       R4, 0
;__Lib_Math.mpas,231 :: 		
0x0043	0x07F8      	ADDWF      R8, 1
;__Lib_Math.mpas,232 :: 		
0x0044	0x0875      	MOVF       R5, 0
;__Lib_Math.mpas,233 :: 		
0x0045	0x1803      	BTFSC      STATUS, 0
;__Lib_Math.mpas,234 :: 		
0x0046	0x0F75      	INCFSZ     R5, 0
;__Lib_Math.mpas,235 :: 		
0x0047	0x07F9      	ADDWF      R9, 1
;__Lib_Math.mpas,236 :: 		
0x0048	0x1003      	BCF        STATUS, 0
;__Lib_Math.mpas,237 :: 		
0x0049	0x0DF0      	RLF        R0, 1
;__Lib_Math.mpas,238 :: 		
0x004A	0x0DF1      	RLF        R1, 1
;__Lib_Math.mpas,239 :: 		
0x004B	0x0BFC      	DECFSZ     R12, 1
;__Lib_Math.mpas,240 :: 		
0x004C	0x2837      	GOTO       $-21
;__Lib_Math.mpas,242 :: 		
0x004D	0x0008      	RETURN
; end of _Div_16x16_U
_UART1_Write:
;__Lib_UART_c67.mpas,72 :: 		
;__Lib_UART_c67.mpas,73 :: 		
L__UART1_Write14:
0x004E	0x1683      	BSF        STATUS, 5
0x004F	0x1303      	BCF        STATUS, 6
0x0050	0x1898      	BTFSC      TXSTA, 1
0x0051	0x2854      	GOTO       L__UART1_Write15
0x0052	0x0000      	NOP
0x0053	0x284E      	GOTO       L__UART1_Write14
L__UART1_Write15:
;__Lib_UART_c67.mpas,74 :: 		
0x0054	0x1283      	BCF        STATUS, 5
0x0055	0x0840      	MOVF       FARG_UART1_Write_data_, 0
0x0056	0x0099      	MOVWF      TXREG
;__Lib_UART_c67.mpas,75 :: 		
0x0057	0x0008      	RETURN
; end of _UART1_Write
_Mul_16x16_U:
;__Lib_Math.mpas,121 :: 		
;__Lib_Math.mpas,127 :: 		
0x0058	0x1283      	BCF        STATUS, 5
;__Lib_Math.mpas,128 :: 		
0x0059	0x1303      	BCF        STATUS, 6
;__Lib_Math.mpas,129 :: 		
0x005A	0x01FB      	CLRF       R11
;__Lib_Math.mpas,130 :: 		
0x005B	0x01FA      	CLRF       R10
;__Lib_Math.mpas,131 :: 		
0x005C	0x01F9      	CLRF       R9
;__Lib_Math.mpas,132 :: 		
0x005D	0x3080      	MOVLW      128
;__Lib_Math.mpas,133 :: 		
0x005E	0x00F8      	MOVWF      R8
;__Lib_Math.mpas,134 :: 		
0x005F	0x0CF1      	RRF        R1, 1
;__Lib_Math.mpas,135 :: 		
0x0060	0x0CF0      	RRF        R0, 1
;__Lib_Math.mpas,136 :: 		
0x0061	0x1C03      	BTFSS      STATUS, 0
;__Lib_Math.mpas,137 :: 		
0x0062	0x286C      	GOTO       $+10
;__Lib_Math.mpas,138 :: 		
0x0063	0x0874      	MOVF       R4, 0
;__Lib_Math.mpas,139 :: 		
0x0064	0x07F9      	ADDWF      R9, 1
;__Lib_Math.mpas,140 :: 		
0x0065	0x0875      	MOVF       R5, 0
;__Lib_Math.mpas,141 :: 		
0x0066	0x1803      	BTFSC      STATUS, 0
;__Lib_Math.mpas,142 :: 		
0x0067	0x0F75      	INCFSZ     R5, 0
;__Lib_Math.mpas,143 :: 		
0x0068	0x07FA      	ADDWF      R10, 1
;__Lib_Math.mpas,144 :: 		
0x0069	0x1803      	BTFSC      STATUS, 0
;__Lib_Math.mpas,145 :: 		
0x006A	0x0AFB      	INCF       R11, 1
;__Lib_Math.mpas,146 :: 		
0x006B	0x1003      	BCF        STATUS, 0
;__Lib_Math.mpas,147 :: 		
0x006C	0x1FF0      	BTFSS      R0, 7
;__Lib_Math.mpas,148 :: 		
0x006D	0x2874      	GOTO       $+7
;__Lib_Math.mpas,149 :: 		
0x006E	0x0874      	MOVF       R4, 0
;__Lib_Math.mpas,150 :: 		
0x006F	0x07FA      	ADDWF      R10, 1
;__Lib_Math.mpas,151 :: 		
0x0070	0x0875      	MOVF       R5, 0
;__Lib_Math.mpas,152 :: 		
0x0071	0x1803      	BTFSC      STATUS, 0
;__Lib_Math.mpas,153 :: 		
0x0072	0x0F75      	INCFSZ     R5, 0
;__Lib_Math.mpas,154 :: 		
0x0073	0x07FB      	ADDWF      R11, 1
;__Lib_Math.mpas,155 :: 		
0x0074	0x0CFB      	RRF        R11, 1
;__Lib_Math.mpas,156 :: 		
0x0075	0x0CFA      	RRF        R10, 1
;__Lib_Math.mpas,157 :: 		
0x0076	0x0CF9      	RRF        R9, 1
;__Lib_Math.mpas,158 :: 		
0x0077	0x0CF8      	RRF        R8, 1
;__Lib_Math.mpas,159 :: 		
0x0078	0x1C03      	BTFSS      STATUS, 0
;__Lib_Math.mpas,160 :: 		
0x0079	0x285F      	GOTO       $-26
;__Lib_Math.mpas,161 :: 		
0x007A	0x087B      	MOVF       R11, 0
;__Lib_Math.mpas,162 :: 		
0x007B	0x00F3      	MOVWF      R3
;__Lib_Math.mpas,163 :: 		
0x007C	0x087A      	MOVF       R10, 0
;__Lib_Math.mpas,164 :: 		
0x007D	0x00F2      	MOVWF      R2
;__Lib_Math.mpas,165 :: 		
0x007E	0x0879      	MOVF       R9, 0
;__Lib_Math.mpas,166 :: 		
0x007F	0x00F1      	MOVWF      R1
;__Lib_Math.mpas,167 :: 		
0x0080	0x0878      	MOVF       R8, 0
;__Lib_Math.mpas,168 :: 		
0x0081	0x00F0      	MOVWF      R0
;__Lib_Math.mpas,170 :: 		
0x0082	0x0008      	RETURN
; end of _Mul_16x16_U
_UART1_Write_Text:
;__Lib_UART_c67.mpas,80 :: 		
;__Lib_UART_c67.mpas,81 :: 		
0x0083	0x1283      	BCF        STATUS, 5
0x0084	0x1303      	BCF        STATUS, 6
0x0085	0x01BE      	CLRF       UART1_Write_Text_counter
;__Lib_UART_c67.mpas,82 :: 		
0x0086	0x083D      	MOVF       FARG_UART1_Write_Text_uart_text, 0
0x0087	0x0084      	MOVWF      FSR
0x0088	0x0800      	MOVF       INDF, 0
0x0089	0x00BF      	MOVWF      UART1_Write_Text_data_
;__Lib_UART_c67.mpas,83 :: 		
L__UART1_Write_Text20:
0x008A	0x083F      	MOVF       UART1_Write_Text_data_, 0
0x008B	0x3A00      	XORLW      0
0x008C	0x1903      	BTFSC      STATUS, 2
0x008D	0x2898      	GOTO       L__UART1_Write_Text21
;__Lib_UART_c67.mpas,85 :: 		
0x008E	0x083F      	MOVF       UART1_Write_Text_data_, 0
0x008F	0x00C0      	MOVWF      FARG_UART1_Write_data_
0x0090	0x204E      	CALL       _UART1_Write
;__Lib_UART_c67.mpas,86 :: 		
0x0091	0x0ABE      	INCF       UART1_Write_Text_counter, 1
;__Lib_UART_c67.mpas,87 :: 		
0x0092	0x083E      	MOVF       UART1_Write_Text_counter, 0
0x0093	0x073D      	ADDWF      FARG_UART1_Write_Text_uart_text, 0
0x0094	0x0084      	MOVWF      FSR
0x0095	0x0800      	MOVF       INDF, 0
0x0096	0x00BF      	MOVWF      UART1_Write_Text_data_
;__Lib_UART_c67.mpas,88 :: 		
0x0097	0x288A      	GOTO       L__UART1_Write_Text20
L__UART1_Write_Text21:
;__Lib_UART_c67.mpas,89 :: 		
0x0098	0x0008      	RETURN
; end of _UART1_Write_Text
_Delay_1sec:
;__Lib_Delays.mbas,72 :: 		sub procedure Delay_1sec()
;__Lib_Delays.mbas,73 :: 		Delay_ms(1000)
0x0099	0x300B      	MOVLW      11
0x009A	0x1283      	BCF        STATUS, 5
0x009B	0x1303      	BCF        STATUS, 6
0x009C	0x00FB      	MOVWF      R11
0x009D	0x3026      	MOVLW      38
0x009E	0x00FC      	MOVWF      R12
0x009F	0x305D      	MOVLW      93
0x00A0	0x00FD      	MOVWF      R13
L__Delay_1sec23:
0x00A1	0x0BFD      	DECFSZ     R13, 1
0x00A2	0x28A1      	GOTO       L__Delay_1sec23
0x00A3	0x0BFC      	DECFSZ     R12, 1
0x00A4	0x28A1      	GOTO       L__Delay_1sec23
0x00A5	0x0BFB      	DECFSZ     R11, 1
0x00A6	0x28A1      	GOTO       L__Delay_1sec23
0x00A7	0x0000      	NOP
0x00A8	0x0000      	NOP
0x00A9	0x0008      	RETURN
; end of _Delay_1sec
SRF05_UART_srf05_leer:
;SRF05_UART.mbas,45 :: 		dim tiempo as word
;SRF05_UART.mbas,46 :: 		PORTC.0 = 1 ' habilitamos el disparo
0x00AA	0x1283      	BCF        STATUS, 5
0x00AB	0x1303      	BCF        STATUS, 6
0x00AC	0x1407      	BSF        PORTC, 0
;SRF05_UART.mbas,47 :: 		delay_us(10) ' con un tiempo minimo de 10us
0x00AD	0x3006      	MOVLW      6
0x00AE	0x00FD      	MOVWF      R13
L_SRF05_UART_srf05_leer9:
0x00AF	0x0BFD      	DECFSZ     R13, 1
0x00B0	0x28AF      	GOTO       L_SRF05_UART_srf05_leer9
0x00B1	0x0000      	NOP
;SRF05_UART.mbas,48 :: 		PORTC.0 = 0 ' apagamos el disparo
0x00B2	0x1007      	BCF        PORTC, 0
;SRF05_UART.mbas,49 :: 		delay_ms(20) ' hay un tiempo de espera del eco
0x00B3	0x3034      	MOVLW      52
0x00B4	0x00FC      	MOVWF      R12
0x00B5	0x30F1      	MOVLW      241
0x00B6	0x00FD      	MOVWF      R13
L_SRF05_UART_srf05_leer10:
0x00B7	0x0BFD      	DECFSZ     R13, 1
0x00B8	0x28B7      	GOTO       L_SRF05_UART_srf05_leer10
0x00B9	0x0BFC      	DECFSZ     R12, 1
0x00BA	0x28B7      	GOTO       L_SRF05_UART_srf05_leer10
0x00BB	0x0000      	NOP
0x00BC	0x0000      	NOP
;SRF05_UART.mbas,50 :: 		tiempo = pulso*255 ' ya para este paso debio haber aparecido la interrupccion externa
0x00BD	0x0826      	MOVF       _pulso, 0
0x00BE	0x00F0      	MOVWF      R0
0x00BF	0x01F1      	CLRF       R0+1
0x00C0	0x30FF      	MOVLW      255
0x00C1	0x00F4      	MOVWF      R4
0x00C2	0x01F5      	CLRF       R4+1
0x00C3	0x2058      	CALL       _Mul_16x16_U
;SRF05_UART.mbas,51 :: 		tiempo = tiempo/58 ' convertimos de pulgadas a centimetros
0x00C4	0x303A      	MOVLW      58
0x00C5	0x00F4      	MOVWF      R4
0x00C6	0x01F5      	CLRF       R4+1
0x00C7	0x2031      	CALL       _Div_16x16_U
;SRF05_UART.mbas,52 :: 		tiempo = tiempo/2 ' ya que el eco viene y va, solo necesito saber la mitad del recorrido
0x00C8	0x0870      	MOVF       R0, 0
0x00C9	0x00F2      	MOVWF      R2
0x00CA	0x0871      	MOVF       R0+1, 0
0x00CB	0x00F3      	MOVWF      R2+1
0x00CC	0x0CF3      	RRF        R2+1, 1
0x00CD	0x0CF2      	RRF        R2, 1
0x00CE	0x13F3      	BCF        R2+1, 7
;SRF05_UART.mbas,53 :: 		result = tiempo ' resultado de la distancia
0x00CF	0x0872      	MOVF       R2, 0
0x00D0	0x00BD      	MOVWF      srf05_leer_local_result
0x00D1	0x0873      	MOVF       R2+1, 0
0x00D2	0x00BE      	MOVWF      srf05_leer_local_result+1
0x00D3	0x083D      	MOVF       srf05_leer_local_result, 0
0x00D4	0x00F0      	MOVWF      R0
0x00D5	0x083E      	MOVF       srf05_leer_local_result+1, 0
0x00D6	0x00F1      	MOVWF      R0+1
0x00D7	0x0008      	RETURN
; end of SRF05_UART_srf05_leer
_UART1_Init:
;__Lib_UART_c67.mpas,33 :: 		
;__Lib_UART_c67.mpas,34 :: 		
0x00D8	0x1683      	BSF        STATUS, 5
0x00D9	0x1303      	BCF        STATUS, 6
0x00DA	0x1698      	BSF        TXSTA, 5
;__Lib_UART_c67.mpas,35 :: 		
0x00DB	0x3090      	MOVLW      144
0x00DC	0x1283      	BCF        STATUS, 5
0x00DD	0x0098      	MOVWF      RCSTA
;__Lib_UART_c67.mpas,36 :: 		
0x00DE	0x1683      	BSF        STATUS, 5
0x00DF	0x1787      	BSF        TRISC7_bit, 7
;__Lib_UART_c67.mpas,37 :: 		
0x00E0	0x1307      	BCF        TRISC6_bit, 6
;__Lib_UART_c67.mpas,38 :: 		
L__UART1_Init2:
0x00E1	0x1283      	BCF        STATUS, 5
0x00E2	0x1E8C      	BTFSS      PIR1, 5
0x00E3	0x28E7      	GOTO       L__UART1_Init3
;__Lib_UART_c67.mpas,39 :: 		
0x00E4	0x081A      	MOVF       RCREG, 0
0x00E5	0x00F0      	MOVWF      R0
0x00E6	0x28E1      	GOTO       L__UART1_Init2
L__UART1_Init3:
;__Lib_UART_c67.mpas,40 :: 		
0x00E7	0x0008      	RETURN
; end of _UART1_Init
_main:
;SRF05_UART.mbas,56 :: 		main:
;SRF05_UART.mbas,58 :: 		OSCCON = 0X75 ' Oscilador interno de 8mhz
0x00E8	0x3075      	MOVLW      117
0x00E9	0x1683      	BSF        STATUS, 5
0x00EA	0x1303      	BCF        STATUS, 6
0x00EB	0x008F      	MOVWF      OSCCON
;SRF05_UART.mbas,60 :: 		OPTION_REG = 0XC7 ' desactiva el pull up de portb
0x00EC	0x30C7      	MOVLW      199
0x00ED	0x0081      	MOVWF      OPTION_REG
;SRF05_UART.mbas,64 :: 		INTCON = 0XD0 ' Activado interrupciones globales
0x00EE	0x30D0      	MOVLW      208
0x00EF	0x008B      	MOVWF      INTCON
;SRF05_UART.mbas,68 :: 		TRISA = 0X00 ' todas los pines comom salidas
0x00F0	0x0185      	CLRF       TRISA
;SRF05_UART.mbas,69 :: 		PORTA = 0X00
0x00F1	0x1283      	BCF        STATUS, 5
0x00F2	0x0185      	CLRF       PORTA
;SRF05_UART.mbas,71 :: 		TRISB = 0X01 ' portb.0 como entrada digital, las demas salidas
0x00F3	0x3001      	MOVLW      1
0x00F4	0x1683      	BSF        STATUS, 5
0x00F5	0x0086      	MOVWF      TRISB
;SRF05_UART.mbas,72 :: 		PORTB = 0X00
0x00F6	0x1283      	BCF        STATUS, 5
0x00F7	0x0186      	CLRF       PORTB
;SRF05_UART.mbas,74 :: 		TRISC = 0X80 ' portc.7 entrada RX, las demas salidas
0x00F8	0x3080      	MOVLW      128
0x00F9	0x1683      	BSF        STATUS, 5
0x00FA	0x0087      	MOVWF      TRISC
;SRF05_UART.mbas,75 :: 		PORTC = 0X00
0x00FB	0x1283      	BCF        STATUS, 5
0x00FC	0x0187      	CLRF       PORTC
;SRF05_UART.mbas,77 :: 		ANSEL = 0X00 ' AN<7:0>
0x00FD	0x1683      	BSF        STATUS, 5
0x00FE	0x1703      	BSF        STATUS, 6
0x00FF	0x0188      	CLRF       ANSEL
;SRF05_UART.mbas,78 :: 		ANSELH = 0X00 ' AN<13:8>
0x0100	0x0189      	CLRF       ANSELH
;SRF05_UART.mbas,80 :: 		flanco = 0 ' primer flanco bajo
0x0101	0x1283      	BCF        STATUS, 5
0x0102	0x1303      	BCF        STATUS, 6
0x0103	0x01A5      	CLRF       _flanco
;SRF05_UART.mbas,81 :: 		valor = 0
0x0104	0x01A7      	CLRF       _valor
0x0105	0x01A8      	CLRF       _valor+1
;SRF05_UART.mbas,83 :: 		UART1_Init(9600) ' inicializamos la comunicacion serial a una velocidad 9600bps
0x0106	0x3033      	MOVLW      51
0x0107	0x1683      	BSF        STATUS, 5
0x0108	0x0099      	MOVWF      SPBRG
0x0109	0x1518      	BSF        TXSTA, 2
0x010A	0x20D8      	CALL       _UART1_Init
;SRF05_UART.mbas,84 :: 		Delay_ms(250)
0x010B	0x3003      	MOVLW      3
0x010C	0x00FB      	MOVWF      R11
0x010D	0x308A      	MOVLW      138
0x010E	0x00FC      	MOVWF      R12
0x010F	0x3055      	MOVLW      85
0x0110	0x00FD      	MOVWF      R13
L__main12:
0x0111	0x0BFD      	DECFSZ     R13, 1
0x0112	0x2911      	GOTO       L__main12
0x0113	0x0BFC      	DECFSZ     R12, 1
0x0114	0x2911      	GOTO       L__main12
0x0115	0x0BFB      	DECFSZ     R11, 1
0x0116	0x2911      	GOTO       L__main12
0x0117	0x0000      	NOP
0x0118	0x0000      	NOP
;SRF05_UART.mbas,85 :: 		UART1_Write_Text("ideastechnology.com") ' escribimos el texo serialmente
0x0119	0x3029      	MOVLW      _main_Local_Text
0x011A	0x0084      	MOVWF      FSR
0x011B	0x3069      	MOVLW      105
0x011C	0x0080      	MOVWF      INDF
0x011D	0x0A84      	INCF       FSR, 1
0x011E	0x3064      	MOVLW      100
0x011F	0x0080      	MOVWF      INDF
0x0120	0x0A84      	INCF       FSR, 1
0x0121	0x3065      	MOVLW      101
0x0122	0x0080      	MOVWF      INDF
0x0123	0x0A84      	INCF       FSR, 1
0x0124	0x3061      	MOVLW      97
0x0125	0x0080      	MOVWF      INDF
0x0126	0x0A84      	INCF       FSR, 1
0x0127	0x3073      	MOVLW      115
0x0128	0x0080      	MOVWF      INDF
0x0129	0x0A84      	INCF       FSR, 1
0x012A	0x3074      	MOVLW      116
0x012B	0x0080      	MOVWF      INDF
0x012C	0x0A84      	INCF       FSR, 1
0x012D	0x3065      	MOVLW      101
0x012E	0x0080      	MOVWF      INDF
0x012F	0x0A84      	INCF       FSR, 1
0x0130	0x3063      	MOVLW      99
0x0131	0x0080      	MOVWF      INDF
0x0132	0x0A84      	INCF       FSR, 1
0x0133	0x3068      	MOVLW      104
0x0134	0x0080      	MOVWF      INDF
0x0135	0x0A84      	INCF       FSR, 1
0x0136	0x306E      	MOVLW      110
0x0137	0x0080      	MOVWF      INDF
0x0138	0x0A84      	INCF       FSR, 1
0x0139	0x306F      	MOVLW      111
0x013A	0x0080      	MOVWF      INDF
0x013B	0x0A84      	INCF       FSR, 1
0x013C	0x306C      	MOVLW      108
0x013D	0x0080      	MOVWF      INDF
0x013E	0x0A84      	INCF       FSR, 1
0x013F	0x306F      	MOVLW      111
0x0140	0x0080      	MOVWF      INDF
0x0141	0x0A84      	INCF       FSR, 1
0x0142	0x3067      	MOVLW      103
0x0143	0x0080      	MOVWF      INDF
0x0144	0x0A84      	INCF       FSR, 1
0x0145	0x3079      	MOVLW      121
0x0146	0x0080      	MOVWF      INDF
0x0147	0x0A84      	INCF       FSR, 1
0x0148	0x302E      	MOVLW      46
0x0149	0x0080      	MOVWF      INDF
0x014A	0x0A84      	INCF       FSR, 1
0x014B	0x3063      	MOVLW      99
0x014C	0x0080      	MOVWF      INDF
0x014D	0x0A84      	INCF       FSR, 1
0x014E	0x306F      	MOVLW      111
0x014F	0x0080      	MOVWF      INDF
0x0150	0x0A84      	INCF       FSR, 1
0x0151	0x306D      	MOVLW      109
0x0152	0x0080      	MOVWF      INDF
0x0153	0x0A84      	INCF       FSR, 1
0x0154	0x0180      	CLRF       INDF
0x0155	0x0A84      	INCF       FSR, 1
0x0156	0x3029      	MOVLW      _main_Local_Text
0x0157	0x00BD      	MOVWF      FARG_UART1_Write_Text_uart_text
0x0158	0x2083      	CALL       _UART1_Write_Text
;SRF05_UART.mbas,86 :: 		UART1_Write(0x0a) ' escribimos el ascci de fin de cadena
0x0159	0x300A      	MOVLW      10
0x015A	0x00C0      	MOVWF      FARG_UART1_Write_data_
0x015B	0x204E      	CALL       _UART1_Write
;SRF05_UART.mbas,87 :: 		UART1_Write(0x0d) ' escribimos el ascci de enter
0x015C	0x300D      	MOVLW      13
0x015D	0x00C0      	MOVWF      FARG_UART1_Write_data_
0x015E	0x204E      	CALL       _UART1_Write
;SRF05_UART.mbas,89 :: 		while true
L__main14:
;SRF05_UART.mbas,90 :: 		valor = srf05_leer() ' leemos el valor del sensor y lo depositamos en valor
0x015F	0x20AA      	CALL       SRF05_UART_srf05_leer
0x0160	0x0870      	MOVF       R0, 0
0x0161	0x00A7      	MOVWF      _valor
0x0162	0x0871      	MOVF       R0+1, 0
0x0163	0x00A8      	MOVWF      _valor+1
;SRF05_UART.mbas,96 :: 		if (valor<130) then
0x0164	0x3000      	MOVLW      0
0x0165	0x0271      	SUBWF      R0+1, 0
0x0166	0x1D03      	BTFSS      STATUS, 2
0x0167	0x296A      	GOTO       L__main23
0x0168	0x3082      	MOVLW      130
0x0169	0x0270      	SUBWF      R0, 0
L__main23:
0x016A	0x1803      	BTFSC      STATUS, 0
0x016B	0x2975      	GOTO       L__main19
;SRF05_UART.mbas,97 :: 		UART1_Write_Text("A")
0x016C	0x3041      	MOVLW      65
0x016D	0x00A9      	MOVWF      _main_Local_Text
0x016E	0x01AA      	CLRF       _main_Local_Text+1
0x016F	0x3029      	MOVLW      _main_Local_Text
0x0170	0x00BD      	MOVWF      FARG_UART1_Write_Text_uart_text
0x0171	0x2083      	CALL       _UART1_Write_Text
;SRF05_UART.mbas,98 :: 		Delay_1sec
0x0172	0x2099      	CALL       _Delay_1sec
;SRF05_UART.mbas,99 :: 		Delay_1sec
0x0173	0x2099      	CALL       _Delay_1sec
;SRF05_UART.mbas,100 :: 		Delay_1sec
0x0174	0x2099      	CALL       _Delay_1sec
L__main19:
;SRF05_UART.mbas,102 :: 		delay_ms(500)
0x0175	0x3006      	MOVLW      6
0x0176	0x00FB      	MOVWF      R11
0x0177	0x3013      	MOVLW      19
0x0178	0x00FC      	MOVWF      R12
0x0179	0x30AD      	MOVLW      173
0x017A	0x00FD      	MOVWF      R13
L__main21:
0x017B	0x0BFD      	DECFSZ     R13, 1
0x017C	0x297B      	GOTO       L__main21
0x017D	0x0BFC      	DECFSZ     R12, 1
0x017E	0x297B      	GOTO       L__main21
0x017F	0x0BFB      	DECFSZ     R11, 1
0x0180	0x297B      	GOTO       L__main21
0x0181	0x0000      	NOP
0x0182	0x0000      	NOP
;SRF05_UART.mbas,103 :: 		wend
0x0183	0x295F      	GOTO       L__main14
0x0184	0x2984      	GOTO       $+0
; end of _main
Symbol List:
//** Routines locations **
//ADDRESS    SIZE    PROCEDURE
//----------------------------------------------
0x0004      [45]    SRF05_UART_interrupt
0x0031      [29]    _Div_16x16_U
0x004E      [10]    _UART1_Write
0x0058      [43]    _Mul_16x16_U
0x0083      [22]    _UART1_Write_Text
0x0099      [17]    _Delay_1sec
0x00AA      [46]    SRF05_UART_srf05_leer
0x00D8      [16]    _UART1_Init
0x00E8     [157]    _main
//** Variables locations ** 
//ADDRESS    SIZE    VARIABLE
//----------------------------------------------
0x0000       [1]    INDF
0x0001       [1]    TMR0
0x0002       [1]    PCL
0x0003       [0]    C_bit
0x0003       [0]    DC_bit
0x0003       [0]    RP1_bit
0x0003       [0]    Z_bit
0x0003       [0]    IRP_bit
0x0003       [0]    NOT_PD_bit
0x0003       [0]    NOT_TO_bit
0x0003       [0]    RP0_bit
0x0003       [1]    STATUS
0x0004       [1]    FSRPTR
0x0004       [1]    FSR
0x0005       [0]    RA0_bit
0x0005       [0]    RA2_bit
0x0005       [0]    RA1_bit
0x0005       [0]    RA4_bit
0x0005       [0]    RA5_bit
0x0005       [0]    RA7_bit
0x0005       [0]    RA3_bit
0x0005       [0]    RA6_bit
0x0005       [1]    PORTA
0x0006       [0]    RB1_bit
0x0006       [0]    RB2_bit
0x0006       [1]    PORTB
0x0006       [0]    RB0_bit
0x0006       [0]    RB3_bit
0x0006       [0]    RB6_bit
0x0006       [0]    RB7_bit
0x0006       [0]    RB4_bit
0x0006       [0]    RB5_bit
0x0007       [1]    PORTC
0x0007       [0]    RC2_bit
0x0007       [0]    RC3_bit
0x0007       [0]    RC0_bit
0x0007       [0]    RC1_bit
0x0007       [0]    RC6_bit
0x0007       [0]    RC7_bit
0x0007       [0]    RC4_bit
0x0007       [0]    RC5_bit
0x0009       [1]    PORTE
0x0009       [0]    RE3_bit
0x000A       [1]    PCLATH
0x000B       [0]    T0IF_bit
0x000B       [0]    RBIE_bit
0x000B       [0]    TMR0IF_bit
0x000B       [0]    RBIF_bit
0x000B       [0]    INTF_bit
0x000B       [0]    INTE_bit
0x000B       [0]    GIE_bit
0x000B       [1]    INTCON
0x000B       [0]    PEIE_bit
0x000B       [0]    TMR0IE_bit
0x000B       [0]    T0IE_bit
0x000C       [0]    CCP1IF_bit
0x000C       [0]    SSPIF_bit
0x000C       [0]    TMR2IF_bit
0x000C       [0]    TMR1IF_bit
0x000C       [1]    PIR1
0x000C       [0]    TXIF_bit
0x000C       [0]    ADIF_bit
0x000C       [0]    RCIF_bit
0x000D       [0]    BCLIF_bit
0x000D       [0]    CCP2IF_bit
0x000D       [0]    ULPWUIF_bit
0x000D       [0]    EEIF_bit
0x000D       [0]    C1IF_bit
0x000D       [0]    OSFIF_bit
0x000D       [0]    C2IF_bit
0x000D       [1]    PIR2
0x000E       [1]    TMR1L
0x000F       [1]    TMR1H
0x0010       [0]    NOT_T1SYNC_bit
0x0010       [0]    T1OSCEN_bit
0x0010       [0]    T1CKPS0_bit
0x0010       [0]    T1INSYNC_bit
0x0010       [0]    TMR1ON_bit
0x0010       [0]    TMR1CS_bit
0x0010       [0]    T1SYNC_bit
0x0010       [0]    T1CKPS1_bit
0x0010       [1]    T1CON
0x0010       [0]    T1GINV_bit
0x0010       [0]    TMR1GE_bit
0x0011       [1]    TMR2
0x0012       [0]    TOUTPS0_bit
0x0012       [0]    TOUTPS1_bit
0x0012       [0]    TMR2ON_bit
0x0012       [0]    T2CKPS1_bit
0x0012       [0]    T2CKPS0_bit
0x0012       [1]    T2CON
0x0012       [0]    TOUTPS3_bit
0x0012       [0]    TOUTPS2_bit
0x0013       [1]    SSPBUF
0x0014       [0]    SSPM2_bit
0x0014       [0]    SSPM3_bit
0x0014       [0]    SSPM0_bit
0x0014       [0]    SSPM1_bit
0x0014       [0]    CKP_bit
0x0014       [0]    WCOL_bit
0x0014       [1]    SSPCON
0x0014       [0]    SSPEN_bit
0x0014       [0]    SSPOV_bit
0x0015       [1]    CCPR1L
0x0015       [2]    CCPR1
0x0016       [1]    CCPR1H
0x0017       [0]    CCP1M2_bit
0x0017       [0]    CCP1M1_bit
0x0017       [1]    CCP1CON
0x0017       [0]    CCP1M0_bit
0x0017       [0]    DC1B1_bit
0x0017       [0]    P1M0_bit
0x0017       [0]    P1M1_bit
0x0017       [0]    CCP1X_bit
0x0017       [0]    CCP1M3_bit
0x0017       [0]    CCP1Y_bit
0x0017       [0]    DC1B0_bit
0x0018       [0]    OERR_bit
0x0018       [0]    FERR_bit
0x0018       [0]    RX9D_bit
0x0018       [1]    RCSTA
0x0018       [0]    RCD8_bit
0x0018       [0]    RC9_bit
0x0018       [0]    NOT_RC8_bit
0x0018       [0]    SPEN_bit
0x0018       [0]    RX9_bit
0x0018       [0]    CREN_bit
0x0018       [0]    ADDEN_bit
0x0018       [0]    RC8_9_bit
0x0018       [0]    SREN_bit
0x0019       [1]    TXREG
0x001A       [1]    RCREG
0x001B       [1]    CCPR2L
0x001B       [2]    CCPR2
0x001C       [1]    CCPR2H
0x001D       [0]    CCP2M1_bit
0x001D       [0]    CCP2M2_bit
0x001D       [1]    CCP2CON
0x001D       [0]    CCP2M0_bit
0x001D       [0]    CCP2M3_bit
0x001D       [0]    DC2B1_bit
0x001D       [0]    CCP2X_bit
0x001D       [0]    CCP2Y_bit
0x001D       [0]    DC2B0_bit
0x001E       [1]    ADRESH
0x001F       [0]    NOT_DONE_bit
0x001F       [0]    ADON_bit
0x001F       [0]    GO_DONE_bit
0x001F       [0]    CHS0_bit
0x001F       [0]    GO_bit
0x001F       [0]    CHS1_bit
0x001F       [0]    CHS2_bit
0x001F       [0]    ADCS1_bit
0x001F       [1]    ADCON0
0x001F       [0]    CHS3_bit
0x001F       [0]    ADCS0_bit
0x0021       [1]    ___saveSTATUS
0x0022       [1]    ___savePCLATH
0x0023       [2]    ___DoICPAddr
0x0025       [1]    _flanco
0x0026       [1]    _pulso
0x0027       [2]    _valor
0x0029      [20]    _main_Local_Text
0x003D       [1]    FARG_UART1_Write_Text_uart_text
0x003D       [2]    srf05_leer_local_result
0x003E       [1]    UART1_Write_Text_counter
0x003F       [1]    UART1_Write_Text_data_
0x0040       [1]    FARG_UART1_Write_data_
0x0070       [1]    R0
0x0071       [1]    R1
0x0072       [1]    R2
0x0073       [1]    R3
0x0074       [1]    R4
0x0075       [1]    R5
0x0076       [1]    R6
0x0077       [1]    R7
0x0078       [1]    R8
0x0079       [1]    R9
0x007A       [1]    R10
0x007B       [1]    R11
0x007C       [1]    R12
0x007D       [1]    R13
0x007E       [1]    R14
0x007F       [1]    R15
0x0081       [0]    T0SE_bit
0x0081       [0]    PSA_bit
0x0081       [0]    INTEDG_bit
0x0081       [0]    T0CS_bit
0x0081       [0]    NOT_RBPU_bit
0x0081       [0]    PS0_bit
0x0081       [1]    OPTION_REG
0x0081       [0]    PS2_bit
0x0081       [0]    PS1_bit
0x0085       [0]    TRISA4_bit
0x0085       [0]    TRISA3_bit
0x0085       [0]    TRISA5_bit
0x0085       [0]    TRISA7_bit
0x0085       [0]    TRISA6_bit
0x0085       [0]    TRISA0_bit
0x0085       [1]    TRISA
0x0085       [0]    TRISA2_bit
0x0085       [0]    TRISA1_bit
0x0086       [1]    TRISB
0x0086       [0]    TRISB2_bit
0x0086       [0]    TRISB3_bit
0x0086       [0]    TRISB0_bit
0x0086       [0]    TRISB1_bit
0x0086       [0]    TRISB6_bit
0x0086       [0]    TRISB7_bit
0x0086       [0]    TRISB4_bit
0x0086       [0]    TRISB5_bit
0x0087       [1]    TRISC
0x0087       [0]    TRISC7_bit
0x0087       [0]    TRISC2_bit
0x0087       [0]    TRISC3_bit
0x0087       [0]    TRISC0_bit
0x0087       [0]    TRISC1_bit
0x0087       [0]    TRISC6_bit
0x0087       [0]    TRISC5_bit
0x0087       [0]    TRISC4_bit
0x0089       [1]    TRISE
0x0089       [0]    TRISE3_bit
0x008C       [0]    CCP1IE_bit
0x008C       [0]    RCIE_bit
0x008C       [0]    SSPIE_bit
0x008C       [0]    TXIE_bit
0x008C       [1]    PIE1
0x008C       [0]    TMR1IE_bit
0x008C       [0]    TMR2IE_bit
0x008C       [0]    ADIE_bit
0x008D       [0]    C1IE_bit
0x008D       [0]    EEIE_bit
0x008D       [0]    C2IE_bit
0x008D       [0]    OSFIE_bit
0x008D       [1]    PIE2
0x008D       [0]    BCLIE_bit
0x008D       [0]    ULPWUIE_bit
0x008D       [0]    CCP2IE_bit
0x008E       [0]    NOT_POR_bit
0x008E       [0]    NOT_BO_bit
0x008E       [0]    NOT_BOR_bit
0x008E       [0]    SBOREN_bit
0x008E       [1]    PCON
0x008E       [0]    ULPWUE_bit
0x008F       [1]    OSCCON
0x008F       [0]    HTS_bit
0x008F       [0]    LTS_bit
0x008F       [0]    SCS_bit
0x008F       [0]    IRCF1_bit
0x008F       [0]    IRCF0_bit
0x008F       [0]    OSTS_bit
0x008F       [0]    IRCF2_bit
0x0090       [0]    TUN1_bit
0x0090       [0]    TUN0_bit
0x0090       [0]    TUN2_bit
0x0090       [0]    TUN4_bit
0x0090       [0]    TUN3_bit
0x0090       [1]    OSCTUNE
0x0091       [0]    RCEN_bit
0x0091       [0]    PEN_bit
0x0091       [0]    ACKEN_bit
0x0091       [0]    ACKSTAT_bit
0x0091       [1]    SSPCON2
0x0091       [0]    RSEN_bit
0x0091       [0]    SEN_bit
0x0091       [0]    GCEN_bit
0x0091       [0]    ACKDT_bit
0x0092       [1]    PR2
0x0093       [1]    SSPMSK
0x0093       [1]    SSPADD
0x0093       [1]    MSK
0x0094       [0]    R_bit
0x0094       [0]    I2C_START__bit
0x0094       [0]    BF_bit
0x0094       [0]    NOT_A_bit
0x0094       [0]    CKE_bit
0x0094       [0]    SMP_bit
0x0094       [0]    D_bit
0x0094       [1]    SSPSTAT
0x0094       [0]    S_bit
0x0094       [0]    UA_bit
0x0094       [0]    NOT_WRITE_bit
0x0094       [0]    DATA_ADDRESS_bit
0x0094       [0]    D_A_bit
0x0094       [0]    P_bit
0x0094       [0]    R_W_bit
0x0094       [0]    I2C_STOP__bit
0x0094       [0]    I2C_READ_bit
0x0094       [0]    NOT_ADDRESS_bit
0x0094       [0]    I2C_DATA_bit
0x0094       [0]    NOT_W_bit
0x0094       [0]    READ_WRITE_bit
0x0095       [0]    WPUB4_bit
0x0095       [0]    WPUB5_bit
0x0095       [1]    WPUB
0x0095       [0]    WPUB2_bit
0x0095       [0]    WPUB0_bit
0x0095       [0]    WPUB7_bit
0x0095       [0]    WPUB1_bit
0x0095       [0]    WPUB6_bit
0x0095       [0]    WPUB3_bit
0x0096       [0]    IOCB7_bit
0x0096       [0]    IOCB6_bit
0x0096       [0]    IOCB5_bit
0x0096       [0]    IOCB1_bit
0x0096       [0]    IOCB0_bit
0x0096       [1]    IOCB
0x0096       [0]    IOCB4_bit
0x0096       [0]    IOCB3_bit
0x0096       [0]    IOCB2_bit
0x0097       [1]    VRCON
0x0097       [0]    VR3_bit
0x0097       [0]    VRSS_bit
0x0097       [0]    VR2_bit
0x0097       [0]    VR1_bit
0x0097       [0]    VR0_bit
0x0097       [0]    VREN_bit
0x0097       [0]    VRR_bit
0x0097       [0]    VROE_bit
0x0098       [0]    TXEN_bit
0x0098       [0]    TX8_9_bit
0x0098       [0]    NOT_TX8_bit
0x0098       [0]    TX9_bit
0x0098       [0]    CSRC_bit
0x0098       [0]    SENDB_bit
0x0098       [0]    BRGH_bit
0x0098       [1]    TXSTA
0x0098       [0]    SYNC_bit
0x0098       [0]    TX9D_bit
0x0098       [0]    TXD8_bit
0x0098       [0]    TRMT_bit
0x0099       [1]    SPBRG
0x0099       [0]    BRG0_bit
0x0099       [0]    BRG1_bit
0x0099       [0]    BRG6_bit
0x0099       [0]    BRG7_bit
0x0099       [0]    BRG5_bit
0x0099       [0]    BRG3_bit
0x0099       [0]    BRG2_bit
0x0099       [0]    BRG4_bit
0x009A       [0]    BRG10_bit
0x009A       [1]    SPBRGH
0x009A       [0]    BRG8_bit
0x009A       [0]    BRG9_bit
0x009A       [0]    BRG13_bit
0x009A       [0]    BRG14_bit
0x009A       [0]    BRG12_bit
0x009A       [0]    BRG11_bit
0x009A       [0]    BRG15_bit
0x009B       [0]    PDC1_bit
0x009B       [0]    PDC2_bit
0x009B       [1]    PWM1CON
0x009B       [0]    PDC0_bit
0x009B       [0]    PDC6_bit
0x009B       [0]    PRSEN_bit
0x009B       [0]    PDC5_bit
0x009B       [0]    PDC3_bit
0x009B       [0]    PDC4_bit
0x009C       [0]    PSSBD1_bit
0x009C       [0]    PSSAC0_bit
0x009C       [1]    ECCPAS
0x009C       [0]    PSSBD0_bit
0x009C       [0]    ECCPAS2_bit
0x009C       [0]    ECCPASE_bit
0x009C       [0]    ECCPAS1_bit
0x009C       [0]    PSSAC1_bit
0x009C       [0]    ECCPAS0_bit
0x009D       [0]    STRA_bit
0x009D       [1]    PSTRCON
0x009D       [0]    STRD_bit
0x009D       [0]    STRSYNC_bit
0x009D       [0]    STRB_bit
0x009D       [0]    STRC_bit
0x009E       [1]    ADRESL
0x009F       [0]    VCFG1_bit
0x009F       [0]    ADFM_bit
0x009F       [1]    ADCON1
0x009F       [0]    VCFG0_bit
0x0105       [0]    WDTPS0_bit
0x0105       [0]    SWDTEN_bit
0x0105       [0]    WDTPS1_bit
0x0105       [0]    WDTPS3_bit
0x0105       [0]    WDTPS2_bit
0x0105       [1]    WDTCON
0x0107       [1]    CM1CON0
0x0107       [0]    C1ON_bit
0x0107       [0]    C1CH0_bit
0x0107       [0]    C1CH1_bit
0x0107       [0]    C1OE_bit
0x0107       [0]    C1OUT_bit
0x0107       [0]    C1R_bit
0x0107       [0]    C1POL_bit
0x0108       [0]    C2OUT_bit
0x0108       [0]    C2ON_bit
0x0108       [0]    C2OE_bit
0x0108       [0]    C2CH1_bit
0x0108       [0]    C2CH0_bit
0x0108       [0]    C2POL_bit
0x0108       [0]    C2R_bit
0x0108       [1]    CM2CON0
0x0109       [0]    MC2OUT_bit
0x0109       [0]    MC1OUT_bit
0x0109       [1]    CM2CON1
0x0109       [0]    T1GSS_bit
0x0109       [0]    C2SYNC_bit
0x0109       [0]    C1RSEL_bit
0x0109       [0]    C2RSEL_bit
0x010C       [1]    EEDAT
0x010C       [1]    EEDATA
0x010D       [1]    EEADR
0x010E       [1]    EEDATH
0x010F       [1]    EEADRH
0x0185       [0]    C2REN_bit
0x0185       [0]    C1SEN_bit
0x0185       [0]    FVREN_bit
0x0185       [0]    PULSS_bit
0x0185       [0]    PULSR_bit
0x0185       [1]    SRCON
0x0185       [0]    SR1_bit
0x0185       [0]    SR0_bit
0x0187       [0]    BRG16_bit
0x0187       [0]    SCKP_bit
0x0187       [0]    ABDEN_bit
0x0187       [0]    WUE_bit
0x0187       [1]    BAUDCTL
0x0187       [0]    ABDOVF_bit
0x0187       [0]    RCIDL_bit
0x0188       [0]    ANS2_bit
0x0188       [0]    ANS1_bit
0x0188       [0]    ANS0_bit
0x0188       [1]    ANSEL
0x0188       [0]    ANS4_bit
0x0188       [0]    ANS3_bit
0x0189       [0]    ANS10_bit
0x0189       [0]    ANS9_bit
0x0189       [0]    ANS8_bit
0x0189       [0]    ANS11_bit
0x0189       [1]    ANSELH
0x0189       [0]    ANS13_bit
0x0189       [0]    ANS12_bit
0x018C       [0]    EEPGD_bit
0x018C       [0]    RD_bit
0x018C       [1]    EECON1
0x018C       [0]    WR_bit
0x018C       [0]    WRERR_bit
0x018C       [0]    WREN_bit
0x018D       [1]    EECON2
//** Label List: ** 
//----------------------------------------------
  L_end_SRF05_UART_interrupt
  L_SRF05_UART_interrupt1
  L_SRF05_UART_interrupt2
  L_SRF05_UART_interrupt3
  L_SRF05_UART_interrupt4
  L_SRF05_UART_interrupt5
  L_SRF05_UART_interrupt6
  L_SRF05_UART_interrupt7
  L_end_SRF05_UART_srf05_leer
  L_SRF05_UART_srf05_leer9
  L_SRF05_UART_srf05_leer10
  L_end__main
  L__main12
  L__main13
  L__main14
  L__main15
  L__main16
  L__main17
  L__main18
  L__main19
  L__main20
  L__main21
  SRF05_UART_interrupt
  L_SRF05_UART_interrupt22
  SRF05_UART_srf05_leer
  _main
  L__main23
  L_end__Get_Fosc_kHz
  L_end__Delay_1us
  L_end__Delay_10us
  L__Delay_10us3
  L_end__Delay_22us
  L__Delay_22us5
  L_end__Delay_50us
  L__Delay_50us7
  L_end__Delay_80us
  L__Delay_80us9
  L_end__Delay_500us
  L__Delay_500us11
  L_end__Delay_5500us
  L__Delay_5500us13
  L_end__Delay_5ms
  L__Delay_5ms15
  L_end__Delay_8ms
  L__Delay_8ms17
  L_end__Delay_10ms
  L__Delay_10ms19
  L_end__Delay_100ms
  L__Delay_100ms21
  L_end__Delay_1sec
  L__Delay_1sec23
  L_end__Delay_Cyc
  L__Delay_Cyc25
  L__Delay_Cyc26
  L__Delay_Cyc27
  L__Delay_Cyc28
  L__Delay_Cyc29
  L_end__VDelay_ms
  L__VDelay_ms31
  L__VDelay_ms32
  L__VDelay_ms33
  L__VDelay_ms34
  L__VDelay_ms35
  L__VDelay_ms36
  L__VDelay_ms37
  L__VDelay_ms38
  L_end__VDelay_Advanced_ms
  L__VDelay_Advanced_ms40
  L__VDelay_Advanced_ms41
  L__VDelay_Advanced_ms42
  L__VDelay_Advanced_ms43
  L__VDelay_Advanced_ms44
  L__VDelay_Advanced_ms45
  L__VDelay_Advanced_ms46
  L__VDelay_Advanced_ms47
  _Get_Fosc_kHz
  _Delay_1us
  _Delay_10us
  _Delay_22us
  _Delay_50us
  _Delay_80us
  _Delay_500us
  _Delay_5500us
  _Delay_5ms
  _Delay_8ms
  _Delay_10ms
  _Delay_100ms
  _Delay_1sec
  _Delay_Cyc
  _VDelay_ms
  L__VDelay_ms48
  L__VDelay_ms49
  L__VDelay_ms50
  L__VDelay_ms51
  _VDelay_Advanced_ms
  L__VDelay_Advanced_ms52
  L__VDelay_Advanced_ms53
  L__VDelay_Advanced_ms54
  L__VDelay_Advanced_ms55
  L_end__Mul_8x8_U
  L_end__Mul_16x16_U
  L_end__Div_8x8_U
  L__Div_8x8_U3
  L__Div_8x8_U4
  L__Div_8x8_U5
  L_end__Div_16x16_U
  L_end__Mul_8x8_S
  L_end__Mul_16x16_S
  L_end__Div_16x16_S_L
  L_end__Div_16x16_S
  L__Div_16x16_S11
  L__Div_16x16_S12
  L__Div_16x16_S13
  L__Div_16x16_S14
  L__Div_16x16_S15
  L__Div_16x16_S16
  L_end__Div_8x8_S
  L_end__SDIV3232L
  LOOPS3232A
  SADD22LA
  SOK22LA
  SADD22L8
  SOK22L8
  LOOPS3232B
  SADD22LB
  SOK22LB
  SADD22L16
  SOK22L16
  LOOPS3232C
  SADD22LC
  SOK22LC
  SADD22L24
  SOK22L24
  LOOPS3232D
  SADD22LD
  SOK22LD
  SOK22L
  L_end__COMFREM
  L_end__Div_32x32_S
  L__Div_32x32_S25
  L__Div_32x32_S26
  L__Div_32x32_S27
  L__Div_32x32_S28
  L__Div_32x32_S29
  L__Div_32x32_S30
  L__Div_32x32_S31
  L__Div_32x32_S32
  L__Div_32x32_S33
  L__Div_32x32_S34
  L__Div_32x32_S35
  L__Div_32x32_S36
  FXD3232S
  END_ALL
  CA3232S
  C3232SX
  C3232SX1
  C3232S
  C3232S2
  C3232SX4
  C3232SOK
  C3232SX3
  C3232SX2
  avoid_comfrem
  L_end__Div_32x32_U
  LOOPU3232A
  UADD22LA
  UOK22LA
  UADD22L8
  UOK22L8
  LOOPU3232B
  UADD22LB
  UOK22LB
  UADD22L16
  UOK22L16
  LOOPU3232C
  UADD22LC
  UOK22LC
  UADD22L24
  UOK22L24
  LOOPU3232D
  UADD22LD
  UOK22LD
  UOK22L
  L_end__Mul_32x32_U
  _NEXT
  _EXIT2
  _LOOP
  _EXIT1
  L_end__Mul_32x32_S
  _IF_FIRST
  _IF_SECOND
  _INVERCE_FIRST
  _MULT
  _INBERSE_SECOND
  _EXIT
  _Mul_8x8_U
  _Mul_16x16_U
  _Div_8x8_U
  _Div_16x16_U
  _Mul_8x8_S
  _Mul_16x16_S
  _Div_16x16_S_L
  _Div_16x16_S
  _Div_8x8_S
  _SDIV3232L
  _COMFREM
  _Div_32x32_S
  _Div_32x32_U
  _Mul_32x32_U
  _Mul_32x32_S
  L_end__UART1_Init
  L__UART1_Init1
  L__UART1_Init2
  L__UART1_Init3
  L__UART1_Init4
  L__UART1_Init5
  L_end__UART1_Data_Ready
  L_end__UART1_Read
  L__UART1_Read8
  L__UART1_Read9
  L__UART1_Read10
  L_end__UART1_TX_Idle
  L_end__UART1_Write
  L__UART1_Write13
  L__UART1_Write14
  L__UART1_Write15
  L__UART1_Write16
  L__UART1_Write17
  L_end__UART1_Write_Text
  L__UART1_Write_Text19
  L__UART1_Write_Text20
  L__UART1_Write_Text21
  L__UART1_Write_Text22
  L__UART1_Write_Text23
  L_end__UART1_Read_Text
  L__UART1_Read_Text25
  L__UART1_Read_Text26
  L__UART1_Read_Text27
  L__UART1_Read_Text28
  L__UART1_Read_Text29
  L__UART1_Read_Text30
  L__UART1_Read_Text31
  L__UART1_Read_Text32
  L__UART1_Read_Text33
  L__UART1_Read_Text34
  L__UART1_Read_Text35
  L__UART1_Read_Text36
  L__UART1_Read_Text37
  L__UART1_Read_Text38
  L__UART1_Read_Text39
  L__UART1_Read_Text40
  L__UART1_Read_Text41
  L__UART1_Read_Text42
  L__UART1_Read_Text43
  L__UART1_Read_Text44
  L__UART1_Read_Text45
  L__UART1_Read_Text46
  _UART1_Init
  _UART1_Data_Ready
  _UART1_Read
  _UART1_TX_Idle
  _UART1_Write
  _UART1_Write_Text
  _UART1_Read_Text
  L_end_SRF05_UART_interrupt
  L_SRF05_UART_interrupt1
  L_SRF05_UART_interrupt2
  L_SRF05_UART_interrupt3
  L_SRF05_UART_interrupt4
  L_SRF05_UART_interrupt5
  L_SRF05_UART_interrupt6
  L_SRF05_UART_interrupt7
  L_end_SRF05_UART_srf05_leer
  L_SRF05_UART_srf05_leer9
  L_SRF05_UART_srf05_leer10
  L_end__main
  L__main12
  L__main13
  L__main14
  L__main15
  L__main16
  L__main17
  L__main18
  L__main19
  L__main20
  L__main21
  SRF05_UART_interrupt
  L_SRF05_UART_interrupt22
  SRF05_UART_srf05_leer
  _main
  L__main23
