;  LST file generated by mikroListExporter - v.2.0 
; Date/Time: 02/01/2013 13:04:24
;----------------------------------------------

;Address Opcode 	ASM
0x0000	0x2915      	GOTO       277
prueba_Sabertooth_2x60_interrupt:
0x0004	0x00FF      	MOVWF      R15
0x0005	0x0E03      	SWAPF      STATUS, 0
0x0006	0x0183      	CLRF       STATUS
0x0007	0x00A1      	MOVWF      ___saveSTATUS
0x0008	0x080A      	MOVF       PCLATH, 0
0x0009	0x00AC      	MOVWF      ___savePCLATH
0x000A	0x018A      	CLRF       PCLATH
0x000B	0x0870      	MOVF       R0, 0
0x000C	0x00A0      	MOVWF      32
;prueba_Sabertooth_2x60.mbas,8 :: 		sub procedure interrupt
;prueba_Sabertooth_2x60.mbas,12 :: 		if (PIR1.RCIF=1) then
0x000D	0x1E8C      	BTFSS      PIR1, 5
0x000E	0x286D      	GOTO       L_prueba_Sabertooth_2x60_interrupt2
;prueba_Sabertooth_2x60.mbas,13 :: 		PIR1.RCIF=0
0x000F	0x128C      	BCF        PIR1, 5
;prueba_Sabertooth_2x60.mbas,20 :: 		dato_recep = UART1_Read()
0x0010	0x2105      	CALL       _UART1_Read
0x0011	0x0870      	MOVF       R0, 0
0x0012	0x00AD      	MOVWF      _dato_recep
;prueba_Sabertooth_2x60.mbas,23 :: 		case 0
0x0013	0x0831      	MOVF       _viajero, 0
0x0014	0x3A00      	XORLW      0
0x0015	0x1D03      	BTFSS      STATUS, 2
0x0016	0x2820      	GOTO       L_prueba_Sabertooth_2x60_interrupt7
;prueba_Sabertooth_2x60.mbas,24 :: 		if dato_recep = "I" then ' I
0x0017	0x082D      	MOVF       _dato_recep, 0
0x0018	0x3A49      	XORLW      73
0x0019	0x1D03      	BTFSS      STATUS, 2
0x001A	0x281E      	GOTO       L_prueba_Sabertooth_2x60_interrupt9
;prueba_Sabertooth_2x60.mbas,25 :: 		viajero = 1
0x001B	0x3001      	MOVLW      1
0x001C	0x00B1      	MOVWF      _viajero
0x001D	0x281F      	GOTO       L_prueba_Sabertooth_2x60_interrupt10
;prueba_Sabertooth_2x60.mbas,26 :: 		else
L_prueba_Sabertooth_2x60_interrupt9:
;prueba_Sabertooth_2x60.mbas,27 :: 		viajero = 0
0x001E	0x01B1      	CLRF       _viajero
;prueba_Sabertooth_2x60.mbas,28 :: 		end if
L_prueba_Sabertooth_2x60_interrupt10:
0x001F	0x286D      	GOTO       L_prueba_Sabertooth_2x60_interrupt4
L_prueba_Sabertooth_2x60_interrupt7:
;prueba_Sabertooth_2x60.mbas,29 :: 		case 1
0x0020	0x0831      	MOVF       _viajero, 0
0x0021	0x3A01      	XORLW      1
0x0022	0x1D03      	BTFSS      STATUS, 2
0x0023	0x282D      	GOTO       L_prueba_Sabertooth_2x60_interrupt13
;prueba_Sabertooth_2x60.mbas,30 :: 		if dato_recep = "&" then
0x0024	0x082D      	MOVF       _dato_recep, 0
0x0025	0x3A26      	XORLW      38
0x0026	0x1D03      	BTFSS      STATUS, 2
0x0027	0x282B      	GOTO       L_prueba_Sabertooth_2x60_interrupt15
;prueba_Sabertooth_2x60.mbas,31 :: 		viajero = 2
0x0028	0x3002      	MOVLW      2
0x0029	0x00B1      	MOVWF      _viajero
0x002A	0x282C      	GOTO       L_prueba_Sabertooth_2x60_interrupt16
;prueba_Sabertooth_2x60.mbas,32 :: 		else
L_prueba_Sabertooth_2x60_interrupt15:
;prueba_Sabertooth_2x60.mbas,33 :: 		viajero=0
0x002B	0x01B1      	CLRF       _viajero
;prueba_Sabertooth_2x60.mbas,34 :: 		end if
L_prueba_Sabertooth_2x60_interrupt16:
0x002C	0x286D      	GOTO       L_prueba_Sabertooth_2x60_interrupt4
L_prueba_Sabertooth_2x60_interrupt13:
;prueba_Sabertooth_2x60.mbas,35 :: 		case 2
0x002D	0x0831      	MOVF       _viajero, 0
0x002E	0x3A02      	XORLW      2
0x002F	0x1D03      	BTFSS      STATUS, 2
0x0030	0x283A      	GOTO       L_prueba_Sabertooth_2x60_interrupt19
;prueba_Sabertooth_2x60.mbas,36 :: 		if dato_recep = "T" then
0x0031	0x082D      	MOVF       _dato_recep, 0
0x0032	0x3A54      	XORLW      84
0x0033	0x1D03      	BTFSS      STATUS, 2
0x0034	0x2838      	GOTO       L_prueba_Sabertooth_2x60_interrupt21
;prueba_Sabertooth_2x60.mbas,37 :: 		viajero = 3
0x0035	0x3003      	MOVLW      3
0x0036	0x00B1      	MOVWF      _viajero
0x0037	0x2839      	GOTO       L_prueba_Sabertooth_2x60_interrupt22
;prueba_Sabertooth_2x60.mbas,38 :: 		else
L_prueba_Sabertooth_2x60_interrupt21:
;prueba_Sabertooth_2x60.mbas,39 :: 		viajero=0
0x0038	0x01B1      	CLRF       _viajero
;prueba_Sabertooth_2x60.mbas,40 :: 		end if
L_prueba_Sabertooth_2x60_interrupt22:
0x0039	0x286D      	GOTO       L_prueba_Sabertooth_2x60_interrupt4
L_prueba_Sabertooth_2x60_interrupt19:
;prueba_Sabertooth_2x60.mbas,42 :: 		case 3
0x003A	0x0831      	MOVF       _viajero, 0
0x003B	0x3A03      	XORLW      3
0x003C	0x1D03      	BTFSS      STATUS, 2
0x003D	0x2843      	GOTO       L_prueba_Sabertooth_2x60_interrupt25
;prueba_Sabertooth_2x60.mbas,43 :: 		comando[1] = dato_recep    'ADELANTE
0x003E	0x082D      	MOVF       _dato_recep, 0
0x003F	0x00A3      	MOVWF      _comando+1
;prueba_Sabertooth_2x60.mbas,44 :: 		viajero=4
0x0040	0x3004      	MOVLW      4
0x0041	0x00B1      	MOVWF      _viajero
0x0042	0x286D      	GOTO       L_prueba_Sabertooth_2x60_interrupt4
L_prueba_Sabertooth_2x60_interrupt25:
;prueba_Sabertooth_2x60.mbas,45 :: 		case 4
0x0043	0x0831      	MOVF       _viajero, 0
0x0044	0x3A04      	XORLW      4
0x0045	0x1D03      	BTFSS      STATUS, 2
0x0046	0x284C      	GOTO       L_prueba_Sabertooth_2x60_interrupt28
;prueba_Sabertooth_2x60.mbas,46 :: 		comando[2] = dato_recep    'ATRAS
0x0047	0x082D      	MOVF       _dato_recep, 0
0x0048	0x00A4      	MOVWF      _comando+2
;prueba_Sabertooth_2x60.mbas,47 :: 		viajero=5
0x0049	0x3005      	MOVLW      5
0x004A	0x00B1      	MOVWF      _viajero
0x004B	0x286D      	GOTO       L_prueba_Sabertooth_2x60_interrupt4
L_prueba_Sabertooth_2x60_interrupt28:
;prueba_Sabertooth_2x60.mbas,48 :: 		case 5
0x004C	0x0831      	MOVF       _viajero, 0
0x004D	0x3A05      	XORLW      5
0x004E	0x1D03      	BTFSS      STATUS, 2
0x004F	0x2855      	GOTO       L_prueba_Sabertooth_2x60_interrupt31
;prueba_Sabertooth_2x60.mbas,49 :: 		comando[3] = dato_recep    'IZQUIERDA
0x0050	0x082D      	MOVF       _dato_recep, 0
0x0051	0x00A5      	MOVWF      _comando+3
;prueba_Sabertooth_2x60.mbas,50 :: 		viajero=6
0x0052	0x3006      	MOVLW      6
0x0053	0x00B1      	MOVWF      _viajero
0x0054	0x286D      	GOTO       L_prueba_Sabertooth_2x60_interrupt4
L_prueba_Sabertooth_2x60_interrupt31:
;prueba_Sabertooth_2x60.mbas,51 :: 		case 6
0x0055	0x0831      	MOVF       _viajero, 0
0x0056	0x3A06      	XORLW      6
0x0057	0x1D03      	BTFSS      STATUS, 2
0x0058	0x285E      	GOTO       L_prueba_Sabertooth_2x60_interrupt34
;prueba_Sabertooth_2x60.mbas,52 :: 		comando[4] = dato_recep    'DERECHA
0x0059	0x082D      	MOVF       _dato_recep, 0
0x005A	0x00A6      	MOVWF      _comando+4
;prueba_Sabertooth_2x60.mbas,53 :: 		viajero=7
0x005B	0x3007      	MOVLW      7
0x005C	0x00B1      	MOVWF      _viajero
0x005D	0x286D      	GOTO       L_prueba_Sabertooth_2x60_interrupt4
L_prueba_Sabertooth_2x60_interrupt34:
;prueba_Sabertooth_2x60.mbas,54 :: 		case 7
0x005E	0x0831      	MOVF       _viajero, 0
0x005F	0x3A07      	XORLW      7
0x0060	0x1D03      	BTFSS      STATUS, 2
0x0061	0x2867      	GOTO       L_prueba_Sabertooth_2x60_interrupt37
;prueba_Sabertooth_2x60.mbas,55 :: 		comando[5] = dato_recep    'ATRAS
0x0062	0x082D      	MOVF       _dato_recep, 0
0x0063	0x00A7      	MOVWF      _comando+5
;prueba_Sabertooth_2x60.mbas,56 :: 		viajero = 8
0x0064	0x3008      	MOVLW      8
0x0065	0x00B1      	MOVWF      _viajero
0x0066	0x286D      	GOTO       L_prueba_Sabertooth_2x60_interrupt4
L_prueba_Sabertooth_2x60_interrupt37:
;prueba_Sabertooth_2x60.mbas,57 :: 		case 8
0x0067	0x0831      	MOVF       _viajero, 0
0x0068	0x3A08      	XORLW      8
0x0069	0x1D03      	BTFSS      STATUS, 2
0x006A	0x286D      	GOTO       L_prueba_Sabertooth_2x60_interrupt40
;prueba_Sabertooth_2x60.mbas,58 :: 		viajero=0
0x006B	0x01B1      	CLRF       _viajero
0x006C	0x286D      	GOTO       L_prueba_Sabertooth_2x60_interrupt4
L_prueba_Sabertooth_2x60_interrupt40:
L_prueba_Sabertooth_2x60_interrupt4:
;prueba_Sabertooth_2x60.mbas,60 :: 		end select
L_prueba_Sabertooth_2x60_interrupt2:
;prueba_Sabertooth_2x60.mbas,62 :: 		INTCON=0XE0
0x006D	0x30E0      	MOVLW      224
0x006E	0x008B      	MOVWF      INTCON
;prueba_Sabertooth_2x60.mbas,63 :: 		PIE1.RCIE=1
0x006F	0x1683      	BSF        STATUS, 5
0x0070	0x168C      	BSF        PIE1, 5
;prueba_Sabertooth_2x60.mbas,64 :: 		PIR1.RCIF=0
0x0071	0x1283      	BCF        STATUS, 5
0x0072	0x128C      	BCF        PIR1, 5
L_prueba_Sabertooth_2x60_interrupt85:
0x0073	0x0820      	MOVF       32, 0
0x0074	0x00F0      	MOVWF      R0
0x0075	0x082C      	MOVF       ___savePCLATH, 0
0x0076	0x008A      	MOVWF      PCLATH
0x0077	0x0E21      	SWAPF      ___saveSTATUS, 0
0x0078	0x0083      	MOVWF      STATUS
0x0079	0x0EFF      	SWAPF      R15, 1
0x007A	0x0E7F      	SWAPF      R15, 0
0x007B	0x0009      	RETFIE
; end of prueba_Sabertooth_2x60_interrupt
prueba_Sabertooth_2x60_atras_m1:
;prueba_Sabertooth_2x60.mbas,99 :: 		sub procedure atras_m1()
;prueba_Sabertooth_2x60.mbas,100 :: 		PORTB.RB0=1
0x007C	0x1283      	BCF        STATUS, 5
0x007D	0x1303      	BCF        STATUS, 6
0x007E	0x1406      	BSF        PORTB, 0
;prueba_Sabertooth_2x60.mbas,101 :: 		Delay_us(2000)
0x007F	0x3003      	MOVLW      3
0x0080	0x00FC      	MOVWF      R12
0x0081	0x3097      	MOVLW      151
0x0082	0x00FD      	MOVWF      R13
L_prueba_Sabertooth_2x60_atras_m157:
0x0083	0x0BFD      	DECFSZ     R13, 1
0x0084	0x2883      	GOTO       L_prueba_Sabertooth_2x60_atras_m157
0x0085	0x0BFC      	DECFSZ     R12, 1
0x0086	0x2883      	GOTO       L_prueba_Sabertooth_2x60_atras_m157
0x0087	0x0000      	NOP
0x0088	0x0000      	NOP
;prueba_Sabertooth_2x60.mbas,102 :: 		PORTB.RB0=0
0x0089	0x1006      	BCF        PORTB, 0
;prueba_Sabertooth_2x60.mbas,103 :: 		Delay_us(3000)
0x008A	0x3004      	MOVLW      4
0x008B	0x00FC      	MOVWF      R12
0x008C	0x30E4      	MOVLW      228
0x008D	0x00FD      	MOVWF      R13
L_prueba_Sabertooth_2x60_atras_m158:
0x008E	0x0BFD      	DECFSZ     R13, 1
0x008F	0x288E      	GOTO       L_prueba_Sabertooth_2x60_atras_m158
0x0090	0x0BFC      	DECFSZ     R12, 1
0x0091	0x288E      	GOTO       L_prueba_Sabertooth_2x60_atras_m158
0x0092	0x0000      	NOP
0x0093	0x0008      	RETURN
; end of prueba_Sabertooth_2x60_atras_m1
prueba_Sabertooth_2x60_adelante_m2:
;prueba_Sabertooth_2x60.mbas,72 :: 		sub procedure adelante_m2()
;prueba_Sabertooth_2x60.mbas,73 :: 		PORTB.RB1=1
0x0094	0x1283      	BCF        STATUS, 5
0x0095	0x1303      	BCF        STATUS, 6
0x0096	0x1486      	BSF        PORTB, 1
;prueba_Sabertooth_2x60.mbas,74 :: 		Delay_us(1000)
0x0097	0x3002      	MOVLW      2
0x0098	0x00FC      	MOVWF      R12
0x0099	0x304B      	MOVLW      75
0x009A	0x00FD      	MOVWF      R13
L_prueba_Sabertooth_2x60_adelante_m245:
0x009B	0x0BFD      	DECFSZ     R13, 1
0x009C	0x289B      	GOTO       L_prueba_Sabertooth_2x60_adelante_m245
0x009D	0x0BFC      	DECFSZ     R12, 1
0x009E	0x289B      	GOTO       L_prueba_Sabertooth_2x60_adelante_m245
;prueba_Sabertooth_2x60.mbas,75 :: 		PORTB.RB1=0
0x009F	0x1086      	BCF        PORTB, 1
;prueba_Sabertooth_2x60.mbas,76 :: 		Delay_us(4000)
0x00A0	0x3006      	MOVLW      6
0x00A1	0x00FC      	MOVWF      R12
0x00A2	0x3030      	MOVLW      48
0x00A3	0x00FD      	MOVWF      R13
L_prueba_Sabertooth_2x60_adelante_m246:
0x00A4	0x0BFD      	DECFSZ     R13, 1
0x00A5	0x28A4      	GOTO       L_prueba_Sabertooth_2x60_adelante_m246
0x00A6	0x0BFC      	DECFSZ     R12, 1
0x00A7	0x28A4      	GOTO       L_prueba_Sabertooth_2x60_adelante_m246
0x00A8	0x0000      	NOP
0x00A9	0x0008      	RETURN
; end of prueba_Sabertooth_2x60_adelante_m2
prueba_Sabertooth_2x60_atras_m2:
;prueba_Sabertooth_2x60.mbas,106 :: 		sub procedure atras_m2()
;prueba_Sabertooth_2x60.mbas,107 :: 		PORTB.RB1=1
0x00AA	0x1283      	BCF        STATUS, 5
0x00AB	0x1303      	BCF        STATUS, 6
0x00AC	0x1486      	BSF        PORTB, 1
;prueba_Sabertooth_2x60.mbas,108 :: 		Delay_us(2000)
0x00AD	0x3003      	MOVLW      3
0x00AE	0x00FC      	MOVWF      R12
0x00AF	0x3097      	MOVLW      151
0x00B0	0x00FD      	MOVWF      R13
L_prueba_Sabertooth_2x60_atras_m260:
0x00B1	0x0BFD      	DECFSZ     R13, 1
0x00B2	0x28B1      	GOTO       L_prueba_Sabertooth_2x60_atras_m260
0x00B3	0x0BFC      	DECFSZ     R12, 1
0x00B4	0x28B1      	GOTO       L_prueba_Sabertooth_2x60_atras_m260
0x00B5	0x0000      	NOP
0x00B6	0x0000      	NOP
;prueba_Sabertooth_2x60.mbas,109 :: 		PORTB.RB1=0
0x00B7	0x1086      	BCF        PORTB, 1
;prueba_Sabertooth_2x60.mbas,110 :: 		Delay_us(3000)
0x00B8	0x3004      	MOVLW      4
0x00B9	0x00FC      	MOVWF      R12
0x00BA	0x30E4      	MOVLW      228
0x00BB	0x00FD      	MOVWF      R13
L_prueba_Sabertooth_2x60_atras_m261:
0x00BC	0x0BFD      	DECFSZ     R13, 1
0x00BD	0x28BC      	GOTO       L_prueba_Sabertooth_2x60_atras_m261
0x00BE	0x0BFC      	DECFSZ     R12, 1
0x00BF	0x28BC      	GOTO       L_prueba_Sabertooth_2x60_atras_m261
0x00C0	0x0000      	NOP
0x00C1	0x0008      	RETURN
; end of prueba_Sabertooth_2x60_atras_m2
prueba_Sabertooth_2x60_adelante_m1:
;prueba_Sabertooth_2x60.mbas,66 :: 		sub procedure adelante_m1()
;prueba_Sabertooth_2x60.mbas,67 :: 		PORTB.RB0=1
0x00C2	0x1283      	BCF        STATUS, 5
0x00C3	0x1303      	BCF        STATUS, 6
0x00C4	0x1406      	BSF        PORTB, 0
;prueba_Sabertooth_2x60.mbas,68 :: 		Delay_us(1000)
0x00C5	0x3002      	MOVLW      2
0x00C6	0x00FC      	MOVWF      R12
0x00C7	0x304B      	MOVLW      75
0x00C8	0x00FD      	MOVWF      R13
L_prueba_Sabertooth_2x60_adelante_m142:
0x00C9	0x0BFD      	DECFSZ     R13, 1
0x00CA	0x28C9      	GOTO       L_prueba_Sabertooth_2x60_adelante_m142
0x00CB	0x0BFC      	DECFSZ     R12, 1
0x00CC	0x28C9      	GOTO       L_prueba_Sabertooth_2x60_adelante_m142
;prueba_Sabertooth_2x60.mbas,69 :: 		PORTB.RB0=0
0x00CD	0x1006      	BCF        PORTB, 0
;prueba_Sabertooth_2x60.mbas,70 :: 		Delay_us(4000)
0x00CE	0x3006      	MOVLW      6
0x00CF	0x00FC      	MOVWF      R12
0x00D0	0x3030      	MOVLW      48
0x00D1	0x00FD      	MOVWF      R13
L_prueba_Sabertooth_2x60_adelante_m143:
0x00D2	0x0BFD      	DECFSZ     R13, 1
0x00D3	0x28D2      	GOTO       L_prueba_Sabertooth_2x60_adelante_m143
0x00D4	0x0BFC      	DECFSZ     R12, 1
0x00D5	0x28D2      	GOTO       L_prueba_Sabertooth_2x60_adelante_m143
0x00D6	0x0000      	NOP
0x00D7	0x0008      	RETURN
; end of prueba_Sabertooth_2x60_adelante_m1
prueba_Sabertooth_2x60_derecha:
;prueba_Sabertooth_2x60.mbas,116 :: 		sub procedure derecha()
;prueba_Sabertooth_2x60.mbas,117 :: 		adelante_m2()
0x00D8	0x2094      	CALL       prueba_Sabertooth_2x60_adelante_m2
;prueba_Sabertooth_2x60.mbas,118 :: 		atras_m1()
0x00D9	0x207C      	CALL       prueba_Sabertooth_2x60_atras_m1
0x00DA	0x0008      	RETURN
; end of prueba_Sabertooth_2x60_derecha
prueba_Sabertooth_2x60_parar:
;prueba_Sabertooth_2x60.mbas,78 :: 		sub procedure parar()
;prueba_Sabertooth_2x60.mbas,79 :: 		PORTB.RB0=1
0x00DB	0x1283      	BCF        STATUS, 5
0x00DC	0x1303      	BCF        STATUS, 6
0x00DD	0x1406      	BSF        PORTB, 0
;prueba_Sabertooth_2x60.mbas,80 :: 		PORTB.RB1=1
0x00DE	0x1486      	BSF        PORTB, 1
;prueba_Sabertooth_2x60.mbas,81 :: 		Delay_us(1500)
0x00DF	0x3002      	MOVLW      2
0x00E0	0x00FC      	MOVWF      R12
0x00E1	0x30F1      	MOVLW      241
0x00E2	0x00FD      	MOVWF      R13
L_prueba_Sabertooth_2x60_parar48:
0x00E3	0x0BFD      	DECFSZ     R13, 1
0x00E4	0x28E3      	GOTO       L_prueba_Sabertooth_2x60_parar48
0x00E5	0x0BFC      	DECFSZ     R12, 1
0x00E6	0x28E3      	GOTO       L_prueba_Sabertooth_2x60_parar48
0x00E7	0x0000      	NOP
0x00E8	0x0000      	NOP
;prueba_Sabertooth_2x60.mbas,82 :: 		PORTB.RB0=0
0x00E9	0x1006      	BCF        PORTB, 0
;prueba_Sabertooth_2x60.mbas,83 :: 		PORTB.RB1=0
0x00EA	0x1086      	BCF        PORTB, 1
;prueba_Sabertooth_2x60.mbas,84 :: 		Delay_us(3500)
0x00EB	0x3005      	MOVLW      5
0x00EC	0x00FC      	MOVWF      R12
0x00ED	0x308A      	MOVLW      138
0x00EE	0x00FD      	MOVWF      R13
L_prueba_Sabertooth_2x60_parar49:
0x00EF	0x0BFD      	DECFSZ     R13, 1
0x00F0	0x28EF      	GOTO       L_prueba_Sabertooth_2x60_parar49
0x00F1	0x0BFC      	DECFSZ     R12, 1
0x00F2	0x28EF      	GOTO       L_prueba_Sabertooth_2x60_parar49
0x00F3	0x0000      	NOP
0x00F4	0x0008      	RETURN
; end of prueba_Sabertooth_2x60_parar
_UART1_Init:
;__Lib_UART_c67.mpas,33 :: 		
;__Lib_UART_c67.mpas,34 :: 		
0x00F5	0x1683      	BSF        STATUS, 5
0x00F6	0x1303      	BCF        STATUS, 6
0x00F7	0x1698      	BSF        TXSTA, 5
;__Lib_UART_c67.mpas,35 :: 		
0x00F8	0x3090      	MOVLW      144
0x00F9	0x1283      	BCF        STATUS, 5
0x00FA	0x0098      	MOVWF      RCSTA
;__Lib_UART_c67.mpas,36 :: 		
0x00FB	0x1683      	BSF        STATUS, 5
0x00FC	0x1787      	BSF        TRISC7_bit, 7
;__Lib_UART_c67.mpas,37 :: 		
0x00FD	0x1307      	BCF        TRISC6_bit, 6
;__Lib_UART_c67.mpas,38 :: 		
L__UART1_Init2:
0x00FE	0x1283      	BCF        STATUS, 5
0x00FF	0x1E8C      	BTFSS      PIR1, 5
0x0100	0x2904      	GOTO       L__UART1_Init3
;__Lib_UART_c67.mpas,39 :: 		
0x0101	0x081A      	MOVF       RCREG, 0
0x0102	0x00F0      	MOVWF      R0
0x0103	0x28FE      	GOTO       L__UART1_Init2
L__UART1_Init3:
;__Lib_UART_c67.mpas,40 :: 		
0x0104	0x0008      	RETURN
; end of _UART1_Init
_UART1_Read:
;__Lib_UART_c67.mpas,54 :: 		
;__Lib_UART_c67.mpas,55 :: 		
0x0105	0x1283      	BCF        STATUS, 5
0x0106	0x1303      	BCF        STATUS, 6
0x0107	0x081A      	MOVF       RCREG, 0
0x0108	0x00F2      	MOVWF      R2
;__Lib_UART_c67.mpas,56 :: 		
0x0109	0x1C98      	BTFSS      RCSTA, 1
0x010A	0x290D      	GOTO       L__UART1_Read9
;__Lib_UART_c67.mpas,58 :: 		
0x010B	0x1218      	BCF        RCSTA, 4
;__Lib_UART_c67.mpas,59 :: 		
0x010C	0x1618      	BSF        RCSTA, 4
;__Lib_UART_c67.mpas,60 :: 		
L__UART1_Read9:
;__Lib_UART_c67.mpas,61 :: 		
0x010D	0x0872      	MOVF       R2, 0
0x010E	0x00F1      	MOVWF      R1
;__Lib_UART_c67.mpas,62 :: 		
0x010F	0x0871      	MOVF       R1, 0
0x0110	0x00F0      	MOVWF      R0
0x0111	0x0008      	RETURN
; end of _UART1_Read
prueba_Sabertooth_2x60_izquierda:
;prueba_Sabertooth_2x60.mbas,112 :: 		sub procedure izquierda()
;prueba_Sabertooth_2x60.mbas,113 :: 		adelante_m1()
0x0112	0x20C2      	CALL       prueba_Sabertooth_2x60_adelante_m1
;prueba_Sabertooth_2x60.mbas,114 :: 		atras_m2()
0x0113	0x20AA      	CALL       prueba_Sabertooth_2x60_atras_m2
0x0114	0x0008      	RETURN
; end of prueba_Sabertooth_2x60_izquierda
_main:
;prueba_Sabertooth_2x60.mbas,120 :: 		main:
;prueba_Sabertooth_2x60.mbas,122 :: 		OSCCON = 0X65 ' Oscilador interno de 8mhz
0x0115	0x3065      	MOVLW      101
0x0116	0x1683      	BSF        STATUS, 5
0x0117	0x1303      	BCF        STATUS, 6
0x0118	0x008F      	MOVWF      OSCCON
;prueba_Sabertooth_2x60.mbas,123 :: 		OPTION_REG = 0x86
0x0119	0x3086      	MOVLW      134
0x011A	0x0081      	MOVWF      OPTION_REG
;prueba_Sabertooth_2x60.mbas,124 :: 		INTCON = 0XE0      ' Activado interrupciones globales
0x011B	0x30E0      	MOVLW      224
0x011C	0x008B      	MOVWF      INTCON
;prueba_Sabertooth_2x60.mbas,127 :: 		PIR1.RCIF=0
0x011D	0x1283      	BCF        STATUS, 5
0x011E	0x128C      	BCF        PIR1, 5
;prueba_Sabertooth_2x60.mbas,128 :: 		PIE1.RCIE=1
0x011F	0x1683      	BSF        STATUS, 5
0x0120	0x168C      	BSF        PIE1, 5
;prueba_Sabertooth_2x60.mbas,129 :: 		TRISA =0X00
0x0121	0x0185      	CLRF       TRISA
;prueba_Sabertooth_2x60.mbas,130 :: 		TRISB= 0X00
0x0122	0x0186      	CLRF       TRISB
;prueba_Sabertooth_2x60.mbas,131 :: 		PORTB= 0X00
0x0123	0x1283      	BCF        STATUS, 5
0x0124	0x0186      	CLRF       PORTB
;prueba_Sabertooth_2x60.mbas,133 :: 		TRISC = 0x80
0x0125	0x3080      	MOVLW      128
0x0126	0x1683      	BSF        STATUS, 5
0x0127	0x0087      	MOVWF      TRISC
;prueba_Sabertooth_2x60.mbas,134 :: 		PORTC = 0x00
0x0128	0x1283      	BCF        STATUS, 5
0x0129	0x0187      	CLRF       PORTC
;prueba_Sabertooth_2x60.mbas,135 :: 		ANSEL = 0X00
0x012A	0x1683      	BSF        STATUS, 5
0x012B	0x1703      	BSF        STATUS, 6
0x012C	0x0188      	CLRF       ANSEL
;prueba_Sabertooth_2x60.mbas,136 :: 		ANSELH = 0X00
0x012D	0x0189      	CLRF       ANSELH
;prueba_Sabertooth_2x60.mbas,138 :: 		UART1_Init(9600)
0x012E	0x3019      	MOVLW      25
0x012F	0x1303      	BCF        STATUS, 6
0x0130	0x0099      	MOVWF      SPBRG
0x0131	0x1518      	BSF        TXSTA, 2
0x0132	0x20F5      	CALL       _UART1_Init
;prueba_Sabertooth_2x60.mbas,139 :: 		datos_set=0x00
0x0133	0x01B0      	CLRF       _datos_set
;prueba_Sabertooth_2x60.mbas,140 :: 		viajero=0
0x0134	0x01B1      	CLRF       _viajero
;prueba_Sabertooth_2x60.mbas,142 :: 		while(1)
L__main66:
;prueba_Sabertooth_2x60.mbas,143 :: 		if comando[1]=0x31 then    'ADELANTE
0x0135	0x0823      	MOVF       _comando+1, 0
0x0136	0x3A31      	XORLW      49
0x0137	0x1D03      	BTFSS      STATUS, 2
0x0138	0x293C      	GOTO       L__main71
;prueba_Sabertooth_2x60.mbas,144 :: 		adelante_m1()
0x0139	0x20C2      	CALL       prueba_Sabertooth_2x60_adelante_m1
;prueba_Sabertooth_2x60.mbas,145 :: 		adelante_m2()
0x013A	0x2094      	CALL       prueba_Sabertooth_2x60_adelante_m2
0x013B	0x2956      	GOTO       L__main72
;prueba_Sabertooth_2x60.mbas,146 :: 		else
L__main71:
;prueba_Sabertooth_2x60.mbas,147 :: 		if comando[2]=0x31 then     'ATRAS
0x013C	0x0824      	MOVF       _comando+2, 0
0x013D	0x3A31      	XORLW      49
0x013E	0x1D03      	BTFSS      STATUS, 2
0x013F	0x2943      	GOTO       L__main74
;prueba_Sabertooth_2x60.mbas,148 :: 		atras_m1()
0x0140	0x207C      	CALL       prueba_Sabertooth_2x60_atras_m1
;prueba_Sabertooth_2x60.mbas,149 :: 		atras_m2()
0x0141	0x20AA      	CALL       prueba_Sabertooth_2x60_atras_m2
0x0142	0x2956      	GOTO       L__main75
;prueba_Sabertooth_2x60.mbas,150 :: 		else
L__main74:
;prueba_Sabertooth_2x60.mbas,151 :: 		if comando[3]=0x31 then     'IZQUIERDA
0x0143	0x0825      	MOVF       _comando+3, 0
0x0144	0x3A31      	XORLW      49
0x0145	0x1D03      	BTFSS      STATUS, 2
0x0146	0x2949      	GOTO       L__main77
;prueba_Sabertooth_2x60.mbas,152 :: 		izquierda()
0x0147	0x2112      	CALL       prueba_Sabertooth_2x60_izquierda
0x0148	0x2956      	GOTO       L__main78
;prueba_Sabertooth_2x60.mbas,153 :: 		else
L__main77:
;prueba_Sabertooth_2x60.mbas,154 :: 		if comando[4]=0x31 then     'DERECHA
0x0149	0x0826      	MOVF       _comando+4, 0
0x014A	0x3A31      	XORLW      49
0x014B	0x1D03      	BTFSS      STATUS, 2
0x014C	0x294F      	GOTO       L__main80
;prueba_Sabertooth_2x60.mbas,155 :: 		derecha()
0x014D	0x20D8      	CALL       prueba_Sabertooth_2x60_derecha
0x014E	0x2956      	GOTO       L__main81
;prueba_Sabertooth_2x60.mbas,156 :: 		else
L__main80:
;prueba_Sabertooth_2x60.mbas,157 :: 		if comando[5]=0x31 then     'PARAR
0x014F	0x0827      	MOVF       _comando+5, 0
0x0150	0x3A31      	XORLW      49
0x0151	0x1D03      	BTFSS      STATUS, 2
0x0152	0x2955      	GOTO       L__main83
;prueba_Sabertooth_2x60.mbas,158 :: 		parar()
0x0153	0x20DB      	CALL       prueba_Sabertooth_2x60_parar
0x0154	0x2956      	GOTO       L__main84
;prueba_Sabertooth_2x60.mbas,159 :: 		else
L__main83:
;prueba_Sabertooth_2x60.mbas,160 :: 		parar()
0x0155	0x20DB      	CALL       prueba_Sabertooth_2x60_parar
;prueba_Sabertooth_2x60.mbas,161 :: 		end if
L__main84:
;prueba_Sabertooth_2x60.mbas,162 :: 		end if
L__main81:
;prueba_Sabertooth_2x60.mbas,163 :: 		end if
L__main78:
;prueba_Sabertooth_2x60.mbas,164 :: 		end if
L__main75:
;prueba_Sabertooth_2x60.mbas,165 :: 		end if
L__main72:
;prueba_Sabertooth_2x60.mbas,166 :: 		wend
0x0156	0x2935      	GOTO       L__main66
0x0157	0x2957      	GOTO       $+0
; end of _main
Symbol List:
//** Routines locations **
//ADDRESS    SIZE    PROCEDURE
//----------------------------------------------
0x0004     [120]    prueba_Sabertooth_2x60_interrupt
0x007C      [24]    prueba_Sabertooth_2x60_atras_m1
0x0094      [22]    prueba_Sabertooth_2x60_adelante_m2
0x00AA      [24]    prueba_Sabertooth_2x60_atras_m2
0x00C2      [22]    prueba_Sabertooth_2x60_adelante_m1
0x00D8       [3]    prueba_Sabertooth_2x60_derecha
0x00DB      [26]    prueba_Sabertooth_2x60_parar
0x00F5      [16]    _UART1_Init
0x0105      [13]    _UART1_Read
0x0112       [3]    prueba_Sabertooth_2x60_izquierda
0x0115      [67]    _main
//** Variables locations ** 
//ADDRESS    SIZE    VARIABLE
//----------------------------------------------
0x0000       [1]    INDF
0x0001       [1]    TMR0
0x0002       [1]    PCL
0x0003       [0]    RP1_bit
0x0003       [1]    STATUS
0x0003       [0]    Z_bit
0x0003       [0]    IRP_bit
0x0003       [0]    DC_bit
0x0003       [0]    RP0_bit
0x0003       [0]    C_bit
0x0003       [0]    NOT_PD_bit
0x0003       [0]    NOT_TO_bit
0x0004       [1]    FSR
0x0004       [1]    FSRPTR
0x0005       [1]    PORTA
0x0005       [0]    RA4_bit
0x0005       [0]    RA3_bit
0x0005       [0]    RA6_bit
0x0005       [0]    RA7_bit
0x0005       [0]    RA5_bit
0x0005       [0]    RA1_bit
0x0005       [0]    RA0_bit
0x0005       [0]    RA2_bit
0x0006       [0]    RB5_bit
0x0006       [0]    RB7_bit
0x0006       [0]    RB6_bit
0x0006       [1]    PORTB
0x0006       [0]    RB4_bit
0x0006       [0]    RB2_bit
0x0006       [0]    RB0_bit
0x0006       [0]    RB1_bit
0x0006       [0]    RB3_bit
0x0007       [1]    PORTC
0x0007       [0]    RC6_bit
0x0007       [0]    RC1_bit
0x0007       [0]    RC5_bit
0x0007       [0]    RC4_bit
0x0007       [0]    RC0_bit
0x0007       [0]    RC2_bit
0x0007       [0]    RC3_bit
0x0007       [0]    RC7_bit
0x0009       [1]    PORTE
0x0009       [0]    RE3_bit
0x000A       [1]    PCLATH
0x000B       [0]    RBIE_bit
0x000B       [0]    T0IF_bit
0x000B       [0]    RBIF_bit
0x000B       [0]    INTF_bit
0x000B       [0]    TMR0IF_bit
0x000B       [0]    INTE_bit
0x000B       [0]    GIE_bit
0x000B       [1]    INTCON
0x000B       [0]    PEIE_bit
0x000B       [0]    TMR0IE_bit
0x000B       [0]    T0IE_bit
0x000C       [0]    TMR1IF_bit
0x000C       [0]    RCIF_bit
0x000C       [0]    TMR2IF_bit
0x000C       [0]    TXIF_bit
0x000C       [0]    SSPIF_bit
0x000C       [0]    CCP1IF_bit
0x000C       [1]    PIR1
0x000C       [0]    ADIF_bit
0x000D       [0]    C1IF_bit
0x000D       [0]    C2IF_bit
0x000D       [0]    OSFIF_bit
0x000D       [0]    EEIF_bit
0x000D       [0]    CCP2IF_bit
0x000D       [0]    ULPWUIF_bit
0x000D       [0]    BCLIF_bit
0x000D       [1]    PIR2
0x000E       [1]    TMR1L
0x000F       [1]    TMR1H
0x0010       [0]    TMR1CS_bit
0x0010       [0]    T1OSCEN_bit
0x0010       [0]    T1CKPS0_bit
0x0010       [0]    T1SYNC_bit
0x0010       [0]    TMR1ON_bit
0x0010       [0]    NOT_T1SYNC_bit
0x0010       [0]    T1INSYNC_bit
0x0010       [0]    T1CKPS1_bit
0x0010       [1]    T1CON
0x0010       [0]    T1GINV_bit
0x0010       [0]    TMR1GE_bit
0x0011       [1]    TMR2
0x0012       [0]    TOUTPS0_bit
0x0012       [0]    TOUTPS1_bit
0x0012       [0]    TMR2ON_bit
0x0012       [0]    T2CKPS0_bit
0x0012       [0]    T2CKPS1_bit
0x0012       [1]    T2CON
0x0012       [0]    TOUTPS3_bit
0x0012       [0]    TOUTPS2_bit
0x0013       [1]    SSPBUF
0x0014       [0]    SSPM2_bit
0x0014       [0]    SSPM3_bit
0x0014       [0]    SSPM0_bit
0x0014       [0]    SSPM1_bit
0x0014       [0]    CKP_bit
0x0014       [0]    WCOL_bit
0x0014       [1]    SSPCON
0x0014       [0]    SSPEN_bit
0x0014       [0]    SSPOV_bit
0x0015       [1]    CCPR1L
0x0015       [2]    CCPR1
0x0016       [1]    CCPR1H
0x0017       [0]    DC1B1_bit
0x0017       [0]    CCP1X_bit
0x0017       [0]    P1M1_bit
0x0017       [0]    P1M0_bit
0x0017       [0]    DC1B0_bit
0x0017       [0]    CCP1M1_bit
0x0017       [0]    CCP1M0_bit
0x0017       [0]    CCP1M2_bit
0x0017       [0]    CCP1Y_bit
0x0017       [0]    CCP1M3_bit
0x0017       [1]    CCP1CON
0x0018       [0]    SPEN_bit
0x0018       [0]    RX9_bit
0x0018       [0]    RC9_bit
0x0018       [0]    RX9D_bit
0x0018       [1]    RCSTA
0x0018       [0]    RCD8_bit
0x0018       [0]    ADDEN_bit
0x0018       [0]    FERR_bit
0x0018       [0]    OERR_bit
0x0018       [0]    CREN_bit
0x0018       [0]    NOT_RC8_bit
0x0018       [0]    RC8_9_bit
0x0018       [0]    SREN_bit
0x0019       [1]    TXREG
0x001A       [1]    RCREG
0x001B       [1]    CCPR2L
0x001B       [2]    CCPR2
0x001C       [1]    CCPR2H
0x001D       [1]    CCP2CON
0x001D       [0]    CCP2M3_bit
0x001D       [0]    CCP2Y_bit
0x001D       [0]    DC2B0_bit
0x001D       [0]    CCP2M2_bit
0x001D       [0]    CCP2M1_bit
0x001D       [0]    CCP2X_bit
0x001D       [0]    CCP2M0_bit
0x001D       [0]    DC2B1_bit
0x001E       [1]    ADRESH
0x001F       [1]    ADCON0
0x001F       [0]    ADCS1_bit
0x001F       [0]    GO_DONE_bit
0x001F       [0]    ADON_bit
0x001F       [0]    NOT_DONE_bit
0x001F       [0]    CHS0_bit
0x001F       [0]    CHS3_bit
0x001F       [0]    CHS2_bit
0x001F       [0]    CHS1_bit
0x001F       [0]    ADCS0_bit
0x001F       [0]    GO_bit
0x0021       [1]    ___saveSTATUS
0x0022      [10]    _comando
0x002C       [1]    ___savePCLATH
0x002D       [1]    _dato_recep
0x002E       [2]    ___DoICPAddr
0x0030       [1]    _datos_set
0x0031       [1]    _viajero
0x0070       [1]    R0
0x0071       [1]    R1
0x0072       [1]    R2
0x0073       [1]    R3
0x0074       [1]    R4
0x0075       [1]    R5
0x0076       [1]    R6
0x0077       [1]    R7
0x0078       [1]    R8
0x0079       [1]    R9
0x007A       [1]    R10
0x007B       [1]    R11
0x007C       [1]    R12
0x007D       [1]    R13
0x007E       [1]    R14
0x007F       [1]    R15
0x0081       [0]    INTEDG_bit
0x0081       [0]    PSA_bit
0x0081       [0]    T0SE_bit
0x0081       [0]    T0CS_bit
0x0081       [0]    NOT_RBPU_bit
0x0081       [0]    PS1_bit
0x0081       [0]    PS0_bit
0x0081       [0]    PS2_bit
0x0081       [1]    OPTION_REG
0x0085       [0]    TRISA2_bit
0x0085       [0]    TRISA1_bit
0x0085       [0]    TRISA0_bit
0x0085       [0]    TRISA5_bit
0x0085       [0]    TRISA7_bit
0x0085       [0]    TRISA6_bit
0x0085       [0]    TRISA3_bit
0x0085       [1]    TRISA
0x0085       [0]    TRISA4_bit
0x0086       [0]    TRISB4_bit
0x0086       [0]    TRISB3_bit
0x0086       [0]    TRISB7_bit
0x0086       [0]    TRISB6_bit
0x0086       [0]    TRISB5_bit
0x0086       [0]    TRISB2_bit
0x0086       [1]    TRISB
0x0086       [0]    TRISB0_bit
0x0086       [0]    TRISB1_bit
0x0087       [0]    TRISC1_bit
0x0087       [0]    TRISC2_bit
0x0087       [0]    TRISC0_bit
0x0087       [1]    TRISC
0x0087       [0]    TRISC5_bit
0x0087       [0]    TRISC6_bit
0x0087       [0]    TRISC7_bit
0x0087       [0]    TRISC3_bit
0x0087       [0]    TRISC4_bit
0x0089       [0]    TRISE3_bit
0x0089       [1]    TRISE
0x008C       [0]    SSPIE_bit
0x008C       [0]    CCP1IE_bit
0x008C       [0]    TMR2IE_bit
0x008C       [0]    ADIE_bit
0x008C       [0]    RCIE_bit
0x008C       [0]    TXIE_bit
0x008C       [1]    PIE1
0x008C       [0]    TMR1IE_bit
0x008D       [0]    C1IE_bit
0x008D       [0]    ULPWUIE_bit
0x008D       [0]    C2IE_bit
0x008D       [0]    CCP2IE_bit
0x008D       [1]    PIE2
0x008D       [0]    OSFIE_bit
0x008D       [0]    EEIE_bit
0x008D       [0]    BCLIE_bit
0x008E       [0]    NOT_POR_bit
0x008E       [0]    NOT_BO_bit
0x008E       [0]    ULPWUE_bit
0x008E       [1]    PCON
0x008E       [0]    SBOREN_bit
0x008E       [0]    NOT_BOR_bit
0x008F       [0]    IRCF1_bit
0x008F       [0]    LTS_bit
0x008F       [0]    IRCF0_bit
0x008F       [0]    SCS_bit
0x008F       [0]    IRCF2_bit
0x008F       [0]    OSTS_bit
0x008F       [1]    OSCCON
0x008F       [0]    HTS_bit
0x0090       [1]    OSCTUNE
0x0090       [0]    TUN1_bit
0x0090       [0]    TUN0_bit
0x0090       [0]    TUN2_bit
0x0090       [0]    TUN4_bit
0x0090       [0]    TUN3_bit
0x0091       [0]    SEN_bit
0x0091       [0]    ACKDT_bit
0x0091       [0]    GCEN_bit
0x0091       [0]    ACKSTAT_bit
0x0091       [1]    SSPCON2
0x0091       [0]    ACKEN_bit
0x0091       [0]    RCEN_bit
0x0091       [0]    PEN_bit
0x0091       [0]    RSEN_bit
0x0092       [1]    PR2
0x0093       [1]    MSK
0x0093       [1]    SSPMSK
0x0093       [1]    SSPADD
0x0094       [0]    NOT_A_bit
0x0094       [0]    BF_bit
0x0094       [0]    SMP_bit
0x0094       [1]    SSPSTAT
0x0094       [0]    CKE_bit
0x0094       [0]    I2C_DATA_bit
0x0094       [0]    D_bit
0x0094       [0]    NOT_WRITE_bit
0x0094       [0]    I2C_STOP__bit
0x0094       [0]    DATA_ADDRESS_bit
0x0094       [0]    P_bit
0x0094       [0]    R_bit
0x0094       [0]    READ_WRITE_bit
0x0094       [0]    I2C_START__bit
0x0094       [0]    R_W_bit
0x0094       [0]    UA_bit
0x0094       [0]    S_bit
0x0094       [0]    NOT_ADDRESS_bit
0x0094       [0]    I2C_READ_bit
0x0094       [0]    D_A_bit
0x0094       [0]    NOT_W_bit
0x0095       [0]    WPUB1_bit
0x0095       [0]    WPUB6_bit
0x0095       [0]    WPUB4_bit
0x0095       [1]    WPUB
0x0095       [0]    WPUB5_bit
0x0095       [0]    WPUB2_bit
0x0095       [0]    WPUB0_bit
0x0095       [0]    WPUB3_bit
0x0095       [0]    WPUB7_bit
0x0096       [0]    IOCB4_bit
0x0096       [1]    IOCB
0x0096       [0]    IOCB7_bit
0x0096       [0]    IOCB5_bit
0x0096       [0]    IOCB6_bit
0x0096       [0]    IOCB2_bit
0x0096       [0]    IOCB1_bit
0x0096       [0]    IOCB0_bit
0x0096       [0]    IOCB3_bit
0x0097       [0]    VREN_bit
0x0097       [0]    VR2_bit
0x0097       [0]    VRSS_bit
0x0097       [0]    VR3_bit
0x0097       [0]    VROE_bit
0x0097       [0]    VRR_bit
0x0097       [0]    VR1_bit
0x0097       [1]    VRCON
0x0097       [0]    VR0_bit
0x0098       [0]    TX8_9_bit
0x0098       [0]    SENDB_bit
0x0098       [1]    TXSTA
0x0098       [0]    SYNC_bit
0x0098       [0]    TX9_bit
0x0098       [0]    CSRC_bit
0x0098       [0]    NOT_TX8_bit
0x0098       [0]    TXD8_bit
0x0098       [0]    TXEN_bit
0x0098       [0]    BRGH_bit
0x0098       [0]    TRMT_bit
0x0098       [0]    TX9D_bit
0x0099       [0]    BRG5_bit
0x0099       [0]    BRG6_bit
0x0099       [0]    BRG1_bit
0x0099       [0]    BRG4_bit
0x0099       [0]    BRG3_bit
0x0099       [1]    SPBRG
0x0099       [0]    BRG2_bit
0x0099       [0]    BRG0_bit
0x0099       [0]    BRG7_bit
0x009A       [1]    SPBRGH
0x009A       [0]    BRG13_bit
0x009A       [0]    BRG14_bit
0x009A       [0]    BRG8_bit
0x009A       [0]    BRG11_bit
0x009A       [0]    BRG9_bit
0x009A       [0]    BRG12_bit
0x009A       [0]    BRG15_bit
0x009A       [0]    BRG10_bit
0x009B       [1]    PWM1CON
0x009B       [0]    PDC0_bit
0x009B       [0]    PDC4_bit
0x009B       [0]    PDC3_bit
0x009B       [0]    PDC2_bit
0x009B       [0]    PRSEN_bit
0x009B       [0]    PDC6_bit
0x009B       [0]    PDC5_bit
0x009B       [0]    PDC1_bit
0x009C       [0]    ECCPASE_bit
0x009C       [0]    PSSAC1_bit
0x009C       [0]    ECCPAS2_bit
0x009C       [0]    PSSBD0_bit
0x009C       [0]    PSSBD1_bit
0x009C       [0]    PSSAC0_bit
0x009C       [1]    ECCPAS
0x009C       [0]    ECCPAS1_bit
0x009C       [0]    ECCPAS0_bit
0x009D       [1]    PSTRCON
0x009D       [0]    STRSYNC_bit
0x009D       [0]    STRD_bit
0x009D       [0]    STRC_bit
0x009D       [0]    STRA_bit
0x009D       [0]    STRB_bit
0x009E       [1]    ADRESL
0x009F       [1]    ADCON1
0x009F       [0]    VCFG0_bit
0x009F       [0]    ADFM_bit
0x009F       [0]    VCFG1_bit
0x0105       [0]    WDTPS0_bit
0x0105       [0]    SWDTEN_bit
0x0105       [0]    WDTPS1_bit
0x0105       [1]    WDTCON
0x0105       [0]    WDTPS3_bit
0x0105       [0]    WDTPS2_bit
0x0107       [0]    C1OUT_bit
0x0107       [0]    C1OE_bit
0x0107       [0]    C1CH0_bit
0x0107       [0]    C1ON_bit
0x0107       [0]    C1CH1_bit
0x0107       [1]    CM1CON0
0x0107       [0]    C1POL_bit
0x0107       [0]    C1R_bit
0x0108       [0]    C2R_bit
0x0108       [0]    C2CH1_bit
0x0108       [0]    C2CH0_bit
0x0108       [0]    C2POL_bit
0x0108       [0]    C2ON_bit
0x0108       [0]    C2OUT_bit
0x0108       [0]    C2OE_bit
0x0108       [1]    CM2CON0
0x0109       [0]    MC1OUT_bit
0x0109       [1]    CM2CON1
0x0109       [0]    C1RSEL_bit
0x0109       [0]    C2SYNC_bit
0x0109       [0]    T1GSS_bit
0x0109       [0]    C2RSEL_bit
0x0109       [0]    MC2OUT_bit
0x010C       [1]    EEDAT
0x010C       [1]    EEDATA
0x010D       [1]    EEADR
0x010E       [1]    EEDATH
0x010F       [1]    EEADRH
0x0185       [0]    SR1_bit
0x0185       [0]    PULSR_bit
0x0185       [0]    FVREN_bit
0x0185       [1]    SRCON
0x0185       [0]    PULSS_bit
0x0185       [0]    SR0_bit
0x0185       [0]    C1SEN_bit
0x0185       [0]    C2REN_bit
0x0187       [0]    SCKP_bit
0x0187       [0]    RCIDL_bit
0x0187       [0]    ABDOVF_bit
0x0187       [0]    BRG16_bit
0x0187       [1]    BAUDCTL
0x0187       [0]    ABDEN_bit
0x0187       [0]    WUE_bit
0x0188       [0]    ANS2_bit
0x0188       [0]    ANS1_bit
0x0188       [0]    ANS0_bit
0x0188       [1]    ANSEL
0x0188       [0]    ANS4_bit
0x0188       [0]    ANS3_bit
0x0189       [0]    ANS11_bit
0x0189       [0]    ANS10_bit
0x0189       [0]    ANS13_bit
0x0189       [0]    ANS12_bit
0x0189       [0]    ANS9_bit
0x0189       [1]    ANSELH
0x0189       [0]    ANS8_bit
0x018C       [0]    RD_bit
0x018C       [1]    EECON1
0x018C       [0]    WR_bit
0x018C       [0]    WRERR_bit
0x018C       [0]    EEPGD_bit
0x018C       [0]    WREN_bit
0x018D       [1]    EECON2
//** Label List: ** 
//----------------------------------------------
  L_end_prueba_Sabertooth_2x60_interrupt
  L_prueba_Sabertooth_2x60_interrupt1
  L_prueba_Sabertooth_2x60_interrupt2
  L_prueba_Sabertooth_2x60_interrupt3
  L_prueba_Sabertooth_2x60_interrupt4
  L_prueba_Sabertooth_2x60_interrupt5
  L_prueba_Sabertooth_2x60_interrupt6
  L_prueba_Sabertooth_2x60_interrupt7
  L_prueba_Sabertooth_2x60_interrupt8
  L_prueba_Sabertooth_2x60_interrupt9
  L_prueba_Sabertooth_2x60_interrupt10
  L_prueba_Sabertooth_2x60_interrupt11
  L_prueba_Sabertooth_2x60_interrupt12
  L_prueba_Sabertooth_2x60_interrupt13
  L_prueba_Sabertooth_2x60_interrupt14
  L_prueba_Sabertooth_2x60_interrupt15
  L_prueba_Sabertooth_2x60_interrupt16
  L_prueba_Sabertooth_2x60_interrupt17
  L_prueba_Sabertooth_2x60_interrupt18
  L_prueba_Sabertooth_2x60_interrupt19
  L_prueba_Sabertooth_2x60_interrupt20
  L_prueba_Sabertooth_2x60_interrupt21
  L_prueba_Sabertooth_2x60_interrupt22
  L_prueba_Sabertooth_2x60_interrupt23
  L_prueba_Sabertooth_2x60_interrupt24
  L_prueba_Sabertooth_2x60_interrupt25
  L_prueba_Sabertooth_2x60_interrupt26
  L_prueba_Sabertooth_2x60_interrupt27
  L_prueba_Sabertooth_2x60_interrupt28
  L_prueba_Sabertooth_2x60_interrupt29
  L_prueba_Sabertooth_2x60_interrupt30
  L_prueba_Sabertooth_2x60_interrupt31
  L_prueba_Sabertooth_2x60_interrupt32
  L_prueba_Sabertooth_2x60_interrupt33
  L_prueba_Sabertooth_2x60_interrupt34
  L_prueba_Sabertooth_2x60_interrupt35
  L_prueba_Sabertooth_2x60_interrupt36
  L_prueba_Sabertooth_2x60_interrupt37
  L_prueba_Sabertooth_2x60_interrupt38
  L_prueba_Sabertooth_2x60_interrupt39
  L_prueba_Sabertooth_2x60_interrupt40
  L_end_prueba_Sabertooth_2x60_adelante_m1
  L_prueba_Sabertooth_2x60_adelante_m142
  L_prueba_Sabertooth_2x60_adelante_m143
  L_end_prueba_Sabertooth_2x60_adelante_m2
  L_prueba_Sabertooth_2x60_adelante_m245
  L_prueba_Sabertooth_2x60_adelante_m246
  L_end_prueba_Sabertooth_2x60_parar
  L_prueba_Sabertooth_2x60_parar48
  L_prueba_Sabertooth_2x60_parar49
  L_end_prueba_Sabertooth_2x60_parar_m1
  L_prueba_Sabertooth_2x60_parar_m151
  L_prueba_Sabertooth_2x60_parar_m152
  L_end_prueba_Sabertooth_2x60_parar_m2
  L_prueba_Sabertooth_2x60_parar_m254
  L_prueba_Sabertooth_2x60_parar_m255
  L_end_prueba_Sabertooth_2x60_atras_m1
  L_prueba_Sabertooth_2x60_atras_m157
  L_prueba_Sabertooth_2x60_atras_m158
  L_end_prueba_Sabertooth_2x60_atras_m2
  L_prueba_Sabertooth_2x60_atras_m260
  L_prueba_Sabertooth_2x60_atras_m261
  L_end_prueba_Sabertooth_2x60_izquierda
  L_end_prueba_Sabertooth_2x60_derecha
  L_end__main
  L__main65
  L__main66
  L__main67
  L__main68
  L__main69
  L__main70
  L__main71
  L__main72
  L__main73
  L__main74
  L__main75
  L__main76
  L__main77
  L__main78
  L__main79
  L__main80
  L__main81
  L__main82
  L__main83
  L__main84
  prueba_Sabertooth_2x60_interrupt
  L_prueba_Sabertooth_2x60_interrupt85
  prueba_Sabertooth_2x60_adelante_m1
  prueba_Sabertooth_2x60_adelante_m2
  prueba_Sabertooth_2x60_parar
  prueba_Sabertooth_2x60_parar_m1
  prueba_Sabertooth_2x60_parar_m2
  prueba_Sabertooth_2x60_atras_m1
  prueba_Sabertooth_2x60_atras_m2
  prueba_Sabertooth_2x60_izquierda
  prueba_Sabertooth_2x60_derecha
  _main
  L_end__UART1_Init
  L__UART1_Init1
  L__UART1_Init2
  L__UART1_Init3
  L__UART1_Init4
  L__UART1_Init5
  L_end__UART1_Data_Ready
  L_end__UART1_Read
  L__UART1_Read8
  L__UART1_Read9
  L__UART1_Read10
  L_end__UART1_TX_Idle
  L_end__UART1_Write
  L__UART1_Write13
  L__UART1_Write14
  L__UART1_Write15
  L__UART1_Write16
  L__UART1_Write17
  L_end__UART1_Write_Text
  L__UART1_Write_Text19
  L__UART1_Write_Text20
  L__UART1_Write_Text21
  L__UART1_Write_Text22
  L__UART1_Write_Text23
  L_end__UART1_Read_Text
  L__UART1_Read_Text25
  L__UART1_Read_Text26
  L__UART1_Read_Text27
  L__UART1_Read_Text28
  L__UART1_Read_Text29
  L__UART1_Read_Text30
  L__UART1_Read_Text31
  L__UART1_Read_Text32
  L__UART1_Read_Text33
  L__UART1_Read_Text34
  L__UART1_Read_Text35
  L__UART1_Read_Text36
  L__UART1_Read_Text37
  L__UART1_Read_Text38
  L__UART1_Read_Text39
  L__UART1_Read_Text40
  L__UART1_Read_Text41
  L__UART1_Read_Text42
  L__UART1_Read_Text43
  L__UART1_Read_Text44
  L__UART1_Read_Text45
  L__UART1_Read_Text46
  _UART1_Init
  _UART1_Data_Ready
  _UART1_Read
  _UART1_TX_Idle
  _UART1_Write
  _UART1_Write_Text
  _UART1_Read_Text
  L_end_prueba_Sabertooth_2x60_interrupt
  L_prueba_Sabertooth_2x60_interrupt1
  L_prueba_Sabertooth_2x60_interrupt2
  L_prueba_Sabertooth_2x60_interrupt3
  L_prueba_Sabertooth_2x60_interrupt4
  L_prueba_Sabertooth_2x60_interrupt5
  L_prueba_Sabertooth_2x60_interrupt6
  L_prueba_Sabertooth_2x60_interrupt7
  L_prueba_Sabertooth_2x60_interrupt8
  L_prueba_Sabertooth_2x60_interrupt9
  L_prueba_Sabertooth_2x60_interrupt10
  L_prueba_Sabertooth_2x60_interrupt11
  L_prueba_Sabertooth_2x60_interrupt12
  L_prueba_Sabertooth_2x60_interrupt13
  L_prueba_Sabertooth_2x60_interrupt14
  L_prueba_Sabertooth_2x60_interrupt15
  L_prueba_Sabertooth_2x60_interrupt16
  L_prueba_Sabertooth_2x60_interrupt17
  L_prueba_Sabertooth_2x60_interrupt18
  L_prueba_Sabertooth_2x60_interrupt19
  L_prueba_Sabertooth_2x60_interrupt20
  L_prueba_Sabertooth_2x60_interrupt21
  L_prueba_Sabertooth_2x60_interrupt22
  L_prueba_Sabertooth_2x60_interrupt23
  L_prueba_Sabertooth_2x60_interrupt24
  L_prueba_Sabertooth_2x60_interrupt25
  L_prueba_Sabertooth_2x60_interrupt26
  L_prueba_Sabertooth_2x60_interrupt27
  L_prueba_Sabertooth_2x60_interrupt28
  L_prueba_Sabertooth_2x60_interrupt29
  L_prueba_Sabertooth_2x60_interrupt30
  L_prueba_Sabertooth_2x60_interrupt31
  L_prueba_Sabertooth_2x60_interrupt32
  L_prueba_Sabertooth_2x60_interrupt33
  L_prueba_Sabertooth_2x60_interrupt34
  L_prueba_Sabertooth_2x60_interrupt35
  L_prueba_Sabertooth_2x60_interrupt36
  L_prueba_Sabertooth_2x60_interrupt37
  L_prueba_Sabertooth_2x60_interrupt38
  L_prueba_Sabertooth_2x60_interrupt39
  L_prueba_Sabertooth_2x60_interrupt40
  L_end_prueba_Sabertooth_2x60_adelante_m1
  L_prueba_Sabertooth_2x60_adelante_m142
  L_prueba_Sabertooth_2x60_adelante_m143
  L_end_prueba_Sabertooth_2x60_adelante_m2
  L_prueba_Sabertooth_2x60_adelante_m245
  L_prueba_Sabertooth_2x60_adelante_m246
  L_end_prueba_Sabertooth_2x60_parar
  L_prueba_Sabertooth_2x60_parar48
  L_prueba_Sabertooth_2x60_parar49
  L_end_prueba_Sabertooth_2x60_parar_m1
  L_prueba_Sabertooth_2x60_parar_m151
  L_prueba_Sabertooth_2x60_parar_m152
  L_end_prueba_Sabertooth_2x60_parar_m2
  L_prueba_Sabertooth_2x60_parar_m254
  L_prueba_Sabertooth_2x60_parar_m255
  L_end_prueba_Sabertooth_2x60_atras_m1
  L_prueba_Sabertooth_2x60_atras_m157
  L_prueba_Sabertooth_2x60_atras_m158
  L_end_prueba_Sabertooth_2x60_atras_m2
  L_prueba_Sabertooth_2x60_atras_m260
  L_prueba_Sabertooth_2x60_atras_m261
  L_end_prueba_Sabertooth_2x60_izquierda
  L_end_prueba_Sabertooth_2x60_derecha
  L_end__main
  L__main65
  L__main66
  L__main67
  L__main68
  L__main69
  L__main70
  L__main71
  L__main72
  L__main73
  L__main74
  L__main75
  L__main76
  L__main77
  L__main78
  L__main79
  L__main80
  L__main81
  L__main82
  L__main83
  L__main84
  prueba_Sabertooth_2x60_interrupt
  L_prueba_Sabertooth_2x60_interrupt85
  prueba_Sabertooth_2x60_adelante_m1
  prueba_Sabertooth_2x60_adelante_m2
  prueba_Sabertooth_2x60_parar
  prueba_Sabertooth_2x60_parar_m1
  prueba_Sabertooth_2x60_parar_m2
  prueba_Sabertooth_2x60_atras_m1
  prueba_Sabertooth_2x60_atras_m2
  prueba_Sabertooth_2x60_izquierda
  prueba_Sabertooth_2x60_derecha
  _main
  L_end__UART1_Init
  L__UART1_Init1
  L__UART1_Init2
  L__UART1_Init3
  L__UART1_Init4
  L__UART1_Init5
  L_end__UART1_Data_Ready
  L_end__UART1_Read
  L__UART1_Read8
  L__UART1_Read9
  L__UART1_Read10
  L_end__UART1_TX_Idle
  L_end__UART1_Write
  L__UART1_Write13
  L__UART1_Write14
  L__UART1_Write15
  L__UART1_Write16
  L__UART1_Write17
  L_end__UART1_Write_Text
  L__UART1_Write_Text19
  L__UART1_Write_Text20
  L__UART1_Write_Text21
  L__UART1_Write_Text22
  L__UART1_Write_Text23
  L_end__UART1_Read_Text
  L__UART1_Read_Text25
  L__UART1_Read_Text26
  L__UART1_Read_Text27
  L__UART1_Read_Text28
  L__UART1_Read_Text29
  L__UART1_Read_Text30
  L__UART1_Read_Text31
  L__UART1_Read_Text32
  L__UART1_Read_Text33
  L__UART1_Read_Text34
  L__UART1_Read_Text35
  L__UART1_Read_Text36
  L__UART1_Read_Text37
  L__UART1_Read_Text38
  L__UART1_Read_Text39
  L__UART1_Read_Text40
  L__UART1_Read_Text41
  L__UART1_Read_Text42
  L__UART1_Read_Text43
  L__UART1_Read_Text44
  L__UART1_Read_Text45
  L__UART1_Read_Text46
  _UART1_Init
  _UART1_Data_Ready
  _UART1_Read
  _UART1_TX_Idle
  _UART1_Write
  _UART1_Write_Text
  _UART1_Read_Text
