;  LST file generated by mikroListExporter - v.2.0 
; Date/Time: 30/7/2016 23:56:24
;----------------------------------------------

;Address Opcode 	ASM
0x0000	0x2A5C      	GOTO       604
_UART1_Write:
;__Lib_UART_c67.mpas,72 :: 		
;__Lib_UART_c67.mpas,73 :: 		
L__UART1_Write14:
0x0003	0x1683      	BSF        STATUS, 5
0x0004	0x1303      	BCF        STATUS, 6
0x0005	0x1898      	BTFSC      TXSTA, 1
0x0006	0x2809      	GOTO       L__UART1_Write15
0x0007	0x0000      	NOP
0x0008	0x2803      	GOTO       L__UART1_Write14
L__UART1_Write15:
;__Lib_UART_c67.mpas,74 :: 		
0x0009	0x1283      	BCF        STATUS, 5
0x000A	0x082D      	MOVF       FARG_UART1_Write_data_, 0
0x000B	0x0099      	MOVWF      TXREG
;__Lib_UART_c67.mpas,75 :: 		
0x000C	0x0008      	RETURN
; end of _UART1_Write
_Delay_22us:
;__Lib_Delays.mbas,36 :: 		sub procedure Delay_22us()
;__Lib_Delays.mbas,37 :: 		Delay_us(22)
0x000D	0x3007      	MOVLW      7
0x000E	0x1283      	BCF        STATUS, 5
0x000F	0x1303      	BCF        STATUS, 6
0x0010	0x00FD      	MOVWF      R13
L__Delay_22us5:
0x0011	0x0BFD      	DECFSZ     R13, 1
0x0012	0x2811      	GOTO       L__Delay_22us5
0x0013	0x0008      	RETURN
; end of _Delay_22us
_UART1_Init:
;__Lib_UART_c67.mpas,33 :: 		
;__Lib_UART_c67.mpas,34 :: 		
0x0014	0x1683      	BSF        STATUS, 5
0x0015	0x1303      	BCF        STATUS, 6
0x0016	0x1698      	BSF        TXSTA, 5
;__Lib_UART_c67.mpas,35 :: 		
0x0017	0x3090      	MOVLW      144
0x0018	0x1283      	BCF        STATUS, 5
0x0019	0x0098      	MOVWF      RCSTA
;__Lib_UART_c67.mpas,36 :: 		
0x001A	0x1683      	BSF        STATUS, 5
0x001B	0x1787      	BSF        TRISC7_bit, 7
;__Lib_UART_c67.mpas,37 :: 		
0x001C	0x1307      	BCF        TRISC6_bit, 6
;__Lib_UART_c67.mpas,38 :: 		
L__UART1_Init2:
0x001D	0x1283      	BCF        STATUS, 5
0x001E	0x1E8C      	BTFSS      PIR1, 5
0x001F	0x2823      	GOTO       L__UART1_Init3
;__Lib_UART_c67.mpas,39 :: 		
0x0020	0x081A      	MOVF       RCREG, 0
0x0021	0x00F0      	MOVWF      R0
0x0022	0x281D      	GOTO       L__UART1_Init2
L__UART1_Init3:
;__Lib_UART_c67.mpas,40 :: 		
0x0023	0x0008      	RETURN
; end of _UART1_Init
pulso_SETENTA:
;pulso.mbas,45 :: 		sub procedure SETENTA
;pulso.mbas,46 :: 		UART1_Write(0X7E)
0x0024	0x307E      	MOVLW      126
0x0025	0x1283      	BCF        STATUS, 5
0x0026	0x1303      	BCF        STATUS, 6
0x0027	0x00AD      	MOVWF      FARG_UART1_Write_data_
0x0028	0x2003      	CALL       _UART1_Write
;pulso.mbas,47 :: 		UART1_Write(0XFF)
0x0029	0x30FF      	MOVLW      255
0x002A	0x00AD      	MOVWF      FARG_UART1_Write_data_
0x002B	0x2003      	CALL       _UART1_Write
;pulso.mbas,48 :: 		UART1_Write(0X06)
0x002C	0x3006      	MOVLW      6
0x002D	0x00AD      	MOVWF      FARG_UART1_Write_data_
0x002E	0x2003      	CALL       _UART1_Write
;pulso.mbas,49 :: 		UART1_Write(0X03)
0x002F	0x3003      	MOVLW      3
0x0030	0x00AD      	MOVWF      FARG_UART1_Write_data_
0x0031	0x2003      	CALL       _UART1_Write
;pulso.mbas,50 :: 		UART1_Write(0X00)
0x0032	0x01AD      	CLRF       FARG_UART1_Write_data_
0x0033	0x2003      	CALL       _UART1_Write
;pulso.mbas,51 :: 		UART1_Write(0X00)'HIGH
0x0034	0x01AD      	CLRF       FARG_UART1_Write_data_
0x0035	0x2003      	CALL       _UART1_Write
;pulso.mbas,52 :: 		UART1_Write(0X46)'LOW
0x0036	0x3046      	MOVLW      70
0x0037	0x00AD      	MOVWF      FARG_UART1_Write_data_
0x0038	0x2003      	CALL       _UART1_Write
;pulso.mbas,53 :: 		UART1_Write(0XFF)
0x0039	0x30FF      	MOVLW      255
0x003A	0x00AD      	MOVWF      FARG_UART1_Write_data_
0x003B	0x2003      	CALL       _UART1_Write
;pulso.mbas,54 :: 		UART1_Write(0XE6)
0x003C	0x30E6      	MOVLW      230
0x003D	0x00AD      	MOVWF      FARG_UART1_Write_data_
0x003E	0x2003      	CALL       _UART1_Write
;pulso.mbas,55 :: 		UART1_Write(0XEF)
0x003F	0x30EF      	MOVLW      239
0x0040	0x00AD      	MOVWF      FARG_UART1_Write_data_
0x0041	0x2003      	CALL       _UART1_Write
0x0042	0x0008      	RETURN
; end of pulso_SETENTA
pulso_sonido:
;pulso.mbas,4 :: 		sub procedure sonido
;pulso.mbas,5 :: 		PORTD.RD2=1
0x0043	0x1283      	BCF        STATUS, 5
0x0044	0x1303      	BCF        STATUS, 6
0x0045	0x1508      	BSF        PORTD, 2
;pulso.mbas,6 :: 		Delay_ms(100)
0x0046	0x3082      	MOVLW      130
0x0047	0x00FC      	MOVWF      R12
0x0048	0x30DD      	MOVLW      221
0x0049	0x00FD      	MOVWF      R13
L_pulso_sonido1:
0x004A	0x0BFD      	DECFSZ     R13, 1
0x004B	0x284A      	GOTO       L_pulso_sonido1
0x004C	0x0BFC      	DECFSZ     R12, 1
0x004D	0x284A      	GOTO       L_pulso_sonido1
0x004E	0x0000      	NOP
0x004F	0x0000      	NOP
;pulso.mbas,7 :: 		PORTD.RD2=0
0x0050	0x1108      	BCF        PORTD, 2
0x0051	0x0008      	RETURN
; end of pulso_sonido
_Div_8x8_U:
;__Lib_Math.mpas,173 :: 		
;__Lib_Math.mpas,180 :: 		
0x0052	0x1283      	BCF        STATUS, 5
0x0053	0x1303      	BCF        STATUS, 6
0x0054	0x0874      	MOVF       R4, 0
0x0055	0x3A00      	XORLW      0
0x0056	0x1D03      	BTFSS      STATUS, 2
0x0057	0x285B      	GOTO       L__Div_8x8_U4
;__Lib_Math.mpas,182 :: 		
0x0058	0x30FF      	MOVLW      255
0x0059	0x00F0      	MOVWF      R0
;__Lib_Math.mpas,183 :: 		
0x005A	0x286B      	GOTO       L_end__Div_8x8_U
;__Lib_Math.mpas,184 :: 		
L__Div_8x8_U4:
;__Lib_Math.mpas,187 :: 		
0x005B	0x1283      	BCF        STATUS, 5
;__Lib_Math.mpas,188 :: 		
0x005C	0x1303      	BCF        STATUS, 6
;__Lib_Math.mpas,189 :: 		
0x005D	0x01F8      	CLRF       R8
;__Lib_Math.mpas,190 :: 		
0x005E	0x3008      	MOVLW      8
;__Lib_Math.mpas,191 :: 		
0x005F	0x00FC      	MOVWF      R12
;__Lib_Math.mpas,192 :: 		
0x0060	0x0D70      	RLF        R0, 0
;__Lib_Math.mpas,193 :: 		
0x0061	0x0DF8      	RLF        R8, 1
;__Lib_Math.mpas,194 :: 		
0x0062	0x0874      	MOVF       R4, 0
;__Lib_Math.mpas,195 :: 		
0x0063	0x02F8      	SUBWF      R8, 1
;__Lib_Math.mpas,196 :: 		
0x0064	0x1803      	BTFSC      STATUS, 0
;__Lib_Math.mpas,197 :: 		
0x0065	0x2868      	GOTO       $+3
;__Lib_Math.mpas,198 :: 		
0x0066	0x07F8      	ADDWF      R8, 1
;__Lib_Math.mpas,199 :: 		
0x0067	0x1003      	BCF        STATUS, 0
;__Lib_Math.mpas,200 :: 		
0x0068	0x0DF0      	RLF        R0, 1
;__Lib_Math.mpas,201 :: 		
0x0069	0x0BFC      	DECFSZ     R12, 1
;__Lib_Math.mpas,202 :: 		
0x006A	0x2860      	GOTO       $-10
;__Lib_Math.mpas,204 :: 		
L_end__Div_8x8_U:
0x006B	0x0008      	RETURN
; end of _Div_8x8_U
pulso_INICIO:
;pulso.mbas,9 :: 		sub procedure INICIO
;pulso.mbas,10 :: 		UART1_Write(0X7E)
0x006C	0x307E      	MOVLW      126
0x006D	0x1283      	BCF        STATUS, 5
0x006E	0x1303      	BCF        STATUS, 6
0x006F	0x00AD      	MOVWF      FARG_UART1_Write_data_
0x0070	0x2003      	CALL       _UART1_Write
;pulso.mbas,11 :: 		UART1_Write(0XFF)
0x0071	0x30FF      	MOVLW      255
0x0072	0x00AD      	MOVWF      FARG_UART1_Write_data_
0x0073	0x2003      	CALL       _UART1_Write
;pulso.mbas,12 :: 		UART1_Write(0X06)
0x0074	0x3006      	MOVLW      6
0x0075	0x00AD      	MOVWF      FARG_UART1_Write_data_
0x0076	0x2003      	CALL       _UART1_Write
;pulso.mbas,13 :: 		UART1_Write(0X03)
0x0077	0x3003      	MOVLW      3
0x0078	0x00AD      	MOVWF      FARG_UART1_Write_data_
0x0079	0x2003      	CALL       _UART1_Write
;pulso.mbas,14 :: 		UART1_Write(0X00)
0x007A	0x01AD      	CLRF       FARG_UART1_Write_data_
0x007B	0x2003      	CALL       _UART1_Write
;pulso.mbas,15 :: 		UART1_Write(0X00)'HIGH
0x007C	0x01AD      	CLRF       FARG_UART1_Write_data_
0x007D	0x2003      	CALL       _UART1_Write
;pulso.mbas,16 :: 		UART1_Write(0X00)'LOW
0x007E	0x01AD      	CLRF       FARG_UART1_Write_data_
0x007F	0x2003      	CALL       _UART1_Write
;pulso.mbas,17 :: 		UART1_Write(0XFF)
0x0080	0x30FF      	MOVLW      255
0x0081	0x00AD      	MOVWF      FARG_UART1_Write_data_
0x0082	0x2003      	CALL       _UART1_Write
;pulso.mbas,18 :: 		UART1_Write(0XE6)
0x0083	0x30E6      	MOVLW      230
0x0084	0x00AD      	MOVWF      FARG_UART1_Write_data_
0x0085	0x2003      	CALL       _UART1_Write
;pulso.mbas,19 :: 		UART1_Write(0XEF)
0x0086	0x30EF      	MOVLW      239
0x0087	0x00AD      	MOVWF      FARG_UART1_Write_data_
0x0088	0x2003      	CALL       _UART1_Write
0x0089	0x0008      	RETURN
; end of pulso_INICIO
pulso_SESENTA:
;pulso.mbas,33 :: 		sub procedure SESENTA '0070
;pulso.mbas,34 :: 		UART1_Write(0X7E)
0x008A	0x307E      	MOVLW      126
0x008B	0x1283      	BCF        STATUS, 5
0x008C	0x1303      	BCF        STATUS, 6
0x008D	0x00AD      	MOVWF      FARG_UART1_Write_data_
0x008E	0x2003      	CALL       _UART1_Write
;pulso.mbas,35 :: 		UART1_Write(0XFF)
0x008F	0x30FF      	MOVLW      255
0x0090	0x00AD      	MOVWF      FARG_UART1_Write_data_
0x0091	0x2003      	CALL       _UART1_Write
;pulso.mbas,36 :: 		UART1_Write(0X06)
0x0092	0x3006      	MOVLW      6
0x0093	0x00AD      	MOVWF      FARG_UART1_Write_data_
0x0094	0x2003      	CALL       _UART1_Write
;pulso.mbas,37 :: 		UART1_Write(0X03)
0x0095	0x3003      	MOVLW      3
0x0096	0x00AD      	MOVWF      FARG_UART1_Write_data_
0x0097	0x2003      	CALL       _UART1_Write
;pulso.mbas,38 :: 		UART1_Write(0X00)
0x0098	0x01AD      	CLRF       FARG_UART1_Write_data_
0x0099	0x2003      	CALL       _UART1_Write
;pulso.mbas,39 :: 		UART1_Write(0X00)'HIGH
0x009A	0x01AD      	CLRF       FARG_UART1_Write_data_
0x009B	0x2003      	CALL       _UART1_Write
;pulso.mbas,40 :: 		UART1_Write(0X3C)'LOW
0x009C	0x303C      	MOVLW      60
0x009D	0x00AD      	MOVWF      FARG_UART1_Write_data_
0x009E	0x2003      	CALL       _UART1_Write
;pulso.mbas,41 :: 		UART1_Write(0XFF)
0x009F	0x30FF      	MOVLW      255
0x00A0	0x00AD      	MOVWF      FARG_UART1_Write_data_
0x00A1	0x2003      	CALL       _UART1_Write
;pulso.mbas,42 :: 		UART1_Write(0XE6)
0x00A2	0x30E6      	MOVLW      230
0x00A3	0x00AD      	MOVWF      FARG_UART1_Write_data_
0x00A4	0x2003      	CALL       _UART1_Write
;pulso.mbas,43 :: 		UART1_Write(0XEF)
0x00A5	0x30EF      	MOVLW      239
0x00A6	0x00AD      	MOVWF      FARG_UART1_Write_data_
0x00A7	0x2003      	CALL       _UART1_Write
0x00A8	0x0008      	RETURN
; end of pulso_SESENTA
pulso_NOVENTA:
;pulso.mbas,69 :: 		sub procedure NOVENTA
;pulso.mbas,70 :: 		UART1_Write(0X7E)
0x00A9	0x307E      	MOVLW      126
0x00AA	0x1283      	BCF        STATUS, 5
0x00AB	0x1303      	BCF        STATUS, 6
0x00AC	0x00AD      	MOVWF      FARG_UART1_Write_data_
0x00AD	0x2003      	CALL       _UART1_Write
;pulso.mbas,71 :: 		UART1_Write(0XFF)
0x00AE	0x30FF      	MOVLW      255
0x00AF	0x00AD      	MOVWF      FARG_UART1_Write_data_
0x00B0	0x2003      	CALL       _UART1_Write
;pulso.mbas,72 :: 		UART1_Write(0X06)
0x00B1	0x3006      	MOVLW      6
0x00B2	0x00AD      	MOVWF      FARG_UART1_Write_data_
0x00B3	0x2003      	CALL       _UART1_Write
;pulso.mbas,73 :: 		UART1_Write(0X03)
0x00B4	0x3003      	MOVLW      3
0x00B5	0x00AD      	MOVWF      FARG_UART1_Write_data_
0x00B6	0x2003      	CALL       _UART1_Write
;pulso.mbas,74 :: 		UART1_Write(0X00)
0x00B7	0x01AD      	CLRF       FARG_UART1_Write_data_
0x00B8	0x2003      	CALL       _UART1_Write
;pulso.mbas,75 :: 		UART1_Write(0X00)'HIGH
0x00B9	0x01AD      	CLRF       FARG_UART1_Write_data_
0x00BA	0x2003      	CALL       _UART1_Write
;pulso.mbas,76 :: 		UART1_Write(0X5A)'LOW
0x00BB	0x305A      	MOVLW      90
0x00BC	0x00AD      	MOVWF      FARG_UART1_Write_data_
0x00BD	0x2003      	CALL       _UART1_Write
;pulso.mbas,77 :: 		UART1_Write(0XFF)
0x00BE	0x30FF      	MOVLW      255
0x00BF	0x00AD      	MOVWF      FARG_UART1_Write_data_
0x00C0	0x2003      	CALL       _UART1_Write
;pulso.mbas,78 :: 		UART1_Write(0XE6)
0x00C1	0x30E6      	MOVLW      230
0x00C2	0x00AD      	MOVWF      FARG_UART1_Write_data_
0x00C3	0x2003      	CALL       _UART1_Write
;pulso.mbas,79 :: 		UART1_Write(0XEF)
0x00C4	0x30EF      	MOVLW      239
0x00C5	0x00AD      	MOVWF      FARG_UART1_Write_data_
0x00C6	0x2003      	CALL       _UART1_Write
0x00C7	0x0008      	RETURN
; end of pulso_NOVENTA
_Adc_Read:
;__Lib_ADC_88X.mpas,13 :: 		
;__Lib_ADC_88X.mpas,15 :: 		
0x00C8	0x303C      	MOVLW      60
0x00C9	0x1283      	BCF        STATUS, 5
0x00CA	0x1303      	BCF        STATUS, 6
0x00CB	0x059F      	ANDWF      ADCON0, 1
;__Lib_ADC_88X.mpas,19 :: 		
0x00CC	0x30C0      	MOVLW      192
0x00CD	0x009F      	MOVWF      ADCON0
;__Lib_ADC_88X.mpas,20 :: 		
0x00CE	0x082A      	MOVF       FARG_Adc_Read_channel, 0
0x00CF	0x00F0      	MOVWF      R0
0x00D0	0x0DF0      	RLF        R0, 1
0x00D1	0x1070      	BCF        R0, 0
0x00D2	0x0DF0      	RLF        R0, 1
0x00D3	0x1070      	BCF        R0, 0
0x00D4	0x0870      	MOVF       R0, 0
0x00D5	0x049F      	IORWF      ADCON0, 1
;__Lib_ADC_88X.mpas,21 :: 		
0x00D6	0x1683      	BSF        STATUS, 5
0x00D7	0x179F      	BSF        ADCON1, 7
;__Lib_ADC_88X.mpas,24 :: 		
0x00D8	0x1283      	BCF        STATUS, 5
0x00D9	0x141F      	BSF        ADCON0, 0
;__Lib_ADC_88X.mpas,27 :: 		
0x00DA	0x200D      	CALL       _Delay_22us
;__Lib_ADC_88X.mpas,30 :: 		
0x00DB	0x149F      	BSF        ADCON0, 1
;__Lib_ADC_88X.mpas,33 :: 		
L__Adc_Read2:
0x00DC	0x1C9F      	BTFSS      ADCON0, 1
0x00DD	0x28E0      	GOTO       L__Adc_Read3
0x00DE	0x0000      	NOP
0x00DF	0x28DC      	GOTO       L__Adc_Read2
L__Adc_Read3:
;__Lib_ADC_88X.mpas,36 :: 		
0x00E0	0x101F      	BCF        ADCON0, 0
;__Lib_ADC_88X.mpas,39 :: 		
0x00E1	0x081E      	MOVF       ADRESH, 0
0x00E2	0x00F1      	MOVWF      R0+1
0x00E3	0x01F0      	CLRF       R0
0x00E4	0x1683      	BSF        STATUS, 5
0x00E5	0x081E      	MOVF       ADRESL, 0
0x00E6	0x0470      	IORWF      R0, 0
0x00E7	0x1283      	BCF        STATUS, 5
0x00E8	0x00AB      	MOVWF      Adc_Read_local_result
0x00E9	0x0871      	MOVF       R0+1, 0
0x00EA	0x00AC      	MOVWF      Adc_Read_local_result+1
0x00EB	0x3000      	MOVLW      0
0x00EC	0x04AC      	IORWF      Adc_Read_local_result+1, 1
;__Lib_ADC_88X.mpas,41 :: 		
0x00ED	0x082B      	MOVF       Adc_Read_local_result, 0
0x00EE	0x00F0      	MOVWF      R0
0x00EF	0x082C      	MOVF       Adc_Read_local_result+1, 0
0x00F0	0x00F1      	MOVWF      R0+1
0x00F1	0x0008      	RETURN
; end of _Adc_Read
pulso_OCHENTA:
;pulso.mbas,57 :: 		sub procedure OCHENTA
;pulso.mbas,58 :: 		UART1_Write(0X7E)
0x00F2	0x307E      	MOVLW      126
0x00F3	0x1283      	BCF        STATUS, 5
0x00F4	0x1303      	BCF        STATUS, 6
0x00F5	0x00AD      	MOVWF      FARG_UART1_Write_data_
0x00F6	0x2003      	CALL       _UART1_Write
;pulso.mbas,59 :: 		UART1_Write(0XFF)
0x00F7	0x30FF      	MOVLW      255
0x00F8	0x00AD      	MOVWF      FARG_UART1_Write_data_
0x00F9	0x2003      	CALL       _UART1_Write
;pulso.mbas,60 :: 		UART1_Write(0X06)
0x00FA	0x3006      	MOVLW      6
0x00FB	0x00AD      	MOVWF      FARG_UART1_Write_data_
0x00FC	0x2003      	CALL       _UART1_Write
;pulso.mbas,61 :: 		UART1_Write(0X03)
0x00FD	0x3003      	MOVLW      3
0x00FE	0x00AD      	MOVWF      FARG_UART1_Write_data_
0x00FF	0x2003      	CALL       _UART1_Write
;pulso.mbas,62 :: 		UART1_Write(0X00)
0x0100	0x01AD      	CLRF       FARG_UART1_Write_data_
0x0101	0x2003      	CALL       _UART1_Write
;pulso.mbas,63 :: 		UART1_Write(0X00)'HIGH
0x0102	0x01AD      	CLRF       FARG_UART1_Write_data_
0x0103	0x2003      	CALL       _UART1_Write
;pulso.mbas,64 :: 		UART1_Write(0X50)'LOW
0x0104	0x3050      	MOVLW      80
0x0105	0x00AD      	MOVWF      FARG_UART1_Write_data_
0x0106	0x2003      	CALL       _UART1_Write
;pulso.mbas,65 :: 		UART1_Write(0XFF)
0x0107	0x30FF      	MOVLW      255
0x0108	0x00AD      	MOVWF      FARG_UART1_Write_data_
0x0109	0x2003      	CALL       _UART1_Write
;pulso.mbas,66 :: 		UART1_Write(0XE6)
0x010A	0x30E6      	MOVLW      230
0x010B	0x00AD      	MOVWF      FARG_UART1_Write_data_
0x010C	0x2003      	CALL       _UART1_Write
;pulso.mbas,67 :: 		UART1_Write(0XEF)
0x010D	0x30EF      	MOVLW      239
0x010E	0x00AD      	MOVWF      FARG_UART1_Write_data_
0x010F	0x2003      	CALL       _UART1_Write
0x0110	0x0008      	RETURN
; end of pulso_OCHENTA
pulso_NUEVE:
;pulso.mbas,177 :: 		sub procedure NUEVE
;pulso.mbas,178 :: 		UART1_Write(0X7E)
0x0111	0x307E      	MOVLW      126
0x0112	0x1283      	BCF        STATUS, 5
0x0113	0x1303      	BCF        STATUS, 6
0x0114	0x00AD      	MOVWF      FARG_UART1_Write_data_
0x0115	0x2003      	CALL       _UART1_Write
;pulso.mbas,179 :: 		UART1_Write(0XFF)
0x0116	0x30FF      	MOVLW      255
0x0117	0x00AD      	MOVWF      FARG_UART1_Write_data_
0x0118	0x2003      	CALL       _UART1_Write
;pulso.mbas,180 :: 		UART1_Write(0X06)
0x0119	0x3006      	MOVLW      6
0x011A	0x00AD      	MOVWF      FARG_UART1_Write_data_
0x011B	0x2003      	CALL       _UART1_Write
;pulso.mbas,181 :: 		UART1_Write(0X03)
0x011C	0x3003      	MOVLW      3
0x011D	0x00AD      	MOVWF      FARG_UART1_Write_data_
0x011E	0x2003      	CALL       _UART1_Write
;pulso.mbas,182 :: 		UART1_Write(0X00)
0x011F	0x01AD      	CLRF       FARG_UART1_Write_data_
0x0120	0x2003      	CALL       _UART1_Write
;pulso.mbas,183 :: 		UART1_Write(0X00)'HIGH
0x0121	0x01AD      	CLRF       FARG_UART1_Write_data_
0x0122	0x2003      	CALL       _UART1_Write
;pulso.mbas,184 :: 		UART1_Write(0X09)'LOW
0x0123	0x3009      	MOVLW      9
0x0124	0x00AD      	MOVWF      FARG_UART1_Write_data_
0x0125	0x2003      	CALL       _UART1_Write
;pulso.mbas,185 :: 		UART1_Write(0XFF)
0x0126	0x30FF      	MOVLW      255
0x0127	0x00AD      	MOVWF      FARG_UART1_Write_data_
0x0128	0x2003      	CALL       _UART1_Write
;pulso.mbas,186 :: 		UART1_Write(0XE6)
0x0129	0x30E6      	MOVLW      230
0x012A	0x00AD      	MOVWF      FARG_UART1_Write_data_
0x012B	0x2003      	CALL       _UART1_Write
;pulso.mbas,187 :: 		UART1_Write(0XEF)
0x012C	0x30EF      	MOVLW      239
0x012D	0x00AD      	MOVWF      FARG_UART1_Write_data_
0x012E	0x2003      	CALL       _UART1_Write
0x012F	0x0008      	RETURN
; end of pulso_NUEVE
pulso_UNO:
;pulso.mbas,81 :: 		sub procedure UNO
;pulso.mbas,82 :: 		UART1_Write(0X7E)
0x0130	0x307E      	MOVLW      126
0x0131	0x1283      	BCF        STATUS, 5
0x0132	0x1303      	BCF        STATUS, 6
0x0133	0x00AD      	MOVWF      FARG_UART1_Write_data_
0x0134	0x2003      	CALL       _UART1_Write
;pulso.mbas,83 :: 		UART1_Write(0XFF)
0x0135	0x30FF      	MOVLW      255
0x0136	0x00AD      	MOVWF      FARG_UART1_Write_data_
0x0137	0x2003      	CALL       _UART1_Write
;pulso.mbas,84 :: 		UART1_Write(0X06)
0x0138	0x3006      	MOVLW      6
0x0139	0x00AD      	MOVWF      FARG_UART1_Write_data_
0x013A	0x2003      	CALL       _UART1_Write
;pulso.mbas,85 :: 		UART1_Write(0X03)
0x013B	0x3003      	MOVLW      3
0x013C	0x00AD      	MOVWF      FARG_UART1_Write_data_
0x013D	0x2003      	CALL       _UART1_Write
;pulso.mbas,86 :: 		UART1_Write(0X00)
0x013E	0x01AD      	CLRF       FARG_UART1_Write_data_
0x013F	0x2003      	CALL       _UART1_Write
;pulso.mbas,87 :: 		UART1_Write(0X00)'HIGH
0x0140	0x01AD      	CLRF       FARG_UART1_Write_data_
0x0141	0x2003      	CALL       _UART1_Write
;pulso.mbas,88 :: 		UART1_Write(0X01)'LOW
0x0142	0x3001      	MOVLW      1
0x0143	0x00AD      	MOVWF      FARG_UART1_Write_data_
0x0144	0x2003      	CALL       _UART1_Write
;pulso.mbas,89 :: 		UART1_Write(0XFF)
0x0145	0x30FF      	MOVLW      255
0x0146	0x00AD      	MOVWF      FARG_UART1_Write_data_
0x0147	0x2003      	CALL       _UART1_Write
;pulso.mbas,90 :: 		UART1_Write(0XE6)
0x0148	0x30E6      	MOVLW      230
0x0149	0x00AD      	MOVWF      FARG_UART1_Write_data_
0x014A	0x2003      	CALL       _UART1_Write
;pulso.mbas,91 :: 		UART1_Write(0XEF)
0x014B	0x30EF      	MOVLW      239
0x014C	0x00AD      	MOVWF      FARG_UART1_Write_data_
0x014D	0x2003      	CALL       _UART1_Write
0x014E	0x0008      	RETURN
; end of pulso_UNO
pulso_DOS:
;pulso.mbas,93 :: 		sub procedure DOS
;pulso.mbas,94 :: 		UART1_Write(0X7E)
0x014F	0x307E      	MOVLW      126
0x0150	0x1283      	BCF        STATUS, 5
0x0151	0x1303      	BCF        STATUS, 6
0x0152	0x00AD      	MOVWF      FARG_UART1_Write_data_
0x0153	0x2003      	CALL       _UART1_Write
;pulso.mbas,95 :: 		UART1_Write(0XFF)
0x0154	0x30FF      	MOVLW      255
0x0155	0x00AD      	MOVWF      FARG_UART1_Write_data_
0x0156	0x2003      	CALL       _UART1_Write
;pulso.mbas,96 :: 		UART1_Write(0X06)
0x0157	0x3006      	MOVLW      6
0x0158	0x00AD      	MOVWF      FARG_UART1_Write_data_
0x0159	0x2003      	CALL       _UART1_Write
;pulso.mbas,97 :: 		UART1_Write(0X03)
0x015A	0x3003      	MOVLW      3
0x015B	0x00AD      	MOVWF      FARG_UART1_Write_data_
0x015C	0x2003      	CALL       _UART1_Write
;pulso.mbas,98 :: 		UART1_Write(0X00)
0x015D	0x01AD      	CLRF       FARG_UART1_Write_data_
0x015E	0x2003      	CALL       _UART1_Write
;pulso.mbas,99 :: 		UART1_Write(0X00)'HIGH
0x015F	0x01AD      	CLRF       FARG_UART1_Write_data_
0x0160	0x2003      	CALL       _UART1_Write
;pulso.mbas,100 :: 		UART1_Write(0X02)'LOW
0x0161	0x3002      	MOVLW      2
0x0162	0x00AD      	MOVWF      FARG_UART1_Write_data_
0x0163	0x2003      	CALL       _UART1_Write
;pulso.mbas,101 :: 		UART1_Write(0XFF)
0x0164	0x30FF      	MOVLW      255
0x0165	0x00AD      	MOVWF      FARG_UART1_Write_data_
0x0166	0x2003      	CALL       _UART1_Write
;pulso.mbas,102 :: 		UART1_Write(0XE6)
0x0167	0x30E6      	MOVLW      230
0x0168	0x00AD      	MOVWF      FARG_UART1_Write_data_
0x0169	0x2003      	CALL       _UART1_Write
;pulso.mbas,103 :: 		UART1_Write(0XEF)
0x016A	0x30EF      	MOVLW      239
0x016B	0x00AD      	MOVWF      FARG_UART1_Write_data_
0x016C	0x2003      	CALL       _UART1_Write
0x016D	0x0008      	RETURN
; end of pulso_DOS
pulso_TRES:
;pulso.mbas,105 :: 		sub procedure TRES
;pulso.mbas,106 :: 		UART1_Write(0X7E)
0x016E	0x307E      	MOVLW      126
0x016F	0x1283      	BCF        STATUS, 5
0x0170	0x1303      	BCF        STATUS, 6
0x0171	0x00AD      	MOVWF      FARG_UART1_Write_data_
0x0172	0x2003      	CALL       _UART1_Write
;pulso.mbas,107 :: 		UART1_Write(0XFF)
0x0173	0x30FF      	MOVLW      255
0x0174	0x00AD      	MOVWF      FARG_UART1_Write_data_
0x0175	0x2003      	CALL       _UART1_Write
;pulso.mbas,108 :: 		UART1_Write(0X06)
0x0176	0x3006      	MOVLW      6
0x0177	0x00AD      	MOVWF      FARG_UART1_Write_data_
0x0178	0x2003      	CALL       _UART1_Write
;pulso.mbas,109 :: 		UART1_Write(0X03)
0x0179	0x3003      	MOVLW      3
0x017A	0x00AD      	MOVWF      FARG_UART1_Write_data_
0x017B	0x2003      	CALL       _UART1_Write
;pulso.mbas,110 :: 		UART1_Write(0X00)
0x017C	0x01AD      	CLRF       FARG_UART1_Write_data_
0x017D	0x2003      	CALL       _UART1_Write
;pulso.mbas,111 :: 		UART1_Write(0X00)'HIGH
0x017E	0x01AD      	CLRF       FARG_UART1_Write_data_
0x017F	0x2003      	CALL       _UART1_Write
;pulso.mbas,112 :: 		UART1_Write(0X03)'LOW
0x0180	0x3003      	MOVLW      3
0x0181	0x00AD      	MOVWF      FARG_UART1_Write_data_
0x0182	0x2003      	CALL       _UART1_Write
;pulso.mbas,113 :: 		UART1_Write(0XFF)
0x0183	0x30FF      	MOVLW      255
0x0184	0x00AD      	MOVWF      FARG_UART1_Write_data_
0x0185	0x2003      	CALL       _UART1_Write
;pulso.mbas,114 :: 		UART1_Write(0XE6)
0x0186	0x30E6      	MOVLW      230
0x0187	0x00AD      	MOVWF      FARG_UART1_Write_data_
0x0188	0x2003      	CALL       _UART1_Write
;pulso.mbas,115 :: 		UART1_Write(0XEF)
0x0189	0x30EF      	MOVLW      239
0x018A	0x00AD      	MOVWF      FARG_UART1_Write_data_
0x018B	0x2003      	CALL       _UART1_Write
0x018C	0x0008      	RETURN
; end of pulso_TRES
pulso_CUATRO:
;pulso.mbas,117 :: 		sub procedure CUATRO
;pulso.mbas,118 :: 		UART1_Write(0X7E)
0x018D	0x307E      	MOVLW      126
0x018E	0x1283      	BCF        STATUS, 5
0x018F	0x1303      	BCF        STATUS, 6
0x0190	0x00AD      	MOVWF      FARG_UART1_Write_data_
0x0191	0x2003      	CALL       _UART1_Write
;pulso.mbas,119 :: 		UART1_Write(0XFF)
0x0192	0x30FF      	MOVLW      255
0x0193	0x00AD      	MOVWF      FARG_UART1_Write_data_
0x0194	0x2003      	CALL       _UART1_Write
;pulso.mbas,120 :: 		UART1_Write(0X06)
0x0195	0x3006      	MOVLW      6
0x0196	0x00AD      	MOVWF      FARG_UART1_Write_data_
0x0197	0x2003      	CALL       _UART1_Write
;pulso.mbas,121 :: 		UART1_Write(0X03)
0x0198	0x3003      	MOVLW      3
0x0199	0x00AD      	MOVWF      FARG_UART1_Write_data_
0x019A	0x2003      	CALL       _UART1_Write
;pulso.mbas,122 :: 		UART1_Write(0X00)
0x019B	0x01AD      	CLRF       FARG_UART1_Write_data_
0x019C	0x2003      	CALL       _UART1_Write
;pulso.mbas,123 :: 		UART1_Write(0X00)'HIGH
0x019D	0x01AD      	CLRF       FARG_UART1_Write_data_
0x019E	0x2003      	CALL       _UART1_Write
;pulso.mbas,124 :: 		UART1_Write(0X04)'LOW
0x019F	0x3004      	MOVLW      4
0x01A0	0x00AD      	MOVWF      FARG_UART1_Write_data_
0x01A1	0x2003      	CALL       _UART1_Write
;pulso.mbas,125 :: 		UART1_Write(0XFF)
0x01A2	0x30FF      	MOVLW      255
0x01A3	0x00AD      	MOVWF      FARG_UART1_Write_data_
0x01A4	0x2003      	CALL       _UART1_Write
;pulso.mbas,126 :: 		UART1_Write(0XE6)
0x01A5	0x30E6      	MOVLW      230
0x01A6	0x00AD      	MOVWF      FARG_UART1_Write_data_
0x01A7	0x2003      	CALL       _UART1_Write
;pulso.mbas,127 :: 		UART1_Write(0XEF)
0x01A8	0x30EF      	MOVLW      239
0x01A9	0x00AD      	MOVWF      FARG_UART1_Write_data_
0x01AA	0x2003      	CALL       _UART1_Write
0x01AB	0x0008      	RETURN
; end of pulso_CUATRO
pulso_CINCO:
;pulso.mbas,129 :: 		sub procedure CINCO
;pulso.mbas,130 :: 		UART1_Write(0X7E)
0x01AC	0x307E      	MOVLW      126
0x01AD	0x1283      	BCF        STATUS, 5
0x01AE	0x1303      	BCF        STATUS, 6
0x01AF	0x00AD      	MOVWF      FARG_UART1_Write_data_
0x01B0	0x2003      	CALL       _UART1_Write
;pulso.mbas,131 :: 		UART1_Write(0XFF)
0x01B1	0x30FF      	MOVLW      255
0x01B2	0x00AD      	MOVWF      FARG_UART1_Write_data_
0x01B3	0x2003      	CALL       _UART1_Write
;pulso.mbas,132 :: 		UART1_Write(0X06)
0x01B4	0x3006      	MOVLW      6
0x01B5	0x00AD      	MOVWF      FARG_UART1_Write_data_
0x01B6	0x2003      	CALL       _UART1_Write
;pulso.mbas,133 :: 		UART1_Write(0X03)
0x01B7	0x3003      	MOVLW      3
0x01B8	0x00AD      	MOVWF      FARG_UART1_Write_data_
0x01B9	0x2003      	CALL       _UART1_Write
;pulso.mbas,134 :: 		UART1_Write(0X00)
0x01BA	0x01AD      	CLRF       FARG_UART1_Write_data_
0x01BB	0x2003      	CALL       _UART1_Write
;pulso.mbas,135 :: 		UART1_Write(0X00)'HIGH
0x01BC	0x01AD      	CLRF       FARG_UART1_Write_data_
0x01BD	0x2003      	CALL       _UART1_Write
;pulso.mbas,136 :: 		UART1_Write(0X05)'LOW
0x01BE	0x3005      	MOVLW      5
0x01BF	0x00AD      	MOVWF      FARG_UART1_Write_data_
0x01C0	0x2003      	CALL       _UART1_Write
;pulso.mbas,137 :: 		UART1_Write(0XFF)
0x01C1	0x30FF      	MOVLW      255
0x01C2	0x00AD      	MOVWF      FARG_UART1_Write_data_
0x01C3	0x2003      	CALL       _UART1_Write
;pulso.mbas,138 :: 		UART1_Write(0XE6)
0x01C4	0x30E6      	MOVLW      230
0x01C5	0x00AD      	MOVWF      FARG_UART1_Write_data_
0x01C6	0x2003      	CALL       _UART1_Write
;pulso.mbas,139 :: 		UART1_Write(0XEF)
0x01C7	0x30EF      	MOVLW      239
0x01C8	0x00AD      	MOVWF      FARG_UART1_Write_data_
0x01C9	0x2003      	CALL       _UART1_Write
0x01CA	0x0008      	RETURN
; end of pulso_CINCO
pulso_SEIS:
;pulso.mbas,141 :: 		sub procedure SEIS
;pulso.mbas,142 :: 		UART1_Write(0X7E)
0x01CB	0x307E      	MOVLW      126
0x01CC	0x1283      	BCF        STATUS, 5
0x01CD	0x1303      	BCF        STATUS, 6
0x01CE	0x00AD      	MOVWF      FARG_UART1_Write_data_
0x01CF	0x2003      	CALL       _UART1_Write
;pulso.mbas,143 :: 		UART1_Write(0XFF)
0x01D0	0x30FF      	MOVLW      255
0x01D1	0x00AD      	MOVWF      FARG_UART1_Write_data_
0x01D2	0x2003      	CALL       _UART1_Write
;pulso.mbas,144 :: 		UART1_Write(0X06)
0x01D3	0x3006      	MOVLW      6
0x01D4	0x00AD      	MOVWF      FARG_UART1_Write_data_
0x01D5	0x2003      	CALL       _UART1_Write
;pulso.mbas,145 :: 		UART1_Write(0X03)
0x01D6	0x3003      	MOVLW      3
0x01D7	0x00AD      	MOVWF      FARG_UART1_Write_data_
0x01D8	0x2003      	CALL       _UART1_Write
;pulso.mbas,146 :: 		UART1_Write(0X00)
0x01D9	0x01AD      	CLRF       FARG_UART1_Write_data_
0x01DA	0x2003      	CALL       _UART1_Write
;pulso.mbas,147 :: 		UART1_Write(0X00)'HIGH
0x01DB	0x01AD      	CLRF       FARG_UART1_Write_data_
0x01DC	0x2003      	CALL       _UART1_Write
;pulso.mbas,148 :: 		UART1_Write(0X06)'LOW
0x01DD	0x3006      	MOVLW      6
0x01DE	0x00AD      	MOVWF      FARG_UART1_Write_data_
0x01DF	0x2003      	CALL       _UART1_Write
;pulso.mbas,149 :: 		UART1_Write(0XFF)
0x01E0	0x30FF      	MOVLW      255
0x01E1	0x00AD      	MOVWF      FARG_UART1_Write_data_
0x01E2	0x2003      	CALL       _UART1_Write
;pulso.mbas,150 :: 		UART1_Write(0XE6)
0x01E3	0x30E6      	MOVLW      230
0x01E4	0x00AD      	MOVWF      FARG_UART1_Write_data_
0x01E5	0x2003      	CALL       _UART1_Write
;pulso.mbas,151 :: 		UART1_Write(0XEF)
0x01E6	0x30EF      	MOVLW      239
0x01E7	0x00AD      	MOVWF      FARG_UART1_Write_data_
0x01E8	0x2003      	CALL       _UART1_Write
0x01E9	0x0008      	RETURN
; end of pulso_SEIS
pulso_FIN:
;pulso.mbas,21 :: 		sub procedure FIN
;pulso.mbas,22 :: 		UART1_Write(0X7E)
0x01EA	0x307E      	MOVLW      126
0x01EB	0x1283      	BCF        STATUS, 5
0x01EC	0x1303      	BCF        STATUS, 6
0x01ED	0x00AD      	MOVWF      FARG_UART1_Write_data_
0x01EE	0x2003      	CALL       _UART1_Write
;pulso.mbas,23 :: 		UART1_Write(0XFF)
0x01EF	0x30FF      	MOVLW      255
0x01F0	0x00AD      	MOVWF      FARG_UART1_Write_data_
0x01F1	0x2003      	CALL       _UART1_Write
;pulso.mbas,24 :: 		UART1_Write(0X06)
0x01F2	0x3006      	MOVLW      6
0x01F3	0x00AD      	MOVWF      FARG_UART1_Write_data_
0x01F4	0x2003      	CALL       _UART1_Write
;pulso.mbas,25 :: 		UART1_Write(0X03)
0x01F5	0x3003      	MOVLW      3
0x01F6	0x00AD      	MOVWF      FARG_UART1_Write_data_
0x01F7	0x2003      	CALL       _UART1_Write
;pulso.mbas,26 :: 		UART1_Write(0X00)
0x01F8	0x01AD      	CLRF       FARG_UART1_Write_data_
0x01F9	0x2003      	CALL       _UART1_Write
;pulso.mbas,27 :: 		UART1_Write(0X00)'HIGH
0x01FA	0x01AD      	CLRF       FARG_UART1_Write_data_
0x01FB	0x2003      	CALL       _UART1_Write
;pulso.mbas,28 :: 		UART1_Write(0X00)'LOW
0x01FC	0x01AD      	CLRF       FARG_UART1_Write_data_
0x01FD	0x2003      	CALL       _UART1_Write
;pulso.mbas,29 :: 		UART1_Write(0XFF)
0x01FE	0x30FF      	MOVLW      255
0x01FF	0x00AD      	MOVWF      FARG_UART1_Write_data_
0x0200	0x2003      	CALL       _UART1_Write
;pulso.mbas,30 :: 		UART1_Write(0XE6)
0x0201	0x30E6      	MOVLW      230
0x0202	0x00AD      	MOVWF      FARG_UART1_Write_data_
0x0203	0x2003      	CALL       _UART1_Write
;pulso.mbas,31 :: 		UART1_Write(0XEF)
0x0204	0x30EF      	MOVLW      239
0x0205	0x00AD      	MOVWF      FARG_UART1_Write_data_
0x0206	0x2003      	CALL       _UART1_Write
0x0207	0x0008      	RETURN
; end of pulso_FIN
pulso_OCHO:
;pulso.mbas,165 :: 		sub procedure OCHO
;pulso.mbas,166 :: 		UART1_Write(0X7E)
0x0208	0x307E      	MOVLW      126
0x0209	0x1283      	BCF        STATUS, 5
0x020A	0x1303      	BCF        STATUS, 6
0x020B	0x00AD      	MOVWF      FARG_UART1_Write_data_
0x020C	0x2003      	CALL       _UART1_Write
;pulso.mbas,167 :: 		UART1_Write(0XFF)
0x020D	0x30FF      	MOVLW      255
0x020E	0x00AD      	MOVWF      FARG_UART1_Write_data_
0x020F	0x2003      	CALL       _UART1_Write
;pulso.mbas,168 :: 		UART1_Write(0X06)
0x0210	0x3006      	MOVLW      6
0x0211	0x00AD      	MOVWF      FARG_UART1_Write_data_
0x0212	0x2003      	CALL       _UART1_Write
;pulso.mbas,169 :: 		UART1_Write(0X03)
0x0213	0x3003      	MOVLW      3
0x0214	0x00AD      	MOVWF      FARG_UART1_Write_data_
0x0215	0x2003      	CALL       _UART1_Write
;pulso.mbas,170 :: 		UART1_Write(0X00)
0x0216	0x01AD      	CLRF       FARG_UART1_Write_data_
0x0217	0x2003      	CALL       _UART1_Write
;pulso.mbas,171 :: 		UART1_Write(0X00)'HIGH
0x0218	0x01AD      	CLRF       FARG_UART1_Write_data_
0x0219	0x2003      	CALL       _UART1_Write
;pulso.mbas,172 :: 		UART1_Write(0X08)'LOW
0x021A	0x3008      	MOVLW      8
0x021B	0x00AD      	MOVWF      FARG_UART1_Write_data_
0x021C	0x2003      	CALL       _UART1_Write
;pulso.mbas,173 :: 		UART1_Write(0XFF)
0x021D	0x30FF      	MOVLW      255
0x021E	0x00AD      	MOVWF      FARG_UART1_Write_data_
0x021F	0x2003      	CALL       _UART1_Write
;pulso.mbas,174 :: 		UART1_Write(0XE6)
0x0220	0x30E6      	MOVLW      230
0x0221	0x00AD      	MOVWF      FARG_UART1_Write_data_
0x0222	0x2003      	CALL       _UART1_Write
;pulso.mbas,175 :: 		UART1_Write(0XEF)
0x0223	0x30EF      	MOVLW      239
0x0224	0x00AD      	MOVWF      FARG_UART1_Write_data_
0x0225	0x2003      	CALL       _UART1_Write
0x0226	0x0008      	RETURN
; end of pulso_OCHO
_UART1_Read:
;__Lib_UART_c67.mpas,54 :: 		
;__Lib_UART_c67.mpas,55 :: 		
0x0227	0x1283      	BCF        STATUS, 5
0x0228	0x1303      	BCF        STATUS, 6
0x0229	0x081A      	MOVF       RCREG, 0
0x022A	0x00F2      	MOVWF      R2
;__Lib_UART_c67.mpas,56 :: 		
0x022B	0x1C98      	BTFSS      RCSTA, 1
0x022C	0x2A2F      	GOTO       L__UART1_Read9
;__Lib_UART_c67.mpas,58 :: 		
0x022D	0x1218      	BCF        RCSTA, 4
;__Lib_UART_c67.mpas,59 :: 		
0x022E	0x1618      	BSF        RCSTA, 4
;__Lib_UART_c67.mpas,60 :: 		
L__UART1_Read9:
;__Lib_UART_c67.mpas,61 :: 		
0x022F	0x0872      	MOVF       R2, 0
0x0230	0x00F1      	MOVWF      R1
;__Lib_UART_c67.mpas,62 :: 		
0x0231	0x0871      	MOVF       R1, 0
0x0232	0x00F0      	MOVWF      R0
0x0233	0x0008      	RETURN
; end of _UART1_Read
pulso_SIETE:
;pulso.mbas,153 :: 		sub procedure SIETE
;pulso.mbas,154 :: 		UART1_Write(0X7E)
0x0234	0x307E      	MOVLW      126
0x0235	0x1283      	BCF        STATUS, 5
0x0236	0x1303      	BCF        STATUS, 6
0x0237	0x00AD      	MOVWF      FARG_UART1_Write_data_
0x0238	0x2003      	CALL       _UART1_Write
;pulso.mbas,155 :: 		UART1_Write(0XFF)
0x0239	0x30FF      	MOVLW      255
0x023A	0x00AD      	MOVWF      FARG_UART1_Write_data_
0x023B	0x2003      	CALL       _UART1_Write
;pulso.mbas,156 :: 		UART1_Write(0X06)
0x023C	0x3006      	MOVLW      6
0x023D	0x00AD      	MOVWF      FARG_UART1_Write_data_
0x023E	0x2003      	CALL       _UART1_Write
;pulso.mbas,157 :: 		UART1_Write(0X03)
0x023F	0x3003      	MOVLW      3
0x0240	0x00AD      	MOVWF      FARG_UART1_Write_data_
0x0241	0x2003      	CALL       _UART1_Write
;pulso.mbas,158 :: 		UART1_Write(0X00)
0x0242	0x01AD      	CLRF       FARG_UART1_Write_data_
0x0243	0x2003      	CALL       _UART1_Write
;pulso.mbas,159 :: 		UART1_Write(0X00)'HIGH
0x0244	0x01AD      	CLRF       FARG_UART1_Write_data_
0x0245	0x2003      	CALL       _UART1_Write
;pulso.mbas,160 :: 		UART1_Write(0X07)'LOW
0x0246	0x3007      	MOVLW      7
0x0247	0x00AD      	MOVWF      FARG_UART1_Write_data_
0x0248	0x2003      	CALL       _UART1_Write
;pulso.mbas,161 :: 		UART1_Write(0XFF)
0x0249	0x30FF      	MOVLW      255
0x024A	0x00AD      	MOVWF      FARG_UART1_Write_data_
0x024B	0x2003      	CALL       _UART1_Write
;pulso.mbas,162 :: 		UART1_Write(0XE6)
0x024C	0x30E6      	MOVLW      230
0x024D	0x00AD      	MOVWF      FARG_UART1_Write_data_
0x024E	0x2003      	CALL       _UART1_Write
;pulso.mbas,163 :: 		UART1_Write(0XEF)
0x024F	0x30EF      	MOVLW      239
0x0250	0x00AD      	MOVWF      FARG_UART1_Write_data_
0x0251	0x2003      	CALL       _UART1_Write
0x0252	0x0008      	RETURN
; end of pulso_SIETE
_UART1_Data_Ready:
;__Lib_UART_c67.mpas,46 :: 		
;__Lib_UART_c67.mpas,47 :: 		
0x0253	0x3000      	MOVLW      0
0x0254	0x1283      	BCF        STATUS, 5
0x0255	0x1303      	BCF        STATUS, 6
0x0256	0x1A8C      	BTFSC      PIR1, 5
0x0257	0x3001      	MOVLW      1
0x0258	0x00F1      	MOVWF      R1
;__Lib_UART_c67.mpas,48 :: 		
0x0259	0x0871      	MOVF       R1, 0
0x025A	0x00F0      	MOVWF      R0
0x025B	0x0008      	RETURN
; end of _UART1_Data_Ready
_main:
;pulso.mbas,190 :: 		main:
;pulso.mbas,191 :: 		OSCCON     =  0X65  'FRECUENCIA DE TRABAJO A 4 MHz
0x025C	0x3065      	MOVLW      101
0x025D	0x1683      	BSF        STATUS, 5
0x025E	0x1303      	BCF        STATUS, 6
0x025F	0x008F      	MOVWF      OSCCON
;pulso.mbas,192 :: 		UART1_Init(9600)                'COMUNICACION SERIAL INICIADA
0x0260	0x3019      	MOVLW      25
0x0261	0x0099      	MOVWF      SPBRG
0x0262	0x1518      	BSF        TXSTA, 2
0x0263	0x2014      	CALL       _UART1_Init
;pulso.mbas,193 :: 		TRISA      =  %00000001         'INICIO DE MODO INTERNO O EXTERNO
0x0264	0x3001      	MOVLW      1
0x0265	0x1683      	BSF        STATUS, 5
0x0266	0x0085      	MOVWF      TRISA
;pulso.mbas,194 :: 		TRISB      =  0
0x0267	0x0186      	CLRF       TRISB
;pulso.mbas,195 :: 		TRISC      =  %10000000         'PARA REECEPCION DE DATOS DESDE EL RFID
0x0268	0x3080      	MOVLW      128
0x0269	0x0087      	MOVWF      TRISC
;pulso.mbas,196 :: 		PORTA      =  %00000000         'PARA EL VIBRADOR
0x026A	0x1283      	BCF        STATUS, 5
0x026B	0x0185      	CLRF       PORTA
;pulso.mbas,197 :: 		PORTB      =  0
0x026C	0x0186      	CLRF       PORTB
;pulso.mbas,198 :: 		PORTC      =  0
0x026D	0x0187      	CLRF       PORTC
;pulso.mbas,199 :: 		ANSEL      =  %00000001         'INICIO DE MODO INTERNO O EXTERNO
0x026E	0x3001      	MOVLW      1
0x026F	0x1683      	BSF        STATUS, 5
0x0270	0x1703      	BSF        STATUS, 6
0x0271	0x0088      	MOVWF      ANSEL
;pulso.mbas,200 :: 		ANSELH     =  0
0x0272	0x0189      	CLRF       ANSELH
;pulso.mbas,201 :: 		Delay_ms(2000)
0x0273	0x300B      	MOVLW      11
0x0274	0x00FB      	MOVWF      R11
0x0275	0x3026      	MOVLW      38
0x0276	0x00FC      	MOVWF      R12
0x0277	0x305D      	MOVLW      93
0x0278	0x00FD      	MOVWF      R13
L__main18:
0x0279	0x0BFD      	DECFSZ     R13, 1
0x027A	0x2A79      	GOTO       L__main18
0x027B	0x0BFC      	DECFSZ     R12, 1
0x027C	0x2A79      	GOTO       L__main18
0x027D	0x0BFB      	DECFSZ     R11, 1
0x027E	0x2A79      	GOTO       L__main18
0x027F	0x0000      	NOP
0x0280	0x0000      	NOP
;pulso.mbas,202 :: 		UART1_Write(0X7E)
0x0281	0x307E      	MOVLW      126
0x0282	0x1283      	BCF        STATUS, 5
0x0283	0x1303      	BCF        STATUS, 6
0x0284	0x00AD      	MOVWF      FARG_UART1_Write_data_
0x0285	0x2003      	CALL       _UART1_Write
;pulso.mbas,203 :: 		UART1_Write(0X07)
0x0286	0x3007      	MOVLW      7
0x0287	0x00AD      	MOVWF      FARG_UART1_Write_data_
0x0288	0x2003      	CALL       _UART1_Write
;pulso.mbas,204 :: 		UART1_Write(0XA4)
0x0289	0x30A4      	MOVLW      164
0x028A	0x00AD      	MOVWF      FARG_UART1_Write_data_
0x028B	0x2003      	CALL       _UART1_Write
;pulso.mbas,205 :: 		UART1_Write(0X19)
0x028C	0x3019      	MOVLW      25
0x028D	0x00AD      	MOVWF      FARG_UART1_Write_data_
0x028E	0x2003      	CALL       _UART1_Write
;pulso.mbas,206 :: 		UART1_Write(0X7E)
0x028F	0x307E      	MOVLW      126
0x0290	0x00AD      	MOVWF      FARG_UART1_Write_data_
0x0291	0x2003      	CALL       _UART1_Write
;pulso.mbas,207 :: 		CONT=0
0x0292	0x01A9      	CLRF       _CONT
;pulso.mbas,208 :: 		CENTINELA=0
0x0293	0x01A8      	CLRF       _CENTINELA
;pulso.mbas,209 :: 		WHILE(1)
L__main20:
;pulso.mbas,210 :: 		ADC = Adc_Read(0)
0x0294	0x01AA      	CLRF       FARG_Adc_Read_channel
0x0295	0x20C8      	CALL       _Adc_Read
0x0296	0x0870      	MOVF       R0, 0
0x0297	0x00A6      	MOVWF      _ADC
0x0298	0x0871      	MOVF       R0+1, 0
0x0299	0x00A7      	MOVWF      _ADC+1
;pulso.mbas,211 :: 		if ADC>950 then
0x029A	0x0871      	MOVF       R0+1, 0
0x029B	0x3C03      	SUBLW      3
0x029C	0x1D03      	BTFSS      STATUS, 2
0x029D	0x2AA0      	GOTO       L__main76
0x029E	0x0870      	MOVF       R0, 0
0x029F	0x3CB6      	SUBLW      182
L__main76:
0x02A0	0x1803      	BTFSC      STATUS, 0
0x02A1	0x2AA3      	GOTO       L__main25
;pulso.mbas,212 :: 		CONT=CONT+1
0x02A2	0x0AA9      	INCF       _CONT, 1
L__main25:
;pulso.mbas,215 :: 		Delay_ms(100)
0x02A3	0x3082      	MOVLW      130
0x02A4	0x00FC      	MOVWF      R12
0x02A5	0x30DD      	MOVLW      221
0x02A6	0x00FD      	MOVWF      R13
L__main27:
0x02A7	0x0BFD      	DECFSZ     R13, 1
0x02A8	0x2AA7      	GOTO       L__main27
0x02A9	0x0BFC      	DECFSZ     R12, 1
0x02AA	0x2AA7      	GOTO       L__main27
0x02AB	0x0000      	NOP
0x02AC	0x0000      	NOP
;pulso.mbas,216 :: 		CENTINELA=CENTINELA+1
0x02AD	0x0AA8      	INCF       _CENTINELA, 1
;pulso.mbas,217 :: 		if CENTINELA=600 then
0x02AE	0x3000      	MOVLW      0
0x02AF	0x3A02      	XORLW      2
0x02B0	0x1D03      	BTFSS      STATUS, 2
0x02B1	0x2AB4      	GOTO       L__main77
0x02B2	0x3058      	MOVLW      88
0x02B3	0x0628      	XORWF      _CENTINELA, 0
L__main77:
0x02B4	0x1D03      	BTFSS      STATUS, 2
0x02B5	0x2B0E      	GOTO       L__main29
;pulso.mbas,218 :: 		X=CONT
0x02B6	0x0829      	MOVF       _CONT, 0
0x02B7	0x00A1      	MOVWF      _X
;pulso.mbas,219 :: 		CENTINELA=0
0x02B8	0x01A8      	CLRF       _CENTINELA
;pulso.mbas,220 :: 		CONT=0
0x02B9	0x01A9      	CLRF       _CONT
;pulso.mbas,221 :: 		sonido
0x02BA	0x2043      	CALL       pulso_sonido
;pulso.mbas,222 :: 		decena = X/10
0x02BB	0x300A      	MOVLW      10
0x02BC	0x00F4      	MOVWF      R4
0x02BD	0x0821      	MOVF       _X, 0
0x02BE	0x00F0      	MOVWF      R0
0x02BF	0x2052      	CALL       _Div_8x8_U
0x02C0	0x0870      	MOVF       R0, 0
0x02C1	0x00A0      	MOVWF      _DECENA
;pulso.mbas,223 :: 		unidad = X MOD 10
0x02C2	0x300A      	MOVLW      10
0x02C3	0x00F4      	MOVWF      R4
0x02C4	0x0821      	MOVF       _X, 0
0x02C5	0x00F0      	MOVWF      R0
0x02C6	0x2052      	CALL       _Div_8x8_U
0x02C7	0x0878      	MOVF       R8, 0
0x02C8	0x00F0      	MOVWF      R0
0x02C9	0x0870      	MOVF       R0, 0
0x02CA	0x00A3      	MOVWF      _UNIDAD
;pulso.mbas,225 :: 		INICIO           'SONIDO INICIO
0x02CB	0x206C      	CALL       pulso_INICIO
;pulso.mbas,226 :: 		IF DECENA= 6 THEN
0x02CC	0x0820      	MOVF       _DECENA, 0
0x02CD	0x3A06      	XORLW      6
0x02CE	0x1D03      	BTFSS      STATUS, 2
0x02CF	0x2AD1      	GOTO       L__main32
;pulso.mbas,227 :: 		SESENTA
0x02D0	0x208A      	CALL       pulso_SESENTA
L__main32:
;pulso.mbas,229 :: 		IF DECENA= 7 THEN
0x02D1	0x0820      	MOVF       _DECENA, 0
0x02D2	0x3A07      	XORLW      7
0x02D3	0x1D03      	BTFSS      STATUS, 2
0x02D4	0x2AD6      	GOTO       L__main35
;pulso.mbas,230 :: 		SETENTA
0x02D5	0x2024      	CALL       pulso_SETENTA
L__main35:
;pulso.mbas,232 :: 		IF DECENA= 8 THEN
0x02D6	0x0820      	MOVF       _DECENA, 0
0x02D7	0x3A08      	XORLW      8
0x02D8	0x1D03      	BTFSS      STATUS, 2
0x02D9	0x2ADB      	GOTO       L__main38
;pulso.mbas,233 :: 		OCHENTA
0x02DA	0x20F2      	CALL       pulso_OCHENTA
L__main38:
;pulso.mbas,235 :: 		IF DECENA= 9 THEN
0x02DB	0x0820      	MOVF       _DECENA, 0
0x02DC	0x3A09      	XORLW      9
0x02DD	0x1D03      	BTFSS      STATUS, 2
0x02DE	0x2AE0      	GOTO       L__main41
;pulso.mbas,236 :: 		NOVENTA
0x02DF	0x20A9      	CALL       pulso_NOVENTA
L__main41:
;pulso.mbas,239 :: 		IF UNIDAD= 1 THEN
0x02E0	0x0823      	MOVF       _UNIDAD, 0
0x02E1	0x3A01      	XORLW      1
0x02E2	0x1D03      	BTFSS      STATUS, 2
0x02E3	0x2AE5      	GOTO       L__main44
;pulso.mbas,240 :: 		UNO
0x02E4	0x2130      	CALL       pulso_UNO
L__main44:
;pulso.mbas,242 :: 		IF UNIDAD= 2 THEN
0x02E5	0x0823      	MOVF       _UNIDAD, 0
0x02E6	0x3A02      	XORLW      2
0x02E7	0x1D03      	BTFSS      STATUS, 2
0x02E8	0x2AEA      	GOTO       L__main47
;pulso.mbas,243 :: 		DOS
0x02E9	0x214F      	CALL       pulso_DOS
L__main47:
;pulso.mbas,245 :: 		IF UNIDAD= 3 THEN
0x02EA	0x0823      	MOVF       _UNIDAD, 0
0x02EB	0x3A03      	XORLW      3
0x02EC	0x1D03      	BTFSS      STATUS, 2
0x02ED	0x2AEF      	GOTO       L__main50
;pulso.mbas,246 :: 		TRES
0x02EE	0x216E      	CALL       pulso_TRES
L__main50:
;pulso.mbas,248 :: 		IF UNIDAD= 4 THEN
0x02EF	0x0823      	MOVF       _UNIDAD, 0
0x02F0	0x3A04      	XORLW      4
0x02F1	0x1D03      	BTFSS      STATUS, 2
0x02F2	0x2AF4      	GOTO       L__main53
;pulso.mbas,249 :: 		CUATRO
0x02F3	0x218D      	CALL       pulso_CUATRO
L__main53:
;pulso.mbas,251 :: 		IF UNIDAD= 5 THEN
0x02F4	0x0823      	MOVF       _UNIDAD, 0
0x02F5	0x3A05      	XORLW      5
0x02F6	0x1D03      	BTFSS      STATUS, 2
0x02F7	0x2AF9      	GOTO       L__main56
;pulso.mbas,252 :: 		CINCO
0x02F8	0x21AC      	CALL       pulso_CINCO
L__main56:
;pulso.mbas,254 :: 		IF UNIDAD= 6 THEN
0x02F9	0x0823      	MOVF       _UNIDAD, 0
0x02FA	0x3A06      	XORLW      6
0x02FB	0x1D03      	BTFSS      STATUS, 2
0x02FC	0x2AFE      	GOTO       L__main59
;pulso.mbas,255 :: 		SEIS
0x02FD	0x21CB      	CALL       pulso_SEIS
L__main59:
;pulso.mbas,257 :: 		IF UNIDAD= 7 THEN
0x02FE	0x0823      	MOVF       _UNIDAD, 0
0x02FF	0x3A07      	XORLW      7
0x0300	0x1D03      	BTFSS      STATUS, 2
0x0301	0x2B03      	GOTO       L__main62
;pulso.mbas,258 :: 		SIETE
0x0302	0x2234      	CALL       pulso_SIETE
L__main62:
;pulso.mbas,260 :: 		IF UNIDAD= 8 THEN
0x0303	0x0823      	MOVF       _UNIDAD, 0
0x0304	0x3A08      	XORLW      8
0x0305	0x1D03      	BTFSS      STATUS, 2
0x0306	0x2B08      	GOTO       L__main65
;pulso.mbas,261 :: 		OCHO
0x0307	0x2208      	CALL       pulso_OCHO
L__main65:
;pulso.mbas,263 :: 		IF UNIDAD= 9 THEN
0x0308	0x0823      	MOVF       _UNIDAD, 0
0x0309	0x3A09      	XORLW      9
0x030A	0x1D03      	BTFSS      STATUS, 2
0x030B	0x2B0D      	GOTO       L__main68
;pulso.mbas,264 :: 		NUEVE
0x030C	0x2111      	CALL       pulso_NUEVE
L__main68:
;pulso.mbas,266 :: 		FIN
0x030D	0x21EA      	CALL       pulso_FIN
L__main29:
;pulso.mbas,269 :: 		if UART1_Data_Ready then
0x030E	0x2253      	CALL       _UART1_Data_Ready
0x030F	0x0870      	MOVF       R0, 0
0x0310	0x1903      	BTFSC      STATUS, 2
0x0311	0x2B15      	GOTO       L__main71
;pulso.mbas,270 :: 		DATO = UART1_Read
0x0312	0x2227      	CALL       _UART1_Read
0x0313	0x0870      	MOVF       R0, 0
0x0314	0x00A2      	MOVWF      _DATO
L__main71:
;pulso.mbas,274 :: 		if DATO = "1" then
0x0315	0x0822      	MOVF       _DATO, 0
0x0316	0x3A31      	XORLW      49
0x0317	0x1D03      	BTFSS      STATUS, 2
0x0318	0x2B36      	GOTO       L__main74
;pulso.mbas,276 :: 		UART1_Write(0X7E)
0x0319	0x307E      	MOVLW      126
0x031A	0x00AD      	MOVWF      FARG_UART1_Write_data_
0x031B	0x2003      	CALL       _UART1_Write
;pulso.mbas,277 :: 		UART1_Write(0XFF)
0x031C	0x30FF      	MOVLW      255
0x031D	0x00AD      	MOVWF      FARG_UART1_Write_data_
0x031E	0x2003      	CALL       _UART1_Write
;pulso.mbas,278 :: 		UART1_Write(0X06)
0x031F	0x3006      	MOVLW      6
0x0320	0x00AD      	MOVWF      FARG_UART1_Write_data_
0x0321	0x2003      	CALL       _UART1_Write
;pulso.mbas,279 :: 		UART1_Write(0X03)
0x0322	0x3003      	MOVLW      3
0x0323	0x00AD      	MOVWF      FARG_UART1_Write_data_
0x0324	0x2003      	CALL       _UART1_Write
;pulso.mbas,280 :: 		UART1_Write(0X00)
0x0325	0x01AD      	CLRF       FARG_UART1_Write_data_
0x0326	0x2003      	CALL       _UART1_Write
;pulso.mbas,281 :: 		UART1_Write(0X00)'HIGH
0x0327	0x01AD      	CLRF       FARG_UART1_Write_data_
0x0328	0x2003      	CALL       _UART1_Write
;pulso.mbas,282 :: 		UART1_Write(0X01)'LOW
0x0329	0x3001      	MOVLW      1
0x032A	0x00AD      	MOVWF      FARG_UART1_Write_data_
0x032B	0x2003      	CALL       _UART1_Write
;pulso.mbas,283 :: 		UART1_Write(0XFF)
0x032C	0x30FF      	MOVLW      255
0x032D	0x00AD      	MOVWF      FARG_UART1_Write_data_
0x032E	0x2003      	CALL       _UART1_Write
;pulso.mbas,284 :: 		UART1_Write(0XE6)
0x032F	0x30E6      	MOVLW      230
0x0330	0x00AD      	MOVWF      FARG_UART1_Write_data_
0x0331	0x2003      	CALL       _UART1_Write
;pulso.mbas,285 :: 		UART1_Write(0XEF)
0x0332	0x30EF      	MOVLW      239
0x0333	0x00AD      	MOVWF      FARG_UART1_Write_data_
0x0334	0x2003      	CALL       _UART1_Write
;pulso.mbas,286 :: 		DATO=0
0x0335	0x01A2      	CLRF       _DATO
L__main74:
;pulso.mbas,290 :: 		WEND
0x0336	0x2A94      	GOTO       L__main20
0x0337	0x2B37      	GOTO       $+0
; end of _main
Symbol List:
//** Routines locations **
//ADDRESS    SIZE    PROCEDURE
//----------------------------------------------
0x0003      [10]    _UART1_Write
0x000D       [7]    _Delay_22us
0x0014      [16]    _UART1_Init
0x0024      [31]    pulso_SETENTA
0x0043      [15]    pulso_sonido
0x0052      [26]    _Div_8x8_U
0x006C      [30]    pulso_INICIO
0x008A      [31]    pulso_SESENTA
0x00A9      [31]    pulso_NOVENTA
0x00C8      [42]    _Adc_Read
0x00F2      [31]    pulso_OCHENTA
0x0111      [31]    pulso_NUEVE
0x0130      [31]    pulso_UNO
0x014F      [31]    pulso_DOS
0x016E      [31]    pulso_TRES
0x018D      [31]    pulso_CUATRO
0x01AC      [31]    pulso_CINCO
0x01CB      [31]    pulso_SEIS
0x01EA      [30]    pulso_FIN
0x0208      [31]    pulso_OCHO
0x0227      [13]    _UART1_Read
0x0234      [31]    pulso_SIETE
0x0253       [9]    _UART1_Data_Ready
0x025C     [220]    _main
//** Variables locations ** 
//ADDRESS    SIZE    VARIABLE
//----------------------------------------------
0x0000       [1]    INDF
0x0001       [1]    TMR0
0x0002       [1]    PCL
0x0003       [0]    NOT_TO_bit
0x0003       [0]    RP0_bit
0x0003       [0]    RP1_bit
0x0003       [0]    NOT_PD_bit
0x0003       [0]    C_bit
0x0003       [0]    DC_bit
0x0003       [0]    Z_bit
0x0003       [0]    IRP_bit
0x0003       [1]    STATUS
0x0004       [1]    FSR
0x0004       [1]    FSRPTR
0x0005       [0]    RA3_bit
0x0005       [0]    RA4_bit
0x0005       [0]    RA2_bit
0x0005       [0]    RA0_bit
0x0005       [0]    RA1_bit
0x0005       [0]    RA5_bit
0x0005       [1]    PORTA
0x0005       [0]    RA7_bit
0x0005       [0]    RA6_bit
0x0006       [0]    RB3_bit
0x0006       [0]    RB4_bit
0x0006       [0]    RB2_bit
0x0006       [0]    RB0_bit
0x0006       [0]    RB1_bit
0x0006       [0]    RB7_bit
0x0006       [1]    PORTB
0x0006       [0]    RB5_bit
0x0006       [0]    RB6_bit
0x0007       [1]    PORTC
0x0007       [0]    RC4_bit
0x0007       [0]    RC5_bit
0x0007       [0]    RC6_bit
0x0007       [0]    RC3_bit
0x0007       [0]    RC0_bit
0x0007       [0]    RC1_bit
0x0007       [0]    RC2_bit
0x0007       [0]    RC7_bit
0x0008       [0]    RD6_bit
0x0008       [1]    PORTD
0x0008       [0]    RD7_bit
0x0008       [0]    RD4_bit
0x0008       [0]    RD5_bit
0x0008       [0]    RD2_bit
0x0008       [0]    RD3_bit
0x0008       [0]    RD0_bit
0x0008       [0]    RD1_bit
0x0009       [0]    RE2_bit
0x0009       [0]    RE3_bit
0x0009       [0]    RE0_bit
0x0009       [1]    PORTE
0x0009       [0]    RE1_bit
0x000A       [1]    PCLATH
0x000B       [0]    TMR0IF_bit
0x000B       [0]    INTF_bit
0x000B       [0]    RBIF_bit
0x000B       [0]    PEIE_bit
0x000B       [0]    T0IE_bit
0x000B       [1]    INTCON
0x000B       [0]    GIE_bit
0x000B       [0]    RBIE_bit
0x000B       [0]    T0IF_bit
0x000B       [0]    TMR0IE_bit
0x000B       [0]    INTE_bit
0x000C       [1]    PIR1
0x000C       [0]    TMR1IF_bit
0x000C       [0]    RCIF_bit
0x000C       [0]    SSPIF_bit
0x000C       [0]    TXIF_bit
0x000C       [0]    ADIF_bit
0x000C       [0]    TMR2IF_bit
0x000C       [0]    CCP1IF_bit
0x000D       [1]    PIR2
0x000D       [0]    C2IF_bit
0x000D       [0]    EEIF_bit
0x000D       [0]    C1IF_bit
0x000D       [0]    OSFIF_bit
0x000D       [0]    CCP2IF_bit
0x000D       [0]    ULPWUIF_bit
0x000D       [0]    BCLIF_bit
0x000E       [1]    TMR1L
0x000F       [1]    TMR1H
0x0010       [0]    NOT_T1SYNC_bit
0x0010       [1]    T1CON
0x0010       [0]    T1INSYNC_bit
0x0010       [0]    T1CKPS0_bit
0x0010       [0]    T1OSCEN_bit
0x0010       [0]    T1CKPS1_bit
0x0010       [0]    TMR1GE_bit
0x0010       [0]    T1GINV_bit
0x0010       [0]    TMR1ON_bit
0x0010       [0]    TMR1CS_bit
0x0010       [0]    T1SYNC_bit
0x0011       [1]    TMR2
0x0012       [1]    T2CON
0x0012       [0]    TOUTPS1_bit
0x0012       [0]    TOUTPS0_bit
0x0012       [0]    TOUTPS3_bit
0x0012       [0]    TOUTPS2_bit
0x0012       [0]    T2CKPS0_bit
0x0012       [0]    T2CKPS1_bit
0x0012       [0]    TMR2ON_bit
0x0013       [1]    SSPBUF
0x0014       [0]    SSPM0_bit
0x0014       [0]    SSPM1_bit
0x0014       [1]    SSPCON
0x0014       [0]    SSPEN_bit
0x0014       [0]    SSPM3_bit
0x0014       [0]    CKP_bit
0x0014       [0]    WCOL_bit
0x0014       [0]    SSPM2_bit
0x0014       [0]    SSPOV_bit
0x0015       [2]    CCPR1
0x0015       [1]    CCPR1L
0x0016       [1]    CCPR1H
0x0017       [0]    CCP1Y_bit
0x0017       [0]    CCP1M0_bit
0x0017       [0]    CCP1M2_bit
0x0017       [0]    CCP1M1_bit
0x0017       [0]    CCP1M3_bit
0x0017       [0]    P1M0_bit
0x0017       [0]    P1M1_bit
0x0017       [1]    CCP1CON
0x0017       [0]    DC1B0_bit
0x0017       [0]    CCP1X_bit
0x0017       [0]    DC1B1_bit
0x0018       [0]    SREN_bit
0x0018       [0]    RC8_9_bit
0x0018       [0]    CREN_bit
0x0018       [0]    FERR_bit
0x0018       [0]    ADDEN_bit
0x0018       [0]    SPEN_bit
0x0018       [1]    RCSTA
0x0018       [0]    RX9_bit
0x0018       [0]    NOT_RC8_bit
0x0018       [0]    RC9_bit
0x0018       [0]    OERR_bit
0x0018       [0]    RX9D_bit
0x0018       [0]    RCD8_bit
0x0019       [1]    TXREG
0x001A       [1]    RCREG
0x001B       [2]    CCPR2
0x001B       [1]    CCPR2L
0x001C       [1]    CCPR2H
0x001D       [0]    DC2B0_bit
0x001D       [0]    CCP2M2_bit
0x001D       [1]    CCP2CON
0x001D       [0]    CCP2M3_bit
0x001D       [0]    CCP2X_bit
0x001D       [0]    DC2B1_bit
0x001D       [0]    CCP2M1_bit
0x001D       [0]    CCP2Y_bit
0x001D       [0]    CCP2M0_bit
0x001E       [1]    ADRESH
0x001F       [0]    CHS3_bit
0x001F       [0]    ADCS1_bit
0x001F       [0]    ADCS0_bit
0x001F       [0]    GO_bit
0x001F       [0]    NOT_DONE_bit
0x001F       [0]    CHS0_bit
0x001F       [0]    CHS1_bit
0x001F       [0]    CHS2_bit
0x001F       [0]    ADON_bit
0x001F       [1]    ADCON0
0x001F       [0]    GO_DONE_bit
0x0020       [1]    _DECENA
0x0021       [1]    _X
0x0022       [1]    _DATO
0x0023       [1]    _UNIDAD
0x0024       [2]    ___DoICPAddr
0x0026       [2]    _ADC
0x0028       [1]    _CENTINELA
0x0029       [1]    _CONT
0x002A       [1]    FARG_Adc_Read_channel
0x002B       [2]    Adc_Read_local_result
0x002D       [1]    FARG_UART1_Write_data_
0x0070       [1]    R0
0x0071       [1]    R1
0x0072       [1]    R2
0x0073       [1]    R3
0x0074       [1]    R4
0x0075       [1]    R5
0x0076       [1]    R6
0x0077       [1]    R7
0x0078       [1]    R8
0x0079       [1]    R9
0x007A       [1]    R10
0x007B       [1]    R11
0x007C       [1]    R12
0x007D       [1]    R13
0x007E       [1]    R14
0x007F       [1]    R15
0x0081       [0]    PS1_bit
0x0081       [0]    PS2_bit
0x0081       [1]    OPTION_REG
0x0081       [0]    PS0_bit
0x0081       [0]    PSA_bit
0x0081       [0]    INTEDG_bit
0x0081       [0]    NOT_RBPU_bit
0x0081       [0]    T0SE_bit
0x0081       [0]    T0CS_bit
0x0085       [0]    TRISA1_bit
0x0085       [0]    TRISA2_bit
0x0085       [1]    TRISA
0x0085       [0]    TRISA0_bit
0x0085       [0]    TRISA3_bit
0x0085       [0]    TRISA6_bit
0x0085       [0]    TRISA7_bit
0x0085       [0]    TRISA4_bit
0x0085       [0]    TRISA5_bit
0x0086       [0]    TRISB2_bit
0x0086       [0]    TRISB3_bit
0x0086       [0]    TRISB0_bit
0x0086       [0]    TRISB1_bit
0x0086       [0]    TRISB4_bit
0x0086       [0]    TRISB7_bit
0x0086       [1]    TRISB
0x0086       [0]    TRISB5_bit
0x0086       [0]    TRISB6_bit
0x0087       [0]    TRISC4_bit
0x0087       [0]    TRISC3_bit
0x0087       [0]    TRISC5_bit
0x0087       [0]    TRISC7_bit
0x0087       [0]    TRISC6_bit
0x0087       [0]    TRISC0_bit
0x0087       [1]    TRISC
0x0087       [0]    TRISC2_bit
0x0087       [0]    TRISC1_bit
0x0088       [0]    TRISD1_bit
0x0088       [0]    TRISD2_bit
0x0088       [1]    TRISD
0x0088       [0]    TRISD0_bit
0x0088       [0]    TRISD6_bit
0x0088       [0]    TRISD7_bit
0x0088       [0]    TRISD5_bit
0x0088       [0]    TRISD3_bit
0x0088       [0]    TRISD4_bit
0x0089       [0]    TRISE1_bit
0x0089       [0]    TRISE2_bit
0x0089       [0]    TRISE3_bit
0x0089       [1]    TRISE
0x0089       [0]    TRISE0_bit
0x008C       [0]    TMR1IE_bit
0x008C       [1]    PIE1
0x008C       [0]    SSPIE_bit
0x008C       [0]    ADIE_bit
0x008C       [0]    CCP1IE_bit
0x008C       [0]    TMR2IE_bit
0x008C       [0]    TXIE_bit
0x008C       [0]    RCIE_bit
0x008D       [1]    PIE2
0x008D       [0]    OSFIE_bit
0x008D       [0]    C2IE_bit
0x008D       [0]    EEIE_bit
0x008D       [0]    ULPWUIE_bit
0x008D       [0]    CCP2IE_bit
0x008D       [0]    C1IE_bit
0x008D       [0]    BCLIE_bit
0x008E       [0]    NOT_POR_bit
0x008E       [0]    SBOREN_bit
0x008E       [0]    NOT_BOR_bit
0x008E       [0]    NOT_BO_bit
0x008E       [1]    PCON
0x008E       [0]    ULPWUE_bit
0x008F       [0]    OSTS_bit
0x008F       [0]    IRCF0_bit
0x008F       [0]    LTS_bit
0x008F       [0]    HTS_bit
0x008F       [1]    OSCCON
0x008F       [0]    SCS_bit
0x008F       [0]    IRCF1_bit
0x008F       [0]    IRCF2_bit
0x0090       [0]    TUN2_bit
0x0090       [0]    TUN3_bit
0x0090       [0]    TUN4_bit
0x0090       [0]    TUN0_bit
0x0090       [1]    OSCTUNE
0x0090       [0]    TUN1_bit
0x0091       [0]    SEN_bit
0x0091       [0]    ACKDT_bit
0x0091       [0]    PEN_bit
0x0091       [0]    ACKEN_bit
0x0091       [0]    RCEN_bit
0x0091       [0]    ACKSTAT_bit
0x0091       [0]    GCEN_bit
0x0091       [1]    SSPCON2
0x0091       [0]    RSEN_bit
0x0092       [1]    PR2
0x0093       [1]    MSK
0x0093       [1]    SSPADD
0x0093       [1]    SSPMSK
0x0094       [0]    NOT_W_bit
0x0094       [0]    READ_WRITE_bit
0x0094       [0]    S_bit
0x0094       [0]    CKE_bit
0x0094       [0]    SMP_bit
0x0094       [0]    BF_bit
0x0094       [0]    R_bit
0x0094       [0]    UA_bit
0x0094       [0]    I2C_READ_bit
0x0094       [0]    I2C_START__bit
0x0094       [0]    NOT_WRITE_bit
0x0094       [0]    DATA_ADDRESS_bit
0x0094       [1]    SSPSTAT
0x0094       [0]    NOT_A_bit
0x0094       [0]    NOT_ADDRESS_bit
0x0094       [0]    D_A_bit
0x0094       [0]    R_W_bit
0x0094       [0]    I2C_STOP__bit
0x0094       [0]    D_bit
0x0094       [0]    P_bit
0x0094       [0]    I2C_DATA_bit
0x0095       [0]    WPUB7_bit
0x0095       [0]    WPUB2_bit
0x0095       [0]    WPUB3_bit
0x0095       [0]    WPUB1_bit
0x0095       [1]    WPUB
0x0095       [0]    WPUB5_bit
0x0095       [0]    WPUB6_bit
0x0095       [0]    WPUB4_bit
0x0095       [0]    WPUB0_bit
0x0096       [0]    IOCB0_bit
0x0096       [0]    IOCB4_bit
0x0096       [0]    IOCB5_bit
0x0096       [0]    IOCB2_bit
0x0096       [0]    IOCB3_bit
0x0096       [0]    IOCB1_bit
0x0096       [0]    IOCB6_bit
0x0096       [0]    IOCB7_bit
0x0096       [1]    IOCB
0x0097       [0]    VR2_bit
0x0097       [0]    VRR_bit
0x0097       [0]    VREN_bit
0x0097       [0]    VR1_bit
0x0097       [0]    VROE_bit
0x0097       [0]    VR0_bit
0x0097       [0]    VR3_bit
0x0097       [1]    VRCON
0x0097       [0]    VRSS_bit
0x0098       [0]    TX9_bit
0x0098       [0]    SYNC_bit
0x0098       [1]    TXSTA
0x0098       [0]    NOT_TX8_bit
0x0098       [0]    TXEN_bit
0x0098       [0]    TX8_9_bit
0x0098       [0]    TRMT_bit
0x0098       [0]    BRGH_bit
0x0098       [0]    CSRC_bit
0x0098       [0]    TXD8_bit
0x0098       [0]    TX9D_bit
0x0098       [0]    SENDB_bit
0x0099       [0]    BRG0_bit
0x0099       [0]    BRG1_bit
0x0099       [1]    SPBRG
0x0099       [0]    BRG2_bit
0x0099       [0]    BRG3_bit
0x0099       [0]    BRG4_bit
0x0099       [0]    BRG5_bit
0x0099       [0]    BRG7_bit
0x0099       [0]    BRG6_bit
0x009A       [0]    BRG12_bit
0x009A       [0]    BRG13_bit
0x009A       [0]    BRG14_bit
0x009A       [1]    SPBRGH
0x009A       [0]    BRG9_bit
0x009A       [0]    BRG8_bit
0x009A       [0]    BRG11_bit
0x009A       [0]    BRG10_bit
0x009A       [0]    BRG15_bit
0x009B       [0]    PDC6_bit
0x009B       [0]    PDC5_bit
0x009B       [0]    PDC4_bit
0x009B       [0]    PDC2_bit
0x009B       [0]    PDC0_bit
0x009B       [0]    PRSEN_bit
0x009B       [0]    PDC1_bit
0x009B       [0]    PDC3_bit
0x009B       [1]    PWM1CON
0x009C       [0]    ECCPAS1_bit
0x009C       [0]    PSSBD0_bit
0x009C       [0]    ECCPASE_bit
0x009C       [0]    PSSAC0_bit
0x009C       [0]    ECCPAS2_bit
0x009C       [0]    PSSBD1_bit
0x009C       [0]    PSSAC1_bit
0x009C       [1]    ECCPAS
0x009C       [0]    ECCPAS0_bit
0x009D       [0]    STRD_bit
0x009D       [0]    STRA_bit
0x009D       [0]    STRSYNC_bit
0x009D       [0]    STRC_bit
0x009D       [0]    STRB_bit
0x009D       [1]    PSTRCON
0x009E       [1]    ADRESL
0x009F       [0]    VCFG0_bit
0x009F       [1]    ADCON1
0x009F       [0]    VCFG1_bit
0x009F       [0]    ADFM_bit
0x0105       [0]    WDTPS0_bit
0x0105       [1]    WDTCON
0x0105       [0]    WDTPS1_bit
0x0105       [0]    WDTPS3_bit
0x0105       [0]    WDTPS2_bit
0x0105       [0]    SWDTEN_bit
0x0107       [1]    CM1CON0
0x0107       [0]    C1POL_bit
0x0107       [0]    C1OE_bit
0x0107       [0]    C1R_bit
0x0107       [0]    C1CH1_bit
0x0107       [0]    C1CH0_bit
0x0107       [0]    C1ON_bit
0x0107       [0]    C1OUT_bit
0x0108       [1]    CM2CON0
0x0108       [0]    C2R_bit
0x0108       [0]    C2CH0_bit
0x0108       [0]    C2CH1_bit
0x0108       [0]    C2POL_bit
0x0108       [0]    C2OUT_bit
0x0108       [0]    C2OE_bit
0x0108       [0]    C2ON_bit
0x0109       [0]    MC1OUT_bit
0x0109       [0]    C1RSEL_bit
0x0109       [0]    C2RSEL_bit
0x0109       [0]    T1GSS_bit
0x0109       [1]    CM2CON1
0x0109       [0]    MC2OUT_bit
0x0109       [0]    C2SYNC_bit
0x010C       [1]    EEDATA
0x010C       [1]    EEDAT
0x010D       [1]    EEADR
0x010E       [1]    EEDATH
0x010F       [1]    EEADRH
0x0185       [0]    PULSS_bit
0x0185       [0]    SR1_bit
0x0185       [0]    FVREN_bit
0x0185       [0]    PULSR_bit
0x0185       [1]    SRCON
0x0185       [0]    C2REN_bit
0x0185       [0]    C1SEN_bit
0x0185       [0]    SR0_bit
0x0187       [0]    ABDOVF_bit
0x0187       [0]    SCKP_bit
0x0187       [0]    BRG16_bit
0x0187       [0]    WUE_bit
0x0187       [0]    ABDEN_bit
0x0187       [1]    BAUDCTL
0x0187       [0]    RCIDL_bit
0x0188       [0]    ANS4_bit
0x0188       [0]    ANS7_bit
0x0188       [0]    ANS6_bit
0x0188       [0]    ANS2_bit
0x0188       [0]    ANS1_bit
0x0188       [0]    ANS0_bit
0x0188       [1]    ANSEL
0x0188       [0]    ANS3_bit
0x0188       [0]    ANS5_bit
0x0189       [0]    ANS10_bit
0x0189       [0]    ANS11_bit
0x0189       [0]    ANS13_bit
0x0189       [1]    ANSELH
0x0189       [0]    ANS8_bit
0x0189       [0]    ANS12_bit
0x0189       [0]    ANS9_bit
0x018C       [0]    WR_bit
0x018C       [0]    RD_bit
0x018C       [0]    WREN_bit
0x018C       [1]    EECON1
0x018C       [0]    WRERR_bit
0x018C       [0]    EEPGD_bit
0x018D       [1]    EECON2
//** Label List: ** 
//----------------------------------------------
  L_end_pulso_sonido
  L_pulso_sonido1
  L_end_pulso_INICIO
  L_end_pulso_FIN
  L_end_pulso_SESENTA
  L_end_pulso_SETENTA
  L_end_pulso_OCHENTA
  L_end_pulso_NOVENTA
  L_end_pulso_UNO
  L_end_pulso_DOS
  L_end_pulso_TRES
  L_end_pulso_CUATRO
  L_end_pulso_CINCO
  L_end_pulso_SEIS
  L_end_pulso_SIETE
  L_end_pulso_OCHO
  L_end_pulso_NUEVE
  L_end__main
  L__main18
  L__main19
  L__main20
  L__main21
  L__main22
  L__main23
  L__main24
  L__main25
  L__main26
  L__main27
  L__main28
  L__main29
  L__main30
  L__main31
  L__main32
  L__main33
  L__main34
  L__main35
  L__main36
  L__main37
  L__main38
  L__main39
  L__main40
  L__main41
  L__main42
  L__main43
  L__main44
  L__main45
  L__main46
  L__main47
  L__main48
  L__main49
  L__main50
  L__main51
  L__main52
  L__main53
  L__main54
  L__main55
  L__main56
  L__main57
  L__main58
  L__main59
  L__main60
  L__main61
  L__main62
  L__main63
  L__main64
  L__main65
  L__main66
  L__main67
  L__main68
  L__main69
  L__main70
  L__main71
  L__main72
  L__main73
  L__main74
  L__main75
  pulso_sonido
  pulso_INICIO
  pulso_FIN
  pulso_SESENTA
  pulso_SETENTA
  pulso_OCHENTA
  pulso_NOVENTA
  pulso_UNO
  pulso_DOS
  pulso_TRES
  pulso_CUATRO
  pulso_CINCO
  pulso_SEIS
  pulso_SIETE
  pulso_OCHO
  pulso_NUEVE
  _main
  L__main76
  L__main77
  L_end__Adc_Read
  L__Adc_Read1
  L__Adc_Read2
  L__Adc_Read3
  L__Adc_Read4
  L__Adc_Read5
  _Adc_Read
  L_end__Get_Fosc_kHz
  L_end__Delay_1us
  L_end__Delay_10us
  L__Delay_10us3
  L_end__Delay_22us
  L__Delay_22us5
  L_end__Delay_50us
  L__Delay_50us7
  L_end__Delay_80us
  L__Delay_80us9
  L_end__Delay_500us
  L__Delay_500us11
  L_end__Delay_5500us
  L__Delay_5500us13
  L_end__Delay_5ms
  L__Delay_5ms15
  L_end__Delay_8ms
  L__Delay_8ms17
  L_end__Delay_10ms
  L__Delay_10ms19
  L_end__Delay_100ms
  L__Delay_100ms21
  L_end__Delay_1sec
  L__Delay_1sec23
  L_end__Delay_Cyc
  L__Delay_Cyc25
  L__Delay_Cyc26
  L__Delay_Cyc27
  L__Delay_Cyc28
  L__Delay_Cyc29
  L_end__VDelay_ms
  L__VDelay_ms31
  L__VDelay_ms32
  L__VDelay_ms33
  L__VDelay_ms34
  L__VDelay_ms35
  L__VDelay_ms36
  L__VDelay_ms37
  L__VDelay_ms38
  L_end__VDelay_Advanced_ms
  L__VDelay_Advanced_ms40
  L__VDelay_Advanced_ms41
  L__VDelay_Advanced_ms42
  L__VDelay_Advanced_ms43
  L__VDelay_Advanced_ms44
  L__VDelay_Advanced_ms45
  L__VDelay_Advanced_ms46
  L__VDelay_Advanced_ms47
  _Get_Fosc_kHz
  _Delay_1us
  _Delay_10us
  _Delay_22us
  _Delay_50us
  _Delay_80us
  _Delay_500us
  _Delay_5500us
  _Delay_5ms
  _Delay_8ms
  _Delay_10ms
  _Delay_100ms
  _Delay_1sec
  _Delay_Cyc
  _VDelay_ms
  L__VDelay_ms48
  L__VDelay_ms49
  L__VDelay_ms50
  L__VDelay_ms51
  _VDelay_Advanced_ms
  L__VDelay_Advanced_ms52
  L__VDelay_Advanced_ms53
  L__VDelay_Advanced_ms54
  L__VDelay_Advanced_ms55
  L_end__Mul_8x8_U
  L_end__Mul_16x16_U
  L_end__Div_8x8_U
  L__Div_8x8_U3
  L__Div_8x8_U4
  L__Div_8x8_U5
  L_end__Div_16x16_U
  L_end__Mul_8x8_S
  L_end__Mul_16x16_S
  L_end__Div_16x16_S_L
  L_end__Div_16x16_S
  L__Div_16x16_S11
  L__Div_16x16_S12
  L__Div_16x16_S13
  L__Div_16x16_S14
  L__Div_16x16_S15
  L__Div_16x16_S16
  L_end__Div_8x8_S
  L_end__SDIV3232L
  LOOPS3232A
  SADD22LA
  SOK22LA
  SADD22L8
  SOK22L8
  LOOPS3232B
  SADD22LB
  SOK22LB
  SADD22L16
  SOK22L16
  LOOPS3232C
  SADD22LC
  SOK22LC
  SADD22L24
  SOK22L24
  LOOPS3232D
  SADD22LD
  SOK22LD
  SOK22L
  L_end__COMFREM
  L_end__Div_32x32_S
  L__Div_32x32_S25
  L__Div_32x32_S26
  L__Div_32x32_S27
  L__Div_32x32_S28
  L__Div_32x32_S29
  L__Div_32x32_S30
  L__Div_32x32_S31
  L__Div_32x32_S32
  L__Div_32x32_S33
  L__Div_32x32_S34
  L__Div_32x32_S35
  L__Div_32x32_S36
  FXD3232S
  END_ALL
  CA3232S
  C3232SX
  C3232SX1
  C3232S
  C3232S2
  C3232SX4
  C3232SOK
  C3232SX3
  C3232SX2
  avoid_comfrem
  L_end__Div_32x32_U
  LOOPU3232A
  UADD22LA
  UOK22LA
  UADD22L8
  UOK22L8
  LOOPU3232B
  UADD22LB
  UOK22LB
  UADD22L16
  UOK22L16
  LOOPU3232C
  UADD22LC
  UOK22LC
  UADD22L24
  UOK22L24
  LOOPU3232D
  UADD22LD
  UOK22LD
  UOK22L
  L_end__Mul_32x32_U
  _NEXT
  _EXIT2
  _LOOP
  _EXIT1
  L_end__Mul_32x32_S
  _IF_FIRST
  _IF_SECOND
  _INVERCE_FIRST
  _MULT
  _INBERSE_SECOND
  _EXIT
  _Mul_8x8_U
  _Mul_16x16_U
  _Div_8x8_U
  _Div_16x16_U
  _Mul_8x8_S
  _Mul_16x16_S
  _Div_16x16_S_L
  _Div_16x16_S
  _Div_8x8_S
  _SDIV3232L
  _COMFREM
  _Div_32x32_S
  _Div_32x32_U
  _Mul_32x32_U
  _Mul_32x32_S
  L_end__UART1_Init
  L__UART1_Init1
  L__UART1_Init2
  L__UART1_Init3
  L__UART1_Init4
  L__UART1_Init5
  L_end__UART1_Data_Ready
  L_end__UART1_Read
  L__UART1_Read8
  L__UART1_Read9
  L__UART1_Read10
  L_end__UART1_TX_Idle
  L_end__UART1_Write
  L__UART1_Write13
  L__UART1_Write14
  L__UART1_Write15
  L__UART1_Write16
  L__UART1_Write17
  L_end__UART1_Write_Text
  L__UART1_Write_Text19
  L__UART1_Write_Text20
  L__UART1_Write_Text21
  L__UART1_Write_Text22
  L__UART1_Write_Text23
  L_end__UART1_Read_Text
  L__UART1_Read_Text25
  L__UART1_Read_Text26
  L__UART1_Read_Text27
  L__UART1_Read_Text28
  L__UART1_Read_Text29
  L__UART1_Read_Text30
  L__UART1_Read_Text31
  L__UART1_Read_Text32
  L__UART1_Read_Text33
  L__UART1_Read_Text34
  L__UART1_Read_Text35
  L__UART1_Read_Text36
  L__UART1_Read_Text37
  L__UART1_Read_Text38
  L__UART1_Read_Text39
  L__UART1_Read_Text40
  L__UART1_Read_Text41
  L__UART1_Read_Text42
  L__UART1_Read_Text43
  L__UART1_Read_Text44
  L__UART1_Read_Text45
  L__UART1_Read_Text46
  _UART1_Init
  _UART1_Data_Ready
  _UART1_Read
  _UART1_TX_Idle
  _UART1_Write
  _UART1_Write_Text
  _UART1_Read_Text
