;  LST file generated by mikroListExporter - v.2.0 
; Date/Time: 9/15/2013 11:30:23 PM
;----------------------------------------------

;Address Opcode 	ASM
0x0000	0x2980      	GOTO       384
base_servo_interrupt:
0x0004	0x00FF      	MOVWF      R15
0x0005	0x0E03      	SWAPF      STATUS, 0
0x0006	0x0183      	CLRF       STATUS
0x0007	0x00A5      	MOVWF      ___saveSTATUS
0x0008	0x080A      	MOVF       PCLATH, 0
0x0009	0x00A4      	MOVWF      ___savePCLATH
0x000A	0x018A      	CLRF       PCLATH
0x000B	0x0870      	MOVF       R0, 0
0x000C	0x00A0      	MOVWF      32
;base_servo.mbas,5 :: 		sub procedure interrupt
;base_servo.mbas,6 :: 		if INTCON.TMR0IF=1 THEN
0x000D	0x1D0B      	BTFSS      INTCON, 2
0x000E	0x2823      	GOTO       L_base_servo_interrupt2
;base_servo.mbas,7 :: 		if por=1 then
0x000F	0x0829      	MOVF       _por, 0
0x0010	0x3A01      	XORLW      1
0x0011	0x1D03      	BTFSS      STATUS, 2
0x0012	0x2819      	GOTO       L_base_servo_interrupt5
;base_servo.mbas,8 :: 		giro=giro1
0x0013	0x082A      	MOVF       _giro1, 0
0x0014	0x00A6      	MOVWF      _giro
;base_servo.mbas,9 :: 		por=2
0x0015	0x3002      	MOVLW      2
0x0016	0x00A9      	MOVWF      _por
;base_servo.mbas,10 :: 		PORTC.RC0=0
0x0017	0x1007      	BCF        PORTC, 0
;base_servo.mbas,11 :: 		GOTO final
0x0018	0x2823      	GOTO       L_base_servo_interrupt_final
L_base_servo_interrupt5:
;base_servo.mbas,13 :: 		if por=2 then
0x0019	0x0829      	MOVF       _por, 0
0x001A	0x3A02      	XORLW      2
0x001B	0x1D03      	BTFSS      STATUS, 2
0x001C	0x2823      	GOTO       L_base_servo_interrupt9
;base_servo.mbas,14 :: 		giro=giro2
0x001D	0x082B      	MOVF       _giro2, 0
0x001E	0x00A6      	MOVWF      _giro
;base_servo.mbas,15 :: 		por=1
0x001F	0x3001      	MOVLW      1
0x0020	0x00A9      	MOVWF      _por
;base_servo.mbas,16 :: 		PORTC.RC0=1
0x0021	0x1407      	BSF        PORTC, 0
;base_servo.mbas,17 :: 		GOTO final
0x0022	0x2823      	GOTO       L_base_servo_interrupt_final
L_base_servo_interrupt9:
;base_servo.mbas,18 :: 		end if
L_base_servo_interrupt2:
;base_servo.mbas,20 :: 		final:
L_base_servo_interrupt_final:
;base_servo.mbas,21 :: 		TMR0 = giro
0x0023	0x0826      	MOVF       _giro, 0
0x0024	0x0081      	MOVWF      TMR0
;base_servo.mbas,22 :: 		INTCON = 0x20
0x0025	0x3020      	MOVLW      32
0x0026	0x008B      	MOVWF      INTCON
L_base_servo_interrupt70:
0x0027	0x0820      	MOVF       32, 0
0x0028	0x00F0      	MOVWF      R0
0x0029	0x0824      	MOVF       ___savePCLATH, 0
0x002A	0x008A      	MOVWF      PCLATH
0x002B	0x0E25      	SWAPF      ___saveSTATUS, 0
0x002C	0x0083      	MOVWF      STATUS
0x002D	0x0EFF      	SWAPF      R15, 1
0x002E	0x0E7F      	SWAPF      R15, 0
0x002F	0x0009      	RETFIE
; end of base_servo_interrupt
_UART1_Write:
;__Lib_UART_c67.mpas,72 :: 		
;__Lib_UART_c67.mpas,73 :: 		
L__UART1_Write14:
0x0030	0x1683      	BSF        STATUS, 5
0x0031	0x1303      	BCF        STATUS, 6
0x0032	0x1898      	BTFSC      TXSTA, 1
0x0033	0x2836      	GOTO       L__UART1_Write15
0x0034	0x0000      	NOP
0x0035	0x2830      	GOTO       L__UART1_Write14
L__UART1_Write15:
;__Lib_UART_c67.mpas,74 :: 		
0x0036	0x1283      	BCF        STATUS, 5
0x0037	0x0833      	MOVF       FARG_UART1_Write_data_, 0
0x0038	0x0099      	MOVWF      TXREG
;__Lib_UART_c67.mpas,75 :: 		
0x0039	0x0008      	RETURN
; end of _UART1_Write
_Delay_1sec:
;__Lib_Delays.mbas,72 :: 		sub procedure Delay_1sec()
;__Lib_Delays.mbas,73 :: 		Delay_ms(1000)
0x003A	0x3006      	MOVLW      6
0x003B	0x1283      	BCF        STATUS, 5
0x003C	0x1303      	BCF        STATUS, 6
0x003D	0x00FB      	MOVWF      R11
0x003E	0x3013      	MOVLW      19
0x003F	0x00FC      	MOVWF      R12
0x0040	0x30AD      	MOVLW      173
0x0041	0x00FD      	MOVWF      R13
L__Delay_1sec23:
0x0042	0x0BFD      	DECFSZ     R13, 1
0x0043	0x2842      	GOTO       L__Delay_1sec23
0x0044	0x0BFC      	DECFSZ     R12, 1
0x0045	0x2842      	GOTO       L__Delay_1sec23
0x0046	0x0BFB      	DECFSZ     R11, 1
0x0047	0x2842      	GOTO       L__Delay_1sec23
0x0048	0x0000      	NOP
0x0049	0x0000      	NOP
0x004A	0x0008      	RETURN
; end of _Delay_1sec
base_servo_ver:
;base_servo.mbas,24 :: 		sub procedure ver(dim numero as byte)
;base_servo.mbas,26 :: 		if (numero = 2) and (sentido=0) then     'frente INICIAL
0x004B	0x1283      	BCF        STATUS, 5
0x004C	0x1303      	BCF        STATUS, 6
0x004D	0x0830      	MOVF       FARG_ver_numero, 0
0x004E	0x3A02      	XORLW      2
0x004F	0x30FF      	MOVLW      255
0x0050	0x1D03      	BTFSS      STATUS, 2
0x0051	0x3000      	MOVLW      0
0x0052	0x00F1      	MOVWF      R1
0x0053	0x082D      	MOVF       _sentido, 0
0x0054	0x3A00      	XORLW      0
0x0055	0x30FF      	MOVLW      255
0x0056	0x1D03      	BTFSS      STATUS, 2
0x0057	0x3000      	MOVLW      0
0x0058	0x00F0      	MOVWF      R0
0x0059	0x0871      	MOVF       R1, 0
0x005A	0x05F0      	ANDWF      R0, 1
0x005B	0x1903      	BTFSC      STATUS, 2
0x005C	0x2861      	GOTO       L_base_servo_ver13
;base_servo.mbas,27 :: 		giro1=109
0x005D	0x306D      	MOVLW      109
0x005E	0x00AA      	MOVWF      _giro1
;base_servo.mbas,28 :: 		giro2=243
0x005F	0x30F3      	MOVLW      243
0x0060	0x00AB      	MOVWF      _giro2
L_base_servo_ver13:
;base_servo.mbas,31 :: 		if (numero = 2) and (sentido=3) then     'de izquierda al frente
0x0061	0x0830      	MOVF       FARG_ver_numero, 0
0x0062	0x3A02      	XORLW      2
0x0063	0x30FF      	MOVLW      255
0x0064	0x1D03      	BTFSS      STATUS, 2
0x0065	0x3000      	MOVLW      0
0x0066	0x00F1      	MOVWF      R1
0x0067	0x082D      	MOVF       _sentido, 0
0x0068	0x3A03      	XORLW      3
0x0069	0x30FF      	MOVLW      255
0x006A	0x1D03      	BTFSS      STATUS, 2
0x006B	0x3000      	MOVLW      0
0x006C	0x00F0      	MOVWF      R0
0x006D	0x0871      	MOVF       R1, 0
0x006E	0x05F0      	ANDWF      R0, 1
0x006F	0x1903      	BTFSC      STATUS, 2
0x0070	0x2884      	GOTO       L_base_servo_ver16
;base_servo.mbas,32 :: 		giro1=109
0x0071	0x306D      	MOVLW      109
0x0072	0x00AA      	MOVWF      _giro1
;base_servo.mbas,33 :: 		giro2=238
0x0073	0x30EE      	MOVLW      238
0x0074	0x00AB      	MOVWF      _giro2
;base_servo.mbas,34 :: 		Delay_1sec
0x0075	0x203A      	CALL       _Delay_1sec
;base_servo.mbas,35 :: 		giro2=239
0x0076	0x30EF      	MOVLW      239
0x0077	0x00AB      	MOVWF      _giro2
;base_servo.mbas,36 :: 		Delay_1sec
0x0078	0x203A      	CALL       _Delay_1sec
;base_servo.mbas,37 :: 		giro2=240
0x0079	0x30F0      	MOVLW      240
0x007A	0x00AB      	MOVWF      _giro2
;base_servo.mbas,38 :: 		Delay_1sec
0x007B	0x203A      	CALL       _Delay_1sec
;base_servo.mbas,39 :: 		giro2=241
0x007C	0x30F1      	MOVLW      241
0x007D	0x00AB      	MOVWF      _giro2
;base_servo.mbas,40 :: 		Delay_1sec
0x007E	0x203A      	CALL       _Delay_1sec
;base_servo.mbas,41 :: 		giro2=242
0x007F	0x30F2      	MOVLW      242
0x0080	0x00AB      	MOVWF      _giro2
;base_servo.mbas,42 :: 		Delay_1sec
0x0081	0x203A      	CALL       _Delay_1sec
;base_servo.mbas,43 :: 		giro2=243
0x0082	0x30F3      	MOVLW      243
0x0083	0x00AB      	MOVWF      _giro2
L_base_servo_ver16:
;base_servo.mbas,46 :: 		if (numero = 2) and (sentido=4) then     'de DERECHA al frente
0x0084	0x0830      	MOVF       FARG_ver_numero, 0
0x0085	0x3A02      	XORLW      2
0x0086	0x30FF      	MOVLW      255
0x0087	0x1D03      	BTFSS      STATUS, 2
0x0088	0x3000      	MOVLW      0
0x0089	0x00F1      	MOVWF      R1
0x008A	0x082D      	MOVF       _sentido, 0
0x008B	0x3A04      	XORLW      4
0x008C	0x30FF      	MOVLW      255
0x008D	0x1D03      	BTFSS      STATUS, 2
0x008E	0x3000      	MOVLW      0
0x008F	0x00F0      	MOVWF      R0
0x0090	0x0871      	MOVF       R1, 0
0x0091	0x05F0      	ANDWF      R0, 1
0x0092	0x1903      	BTFSC      STATUS, 2
0x0093	0x28B0      	GOTO       L_base_servo_ver19
;base_servo.mbas,47 :: 		giro1=109
0x0094	0x306D      	MOVLW      109
0x0095	0x00AA      	MOVWF      _giro1
;base_servo.mbas,48 :: 		giro2=251
0x0096	0x30FB      	MOVLW      251
0x0097	0x00AB      	MOVWF      _giro2
;base_servo.mbas,49 :: 		Delay_1sec
0x0098	0x203A      	CALL       _Delay_1sec
;base_servo.mbas,50 :: 		giro2=250
0x0099	0x30FA      	MOVLW      250
0x009A	0x00AB      	MOVWF      _giro2
;base_servo.mbas,51 :: 		Delay_1sec
0x009B	0x203A      	CALL       _Delay_1sec
;base_servo.mbas,52 :: 		giro2=249
0x009C	0x30F9      	MOVLW      249
0x009D	0x00AB      	MOVWF      _giro2
;base_servo.mbas,53 :: 		Delay_1sec
0x009E	0x203A      	CALL       _Delay_1sec
;base_servo.mbas,54 :: 		giro2=248
0x009F	0x30F8      	MOVLW      248
0x00A0	0x00AB      	MOVWF      _giro2
;base_servo.mbas,55 :: 		Delay_1sec
0x00A1	0x203A      	CALL       _Delay_1sec
;base_servo.mbas,56 :: 		giro2=247
0x00A2	0x30F7      	MOVLW      247
0x00A3	0x00AB      	MOVWF      _giro2
;base_servo.mbas,57 :: 		Delay_1sec
0x00A4	0x203A      	CALL       _Delay_1sec
;base_servo.mbas,58 :: 		giro2=246
0x00A5	0x30F6      	MOVLW      246
0x00A6	0x00AB      	MOVWF      _giro2
;base_servo.mbas,59 :: 		Delay_1sec
0x00A7	0x203A      	CALL       _Delay_1sec
;base_servo.mbas,60 :: 		giro2=245
0x00A8	0x30F5      	MOVLW      245
0x00A9	0x00AB      	MOVWF      _giro2
;base_servo.mbas,61 :: 		Delay_1sec
0x00AA	0x203A      	CALL       _Delay_1sec
;base_servo.mbas,62 :: 		giro2=244
0x00AB	0x30F4      	MOVLW      244
0x00AC	0x00AB      	MOVWF      _giro2
;base_servo.mbas,63 :: 		Delay_1sec
0x00AD	0x203A      	CALL       _Delay_1sec
;base_servo.mbas,64 :: 		giro2=243
0x00AE	0x30F3      	MOVLW      243
0x00AF	0x00AB      	MOVWF      _giro2
L_base_servo_ver19:
;base_servo.mbas,68 :: 		if numero = 3 then  'izquierda
0x00B0	0x0830      	MOVF       FARG_ver_numero, 0
0x00B1	0x3A03      	XORLW      3
0x00B2	0x1D03      	BTFSS      STATUS, 2
0x00B3	0x28C4      	GOTO       L_base_servo_ver22
;base_servo.mbas,69 :: 		giro1=114
0x00B4	0x3072      	MOVLW      114
0x00B5	0x00AA      	MOVWF      _giro1
;base_servo.mbas,70 :: 		giro2=242
0x00B6	0x30F2      	MOVLW      242
0x00B7	0x00AB      	MOVWF      _giro2
;base_servo.mbas,71 :: 		Delay_1sec
0x00B8	0x203A      	CALL       _Delay_1sec
;base_servo.mbas,72 :: 		giro2=241
0x00B9	0x30F1      	MOVLW      241
0x00BA	0x00AB      	MOVWF      _giro2
;base_servo.mbas,73 :: 		Delay_1sec
0x00BB	0x203A      	CALL       _Delay_1sec
;base_servo.mbas,74 :: 		giro2=240
0x00BC	0x30F0      	MOVLW      240
0x00BD	0x00AB      	MOVWF      _giro2
;base_servo.mbas,75 :: 		Delay_1sec
0x00BE	0x203A      	CALL       _Delay_1sec
;base_servo.mbas,76 :: 		giro2=239
0x00BF	0x30EF      	MOVLW      239
0x00C0	0x00AB      	MOVWF      _giro2
;base_servo.mbas,77 :: 		Delay_1sec
0x00C1	0x203A      	CALL       _Delay_1sec
;base_servo.mbas,78 :: 		giro2=238
0x00C2	0x30EE      	MOVLW      238
0x00C3	0x00AB      	MOVWF      _giro2
L_base_servo_ver22:
;base_servo.mbas,80 :: 		if numero = 4 then
0x00C4	0x0830      	MOVF       FARG_ver_numero, 0
0x00C5	0x3A04      	XORLW      4
0x00C6	0x1D03      	BTFSS      STATUS, 2
0x00C7	0x28E1      	GOTO       L_base_servo_ver25
;base_servo.mbas,81 :: 		giro1=98         'derecha
0x00C8	0x3062      	MOVLW      98
0x00C9	0x00AA      	MOVWF      _giro1
;base_servo.mbas,83 :: 		giro2=244
0x00CA	0x30F4      	MOVLW      244
0x00CB	0x00AB      	MOVWF      _giro2
;base_servo.mbas,84 :: 		Delay_1sec
0x00CC	0x203A      	CALL       _Delay_1sec
;base_servo.mbas,85 :: 		giro2=245
0x00CD	0x30F5      	MOVLW      245
0x00CE	0x00AB      	MOVWF      _giro2
;base_servo.mbas,86 :: 		Delay_1sec
0x00CF	0x203A      	CALL       _Delay_1sec
;base_servo.mbas,87 :: 		giro2=246
0x00D0	0x30F6      	MOVLW      246
0x00D1	0x00AB      	MOVWF      _giro2
;base_servo.mbas,88 :: 		Delay_1sec
0x00D2	0x203A      	CALL       _Delay_1sec
;base_servo.mbas,89 :: 		giro2=247
0x00D3	0x30F7      	MOVLW      247
0x00D4	0x00AB      	MOVWF      _giro2
;base_servo.mbas,90 :: 		Delay_1sec
0x00D5	0x203A      	CALL       _Delay_1sec
;base_servo.mbas,91 :: 		giro2=248
0x00D6	0x30F8      	MOVLW      248
0x00D7	0x00AB      	MOVWF      _giro2
;base_servo.mbas,92 :: 		Delay_1sec
0x00D8	0x203A      	CALL       _Delay_1sec
;base_servo.mbas,93 :: 		giro2=249
0x00D9	0x30F9      	MOVLW      249
0x00DA	0x00AB      	MOVWF      _giro2
;base_servo.mbas,94 :: 		Delay_1sec
0x00DB	0x203A      	CALL       _Delay_1sec
;base_servo.mbas,95 :: 		giro2=250
0x00DC	0x30FA      	MOVLW      250
0x00DD	0x00AB      	MOVWF      _giro2
;base_servo.mbas,96 :: 		Delay_1sec
0x00DE	0x203A      	CALL       _Delay_1sec
;base_servo.mbas,98 :: 		giro2=251
0x00DF	0x30FB      	MOVLW      251
0x00E0	0x00AB      	MOVWF      _giro2
L_base_servo_ver25:
;base_servo.mbas,99 :: 		end if
0x00E1	0x0008      	RETURN
; end of base_servo_ver
_UART1_Write_Text:
;__Lib_UART_c67.mpas,80 :: 		
;__Lib_UART_c67.mpas,81 :: 		
0x00E2	0x1283      	BCF        STATUS, 5
0x00E3	0x1303      	BCF        STATUS, 6
0x00E4	0x01B1      	CLRF       UART1_Write_Text_counter
;__Lib_UART_c67.mpas,82 :: 		
0x00E5	0x0830      	MOVF       FARG_UART1_Write_Text_uart_text, 0
0x00E6	0x0084      	MOVWF      FSR
0x00E7	0x0800      	MOVF       INDF, 0
0x00E8	0x00B2      	MOVWF      UART1_Write_Text_data_
;__Lib_UART_c67.mpas,83 :: 		
L__UART1_Write_Text20:
0x00E9	0x0832      	MOVF       UART1_Write_Text_data_, 0
0x00EA	0x3A00      	XORLW      0
0x00EB	0x1903      	BTFSC      STATUS, 2
0x00EC	0x28F7      	GOTO       L__UART1_Write_Text21
;__Lib_UART_c67.mpas,85 :: 		
0x00ED	0x0832      	MOVF       UART1_Write_Text_data_, 0
0x00EE	0x00B3      	MOVWF      FARG_UART1_Write_data_
0x00EF	0x2030      	CALL       _UART1_Write
;__Lib_UART_c67.mpas,86 :: 		
0x00F0	0x0AB1      	INCF       UART1_Write_Text_counter, 1
;__Lib_UART_c67.mpas,87 :: 		
0x00F1	0x0831      	MOVF       UART1_Write_Text_counter, 0
0x00F2	0x0730      	ADDWF      FARG_UART1_Write_Text_uart_text, 0
0x00F3	0x0084      	MOVWF      FSR
0x00F4	0x0800      	MOVF       INDF, 0
0x00F5	0x00B2      	MOVWF      UART1_Write_Text_data_
;__Lib_UART_c67.mpas,88 :: 		
0x00F6	0x28E9      	GOTO       L__UART1_Write_Text20
L__UART1_Write_Text21:
;__Lib_UART_c67.mpas,89 :: 		
0x00F7	0x0008      	RETURN
; end of _UART1_Write_Text
_Delay_100ms:
;__Lib_Delays.mbas,68 :: 		sub procedure Delay_100ms()
;__Lib_Delays.mbas,69 :: 		Delay_ms(100)
0x00F8	0x3082      	MOVLW      130
0x00F9	0x1283      	BCF        STATUS, 5
0x00FA	0x1303      	BCF        STATUS, 6
0x00FB	0x00FC      	MOVWF      R12
0x00FC	0x30DD      	MOVLW      221
0x00FD	0x00FD      	MOVWF      R13
L__Delay_100ms21:
0x00FE	0x0BFD      	DECFSZ     R13, 1
0x00FF	0x28FE      	GOTO       L__Delay_100ms21
0x0100	0x0BFC      	DECFSZ     R12, 1
0x0101	0x28FE      	GOTO       L__Delay_100ms21
0x0102	0x0000      	NOP
0x0103	0x0000      	NOP
0x0104	0x0008      	RETURN
; end of _Delay_100ms
base_servo_PINZA_ABIERTA:
;base_servo.mbas,103 :: 		sub procedure PINZA_ABIERTA()
;base_servo.mbas,104 :: 		UART1_Write_Text("A") 'PINZA ABIERTA
0x0105	0x3041      	MOVLW      65
0x0106	0x1283      	BCF        STATUS, 5
0x0107	0x1303      	BCF        STATUS, 6
0x0108	0x00AE      	MOVWF      _PINZA_ABIERTA_Local_Text
0x0109	0x01AF      	CLRF       _PINZA_ABIERTA_Local_Text+1
0x010A	0x302E      	MOVLW      _PINZA_ABIERTA_Local_Text
0x010B	0x00B0      	MOVWF      FARG_UART1_Write_Text_uart_text
0x010C	0x20E2      	CALL       _UART1_Write_Text
;base_servo.mbas,105 :: 		UART1_Write_Text("A") 'PINZA ABIERTA
0x010D	0x3041      	MOVLW      65
0x010E	0x00AE      	MOVWF      _PINZA_ABIERTA_Local_Text
0x010F	0x01AF      	CLRF       _PINZA_ABIERTA_Local_Text+1
0x0110	0x302E      	MOVLW      _PINZA_ABIERTA_Local_Text
0x0111	0x00B0      	MOVWF      FARG_UART1_Write_Text_uart_text
0x0112	0x20E2      	CALL       _UART1_Write_Text
0x0113	0x0008      	RETURN
; end of base_servo_PINZA_ABIERTA
_UART1_Data_Ready:
;__Lib_UART_c67.mpas,46 :: 		
;__Lib_UART_c67.mpas,47 :: 		
0x0114	0x3000      	MOVLW      0
0x0115	0x1283      	BCF        STATUS, 5
0x0116	0x1303      	BCF        STATUS, 6
0x0117	0x1A8C      	BTFSC      PIR1, 5
0x0118	0x3001      	MOVLW      1
0x0119	0x00F1      	MOVWF      R1
;__Lib_UART_c67.mpas,48 :: 		
0x011A	0x0871      	MOVF       R1, 0
0x011B	0x00F0      	MOVWF      R0
0x011C	0x0008      	RETURN
; end of _UART1_Data_Ready
base_servo_BRAZO_ABAJO:
;base_servo.mbas,118 :: 		sub procedure BRAZO_ABAJO()
;base_servo.mbas,119 :: 		UART1_Write_Text("C")
0x011D	0x3043      	MOVLW      67
0x011E	0x1283      	BCF        STATUS, 5
0x011F	0x1303      	BCF        STATUS, 6
0x0120	0x00AE      	MOVWF      _BRAZO_ABAJO_Local_Text
0x0121	0x01AF      	CLRF       _BRAZO_ABAJO_Local_Text+1
0x0122	0x302E      	MOVLW      _BRAZO_ABAJO_Local_Text
0x0123	0x00B0      	MOVWF      FARG_UART1_Write_Text_uart_text
0x0124	0x20E2      	CALL       _UART1_Write_Text
;base_servo.mbas,120 :: 		PORTD.RD3=0
0x0125	0x1188      	BCF        PORTD, 3
;base_servo.mbas,121 :: 		PORTD.RD2=1
0x0126	0x1508      	BSF        PORTD, 2
;base_servo.mbas,122 :: 		Delay_100ms
0x0127	0x20F8      	CALL       _Delay_100ms
;base_servo.mbas,123 :: 		PORTD.RD3=0
0x0128	0x1188      	BCF        PORTD, 3
;base_servo.mbas,124 :: 		PORTD.RD2=0
0x0129	0x1108      	BCF        PORTD, 2
0x012A	0x0008      	RETURN
; end of base_servo_BRAZO_ABAJO
base_servo_BASE_IZQUIERDA:
;base_servo.mbas,133 :: 		sub procedure BASE_IZQUIERDA()
;base_servo.mbas,134 :: 		sentido=3
0x012B	0x3003      	MOVLW      3
0x012C	0x1283      	BCF        STATUS, 5
0x012D	0x1303      	BCF        STATUS, 6
0x012E	0x00AD      	MOVWF      _sentido
;base_servo.mbas,135 :: 		ver(3)
0x012F	0x3003      	MOVLW      3
0x0130	0x00B0      	MOVWF      FARG_ver_numero
0x0131	0x204B      	CALL       base_servo_ver
0x0132	0x0008      	RETURN
; end of base_servo_BASE_IZQUIERDA
base_servo_BASE_FRENTE:
;base_servo.mbas,130 :: 		sub procedure BASE_FRENTE()
;base_servo.mbas,131 :: 		ver(2)
0x0133	0x3002      	MOVLW      2
0x0134	0x1283      	BCF        STATUS, 5
0x0135	0x1303      	BCF        STATUS, 6
0x0136	0x00B0      	MOVWF      FARG_ver_numero
0x0137	0x204B      	CALL       base_servo_ver
0x0138	0x0008      	RETURN
; end of base_servo_BASE_FRENTE
_UART1_Read:
;__Lib_UART_c67.mpas,54 :: 		
;__Lib_UART_c67.mpas,55 :: 		
0x0139	0x1283      	BCF        STATUS, 5
0x013A	0x1303      	BCF        STATUS, 6
0x013B	0x081A      	MOVF       RCREG, 0
0x013C	0x00F2      	MOVWF      R2
;__Lib_UART_c67.mpas,56 :: 		
0x013D	0x1C98      	BTFSS      RCSTA, 1
0x013E	0x2941      	GOTO       L__UART1_Read9
;__Lib_UART_c67.mpas,58 :: 		
0x013F	0x1218      	BCF        RCSTA, 4
;__Lib_UART_c67.mpas,59 :: 		
0x0140	0x1618      	BSF        RCSTA, 4
;__Lib_UART_c67.mpas,60 :: 		
L__UART1_Read9:
;__Lib_UART_c67.mpas,61 :: 		
0x0141	0x0872      	MOVF       R2, 0
0x0142	0x00F1      	MOVWF      R1
;__Lib_UART_c67.mpas,62 :: 		
0x0143	0x0871      	MOVF       R1, 0
0x0144	0x00F0      	MOVWF      R0
0x0145	0x0008      	RETURN
; end of _UART1_Read
base_servo_BRAZO_ARRIBA:
;base_servo.mbas,110 :: 		sub procedure BRAZO_ARRIBA()
;base_servo.mbas,111 :: 		UART1_Write_Text("D")
0x0146	0x3044      	MOVLW      68
0x0147	0x1283      	BCF        STATUS, 5
0x0148	0x1303      	BCF        STATUS, 6
0x0149	0x00AE      	MOVWF      _BRAZO_ARRIBA_Local_Text
0x014A	0x01AF      	CLRF       _BRAZO_ARRIBA_Local_Text+1
0x014B	0x302E      	MOVLW      _BRAZO_ARRIBA_Local_Text
0x014C	0x00B0      	MOVWF      FARG_UART1_Write_Text_uart_text
0x014D	0x20E2      	CALL       _UART1_Write_Text
;base_servo.mbas,112 :: 		PORTD.RD2=0
0x014E	0x1108      	BCF        PORTD, 2
;base_servo.mbas,113 :: 		PORTD.RD3=1
0x014F	0x1588      	BSF        PORTD, 3
;base_servo.mbas,114 :: 		Delay_100ms
0x0150	0x20F8      	CALL       _Delay_100ms
;base_servo.mbas,115 :: 		PORTD.RD2=0
0x0151	0x1108      	BCF        PORTD, 2
;base_servo.mbas,116 :: 		PORTD.RD3=0
0x0152	0x1188      	BCF        PORTD, 3
0x0153	0x0008      	RETURN
; end of base_servo_BRAZO_ARRIBA
base_servo_PINZA_CERRADA:
;base_servo.mbas,107 :: 		sub procedure PINZA_CERRADA()
;base_servo.mbas,108 :: 		UART1_Write_Text("B") 'PINZA ABIERTA
0x0154	0x3042      	MOVLW      66
0x0155	0x1283      	BCF        STATUS, 5
0x0156	0x1303      	BCF        STATUS, 6
0x0157	0x00AE      	MOVWF      _PINZA_CERRADA_Local_Text
0x0158	0x01AF      	CLRF       _PINZA_CERRADA_Local_Text+1
0x0159	0x302E      	MOVLW      _PINZA_CERRADA_Local_Text
0x015A	0x00B0      	MOVWF      FARG_UART1_Write_Text_uart_text
0x015B	0x20E2      	CALL       _UART1_Write_Text
0x015C	0x0008      	RETURN
; end of base_servo_PINZA_CERRADA
base_servo_BASE_DERECHA:
;base_servo.mbas,126 :: 		sub procedure BASE_DERECHA()
;base_servo.mbas,127 :: 		ver(4)
0x015D	0x3004      	MOVLW      4
0x015E	0x1283      	BCF        STATUS, 5
0x015F	0x1303      	BCF        STATUS, 6
0x0160	0x00B0      	MOVWF      FARG_ver_numero
0x0161	0x204B      	CALL       base_servo_ver
;base_servo.mbas,128 :: 		sentido=4
0x0162	0x3004      	MOVLW      4
0x0163	0x00AD      	MOVWF      _sentido
0x0164	0x0008      	RETURN
; end of base_servo_BASE_DERECHA
_UART1_Init:
;__Lib_UART_c67.mpas,33 :: 		
;__Lib_UART_c67.mpas,34 :: 		
0x0165	0x1683      	BSF        STATUS, 5
0x0166	0x1303      	BCF        STATUS, 6
0x0167	0x1698      	BSF        TXSTA, 5
;__Lib_UART_c67.mpas,35 :: 		
0x0168	0x3090      	MOVLW      144
0x0169	0x1283      	BCF        STATUS, 5
0x016A	0x0098      	MOVWF      RCSTA
;__Lib_UART_c67.mpas,36 :: 		
0x016B	0x1683      	BSF        STATUS, 5
0x016C	0x1787      	BSF        TRISC7_bit, 7
;__Lib_UART_c67.mpas,37 :: 		
0x016D	0x1307      	BCF        TRISC6_bit, 6
;__Lib_UART_c67.mpas,38 :: 		
L__UART1_Init2:
0x016E	0x1283      	BCF        STATUS, 5
0x016F	0x1E8C      	BTFSS      PIR1, 5
0x0170	0x2974      	GOTO       L__UART1_Init3
;__Lib_UART_c67.mpas,39 :: 		
0x0171	0x081A      	MOVF       RCREG, 0
0x0172	0x00F0      	MOVWF      R0
0x0173	0x296E      	GOTO       L__UART1_Init2
L__UART1_Init3:
;__Lib_UART_c67.mpas,40 :: 		
0x0174	0x0008      	RETURN
; end of _UART1_Init
base_servo_tiempo:
;base_servo.mbas,138 :: 		sub procedure tiempo(dim segundos as byte)
;base_servo.mbas,139 :: 		contador=0
0x0175	0x1283      	BCF        STATUS, 5
0x0176	0x1303      	BCF        STATUS, 6
0x0177	0x01AC      	CLRF       _contador
;base_servo.mbas,140 :: 		while(contador<>segundos)
L_base_servo_tiempo36:
0x0178	0x082C      	MOVF       _contador, 0
0x0179	0x062E      	XORWF      FARG_tiempo_segundos, 0
0x017A	0x1903      	BTFSC      STATUS, 2
0x017B	0x297F      	GOTO       L_base_servo_tiempo37
;base_servo.mbas,141 :: 		inc(contador)
0x017C	0x0AAC      	INCF       _contador, 1
;base_servo.mbas,142 :: 		Delay_1sec()
0x017D	0x203A      	CALL       _Delay_1sec
;base_servo.mbas,143 :: 		wend
0x017E	0x2978      	GOTO       L_base_servo_tiempo36
L_base_servo_tiempo37:
0x017F	0x0008      	RETURN
; end of base_servo_tiempo
_main:
;base_servo.mbas,148 :: 		main:
;base_servo.mbas,149 :: 		OSCCON=0X65   'oscilador interno de 4 MHZ
0x0180	0x3065      	MOVLW      101
0x0181	0x1683      	BSF        STATUS, 5
0x0182	0x1303      	BCF        STATUS, 6
0x0183	0x008F      	MOVWF      OSCCON
;base_servo.mbas,151 :: 		OPTION_REG = 0x86
0x0184	0x3086      	MOVLW      134
0x0185	0x0081      	MOVWF      OPTION_REG
;base_servo.mbas,152 :: 		UART1_Init(9600)
0x0186	0x3019      	MOVLW      25
0x0187	0x0099      	MOVWF      SPBRG
0x0188	0x1518      	BSF        TXSTA, 2
0x0189	0x2165      	CALL       _UART1_Init
;base_servo.mbas,154 :: 		TRISA = 0X01 ' PORTA.0 Entrada
0x018A	0x3001      	MOVLW      1
0x018B	0x1683      	BSF        STATUS, 5
0x018C	0x0085      	MOVWF      TRISA
;base_servo.mbas,155 :: 		PORTA = 0X00
0x018D	0x1283      	BCF        STATUS, 5
0x018E	0x0185      	CLRF       PORTA
;base_servo.mbas,157 :: 		TRISB = 0X20 ' PORTB
0x018F	0x3020      	MOVLW      32
0x0190	0x1683      	BSF        STATUS, 5
0x0191	0x0086      	MOVWF      TRISB
;base_servo.mbas,158 :: 		PORTB = 0X00
0x0192	0x1283      	BCF        STATUS, 5
0x0193	0x0186      	CLRF       PORTB
;base_servo.mbas,160 :: 		TRISC = 0X00 ' PORTC salidas
0x0194	0x1683      	BSF        STATUS, 5
0x0195	0x0187      	CLRF       TRISC
;base_servo.mbas,161 :: 		PORTC = 0X00
0x0196	0x1283      	BCF        STATUS, 5
0x0197	0x0187      	CLRF       PORTC
;base_servo.mbas,163 :: 		PORTD=0
0x0198	0x0188      	CLRF       PORTD
;base_servo.mbas,164 :: 		TRISD=0
0x0199	0x1683      	BSF        STATUS, 5
0x019A	0x0188      	CLRF       TRISD
;base_servo.mbas,166 :: 		TRISE = 0X00 ' PORTE  como salidas digital
0x019B	0x0189      	CLRF       TRISE
;base_servo.mbas,167 :: 		PORTE = 0X00
0x019C	0x1283      	BCF        STATUS, 5
0x019D	0x0189      	CLRF       PORTE
;base_servo.mbas,169 :: 		ANSEL = 0X00 ' AN<7:0>
0x019E	0x1683      	BSF        STATUS, 5
0x019F	0x1703      	BSF        STATUS, 6
0x01A0	0x0188      	CLRF       ANSEL
;base_servo.mbas,170 :: 		ANSELH = 0X00 ' AN<13:8>
0x01A1	0x0189      	CLRF       ANSELH
;base_servo.mbas,171 :: 		INTCON = 0xA0            '// Enable interrupt TMR0
0x01A2	0x30A0      	MOVLW      160
0x01A3	0x008B      	MOVWF      INTCON
;base_servo.mbas,172 :: 		TMR0= 100
0x01A4	0x3064      	MOVLW      100
0x01A5	0x1283      	BCF        STATUS, 5
0x01A6	0x1303      	BCF        STATUS, 6
0x01A7	0x0081      	MOVWF      TMR0
;base_servo.mbas,173 :: 		por=2
0x01A8	0x3002      	MOVLW      2
0x01A9	0x00A9      	MOVWF      _por
;base_servo.mbas,174 :: 		sentido=0
0x01AA	0x01AD      	CLRF       _sentido
;base_servo.mbas,178 :: 		dato=0
0x01AB	0x01A2      	CLRF       _dato
;base_servo.mbas,179 :: 		centinela=0
0x01AC	0x01A1      	CLRF       _centinela
;base_servo.mbas,180 :: 		ver(2) 'base al frente
0x01AD	0x3002      	MOVLW      2
0x01AE	0x00B0      	MOVWF      FARG_ver_numero
0x01AF	0x204B      	CALL       base_servo_ver
;base_servo.mbas,181 :: 		Delay_1sec
0x01B0	0x203A      	CALL       _Delay_1sec
;base_servo.mbas,183 :: 		while(1)
L__main42:
;base_servo.mbas,184 :: 		if (UART1_Data_Ready() = 1) then
0x01B1	0x2114      	CALL       _UART1_Data_Ready
0x01B2	0x0870      	MOVF       R0, 0
0x01B3	0x3A01      	XORLW      1
0x01B4	0x1D03      	BTFSS      STATUS, 2
0x01B5	0x29BD      	GOTO       L__main47
;base_servo.mbas,185 :: 		receive = UART1_Read()
0x01B6	0x2139      	CALL       _UART1_Read
0x01B7	0x0870      	MOVF       R0, 0
0x01B8	0x00A3      	MOVWF      _receive
;base_servo.mbas,189 :: 		dato=receive
0x01B9	0x0870      	MOVF       R0, 0
0x01BA	0x00A2      	MOVWF      _dato
;base_servo.mbas,190 :: 		centinela=1
0x01BB	0x3001      	MOVLW      1
0x01BC	0x00A1      	MOVWF      _centinela
L__main47:
;base_servo.mbas,192 :: 		if PORTB.RB5 =1 THEN
0x01BD	0x1E86      	BTFSS      PORTB, 5
0x01BE	0x2A05      	GOTO       L__main50
;base_servo.mbas,194 :: 		IF PORTA.RA0 = 1 THEN 'EN NEGRO
0x01BF	0x1C05      	BTFSS      PORTA, 0
0x01C0	0x29E2      	GOTO       L__main53
;base_servo.mbas,195 :: 		PORTA.RA1 = 1
0x01C1	0x1485      	BSF        PORTA, 1
;base_servo.mbas,196 :: 		PINZA_ABIERTA()   'A
0x01C2	0x2105      	CALL       base_servo_PINZA_ABIERTA
;base_servo.mbas,197 :: 		Delay_1sec
0x01C3	0x203A      	CALL       _Delay_1sec
;base_servo.mbas,198 :: 		Delay_1sec
0x01C4	0x203A      	CALL       _Delay_1sec
;base_servo.mbas,199 :: 		BRAZO_ABAJO() 'C
0x01C5	0x211D      	CALL       base_servo_BRAZO_ABAJO
;base_servo.mbas,200 :: 		tiempo(8)
0x01C6	0x3008      	MOVLW      8
0x01C7	0x00AE      	MOVWF      FARG_tiempo_segundos
0x01C8	0x2175      	CALL       base_servo_tiempo
;base_servo.mbas,201 :: 		PINZA_CERRADA()     'B
0x01C9	0x2154      	CALL       base_servo_PINZA_CERRADA
;base_servo.mbas,202 :: 		Delay_1sec
0x01CA	0x203A      	CALL       _Delay_1sec
;base_servo.mbas,203 :: 		Delay_1sec
0x01CB	0x203A      	CALL       _Delay_1sec
;base_servo.mbas,204 :: 		BRAZO_ARRIBA()  'D
0x01CC	0x2146      	CALL       base_servo_BRAZO_ARRIBA
;base_servo.mbas,205 :: 		tiempo(8)
0x01CD	0x3008      	MOVLW      8
0x01CE	0x00AE      	MOVWF      FARG_tiempo_segundos
0x01CF	0x2175      	CALL       base_servo_tiempo
;base_servo.mbas,206 :: 		BASE_DERECHA()    'BASE DERECHA
0x01D0	0x215D      	CALL       base_servo_BASE_DERECHA
;base_servo.mbas,207 :: 		BRAZO_ABAJO()     'C
0x01D1	0x211D      	CALL       base_servo_BRAZO_ABAJO
;base_servo.mbas,208 :: 		tiempo(8)
0x01D2	0x3008      	MOVLW      8
0x01D3	0x00AE      	MOVWF      FARG_tiempo_segundos
0x01D4	0x2175      	CALL       base_servo_tiempo
;base_servo.mbas,209 :: 		PINZA_ABIERTA()    'A
0x01D5	0x2105      	CALL       base_servo_PINZA_ABIERTA
;base_servo.mbas,210 :: 		Delay_1sec
0x01D6	0x203A      	CALL       _Delay_1sec
;base_servo.mbas,211 :: 		Delay_1sec
0x01D7	0x203A      	CALL       _Delay_1sec
;base_servo.mbas,212 :: 		BRAZO_ARRIBA()       'D
0x01D8	0x2146      	CALL       base_servo_BRAZO_ARRIBA
;base_servo.mbas,213 :: 		tiempo(8)
0x01D9	0x3008      	MOVLW      8
0x01DA	0x00AE      	MOVWF      FARG_tiempo_segundos
0x01DB	0x2175      	CALL       base_servo_tiempo
;base_servo.mbas,214 :: 		PINZA_CERRADA()     'B
0x01DC	0x2154      	CALL       base_servo_PINZA_CERRADA
;base_servo.mbas,215 :: 		Delay_1sec
0x01DD	0x203A      	CALL       _Delay_1sec
;base_servo.mbas,216 :: 		Delay_1sec
0x01DE	0x203A      	CALL       _Delay_1sec
;base_servo.mbas,217 :: 		BASE_FRENTE() ' BASE FRENTE
0x01DF	0x2133      	CALL       base_servo_BASE_FRENTE
;base_servo.mbas,218 :: 		Delay_1sec
0x01E0	0x203A      	CALL       _Delay_1sec
;base_servo.mbas,219 :: 		PORTA.RA1 = 0
0x01E1	0x1085      	BCF        PORTA, 1
L__main53:
;base_servo.mbas,222 :: 		if PORTA.RA0 = 0 then  ' ES BLANCO
0x01E2	0x1805      	BTFSC      PORTA, 0
0x01E3	0x2A05      	GOTO       L__main56
;base_servo.mbas,223 :: 		PORTA.RA2 = 1
0x01E4	0x1505      	BSF        PORTA, 2
;base_servo.mbas,224 :: 		PINZA_ABIERTA()
0x01E5	0x2105      	CALL       base_servo_PINZA_ABIERTA
;base_servo.mbas,225 :: 		Delay_1sec
0x01E6	0x203A      	CALL       _Delay_1sec
;base_servo.mbas,226 :: 		Delay_1sec
0x01E7	0x203A      	CALL       _Delay_1sec
;base_servo.mbas,227 :: 		BRAZO_ABAJO()
0x01E8	0x211D      	CALL       base_servo_BRAZO_ABAJO
;base_servo.mbas,228 :: 		tiempo(8)
0x01E9	0x3008      	MOVLW      8
0x01EA	0x00AE      	MOVWF      FARG_tiempo_segundos
0x01EB	0x2175      	CALL       base_servo_tiempo
;base_servo.mbas,229 :: 		PINZA_CERRADA()
0x01EC	0x2154      	CALL       base_servo_PINZA_CERRADA
;base_servo.mbas,230 :: 		Delay_1sec
0x01ED	0x203A      	CALL       _Delay_1sec
;base_servo.mbas,231 :: 		Delay_1sec
0x01EE	0x203A      	CALL       _Delay_1sec
;base_servo.mbas,232 :: 		BRAZO_ARRIBA()
0x01EF	0x2146      	CALL       base_servo_BRAZO_ARRIBA
;base_servo.mbas,233 :: 		tiempo(8)
0x01F0	0x3008      	MOVLW      8
0x01F1	0x00AE      	MOVWF      FARG_tiempo_segundos
0x01F2	0x2175      	CALL       base_servo_tiempo
;base_servo.mbas,234 :: 		BASE_IZQUIERDA()    'BASE IZQUIERDA
0x01F3	0x212B      	CALL       base_servo_BASE_IZQUIERDA
;base_servo.mbas,235 :: 		BRAZO_ABAJO()
0x01F4	0x211D      	CALL       base_servo_BRAZO_ABAJO
;base_servo.mbas,236 :: 		tiempo(8)
0x01F5	0x3008      	MOVLW      8
0x01F6	0x00AE      	MOVWF      FARG_tiempo_segundos
0x01F7	0x2175      	CALL       base_servo_tiempo
;base_servo.mbas,237 :: 		PINZA_ABIERTA()
0x01F8	0x2105      	CALL       base_servo_PINZA_ABIERTA
;base_servo.mbas,238 :: 		Delay_1sec
0x01F9	0x203A      	CALL       _Delay_1sec
;base_servo.mbas,239 :: 		Delay_1sec
0x01FA	0x203A      	CALL       _Delay_1sec
;base_servo.mbas,240 :: 		BRAZO_ARRIBA()
0x01FB	0x2146      	CALL       base_servo_BRAZO_ARRIBA
;base_servo.mbas,241 :: 		tiempo(8)
0x01FC	0x3008      	MOVLW      8
0x01FD	0x00AE      	MOVWF      FARG_tiempo_segundos
0x01FE	0x2175      	CALL       base_servo_tiempo
;base_servo.mbas,242 :: 		PINZA_CERRADA()
0x01FF	0x2154      	CALL       base_servo_PINZA_CERRADA
;base_servo.mbas,243 :: 		Delay_1sec
0x0200	0x203A      	CALL       _Delay_1sec
;base_servo.mbas,244 :: 		Delay_1sec
0x0201	0x203A      	CALL       _Delay_1sec
;base_servo.mbas,245 :: 		BASE_FRENTE() ' BASE FRENTE
0x0202	0x2133      	CALL       base_servo_BASE_FRENTE
;base_servo.mbas,246 :: 		Delay_1sec
0x0203	0x203A      	CALL       _Delay_1sec
;base_servo.mbas,247 :: 		PORTA.RA2 = 0
0x0204	0x1105      	BCF        PORTA, 2
L__main56:
;base_servo.mbas,248 :: 		end if
L__main50:
;base_servo.mbas,251 :: 		if centinela=1 then
0x0205	0x0821      	MOVF       _centinela, 0
0x0206	0x3A01      	XORLW      1
0x0207	0x1D03      	BTFSS      STATUS, 2
0x0208	0x2A22      	GOTO       L__main59
;base_servo.mbas,252 :: 		centinela=0
0x0209	0x01A1      	CLRF       _centinela
;base_servo.mbas,253 :: 		if (dato=0x31) then 'FRENTE
0x020A	0x0822      	MOVF       _dato, 0
0x020B	0x3A31      	XORLW      49
0x020C	0x1D03      	BTFSS      STATUS, 2
0x020D	0x2A12      	GOTO       L__main62
;base_servo.mbas,254 :: 		BASE_FRENTE()
0x020E	0x2133      	CALL       base_servo_BASE_FRENTE
;base_servo.mbas,255 :: 		sentido=2
0x020F	0x3002      	MOVLW      2
0x0210	0x00AD      	MOVWF      _sentido
;base_servo.mbas,257 :: 		Delay_1sec
0x0211	0x203A      	CALL       _Delay_1sec
L__main62:
;base_servo.mbas,259 :: 		if (dato=0x32) then  'IZQUIERDA
0x0212	0x0822      	MOVF       _dato, 0
0x0213	0x3A32      	XORLW      50
0x0214	0x1D03      	BTFSS      STATUS, 2
0x0215	0x2A1A      	GOTO       L__main65
;base_servo.mbas,260 :: 		BASE_IZQUIERDA()
0x0216	0x212B      	CALL       base_servo_BASE_IZQUIERDA
;base_servo.mbas,261 :: 		sentido=3
0x0217	0x3003      	MOVLW      3
0x0218	0x00AD      	MOVWF      _sentido
;base_servo.mbas,263 :: 		Delay_1sec
0x0219	0x203A      	CALL       _Delay_1sec
L__main65:
;base_servo.mbas,265 :: 		if (dato=0x33) then  'DERECHA
0x021A	0x0822      	MOVF       _dato, 0
0x021B	0x3A33      	XORLW      51
0x021C	0x1D03      	BTFSS      STATUS, 2
0x021D	0x2A22      	GOTO       L__main68
;base_servo.mbas,266 :: 		BASE_DERECHA()
0x021E	0x215D      	CALL       base_servo_BASE_DERECHA
;base_servo.mbas,267 :: 		sentido=4
0x021F	0x3004      	MOVLW      4
0x0220	0x00AD      	MOVWF      _sentido
;base_servo.mbas,269 :: 		Delay_1sec
0x0221	0x203A      	CALL       _Delay_1sec
L__main68:
;base_servo.mbas,270 :: 		end if
L__main59:
;base_servo.mbas,273 :: 		wend
0x0222	0x29B1      	GOTO       L__main42
0x0223	0x2A23      	GOTO       $+0
; end of _main
Symbol List:
//** Routines locations **
//ADDRESS    SIZE    PROCEDURE
//----------------------------------------------
0x0004      [44]    base_servo_interrupt
0x0030      [10]    _UART1_Write
0x003A      [17]    _Delay_1sec
0x004B     [151]    base_servo_ver
0x00E2      [22]    _UART1_Write_Text
0x00F8      [13]    _Delay_100ms
0x0105      [15]    base_servo_PINZA_ABIERTA
0x0114       [9]    _UART1_Data_Ready
0x011D      [14]    base_servo_BRAZO_ABAJO
0x012B       [8]    base_servo_BASE_IZQUIERDA
0x0133       [6]    base_servo_BASE_FRENTE
0x0139      [13]    _UART1_Read
0x0146      [14]    base_servo_BRAZO_ARRIBA
0x0154       [9]    base_servo_PINZA_CERRADA
0x015D       [8]    base_servo_BASE_DERECHA
0x0165      [16]    _UART1_Init
0x0175      [11]    base_servo_tiempo
0x0180     [164]    _main
//** Variables locations ** 
//ADDRESS    SIZE    VARIABLE
//----------------------------------------------
0x0000       [1]    INDF
0x0001       [1]    TMR0
0x0002       [1]    PCL
0x0003       [0]    RP0_bit
0x0003       [0]    IRP_bit
0x0003       [0]    RP1_bit
0x0003       [0]    NOT_TO_bit
0x0003       [1]    STATUS
0x0003       [0]    Z_bit
0x0003       [0]    NOT_PD_bit
0x0003       [0]    C_bit
0x0003       [0]    DC_bit
0x0004       [1]    FSRPTR
0x0004       [1]    FSR
0x0005       [0]    RA4_bit
0x0005       [0]    RA1_bit
0x0005       [1]    PORTA
0x0005       [0]    RA0_bit
0x0005       [0]    RA5_bit
0x0005       [0]    RA6_bit
0x0005       [0]    RA7_bit
0x0005       [0]    RA2_bit
0x0005       [0]    RA3_bit
0x0006       [0]    RB3_bit
0x0006       [0]    RB1_bit
0x0006       [1]    PORTB
0x0006       [0]    RB5_bit
0x0006       [0]    RB6_bit
0x0006       [0]    RB0_bit
0x0006       [0]    RB2_bit
0x0006       [0]    RB4_bit
0x0006       [0]    RB7_bit
0x0007       [0]    RC7_bit
0x0007       [1]    PORTC
0x0007       [0]    RC6_bit
0x0007       [0]    RC4_bit
0x0007       [0]    RC0_bit
0x0007       [0]    RC1_bit
0x0007       [0]    RC2_bit
0x0007       [0]    RC3_bit
0x0007       [0]    RC5_bit
0x0008       [0]    RD3_bit
0x0008       [0]    RD6_bit
0x0008       [0]    RD2_bit
0x0008       [0]    RD1_bit
0x0008       [1]    PORTD
0x0008       [0]    RD7_bit
0x0008       [0]    RD5_bit
0x0008       [0]    RD0_bit
0x0008       [0]    RD4_bit
0x0009       [1]    PORTE
0x0009       [0]    RE0_bit
0x0009       [0]    RE3_bit
0x0009       [0]    RE2_bit
0x0009       [0]    RE1_bit
0x000A       [1]    PCLATH
0x000B       [0]    RBIF_bit
0x000B       [0]    GIE_bit
0x000B       [0]    T0IF_bit
0x000B       [0]    TMR0IE_bit
0x000B       [0]    RBIE_bit
0x000B       [1]    INTCON
0x000B       [0]    T0IE_bit
0x000B       [0]    INTF_bit
0x000B       [0]    PEIE_bit
0x000B       [0]    TMR0IF_bit
0x000B       [0]    INTE_bit
0x000C       [0]    CCP1IF_bit
0x000C       [0]    TMR1IF_bit
0x000C       [0]    TMR2IF_bit
0x000C       [0]    TXIF_bit
0x000C       [0]    RCIF_bit
0x000C       [0]    ADIF_bit
0x000C       [1]    PIR1
0x000C       [0]    SSPIF_bit
0x000D       [0]    OSFIF_bit
0x000D       [1]    PIR2
0x000D       [0]    BCLIF_bit
0x000D       [0]    ULPWUIF_bit
0x000D       [0]    CCP2IF_bit
0x000D       [0]    C2IF_bit
0x000D       [0]    C1IF_bit
0x000D       [0]    EEIF_bit
0x000E       [1]    TMR1L
0x000F       [1]    TMR1H
0x0010       [0]    T1SYNC_bit
0x0010       [0]    T1INSYNC_bit
0x0010       [1]    T1CON
0x0010       [0]    TMR1ON_bit
0x0010       [0]    TMR1CS_bit
0x0010       [0]    T1OSCEN_bit
0x0010       [0]    T1GINV_bit
0x0010       [0]    TMR1GE_bit
0x0010       [0]    T1CKPS0_bit
0x0010       [0]    NOT_T1SYNC_bit
0x0010       [0]    T1CKPS1_bit
0x0011       [1]    TMR2
0x0012       [0]    TOUTPS3_bit
0x0012       [0]    T2CKPS0_bit
0x0012       [0]    TOUTPS2_bit
0x0012       [0]    TMR2ON_bit
0x0012       [0]    TOUTPS0_bit
0x0012       [0]    TOUTPS1_bit
0x0012       [0]    T2CKPS1_bit
0x0012       [1]    T2CON
0x0013       [1]    SSPBUF
0x0014       [0]    SSPM2_bit
0x0014       [0]    SSPM1_bit
0x0014       [1]    SSPCON
0x0014       [0]    SSPM0_bit
0x0014       [0]    WCOL_bit
0x0014       [0]    SSPOV_bit
0x0014       [0]    SSPEN_bit
0x0014       [0]    SSPM3_bit
0x0014       [0]    CKP_bit
0x0015       [2]    CCPR1
0x0015       [1]    CCPR1L
0x0016       [1]    CCPR1H
0x0017       [0]    CCP1M2_bit
0x0017       [0]    CCP1M3_bit
0x0017       [0]    CCP1M1_bit
0x0017       [1]    CCP1CON
0x0017       [0]    CCP1M0_bit
0x0017       [0]    CCP1Y_bit
0x0017       [0]    P1M0_bit
0x0017       [0]    P1M1_bit
0x0017       [0]    DC1B1_bit
0x0017       [0]    DC1B0_bit
0x0017       [0]    CCP1X_bit
0x0018       [0]    SREN_bit
0x0018       [0]    RC8_9_bit
0x0018       [0]    CREN_bit
0x0018       [0]    ADDEN_bit
0x0018       [0]    FERR_bit
0x0018       [0]    SPEN_bit
0x0018       [1]    RCSTA
0x0018       [0]    RX9_bit
0x0018       [0]    NOT_RC8_bit
0x0018       [0]    RC9_bit
0x0018       [0]    RCD8_bit
0x0018       [0]    RX9D_bit
0x0018       [0]    OERR_bit
0x0019       [1]    TXREG
0x001A       [1]    RCREG
0x001B       [2]    CCPR2
0x001B       [1]    CCPR2L
0x001C       [1]    CCPR2H
0x001D       [0]    CCP2M1_bit
0x001D       [0]    CCP2M2_bit
0x001D       [0]    CCP2M3_bit
0x001D       [1]    CCP2CON
0x001D       [0]    CCP2X_bit
0x001D       [0]    DC2B1_bit
0x001D       [0]    DC2B0_bit
0x001D       [0]    CCP2Y_bit
0x001D       [0]    CCP2M0_bit
0x001E       [1]    ADRESH
0x001F       [0]    ADCS1_bit
0x001F       [0]    CHS1_bit
0x001F       [0]    CHS0_bit
0x001F       [0]    CHS2_bit
0x001F       [0]    ADCS0_bit
0x001F       [0]    CHS3_bit
0x001F       [1]    ADCON0
0x001F       [0]    NOT_DONE_bit
0x001F       [0]    ADON_bit
0x001F       [0]    GO_DONE_bit
0x001F       [0]    GO_bit
0x0021       [1]    _centinela
0x0022       [1]    _dato
0x0023       [1]    _receive
0x0024       [1]    ___savePCLATH
0x0025       [1]    ___saveSTATUS
0x0026       [1]    _giro
0x0027       [2]    ___DoICPAddr
0x0029       [1]    _por
0x002A       [1]    _giro1
0x002B       [1]    _giro2
0x002C       [1]    _contador
0x002D       [1]    _sentido
0x002E       [2]    _PINZA_CERRADA_Local_Text
0x002E       [2]    _PINZA_ABIERTA_Local_Text
0x002E       [2]    _BRAZO_ARRIBA_Local_Text
0x002E       [1]    FARG_tiempo_segundos
0x002E       [2]    _BRAZO_ABAJO_Local_Text
0x0030       [1]    FARG_UART1_Write_Text_uart_text
0x0030       [1]    FARG_ver_numero
0x0031       [1]    UART1_Write_Text_counter
0x0032       [1]    UART1_Write_Text_data_
0x0033       [1]    FARG_UART1_Write_data_
0x0070       [1]    R0
0x0071       [1]    R1
0x0072       [1]    R2
0x0073       [1]    R3
0x0074       [1]    R4
0x0075       [1]    R5
0x0076       [1]    R6
0x0077       [1]    R7
0x0078       [1]    R8
0x0079       [1]    R9
0x007A       [1]    R10
0x007B       [1]    R11
0x007C       [1]    R12
0x007D       [1]    R13
0x007E       [1]    R14
0x007F       [1]    R15
0x0081       [0]    PS0_bit
0x0081       [0]    PSA_bit
0x0081       [0]    T0SE_bit
0x0081       [0]    T0CS_bit
0x0081       [0]    INTEDG_bit
0x0081       [0]    PS2_bit
0x0081       [1]    OPTION_REG
0x0081       [0]    PS1_bit
0x0081       [0]    NOT_RBPU_bit
0x0085       [1]    TRISA
0x0085       [0]    TRISA4_bit
0x0085       [0]    TRISA5_bit
0x0085       [0]    TRISA7_bit
0x0085       [0]    TRISA3_bit
0x0085       [0]    TRISA1_bit
0x0085       [0]    TRISA0_bit
0x0085       [0]    TRISA6_bit
0x0085       [0]    TRISA2_bit
0x0086       [0]    TRISB5_bit
0x0086       [0]    TRISB4_bit
0x0086       [0]    TRISB3_bit
0x0086       [0]    TRISB7_bit
0x0086       [0]    TRISB0_bit
0x0086       [0]    TRISB1_bit
0x0086       [0]    TRISB6_bit
0x0086       [1]    TRISB
0x0086       [0]    TRISB2_bit
0x0087       [1]    TRISC
0x0087       [0]    TRISC5_bit
0x0087       [0]    TRISC4_bit
0x0087       [0]    TRISC7_bit
0x0087       [0]    TRISC6_bit
0x0087       [0]    TRISC3_bit
0x0087       [0]    TRISC1_bit
0x0087       [0]    TRISC0_bit
0x0087       [0]    TRISC2_bit
0x0088       [0]    TRISD2_bit
0x0088       [0]    TRISD3_bit
0x0088       [0]    TRISD0_bit
0x0088       [0]    TRISD1_bit
0x0088       [0]    TRISD4_bit
0x0088       [0]    TRISD7_bit
0x0088       [0]    TRISD6_bit
0x0088       [1]    TRISD
0x0088       [0]    TRISD5_bit
0x0089       [1]    TRISE
0x0089       [0]    TRISE2_bit
0x0089       [0]    TRISE0_bit
0x0089       [0]    TRISE1_bit
0x0089       [0]    TRISE3_bit
0x008C       [1]    PIE1
0x008C       [0]    RCIE_bit
0x008C       [0]    CCP1IE_bit
0x008C       [0]    TMR1IE_bit
0x008C       [0]    ADIE_bit
0x008C       [0]    TMR2IE_bit
0x008C       [0]    TXIE_bit
0x008C       [0]    SSPIE_bit
0x008D       [0]    OSFIE_bit
0x008D       [1]    PIE2
0x008D       [0]    EEIE_bit
0x008D       [0]    ULPWUIE_bit
0x008D       [0]    CCP2IE_bit
0x008D       [0]    C1IE_bit
0x008D       [0]    C2IE_bit
0x008D       [0]    BCLIE_bit
0x008E       [1]    PCON
0x008E       [0]    NOT_POR_bit
0x008E       [0]    NOT_BO_bit
0x008E       [0]    NOT_BOR_bit
0x008E       [0]    ULPWUE_bit
0x008E       [0]    SBOREN_bit
0x008F       [0]    LTS_bit
0x008F       [0]    SCS_bit
0x008F       [0]    IRCF0_bit
0x008F       [0]    IRCF1_bit
0x008F       [0]    IRCF2_bit
0x008F       [1]    OSCCON
0x008F       [0]    HTS_bit
0x008F       [0]    OSTS_bit
0x0090       [0]    TUN2_bit
0x0090       [1]    OSCTUNE
0x0090       [0]    TUN4_bit
0x0090       [0]    TUN3_bit
0x0090       [0]    TUN1_bit
0x0090       [0]    TUN0_bit
0x0091       [1]    SSPCON2
0x0091       [0]    RCEN_bit
0x0091       [0]    ACKEN_bit
0x0091       [0]    RSEN_bit
0x0091       [0]    SEN_bit
0x0091       [0]    PEN_bit
0x0091       [0]    ACKDT_bit
0x0091       [0]    ACKSTAT_bit
0x0091       [0]    GCEN_bit
0x0092       [1]    PR2
0x0093       [1]    MSK
0x0093       [1]    SSPADD
0x0093       [1]    SSPMSK
0x0094       [0]    NOT_W_bit
0x0094       [0]    DATA_ADDRESS_bit
0x0094       [0]    NOT_WRITE_bit
0x0094       [0]    R_W_bit
0x0094       [0]    D_A_bit
0x0094       [0]    I2C_READ_bit
0x0094       [0]    P_bit
0x0094       [0]    I2C_STOP__bit
0x0094       [0]    S_bit
0x0094       [0]    R_bit
0x0094       [0]    I2C_START__bit
0x0094       [0]    D_bit
0x0094       [0]    I2C_DATA_bit
0x0094       [0]    CKE_bit
0x0094       [1]    SSPSTAT
0x0094       [0]    SMP_bit
0x0094       [0]    UA_bit
0x0094       [0]    READ_WRITE_bit
0x0094       [0]    BF_bit
0x0094       [0]    NOT_A_bit
0x0094       [0]    NOT_ADDRESS_bit
0x0095       [1]    WPUB
0x0095       [0]    WPUB2_bit
0x0095       [0]    WPUB3_bit
0x0095       [0]    WPUB0_bit
0x0095       [0]    WPUB1_bit
0x0095       [0]    WPUB6_bit
0x0095       [0]    WPUB7_bit
0x0095       [0]    WPUB4_bit
0x0095       [0]    WPUB5_bit
0x0096       [0]    IOCB2_bit
0x0096       [0]    IOCB3_bit
0x0096       [0]    IOCB0_bit
0x0096       [0]    IOCB1_bit
0x0096       [0]    IOCB4_bit
0x0096       [0]    IOCB7_bit
0x0096       [1]    IOCB
0x0096       [0]    IOCB5_bit
0x0096       [0]    IOCB6_bit
0x0097       [0]    VR1_bit
0x0097       [0]    VR2_bit
0x0097       [1]    VRCON
0x0097       [0]    VR0_bit
0x0097       [0]    VR3_bit
0x0097       [0]    VREN_bit
0x0097       [0]    VROE_bit
0x0097       [0]    VRSS_bit
0x0097       [0]    VRR_bit
0x0098       [0]    TXD8_bit
0x0098       [0]    SYNC_bit
0x0098       [0]    SENDB_bit
0x0098       [0]    BRGH_bit
0x0098       [0]    TRMT_bit
0x0098       [0]    TX9D_bit
0x0098       [0]    NOT_TX8_bit
0x0098       [0]    TX9_bit
0x0098       [0]    CSRC_bit
0x0098       [0]    TX8_9_bit
0x0098       [1]    TXSTA
0x0098       [0]    TXEN_bit
0x0099       [1]    SPBRG
0x0099       [0]    BRG2_bit
0x0099       [0]    BRG3_bit
0x0099       [0]    BRG0_bit
0x0099       [0]    BRG1_bit
0x0099       [0]    BRG6_bit
0x0099       [0]    BRG7_bit
0x0099       [0]    BRG4_bit
0x0099       [0]    BRG5_bit
0x009A       [0]    BRG9_bit
0x009A       [0]    BRG10_bit
0x009A       [1]    SPBRGH
0x009A       [0]    BRG8_bit
0x009A       [0]    BRG11_bit
0x009A       [0]    BRG14_bit
0x009A       [0]    BRG15_bit
0x009A       [0]    BRG12_bit
0x009A       [0]    BRG13_bit
0x009B       [0]    PDC0_bit
0x009B       [0]    PDC1_bit
0x009B       [0]    PDC6_bit
0x009B       [0]    PDC5_bit
0x009B       [0]    PDC4_bit
0x009B       [1]    PWM1CON
0x009B       [0]    PDC2_bit
0x009B       [0]    PDC3_bit
0x009B       [0]    PRSEN_bit
0x009C       [0]    ECCPAS2_bit
0x009C       [0]    ECCPAS1_bit
0x009C       [1]    ECCPAS
0x009C       [0]    ECCPASE_bit
0x009C       [0]    ECCPAS0_bit
0x009C       [0]    PSSBD1_bit
0x009C       [0]    PSSBD0_bit
0x009C       [0]    PSSAC1_bit
0x009C       [0]    PSSAC0_bit
0x009D       [0]    STRB_bit
0x009D       [0]    STRA_bit
0x009D       [1]    PSTRCON
0x009D       [0]    STRSYNC_bit
0x009D       [0]    STRD_bit
0x009D       [0]    STRC_bit
0x009E       [1]    ADRESL
0x009F       [1]    ADCON1
0x009F       [0]    ADFM_bit
0x009F       [0]    VCFG1_bit
0x009F       [0]    VCFG0_bit
0x0105       [1]    WDTCON
0x0105       [0]    SWDTEN_bit
0x0105       [0]    WDTPS3_bit
0x0105       [0]    WDTPS2_bit
0x0105       [0]    WDTPS1_bit
0x0105       [0]    WDTPS0_bit
0x0107       [0]    C1R_bit
0x0107       [0]    C1CH1_bit
0x0107       [0]    C1ON_bit
0x0107       [0]    C1POL_bit
0x0107       [0]    C1OE_bit
0x0107       [0]    C1OUT_bit
0x0107       [0]    C1CH0_bit
0x0107       [1]    CM1CON0
0x0108       [0]    C2CH1_bit
0x0108       [0]    C2R_bit
0x0108       [0]    C2OE_bit
0x0108       [0]    C2POL_bit
0x0108       [0]    C2CH0_bit
0x0108       [0]    C2OUT_bit
0x0108       [0]    C2ON_bit
0x0108       [1]    CM2CON0
0x0109       [0]    C1RSEL_bit
0x0109       [0]    C2RSEL_bit
0x0109       [0]    T1GSS_bit
0x0109       [0]    C2SYNC_bit
0x0109       [0]    MC1OUT_bit
0x0109       [0]    MC2OUT_bit
0x0109       [1]    CM2CON1
0x010C       [1]    EEDAT
0x010C       [1]    EEDATA
0x010D       [1]    EEADR
0x010E       [1]    EEDATH
0x010F       [1]    EEADRH
0x0185       [0]    SR0_bit
0x0185       [0]    C1SEN_bit
0x0185       [1]    SRCON
0x0185       [0]    SR1_bit
0x0185       [0]    C2REN_bit
0x0185       [0]    FVREN_bit
0x0185       [0]    PULSR_bit
0x0185       [0]    PULSS_bit
0x0187       [1]    BAUDCTL
0x0187       [0]    SCKP_bit
0x0187       [0]    RCIDL_bit
0x0187       [0]    ABDOVF_bit
0x0187       [0]    ABDEN_bit
0x0187       [0]    WUE_bit
0x0187       [0]    BRG16_bit
0x0188       [1]    ANSEL
0x0188       [0]    ANS3_bit
0x0188       [0]    ANS2_bit
0x0188       [0]    ANS1_bit
0x0188       [0]    ANS4_bit
0x0188       [0]    ANS7_bit
0x0188       [0]    ANS6_bit
0x0188       [0]    ANS5_bit
0x0188       [0]    ANS0_bit
0x0189       [0]    ANS10_bit
0x0189       [1]    ANSELH
0x0189       [0]    ANS8_bit
0x0189       [0]    ANS9_bit
0x0189       [0]    ANS11_bit
0x0189       [0]    ANS13_bit
0x0189       [0]    ANS12_bit
0x018C       [0]    WRERR_bit
0x018C       [0]    WREN_bit
0x018C       [0]    WR_bit
0x018C       [0]    RD_bit
0x018C       [1]    EECON1
0x018C       [0]    EEPGD_bit
0x018D       [1]    EECON2
//** Label List: ** 
//----------------------------------------------
  L_end_base_servo_interrupt
  L_base_servo_interrupt1
  L_base_servo_interrupt2
  L_base_servo_interrupt3
  L_base_servo_interrupt4
  L_base_servo_interrupt5
  L_base_servo_interrupt6
  L_base_servo_interrupt_final
  L_base_servo_interrupt8
  L_base_servo_interrupt9
  L_base_servo_interrupt10
  L_end_base_servo_ver
  L_base_servo_ver12
  L_base_servo_ver13
  L_base_servo_ver14
  L_base_servo_ver15
  L_base_servo_ver16
  L_base_servo_ver17
  L_base_servo_ver18
  L_base_servo_ver19
  L_base_servo_ver20
  L_base_servo_ver21
  L_base_servo_ver22
  L_base_servo_ver23
  L_base_servo_ver24
  L_base_servo_ver25
  L_base_servo_ver26
  L_end_base_servo_PINZA_ABIERTA
  L_end_base_servo_PINZA_CERRADA
  L_end_base_servo_BRAZO_ARRIBA
  L_end_base_servo_BRAZO_ABAJO
  L_end_base_servo_BASE_DERECHA
  L_end_base_servo_BASE_FRENTE
  L_end_base_servo_BASE_IZQUIERDA
  L_end_base_servo_tiempo
  L_base_servo_tiempo35
  L_base_servo_tiempo36
  L_base_servo_tiempo37
  L_base_servo_tiempo38
  L_base_servo_tiempo39
  L_end__main
  L__main41
  L__main42
  L__main43
  L__main44
  L__main45
  L__main46
  L__main47
  L__main48
  L__main49
  L__main50
  L__main51
  L__main52
  L__main53
  L__main54
  L__main55
  L__main56
  L__main57
  L__main58
  L__main59
  L__main60
  L__main61
  L__main62
  L__main63
  L__main64
  L__main65
  L__main66
  L__main67
  L__main68
  L__main69
  base_servo_interrupt
  L_base_servo_interrupt70
  base_servo_ver
  base_servo_PINZA_ABIERTA
  base_servo_PINZA_CERRADA
  base_servo_BRAZO_ARRIBA
  base_servo_BRAZO_ABAJO
  base_servo_BASE_DERECHA
  base_servo_BASE_FRENTE
  base_servo_BASE_IZQUIERDA
  base_servo_tiempo
  _main
  L_end__Get_Fosc_kHz
  L_end__Delay_1us
  L_end__Delay_10us
  L__Delay_10us3
  L_end__Delay_22us
  L__Delay_22us5
  L_end__Delay_50us
  L__Delay_50us7
  L_end__Delay_80us
  L__Delay_80us9
  L_end__Delay_500us
  L__Delay_500us11
  L_end__Delay_5500us
  L__Delay_5500us13
  L_end__Delay_5ms
  L__Delay_5ms15
  L_end__Delay_8ms
  L__Delay_8ms17
  L_end__Delay_10ms
  L__Delay_10ms19
  L_end__Delay_100ms
  L__Delay_100ms21
  L_end__Delay_1sec
  L__Delay_1sec23
  L_end__Delay_Cyc
  L__Delay_Cyc25
  L__Delay_Cyc26
  L__Delay_Cyc27
  L__Delay_Cyc28
  L__Delay_Cyc29
  L_end__VDelay_ms
  L__VDelay_ms31
  L__VDelay_ms32
  L__VDelay_ms33
  L__VDelay_ms34
  L__VDelay_ms35
  L__VDelay_ms36
  L__VDelay_ms37
  L__VDelay_ms38
  L_end__VDelay_Advanced_ms
  L__VDelay_Advanced_ms40
  L__VDelay_Advanced_ms41
  L__VDelay_Advanced_ms42
  L__VDelay_Advanced_ms43
  L__VDelay_Advanced_ms44
  L__VDelay_Advanced_ms45
  L__VDelay_Advanced_ms46
  L__VDelay_Advanced_ms47
  _Get_Fosc_kHz
  _Delay_1us
  _Delay_10us
  _Delay_22us
  _Delay_50us
  _Delay_80us
  _Delay_500us
  _Delay_5500us
  _Delay_5ms
  _Delay_8ms
  _Delay_10ms
  _Delay_100ms
  _Delay_1sec
  _Delay_Cyc
  _VDelay_ms
  L__VDelay_ms48
  L__VDelay_ms49
  L__VDelay_ms50
  L__VDelay_ms51
  _VDelay_Advanced_ms
  L__VDelay_Advanced_ms52
  L__VDelay_Advanced_ms53
  L__VDelay_Advanced_ms54
  L__VDelay_Advanced_ms55
  L_end__UART1_Init
  L__UART1_Init1
  L__UART1_Init2
  L__UART1_Init3
  L__UART1_Init4
  L__UART1_Init5
  L_end__UART1_Data_Ready
  L_end__UART1_Read
  L__UART1_Read8
  L__UART1_Read9
  L__UART1_Read10
  L_end__UART1_TX_Idle
  L_end__UART1_Write
  L__UART1_Write13
  L__UART1_Write14
  L__UART1_Write15
  L__UART1_Write16
  L__UART1_Write17
  L_end__UART1_Write_Text
  L__UART1_Write_Text19
  L__UART1_Write_Text20
  L__UART1_Write_Text21
  L__UART1_Write_Text22
  L__UART1_Write_Text23
  L_end__UART1_Read_Text
  L__UART1_Read_Text25
  L__UART1_Read_Text26
  L__UART1_Read_Text27
  L__UART1_Read_Text28
  L__UART1_Read_Text29
  L__UART1_Read_Text30
  L__UART1_Read_Text31
  L__UART1_Read_Text32
  L__UART1_Read_Text33
  L__UART1_Read_Text34
  L__UART1_Read_Text35
  L__UART1_Read_Text36
  L__UART1_Read_Text37
  L__UART1_Read_Text38
  L__UART1_Read_Text39
  L__UART1_Read_Text40
  L__UART1_Read_Text41
  L__UART1_Read_Text42
  L__UART1_Read_Text43
  L__UART1_Read_Text44
  L__UART1_Read_Text45
  L__UART1_Read_Text46
  _UART1_Init
  _UART1_Data_Ready
  _UART1_Read
  _UART1_TX_Idle
  _UART1_Write
  _UART1_Write_Text
  _UART1_Read_Text
  L_end_base_servo_interrupt
  L_base_servo_interrupt1
  L_base_servo_interrupt2
  L_base_servo_interrupt3
  L_base_servo_interrupt4
  L_base_servo_interrupt5
  L_base_servo_interrupt6
  L_base_servo_interrupt_final
  L_base_servo_interrupt8
  L_base_servo_interrupt9
  L_base_servo_interrupt10
  L_end_base_servo_ver
  L_base_servo_ver12
  L_base_servo_ver13
  L_base_servo_ver14
  L_base_servo_ver15
  L_base_servo_ver16
  L_base_servo_ver17
  L_base_servo_ver18
  L_base_servo_ver19
  L_base_servo_ver20
  L_base_servo_ver21
  L_base_servo_ver22
  L_base_servo_ver23
  L_base_servo_ver24
  L_base_servo_ver25
  L_base_servo_ver26
  L_end_base_servo_PINZA_ABIERTA
  L_end_base_servo_PINZA_CERRADA
  L_end_base_servo_BRAZO_ARRIBA
  L_end_base_servo_BRAZO_ABAJO
  L_end_base_servo_BASE_DERECHA
  L_end_base_servo_BASE_FRENTE
  L_end_base_servo_BASE_IZQUIERDA
  L_end_base_servo_tiempo
  L_base_servo_tiempo35
  L_base_servo_tiempo36
  L_base_servo_tiempo37
  L_base_servo_tiempo38
  L_base_servo_tiempo39
  L_end__main
  L__main41
  L__main42
  L__main43
  L__main44
  L__main45
  L__main46
  L__main47
  L__main48
  L__main49
  L__main50
  L__main51
  L__main52
  L__main53
  L__main54
  L__main55
  L__main56
  L__main57
  L__main58
  L__main59
  L__main60
  L__main61
  L__main62
  L__main63
  L__main64
  L__main65
  L__main66
  L__main67
  L__main68
  L__main69
  base_servo_interrupt
  L_base_servo_interrupt70
  base_servo_ver
  base_servo_PINZA_ABIERTA
  base_servo_PINZA_CERRADA
  base_servo_BRAZO_ARRIBA
  base_servo_BRAZO_ABAJO
  base_servo_BASE_DERECHA
  base_servo_BASE_FRENTE
  base_servo_BASE_IZQUIERDA
  base_servo_tiempo
  _main
