;  LST file generated by mikroListExporter - v.2.0 
; Date/Time: 6/26/2013 10:59:59 AM
;----------------------------------------------

;Address Opcode 	ASM
0x0000	0x299B      	GOTO       411
PRACTICA2_interrupt:
0x0004	0x00FF      	MOVWF      R15
0x0005	0x0E03      	SWAPF      STATUS, 0
0x0006	0x0183      	CLRF       STATUS
0x0007	0x00A4      	MOVWF      ___saveSTATUS
0x0008	0x080A      	MOVF       PCLATH, 0
0x0009	0x00A3      	MOVWF      ___savePCLATH
0x000A	0x018A      	CLRF       PCLATH
0x000B	0x0870      	MOVF       R0, 0
0x000C	0x00A2      	MOVWF      34
0x000D	0x0871      	MOVF       R1, 0
0x000E	0x00A1      	MOVWF      33
0x000F	0x0872      	MOVF       R2, 0
0x0010	0x00A0      	MOVWF      32
;PRACTICA2.mbas,9 :: 		sub procedure interrupt
;PRACTICA2.mbas,13 :: 		if (PIR1.RCIF=1) then
0x0011	0x1E8C      	BTFSS      PIR1, 5
0x0012	0x2881      	GOTO       L_PRACTICA2_interrupt2
;PRACTICA2.mbas,14 :: 		PIR1.RCIF=0
0x0013	0x128C      	BCF        PIR1, 5
;PRACTICA2.mbas,15 :: 		dato_recep = UART1_Read()
0x0014	0x218E      	CALL       _UART1_Read
0x0015	0x0870      	MOVF       R0, 0
0x0016	0x00AE      	MOVWF      _dato_recep
;PRACTICA2.mbas,18 :: 		case 0
0x0017	0x0832      	MOVF       _viajero, 0
0x0018	0x3A00      	XORLW      0
0x0019	0x1D03      	BTFSS      STATUS, 2
0x001A	0x2824      	GOTO       L_PRACTICA2_interrupt7
;PRACTICA2.mbas,19 :: 		if dato_recep = "L" then ' I
0x001B	0x082E      	MOVF       _dato_recep, 0
0x001C	0x3A4C      	XORLW      76
0x001D	0x1D03      	BTFSS      STATUS, 2
0x001E	0x2822      	GOTO       L_PRACTICA2_interrupt9
;PRACTICA2.mbas,20 :: 		viajero = 1
0x001F	0x3001      	MOVLW      1
0x0020	0x00B2      	MOVWF      _viajero
0x0021	0x2823      	GOTO       L_PRACTICA2_interrupt10
;PRACTICA2.mbas,21 :: 		else
L_PRACTICA2_interrupt9:
;PRACTICA2.mbas,22 :: 		viajero = 0
0x0022	0x01B2      	CLRF       _viajero
;PRACTICA2.mbas,23 :: 		end if
L_PRACTICA2_interrupt10:
0x0023	0x2881      	GOTO       L_PRACTICA2_interrupt4
L_PRACTICA2_interrupt7:
;PRACTICA2.mbas,24 :: 		case 1
0x0024	0x0832      	MOVF       _viajero, 0
0x0025	0x3A01      	XORLW      1
0x0026	0x1D03      	BTFSS      STATUS, 2
0x0027	0x2831      	GOTO       L_PRACTICA2_interrupt13
;PRACTICA2.mbas,25 :: 		if dato_recep = "U" then
0x0028	0x082E      	MOVF       _dato_recep, 0
0x0029	0x3A55      	XORLW      85
0x002A	0x1D03      	BTFSS      STATUS, 2
0x002B	0x282F      	GOTO       L_PRACTICA2_interrupt15
;PRACTICA2.mbas,26 :: 		viajero = 2
0x002C	0x3002      	MOVLW      2
0x002D	0x00B2      	MOVWF      _viajero
0x002E	0x2830      	GOTO       L_PRACTICA2_interrupt16
;PRACTICA2.mbas,27 :: 		else
L_PRACTICA2_interrupt15:
;PRACTICA2.mbas,28 :: 		viajero=0
0x002F	0x01B2      	CLRF       _viajero
;PRACTICA2.mbas,29 :: 		end if
L_PRACTICA2_interrupt16:
0x0030	0x2881      	GOTO       L_PRACTICA2_interrupt4
L_PRACTICA2_interrupt13:
;PRACTICA2.mbas,30 :: 		case 2
0x0031	0x0832      	MOVF       _viajero, 0
0x0032	0x3A02      	XORLW      2
0x0033	0x1D03      	BTFSS      STATUS, 2
0x0034	0x283E      	GOTO       L_PRACTICA2_interrupt19
;PRACTICA2.mbas,31 :: 		if dato_recep = "Z" then
0x0035	0x082E      	MOVF       _dato_recep, 0
0x0036	0x3A5A      	XORLW      90
0x0037	0x1D03      	BTFSS      STATUS, 2
0x0038	0x283C      	GOTO       L_PRACTICA2_interrupt21
;PRACTICA2.mbas,32 :: 		viajero = 3
0x0039	0x3003      	MOVLW      3
0x003A	0x00B2      	MOVWF      _viajero
0x003B	0x283D      	GOTO       L_PRACTICA2_interrupt22
;PRACTICA2.mbas,33 :: 		else
L_PRACTICA2_interrupt21:
;PRACTICA2.mbas,34 :: 		viajero=0
0x003C	0x01B2      	CLRF       _viajero
;PRACTICA2.mbas,35 :: 		end if
L_PRACTICA2_interrupt22:
0x003D	0x2881      	GOTO       L_PRACTICA2_interrupt4
L_PRACTICA2_interrupt19:
;PRACTICA2.mbas,37 :: 		case 3
0x003E	0x0832      	MOVF       _viajero, 0
0x003F	0x3A03      	XORLW      3
0x0040	0x1D03      	BTFSS      STATUS, 2
0x0041	0x284B      	GOTO       L_PRACTICA2_interrupt25
;PRACTICA2.mbas,38 :: 		if dato_recep = "0" then
0x0042	0x082E      	MOVF       _dato_recep, 0
0x0043	0x3A30      	XORLW      48
0x0044	0x1D03      	BTFSS      STATUS, 2
0x0045	0x2849      	GOTO       L_PRACTICA2_interrupt27
;PRACTICA2.mbas,39 :: 		viajero = 4
0x0046	0x3004      	MOVLW      4
0x0047	0x00B2      	MOVWF      _viajero
0x0048	0x284A      	GOTO       L_PRACTICA2_interrupt28
;PRACTICA2.mbas,40 :: 		else
L_PRACTICA2_interrupt27:
;PRACTICA2.mbas,41 :: 		viajero=0
0x0049	0x01B2      	CLRF       _viajero
;PRACTICA2.mbas,42 :: 		end if
L_PRACTICA2_interrupt28:
0x004A	0x2881      	GOTO       L_PRACTICA2_interrupt4
L_PRACTICA2_interrupt25:
;PRACTICA2.mbas,43 :: 		case 4
0x004B	0x0832      	MOVF       _viajero, 0
0x004C	0x3A04      	XORLW      4
0x004D	0x1D03      	BTFSS      STATUS, 2
0x004E	0x2858      	GOTO       L_PRACTICA2_interrupt31
;PRACTICA2.mbas,44 :: 		if dato_recep = "0" then
0x004F	0x082E      	MOVF       _dato_recep, 0
0x0050	0x3A30      	XORLW      48
0x0051	0x1D03      	BTFSS      STATUS, 2
0x0052	0x2856      	GOTO       L_PRACTICA2_interrupt33
;PRACTICA2.mbas,45 :: 		viajero = 5
0x0053	0x3005      	MOVLW      5
0x0054	0x00B2      	MOVWF      _viajero
0x0055	0x2857      	GOTO       L_PRACTICA2_interrupt34
;PRACTICA2.mbas,46 :: 		else
L_PRACTICA2_interrupt33:
;PRACTICA2.mbas,47 :: 		viajero=0
0x0056	0x01B2      	CLRF       _viajero
;PRACTICA2.mbas,48 :: 		end if
L_PRACTICA2_interrupt34:
0x0057	0x2881      	GOTO       L_PRACTICA2_interrupt4
L_PRACTICA2_interrupt31:
;PRACTICA2.mbas,49 :: 		case 5
0x0058	0x0832      	MOVF       _viajero, 0
0x0059	0x3A05      	XORLW      5
0x005A	0x1D03      	BTFSS      STATUS, 2
0x005B	0x2865      	GOTO       L_PRACTICA2_interrupt37
;PRACTICA2.mbas,50 :: 		if dato_recep = "1" then
0x005C	0x082E      	MOVF       _dato_recep, 0
0x005D	0x3A31      	XORLW      49
0x005E	0x1D03      	BTFSS      STATUS, 2
0x005F	0x2863      	GOTO       L_PRACTICA2_interrupt39
;PRACTICA2.mbas,51 :: 		viajero = 6
0x0060	0x3006      	MOVLW      6
0x0061	0x00B2      	MOVWF      _viajero
0x0062	0x2864      	GOTO       L_PRACTICA2_interrupt40
;PRACTICA2.mbas,52 :: 		else
L_PRACTICA2_interrupt39:
;PRACTICA2.mbas,53 :: 		viajero=0
0x0063	0x01B2      	CLRF       _viajero
;PRACTICA2.mbas,54 :: 		end if
L_PRACTICA2_interrupt40:
0x0064	0x2881      	GOTO       L_PRACTICA2_interrupt4
L_PRACTICA2_interrupt37:
;PRACTICA2.mbas,55 :: 		case 6
0x0065	0x0832      	MOVF       _viajero, 0
0x0066	0x3A06      	XORLW      6
0x0067	0x1D03      	BTFSS      STATUS, 2
0x0068	0x286E      	GOTO       L_PRACTICA2_interrupt43
;PRACTICA2.mbas,56 :: 		temp4 = dato_recep    ' 1=0n  ; 2=off  ; 3=automático
0x0069	0x082E      	MOVF       _dato_recep, 0
0x006A	0x00AA      	MOVWF      _temp4
;PRACTICA2.mbas,57 :: 		viajero=7
0x006B	0x3007      	MOVLW      7
0x006C	0x00B2      	MOVWF      _viajero
0x006D	0x2881      	GOTO       L_PRACTICA2_interrupt4
L_PRACTICA2_interrupt43:
;PRACTICA2.mbas,58 :: 		case 7
0x006E	0x0832      	MOVF       _viajero, 0
0x006F	0x3A07      	XORLW      7
0x0070	0x1D03      	BTFSS      STATUS, 2
0x0071	0x287B      	GOTO       L_PRACTICA2_interrupt46
;PRACTICA2.mbas,59 :: 		if dato_recep = "F" then
0x0072	0x082E      	MOVF       _dato_recep, 0
0x0073	0x3A46      	XORLW      70
0x0074	0x1D03      	BTFSS      STATUS, 2
0x0075	0x2879      	GOTO       L_PRACTICA2_interrupt48
;PRACTICA2.mbas,60 :: 		viajero = 8
0x0076	0x3008      	MOVLW      8
0x0077	0x00B2      	MOVWF      _viajero
0x0078	0x287A      	GOTO       L_PRACTICA2_interrupt49
;PRACTICA2.mbas,61 :: 		else
L_PRACTICA2_interrupt48:
;PRACTICA2.mbas,62 :: 		viajero=0
0x0079	0x01B2      	CLRF       _viajero
;PRACTICA2.mbas,63 :: 		end if
L_PRACTICA2_interrupt49:
0x007A	0x2881      	GOTO       L_PRACTICA2_interrupt4
L_PRACTICA2_interrupt46:
;PRACTICA2.mbas,64 :: 		case 8
0x007B	0x0832      	MOVF       _viajero, 0
0x007C	0x3A08      	XORLW      8
0x007D	0x1D03      	BTFSS      STATUS, 2
0x007E	0x2881      	GOTO       L_PRACTICA2_interrupt52
;PRACTICA2.mbas,65 :: 		viajero=0
0x007F	0x01B2      	CLRF       _viajero
0x0080	0x2881      	GOTO       L_PRACTICA2_interrupt4
L_PRACTICA2_interrupt52:
L_PRACTICA2_interrupt4:
;PRACTICA2.mbas,66 :: 		end select
L_PRACTICA2_interrupt2:
;PRACTICA2.mbas,68 :: 		INTCON=0XE0
0x0081	0x30E0      	MOVLW      224
0x0082	0x008B      	MOVWF      INTCON
;PRACTICA2.mbas,69 :: 		PIE1.RCIE=1
0x0083	0x1683      	BSF        STATUS, 5
0x0084	0x168C      	BSF        PIE1, 5
;PRACTICA2.mbas,70 :: 		PIR1.RCIF=0
0x0085	0x1283      	BCF        STATUS, 5
0x0086	0x128C      	BCF        PIR1, 5
L_PRACTICA2_interrupt106:
0x0087	0x0822      	MOVF       34, 0
0x0088	0x00F0      	MOVWF      R0
0x0089	0x0821      	MOVF       33, 0
0x008A	0x00F1      	MOVWF      R1
0x008B	0x0820      	MOVF       32, 0
0x008C	0x00F2      	MOVWF      R2
0x008D	0x0823      	MOVF       ___savePCLATH, 0
0x008E	0x008A      	MOVWF      PCLATH
0x008F	0x0E24      	SWAPF      ___saveSTATUS, 0
0x0090	0x0083      	MOVWF      STATUS
0x0091	0x0EFF      	SWAPF      R15, 1
0x0092	0x0E7F      	SWAPF      R15, 0
0x0093	0x0009      	RETFIE
; end of PRACTICA2_interrupt
_UART1_Write:
;__Lib_UART_c67.mpas,72 :: 		
;__Lib_UART_c67.mpas,73 :: 		
L__UART1_Write14:
0x0094	0x1683      	BSF        STATUS, 5
0x0095	0x1303      	BCF        STATUS, 6
0x0096	0x1898      	BTFSC      TXSTA, 1
0x0097	0x289A      	GOTO       L__UART1_Write15
0x0098	0x0000      	NOP
0x0099	0x2894      	GOTO       L__UART1_Write14
L__UART1_Write15:
;__Lib_UART_c67.mpas,74 :: 		
0x009A	0x1283      	BCF        STATUS, 5
0x009B	0x0849      	MOVF       FARG_UART1_Write_data_, 0
0x009C	0x0099      	MOVWF      TXREG
;__Lib_UART_c67.mpas,75 :: 		
0x009D	0x0008      	RETURN
; end of _UART1_Write
_Mul_16x16_U:
;__Lib_Math.mpas,121 :: 		
;__Lib_Math.mpas,127 :: 		
0x009E	0x1283      	BCF        STATUS, 5
;__Lib_Math.mpas,128 :: 		
0x009F	0x1303      	BCF        STATUS, 6
;__Lib_Math.mpas,129 :: 		
0x00A0	0x01FB      	CLRF       R11
;__Lib_Math.mpas,130 :: 		
0x00A1	0x01FA      	CLRF       R10
;__Lib_Math.mpas,131 :: 		
0x00A2	0x01F9      	CLRF       R9
;__Lib_Math.mpas,132 :: 		
0x00A3	0x3080      	MOVLW      128
;__Lib_Math.mpas,133 :: 		
0x00A4	0x00F8      	MOVWF      R8
;__Lib_Math.mpas,134 :: 		
0x00A5	0x0CF1      	RRF        R1, 1
;__Lib_Math.mpas,135 :: 		
0x00A6	0x0CF0      	RRF        R0, 1
;__Lib_Math.mpas,136 :: 		
0x00A7	0x1C03      	BTFSS      STATUS, 0
;__Lib_Math.mpas,137 :: 		
0x00A8	0x28B2      	GOTO       $+10
;__Lib_Math.mpas,138 :: 		
0x00A9	0x0874      	MOVF       R4, 0
;__Lib_Math.mpas,139 :: 		
0x00AA	0x07F9      	ADDWF      R9, 1
;__Lib_Math.mpas,140 :: 		
0x00AB	0x0875      	MOVF       R5, 0
;__Lib_Math.mpas,141 :: 		
0x00AC	0x1803      	BTFSC      STATUS, 0
;__Lib_Math.mpas,142 :: 		
0x00AD	0x0F75      	INCFSZ     R5, 0
;__Lib_Math.mpas,143 :: 		
0x00AE	0x07FA      	ADDWF      R10, 1
;__Lib_Math.mpas,144 :: 		
0x00AF	0x1803      	BTFSC      STATUS, 0
;__Lib_Math.mpas,145 :: 		
0x00B0	0x0AFB      	INCF       R11, 1
;__Lib_Math.mpas,146 :: 		
0x00B1	0x1003      	BCF        STATUS, 0
;__Lib_Math.mpas,147 :: 		
0x00B2	0x1FF0      	BTFSS      R0, 7
;__Lib_Math.mpas,148 :: 		
0x00B3	0x28BA      	GOTO       $+7
;__Lib_Math.mpas,149 :: 		
0x00B4	0x0874      	MOVF       R4, 0
;__Lib_Math.mpas,150 :: 		
0x00B5	0x07FA      	ADDWF      R10, 1
;__Lib_Math.mpas,151 :: 		
0x00B6	0x0875      	MOVF       R5, 0
;__Lib_Math.mpas,152 :: 		
0x00B7	0x1803      	BTFSC      STATUS, 0
;__Lib_Math.mpas,153 :: 		
0x00B8	0x0F75      	INCFSZ     R5, 0
;__Lib_Math.mpas,154 :: 		
0x00B9	0x07FB      	ADDWF      R11, 1
;__Lib_Math.mpas,155 :: 		
0x00BA	0x0CFB      	RRF        R11, 1
;__Lib_Math.mpas,156 :: 		
0x00BB	0x0CFA      	RRF        R10, 1
;__Lib_Math.mpas,157 :: 		
0x00BC	0x0CF9      	RRF        R9, 1
;__Lib_Math.mpas,158 :: 		
0x00BD	0x0CF8      	RRF        R8, 1
;__Lib_Math.mpas,159 :: 		
0x00BE	0x1C03      	BTFSS      STATUS, 0
;__Lib_Math.mpas,160 :: 		
0x00BF	0x28A5      	GOTO       $-26
;__Lib_Math.mpas,161 :: 		
0x00C0	0x087B      	MOVF       R11, 0
;__Lib_Math.mpas,162 :: 		
0x00C1	0x00F3      	MOVWF      R3
;__Lib_Math.mpas,163 :: 		
0x00C2	0x087A      	MOVF       R10, 0
;__Lib_Math.mpas,164 :: 		
0x00C3	0x00F2      	MOVWF      R2
;__Lib_Math.mpas,165 :: 		
0x00C4	0x0879      	MOVF       R9, 0
;__Lib_Math.mpas,166 :: 		
0x00C5	0x00F1      	MOVWF      R1
;__Lib_Math.mpas,167 :: 		
0x00C6	0x0878      	MOVF       R8, 0
;__Lib_Math.mpas,168 :: 		
0x00C7	0x00F0      	MOVWF      R0
;__Lib_Math.mpas,170 :: 		
0x00C8	0x0008      	RETURN
; end of _Mul_16x16_U
_Delay_22us:
;__Lib_Delays.mbas,36 :: 		sub procedure Delay_22us()
;__Lib_Delays.mbas,37 :: 		Delay_us(22)
0x00C9	0x3007      	MOVLW      7
0x00CA	0x1283      	BCF        STATUS, 5
0x00CB	0x1303      	BCF        STATUS, 6
0x00CC	0x00FD      	MOVWF      R13
L__Delay_22us5:
0x00CD	0x0BFD      	DECFSZ     R13, 1
0x00CE	0x28CD      	GOTO       L__Delay_22us5
0x00CF	0x0008      	RETURN
; end of _Delay_22us
PRACTICA2_LED1_OFF:
;PRACTICA2.mbas,76 :: 		SUB PROCEDURE LED1_OFF()
;PRACTICA2.mbas,77 :: 		PORTB.RB1=0
0x00D0	0x1283      	BCF        STATUS, 5
0x00D1	0x1303      	BCF        STATUS, 6
0x00D2	0x1086      	BCF        PORTB, 1
0x00D3	0x0008      	RETURN
; end of PRACTICA2_LED1_OFF
_PWM1_Init:
;__Lib_PWM_c21.mpas,15 :: 		
;__Lib_PWM_c21.mpas,17 :: 		
0x00D4	0x1283      	BCF        STATUS, 5
0x00D5	0x1303      	BCF        STATUS, 6
0x00D6	0x0195      	CLRF       CCPR1L
;__Lib_PWM_c21.mpas,18 :: 		
0x00D7	0x1217      	BCF        CCP1CON, 4
;__Lib_PWM_c21.mpas,19 :: 		
0x00D8	0x1297      	BCF        CCP1CON, 5
;__Lib_PWM_c21.mpas,20 :: 		
0x00D9	0x0008      	RETURN
; end of _PWM1_Init
_PWM1_Start:
;__Lib_PWM_c21.mpas,34 :: 		
;__Lib_PWM_c21.mpas,35 :: 		
0x00DA	0x1683      	BSF        STATUS, 5
0x00DB	0x1303      	BCF        STATUS, 6
0x00DC	0x1107      	BCF        TRISC2_bit, 2
;__Lib_PWM_c21.mpas,36 :: 		
0x00DD	0x1283      	BCF        STATUS, 5
0x00DE	0x1512      	BSF        T2CON, 2
;__Lib_PWM_c21.mpas,37 :: 		
0x00DF	0x300C      	MOVLW      12
0x00E0	0x0497      	IORWF      CCP1CON, 1
;__Lib_PWM_c21.mpas,38 :: 		
0x00E1	0x0008      	RETURN
; end of _PWM1_Start
_PWM1_Set_Duty:
;__Lib_PWM_c21.mpas,25 :: 		
;__Lib_PWM_c21.mpas,26 :: 		
0x00E2	0x1683      	BSF        STATUS, 5
0x00E3	0x1303      	BCF        STATUS, 6
0x00E4	0x0812      	MOVF       PR2, 0
0x00E5	0x00F0      	MOVWF      R0
0x00E6	0x01F1      	CLRF       R0+1
0x00E7	0x0AF0      	INCF       R0, 1
0x00E8	0x1903      	BTFSC      STATUS, 2
0x00E9	0x0AF1      	INCF       R0+1, 1
0x00EA	0x1283      	BCF        STATUS, 5
0x00EB	0x0845      	MOVF       FARG_PWM1_Set_Duty_new_duty, 0
0x00EC	0x00F4      	MOVWF      R4
0x00ED	0x01F5      	CLRF       R4+1
0x00EE	0x209E      	CALL       _Mul_16x16_U
0x00EF	0x3006      	MOVLW      6
0x00F0	0x00F2      	MOVWF      R2
0x00F1	0x0870      	MOVF       R0, 0
0x00F2	0x00F4      	MOVWF      R4
0x00F3	0x0871      	MOVF       R0+1, 0
0x00F4	0x00F5      	MOVWF      R4+1
0x00F5	0x0872      	MOVF       R2, 0
L__PWM1_Set_Duty8:
0x00F6	0x1903      	BTFSC      STATUS, 2
0x00F7	0x28FD      	GOTO       L__PWM1_Set_Duty9
0x00F8	0x0CF5      	RRF        R4+1, 1
0x00F9	0x0CF4      	RRF        R4, 1
0x00FA	0x13F5      	BCF        R4+1, 7
0x00FB	0x3EFF      	ADDLW      255
0x00FC	0x28F6      	GOTO       L__PWM1_Set_Duty8
L__PWM1_Set_Duty9:
;__Lib_PWM_c21.mpas,27 :: 		
0x00FD	0x0874      	MOVF       R4, 0
0x00FE	0x00F0      	MOVWF      R0
0x00FF	0x0875      	MOVF       R4+1, 0
0x0100	0x00F1      	MOVWF      R0+1
0x0101	0x0DF0      	RLF        R0, 1
0x0102	0x0DF1      	RLF        R0+1, 1
0x0103	0x1070      	BCF        R0, 0
0x0104	0x0DF0      	RLF        R0, 1
0x0105	0x0DF1      	RLF        R0+1, 1
0x0106	0x1070      	BCF        R0, 0
0x0107	0x0DF0      	RLF        R0, 1
0x0108	0x0DF1      	RLF        R0+1, 1
0x0109	0x1070      	BCF        R0, 0
0x010A	0x0DF0      	RLF        R0, 1
0x010B	0x0DF1      	RLF        R0+1, 1
0x010C	0x1070      	BCF        R0, 0
0x010D	0x3030      	MOVLW      48
0x010E	0x0570      	ANDWF      R0, 0
0x010F	0x00F3      	MOVWF      R3
;__Lib_PWM_c21.mpas,28 :: 		
0x0110	0x0874      	MOVF       R4, 0
0x0111	0x00F0      	MOVWF      R0
0x0112	0x0875      	MOVF       R4+1, 0
0x0113	0x00F1      	MOVWF      R0+1
0x0114	0x0CF1      	RRF        R0+1, 1
0x0115	0x0CF0      	RRF        R0, 1
0x0116	0x13F1      	BCF        R0+1, 7
0x0117	0x0CF1      	RRF        R0+1, 1
0x0118	0x0CF0      	RRF        R0, 1
0x0119	0x13F1      	BCF        R0+1, 7
0x011A	0x0870      	MOVF       R0, 0
0x011B	0x0095      	MOVWF      CCPR1L
;__Lib_PWM_c21.mpas,29 :: 		
0x011C	0x300F      	MOVLW      15
0x011D	0x0597      	ANDWF      CCP1CON, 1
;__Lib_PWM_c21.mpas,30 :: 		
0x011E	0x0873      	MOVF       R3, 0
0x011F	0x0497      	IORWF      CCP1CON, 1
;__Lib_PWM_c21.mpas,31 :: 		
0x0120	0x0008      	RETURN
; end of _PWM1_Set_Duty
PRACTICA2_LED2_ON:
;PRACTICA2.mbas,80 :: 		SUB PROCEDURE LED2_ON()
;PRACTICA2.mbas,81 :: 		PORTB.RB2=1
0x0121	0x1283      	BCF        STATUS, 5
0x0122	0x1303      	BCF        STATUS, 6
0x0123	0x1506      	BSF        PORTB, 2
0x0124	0x0008      	RETURN
; end of PRACTICA2_LED2_ON
_Adc_Read:
;__Lib_ADC_88X.mpas,13 :: 		
;__Lib_ADC_88X.mpas,15 :: 		
0x0125	0x303C      	MOVLW      60
0x0126	0x1283      	BCF        STATUS, 5
0x0127	0x1303      	BCF        STATUS, 6
0x0128	0x059F      	ANDWF      ADCON0, 1
;__Lib_ADC_88X.mpas,19 :: 		
0x0129	0x30C0      	MOVLW      192
0x012A	0x009F      	MOVWF      ADCON0
;__Lib_ADC_88X.mpas,20 :: 		
0x012B	0x0845      	MOVF       FARG_Adc_Read_channel, 0
0x012C	0x00F0      	MOVWF      R0
0x012D	0x0DF0      	RLF        R0, 1
0x012E	0x1070      	BCF        R0, 0
0x012F	0x0DF0      	RLF        R0, 1
0x0130	0x1070      	BCF        R0, 0
0x0131	0x0870      	MOVF       R0, 0
0x0132	0x049F      	IORWF      ADCON0, 1
;__Lib_ADC_88X.mpas,21 :: 		
0x0133	0x1683      	BSF        STATUS, 5
0x0134	0x179F      	BSF        ADCON1, 7
;__Lib_ADC_88X.mpas,24 :: 		
0x0135	0x1283      	BCF        STATUS, 5
0x0136	0x141F      	BSF        ADCON0, 0
;__Lib_ADC_88X.mpas,27 :: 		
0x0137	0x20C9      	CALL       _Delay_22us
;__Lib_ADC_88X.mpas,30 :: 		
0x0138	0x149F      	BSF        ADCON0, 1
;__Lib_ADC_88X.mpas,33 :: 		
L__Adc_Read2:
0x0139	0x1C9F      	BTFSS      ADCON0, 1
0x013A	0x293D      	GOTO       L__Adc_Read3
0x013B	0x0000      	NOP
0x013C	0x2939      	GOTO       L__Adc_Read2
L__Adc_Read3:
;__Lib_ADC_88X.mpas,36 :: 		
0x013D	0x101F      	BCF        ADCON0, 0
;__Lib_ADC_88X.mpas,39 :: 		
0x013E	0x081E      	MOVF       ADRESH, 0
0x013F	0x00F1      	MOVWF      R0+1
0x0140	0x01F0      	CLRF       R0
0x0141	0x1683      	BSF        STATUS, 5
0x0142	0x081E      	MOVF       ADRESL, 0
0x0143	0x0470      	IORWF      R0, 0
0x0144	0x1283      	BCF        STATUS, 5
0x0145	0x00C6      	MOVWF      Adc_Read_local_result
0x0146	0x0871      	MOVF       R0+1, 0
0x0147	0x00C7      	MOVWF      Adc_Read_local_result+1
0x0148	0x3000      	MOVLW      0
0x0149	0x04C7      	IORWF      Adc_Read_local_result+1, 1
;__Lib_ADC_88X.mpas,41 :: 		
0x014A	0x0846      	MOVF       Adc_Read_local_result, 0
0x014B	0x00F0      	MOVWF      R0
0x014C	0x0847      	MOVF       Adc_Read_local_result+1, 0
0x014D	0x00F1      	MOVWF      R0+1
0x014E	0x0008      	RETURN
; end of _Adc_Read
_UART1_Write_Text:
;__Lib_UART_c67.mpas,80 :: 		
;__Lib_UART_c67.mpas,81 :: 		
0x014F	0x1283      	BCF        STATUS, 5
0x0150	0x1303      	BCF        STATUS, 6
0x0151	0x01C6      	CLRF       UART1_Write_Text_counter
;__Lib_UART_c67.mpas,82 :: 		
0x0152	0x0845      	MOVF       FARG_UART1_Write_Text_uart_text, 0
0x0153	0x0084      	MOVWF      FSR
0x0154	0x0800      	MOVF       INDF, 0
0x0155	0x00C7      	MOVWF      UART1_Write_Text_data_
;__Lib_UART_c67.mpas,83 :: 		
L__UART1_Write_Text20:
0x0156	0x0847      	MOVF       UART1_Write_Text_data_, 0
0x0157	0x3A00      	XORLW      0
0x0158	0x1903      	BTFSC      STATUS, 2
0x0159	0x2964      	GOTO       L__UART1_Write_Text21
;__Lib_UART_c67.mpas,85 :: 		
0x015A	0x0847      	MOVF       UART1_Write_Text_data_, 0
0x015B	0x00C9      	MOVWF      FARG_UART1_Write_data_
0x015C	0x2094      	CALL       _UART1_Write
;__Lib_UART_c67.mpas,86 :: 		
0x015D	0x0AC6      	INCF       UART1_Write_Text_counter, 1
;__Lib_UART_c67.mpas,87 :: 		
0x015E	0x0846      	MOVF       UART1_Write_Text_counter, 0
0x015F	0x0745      	ADDWF      FARG_UART1_Write_Text_uart_text, 0
0x0160	0x0084      	MOVWF      FSR
0x0161	0x0800      	MOVF       INDF, 0
0x0162	0x00C7      	MOVWF      UART1_Write_Text_data_
;__Lib_UART_c67.mpas,88 :: 		
0x0163	0x2956      	GOTO       L__UART1_Write_Text20
L__UART1_Write_Text21:
;__Lib_UART_c67.mpas,89 :: 		
0x0164	0x0008      	RETURN
; end of _UART1_Write_Text
PRACTICA2_LED1_ON:
;PRACTICA2.mbas,73 :: 		SUB PROCEDURE LED1_ON()
;PRACTICA2.mbas,74 :: 		PORTB.RB1=1
0x0165	0x1283      	BCF        STATUS, 5
0x0166	0x1303      	BCF        STATUS, 6
0x0167	0x1486      	BSF        PORTB, 1
0x0168	0x0008      	RETURN
; end of PRACTICA2_LED1_ON
PRACTICA2_LED2_OFF:
;PRACTICA2.mbas,83 :: 		SUB PROCEDURE LED2_OFF()
;PRACTICA2.mbas,84 :: 		PORTB.RB2=0
0x0169	0x1283      	BCF        STATUS, 5
0x016A	0x1303      	BCF        STATUS, 6
0x016B	0x1106      	BCF        PORTB, 2
0x016C	0x0008      	RETURN
; end of PRACTICA2_LED2_OFF
_UART1_Init:
;__Lib_UART_c67.mpas,33 :: 		
;__Lib_UART_c67.mpas,34 :: 		
0x016D	0x1683      	BSF        STATUS, 5
0x016E	0x1303      	BCF        STATUS, 6
0x016F	0x1698      	BSF        TXSTA, 5
;__Lib_UART_c67.mpas,35 :: 		
0x0170	0x3090      	MOVLW      144
0x0171	0x1283      	BCF        STATUS, 5
0x0172	0x0098      	MOVWF      RCSTA
;__Lib_UART_c67.mpas,36 :: 		
0x0173	0x1683      	BSF        STATUS, 5
0x0174	0x1787      	BSF        TRISC7_bit, 7
;__Lib_UART_c67.mpas,37 :: 		
0x0175	0x1307      	BCF        TRISC6_bit, 6
;__Lib_UART_c67.mpas,38 :: 		
L__UART1_Init2:
0x0176	0x1283      	BCF        STATUS, 5
0x0177	0x1E8C      	BTFSS      PIR1, 5
0x0178	0x297C      	GOTO       L__UART1_Init3
;__Lib_UART_c67.mpas,39 :: 		
0x0179	0x081A      	MOVF       RCREG, 0
0x017A	0x00F0      	MOVWF      R0
0x017B	0x2976      	GOTO       L__UART1_Init2
L__UART1_Init3:
;__Lib_UART_c67.mpas,40 :: 		
0x017C	0x0008      	RETURN
; end of _UART1_Init
_Delay_1sec:
;__Lib_Delays.mbas,72 :: 		sub procedure Delay_1sec()
;__Lib_Delays.mbas,73 :: 		Delay_ms(1000)
0x017D	0x3006      	MOVLW      6
0x017E	0x1283      	BCF        STATUS, 5
0x017F	0x1303      	BCF        STATUS, 6
0x0180	0x00FB      	MOVWF      R11
0x0181	0x3013      	MOVLW      19
0x0182	0x00FC      	MOVWF      R12
0x0183	0x30AD      	MOVLW      173
0x0184	0x00FD      	MOVWF      R13
L__Delay_1sec23:
0x0185	0x0BFD      	DECFSZ     R13, 1
0x0186	0x2985      	GOTO       L__Delay_1sec23
0x0187	0x0BFC      	DECFSZ     R12, 1
0x0188	0x2985      	GOTO       L__Delay_1sec23
0x0189	0x0BFB      	DECFSZ     R11, 1
0x018A	0x2985      	GOTO       L__Delay_1sec23
0x018B	0x0000      	NOP
0x018C	0x0000      	NOP
0x018D	0x0008      	RETURN
; end of _Delay_1sec
_UART1_Read:
;__Lib_UART_c67.mpas,54 :: 		
;__Lib_UART_c67.mpas,55 :: 		
0x018E	0x1283      	BCF        STATUS, 5
0x018F	0x1303      	BCF        STATUS, 6
0x0190	0x081A      	MOVF       RCREG, 0
0x0191	0x00F2      	MOVWF      R2
;__Lib_UART_c67.mpas,56 :: 		
0x0192	0x1C98      	BTFSS      RCSTA, 1
0x0193	0x2996      	GOTO       L__UART1_Read9
;__Lib_UART_c67.mpas,58 :: 		
0x0194	0x1218      	BCF        RCSTA, 4
;__Lib_UART_c67.mpas,59 :: 		
0x0195	0x1618      	BSF        RCSTA, 4
;__Lib_UART_c67.mpas,60 :: 		
L__UART1_Read9:
;__Lib_UART_c67.mpas,61 :: 		
0x0196	0x0872      	MOVF       R2, 0
0x0197	0x00F1      	MOVWF      R1
;__Lib_UART_c67.mpas,62 :: 		
0x0198	0x0871      	MOVF       R1, 0
0x0199	0x00F0      	MOVWF      R0
0x019A	0x0008      	RETURN
; end of _UART1_Read
_main:
;PRACTICA2.mbas,87 :: 		main:
;PRACTICA2.mbas,88 :: 		ANSEL  = 0x07                          ' Configure AN pins as digital I/O
0x019B	0x3007      	MOVLW      7
0x019C	0x1683      	BSF        STATUS, 5
0x019D	0x1703      	BSF        STATUS, 6
0x019E	0x0088      	MOVWF      ANSEL
;PRACTICA2.mbas,89 :: 		ANSELH = 0
0x019F	0x0189      	CLRF       ANSELH
;PRACTICA2.mbas,90 :: 		TRISA=0X07
0x01A0	0x3007      	MOVLW      7
0x01A1	0x1303      	BCF        STATUS, 6
0x01A2	0x0085      	MOVWF      TRISA
;PRACTICA2.mbas,91 :: 		PORTA=0X00
0x01A3	0x1283      	BCF        STATUS, 5
0x01A4	0x0185      	CLRF       PORTA
;PRACTICA2.mbas,93 :: 		TRISB=0X00
0x01A5	0x1683      	BSF        STATUS, 5
0x01A6	0x0186      	CLRF       TRISB
;PRACTICA2.mbas,94 :: 		PORTB=0X00
0x01A7	0x1283      	BCF        STATUS, 5
0x01A8	0x0186      	CLRF       PORTB
;PRACTICA2.mbas,96 :: 		TRISC=0X80
0x01A9	0x3080      	MOVLW      128
0x01AA	0x1683      	BSF        STATUS, 5
0x01AB	0x0087      	MOVWF      TRISC
;PRACTICA2.mbas,97 :: 		PORTC=0X00
0x01AC	0x1283      	BCF        STATUS, 5
0x01AD	0x0187      	CLRF       PORTC
;PRACTICA2.mbas,100 :: 		OSCCON = 0X65
0x01AE	0x3065      	MOVLW      101
0x01AF	0x1683      	BSF        STATUS, 5
0x01B0	0x008F      	MOVWF      OSCCON
;PRACTICA2.mbas,101 :: 		OPTION_REG=%1000100
0x01B1	0x3044      	MOVLW      68
0x01B2	0x0081      	MOVWF      OPTION_REG
;PRACTICA2.mbas,104 :: 		UART1_Init(9600)
0x01B3	0x3019      	MOVLW      25
0x01B4	0x0099      	MOVWF      SPBRG
0x01B5	0x1518      	BSF        TXSTA, 2
0x01B6	0x216D      	CALL       _UART1_Init
;PRACTICA2.mbas,105 :: 		INTCON=%11100000
0x01B7	0x30E0      	MOVLW      224
0x01B8	0x008B      	MOVWF      INTCON
;PRACTICA2.mbas,107 :: 		PIR1.RCIF=0
0x01B9	0x128C      	BCF        PIR1, 5
;PRACTICA2.mbas,108 :: 		PIE1.RCIE=1
0x01BA	0x1683      	BSF        STATUS, 5
0x01BB	0x168C      	BSF        PIE1, 5
;PRACTICA2.mbas,110 :: 		PWM1_Init(1000)
0x01BC	0x1283      	BCF        STATUS, 5
0x01BD	0x1012      	BCF        T2CON, 0
0x01BE	0x1092      	BCF        T2CON, 1
0x01BF	0x1412      	BSF        T2CON, 0
0x01C0	0x1092      	BCF        T2CON, 1
0x01C1	0x30F9      	MOVLW      249
0x01C2	0x1683      	BSF        STATUS, 5
0x01C3	0x0092      	MOVWF      PR2
0x01C4	0x20D4      	CALL       _PWM1_Init
;PRACTICA2.mbas,111 :: 		PWM1_Start
0x01C5	0x20DA      	CALL       _PWM1_Start
;PRACTICA2.mbas,114 :: 		TMR0=0
0x01C6	0x0181      	CLRF       TMR0
;PRACTICA2.mbas,115 :: 		TEMP=0
0x01C7	0x01B3      	CLRF       _TEMP
0x01C8	0x01B4      	CLRF       _TEMP+1
;PRACTICA2.mbas,116 :: 		LUZ=0
0x01C9	0x01B5      	CLRF       _LUZ
0x01CA	0x01B6      	CLRF       _LUZ+1
;PRACTICA2.mbas,117 :: 		CONT=0
0x01CB	0x01B1      	CLRF       _CONT
;PRACTICA2.mbas,118 :: 		viajero=0
0x01CC	0x01B2      	CLRF       _viajero
;PRACTICA2.mbas,119 :: 		dato_listo=0
0x01CD	0x1039      	BCF        _dato_listo, BitPos(_dato_listo+0)
;PRACTICA2.mbas,120 :: 		TIEMPO=0
0x01CE	0x01BA      	CLRF       _TIEMPO
0x01CF	0x01BB      	CLRF       _TIEMPO+1
;PRACTICA2.mbas,121 :: 		CIRCUITO2=0
0x01D0	0x01B7      	CLRF       _CIRCUITO2
;PRACTICA2.mbas,122 :: 		CIRCUITO1=0
0x01D1	0x01B8      	CLRF       _CIRCUITO1
;PRACTICA2.mbas,123 :: 		BANDERA=0
0x01D2	0x01A9      	CLRF       _BANDERA
;PRACTICA2.mbas,124 :: 		LDR=0
0x01D3	0x01A7      	CLRF       _LDR
0x01D4	0x01A8      	CLRF       _LDR+1
;PRACTICA2.mbas,125 :: 		CENTINELA=0
0x01D5	0x01A6      	CLRF       _CENTINELA
;PRACTICA2.mbas,126 :: 		MOVIMIENTO=0
0x01D6	0x01AD      	CLRF       _MOVIMIENTO
;PRACTICA2.mbas,127 :: 		PWM1_Set_Duty(0)
0x01D7	0x01C5      	CLRF       FARG_PWM1_Set_Duty_new_duty
0x01D8	0x20E2      	CALL       _PWM1_Set_Duty
;PRACTICA2.mbas,128 :: 		contador=0
0x01D9	0x01AB      	CLRF       _contador
0x01DA	0x01AC      	CLRF       _contador+1
;PRACTICA2.mbas,129 :: 		temp4=0X33
0x01DB	0x3033      	MOVLW      51
0x01DC	0x00AA      	MOVWF      _temp4
;PRACTICA2.mbas,132 :: 		WHILE(1)
L__main60:
;PRACTICA2.mbas,134 :: 		while(temp4=0X31)          'enncender
L__main65:
0x01DD	0x082A      	MOVF       _temp4, 0
0x01DE	0x3A31      	XORLW      49
0x01DF	0x1D03      	BTFSS      STATUS, 2
0x01E0	0x29E5      	GOTO       L__main66
;PRACTICA2.mbas,135 :: 		PWM1_Set_Duty(255)
0x01E1	0x30FF      	MOVLW      255
0x01E2	0x00C5      	MOVWF      FARG_PWM1_Set_Duty_new_duty
0x01E3	0x20E2      	CALL       _PWM1_Set_Duty
;PRACTICA2.mbas,136 :: 		wend
0x01E4	0x29DD      	GOTO       L__main65
L__main66:
;PRACTICA2.mbas,138 :: 		while(temp4=0X32)          'apagar
L__main70:
0x01E5	0x082A      	MOVF       _temp4, 0
0x01E6	0x3A32      	XORLW      50
0x01E7	0x1D03      	BTFSS      STATUS, 2
0x01E8	0x29EC      	GOTO       L__main71
;PRACTICA2.mbas,139 :: 		PWM1_Set_Duty(0)
0x01E9	0x01C5      	CLRF       FARG_PWM1_Set_Duty_new_duty
0x01EA	0x20E2      	CALL       _PWM1_Set_Duty
;PRACTICA2.mbas,140 :: 		wend
0x01EB	0x29E5      	GOTO       L__main70
L__main71:
;PRACTICA2.mbas,142 :: 		while(temp4=0X33)
L__main75:
0x01EC	0x082A      	MOVF       _temp4, 0
0x01ED	0x3A33      	XORLW      51
0x01EE	0x1D03      	BTFSS      STATUS, 2
0x01EF	0x2AD0      	GOTO       L__main76
;PRACTICA2.mbas,143 :: 		IF  CENTINELA=0 THEN  'EN EL DIA
0x01F0	0x0826      	MOVF       _CENTINELA, 0
0x01F1	0x3A00      	XORLW      0
0x01F2	0x1D03      	BTFSS      STATUS, 2
0x01F3	0x2A76      	GOTO       L__main80
;PRACTICA2.mbas,144 :: 		MOVIMIENTO=0
0x01F4	0x01AD      	CLRF       _MOVIMIENTO
;PRACTICA2.mbas,145 :: 		LED1_OFF()
0x01F5	0x20D0      	CALL       PRACTICA2_LED1_OFF
;PRACTICA2.mbas,146 :: 		LED2_OFF()
0x01F6	0x2169      	CALL       PRACTICA2_LED2_OFF
;PRACTICA2.mbas,149 :: 		PWM1_Set_Duty(0)
0x01F7	0x01C5      	CLRF       FARG_PWM1_Set_Duty_new_duty
0x01F8	0x20E2      	CALL       _PWM1_Set_Duty
;PRACTICA2.mbas,151 :: 		LDR = Adc_Read(1)>>2
0x01F9	0x3001      	MOVLW      1
0x01FA	0x00C5      	MOVWF      FARG_Adc_Read_channel
0x01FB	0x2125      	CALL       _Adc_Read
0x01FC	0x0870      	MOVF       R0, 0
0x01FD	0x00F3      	MOVWF      R3
0x01FE	0x0871      	MOVF       R0+1, 0
0x01FF	0x00F4      	MOVWF      R3+1
0x0200	0x0CF4      	RRF        R3+1, 1
0x0201	0x0CF3      	RRF        R3, 1
0x0202	0x13F4      	BCF        R3+1, 7
0x0203	0x0CF4      	RRF        R3+1, 1
0x0204	0x0CF3      	RRF        R3, 1
0x0205	0x13F4      	BCF        R3+1, 7
0x0206	0x0873      	MOVF       R3, 0
0x0207	0x00A7      	MOVWF      _LDR
0x0208	0x0874      	MOVF       R3+1, 0
0x0209	0x00A8      	MOVWF      _LDR+1
;PRACTICA2.mbas,152 :: 		IF (LDR=250)or(LDR=251)or(LDR=252)or(LDR=253)or(LDR=254) THEN  'ENTRA SI ES DE NOCHE
0x020A	0x3000      	MOVLW      0
0x020B	0x0674      	XORWF      R3+1, 0
0x020C	0x1D03      	BTFSS      STATUS, 2
0x020D	0x2A10      	GOTO       L__main107
0x020E	0x30FA      	MOVLW      250
0x020F	0x0673      	XORWF      R3, 0
L__main107:
0x0210	0x30FF      	MOVLW      255
0x0211	0x1D03      	BTFSS      STATUS, 2
0x0212	0x3000      	MOVLW      0
0x0213	0x00F1      	MOVWF      R1
0x0214	0x3000      	MOVLW      0
0x0215	0x0674      	XORWF      R3+1, 0
0x0216	0x1D03      	BTFSS      STATUS, 2
0x0217	0x2A1A      	GOTO       L__main108
0x0218	0x30FB      	MOVLW      251
0x0219	0x0673      	XORWF      R3, 0
L__main108:
0x021A	0x30FF      	MOVLW      255
0x021B	0x1D03      	BTFSS      STATUS, 2
0x021C	0x3000      	MOVLW      0
0x021D	0x00F0      	MOVWF      R0
0x021E	0x0870      	MOVF       R0, 0
0x021F	0x04F1      	IORWF      R1, 1
0x0220	0x3000      	MOVLW      0
0x0221	0x0674      	XORWF      R3+1, 0
0x0222	0x1D03      	BTFSS      STATUS, 2
0x0223	0x2A26      	GOTO       L__main109
0x0224	0x30FC      	MOVLW      252
0x0225	0x0673      	XORWF      R3, 0
L__main109:
0x0226	0x30FF      	MOVLW      255
0x0227	0x1D03      	BTFSS      STATUS, 2
0x0228	0x3000      	MOVLW      0
0x0229	0x00F0      	MOVWF      R0
0x022A	0x0870      	MOVF       R0, 0
0x022B	0x04F1      	IORWF      R1, 1
0x022C	0x3000      	MOVLW      0
0x022D	0x0674      	XORWF      R3+1, 0
0x022E	0x1D03      	BTFSS      STATUS, 2
0x022F	0x2A32      	GOTO       L__main110
0x0230	0x30FD      	MOVLW      253
0x0231	0x0673      	XORWF      R3, 0
L__main110:
0x0232	0x30FF      	MOVLW      255
0x0233	0x1D03      	BTFSS      STATUS, 2
0x0234	0x3000      	MOVLW      0
0x0235	0x00F0      	MOVWF      R0
0x0236	0x0870      	MOVF       R0, 0
0x0237	0x04F1      	IORWF      R1, 1
0x0238	0x3000      	MOVLW      0
0x0239	0x0674      	XORWF      R3+1, 0
0x023A	0x1D03      	BTFSS      STATUS, 2
0x023B	0x2A3E      	GOTO       L__main111
0x023C	0x30FE      	MOVLW      254
0x023D	0x0673      	XORWF      R3, 0
L__main111:
0x023E	0x30FF      	MOVLW      255
0x023F	0x1D03      	BTFSS      STATUS, 2
0x0240	0x3000      	MOVLW      0
0x0241	0x00F0      	MOVWF      R0
0x0242	0x0871      	MOVF       R1, 0
0x0243	0x04F0      	IORWF      R0, 1
0x0244	0x1903      	BTFSC      STATUS, 2
0x0245	0x2A4F      	GOTO       L__main83
;PRACTICA2.mbas,153 :: 		BANDERA=1     'CONTEO DEL TIEMPO
0x0246	0x3001      	MOVLW      1
0x0247	0x00A9      	MOVWF      _BANDERA
;PRACTICA2.mbas,156 :: 		PWM1_Set_Duty(255)
0x0248	0x30FF      	MOVLW      255
0x0249	0x00C5      	MOVWF      FARG_PWM1_Set_Duty_new_duty
0x024A	0x20E2      	CALL       _PWM1_Set_Duty
;PRACTICA2.mbas,157 :: 		CENTINELA=1
0x024B	0x3001      	MOVLW      1
0x024C	0x00A6      	MOVWF      _CENTINELA
;PRACTICA2.mbas,158 :: 		LED1_ON()
0x024D	0x2165      	CALL       PRACTICA2_LED1_ON
;PRACTICA2.mbas,159 :: 		LED2_ON()
0x024E	0x2121      	CALL       PRACTICA2_LED2_ON
L__main83:
;PRACTICA2.mbas,161 :: 		if (LDR=255) then
0x024F	0x3000      	MOVLW      0
0x0250	0x0628      	XORWF      _LDR+1, 0
0x0251	0x1D03      	BTFSS      STATUS, 2
0x0252	0x2A55      	GOTO       L__main112
0x0253	0x30FF      	MOVLW      255
0x0254	0x0627      	XORWF      _LDR, 0
L__main112:
0x0255	0x1D03      	BTFSS      STATUS, 2
0x0256	0x2A76      	GOTO       L__main86
;PRACTICA2.mbas,162 :: 		UART1_Write_Text("LUZ0014F")
0x0257	0x303C      	MOVLW      _main_Local_Text
0x0258	0x0084      	MOVWF      FSR
0x0259	0x304C      	MOVLW      76
0x025A	0x0080      	MOVWF      INDF
0x025B	0x0A84      	INCF       FSR, 1
0x025C	0x3055      	MOVLW      85
0x025D	0x0080      	MOVWF      INDF
0x025E	0x0A84      	INCF       FSR, 1
0x025F	0x305A      	MOVLW      90
0x0260	0x0080      	MOVWF      INDF
0x0261	0x0A84      	INCF       FSR, 1
0x0262	0x3030      	MOVLW      48
0x0263	0x0080      	MOVWF      INDF
0x0264	0x0A84      	INCF       FSR, 1
0x0265	0x3030      	MOVLW      48
0x0266	0x0080      	MOVWF      INDF
0x0267	0x0A84      	INCF       FSR, 1
0x0268	0x3031      	MOVLW      49
0x0269	0x0080      	MOVWF      INDF
0x026A	0x0A84      	INCF       FSR, 1
0x026B	0x3034      	MOVLW      52
0x026C	0x0080      	MOVWF      INDF
0x026D	0x0A84      	INCF       FSR, 1
0x026E	0x3046      	MOVLW      70
0x026F	0x0080      	MOVWF      INDF
0x0270	0x0A84      	INCF       FSR, 1
0x0271	0x0180      	CLRF       INDF
0x0272	0x0A84      	INCF       FSR, 1
0x0273	0x303C      	MOVLW      _main_Local_Text
0x0274	0x00C5      	MOVWF      FARG_UART1_Write_Text_uart_text
0x0275	0x214F      	CALL       _UART1_Write_Text
L__main86:
;PRACTICA2.mbas,163 :: 		end if
L__main80:
;PRACTICA2.mbas,166 :: 		IF CENTINELA =1 THEN  'EN LA NOCHE
0x0276	0x0826      	MOVF       _CENTINELA, 0
0x0277	0x3A01      	XORLW      1
0x0278	0x1D03      	BTFSS      STATUS, 2
0x0279	0x2A95      	GOTO       L__main89
;PRACTICA2.mbas,167 :: 		LDR = Adc_Read(1)>>2
0x027A	0x3001      	MOVLW      1
0x027B	0x00C5      	MOVWF      FARG_Adc_Read_channel
0x027C	0x2125      	CALL       _Adc_Read
0x027D	0x0870      	MOVF       R0, 0
0x027E	0x00F2      	MOVWF      R2
0x027F	0x0871      	MOVF       R0+1, 0
0x0280	0x00F3      	MOVWF      R2+1
0x0281	0x0CF3      	RRF        R2+1, 1
0x0282	0x0CF2      	RRF        R2, 1
0x0283	0x13F3      	BCF        R2+1, 7
0x0284	0x0CF3      	RRF        R2+1, 1
0x0285	0x0CF2      	RRF        R2, 1
0x0286	0x13F3      	BCF        R2+1, 7
0x0287	0x0872      	MOVF       R2, 0
0x0288	0x00A7      	MOVWF      _LDR
0x0289	0x0873      	MOVF       R2+1, 0
0x028A	0x00A8      	MOVWF      _LDR+1
;PRACTICA2.mbas,168 :: 		IF LDR<250 THEN  'ENTRA SI ES DE DIA
0x028B	0x3000      	MOVLW      0
0x028C	0x0273      	SUBWF      R2+1, 0
0x028D	0x1D03      	BTFSS      STATUS, 2
0x028E	0x2A91      	GOTO       L__main113
0x028F	0x30FA      	MOVLW      250
0x0290	0x0272      	SUBWF      R2, 0
L__main113:
0x0291	0x1803      	BTFSC      STATUS, 0
0x0292	0x2A95      	GOTO       L__main92
;PRACTICA2.mbas,170 :: 		CENTINELA=0
0x0293	0x01A6      	CLRF       _CENTINELA
;PRACTICA2.mbas,171 :: 		LED1_OFF()
0x0294	0x20D0      	CALL       PRACTICA2_LED1_OFF
L__main92:
;PRACTICA2.mbas,172 :: 		END IF
L__main89:
;PRACTICA2.mbas,176 :: 		IF BANDERA=1 THEN  'CONTEO DEL TIEMPO
0x0295	0x0829      	MOVF       _BANDERA, 0
0x0296	0x3A01      	XORLW      1
0x0297	0x1D03      	BTFSS      STATUS, 2
0x0298	0x2AAF      	GOTO       L__main95
;PRACTICA2.mbas,177 :: 		INC(TIEMPO)
0x0299	0x0ABA      	INCF       _TIEMPO, 1
0x029A	0x1903      	BTFSC      STATUS, 2
0x029B	0x0ABB      	INCF       _TIEMPO+1, 1
;PRACTICA2.mbas,178 :: 		Delay_1sec
0x029C	0x217D      	CALL       _Delay_1sec
;PRACTICA2.mbas,179 :: 		Delay_1sec
0x029D	0x217D      	CALL       _Delay_1sec
;PRACTICA2.mbas,180 :: 		IF TIEMPO=10 THEN   'tiempo=10 segundos
0x029E	0x3000      	MOVLW      0
0x029F	0x063B      	XORWF      _TIEMPO+1, 0
0x02A0	0x1D03      	BTFSS      STATUS, 2
0x02A1	0x2AA4      	GOTO       L__main114
0x02A2	0x300A      	MOVLW      10
0x02A3	0x063A      	XORWF      _TIEMPO, 0
L__main114:
0x02A4	0x1D03      	BTFSS      STATUS, 2
0x02A5	0x2AAF      	GOTO       L__main98
;PRACTICA2.mbas,181 :: 		TIEMPO=0
0x02A6	0x01BA      	CLRF       _TIEMPO
0x02A7	0x01BB      	CLRF       _TIEMPO+1
;PRACTICA2.mbas,183 :: 		PWM1_Set_Duty(25)
0x02A8	0x3019      	MOVLW      25
0x02A9	0x00C5      	MOVWF      FARG_PWM1_Set_Duty_new_duty
0x02AA	0x20E2      	CALL       _PWM1_Set_Duty
;PRACTICA2.mbas,184 :: 		BANDERA=0
0x02AB	0x01A9      	CLRF       _BANDERA
;PRACTICA2.mbas,185 :: 		MOVIMIENTO=1
0x02AC	0x3001      	MOVLW      1
0x02AD	0x00AD      	MOVWF      _MOVIMIENTO
;PRACTICA2.mbas,186 :: 		LED2_OFF()
0x02AE	0x2169      	CALL       PRACTICA2_LED2_OFF
L__main98:
;PRACTICA2.mbas,187 :: 		END IF
L__main95:
;PRACTICA2.mbas,191 :: 		IF MOVIMIENTO=1 THEN
0x02AF	0x082D      	MOVF       _MOVIMIENTO, 0
0x02B0	0x3A01      	XORLW      1
0x02B1	0x1D03      	BTFSS      STATUS, 2
0x02B2	0x2ACF      	GOTO       L__main101
;PRACTICA2.mbas,193 :: 		SENSOR = Adc_Read(0)>>2
0x02B3	0x01C5      	CLRF       FARG_Adc_Read_channel
0x02B4	0x2125      	CALL       _Adc_Read
0x02B5	0x0870      	MOVF       R0, 0
0x02B6	0x00F2      	MOVWF      R2
0x02B7	0x0871      	MOVF       R0+1, 0
0x02B8	0x00F3      	MOVWF      R2+1
0x02B9	0x0CF3      	RRF        R2+1, 1
0x02BA	0x0CF2      	RRF        R2, 1
0x02BB	0x13F3      	BCF        R2+1, 7
0x02BC	0x0CF3      	RRF        R2+1, 1
0x02BD	0x0CF2      	RRF        R2, 1
0x02BE	0x13F3      	BCF        R2+1, 7
0x02BF	0x0872      	MOVF       R2, 0
0x02C0	0x00A5      	MOVWF      _SENSOR
;PRACTICA2.mbas,194 :: 		IF SENSOR>70 THEN
0x02C1	0x0872      	MOVF       R2, 0
0x02C2	0x3C46      	SUBLW      70
0x02C3	0x1803      	BTFSC      STATUS, 0
0x02C4	0x2ACB      	GOTO       L__main104
;PRACTICA2.mbas,196 :: 		PWM1_Set_Duty(255)
0x02C5	0x30FF      	MOVLW      255
0x02C6	0x00C5      	MOVWF      FARG_PWM1_Set_Duty_new_duty
0x02C7	0x20E2      	CALL       _PWM1_Set_Duty
;PRACTICA2.mbas,197 :: 		Delay_1sec
0x02C8	0x217D      	CALL       _Delay_1sec
;PRACTICA2.mbas,198 :: 		LED2_ON()
0x02C9	0x2121      	CALL       PRACTICA2_LED2_ON
0x02CA	0x2ACF      	GOTO       L__main105
;PRACTICA2.mbas,199 :: 		ELSE
L__main104:
;PRACTICA2.mbas,201 :: 		PWM1_Set_Duty(25)
0x02CB	0x3019      	MOVLW      25
0x02CC	0x00C5      	MOVWF      FARG_PWM1_Set_Duty_new_duty
0x02CD	0x20E2      	CALL       _PWM1_Set_Duty
;PRACTICA2.mbas,202 :: 		LED2_OFF()
0x02CE	0x2169      	CALL       PRACTICA2_LED2_OFF
;PRACTICA2.mbas,203 :: 		END IF
L__main105:
L__main101:
;PRACTICA2.mbas,205 :: 		wend
0x02CF	0x29EC      	GOTO       L__main75
L__main76:
;PRACTICA2.mbas,206 :: 		WEND
0x02D0	0x29DD      	GOTO       L__main60
0x02D1	0x2AD1      	GOTO       $+0
; end of _main
Symbol List:
//** Routines locations **
//ADDRESS    SIZE    PROCEDURE
//----------------------------------------------
0x0004     [144]    PRACTICA2_interrupt
0x0094      [10]    _UART1_Write
0x009E      [43]    _Mul_16x16_U
0x00C9       [7]    _Delay_22us
0x00D0       [4]    PRACTICA2_LED1_OFF
0x00D4       [6]    _PWM1_Init
0x00DA       [8]    _PWM1_Start
0x00E2      [63]    _PWM1_Set_Duty
0x0121       [4]    PRACTICA2_LED2_ON
0x0125      [42]    _Adc_Read
0x014F      [22]    _UART1_Write_Text
0x0165       [4]    PRACTICA2_LED1_ON
0x0169       [4]    PRACTICA2_LED2_OFF
0x016D      [16]    _UART1_Init
0x017D      [17]    _Delay_1sec
0x018E      [13]    _UART1_Read
0x019B     [311]    _main
//** Variables locations ** 
//ADDRESS    SIZE    VARIABLE
//----------------------------------------------
0x0000       [1]    INDF
0x0001       [1]    TMR0
0x0002       [1]    PCL
0x0003       [0]    RP0_bit
0x0003       [1]    STATUS
0x0003       [0]    Z_bit
0x0003       [0]    DC_bit
0x0003       [0]    RP1_bit
0x0003       [0]    NOT_TO_bit
0x0003       [0]    C_bit
0x0003       [0]    NOT_PD_bit
0x0003       [0]    IRP_bit
0x0004       [1]    FSRPTR
0x0004       [1]    FSR
0x0005       [1]    PORTA
0x0005       [0]    RA0_bit
0x0005       [0]    RA1_bit
0x0005       [0]    RA5_bit
0x0005       [0]    RA4_bit
0x0005       [0]    RA7_bit
0x0005       [0]    RA6_bit
0x0005       [0]    RA3_bit
0x0005       [0]    RA2_bit
0x0006       [0]    RB3_bit
0x0006       [0]    RB0_bit
0x0006       [0]    RB2_bit
0x0006       [0]    RB1_bit
0x0006       [0]    RB6_bit
0x0006       [0]    RB7_bit
0x0006       [1]    PORTB
0x0006       [0]    RB4_bit
0x0006       [0]    RB5_bit
0x0007       [1]    PORTC
0x0007       [0]    RC4_bit
0x0007       [0]    RC5_bit
0x0007       [0]    RC6_bit
0x0007       [0]    RC3_bit
0x0007       [0]    RC0_bit
0x0007       [0]    RC1_bit
0x0007       [0]    RC2_bit
0x0007       [0]    RC7_bit
0x0009       [1]    PORTE
0x0009       [0]    RE3_bit
0x000A       [1]    PCLATH
0x000B       [0]    TMR0IE_bit
0x000B       [0]    INTE_bit
0x000B       [0]    T0IF_bit
0x000B       [0]    RBIE_bit
0x000B       [0]    TMR0IF_bit
0x000B       [0]    RBIF_bit
0x000B       [0]    INTF_bit
0x000B       [0]    T0IE_bit
0x000B       [1]    INTCON
0x000B       [0]    GIE_bit
0x000B       [0]    PEIE_bit
0x000C       [0]    SSPIF_bit
0x000C       [0]    TXIF_bit
0x000C       [0]    TMR1IF_bit
0x000C       [0]    TMR2IF_bit
0x000C       [0]    CCP1IF_bit
0x000C       [0]    RCIF_bit
0x000C       [1]    PIR1
0x000C       [0]    ADIF_bit
0x000D       [0]    EEIF_bit
0x000D       [0]    C1IF_bit
0x000D       [0]    BCLIF_bit
0x000D       [0]    CCP2IF_bit
0x000D       [0]    ULPWUIF_bit
0x000D       [1]    PIR2
0x000D       [0]    OSFIF_bit
0x000D       [0]    C2IF_bit
0x000E       [1]    TMR1L
0x000F       [1]    TMR1H
0x0010       [0]    T1INSYNC_bit
0x0010       [0]    NOT_T1SYNC_bit
0x0010       [0]    T1SYNC_bit
0x0010       [0]    TMR1ON_bit
0x0010       [0]    TMR1CS_bit
0x0010       [0]    TMR1GE_bit
0x0010       [0]    T1GINV_bit
0x0010       [1]    T1CON
0x0010       [0]    T1OSCEN_bit
0x0010       [0]    T1CKPS0_bit
0x0010       [0]    T1CKPS1_bit
0x0011       [1]    TMR2
0x0012       [0]    T2CKPS1_bit
0x0012       [0]    TMR2ON_bit
0x0012       [1]    T2CON
0x0012       [0]    TOUTPS3_bit
0x0012       [0]    T2CKPS0_bit
0x0012       [0]    TOUTPS0_bit
0x0012       [0]    TOUTPS1_bit
0x0012       [0]    TOUTPS2_bit
0x0013       [1]    SSPBUF
0x0014       [0]    SSPEN_bit
0x0014       [0]    SSPM0_bit
0x0014       [0]    CKP_bit
0x0014       [0]    SSPM3_bit
0x0014       [0]    SSPM2_bit
0x0014       [0]    SSPM1_bit
0x0014       [0]    SSPOV_bit
0x0014       [1]    SSPCON
0x0014       [0]    WCOL_bit
0x0015       [1]    CCPR1L
0x0015       [2]    CCPR1
0x0016       [1]    CCPR1H
0x0017       [0]    CCP1M3_bit
0x0017       [0]    CCP1Y_bit
0x0017       [0]    CCP1M2_bit
0x0017       [0]    CCP1M0_bit
0x0017       [0]    CCP1M1_bit
0x0017       [0]    DC1B0_bit
0x0017       [0]    P1M1_bit
0x0017       [1]    CCP1CON
0x0017       [0]    P1M0_bit
0x0017       [0]    CCP1X_bit
0x0017       [0]    DC1B1_bit
0x0018       [0]    FERR_bit
0x0018       [0]    ADDEN_bit
0x0018       [0]    CREN_bit
0x0018       [0]    OERR_bit
0x0018       [1]    RCSTA
0x0018       [0]    RCD8_bit
0x0018       [0]    RX9D_bit
0x0018       [0]    RC9_bit
0x0018       [0]    RX9_bit
0x0018       [0]    SPEN_bit
0x0018       [0]    SREN_bit
0x0018       [0]    RC8_9_bit
0x0018       [0]    NOT_RC8_bit
0x0019       [1]    TXREG
0x001A       [1]    RCREG
0x001B       [2]    CCPR2
0x001B       [1]    CCPR2L
0x001C       [1]    CCPR2H
0x001D       [1]    CCP2CON
0x001D       [0]    CCP2M0_bit
0x001D       [0]    CCP2M1_bit
0x001D       [0]    CCP2Y_bit
0x001D       [0]    DC2B1_bit
0x001D       [0]    CCP2X_bit
0x001D       [0]    CCP2M2_bit
0x001D       [0]    CCP2M3_bit
0x001D       [0]    DC2B0_bit
0x001E       [1]    ADRESH
0x001F       [0]    GO_bit
0x001F       [0]    CHS0_bit
0x001F       [0]    NOT_DONE_bit
0x001F       [0]    GO_DONE_bit
0x001F       [0]    ADON_bit
0x001F       [0]    CHS1_bit
0x001F       [0]    ADCS0_bit
0x001F       [0]    ADCS1_bit
0x001F       [0]    CHS3_bit
0x001F       [0]    CHS2_bit
0x001F       [1]    ADCON0
0x0023       [1]    ___savePCLATH
0x0024       [1]    ___saveSTATUS
0x0025       [1]    _SENSOR
0x0026       [1]    _CENTINELA
0x0027       [2]    _LDR
0x0029       [1]    _BANDERA
0x002A       [1]    _temp4
0x002B       [2]    _contador
0x002D       [1]    _MOVIMIENTO
0x002E       [1]    _dato_recep
0x002F       [2]    ___DoICPAddr
0x0031       [1]    _CONT
0x0032       [1]    _viajero
0x0033       [2]    _TEMP
0x0035       [2]    _LUZ
0x0037       [1]    _CIRCUITO2
0x0038       [1]    _CIRCUITO1
0x0039       [0]    _dato_listo
0x003A       [2]    _TIEMPO
0x003C       [9]    _main_Local_Text
0x0045       [1]    FARG_PWM1_Set_Duty_new_duty
0x0045       [4]    FARG_PWM1_Init_PWM_Freq
0x0045       [1]    FARG_UART1_Write_Text_uart_text
0x0045       [1]    FARG_Adc_Read_channel
0x0046       [1]    UART1_Write_Text_counter
0x0046       [2]    Adc_Read_local_result
0x0047       [1]    UART1_Write_Text_data_
0x0049       [1]    FARG_UART1_Write_data_
0x0070       [1]    R0
0x0071       [1]    R1
0x0072       [1]    R2
0x0073       [1]    R3
0x0074       [1]    R4
0x0075       [1]    R5
0x0076       [1]    R6
0x0077       [1]    R7
0x0078       [1]    R8
0x0079       [1]    R9
0x007A       [1]    R10
0x007B       [1]    R11
0x007C       [1]    R12
0x007D       [1]    R13
0x007E       [1]    R14
0x007F       [1]    R15
0x0081       [0]    INTEDG_bit
0x0081       [0]    NOT_RBPU_bit
0x0081       [1]    OPTION_REG
0x0081       [0]    T0CS_bit
0x0081       [0]    PS1_bit
0x0081       [0]    PS0_bit
0x0081       [0]    PS2_bit
0x0081       [0]    T0SE_bit
0x0081       [0]    PSA_bit
0x0085       [0]    TRISA1_bit
0x0085       [0]    TRISA2_bit
0x0085       [1]    TRISA
0x0085       [0]    TRISA0_bit
0x0085       [0]    TRISA7_bit
0x0085       [0]    TRISA5_bit
0x0085       [0]    TRISA6_bit
0x0085       [0]    TRISA3_bit
0x0085       [0]    TRISA4_bit
0x0086       [0]    TRISB5_bit
0x0086       [0]    TRISB4_bit
0x0086       [0]    TRISB2_bit
0x0086       [0]    TRISB7_bit
0x0086       [1]    TRISB
0x0086       [0]    TRISB1_bit
0x0086       [0]    TRISB3_bit
0x0086       [0]    TRISB6_bit
0x0086       [0]    TRISB0_bit
0x0087       [0]    TRISC2_bit
0x0087       [0]    TRISC4_bit
0x0087       [0]    TRISC3_bit
0x0087       [0]    TRISC6_bit
0x0087       [0]    TRISC1_bit
0x0087       [1]    TRISC
0x0087       [0]    TRISC7_bit
0x0087       [0]    TRISC0_bit
0x0087       [0]    TRISC5_bit
0x0089       [1]    TRISE
0x0089       [0]    TRISE3_bit
0x008C       [0]    RCIE_bit
0x008C       [0]    SSPIE_bit
0x008C       [0]    TMR1IE_bit
0x008C       [0]    TXIE_bit
0x008C       [1]    PIE1
0x008C       [0]    TMR2IE_bit
0x008C       [0]    ADIE_bit
0x008C       [0]    CCP1IE_bit
0x008D       [0]    OSFIE_bit
0x008D       [0]    ULPWUIE_bit
0x008D       [1]    PIE2
0x008D       [0]    CCP2IE_bit
0x008D       [0]    C1IE_bit
0x008D       [0]    C2IE_bit
0x008D       [0]    BCLIE_bit
0x008D       [0]    EEIE_bit
0x008E       [0]    NOT_BO_bit
0x008E       [1]    PCON
0x008E       [0]    NOT_BOR_bit
0x008E       [0]    ULPWUE_bit
0x008E       [0]    SBOREN_bit
0x008E       [0]    NOT_POR_bit
0x008F       [0]    IRCF1_bit
0x008F       [0]    IRCF2_bit
0x008F       [1]    OSCCON
0x008F       [0]    OSTS_bit
0x008F       [0]    SCS_bit
0x008F       [0]    HTS_bit
0x008F       [0]    LTS_bit
0x008F       [0]    IRCF0_bit
0x0090       [0]    TUN3_bit
0x0090       [0]    TUN2_bit
0x0090       [0]    TUN4_bit
0x0090       [0]    TUN0_bit
0x0090       [0]    TUN1_bit
0x0090       [1]    OSCTUNE
0x0091       [0]    ACKEN_bit
0x0091       [0]    PEN_bit
0x0091       [1]    SSPCON2
0x0091       [0]    RCEN_bit
0x0091       [0]    ACKSTAT_bit
0x0091       [0]    GCEN_bit
0x0091       [0]    SEN_bit
0x0091       [0]    RSEN_bit
0x0091       [0]    ACKDT_bit
0x0092       [1]    PR2
0x0093       [1]    MSK
0x0093       [1]    SSPMSK
0x0093       [1]    SSPADD
0x0094       [0]    I2C_READ_bit
0x0094       [0]    D_A_bit
0x0094       [0]    UA_bit
0x0094       [0]    NOT_WRITE_bit
0x0094       [0]    NOT_ADDRESS_bit
0x0094       [1]    SSPSTAT
0x0094       [0]    I2C_STOP__bit
0x0094       [0]    S_bit
0x0094       [0]    I2C_START__bit
0x0094       [0]    NOT_W_bit
0x0094       [0]    READ_WRITE_bit
0x0094       [0]    DATA_ADDRESS_bit
0x0094       [0]    P_bit
0x0094       [0]    R_W_bit
0x0094       [0]    BF_bit
0x0094       [0]    SMP_bit
0x0094       [0]    I2C_DATA_bit
0x0094       [0]    D_bit
0x0094       [0]    CKE_bit
0x0094       [0]    R_bit
0x0094       [0]    NOT_A_bit
0x0095       [0]    WPUB5_bit
0x0095       [0]    WPUB3_bit
0x0095       [0]    WPUB6_bit
0x0095       [0]    WPUB0_bit
0x0095       [1]    WPUB
0x0095       [0]    WPUB4_bit
0x0095       [0]    WPUB1_bit
0x0095       [0]    WPUB2_bit
0x0095       [0]    WPUB7_bit
0x0096       [0]    IOCB4_bit
0x0096       [0]    IOCB6_bit
0x0096       [0]    IOCB5_bit
0x0096       [1]    IOCB
0x0096       [0]    IOCB7_bit
0x0096       [0]    IOCB0_bit
0x0096       [0]    IOCB3_bit
0x0096       [0]    IOCB2_bit
0x0096       [0]    IOCB1_bit
0x0097       [0]    VR1_bit
0x0097       [0]    VR0_bit
0x0097       [0]    VRSS_bit
0x0097       [0]    VREN_bit
0x0097       [0]    VRR_bit
0x0097       [0]    VROE_bit
0x0097       [0]    VR2_bit
0x0097       [0]    VR3_bit
0x0097       [1]    VRCON
0x0098       [1]    TXSTA
0x0098       [0]    BRGH_bit
0x0098       [0]    SENDB_bit
0x0098       [0]    TRMT_bit
0x0098       [0]    TXD8_bit
0x0098       [0]    TX9D_bit
0x0098       [0]    SYNC_bit
0x0098       [0]    TX9_bit
0x0098       [0]    CSRC_bit
0x0098       [0]    NOT_TX8_bit
0x0098       [0]    TXEN_bit
0x0098       [0]    TX8_9_bit
0x0099       [0]    BRG1_bit
0x0099       [0]    BRG2_bit
0x0099       [0]    BRG0_bit
0x0099       [1]    SPBRG
0x0099       [0]    BRG3_bit
0x0099       [0]    BRG6_bit
0x0099       [0]    BRG7_bit
0x0099       [0]    BRG4_bit
0x0099       [0]    BRG5_bit
0x009A       [0]    BRG11_bit
0x009A       [0]    BRG12_bit
0x009A       [0]    BRG13_bit
0x009A       [0]    BRG10_bit
0x009A       [0]    BRG8_bit
0x009A       [1]    SPBRGH
0x009A       [0]    BRG9_bit
0x009A       [0]    BRG14_bit
0x009A       [0]    BRG15_bit
0x009B       [0]    PDC3_bit
0x009B       [0]    PDC5_bit
0x009B       [0]    PDC4_bit
0x009B       [0]    PDC2_bit
0x009B       [1]    PWM1CON
0x009B       [0]    PDC0_bit
0x009B       [0]    PDC1_bit
0x009B       [0]    PDC6_bit
0x009B       [0]    PRSEN_bit
0x009C       [0]    ECCPAS1_bit
0x009C       [0]    ECCPAS2_bit
0x009C       [1]    ECCPAS
0x009C       [0]    PSSBD1_bit
0x009C       [0]    PSSBD0_bit
0x009C       [0]    PSSAC0_bit
0x009C       [0]    ECCPAS0_bit
0x009C       [0]    PSSAC1_bit
0x009C       [0]    ECCPASE_bit
0x009D       [0]    STRC_bit
0x009D       [0]    STRSYNC_bit
0x009D       [1]    PSTRCON
0x009D       [0]    STRD_bit
0x009D       [0]    STRB_bit
0x009D       [0]    STRA_bit
0x009E       [1]    ADRESL
0x009F       [1]    ADCON1
0x009F       [0]    VCFG1_bit
0x009F       [0]    ADFM_bit
0x009F       [0]    VCFG0_bit
0x0105       [0]    WDTPS0_bit
0x0105       [0]    SWDTEN_bit
0x0105       [0]    WDTPS1_bit
0x0105       [0]    WDTPS3_bit
0x0105       [0]    WDTPS2_bit
0x0105       [1]    WDTCON
0x0107       [0]    C1CH1_bit
0x0107       [0]    C1CH0_bit
0x0107       [1]    CM1CON0
0x0107       [0]    C1R_bit
0x0107       [0]    C1OUT_bit
0x0107       [0]    C1ON_bit
0x0107       [0]    C1POL_bit
0x0107       [0]    C1OE_bit
0x0108       [0]    C2POL_bit
0x0108       [0]    C2CH0_bit
0x0108       [0]    C2CH1_bit
0x0108       [0]    C2R_bit
0x0108       [0]    C2OUT_bit
0x0108       [0]    C2ON_bit
0x0108       [1]    CM2CON0
0x0108       [0]    C2OE_bit
0x0109       [0]    MC2OUT_bit
0x0109       [0]    MC1OUT_bit
0x0109       [0]    C1RSEL_bit
0x0109       [0]    C2SYNC_bit
0x0109       [1]    CM2CON1
0x0109       [0]    C2RSEL_bit
0x0109       [0]    T1GSS_bit
0x010C       [1]    EEDATA
0x010C       [1]    EEDAT
0x010D       [1]    EEADR
0x010E       [1]    EEDATH
0x010F       [1]    EEADRH
0x0185       [0]    PULSR_bit
0x0185       [0]    PULSS_bit
0x0185       [1]    SRCON
0x0185       [0]    FVREN_bit
0x0185       [0]    SR0_bit
0x0185       [0]    SR1_bit
0x0185       [0]    C2REN_bit
0x0185       [0]    C1SEN_bit
0x0187       [0]    WUE_bit
0x0187       [0]    ABDEN_bit
0x0187       [1]    BAUDCTL
0x0187       [0]    ABDOVF_bit
0x0187       [0]    RCIDL_bit
0x0187       [0]    SCKP_bit
0x0187       [0]    BRG16_bit
0x0188       [0]    ANS4_bit
0x0188       [0]    ANS3_bit
0x0188       [0]    ANS0_bit
0x0188       [0]    ANS1_bit
0x0188       [0]    ANS2_bit
0x0188       [1]    ANSEL
0x0189       [0]    ANS8_bit
0x0189       [0]    ANS12_bit
0x0189       [0]    ANS9_bit
0x0189       [0]    ANS13_bit
0x0189       [0]    ANS11_bit
0x0189       [1]    ANSELH
0x0189       [0]    ANS10_bit
0x018C       [0]    RD_bit
0x018C       [0]    WRERR_bit
0x018C       [1]    EECON1
0x018C       [0]    WREN_bit
0x018C       [0]    EEPGD_bit
0x018C       [0]    WR_bit
0x018D       [1]    EECON2
//** Label List: ** 
//----------------------------------------------
  L_end_PRACTICA2_interrupt
  L_PRACTICA2_interrupt1
  L_PRACTICA2_interrupt2
  L_PRACTICA2_interrupt3
  L_PRACTICA2_interrupt4
  L_PRACTICA2_interrupt5
  L_PRACTICA2_interrupt6
  L_PRACTICA2_interrupt7
  L_PRACTICA2_interrupt8
  L_PRACTICA2_interrupt9
  L_PRACTICA2_interrupt10
  L_PRACTICA2_interrupt11
  L_PRACTICA2_interrupt12
  L_PRACTICA2_interrupt13
  L_PRACTICA2_interrupt14
  L_PRACTICA2_interrupt15
  L_PRACTICA2_interrupt16
  L_PRACTICA2_interrupt17
  L_PRACTICA2_interrupt18
  L_PRACTICA2_interrupt19
  L_PRACTICA2_interrupt20
  L_PRACTICA2_interrupt21
  L_PRACTICA2_interrupt22
  L_PRACTICA2_interrupt23
  L_PRACTICA2_interrupt24
  L_PRACTICA2_interrupt25
  L_PRACTICA2_interrupt26
  L_PRACTICA2_interrupt27
  L_PRACTICA2_interrupt28
  L_PRACTICA2_interrupt29
  L_PRACTICA2_interrupt30
  L_PRACTICA2_interrupt31
  L_PRACTICA2_interrupt32
  L_PRACTICA2_interrupt33
  L_PRACTICA2_interrupt34
  L_PRACTICA2_interrupt35
  L_PRACTICA2_interrupt36
  L_PRACTICA2_interrupt37
  L_PRACTICA2_interrupt38
  L_PRACTICA2_interrupt39
  L_PRACTICA2_interrupt40
  L_PRACTICA2_interrupt41
  L_PRACTICA2_interrupt42
  L_PRACTICA2_interrupt43
  L_PRACTICA2_interrupt44
  L_PRACTICA2_interrupt45
  L_PRACTICA2_interrupt46
  L_PRACTICA2_interrupt47
  L_PRACTICA2_interrupt48
  L_PRACTICA2_interrupt49
  L_PRACTICA2_interrupt50
  L_PRACTICA2_interrupt51
  L_PRACTICA2_interrupt52
  L_end_PRACTICA2_LED1_ON
  L_end_PRACTICA2_LED1_OFF
  L_end_PRACTICA2_LED2_ON
  L_end_PRACTICA2_LED2_OFF
  L_end__main
  L__main_principio
  L__main59
  L__main60
  L__main61
  L__main62
  L__main63
  L__main64
  L__main65
  L__main66
  L__main67
  L__main68
  L__main69
  L__main70
  L__main71
  L__main72
  L__main73
  L__main74
  L__main75
  L__main76
  L__main77
  L__main78
  L__main79
  L__main80
  L__main81
  L__main82
  L__main83
  L__main84
  L__main85
  L__main86
  L__main87
  L__main88
  L__main89
  L__main90
  L__main91
  L__main92
  L__main93
  L__main94
  L__main95
  L__main96
  L__main97
  L__main98
  L__main99
  L__main100
  L__main101
  L__main102
  L__main103
  L__main104
  L__main105
  PRACTICA2_interrupt
  L_PRACTICA2_interrupt106
  PRACTICA2_LED1_ON
  PRACTICA2_LED1_OFF
  PRACTICA2_LED2_ON
  PRACTICA2_LED2_OFF
  _main
  L__main107
  L__main108
  L__main109
  L__main110
  L__main111
  L__main112
  L__main113
  L__main114
  L_end__Adc_Read
  L__Adc_Read1
  L__Adc_Read2
  L__Adc_Read3
  L__Adc_Read4
  L__Adc_Read5
  _Adc_Read
  L_end__Get_Fosc_kHz
  L_end__Delay_1us
  L_end__Delay_10us
  L__Delay_10us3
  L_end__Delay_22us
  L__Delay_22us5
  L_end__Delay_50us
  L__Delay_50us7
  L_end__Delay_80us
  L__Delay_80us9
  L_end__Delay_500us
  L__Delay_500us11
  L_end__Delay_5500us
  L__Delay_5500us13
  L_end__Delay_5ms
  L__Delay_5ms15
  L_end__Delay_8ms
  L__Delay_8ms17
  L_end__Delay_10ms
  L__Delay_10ms19
  L_end__Delay_100ms
  L__Delay_100ms21
  L_end__Delay_1sec
  L__Delay_1sec23
  L_end__Delay_Cyc
  L__Delay_Cyc25
  L__Delay_Cyc26
  L__Delay_Cyc27
  L__Delay_Cyc28
  L__Delay_Cyc29
  L_end__VDelay_ms
  L__VDelay_ms31
  L__VDelay_ms32
  L__VDelay_ms33
  L__VDelay_ms34
  L__VDelay_ms35
  L__VDelay_ms36
  L__VDelay_ms37
  L__VDelay_ms38
  L_end__VDelay_Advanced_ms
  L__VDelay_Advanced_ms40
  L__VDelay_Advanced_ms41
  L__VDelay_Advanced_ms42
  L__VDelay_Advanced_ms43
  L__VDelay_Advanced_ms44
  L__VDelay_Advanced_ms45
  L__VDelay_Advanced_ms46
  L__VDelay_Advanced_ms47
  _Get_Fosc_kHz
  _Delay_1us
  _Delay_10us
  _Delay_22us
  _Delay_50us
  _Delay_80us
  _Delay_500us
  _Delay_5500us
  _Delay_5ms
  _Delay_8ms
  _Delay_10ms
  _Delay_100ms
  _Delay_1sec
  _Delay_Cyc
  _VDelay_ms
  L__VDelay_ms48
  L__VDelay_ms49
  L__VDelay_ms50
  L__VDelay_ms51
  _VDelay_Advanced_ms
  L__VDelay_Advanced_ms52
  L__VDelay_Advanced_ms53
  L__VDelay_Advanced_ms54
  L__VDelay_Advanced_ms55
  L_end__Mul_8x8_U
  L_end__Mul_16x16_U
  L_end__Div_8x8_U
  L__Div_8x8_U3
  L__Div_8x8_U4
  L__Div_8x8_U5
  L_end__Div_16x16_U
  L_end__Mul_8x8_S
  L_end__Mul_16x16_S
  L_end__Div_16x16_S_L
  L_end__Div_16x16_S
  L__Div_16x16_S11
  L__Div_16x16_S12
  L__Div_16x16_S13
  L__Div_16x16_S14
  L__Div_16x16_S15
  L__Div_16x16_S16
  L_end__Div_8x8_S
  L_end__SDIV3232L
  LOOPS3232A
  SADD22LA
  SOK22LA
  SADD22L8
  SOK22L8
  LOOPS3232B
  SADD22LB
  SOK22LB
  SADD22L16
  SOK22L16
  LOOPS3232C
  SADD22LC
  SOK22LC
  SADD22L24
  SOK22L24
  LOOPS3232D
  SADD22LD
  SOK22LD
  SOK22L
  L_end__COMFREM
  L_end__Div_32x32_S
  L__Div_32x32_S25
  L__Div_32x32_S26
  L__Div_32x32_S27
  L__Div_32x32_S28
  L__Div_32x32_S29
  L__Div_32x32_S30
  L__Div_32x32_S31
  L__Div_32x32_S32
  L__Div_32x32_S33
  L__Div_32x32_S34
  L__Div_32x32_S35
  L__Div_32x32_S36
  FXD3232S
  END_ALL
  CA3232S
  C3232SX
  C3232SX1
  C3232S
  C3232S2
  C3232SX4
  C3232SOK
  C3232SX3
  C3232SX2
  avoid_comfrem
  L_end__Div_32x32_U
  LOOPU3232A
  UADD22LA
  UOK22LA
  UADD22L8
  UOK22L8
  LOOPU3232B
  UADD22LB
  UOK22LB
  UADD22L16
  UOK22L16
  LOOPU3232C
  UADD22LC
  UOK22LC
  UADD22L24
  UOK22L24
  LOOPU3232D
  UADD22LD
  UOK22LD
  UOK22L
  L_end__Mul_32x32_U
  _NEXT
  _EXIT2
  _LOOP
  _EXIT1
  L_end__Mul_32x32_S
  _IF_FIRST
  _IF_SECOND
  _INVERCE_FIRST
  _MULT
  _INBERSE_SECOND
  _EXIT
  _Mul_8x8_U
  _Mul_16x16_U
  _Div_8x8_U
  _Div_16x16_U
  _Mul_8x8_S
  _Mul_16x16_S
  _Div_16x16_S_L
  _Div_16x16_S
  _Div_8x8_S
  _SDIV3232L
  _COMFREM
  _Div_32x32_S
  _Div_32x32_U
  _Mul_32x32_U
  _Mul_32x32_S
  L_end__PWM1_Init
  L_end__PWM1_Set_Duty
  L_end__PWM1_Start
  L_end__PWM1_Stop
  L_end__PWM2_Init
  L_end__PWM2_Set_Duty
  L_end__PWM2_Start
  L_end__PWM2_Stop
  _PWM1_Init
  _PWM1_Set_Duty
  L__PWM1_Set_Duty8
  L__PWM1_Set_Duty9
  _PWM1_Start
  _PWM1_Stop
  _PWM2_Init
  _PWM2_Set_Duty
  L__PWM2_Set_Duty10
  L__PWM2_Set_Duty11
  _PWM2_Start
  _PWM2_Stop
  L_end__UART1_Init
  L__UART1_Init1
  L__UART1_Init2
  L__UART1_Init3
  L__UART1_Init4
  L__UART1_Init5
  L_end__UART1_Data_Ready
  L_end__UART1_Read
  L__UART1_Read8
  L__UART1_Read9
  L__UART1_Read10
  L_end__UART1_TX_Idle
  L_end__UART1_Write
  L__UART1_Write13
  L__UART1_Write14
  L__UART1_Write15
  L__UART1_Write16
  L__UART1_Write17
  L_end__UART1_Write_Text
  L__UART1_Write_Text19
  L__UART1_Write_Text20
  L__UART1_Write_Text21
  L__UART1_Write_Text22
  L__UART1_Write_Text23
  L_end__UART1_Read_Text
  L__UART1_Read_Text25
  L__UART1_Read_Text26
  L__UART1_Read_Text27
  L__UART1_Read_Text28
  L__UART1_Read_Text29
  L__UART1_Read_Text30
  L__UART1_Read_Text31
  L__UART1_Read_Text32
  L__UART1_Read_Text33
  L__UART1_Read_Text34
  L__UART1_Read_Text35
  L__UART1_Read_Text36
  L__UART1_Read_Text37
  L__UART1_Read_Text38
  L__UART1_Read_Text39
  L__UART1_Read_Text40
  L__UART1_Read_Text41
  L__UART1_Read_Text42
  L__UART1_Read_Text43
  L__UART1_Read_Text44
  L__UART1_Read_Text45
  L__UART1_Read_Text46
  _UART1_Init
  _UART1_Data_Ready
  _UART1_Read
  _UART1_TX_Idle
  _UART1_Write
  _UART1_Write_Text
  _UART1_Read_Text
  L_end_PRACTICA2_interrupt
  L_PRACTICA2_interrupt1
  L_PRACTICA2_interrupt2
  L_PRACTICA2_interrupt3
  L_PRACTICA2_interrupt4
  L_PRACTICA2_interrupt5
  L_PRACTICA2_interrupt6
  L_PRACTICA2_interrupt7
  L_PRACTICA2_interrupt8
  L_PRACTICA2_interrupt9
  L_PRACTICA2_interrupt10
  L_PRACTICA2_interrupt11
  L_PRACTICA2_interrupt12
  L_PRACTICA2_interrupt13
  L_PRACTICA2_interrupt14
  L_PRACTICA2_interrupt15
  L_PRACTICA2_interrupt16
  L_PRACTICA2_interrupt17
  L_PRACTICA2_interrupt18
  L_PRACTICA2_interrupt19
  L_PRACTICA2_interrupt20
  L_PRACTICA2_interrupt21
  L_PRACTICA2_interrupt22
  L_PRACTICA2_interrupt23
  L_PRACTICA2_interrupt24
  L_PRACTICA2_interrupt25
  L_PRACTICA2_interrupt26
  L_PRACTICA2_interrupt27
  L_PRACTICA2_interrupt28
  L_PRACTICA2_interrupt29
  L_PRACTICA2_interrupt30
  L_PRACTICA2_interrupt31
  L_PRACTICA2_interrupt32
  L_PRACTICA2_interrupt33
  L_PRACTICA2_interrupt34
  L_PRACTICA2_interrupt35
  L_PRACTICA2_interrupt36
  L_PRACTICA2_interrupt37
  L_PRACTICA2_interrupt38
  L_PRACTICA2_interrupt39
  L_PRACTICA2_interrupt40
  L_PRACTICA2_interrupt41
  L_PRACTICA2_interrupt42
  L_PRACTICA2_interrupt43
  L_PRACTICA2_interrupt44
  L_PRACTICA2_interrupt45
  L_PRACTICA2_interrupt46
  L_PRACTICA2_interrupt47
  L_PRACTICA2_interrupt48
  L_PRACTICA2_interrupt49
  L_PRACTICA2_interrupt50
  L_PRACTICA2_interrupt51
  L_PRACTICA2_interrupt52
  L_end_PRACTICA2_LED1_ON
  L_end_PRACTICA2_LED1_OFF
  L_end_PRACTICA2_LED2_ON
  L_end_PRACTICA2_LED2_OFF
  L_end__main
  L__main_principio
  L__main59
  L__main60
  L__main61
  L__main62
  L__main63
  L__main64
  L__main65
  L__main66
  L__main67
  L__main68
  L__main69
  L__main70
  L__main71
  L__main72
  L__main73
  L__main74
  L__main75
  L__main76
  L__main77
  L__main78
  L__main79
  L__main80
  L__main81
  L__main82
  L__main83
  L__main84
  L__main85
  L__main86
  L__main87
  L__main88
  L__main89
  L__main90
  L__main91
  L__main92
  L__main93
  L__main94
  L__main95
  L__main96
  L__main97
  L__main98
  L__main99
  L__main100
  L__main101
  L__main102
  L__main103
  L__main104
  L__main105
  PRACTICA2_interrupt
  L_PRACTICA2_interrupt106
  PRACTICA2_LED1_ON
  PRACTICA2_LED1_OFF
  PRACTICA2_LED2_ON
  PRACTICA2_LED2_OFF
  _main
  L__main107
  L__main108
  L__main109
  L__main110
  L__main111
  L__main112
  L__main113
  L__main114
  L_end__UART1_Init
  L__UART1_Init1
  L__UART1_Init2
  L__UART1_Init3
  L__UART1_Init4
  L__UART1_Init5
  L_end__UART1_Data_Ready
  L_end__UART1_Read
  L__UART1_Read8
  L__UART1_Read9
  L__UART1_Read10
  L_end__UART1_TX_Idle
  L_end__UART1_Write
  L__UART1_Write13
  L__UART1_Write14
  L__UART1_Write15
  L__UART1_Write16
  L__UART1_Write17
  L_end__UART1_Write_Text
  L__UART1_Write_Text19
  L__UART1_Write_Text20
  L__UART1_Write_Text21
  L__UART1_Write_Text22
  L__UART1_Write_Text23
  L_end__UART1_Read_Text
  L__UART1_Read_Text25
  L__UART1_Read_Text26
  L__UART1_Read_Text27
  L__UART1_Read_Text28
  L__UART1_Read_Text29
  L__UART1_Read_Text30
  L__UART1_Read_Text31
  L__UART1_Read_Text32
  L__UART1_Read_Text33
  L__UART1_Read_Text34
  L__UART1_Read_Text35
  L__UART1_Read_Text36
  L__UART1_Read_Text37
  L__UART1_Read_Text38
  L__UART1_Read_Text39
  L__UART1_Read_Text40
  L__UART1_Read_Text41
  L__UART1_Read_Text42
  L__UART1_Read_Text43
  L__UART1_Read_Text44
  L__UART1_Read_Text45
  L__UART1_Read_Text46
  _UART1_Init
  _UART1_Data_Ready
  _UART1_Read
  _UART1_TX_Idle
  _UART1_Write
  _UART1_Write_Text
  _UART1_Read_Text
