;  LST file generated by mikroListExporter - v.2.0 
; Date/Time: 3/19/2013 9:42:01 PM
;----------------------------------------------

;Address Opcode 	ASM
0x0000	0x2955      	GOTO       341
_Delay_1us:
;__Lib_Delays.mbas,28 :: 		sub procedure Delay_1us()
;__Lib_Delays.mbas,29 :: 		Delay_us(1)
0x0003	0x0000      	NOP
0x0004	0x0000      	NOP
0x0005	0x0008      	RETURN
; end of _Delay_1us
_Delay_5500us:
;__Lib_Delays.mbas,52 :: 		sub procedure Delay_5500us()
;__Lib_Delays.mbas,53 :: 		Delay_us(5500)
0x0006	0x300F      	MOVLW      15
0x0007	0x1283      	BCF        STATUS, 5
0x0008	0x1303      	BCF        STATUS, 6
0x0009	0x00FC      	MOVWF      R12
0x000A	0x3047      	MOVLW      71
0x000B	0x00FD      	MOVWF      R13
L__Delay_5500us13:
0x000C	0x0BFD      	DECFSZ     R13, 1
0x000D	0x280C      	GOTO       L__Delay_5500us13
0x000E	0x0BFC      	DECFSZ     R12, 1
0x000F	0x280C      	GOTO       L__Delay_5500us13
0x0010	0x0000      	NOP
0x0011	0x0000      	NOP
0x0012	0x0008      	RETURN
; end of _Delay_5500us
_Delay_50us:
;__Lib_Delays.mbas,40 :: 		sub procedure Delay_50us()
;__Lib_Delays.mbas,41 :: 		Delay_us(50)
0x0013	0x3021      	MOVLW      33
0x0014	0x1283      	BCF        STATUS, 5
0x0015	0x1303      	BCF        STATUS, 6
0x0016	0x00FD      	MOVWF      R13
L__Delay_50us7:
0x0017	0x0BFD      	DECFSZ     R13, 1
0x0018	0x2817      	GOTO       L__Delay_50us7
0x0019	0x0008      	RETURN
; end of _Delay_50us
_Lcd_Cmd:
;__Lib_Lcd.mpas,33 :: 		
;__Lib_Lcd.mpas,34 :: 		
0x001A	0x1283      	BCF        STATUS, 5
0x001B	0x1303      	BCF        STATUS, 6
0x001C	0x1BC7      	BTFSC      FARG_Lcd_Cmd_out_char, 7
0x001D	0x2820      	GOTO       L__Lcd_Cmd45
0x001E	0x1105      	BCF        LCD_D7, BitPos(LCD_D7+0)
0x001F	0x2821      	GOTO       L__Lcd_Cmd46
L__Lcd_Cmd45:
0x0020	0x1505      	BSF        LCD_D7, BitPos(LCD_D7+0)
L__Lcd_Cmd46:
;__Lib_Lcd.mpas,35 :: 		
0x0021	0x1B47      	BTFSC      FARG_Lcd_Cmd_out_char, 6
0x0022	0x2825      	GOTO       L__Lcd_Cmd47
0x0023	0x1087      	BCF        LCD_D6, BitPos(LCD_D6+0)
0x0024	0x2826      	GOTO       L__Lcd_Cmd48
L__Lcd_Cmd47:
0x0025	0x1487      	BSF        LCD_D6, BitPos(LCD_D6+0)
L__Lcd_Cmd48:
;__Lib_Lcd.mpas,36 :: 		
0x0026	0x1AC7      	BTFSC      FARG_Lcd_Cmd_out_char, 5
0x0027	0x282A      	GOTO       L__Lcd_Cmd49
0x0028	0x1205      	BCF        LCD_D5, BitPos(LCD_D5+0)
0x0029	0x282B      	GOTO       L__Lcd_Cmd50
L__Lcd_Cmd49:
0x002A	0x1605      	BSF        LCD_D5, BitPos(LCD_D5+0)
L__Lcd_Cmd50:
;__Lib_Lcd.mpas,37 :: 		
0x002B	0x1A47      	BTFSC      FARG_Lcd_Cmd_out_char, 4
0x002C	0x282F      	GOTO       L__Lcd_Cmd51
0x002D	0x1107      	BCF        LCD_D4, BitPos(LCD_D4+0)
0x002E	0x2830      	GOTO       L__Lcd_Cmd52
L__Lcd_Cmd51:
0x002F	0x1507      	BSF        LCD_D4, BitPos(LCD_D4+0)
L__Lcd_Cmd52:
;__Lib_Lcd.mpas,39 :: 		
0x0030	0x182B      	BTFSC      __Lib_Lcd_cmd_status, BitPos(__Lib_Lcd_cmd_status+0)
0x0031	0x2834      	GOTO       L__Lcd_Cmd53
0x0032	0x1486      	BSF        LCD_RS, BitPos(LCD_RS+0)
0x0033	0x2835      	GOTO       L__Lcd_Cmd54
L__Lcd_Cmd53:
0x0034	0x1086      	BCF        LCD_RS, BitPos(LCD_RS+0)
L__Lcd_Cmd54:
;__Lib_Lcd.mpas,42 :: 		
0x0035	0x1585      	BSF        LCD_EN, BitPos(LCD_EN+0)
;__Lib_Lcd.mpas,43 :: 		
0x0036	0x2003      	CALL       _Delay_1us
;__Lib_Lcd.mpas,44 :: 		
0x0037	0x1185      	BCF        LCD_EN, BitPos(LCD_EN+0)
;__Lib_Lcd.mpas,47 :: 		
0x0038	0x19C7      	BTFSC      FARG_Lcd_Cmd_out_char, 3
0x0039	0x283C      	GOTO       L__Lcd_Cmd55
0x003A	0x1105      	BCF        LCD_D7, BitPos(LCD_D7+0)
0x003B	0x283D      	GOTO       L__Lcd_Cmd56
L__Lcd_Cmd55:
0x003C	0x1505      	BSF        LCD_D7, BitPos(LCD_D7+0)
L__Lcd_Cmd56:
;__Lib_Lcd.mpas,48 :: 		
0x003D	0x1947      	BTFSC      FARG_Lcd_Cmd_out_char, 2
0x003E	0x2841      	GOTO       L__Lcd_Cmd57
0x003F	0x1087      	BCF        LCD_D6, BitPos(LCD_D6+0)
0x0040	0x2842      	GOTO       L__Lcd_Cmd58
L__Lcd_Cmd57:
0x0041	0x1487      	BSF        LCD_D6, BitPos(LCD_D6+0)
L__Lcd_Cmd58:
;__Lib_Lcd.mpas,49 :: 		
0x0042	0x18C7      	BTFSC      FARG_Lcd_Cmd_out_char, 1
0x0043	0x2846      	GOTO       L__Lcd_Cmd59
0x0044	0x1205      	BCF        LCD_D5, BitPos(LCD_D5+0)
0x0045	0x2847      	GOTO       L__Lcd_Cmd60
L__Lcd_Cmd59:
0x0046	0x1605      	BSF        LCD_D5, BitPos(LCD_D5+0)
L__Lcd_Cmd60:
;__Lib_Lcd.mpas,50 :: 		
0x0047	0x1847      	BTFSC      FARG_Lcd_Cmd_out_char, 0
0x0048	0x284B      	GOTO       L__Lcd_Cmd61
0x0049	0x1107      	BCF        LCD_D4, BitPos(LCD_D4+0)
0x004A	0x284C      	GOTO       L__Lcd_Cmd62
L__Lcd_Cmd61:
0x004B	0x1507      	BSF        LCD_D4, BitPos(LCD_D4+0)
L__Lcd_Cmd62:
;__Lib_Lcd.mpas,52 :: 		
0x004C	0x182B      	BTFSC      __Lib_Lcd_cmd_status, BitPos(__Lib_Lcd_cmd_status+0)
0x004D	0x2850      	GOTO       L__Lcd_Cmd63
0x004E	0x1486      	BSF        LCD_RS, BitPos(LCD_RS+0)
0x004F	0x2851      	GOTO       L__Lcd_Cmd64
L__Lcd_Cmd63:
0x0050	0x1086      	BCF        LCD_RS, BitPos(LCD_RS+0)
L__Lcd_Cmd64:
;__Lib_Lcd.mpas,54 :: 		
0x0051	0x1585      	BSF        LCD_EN, BitPos(LCD_EN+0)
;__Lib_Lcd.mpas,55 :: 		
0x0052	0x2003      	CALL       _Delay_1us
;__Lib_Lcd.mpas,56 :: 		
0x0053	0x1185      	BCF        LCD_EN, BitPos(LCD_EN+0)
;__Lib_Lcd.mpas,58 :: 		
0x0054	0x1C2B      	BTFSS      __Lib_Lcd_cmd_status, BitPos(__Lib_Lcd_cmd_status+0)
0x0055	0x2858      	GOTO       L__Lcd_Cmd2
;__Lib_Lcd.mpas,59 :: 		
0x0056	0x2006      	CALL       _Delay_5500us
0x0057	0x2859      	GOTO       L__Lcd_Cmd3
;__Lib_Lcd.mpas,60 :: 		
L__Lcd_Cmd2:
;__Lib_Lcd.mpas,61 :: 		
0x0058	0x2013      	CALL       _Delay_50us
L__Lcd_Cmd3:
;__Lib_Lcd.mpas,62 :: 		
0x0059	0x0008      	RETURN
; end of _Lcd_Cmd
_Lcd_Chr_CP:
;__Lib_Lcd.mpas,65 :: 		
;__Lib_Lcd.mpas,66 :: 		
0x005A	0x1283      	BCF        STATUS, 5
0x005B	0x1303      	BCF        STATUS, 6
0x005C	0x102B      	BCF        __Lib_Lcd_cmd_status, BitPos(__Lib_Lcd_cmd_status+0)
;__Lib_Lcd.mpas,67 :: 		
0x005D	0x0846      	MOVF       FARG_Lcd_Chr_CP_Out_Char, 0
0x005E	0x00C7      	MOVWF      FARG_Lcd_Cmd_out_char
0x005F	0x201A      	CALL       _Lcd_Cmd
;__Lib_Lcd.mpas,68 :: 		
0x0060	0x142B      	BSF        __Lib_Lcd_cmd_status, BitPos(__Lib_Lcd_cmd_status+0)
;__Lib_Lcd.mpas,69 :: 		
0x0061	0x0008      	RETURN
; end of _Lcd_Chr_CP
_Div_16x16_U:
;__Lib_Math.mpas,207 :: 		
;__Lib_Math.mpas,213 :: 		
0x0062	0x1283      	BCF        STATUS, 5
;__Lib_Math.mpas,214 :: 		
0x0063	0x1303      	BCF        STATUS, 6
;__Lib_Math.mpas,215 :: 		
0x0064	0x01F8      	CLRF       R8
;__Lib_Math.mpas,216 :: 		
0x0065	0x01F9      	CLRF       R9
;__Lib_Math.mpas,217 :: 		
0x0066	0x3010      	MOVLW      16
;__Lib_Math.mpas,218 :: 		
0x0067	0x00FC      	MOVWF      R12
;__Lib_Math.mpas,219 :: 		
0x0068	0x0D71      	RLF        R1, 0
;__Lib_Math.mpas,220 :: 		
0x0069	0x0DF8      	RLF        R8, 1
;__Lib_Math.mpas,221 :: 		
0x006A	0x0DF9      	RLF        R9, 1
;__Lib_Math.mpas,222 :: 		
0x006B	0x0874      	MOVF       R4, 0
;__Lib_Math.mpas,223 :: 		
0x006C	0x02F8      	SUBWF      R8, 1
;__Lib_Math.mpas,224 :: 		
0x006D	0x0875      	MOVF       R5, 0
;__Lib_Math.mpas,225 :: 		
0x006E	0x1C03      	BTFSS      STATUS, 0
;__Lib_Math.mpas,226 :: 		
0x006F	0x0F75      	INCFSZ     R5, 0
;__Lib_Math.mpas,227 :: 		
0x0070	0x02F9      	SUBWF      R9, 1
;__Lib_Math.mpas,228 :: 		
0x0071	0x1803      	BTFSC      STATUS, 0
;__Lib_Math.mpas,229 :: 		
0x0072	0x287A      	GOTO       $+8
;__Lib_Math.mpas,230 :: 		
0x0073	0x0874      	MOVF       R4, 0
;__Lib_Math.mpas,231 :: 		
0x0074	0x07F8      	ADDWF      R8, 1
;__Lib_Math.mpas,232 :: 		
0x0075	0x0875      	MOVF       R5, 0
;__Lib_Math.mpas,233 :: 		
0x0076	0x1803      	BTFSC      STATUS, 0
;__Lib_Math.mpas,234 :: 		
0x0077	0x0F75      	INCFSZ     R5, 0
;__Lib_Math.mpas,235 :: 		
0x0078	0x07F9      	ADDWF      R9, 1
;__Lib_Math.mpas,236 :: 		
0x0079	0x1003      	BCF        STATUS, 0
;__Lib_Math.mpas,237 :: 		
0x007A	0x0DF0      	RLF        R0, 1
;__Lib_Math.mpas,238 :: 		
0x007B	0x0DF1      	RLF        R1, 1
;__Lib_Math.mpas,239 :: 		
0x007C	0x0BFC      	DECFSZ     R12, 1
;__Lib_Math.mpas,240 :: 		
0x007D	0x2868      	GOTO       $-21
;__Lib_Math.mpas,242 :: 		
0x007E	0x0008      	RETURN
; end of _Div_16x16_U
_WordToStr:
;__Lib_Conversions.mpas,39 :: 		
;__Lib_Conversions.mpas,40 :: 		
0x007F	0x1283      	BCF        STATUS, 5
0x0080	0x1303      	BCF        STATUS, 6
0x0081	0x0844      	MOVF       FARG_WordToStr_output, 0
0x0082	0x0084      	MOVWF      FSR
0x0083	0x3020      	MOVLW      32
0x0084	0x0080      	MOVWF      INDF
0x0085	0x0A84      	INCF       FSR, 1
0x0086	0x3020      	MOVLW      32
0x0087	0x0080      	MOVWF      INDF
0x0088	0x0A84      	INCF       FSR, 1
0x0089	0x3020      	MOVLW      32
0x008A	0x0080      	MOVWF      INDF
0x008B	0x0A84      	INCF       FSR, 1
0x008C	0x3020      	MOVLW      32
0x008D	0x0080      	MOVWF      INDF
0x008E	0x0A84      	INCF       FSR, 1
0x008F	0x3030      	MOVLW      48
0x0090	0x0080      	MOVWF      INDF
0x0091	0x0A84      	INCF       FSR, 1
0x0092	0x0180      	CLRF       INDF
0x0093	0x0A84      	INCF       FSR, 1
;__Lib_Conversions.mpas,41 :: 		
0x0094	0x3004      	MOVLW      4
0x0095	0x0744      	ADDWF      FARG_WordToStr_output, 0
0x0096	0x00C5      	MOVWF      WordToStr_ptr
;__Lib_Conversions.mpas,42 :: 		
L__WordToStr8:
0x0097	0x3000      	MOVLW      0
0x0098	0x0643      	XORWF      FARG_WordToStr_input+1, 0
0x0099	0x1D03      	BTFSS      STATUS, 2
0x009A	0x289D      	GOTO       L__WordToStr159
0x009B	0x3000      	MOVLW      0
0x009C	0x0642      	XORWF      FARG_WordToStr_input, 0
L__WordToStr159:
0x009D	0x1903      	BTFSC      STATUS, 2
0x009E	0x28BF      	GOTO       L__WordToStr9
;__Lib_Conversions.mpas,44 :: 		
0x009F	0x300A      	MOVLW      10
0x00A0	0x00F4      	MOVWF      R4
0x00A1	0x01F5      	CLRF       R4+1
0x00A2	0x0842      	MOVF       FARG_WordToStr_input, 0
0x00A3	0x00F0      	MOVWF      R0
0x00A4	0x0843      	MOVF       FARG_WordToStr_input+1, 0
0x00A5	0x00F1      	MOVWF      R0+1
0x00A6	0x2062      	CALL       _Div_16x16_U
0x00A7	0x0878      	MOVF       R8, 0
0x00A8	0x00F0      	MOVWF      R0
0x00A9	0x0879      	MOVF       R8+1, 0
0x00AA	0x00F1      	MOVWF      R0+1
0x00AB	0x3030      	MOVLW      48
0x00AC	0x07F0      	ADDWF      R0, 1
0x00AD	0x0845      	MOVF       WordToStr_ptr, 0
0x00AE	0x0084      	MOVWF      FSR
0x00AF	0x0870      	MOVF       R0, 0
0x00B0	0x0080      	MOVWF      INDF
;__Lib_Conversions.mpas,45 :: 		
0x00B1	0x300A      	MOVLW      10
0x00B2	0x00F4      	MOVWF      R4
0x00B3	0x01F5      	CLRF       R4+1
0x00B4	0x0842      	MOVF       FARG_WordToStr_input, 0
0x00B5	0x00F0      	MOVWF      R0
0x00B6	0x0843      	MOVF       FARG_WordToStr_input+1, 0
0x00B7	0x00F1      	MOVWF      R0+1
0x00B8	0x2062      	CALL       _Div_16x16_U
0x00B9	0x0870      	MOVF       R0, 0
0x00BA	0x00C2      	MOVWF      FARG_WordToStr_input
0x00BB	0x0871      	MOVF       R0+1, 0
0x00BC	0x00C3      	MOVWF      FARG_WordToStr_input+1
;__Lib_Conversions.mpas,46 :: 		
0x00BD	0x03C5      	DECF       WordToStr_ptr, 1
;__Lib_Conversions.mpas,47 :: 		
0x00BE	0x2897      	GOTO       L__WordToStr8
L__WordToStr9:
;__Lib_Conversions.mpas,48 :: 		
0x00BF	0x0008      	RETURN
; end of _WordToStr
lcd_distancia_PULSO:
;lcd_distancia.mbas,36 :: 		SUB PROCEDURE PULSO()
;lcd_distancia.mbas,37 :: 		PORTC.3=1
0x00C0	0x1283      	BCF        STATUS, 5
0x00C1	0x1303      	BCF        STATUS, 6
0x00C2	0x1587      	BSF        PORTC, 3
;lcd_distancia.mbas,38 :: 		Delay_us(150)
0x00C3	0x3063      	MOVLW      99
0x00C4	0x00FD      	MOVWF      R13
L_lcd_distancia_PULSO1:
0x00C5	0x0BFD      	DECFSZ     R13, 1
0x00C6	0x28C5      	GOTO       L_lcd_distancia_PULSO1
0x00C7	0x0000      	NOP
0x00C8	0x0000      	NOP
;lcd_distancia.mbas,39 :: 		PORTC.3=0
0x00C9	0x1187      	BCF        PORTC, 3
0x00CA	0x0008      	RETURN
; end of lcd_distancia_PULSO
_Lcd_Out:
;__Lib_Lcd.mpas,207 :: 		
;__Lib_Lcd.mpas,210 :: 		
0x00CB	0x1283      	BCF        STATUS, 5
0x00CC	0x1303      	BCF        STATUS, 6
0x00CD	0x0842      	MOVF       FARG_Lcd_Out_row, 0
0x00CE	0x3A01      	XORLW      1
0x00CF	0x1D03      	BTFSS      STATUS, 2
0x00D0	0x28D4      	GOTO       L__Lcd_Out30
0x00D1	0x3080      	MOVLW      128
0x00D2	0x00C2      	MOVWF      FARG_Lcd_Out_row
0x00D3	0x28EB      	GOTO       L__Lcd_Out27
L__Lcd_Out30:
;__Lib_Lcd.mpas,211 :: 		
0x00D4	0x0842      	MOVF       FARG_Lcd_Out_row, 0
0x00D5	0x3A02      	XORLW      2
0x00D6	0x1D03      	BTFSS      STATUS, 2
0x00D7	0x28DB      	GOTO       L__Lcd_Out33
0x00D8	0x30C0      	MOVLW      192
0x00D9	0x00C2      	MOVWF      FARG_Lcd_Out_row
0x00DA	0x28EB      	GOTO       L__Lcd_Out27
L__Lcd_Out33:
;__Lib_Lcd.mpas,212 :: 		
0x00DB	0x0842      	MOVF       FARG_Lcd_Out_row, 0
0x00DC	0x3A03      	XORLW      3
0x00DD	0x1D03      	BTFSS      STATUS, 2
0x00DE	0x28E2      	GOTO       L__Lcd_Out36
0x00DF	0x3094      	MOVLW      148
0x00E0	0x00C2      	MOVWF      FARG_Lcd_Out_row
0x00E1	0x28EB      	GOTO       L__Lcd_Out27
L__Lcd_Out36:
;__Lib_Lcd.mpas,213 :: 		
0x00E2	0x0842      	MOVF       FARG_Lcd_Out_row, 0
0x00E3	0x3A04      	XORLW      4
0x00E4	0x1D03      	BTFSS      STATUS, 2
0x00E5	0x28E9      	GOTO       L__Lcd_Out39
0x00E6	0x30D4      	MOVLW      212
0x00E7	0x00C2      	MOVWF      FARG_Lcd_Out_row
;__Lib_Lcd.mpas,214 :: 		
0x00E8	0x28EB      	GOTO       L__Lcd_Out27
L__Lcd_Out39:
;__Lib_Lcd.mpas,215 :: 		
0x00E9	0x3080      	MOVLW      128
0x00EA	0x00C2      	MOVWF      FARG_Lcd_Out_row
L__Lcd_Out27:
;__Lib_Lcd.mpas,218 :: 		
0x00EB	0x0343      	DECF       FARG_Lcd_Out_column, 0
0x00EC	0x00F0      	MOVWF      R0
0x00ED	0x0842      	MOVF       FARG_Lcd_Out_row, 0
0x00EE	0x07F0      	ADDWF      R0, 1
0x00EF	0x0870      	MOVF       R0, 0
0x00F0	0x00C2      	MOVWF      FARG_Lcd_Out_row
;__Lib_Lcd.mpas,220 :: 		
0x00F1	0x0870      	MOVF       R0, 0
0x00F2	0x00C7      	MOVWF      FARG_Lcd_Cmd_out_char
0x00F3	0x201A      	CALL       _Lcd_Cmd
;__Lib_Lcd.mpas,221 :: 		
0x00F4	0x102B      	BCF        __Lib_Lcd_cmd_status, BitPos(__Lib_Lcd_cmd_status+0)
;__Lib_Lcd.mpas,222 :: 		
0x00F5	0x01C5      	CLRF       Lcd_Out_i
;__Lib_Lcd.mpas,223 :: 		
L__Lcd_Out41:
0x00F6	0x0845      	MOVF       Lcd_Out_i, 0
0x00F7	0x0744      	ADDWF      FARG_Lcd_Out_text, 0
0x00F8	0x0084      	MOVWF      FSR
0x00F9	0x0800      	MOVF       INDF, 0
0x00FA	0x3A00      	XORLW      0
0x00FB	0x1903      	BTFSC      STATUS, 2
0x00FC	0x2905      	GOTO       L__Lcd_Out42
;__Lib_Lcd.mpas,225 :: 		
0x00FD	0x0845      	MOVF       Lcd_Out_i, 0
0x00FE	0x0744      	ADDWF      FARG_Lcd_Out_text, 0
0x00FF	0x0084      	MOVWF      FSR
0x0100	0x0800      	MOVF       INDF, 0
0x0101	0x00C6      	MOVWF      FARG_Lcd_Chr_CP_Out_Char
0x0102	0x205A      	CALL       _Lcd_Chr_CP
;__Lib_Lcd.mpas,226 :: 		
0x0103	0x0AC5      	INCF       Lcd_Out_i, 1
;__Lib_Lcd.mpas,227 :: 		
0x0104	0x28F6      	GOTO       L__Lcd_Out41
L__Lcd_Out42:
;__Lib_Lcd.mpas,228 :: 		
0x0105	0x142B      	BSF        __Lib_Lcd_cmd_status, BitPos(__Lib_Lcd_cmd_status+0)
;__Lib_Lcd.mpas,229 :: 		
0x0106	0x0008      	RETURN
; end of _Lcd_Out
_Lcd_Init:
;__Lib_Lcd.mpas,104 :: 		
;__Lib_Lcd.mpas,106 :: 		
0x0107	0x1683      	BSF        STATUS, 5
0x0108	0x1303      	BCF        STATUS, 6
0x0109	0x1185      	BCF        LCD_EN_Direction, BitPos(LCD_EN_Direction+0)
;__Lib_Lcd.mpas,107 :: 		
0x010A	0x1086      	BCF        LCD_RS_Direction, BitPos(LCD_RS_Direction+0)
;__Lib_Lcd.mpas,108 :: 		
0x010B	0x1107      	BCF        LCD_D4_Direction, BitPos(LCD_D4_Direction+0)
;__Lib_Lcd.mpas,109 :: 		
0x010C	0x1205      	BCF        LCD_D5_Direction, BitPos(LCD_D5_Direction+0)
;__Lib_Lcd.mpas,110 :: 		
0x010D	0x1087      	BCF        LCD_D6_Direction, BitPos(LCD_D6_Direction+0)
;__Lib_Lcd.mpas,111 :: 		
0x010E	0x1105      	BCF        LCD_D7_Direction, BitPos(LCD_D7_Direction+0)
;__Lib_Lcd.mpas,113 :: 		
0x010F	0x1283      	BCF        STATUS, 5
0x0110	0x1185      	BCF        LCD_EN, BitPos(LCD_EN+0)
;__Lib_Lcd.mpas,114 :: 		
0x0111	0x1086      	BCF        LCD_RS, BitPos(LCD_RS+0)
;__Lib_Lcd.mpas,115 :: 		
0x0112	0x1105      	BCF        LCD_D7, BitPos(LCD_D7+0)
;__Lib_Lcd.mpas,116 :: 		
0x0113	0x1087      	BCF        LCD_D6, BitPos(LCD_D6+0)
;__Lib_Lcd.mpas,117 :: 		
0x0114	0x1205      	BCF        LCD_D5, BitPos(LCD_D5+0)
;__Lib_Lcd.mpas,118 :: 		
0x0115	0x1107      	BCF        LCD_D4, BitPos(LCD_D4+0)
;__Lib_Lcd.mpas,120 :: 		
0x0116	0x2006      	CALL       _Delay_5500us
;__Lib_Lcd.mpas,121 :: 		
0x0117	0x2006      	CALL       _Delay_5500us
;__Lib_Lcd.mpas,122 :: 		
0x0118	0x2006      	CALL       _Delay_5500us
;__Lib_Lcd.mpas,125 :: 		
0x0119	0x1605      	BSF        LCD_D5, BitPos(LCD_D5+0)
;__Lib_Lcd.mpas,126 :: 		
0x011A	0x1507      	BSF        LCD_D4, BitPos(LCD_D4+0)
;__Lib_Lcd.mpas,127 :: 		
0x011B	0x1585      	BSF        LCD_EN, BitPos(LCD_EN+0)
;__Lib_Lcd.mpas,128 :: 		
0x011C	0x2003      	CALL       _Delay_1us
;__Lib_Lcd.mpas,129 :: 		
0x011D	0x1185      	BCF        LCD_EN, BitPos(LCD_EN+0)
;__Lib_Lcd.mpas,130 :: 		
0x011E	0x2006      	CALL       _Delay_5500us
;__Lib_Lcd.mpas,132 :: 		
0x011F	0x1585      	BSF        LCD_EN, BitPos(LCD_EN+0)
;__Lib_Lcd.mpas,133 :: 		
0x0120	0x2003      	CALL       _Delay_1us
;__Lib_Lcd.mpas,134 :: 		
0x0121	0x1185      	BCF        LCD_EN, BitPos(LCD_EN+0)
;__Lib_Lcd.mpas,135 :: 		
0x0122	0x2006      	CALL       _Delay_5500us
;__Lib_Lcd.mpas,137 :: 		
0x0123	0x1585      	BSF        LCD_EN, BitPos(LCD_EN+0)
;__Lib_Lcd.mpas,138 :: 		
0x0124	0x2003      	CALL       _Delay_1us
;__Lib_Lcd.mpas,139 :: 		
0x0125	0x1185      	BCF        LCD_EN, BitPos(LCD_EN+0)
;__Lib_Lcd.mpas,140 :: 		
0x0126	0x2006      	CALL       _Delay_5500us
;__Lib_Lcd.mpas,143 :: 		
0x0127	0x1107      	BCF        LCD_D4, BitPos(LCD_D4+0)
;__Lib_Lcd.mpas,144 :: 		
0x0128	0x1585      	BSF        LCD_EN, BitPos(LCD_EN+0)
;__Lib_Lcd.mpas,145 :: 		
0x0129	0x2003      	CALL       _Delay_1us
;__Lib_Lcd.mpas,146 :: 		
0x012A	0x1185      	BCF        LCD_EN, BitPos(LCD_EN+0)
;__Lib_Lcd.mpas,147 :: 		
0x012B	0x2006      	CALL       _Delay_5500us
;__Lib_Lcd.mpas,150 :: 		
0x012C	0x1585      	BSF        LCD_EN, BitPos(LCD_EN+0)
;__Lib_Lcd.mpas,151 :: 		
0x012D	0x2003      	CALL       _Delay_1us
;__Lib_Lcd.mpas,152 :: 		
0x012E	0x1185      	BCF        LCD_EN, BitPos(LCD_EN+0)
;__Lib_Lcd.mpas,154 :: 		
0x012F	0x1205      	BCF        LCD_D5, BitPos(LCD_D5+0)
;__Lib_Lcd.mpas,155 :: 		
0x0130	0x1505      	BSF        LCD_D7, BitPos(LCD_D7+0)
;__Lib_Lcd.mpas,156 :: 		
0x0131	0x1585      	BSF        LCD_EN, BitPos(LCD_EN+0)
;__Lib_Lcd.mpas,157 :: 		
0x0132	0x2003      	CALL       _Delay_1us
;__Lib_Lcd.mpas,158 :: 		
0x0133	0x1185      	BCF        LCD_EN, BitPos(LCD_EN+0)
;__Lib_Lcd.mpas,159 :: 		
0x0134	0x2006      	CALL       _Delay_5500us
;__Lib_Lcd.mpas,162 :: 		
0x0135	0x1105      	BCF        LCD_D7, BitPos(LCD_D7+0)
;__Lib_Lcd.mpas,163 :: 		
0x0136	0x1507      	BSF        LCD_D4, BitPos(LCD_D4+0)
;__Lib_Lcd.mpas,164 :: 		
0x0137	0x1585      	BSF        LCD_EN, BitPos(LCD_EN+0)
;__Lib_Lcd.mpas,165 :: 		
0x0138	0x2003      	CALL       _Delay_1us
;__Lib_Lcd.mpas,166 :: 		
0x0139	0x1185      	BCF        LCD_EN, BitPos(LCD_EN+0)
;__Lib_Lcd.mpas,168 :: 		
0x013A	0x1107      	BCF        LCD_D4, BitPos(LCD_D4+0)
;__Lib_Lcd.mpas,169 :: 		
0x013B	0x1585      	BSF        LCD_EN, BitPos(LCD_EN+0)
;__Lib_Lcd.mpas,170 :: 		
0x013C	0x2003      	CALL       _Delay_1us
;__Lib_Lcd.mpas,171 :: 		
0x013D	0x1185      	BCF        LCD_EN, BitPos(LCD_EN+0)
;__Lib_Lcd.mpas,172 :: 		
0x013E	0x2006      	CALL       _Delay_5500us
;__Lib_Lcd.mpas,175 :: 		
0x013F	0x1585      	BSF        LCD_EN, BitPos(LCD_EN+0)
;__Lib_Lcd.mpas,176 :: 		
0x0140	0x2003      	CALL       _Delay_1us
;__Lib_Lcd.mpas,177 :: 		
0x0141	0x1185      	BCF        LCD_EN, BitPos(LCD_EN+0)
;__Lib_Lcd.mpas,179 :: 		
0x0142	0x1507      	BSF        LCD_D4, BitPos(LCD_D4+0)
;__Lib_Lcd.mpas,180 :: 		
0x0143	0x1585      	BSF        LCD_EN, BitPos(LCD_EN+0)
;__Lib_Lcd.mpas,181 :: 		
0x0144	0x2003      	CALL       _Delay_1us
;__Lib_Lcd.mpas,182 :: 		
0x0145	0x1185      	BCF        LCD_EN, BitPos(LCD_EN+0)
;__Lib_Lcd.mpas,183 :: 		
0x0146	0x2006      	CALL       _Delay_5500us
;__Lib_Lcd.mpas,186 :: 		
0x0147	0x1107      	BCF        LCD_D4, BitPos(LCD_D4+0)
;__Lib_Lcd.mpas,187 :: 		
0x0148	0x1585      	BSF        LCD_EN, BitPos(LCD_EN+0)
;__Lib_Lcd.mpas,188 :: 		
0x0149	0x2003      	CALL       _Delay_1us
;__Lib_Lcd.mpas,189 :: 		
0x014A	0x1185      	BCF        LCD_EN, BitPos(LCD_EN+0)
;__Lib_Lcd.mpas,191 :: 		
0x014B	0x1505      	BSF        LCD_D7, BitPos(LCD_D7+0)
;__Lib_Lcd.mpas,192 :: 		
0x014C	0x1487      	BSF        LCD_D6, BitPos(LCD_D6+0)
;__Lib_Lcd.mpas,193 :: 		
0x014D	0x1605      	BSF        LCD_D5, BitPos(LCD_D5+0)
;__Lib_Lcd.mpas,194 :: 		
0x014E	0x1507      	BSF        LCD_D4, BitPos(LCD_D4+0)
;__Lib_Lcd.mpas,195 :: 		
0x014F	0x1585      	BSF        LCD_EN, BitPos(LCD_EN+0)
;__Lib_Lcd.mpas,196 :: 		
0x0150	0x2003      	CALL       _Delay_1us
;__Lib_Lcd.mpas,197 :: 		
0x0151	0x1185      	BCF        LCD_EN, BitPos(LCD_EN+0)
;__Lib_Lcd.mpas,199 :: 		
0x0152	0x2006      	CALL       _Delay_5500us
;__Lib_Lcd.mpas,201 :: 		
0x0153	0x142B      	BSF        __Lib_Lcd_cmd_status, BitPos(__Lib_Lcd_cmd_status+0)
;__Lib_Lcd.mpas,202 :: 		
0x0154	0x0008      	RETURN
; end of _Lcd_Init
_main:
;lcd_distancia.mbas,42 :: 		main:
;lcd_distancia.mbas,43 :: 		OPTION_REG=%10000110' PULL-UP DISABLED ,PRESC=128
0x0155	0x3086      	MOVLW      134
0x0156	0x1683      	BSF        STATUS, 5
0x0157	0x1303      	BCF        STATUS, 6
0x0158	0x0081      	MOVWF      OPTION_REG
;lcd_distancia.mbas,46 :: 		OSCCON = 0X65 ' Oscilador interno de 4mhz
0x0159	0x3065      	MOVLW      101
0x015A	0x008F      	MOVWF      OSCCON
;lcd_distancia.mbas,48 :: 		TRISB = 0X00 ' PORTB salidas
0x015B	0x0186      	CLRF       TRISB
;lcd_distancia.mbas,49 :: 		PORTB = 0X00
0x015C	0x1283      	BCF        STATUS, 5
0x015D	0x0186      	CLRF       PORTB
;lcd_distancia.mbas,51 :: 		TRISC = 0X31 ' PORTC salidas
0x015E	0x3031      	MOVLW      49
0x015F	0x1683      	BSF        STATUS, 5
0x0160	0x0087      	MOVWF      TRISC
;lcd_distancia.mbas,52 :: 		PORTC = 0X00
0x0161	0x1283      	BCF        STATUS, 5
0x0162	0x0187      	CLRF       PORTC
;lcd_distancia.mbas,54 :: 		TRISE = 0X00 ' PORTE salidas
0x0163	0x1683      	BSF        STATUS, 5
0x0164	0x0189      	CLRF       TRISE
;lcd_distancia.mbas,55 :: 		PORTE = 0X00
0x0165	0x1283      	BCF        STATUS, 5
0x0166	0x0189      	CLRF       PORTE
;lcd_distancia.mbas,57 :: 		ANSEL = 0X00 ' AN<7:0>
0x0167	0x1683      	BSF        STATUS, 5
0x0168	0x1703      	BSF        STATUS, 6
0x0169	0x0188      	CLRF       ANSEL
;lcd_distancia.mbas,58 :: 		ANSELH = 0X00 ' AN<13:8>
0x016A	0x0189      	CLRF       ANSELH
;lcd_distancia.mbas,59 :: 		FLANCO=0
0x016B	0x1283      	BCF        STATUS, 5
0x016C	0x1303      	BCF        STATUS, 6
0x016D	0x01A7      	CLRF       _FLANCO
;lcd_distancia.mbas,60 :: 		Lcd_Init() ' Inicializacion Lcd
0x016E	0x2107      	CALL       _Lcd_Init
;lcd_distancia.mbas,61 :: 		Lcd_Cmd(_LCD_CLEAR) ' encera display
0x016F	0x3001      	MOVLW      1
0x0170	0x00C7      	MOVWF      FARG_Lcd_Cmd_out_char
0x0171	0x201A      	CALL       _Lcd_Cmd
;lcd_distancia.mbas,62 :: 		Lcd_Cmd(_LCD_CURSOR_OFF) ' Cursor off
0x0172	0x300C      	MOVLW      12
0x0173	0x00C7      	MOVWF      FARG_Lcd_Cmd_out_char
0x0174	0x201A      	CALL       _Lcd_Cmd
;lcd_distancia.mbas,63 :: 		Lcd_Out(1,2,"IDEAS Y TECNOLOGIAS") ' escribe la cadena en la primera fila
0x0175	0x3001      	MOVLW      1
0x0176	0x00C2      	MOVWF      FARG_Lcd_Out_row
0x0177	0x3002      	MOVLW      2
0x0178	0x00C3      	MOVWF      FARG_Lcd_Out_column
0x0179	0x302E      	MOVLW      _main_Local_Text
0x017A	0x0084      	MOVWF      FSR
0x017B	0x3049      	MOVLW      73
0x017C	0x0080      	MOVWF      INDF
0x017D	0x0A84      	INCF       FSR, 1
0x017E	0x3044      	MOVLW      68
0x017F	0x0080      	MOVWF      INDF
0x0180	0x0A84      	INCF       FSR, 1
0x0181	0x3045      	MOVLW      69
0x0182	0x0080      	MOVWF      INDF
0x0183	0x0A84      	INCF       FSR, 1
0x0184	0x3041      	MOVLW      65
0x0185	0x0080      	MOVWF      INDF
0x0186	0x0A84      	INCF       FSR, 1
0x0187	0x3053      	MOVLW      83
0x0188	0x0080      	MOVWF      INDF
0x0189	0x0A84      	INCF       FSR, 1
0x018A	0x3020      	MOVLW      32
0x018B	0x0080      	MOVWF      INDF
0x018C	0x0A84      	INCF       FSR, 1
0x018D	0x3059      	MOVLW      89
0x018E	0x0080      	MOVWF      INDF
0x018F	0x0A84      	INCF       FSR, 1
0x0190	0x3020      	MOVLW      32
0x0191	0x0080      	MOVWF      INDF
0x0192	0x0A84      	INCF       FSR, 1
0x0193	0x3054      	MOVLW      84
0x0194	0x0080      	MOVWF      INDF
0x0195	0x0A84      	INCF       FSR, 1
0x0196	0x3045      	MOVLW      69
0x0197	0x0080      	MOVWF      INDF
0x0198	0x0A84      	INCF       FSR, 1
0x0199	0x3043      	MOVLW      67
0x019A	0x0080      	MOVWF      INDF
0x019B	0x0A84      	INCF       FSR, 1
0x019C	0x304E      	MOVLW      78
0x019D	0x0080      	MOVWF      INDF
0x019E	0x0A84      	INCF       FSR, 1
0x019F	0x304F      	MOVLW      79
0x01A0	0x0080      	MOVWF      INDF
0x01A1	0x0A84      	INCF       FSR, 1
0x01A2	0x304C      	MOVLW      76
0x01A3	0x0080      	MOVWF      INDF
0x01A4	0x0A84      	INCF       FSR, 1
0x01A5	0x304F      	MOVLW      79
0x01A6	0x0080      	MOVWF      INDF
0x01A7	0x0A84      	INCF       FSR, 1
0x01A8	0x3047      	MOVLW      71
0x01A9	0x0080      	MOVWF      INDF
0x01AA	0x0A84      	INCF       FSR, 1
0x01AB	0x3049      	MOVLW      73
0x01AC	0x0080      	MOVWF      INDF
0x01AD	0x0A84      	INCF       FSR, 1
0x01AE	0x3041      	MOVLW      65
0x01AF	0x0080      	MOVWF      INDF
0x01B0	0x0A84      	INCF       FSR, 1
0x01B1	0x3053      	MOVLW      83
0x01B2	0x0080      	MOVWF      INDF
0x01B3	0x0A84      	INCF       FSR, 1
0x01B4	0x0180      	CLRF       INDF
0x01B5	0x0A84      	INCF       FSR, 1
0x01B6	0x302E      	MOVLW      _main_Local_Text
0x01B7	0x00C4      	MOVWF      FARG_Lcd_Out_text
0x01B8	0x20CB      	CALL       _Lcd_Out
;lcd_distancia.mbas,64 :: 		Lcd_Out(2,4," M.E. I&T 04")
0x01B9	0x3002      	MOVLW      2
0x01BA	0x00C2      	MOVWF      FARG_Lcd_Out_row
0x01BB	0x3004      	MOVLW      4
0x01BC	0x00C3      	MOVWF      FARG_Lcd_Out_column
0x01BD	0x302E      	MOVLW      _main_Local_Text
0x01BE	0x0084      	MOVWF      FSR
0x01BF	0x3020      	MOVLW      32
0x01C0	0x0080      	MOVWF      INDF
0x01C1	0x0A84      	INCF       FSR, 1
0x01C2	0x304D      	MOVLW      77
0x01C3	0x0080      	MOVWF      INDF
0x01C4	0x0A84      	INCF       FSR, 1
0x01C5	0x302E      	MOVLW      46
0x01C6	0x0080      	MOVWF      INDF
0x01C7	0x0A84      	INCF       FSR, 1
0x01C8	0x3045      	MOVLW      69
0x01C9	0x0080      	MOVWF      INDF
0x01CA	0x0A84      	INCF       FSR, 1
0x01CB	0x302E      	MOVLW      46
0x01CC	0x0080      	MOVWF      INDF
0x01CD	0x0A84      	INCF       FSR, 1
0x01CE	0x3020      	MOVLW      32
0x01CF	0x0080      	MOVWF      INDF
0x01D0	0x0A84      	INCF       FSR, 1
0x01D1	0x3049      	MOVLW      73
0x01D2	0x0080      	MOVWF      INDF
0x01D3	0x0A84      	INCF       FSR, 1
0x01D4	0x3026      	MOVLW      38
0x01D5	0x0080      	MOVWF      INDF
0x01D6	0x0A84      	INCF       FSR, 1
0x01D7	0x3054      	MOVLW      84
0x01D8	0x0080      	MOVWF      INDF
0x01D9	0x0A84      	INCF       FSR, 1
0x01DA	0x3020      	MOVLW      32
0x01DB	0x0080      	MOVWF      INDF
0x01DC	0x0A84      	INCF       FSR, 1
0x01DD	0x3030      	MOVLW      48
0x01DE	0x0080      	MOVWF      INDF
0x01DF	0x0A84      	INCF       FSR, 1
0x01E0	0x3034      	MOVLW      52
0x01E1	0x0080      	MOVWF      INDF
0x01E2	0x0A84      	INCF       FSR, 1
0x01E3	0x0180      	CLRF       INDF
0x01E4	0x0A84      	INCF       FSR, 1
0x01E5	0x302E      	MOVLW      _main_Local_Text
0x01E6	0x00C4      	MOVWF      FARG_Lcd_Out_text
0x01E7	0x20CB      	CALL       _Lcd_Out
;lcd_distancia.mbas,65 :: 		Delay_ms(2000)
0x01E8	0x3015      	MOVLW      21
0x01E9	0x00FB      	MOVWF      R11
0x01EA	0x304B      	MOVLW      75
0x01EB	0x00FC      	MOVWF      R12
0x01EC	0x30BE      	MOVLW      190
0x01ED	0x00FD      	MOVWF      R13
L__main3:
0x01EE	0x0BFD      	DECFSZ     R13, 1
0x01EF	0x29EE      	GOTO       L__main3
0x01F0	0x0BFC      	DECFSZ     R12, 1
0x01F1	0x29EE      	GOTO       L__main3
0x01F2	0x0BFB      	DECFSZ     R11, 1
0x01F3	0x29EE      	GOTO       L__main3
0x01F4	0x0000      	NOP
;lcd_distancia.mbas,66 :: 		WHILE(1)
L__main5:
;lcd_distancia.mbas,67 :: 		PULSO()
0x01F5	0x20C0      	CALL       lcd_distancia_PULSO
;lcd_distancia.mbas,68 :: 		DO
L__main9:
;lcd_distancia.mbas,69 :: 		IF(PORTC.0=1)THEN'DETECTO FLANCO SUBIDA ECHO PULSE
0x01F6	0x1C07      	BTFSS      PORTC, 0
0x01F7	0x29FB      	GOTO       L__main15
;lcd_distancia.mbas,70 :: 		TMR0=0
0x01F8	0x0181      	CLRF       TMR0
;lcd_distancia.mbas,71 :: 		FLANCO=1
0x01F9	0x3001      	MOVLW      1
0x01FA	0x00A7      	MOVWF      _FLANCO
L__main15:
;lcd_distancia.mbas,74 :: 		LOOP UNTIL(FLANCO=1)
0x01FB	0x0827      	MOVF       _FLANCO, 0
0x01FC	0x3A01      	XORLW      1
0x01FD	0x1903      	BTFSC      STATUS, 2
0x01FE	0x2A00      	GOTO       L__main12
0x01FF	0x29F6      	GOTO       L__main9
L__main12:
;lcd_distancia.mbas,75 :: 		DO
L__main17:
;lcd_distancia.mbas,76 :: 		IF(PORTC.0=0)THEN 'DETECTO FLANCO SUBIDA ECHO PULSE
0x0200	0x1807      	BTFSC      PORTC, 0
0x0201	0x2A05      	GOTO       L__main23
;lcd_distancia.mbas,77 :: 		TIEMPO=TMR0
0x0202	0x0801      	MOVF       TMR0, 0
0x0203	0x00AA      	MOVWF      _TIEMPO
;lcd_distancia.mbas,78 :: 		FLANCO=0
0x0204	0x01A7      	CLRF       _FLANCO
L__main23:
;lcd_distancia.mbas,80 :: 		LOOP UNTIL(FLANCO=0)
0x0205	0x0827      	MOVF       _FLANCO, 0
0x0206	0x3A00      	XORLW      0
0x0207	0x1903      	BTFSC      STATUS, 2
0x0208	0x2A0A      	GOTO       L__main20
0x0209	0x2A00      	GOTO       L__main17
L__main20:
;lcd_distancia.mbas,81 :: 		DISTANCIA=(TIEMPO*128)/58 'DISTANCIA EN cm
0x020A	0x082A      	MOVF       _TIEMPO, 0
0x020B	0x00F3      	MOVWF      R3
0x020C	0x01F4      	CLRF       R3+1
0x020D	0x3007      	MOVLW      7
0x020E	0x00F2      	MOVWF      R2
0x020F	0x0873      	MOVF       R3, 0
0x0210	0x00F0      	MOVWF      R0
0x0211	0x0874      	MOVF       R3+1, 0
0x0212	0x00F1      	MOVWF      R0+1
0x0213	0x0872      	MOVF       R2, 0
L__main26:
0x0214	0x1903      	BTFSC      STATUS, 2
0x0215	0x2A1B      	GOTO       L__main27
0x0216	0x0DF0      	RLF        R0, 1
0x0217	0x0DF1      	RLF        R0+1, 1
0x0218	0x1070      	BCF        R0, 0
0x0219	0x3EFF      	ADDLW      255
0x021A	0x2A14      	GOTO       L__main26
L__main27:
0x021B	0x303A      	MOVLW      58
0x021C	0x00F4      	MOVWF      R4
0x021D	0x01F5      	CLRF       R4+1
0x021E	0x2062      	CALL       _Div_16x16_U
0x021F	0x0870      	MOVF       R0, 0
0x0220	0x00A8      	MOVWF      _DISTANCIA
0x0221	0x0871      	MOVF       R0+1, 0
0x0222	0x00A9      	MOVWF      _DISTANCIA+1
;lcd_distancia.mbas,82 :: 		WordToStr(DISTANCIA,TEXT)
0x0223	0x0870      	MOVF       R0, 0
0x0224	0x00C2      	MOVWF      FARG_WordToStr_input
0x0225	0x0871      	MOVF       R0+1, 0
0x0226	0x00C3      	MOVWF      FARG_WordToStr_input+1
0x0227	0x3020      	MOVLW      _TEXT
0x0228	0x00C4      	MOVWF      FARG_WordToStr_output
0x0229	0x207F      	CALL       _WordToStr
;lcd_distancia.mbas,83 :: 		Lcd_Cmd(_LCD_CLEAR) ' encera display
0x022A	0x3001      	MOVLW      1
0x022B	0x00C7      	MOVWF      FARG_Lcd_Cmd_out_char
0x022C	0x201A      	CALL       _Lcd_Cmd
;lcd_distancia.mbas,84 :: 		Lcd_Cmd(_LCD_CURSOR_OFF) ' Cursor off
0x022D	0x300C      	MOVLW      12
0x022E	0x00C7      	MOVWF      FARG_Lcd_Cmd_out_char
0x022F	0x201A      	CALL       _Lcd_Cmd
;lcd_distancia.mbas,85 :: 		Lcd_Out(1,2,"Distancia(cm)= ")
0x0230	0x3001      	MOVLW      1
0x0231	0x00C2      	MOVWF      FARG_Lcd_Out_row
0x0232	0x3002      	MOVLW      2
0x0233	0x00C3      	MOVWF      FARG_Lcd_Out_column
0x0234	0x302E      	MOVLW      _main_Local_Text
0x0235	0x0084      	MOVWF      FSR
0x0236	0x3044      	MOVLW      68
0x0237	0x0080      	MOVWF      INDF
0x0238	0x0A84      	INCF       FSR, 1
0x0239	0x3069      	MOVLW      105
0x023A	0x0080      	MOVWF      INDF
0x023B	0x0A84      	INCF       FSR, 1
0x023C	0x3073      	MOVLW      115
0x023D	0x0080      	MOVWF      INDF
0x023E	0x0A84      	INCF       FSR, 1
0x023F	0x3074      	MOVLW      116
0x0240	0x0080      	MOVWF      INDF
0x0241	0x0A84      	INCF       FSR, 1
0x0242	0x3061      	MOVLW      97
0x0243	0x0080      	MOVWF      INDF
0x0244	0x0A84      	INCF       FSR, 1
0x0245	0x306E      	MOVLW      110
0x0246	0x0080      	MOVWF      INDF
0x0247	0x0A84      	INCF       FSR, 1
0x0248	0x3063      	MOVLW      99
0x0249	0x0080      	MOVWF      INDF
0x024A	0x0A84      	INCF       FSR, 1
0x024B	0x3069      	MOVLW      105
0x024C	0x0080      	MOVWF      INDF
0x024D	0x0A84      	INCF       FSR, 1
0x024E	0x3061      	MOVLW      97
0x024F	0x0080      	MOVWF      INDF
0x0250	0x0A84      	INCF       FSR, 1
0x0251	0x3028      	MOVLW      40
0x0252	0x0080      	MOVWF      INDF
0x0253	0x0A84      	INCF       FSR, 1
0x0254	0x3063      	MOVLW      99
0x0255	0x0080      	MOVWF      INDF
0x0256	0x0A84      	INCF       FSR, 1
0x0257	0x306D      	MOVLW      109
0x0258	0x0080      	MOVWF      INDF
0x0259	0x0A84      	INCF       FSR, 1
0x025A	0x3029      	MOVLW      41
0x025B	0x0080      	MOVWF      INDF
0x025C	0x0A84      	INCF       FSR, 1
0x025D	0x303D      	MOVLW      61
0x025E	0x0080      	MOVWF      INDF
0x025F	0x0A84      	INCF       FSR, 1
0x0260	0x3020      	MOVLW      32
0x0261	0x0080      	MOVWF      INDF
0x0262	0x0A84      	INCF       FSR, 1
0x0263	0x0180      	CLRF       INDF
0x0264	0x0A84      	INCF       FSR, 1
0x0265	0x302E      	MOVLW      _main_Local_Text
0x0266	0x00C4      	MOVWF      FARG_Lcd_Out_text
0x0267	0x20CB      	CALL       _Lcd_Out
;lcd_distancia.mbas,86 :: 		Lcd_Out(2,2,TEXT)
0x0268	0x3002      	MOVLW      2
0x0269	0x00C2      	MOVWF      FARG_Lcd_Out_row
0x026A	0x3002      	MOVLW      2
0x026B	0x00C3      	MOVWF      FARG_Lcd_Out_column
0x026C	0x3020      	MOVLW      _TEXT
0x026D	0x00C4      	MOVWF      FARG_Lcd_Out_text
0x026E	0x20CB      	CALL       _Lcd_Out
;lcd_distancia.mbas,87 :: 		Delay_ms(50)
0x026F	0x3082      	MOVLW      130
0x0270	0x00FC      	MOVWF      R12
0x0271	0x30DD      	MOVLW      221
0x0272	0x00FD      	MOVWF      R13
L__main25:
0x0273	0x0BFD      	DECFSZ     R13, 1
0x0274	0x2A73      	GOTO       L__main25
0x0275	0x0BFC      	DECFSZ     R12, 1
0x0276	0x2A73      	GOTO       L__main25
0x0277	0x0000      	NOP
0x0278	0x0000      	NOP
;lcd_distancia.mbas,88 :: 		WEND
0x0279	0x29F5      	GOTO       L__main5
0x027A	0x2A7A      	GOTO       $+0
; end of _main
Symbol List:
//** Routines locations **
//ADDRESS    SIZE    PROCEDURE
//----------------------------------------------
0x0003       [3]    _Delay_1us
0x0006      [13]    _Delay_5500us
0x0013       [7]    _Delay_50us
0x001A      [64]    _Lcd_Cmd
0x005A       [8]    _Lcd_Chr_CP
0x0062      [29]    _Div_16x16_U
0x007F      [65]    _WordToStr
0x00C0      [11]    lcd_distancia_PULSO
0x00CB      [60]    _Lcd_Out
0x0107      [78]    _Lcd_Init
0x0155     [294]    _main
//** Variables locations ** 
//ADDRESS    SIZE    VARIABLE
//----------------------------------------------
0x0000       [1]    INDF
0x0001       [1]    TMR0
0x0002       [1]    PCL
0x0003       [0]    Z_bit
0x0003       [0]    NOT_PD_bit
0x0003       [0]    C_bit
0x0003       [0]    DC_bit
0x0003       [0]    RP1_bit
0x0003       [0]    IRP_bit
0x0003       [0]    NOT_TO_bit
0x0003       [0]    RP0_bit
0x0003       [1]    STATUS
0x0004       [1]    FSRPTR
0x0004       [1]    FSR
0x0005       [0]    LCD_D7
0x0005       [0]    LCD_EN
0x0005       [0]    RA0_bit
0x0005       [0]    LCD_D5
0x0005       [0]    RA1_bit
0x0005       [0]    RA4_bit
0x0005       [0]    RA6_bit
0x0005       [0]    RA5_bit
0x0005       [0]    RA3_bit
0x0005       [1]    PORTA
0x0005       [0]    RA2_bit
0x0005       [0]    RA7_bit
0x0006       [0]    RB6_bit
0x0006       [0]    RB5_bit
0x0006       [0]    RB7_bit
0x0006       [0]    LCD_RS
0x0006       [1]    PORTB
0x0006       [0]    RB1_bit
0x0006       [0]    RB0_bit
0x0006       [0]    RB2_bit
0x0006       [0]    RB4_bit
0x0006       [0]    RB3_bit
0x0007       [0]    RC0_bit
0x0007       [0]    RC5_bit
0x0007       [0]    RC1_bit
0x0007       [0]    RC3_bit
0x0007       [0]    LCD_D6
0x0007       [0]    LCD_D4
0x0007       [0]    RC4_bit
0x0007       [0]    RC6_bit
0x0007       [0]    RC7_bit
0x0007       [1]    PORTC
0x0007       [0]    RC2_bit
0x0009       [0]    RE3_bit
0x0009       [1]    PORTE
0x000A       [1]    PCLATH
0x000B       [0]    TMR0IE_bit
0x000B       [0]    T0IE_bit
0x000B       [0]    PEIE_bit
0x000B       [0]    RBIF_bit
0x000B       [1]    INTCON
0x000B       [0]    T0IF_bit
0x000B       [0]    TMR0IF_bit
0x000B       [0]    RBIE_bit
0x000B       [0]    GIE_bit
0x000B       [0]    INTE_bit
0x000B       [0]    INTF_bit
0x000C       [1]    PIR1
0x000C       [0]    SSPIF_bit
0x000C       [0]    ADIF_bit
0x000C       [0]    TXIF_bit
0x000C       [0]    RCIF_bit
0x000C       [0]    CCP1IF_bit
0x000C       [0]    TMR1IF_bit
0x000C       [0]    TMR2IF_bit
0x000D       [0]    BCLIF_bit
0x000D       [0]    ULPWUIF_bit
0x000D       [0]    EEIF_bit
0x000D       [0]    C1IF_bit
0x000D       [0]    OSFIF_bit
0x000D       [0]    C2IF_bit
0x000D       [1]    PIR2
0x000D       [0]    CCP2IF_bit
0x000E       [1]    TMR1L
0x000F       [1]    TMR1H
0x0010       [0]    T1CKPS1_bit
0x0010       [0]    NOT_T1SYNC_bit
0x0010       [0]    TMR1GE_bit
0x0010       [0]    T1CKPS0_bit
0x0010       [0]    TMR1CS_bit
0x0010       [0]    T1OSCEN_bit
0x0010       [0]    T1INSYNC_bit
0x0010       [0]    T1SYNC_bit
0x0010       [1]    T1CON
0x0010       [0]    T1GINV_bit
0x0010       [0]    TMR1ON_bit
0x0011       [1]    TMR2
0x0012       [0]    TOUTPS1_bit
0x0012       [0]    TOUTPS2_bit
0x0012       [0]    TOUTPS3_bit
0x0012       [0]    T2CKPS1_bit
0x0012       [1]    T2CON
0x0012       [0]    T2CKPS0_bit
0x0012       [0]    TOUTPS0_bit
0x0012       [0]    TMR2ON_bit
0x0013       [1]    SSPBUF
0x0014       [0]    SSPM2_bit
0x0014       [0]    SSPM3_bit
0x0014       [0]    SSPM0_bit
0x0014       [0]    SSPM1_bit
0x0014       [0]    CKP_bit
0x0014       [0]    WCOL_bit
0x0014       [1]    SSPCON
0x0014       [0]    SSPEN_bit
0x0014       [0]    SSPOV_bit
0x0015       [2]    CCPR1
0x0015       [1]    CCPR1L
0x0016       [1]    CCPR1H
0x0017       [0]    CCP1M3_bit
0x0017       [0]    CCP1Y_bit
0x0017       [0]    CCP1M2_bit
0x0017       [0]    CCP1M0_bit
0x0017       [0]    CCP1M1_bit
0x0017       [0]    DC1B0_bit
0x0017       [0]    P1M1_bit
0x0017       [1]    CCP1CON
0x0017       [0]    P1M0_bit
0x0017       [0]    CCP1X_bit
0x0017       [0]    DC1B1_bit
0x0018       [0]    FERR_bit
0x0018       [0]    ADDEN_bit
0x0018       [0]    CREN_bit
0x0018       [0]    RCD8_bit
0x0018       [0]    RX9D_bit
0x0018       [0]    OERR_bit
0x0018       [0]    SREN_bit
0x0018       [0]    RX9_bit
0x0018       [0]    SPEN_bit
0x0018       [1]    RCSTA
0x0018       [0]    RC8_9_bit
0x0018       [0]    NOT_RC8_bit
0x0018       [0]    RC9_bit
0x0019       [1]    TXREG
0x001A       [1]    RCREG
0x001B       [1]    CCPR2L
0x001B       [2]    CCPR2
0x001C       [1]    CCPR2H
0x001D       [0]    DC2B0_bit
0x001D       [0]    CCP2M0_bit
0x001D       [0]    CCP2Y_bit
0x001D       [0]    CCP2X_bit
0x001D       [0]    DC2B1_bit
0x001D       [1]    CCP2CON
0x001D       [0]    CCP2M3_bit
0x001D       [0]    CCP2M2_bit
0x001D       [0]    CCP2M1_bit
0x001E       [1]    ADRESH
0x001F       [0]    GO_bit
0x001F       [0]    CHS0_bit
0x001F       [0]    GO_DONE_bit
0x001F       [0]    NOT_DONE_bit
0x001F       [0]    ADON_bit
0x001F       [0]    CHS1_bit
0x001F       [0]    ADCS1_bit
0x001F       [1]    ADCON0
0x001F       [0]    ADCS0_bit
0x001F       [0]    CHS2_bit
0x001F       [0]    CHS3_bit
0x0020       [7]    _TEXT
0x0027       [1]    _FLANCO
0x0028       [2]    _DISTANCIA
0x002A       [1]    _TIEMPO
0x002B       [0]    __Lib_Lcd_cmd_status
0x002C       [2]    ___DoICPAddr
0x002E      [20]    _main_Local_Text
0x0042       [2]    FARG_WordToStr_input
0x0042       [1]    FARG_Lcd_Out_row
0x0043       [1]    FARG_Lcd_Out_column
0x0044       [1]    FARG_WordToStr_output
0x0044       [1]    FARG_Lcd_Out_text
0x0045       [1]    Lcd_Out_i
0x0045       [1]    WordToStr_ptr
0x0046       [1]    FARG_Lcd_Chr_CP_Out_Char
0x0047       [1]    FARG_Lcd_Cmd_out_char
0x0070       [1]    R0
0x0071       [1]    R1
0x0072       [1]    R2
0x0073       [1]    R3
0x0074       [1]    R4
0x0075       [1]    R5
0x0076       [1]    R6
0x0077       [1]    R7
0x0078       [1]    R8
0x0079       [1]    R9
0x007A       [1]    R10
0x007B       [1]    R11
0x007C       [1]    R12
0x007D       [1]    R13
0x007E       [1]    R14
0x007F       [1]    R15
0x0081       [1]    OPTION_REG
0x0081       [0]    PSA_bit
0x0081       [0]    T0SE_bit
0x0081       [0]    PS2_bit
0x0081       [0]    PS1_bit
0x0081       [0]    PS0_bit
0x0081       [0]    T0CS_bit
0x0081       [0]    INTEDG_bit
0x0081       [0]    NOT_RBPU_bit
0x0085       [1]    TRISA
0x0085       [0]    TRISA4_bit
0x0085       [0]    TRISA3_bit
0x0085       [0]    TRISA5_bit
0x0085       [0]    TRISA7_bit
0x0085       [0]    TRISA6_bit
0x0085       [0]    TRISA2_bit
0x0085       [0]    LCD_D5_Direction
0x0085       [0]    LCD_D7_Direction
0x0085       [0]    LCD_EN_Direction
0x0085       [0]    TRISA1_bit
0x0085       [0]    TRISA0_bit
0x0086       [0]    TRISB2_bit
0x0086       [0]    TRISB3_bit
0x0086       [0]    TRISB1_bit
0x0086       [1]    TRISB
0x0086       [0]    TRISB4_bit
0x0086       [0]    TRISB7_bit
0x0086       [0]    LCD_RS_Direction
0x0086       [0]    TRISB5_bit
0x0086       [0]    TRISB6_bit
0x0086       [0]    TRISB0_bit
0x0087       [0]    LCD_D6_Direction
0x0087       [0]    TRISC2_bit
0x0087       [0]    TRISC3_bit
0x0087       [0]    TRISC1_bit
0x0087       [0]    TRISC0_bit
0x0087       [0]    LCD_D4_Direction
0x0087       [0]    TRISC6_bit
0x0087       [0]    TRISC7_bit
0x0087       [1]    TRISC
0x0087       [0]    TRISC5_bit
0x0087       [0]    TRISC4_bit
0x0089       [1]    TRISE
0x0089       [0]    TRISE3_bit
0x008C       [0]    TMR1IE_bit
0x008C       [0]    TMR2IE_bit
0x008C       [1]    PIE1
0x008C       [0]    SSPIE_bit
0x008C       [0]    CCP1IE_bit
0x008C       [0]    TXIE_bit
0x008C       [0]    ADIE_bit
0x008C       [0]    RCIE_bit
0x008D       [0]    C2IE_bit
0x008D       [1]    PIE2
0x008D       [0]    C1IE_bit
0x008D       [0]    ULPWUIE_bit
0x008D       [0]    OSFIE_bit
0x008D       [0]    CCP2IE_bit
0x008D       [0]    BCLIE_bit
0x008D       [0]    EEIE_bit
0x008E       [0]    NOT_BO_bit
0x008E       [0]    NOT_BOR_bit
0x008E       [0]    ULPWUE_bit
0x008E       [0]    SBOREN_bit
0x008E       [0]    NOT_POR_bit
0x008E       [1]    PCON
0x008F       [0]    SCS_bit
0x008F       [0]    HTS_bit
0x008F       [0]    IRCF2_bit
0x008F       [0]    IRCF1_bit
0x008F       [0]    LTS_bit
0x008F       [0]    IRCF0_bit
0x008F       [0]    OSTS_bit
0x008F       [1]    OSCCON
0x0090       [0]    TUN1_bit
0x0090       [0]    TUN4_bit
0x0090       [1]    OSCTUNE
0x0090       [0]    TUN2_bit
0x0090       [0]    TUN3_bit
0x0090       [0]    TUN0_bit
0x0091       [0]    ACKSTAT_bit
0x0091       [0]    GCEN_bit
0x0091       [0]    SEN_bit
0x0091       [1]    SSPCON2
0x0091       [0]    RSEN_bit
0x0091       [0]    PEN_bit
0x0091       [0]    RCEN_bit
0x0091       [0]    ACKDT_bit
0x0091       [0]    ACKEN_bit
0x0092       [1]    PR2
0x0093       [1]    SSPMSK
0x0093       [1]    SSPADD
0x0093       [1]    MSK
0x0094       [0]    D_A_bit
0x0094       [0]    DATA_ADDRESS_bit
0x0094       [0]    BF_bit
0x0094       [0]    CKE_bit
0x0094       [0]    READ_WRITE_bit
0x0094       [0]    UA_bit
0x0094       [0]    NOT_ADDRESS_bit
0x0094       [0]    I2C_DATA_bit
0x0094       [0]    D_bit
0x0094       [1]    SSPSTAT
0x0094       [0]    NOT_A_bit
0x0094       [0]    R_W_bit
0x0094       [0]    I2C_STOP__bit
0x0094       [0]    S_bit
0x0094       [0]    P_bit
0x0094       [0]    SMP_bit
0x0094       [0]    I2C_START__bit
0x0094       [0]    NOT_W_bit
0x0094       [0]    NOT_WRITE_bit
0x0094       [0]    R_bit
0x0094       [0]    I2C_READ_bit
0x0095       [0]    WPUB1_bit
0x0095       [0]    WPUB2_bit
0x0095       [1]    WPUB
0x0095       [0]    WPUB0_bit
0x0095       [0]    WPUB3_bit
0x0095       [0]    WPUB6_bit
0x0095       [0]    WPUB7_bit
0x0095       [0]    WPUB4_bit
0x0095       [0]    WPUB5_bit
0x0096       [1]    IOCB
0x0096       [0]    IOCB2_bit
0x0096       [0]    IOCB0_bit
0x0096       [0]    IOCB1_bit
0x0096       [0]    IOCB6_bit
0x0096       [0]    IOCB7_bit
0x0096       [0]    IOCB5_bit
0x0096       [0]    IOCB3_bit
0x0096       [0]    IOCB4_bit
0x0097       [0]    VRSS_bit
0x0097       [0]    VR3_bit
0x0097       [0]    VRR_bit
0x0097       [0]    VREN_bit
0x0097       [0]    VROE_bit
0x0097       [0]    VR0_bit
0x0097       [1]    VRCON
0x0097       [0]    VR2_bit
0x0097       [0]    VR1_bit
0x0098       [1]    TXSTA
0x0098       [0]    BRGH_bit
0x0098       [0]    SENDB_bit
0x0098       [0]    TRMT_bit
0x0098       [0]    TXD8_bit
0x0098       [0]    TX9D_bit
0x0098       [0]    SYNC_bit
0x0098       [0]    TX9_bit
0x0098       [0]    CSRC_bit
0x0098       [0]    NOT_TX8_bit
0x0098       [0]    TXEN_bit
0x0098       [0]    TX8_9_bit
0x0099       [0]    BRG1_bit
0x0099       [0]    BRG2_bit
0x0099       [1]    SPBRG
0x0099       [0]    BRG0_bit
0x0099       [0]    BRG3_bit
0x0099       [0]    BRG6_bit
0x0099       [0]    BRG7_bit
0x0099       [0]    BRG4_bit
0x0099       [0]    BRG5_bit
0x009A       [0]    BRG9_bit
0x009A       [0]    BRG10_bit
0x009A       [1]    SPBRGH
0x009A       [0]    BRG8_bit
0x009A       [0]    BRG14_bit
0x009A       [0]    BRG15_bit
0x009A       [0]    BRG13_bit
0x009A       [0]    BRG11_bit
0x009A       [0]    BRG12_bit
0x009B       [0]    PDC1_bit
0x009B       [0]    PDC0_bit
0x009B       [1]    PWM1CON
0x009B       [0]    PDC2_bit
0x009B       [0]    PDC5_bit
0x009B       [0]    PDC6_bit
0x009B       [0]    PRSEN_bit
0x009B       [0]    PDC3_bit
0x009B       [0]    PDC4_bit
0x009C       [0]    PSSBD1_bit
0x009C       [0]    PSSBD0_bit
0x009C       [0]    PSSAC0_bit
0x009C       [1]    ECCPAS
0x009C       [0]    PSSAC1_bit
0x009C       [0]    ECCPAS1_bit
0x009C       [0]    ECCPAS0_bit
0x009C       [0]    ECCPAS2_bit
0x009C       [0]    ECCPASE_bit
0x009D       [1]    PSTRCON
0x009D       [0]    STRD_bit
0x009D       [0]    STRSYNC_bit
0x009D       [0]    STRC_bit
0x009D       [0]    STRA_bit
0x009D       [0]    STRB_bit
0x009E       [1]    ADRESL
0x009F       [0]    ADFM_bit
0x009F       [0]    VCFG1_bit
0x009F       [1]    ADCON1
0x009F       [0]    VCFG0_bit
0x0105       [0]    WDTPS0_bit
0x0105       [0]    WDTPS1_bit
0x0105       [0]    WDTPS2_bit
0x0105       [1]    WDTCON
0x0105       [0]    WDTPS3_bit
0x0105       [0]    SWDTEN_bit
0x0107       [0]    C1OE_bit
0x0107       [0]    C1POL_bit
0x0107       [0]    C1ON_bit
0x0107       [0]    C1OUT_bit
0x0107       [1]    CM1CON0
0x0107       [0]    C1CH0_bit
0x0107       [0]    C1R_bit
0x0107       [0]    C1CH1_bit
0x0108       [0]    C2CH1_bit
0x0108       [0]    C2CH0_bit
0x0108       [0]    C2R_bit
0x0108       [0]    C2OUT_bit
0x0108       [0]    C2ON_bit
0x0108       [0]    C2POL_bit
0x0108       [0]    C2OE_bit
0x0108       [1]    CM2CON0
0x0109       [0]    C1RSEL_bit
0x0109       [0]    MC2OUT_bit
0x0109       [0]    MC1OUT_bit
0x0109       [0]    C2SYNC_bit
0x0109       [0]    T1GSS_bit
0x0109       [0]    C2RSEL_bit
0x0109       [1]    CM2CON1
0x010C       [1]    EEDATA
0x010C       [1]    EEDAT
0x010D       [1]    EEADR
0x010E       [1]    EEDATH
0x010F       [1]    EEADRH
0x0185       [0]    C2REN_bit
0x0185       [0]    PULSS_bit
0x0185       [0]    FVREN_bit
0x0185       [0]    PULSR_bit
0x0185       [0]    C1SEN_bit
0x0185       [1]    SRCON
0x0185       [0]    SR1_bit
0x0185       [0]    SR0_bit
0x0187       [0]    BRG16_bit
0x0187       [0]    WUE_bit
0x0187       [0]    ABDEN_bit
0x0187       [0]    SCKP_bit
0x0187       [1]    BAUDCTL
0x0187       [0]    ABDOVF_bit
0x0187       [0]    RCIDL_bit
0x0188       [0]    ANS1_bit
0x0188       [0]    ANS0_bit
0x0188       [1]    ANSEL
0x0188       [0]    ANS4_bit
0x0188       [0]    ANS3_bit
0x0188       [0]    ANS2_bit
0x0189       [0]    ANS9_bit
0x0189       [0]    ANS8_bit
0x0189       [1]    ANSELH
0x0189       [0]    ANS12_bit
0x0189       [0]    ANS13_bit
0x0189       [0]    ANS10_bit
0x0189       [0]    ANS11_bit
0x018C       [0]    RD_bit
0x018C       [1]    EECON1
0x018C       [0]    WRERR_bit
0x018C       [0]    EEPGD_bit
0x018C       [0]    WR_bit
0x018C       [0]    WREN_bit
0x018D       [1]    EECON2
//** Label List: ** 
//----------------------------------------------
  L_end_lcd_distancia_PULSO
  L_lcd_distancia_PULSO1
  L_end__main
  L__main3
  L__main4
  L__main5
  L__main6
  L__main7
  L__main8
  L__main9
  L__main10
  L__main11
  L__main12
  L__main13
  L__main14
  L__main15
  L__main16
  L__main17
  L__main18
  L__main19
  L__main20
  L__main21
  L__main22
  L__main23
  L__main24
  L__main25
  lcd_distancia_PULSO
  _main
  L__main26
  L__main27
  L_end__ByteToStr
  L__ByteToStr1
  L__ByteToStr2
  L__ByteToStr3
  L__ByteToStr4
  L__ByteToStr5
  L_end__WordToStr
  L__WordToStr7
  L__WordToStr8
  L__WordToStr9
  L__WordToStr10
  L__WordToStr11
  L_end__ShortToStr
  L__ShortToStr13
  L__ShortToStr14
  L__ShortToStr15
  L__ShortToStr16
  L__ShortToStr17
  L__ShortToStr18
  L__ShortToStr19
  L__ShortToStr20
  L__ShortToStr21
  L__ShortToStr22
  L__ShortToStr23
  L__ShortToStr24
  L__ShortToStr25
  L__ShortToStr26
  L_end__IntToStr
  L__IntToStr28
  L__IntToStr29
  L__IntToStr30
  L__IntToStr31
  L__IntToStr32
  L__IntToStr33
  L__IntToStr34
  L__IntToStr35
  L__IntToStr36
  L__IntToStr37
  L__IntToStr38
  L__IntToStr39
  L__IntToStr40
  L__IntToStr41
  L_end__WordToStrWithZeros
  L__WordToStrWithZeros43
  L__WordToStrWithZeros44
  L__WordToStrWithZeros45
  L__WordToStrWithZeros46
  L__WordToStrWithZeros47
  L__WordToStrWithZeros48
  L__WordToStrWithZeros49
  L__WordToStrWithZeros50
  L__WordToStrWithZeros51
  L__WordToStrWithZeros52
  L__WordToStrWithZeros53
  L__WordToStrWithZeros54
  L__WordToStrWithZeros55
  L__WordToStrWithZeros56
  L__WordToStrWithZeros57
  L__WordToStrWithZeros58
  L__WordToStrWithZeros59
  L_end__LongWordToStr
  L__LongWordToStr61
  L__LongWordToStr62
  L__LongWordToStr63
  L__LongWordToStr64
  L__LongWordToStr65
  L_end__LongIntToStr
  L__LongIntToStr67
  L__LongIntToStr68
  L__LongIntToStr69
  L__LongIntToStr70
  L__LongIntToStr71
  L__LongIntToStr72
  L__LongIntToStr73
  L__LongIntToStr74
  L__LongIntToStr75
  L__LongIntToStr76
  L__LongIntToStr77
  L__LongIntToStr78
  L__LongIntToStr79
  L__LongIntToStr80
  L_end__Bcd2Dec
  L_end__StrToWord
  L__StrToWord83
  L__StrToWord84
  L__StrToWord85
  L__StrToWord86
  L__StrToWord87
  L__StrToWord88
  L__StrToWord89
  L__StrToWord90
  L__StrToWord91
  L__StrToWord92
  L__StrToWord93
  L__StrToWord94
  L__StrToWord95
  L_end__StrToInt
  L__StrToInt97
  L__StrToInt98
  L__StrToInt99
  L__StrToInt100
  L__StrToInt101
  L__StrToInt102
  L__StrToInt103
  L__StrToInt104
  L__StrToInt105
  L__StrToInt106
  L__StrToInt107
  L__StrToInt108
  L__StrToInt109
  L__StrToInt110
  L__StrToInt111
  L__StrToInt112
  L__StrToInt113
  L__StrToInt114
  L__StrToInt115
  L__StrToInt116
  L__StrToInt117
  L__StrToInt118
  L_end__Dec2Bcd
  L__Dec2Bcd120
  L__Dec2Bcd121
  L__Dec2Bcd122
  L_end__Bcd2Dec16
  L_end__Dec2Bcd16
  L_end__FloatToStr
  L__FloatToStr126
  L__FloatToStr127
  L__FloatToStr128
  L__FloatToStr129
  L__FloatToStr130
  L__FloatToStr131
  L__FloatToStr132
  L__FloatToStr133
  L__FloatToStr134
  L__FloatToStr135
  L__FloatToStr136
  L__FloatToStr137
  L__FloatToStr138
  L__FloatToStr139
  L__FloatToStr140
  L__FloatToStr141
  L__FloatToStr142
  L__FloatToStr143
  L__FloatToStr144
  L__FloatToStr145
  L__FloatToStr146
  L__FloatToStr147
  L__FloatToStr148
  L__FloatToStr149
  L__FloatToStr150
  L__FloatToStr151
  L__FloatToStr152
  L__FloatToStr153
  L__FloatToStr154
  L__FloatToStr155
  L__FloatToStr156
  L__FloatToStr157
  L__FloatToStr158
  _ByteToStr
  _WordToStr
  L__WordToStr159
  _ShortToStr
  _IntToStr
  L__IntToStr160
  L__IntToStr161
  L__IntToStr162
  _WordToStrWithZeros
  L__WordToStrWithZeros163
  L__WordToStrWithZeros164
  L__WordToStrWithZeros165
  L__WordToStrWithZeros166
  _LongWordToStr
  L__LongWordToStr167
  _LongIntToStr
  L__LongIntToStr168
  L__LongIntToStr169
  L__LongIntToStr170
  _Bcd2Dec
  _StrToWord
  L__StrToWord171
  _StrToInt
  L__StrToInt172
  L__StrToInt173
  _Dec2Bcd
  _Bcd2Dec16
  L__Bcd2Dec16174
  L__Bcd2Dec16175
  _Dec2Bcd16
  L__Dec2Bcd16176
  L__Dec2Bcd16177
  _FloatToStr
  L__FloatToStr178
  L__FloatToStr179
  L__FloatToStr180
  L__FloatToStr181
  L_end__Get_Fosc_kHz
  L_end__Delay_1us
  L_end__Delay_10us
  L__Delay_10us3
  L_end__Delay_22us
  L__Delay_22us5
  L_end__Delay_50us
  L__Delay_50us7
  L_end__Delay_80us
  L__Delay_80us9
  L_end__Delay_500us
  L__Delay_500us11
  L_end__Delay_5500us
  L__Delay_5500us13
  L_end__Delay_5ms
  L__Delay_5ms15
  L_end__Delay_8ms
  L__Delay_8ms17
  L_end__Delay_10ms
  L__Delay_10ms19
  L_end__Delay_100ms
  L__Delay_100ms21
  L_end__Delay_1sec
  L__Delay_1sec23
  L_end__Delay_Cyc
  L__Delay_Cyc25
  L__Delay_Cyc26
  L__Delay_Cyc27
  L__Delay_Cyc28
  L__Delay_Cyc29
  L_end__VDelay_ms
  L__VDelay_ms31
  L__VDelay_ms32
  L__VDelay_ms33
  L__VDelay_ms34
  L__VDelay_ms35
  L__VDelay_ms36
  L__VDelay_ms37
  L__VDelay_ms38
  L_end__VDelay_Advanced_ms
  L__VDelay_Advanced_ms40
  L__VDelay_Advanced_ms41
  L__VDelay_Advanced_ms42
  L__VDelay_Advanced_ms43
  L__VDelay_Advanced_ms44
  L__VDelay_Advanced_ms45
  L__VDelay_Advanced_ms46
  L__VDelay_Advanced_ms47
  _Get_Fosc_kHz
  _Delay_1us
  _Delay_10us
  _Delay_22us
  _Delay_50us
  _Delay_80us
  _Delay_500us
  _Delay_5500us
  _Delay_5ms
  _Delay_8ms
  _Delay_10ms
  _Delay_100ms
  _Delay_1sec
  _Delay_Cyc
  _VDelay_ms
  L__VDelay_ms48
  L__VDelay_ms49
  L__VDelay_ms50
  L__VDelay_ms51
  _VDelay_Advanced_ms
  L__VDelay_Advanced_ms52
  L__VDelay_Advanced_ms53
  L__VDelay_Advanced_ms54
  L__VDelay_Advanced_ms55
  L_end__Lcd_Cmd
  L__Lcd_Cmd1
  L__Lcd_Cmd2
  L__Lcd_Cmd3
  L_end__Lcd_Chr_CP
  L_end__Lcd_Out_CP
  L__Lcd_Out_CP6
  L__Lcd_Out_CP7
  L__Lcd_Out_CP8
  L__Lcd_Out_CP9
  L__Lcd_Out_CP10
  L_end__Lcd_Chr
  L__Lcd_Chr12
  L__Lcd_Chr13
  L__Lcd_Chr14
  L__Lcd_Chr15
  L__Lcd_Chr16
  L__Lcd_Chr17
  L__Lcd_Chr18
  L__Lcd_Chr19
  L__Lcd_Chr20
  L__Lcd_Chr21
  L__Lcd_Chr22
  L__Lcd_Chr23
  L__Lcd_Chr24
  L_end__Lcd_Init
  L_end__Lcd_Out
  L__Lcd_Out27
  L__Lcd_Out28
  L__Lcd_Out29
  L__Lcd_Out30
  L__Lcd_Out31
  L__Lcd_Out32
  L__Lcd_Out33
  L__Lcd_Out34
  L__Lcd_Out35
  L__Lcd_Out36
  L__Lcd_Out37
  L__Lcd_Out38
  L__Lcd_Out39
  L__Lcd_Out40
  L__Lcd_Out41
  L__Lcd_Out42
  L__Lcd_Out43
  L__Lcd_Out44
  _Lcd_Cmd
  L__Lcd_Cmd45
  L__Lcd_Cmd46
  L__Lcd_Cmd47
  L__Lcd_Cmd48
  L__Lcd_Cmd49
  L__Lcd_Cmd50
  L__Lcd_Cmd51
  L__Lcd_Cmd52
  L__Lcd_Cmd53
  L__Lcd_Cmd54
  L__Lcd_Cmd55
  L__Lcd_Cmd56
  L__Lcd_Cmd57
  L__Lcd_Cmd58
  L__Lcd_Cmd59
  L__Lcd_Cmd60
  L__Lcd_Cmd61
  L__Lcd_Cmd62
  L__Lcd_Cmd63
  L__Lcd_Cmd64
  _Lcd_Chr_CP
  _Lcd_Out_CP
  _Lcd_Chr
  _Lcd_Init
  _Lcd_Out
  L_end__Mul_8x8_U
  L_end__Mul_16x16_U
  L_end__Div_8x8_U
  L__Div_8x8_U3
  L__Div_8x8_U4
  L__Div_8x8_U5
  L_end__Div_16x16_U
  L_end__Mul_8x8_S
  L_end__Mul_16x16_S
  L_end__Div_16x16_S_L
  L_end__Div_16x16_S
  L__Div_16x16_S11
  L__Div_16x16_S12
  L__Div_16x16_S13
  L__Div_16x16_S14
  L__Div_16x16_S15
  L__Div_16x16_S16
  L_end__Div_8x8_S
  L_end__SDIV3232L
  LOOPS3232A
  SADD22LA
  SOK22LA
  SADD22L8
  SOK22L8
  LOOPS3232B
  SADD22LB
  SOK22LB
  SADD22L16
  SOK22L16
  LOOPS3232C
  SADD22LC
  SOK22LC
  SADD22L24
  SOK22L24
  LOOPS3232D
  SADD22LD
  SOK22LD
  SOK22L
  L_end__COMFREM
  L_end__Div_32x32_S
  L__Div_32x32_S25
  L__Div_32x32_S26
  L__Div_32x32_S27
  L__Div_32x32_S28
  L__Div_32x32_S29
  L__Div_32x32_S30
  L__Div_32x32_S31
  L__Div_32x32_S32
  L__Div_32x32_S33
  L__Div_32x32_S34
  L__Div_32x32_S35
  L__Div_32x32_S36
  FXD3232S
  END_ALL
  CA3232S
  C3232SX
  C3232SX1
  C3232S
  C3232S2
  C3232SX4
  C3232SOK
  C3232SX3
  C3232SX2
  avoid_comfrem
  L_end__Div_32x32_U
  LOOPU3232A
  UADD22LA
  UOK22LA
  UADD22L8
  UOK22L8
  LOOPU3232B
  UADD22LB
  UOK22LB
  UADD22L16
  UOK22L16
  LOOPU3232C
  UADD22LC
  UOK22LC
  UADD22L24
  UOK22L24
  LOOPU3232D
  UADD22LD
  UOK22LD
  UOK22L
  L_end__Mul_32x32_U
  _NEXT
  _EXIT2
  _LOOP
  _EXIT1
  L_end__Mul_32x32_S
  _IF_FIRST
  _IF_SECOND
  _INVERCE_FIRST
  _MULT
  _INBERSE_SECOND
  _EXIT
  _Mul_8x8_U
  _Mul_16x16_U
  _Div_8x8_U
  _Div_16x16_U
  _Mul_8x8_S
  _Mul_16x16_S
  _Div_16x16_S_L
  _Div_16x16_S
  _Div_8x8_S
  _SDIV3232L
  _COMFREM
  _Div_32x32_S
  _Div_32x32_U
  _Mul_32x32_U
  _Mul_32x32_S
