;  LST file generated by mikroListExporter - v.2.0 
; Date/Time: 18/09/2014 14:04:13
;----------------------------------------------

;Address Opcode 	ASM
0x0000	0x2888      	GOTO       136
_I2C1_Is_Idle:
;__Lib_I2C_c34.mpas,28 :: 		
;__Lib_I2C_c34.mpas,29 :: 		
0x0003	0x1283      	BCF        STATUS, 5
0x0004	0x1303      	BCF        STATUS, 6
0x0005	0x01F2      	CLRF       R2
;__Lib_I2C_c34.mpas,30 :: 		
0x0006	0x1683      	BSF        STATUS, 5
0x0007	0x1914      	BTFSC      SSPSTAT, 2
0x0008	0x2812      	GOTO       L__I2C1_Is_Idle3
;__Lib_I2C_c34.mpas,31 :: 		
0x0009	0x301F      	MOVLW      31
0x000A	0x0511      	ANDWF      SSPCON2, 0
0x000B	0x00F1      	MOVWF      R1
0x000C	0x0871      	MOVF       R1, 0
0x000D	0x3A00      	XORLW      0
0x000E	0x1D03      	BTFSS      STATUS, 2
0x000F	0x2812      	GOTO       L__I2C1_Is_Idle6
;__Lib_I2C_c34.mpas,32 :: 		
0x0010	0x30FF      	MOVLW      255
0x0011	0x00F2      	MOVWF      R2
L__I2C1_Is_Idle6:
L__I2C1_Is_Idle3:
;__Lib_I2C_c34.mpas,33 :: 		
0x0012	0x0872      	MOVF       R2, 0
0x0013	0x00F0      	MOVWF      R0
0x0014	0x0008      	RETURN
; end of _I2C1_Is_Idle
_I2C1_Init:
;__Lib_I2C_c34.mpas,16 :: 		
;__Lib_I2C_c34.mpas,17 :: 		
0x0015	0x1683      	BSF        STATUS, 5
0x0016	0x1303      	BCF        STATUS, 6
0x0017	0x1314      	BCF        SSPSTAT, 6
;__Lib_I2C_c34.mpas,18 :: 		
0x0018	0x1394      	BCF        SSPSTAT, 7
;__Lib_I2C_c34.mpas,19 :: 		
0x0019	0x1607      	BSF        TRISC4_bit, 4
;__Lib_I2C_c34.mpas,20 :: 		
0x001A	0x1587      	BSF        TRISC3_bit, 3
;__Lib_I2C_c34.mpas,21 :: 		
0x001B	0x3038      	MOVLW      56
0x001C	0x1283      	BCF        STATUS, 5
0x001D	0x0094      	MOVWF      SSPCON
;__Lib_I2C_c34.mpas,23 :: 		
0x001E	0x0008      	RETURN
; end of _I2C1_Init
_I2C1_Start:
;__Lib_I2C_c34.mpas,38 :: 		
;__Lib_I2C_c34.mpas,39 :: 		
0x001F	0x1283      	BCF        STATUS, 5
0x0020	0x1303      	BCF        STATUS, 6
0x0021	0x01A4      	CLRF       I2C1_Start_j
0x0022	0x01A5      	CLRF       I2C1_Start_j+1
L__I2C1_Start10:
;__Lib_I2C_c34.mpas,40 :: 		
0x0023	0x2003      	CALL       _I2C1_Is_Idle
0x0024	0x0870      	MOVF       R0, 0
0x0025	0x3A00      	XORLW      0
0x0026	0x1903      	BTFSC      STATUS, 2
0x0027	0x2829      	GOTO       L__I2C1_Start15
;__Lib_I2C_c34.mpas,41 :: 		
0x0028	0x2836      	GOTO       L__I2C1_Start13
L__I2C1_Start15:
0x0029	0x1283      	BCF        STATUS, 5
0x002A	0x0825      	MOVF       I2C1_Start_j+1, 0
0x002B	0x3A12      	XORLW      18
0x002C	0x1D03      	BTFSS      STATUS, 2
0x002D	0x2830      	GOTO       L__I2C1_Start60
0x002E	0x308E      	MOVLW      142
0x002F	0x0624      	XORWF      I2C1_Start_j, 0
L__I2C1_Start60:
0x0030	0x1903      	BTFSC      STATUS, 2
0x0031	0x2836      	GOTO       L__I2C1_Start13
0x0032	0x0AA4      	INCF       I2C1_Start_j, 1
0x0033	0x1903      	BTFSC      STATUS, 2
0x0034	0x0AA5      	INCF       I2C1_Start_j+1, 1
0x0035	0x2823      	GOTO       L__I2C1_Start10
L__I2C1_Start13:
0x0036	0x1283      	BCF        STATUS, 5
;__Lib_I2C_c34.mpas,43 :: 		
0x0037	0x3012      	MOVLW      18
0x0038	0x0225      	SUBWF      I2C1_Start_j+1, 0
0x0039	0x1D03      	BTFSS      STATUS, 2
0x003A	0x283D      	GOTO       L__I2C1_Start61
0x003B	0x308F      	MOVLW      143
0x003C	0x0224      	SUBWF      I2C1_Start_j, 0
L__I2C1_Start61:
0x003D	0x1C03      	BTFSS      STATUS, 0
0x003E	0x2842      	GOTO       L__I2C1_Start18
;__Lib_I2C_c34.mpas,44 :: 		
0x003F	0x307B      	MOVLW      123
0x0040	0x00A3      	MOVWF      I2C1_Start_local_result
0x0041	0x284A      	GOTO       L__I2C1_Start19
;__Lib_I2C_c34.mpas,45 :: 		
L__I2C1_Start18:
;__Lib_I2C_c34.mpas,47 :: 		
0x0042	0x1683      	BSF        STATUS, 5
0x0043	0x1411      	BSF        SSPCON2, 0
;__Lib_I2C_c34.mpas,48 :: 		
L__I2C1_Start21:
0x0044	0x1C11      	BTFSS      SSPCON2, 0
0x0045	0x2848      	GOTO       L__I2C1_Start22
0x0046	0x0000      	NOP
0x0047	0x2844      	GOTO       L__I2C1_Start21
L__I2C1_Start22:
;__Lib_I2C_c34.mpas,49 :: 		
0x0048	0x1283      	BCF        STATUS, 5
0x0049	0x01A3      	CLRF       I2C1_Start_local_result
;__Lib_I2C_c34.mpas,50 :: 		
L__I2C1_Start19:
;__Lib_I2C_c34.mpas,51 :: 		
0x004A	0x0823      	MOVF       I2C1_Start_local_result, 0
0x004B	0x00F0      	MOVWF      R0
0x004C	0x0008      	RETURN
; end of _I2C1_Start
_UART1_Write:
;__Lib_UART_c67.mpas,72 :: 		
;__Lib_UART_c67.mpas,73 :: 		
L__UART1_Write14:
0x004D	0x1683      	BSF        STATUS, 5
0x004E	0x1303      	BCF        STATUS, 6
0x004F	0x1898      	BTFSC      TXSTA, 1
0x0050	0x2853      	GOTO       L__UART1_Write15
0x0051	0x0000      	NOP
0x0052	0x284D      	GOTO       L__UART1_Write14
L__UART1_Write15:
;__Lib_UART_c67.mpas,74 :: 		
0x0053	0x1283      	BCF        STATUS, 5
0x0054	0x0823      	MOVF       FARG_UART1_Write_data_, 0
0x0055	0x0099      	MOVWF      TXREG
;__Lib_UART_c67.mpas,75 :: 		
0x0056	0x0008      	RETURN
; end of _UART1_Write
_UART1_Init:
;__Lib_UART_c67.mpas,33 :: 		
;__Lib_UART_c67.mpas,34 :: 		
0x0057	0x1683      	BSF        STATUS, 5
0x0058	0x1303      	BCF        STATUS, 6
0x0059	0x1698      	BSF        TXSTA, 5
;__Lib_UART_c67.mpas,35 :: 		
0x005A	0x3090      	MOVLW      144
0x005B	0x1283      	BCF        STATUS, 5
0x005C	0x0098      	MOVWF      RCSTA
;__Lib_UART_c67.mpas,36 :: 		
0x005D	0x1683      	BSF        STATUS, 5
0x005E	0x1787      	BSF        TRISC7_bit, 7
;__Lib_UART_c67.mpas,37 :: 		
0x005F	0x1307      	BCF        TRISC6_bit, 6
;__Lib_UART_c67.mpas,38 :: 		
L__UART1_Init2:
0x0060	0x1283      	BCF        STATUS, 5
0x0061	0x1E8C      	BTFSS      PIR1, 5
0x0062	0x2866      	GOTO       L__UART1_Init3
;__Lib_UART_c67.mpas,39 :: 		
0x0063	0x081A      	MOVF       RCREG, 0
0x0064	0x00F0      	MOVWF      R0
0x0065	0x2860      	GOTO       L__UART1_Init2
L__UART1_Init3:
;__Lib_UART_c67.mpas,40 :: 		
0x0066	0x0008      	RETURN
; end of _UART1_Init
_I2C1_Rd:
;__Lib_I2C_c34.mpas,63 :: 		
;__Lib_I2C_c34.mpas,65 :: 		
0x0067	0x1283      	BCF        STATUS, 5
0x0068	0x1303      	BCF        STATUS, 6
0x0069	0x118C      	BCF        PIR1, 3
;__Lib_I2C_c34.mpas,66 :: 		
0x006A	0x1683      	BSF        STATUS, 5
0x006B	0x1591      	BSF        SSPCON2, 3
;__Lib_I2C_c34.mpas,67 :: 		
L__I2C1_Rd33:
0x006C	0x1283      	BCF        STATUS, 5
0x006D	0x198C      	BTFSC      PIR1, 3
0x006E	0x2871      	GOTO       L__I2C1_Rd34
0x006F	0x0000      	NOP
0x0070	0x286C      	GOTO       L__I2C1_Rd33
L__I2C1_Rd34:
;__Lib_I2C_c34.mpas,69 :: 		
0x0071	0x0813      	MOVF       SSPBUF, 0
0x0072	0x00F1      	MOVWF      R1
;__Lib_I2C_c34.mpas,70 :: 		
0x0073	0x1683      	BSF        STATUS, 5
0x0074	0x1291      	BCF        SSPCON2, 5
;__Lib_I2C_c34.mpas,71 :: 		
0x0075	0x1283      	BCF        STATUS, 5
0x0076	0x0823      	MOVF       FARG_I2C1_Rd_ack, 0
0x0077	0x3A00      	XORLW      0
0x0078	0x1D03      	BTFSS      STATUS, 2
0x0079	0x287C      	GOTO       L__I2C1_Rd38
;__Lib_I2C_c34.mpas,72 :: 		
0x007A	0x1683      	BSF        STATUS, 5
0x007B	0x1691      	BSF        SSPCON2, 5
L__I2C1_Rd38:
;__Lib_I2C_c34.mpas,74 :: 		
0x007C	0x1283      	BCF        STATUS, 5
0x007D	0x118C      	BCF        PIR1, 3
;__Lib_I2C_c34.mpas,75 :: 		
0x007E	0x1683      	BSF        STATUS, 5
0x007F	0x1611      	BSF        SSPCON2, 4
;__Lib_I2C_c34.mpas,76 :: 		
L__I2C1_Rd41:
0x0080	0x1283      	BCF        STATUS, 5
0x0081	0x198C      	BTFSC      PIR1, 3
0x0082	0x2885      	GOTO       L__I2C1_Rd42
0x0083	0x0000      	NOP
0x0084	0x2880      	GOTO       L__I2C1_Rd41
L__I2C1_Rd42:
;__Lib_I2C_c34.mpas,77 :: 		
0x0085	0x0871      	MOVF       R1, 0
0x0086	0x00F0      	MOVWF      R0
0x0087	0x0008      	RETURN
; end of _I2C1_Rd
_main:
;I2CRX.mbas,3 :: 		main:
;I2CRX.mbas,4 :: 		OSCCON = 0X75
0x0088	0x3075      	MOVLW      117
0x0089	0x1683      	BSF        STATUS, 5
0x008A	0x1303      	BCF        STATUS, 6
0x008B	0x008F      	MOVWF      OSCCON
;I2CRX.mbas,6 :: 		ANSEL  = 0               ' Configure AN pins as digital I/O
0x008C	0x1703      	BSF        STATUS, 6
0x008D	0x0188      	CLRF       ANSEL
;I2CRX.mbas,7 :: 		ANSELH = 0
0x008E	0x0189      	CLRF       ANSELH
;I2CRX.mbas,8 :: 		PORTA = 0
0x008F	0x1283      	BCF        STATUS, 5
0x0090	0x1303      	BCF        STATUS, 6
0x0091	0x0185      	CLRF       PORTA
;I2CRX.mbas,9 :: 		TRISA = 0
0x0092	0x1683      	BSF        STATUS, 5
0x0093	0x0185      	CLRF       TRISA
;I2CRX.mbas,10 :: 		PORTB = 0
0x0094	0x1283      	BCF        STATUS, 5
0x0095	0x0186      	CLRF       PORTB
;I2CRX.mbas,11 :: 		TRISB = 0
0x0096	0x1683      	BSF        STATUS, 5
0x0097	0x0186      	CLRF       TRISB
;I2CRX.mbas,12 :: 		PORTC = 0
0x0098	0x1283      	BCF        STATUS, 5
0x0099	0x0187      	CLRF       PORTC
;I2CRX.mbas,13 :: 		TRISC = 0
0x009A	0x1683      	BSF        STATUS, 5
0x009B	0x0187      	CLRF       TRISC
;I2CRX.mbas,14 :: 		I2C1_Init(100000)        ' initialize I2C communication
0x009C	0x3014      	MOVLW      20
0x009D	0x0093      	MOVWF      SSPADD
0x009E	0x2015      	CALL       _I2C1_Init
;I2CRX.mbas,15 :: 		I2C1_Start()             ' issue I2C start signal
0x009F	0x201F      	CALL       _I2C1_Start
;I2CRX.mbas,16 :: 		UART1_Init(9600)
0x00A0	0x3033      	MOVLW      51
0x00A1	0x1683      	BSF        STATUS, 5
0x00A2	0x0099      	MOVWF      SPBRG
0x00A3	0x1518      	BSF        TXSTA, 2
0x00A4	0x2057      	CALL       _UART1_Init
;I2CRX.mbas,18 :: 		while 1
L__main2:
;I2CRX.mbas,19 :: 		DATO = I2C1_Rd(0)
0x00A5	0x01A3      	CLRF       FARG_I2C1_Rd_ack
0x00A6	0x2067      	CALL       _I2C1_Rd
0x00A7	0x0870      	MOVF       R0, 0
0x00A8	0x00A2      	MOVWF      _DATO
;I2CRX.mbas,23 :: 		UART1_Write(DATO)
0x00A9	0x0870      	MOVF       R0, 0
0x00AA	0x00A3      	MOVWF      FARG_UART1_Write_data_
0x00AB	0x204D      	CALL       _UART1_Write
;I2CRX.mbas,25 :: 		Delay_ms(200)
0x00AC	0x3003      	MOVLW      3
0x00AD	0x00FB      	MOVWF      R11
0x00AE	0x3008      	MOVLW      8
0x00AF	0x00FC      	MOVWF      R12
0x00B0	0x3077      	MOVLW      119
0x00B1	0x00FD      	MOVWF      R13
L__main6:
0x00B2	0x0BFD      	DECFSZ     R13, 1
0x00B3	0x28B2      	GOTO       L__main6
0x00B4	0x0BFC      	DECFSZ     R12, 1
0x00B5	0x28B2      	GOTO       L__main6
0x00B6	0x0BFB      	DECFSZ     R11, 1
0x00B7	0x28B2      	GOTO       L__main6
;I2CRX.mbas,26 :: 		wend
0x00B8	0x28A5      	GOTO       L__main2
0x00B9	0x28B9      	GOTO       $+0
; end of _main
Symbol List:
//** Routines locations **
//ADDRESS    SIZE    PROCEDURE
//----------------------------------------------
0x0003      [18]    _I2C1_Is_Idle
0x0015      [10]    _I2C1_Init
0x001F      [46]    _I2C1_Start
0x004D      [10]    _UART1_Write
0x0057      [16]    _UART1_Init
0x0067      [33]    _I2C1_Rd
0x0088      [50]    _main
//** Variables locations ** 
//ADDRESS    SIZE    VARIABLE
//----------------------------------------------
0x0000       [1]    INDF
0x0001       [1]    TMR0
0x0002       [1]    PCL
0x0003       [0]    Z_bit
0x0003       [0]    NOT_PD_bit
0x0003       [0]    C_bit
0x0003       [0]    DC_bit
0x0003       [0]    NOT_TO_bit
0x0003       [0]    IRP_bit
0x0003       [1]    STATUS
0x0003       [0]    RP0_bit
0x0003       [0]    RP1_bit
0x0004       [1]    FSRPTR
0x0004       [1]    FSR
0x0005       [0]    RA1_bit
0x0005       [0]    RA0_bit
0x0005       [1]    PORTA
0x0005       [0]    RA5_bit
0x0005       [0]    RA6_bit
0x0005       [0]    RA7_bit
0x0005       [0]    RA3_bit
0x0005       [0]    RA2_bit
0x0005       [0]    RA4_bit
0x0006       [0]    RB2_bit
0x0006       [0]    RB3_bit
0x0006       [0]    RB0_bit
0x0006       [0]    RB1_bit
0x0006       [0]    RB6_bit
0x0006       [1]    PORTB
0x0006       [0]    RB7_bit
0x0006       [0]    RB4_bit
0x0006       [0]    RB5_bit
0x0007       [1]    PORTC
0x0007       [0]    RC7_bit
0x0007       [0]    RC4_bit
0x0007       [0]    RC2_bit
0x0007       [0]    RC3_bit
0x0007       [0]    RC1_bit
0x0007       [0]    RC0_bit
0x0007       [0]    RC6_bit
0x0007       [0]    RC5_bit
0x0009       [1]    PORTE
0x0009       [0]    RE3_bit
0x000A       [1]    PCLATH
0x000B       [0]    TMR0IE_bit
0x000B       [0]    INTE_bit
0x000B       [0]    TMR0IF_bit
0x000B       [0]    INTF_bit
0x000B       [0]    RBIE_bit
0x000B       [0]    T0IF_bit
0x000B       [0]    RBIF_bit
0x000B       [1]    INTCON
0x000B       [0]    GIE_bit
0x000B       [0]    T0IE_bit
0x000B       [0]    PEIE_bit
0x000C       [1]    PIR1
0x000C       [0]    TMR1IF_bit
0x000C       [0]    TXIF_bit
0x000C       [0]    RCIF_bit
0x000C       [0]    ADIF_bit
0x000C       [0]    TMR2IF_bit
0x000C       [0]    CCP1IF_bit
0x000C       [0]    SSPIF_bit
0x000D       [0]    ULPWUIF_bit
0x000D       [0]    BCLIF_bit
0x000D       [1]    PIR2
0x000D       [0]    CCP2IF_bit
0x000D       [0]    C2IF_bit
0x000D       [0]    OSFIF_bit
0x000D       [0]    EEIF_bit
0x000D       [0]    C1IF_bit
0x000E       [1]    TMR1L
0x000F       [1]    TMR1H
0x0010       [0]    T1CKPS1_bit
0x0010       [0]    T1GINV_bit
0x0010       [1]    T1CON
0x0010       [0]    TMR1GE_bit
0x0010       [0]    T1OSCEN_bit
0x0010       [0]    T1INSYNC_bit
0x0010       [0]    NOT_T1SYNC_bit
0x0010       [0]    T1SYNC_bit
0x0010       [0]    TMR1ON_bit
0x0010       [0]    TMR1CS_bit
0x0010       [0]    T1CKPS0_bit
0x0011       [1]    TMR2
0x0012       [0]    TMR2ON_bit
0x0012       [0]    TOUTPS1_bit
0x0012       [1]    T2CON
0x0012       [0]    TOUTPS3_bit
0x0012       [0]    TOUTPS0_bit
0x0012       [0]    T2CKPS0_bit
0x0012       [0]    TOUTPS2_bit
0x0012       [0]    T2CKPS1_bit
0x0013       [1]    SSPBUF
0x0014       [0]    SSPM2_bit
0x0014       [0]    CKP_bit
0x0014       [0]    SSPM1_bit
0x0014       [0]    SSPEN_bit
0x0014       [1]    SSPCON
0x0014       [0]    WCOL_bit
0x0014       [0]    SSPM0_bit
0x0014       [0]    SSPM3_bit
0x0014       [0]    SSPOV_bit
0x0015       [1]    CCPR1L
0x0015       [2]    CCPR1
0x0016       [1]    CCPR1H
0x0017       [0]    P1M1_bit
0x0017       [0]    DC1B1_bit
0x0017       [0]    P1M0_bit
0x0017       [1]    CCP1CON
0x0017       [0]    CCP1M2_bit
0x0017       [0]    CCP1M1_bit
0x0017       [0]    DC1B0_bit
0x0017       [0]    CCP1Y_bit
0x0017       [0]    CCP1M0_bit
0x0017       [0]    CCP1M3_bit
0x0017       [0]    CCP1X_bit
0x0018       [0]    ADDEN_bit
0x0018       [0]    RX9D_bit
0x0018       [0]    RCD8_bit
0x0018       [0]    OERR_bit
0x0018       [0]    FERR_bit
0x0018       [1]    RCSTA
0x0018       [0]    RC9_bit
0x0018       [0]    RX9_bit
0x0018       [0]    SREN_bit
0x0018       [0]    RC8_9_bit
0x0018       [0]    NOT_RC8_bit
0x0018       [0]    SPEN_bit
0x0018       [0]    CREN_bit
0x0019       [1]    TXREG
0x001A       [1]    RCREG
0x001B       [2]    CCPR2
0x001B       [1]    CCPR2L
0x001C       [1]    CCPR2H
0x001D       [0]    CCP2Y_bit
0x001D       [0]    CCP2X_bit
0x001D       [0]    DC2B0_bit
0x001D       [1]    CCP2CON
0x001D       [0]    CCP2M3_bit
0x001D       [0]    CCP2M2_bit
0x001D       [0]    CCP2M1_bit
0x001D       [0]    DC2B1_bit
0x001D       [0]    CCP2M0_bit
0x001E       [1]    ADRESH
0x001F       [0]    CHS0_bit
0x001F       [0]    ADCS1_bit
0x001F       [0]    NOT_DONE_bit
0x001F       [0]    GO_bit
0x001F       [0]    CHS2_bit
0x001F       [0]    CHS3_bit
0x001F       [1]    ADCON0
0x001F       [0]    ADCS0_bit
0x001F       [0]    CHS1_bit
0x001F       [0]    GO_DONE_bit
0x001F       [0]    ADON_bit
0x0020       [2]    ___DoICPAddr
0x0022       [1]    _DATO
0x0023       [1]    FARG_UART1_Write_data_
0x0023       [1]    FARG_I2C1_Rd_ack
0x0023       [4]    FARG_I2C1_Init_clock
0x0023       [1]    I2C1_Start_local_result
0x0024       [2]    I2C1_Start_j
0x0070       [1]    R0
0x0071       [1]    R1
0x0072       [1]    R2
0x0073       [1]    R3
0x0074       [1]    R4
0x0075       [1]    R5
0x0076       [1]    R6
0x0077       [1]    R7
0x0078       [1]    R8
0x0079       [1]    R9
0x007A       [1]    R10
0x007B       [1]    R11
0x007C       [1]    R12
0x007D       [1]    R13
0x007E       [1]    R14
0x007F       [1]    R15
0x0081       [0]    PSA_bit
0x0081       [0]    T0SE_bit
0x0081       [0]    PS2_bit
0x0081       [0]    PS0_bit
0x0081       [0]    PS1_bit
0x0081       [0]    T0CS_bit
0x0081       [0]    NOT_RBPU_bit
0x0081       [1]    OPTION_REG
0x0081       [0]    INTEDG_bit
0x0085       [0]    TRISA3_bit
0x0085       [0]    TRISA4_bit
0x0085       [0]    TRISA1_bit
0x0085       [0]    TRISA0_bit
0x0085       [0]    TRISA2_bit
0x0085       [0]    TRISA7_bit
0x0085       [1]    TRISA
0x0085       [0]    TRISA5_bit
0x0085       [0]    TRISA6_bit
0x0086       [0]    TRISB2_bit
0x0086       [0]    TRISB3_bit
0x0086       [0]    TRISB0_bit
0x0086       [0]    TRISB1_bit
0x0086       [0]    TRISB4_bit
0x0086       [0]    TRISB7_bit
0x0086       [1]    TRISB
0x0086       [0]    TRISB5_bit
0x0086       [0]    TRISB6_bit
0x0087       [0]    TRISC4_bit
0x0087       [0]    TRISC3_bit
0x0087       [0]    TRISC2_bit
0x0087       [0]    TRISC7_bit
0x0087       [0]    TRISC6_bit
0x0087       [0]    TRISC5_bit
0x0087       [1]    TRISC
0x0087       [0]    TRISC0_bit
0x0087       [0]    TRISC1_bit
0x0089       [0]    TRISE3_bit
0x0089       [1]    TRISE
0x008C       [0]    RCIE_bit
0x008C       [0]    TXIE_bit
0x008C       [1]    PIE1
0x008C       [0]    ADIE_bit
0x008C       [0]    TMR2IE_bit
0x008C       [0]    TMR1IE_bit
0x008C       [0]    SSPIE_bit
0x008C       [0]    CCP1IE_bit
0x008D       [1]    PIE2
0x008D       [0]    BCLIE_bit
0x008D       [0]    ULPWUIE_bit
0x008D       [0]    CCP2IE_bit
0x008D       [0]    EEIE_bit
0x008D       [0]    OSFIE_bit
0x008D       [0]    C2IE_bit
0x008D       [0]    C1IE_bit
0x008E       [0]    NOT_BO_bit
0x008E       [0]    NOT_BOR_bit
0x008E       [1]    PCON
0x008E       [0]    ULPWUE_bit
0x008E       [0]    SBOREN_bit
0x008E       [0]    NOT_POR_bit
0x008F       [0]    LTS_bit
0x008F       [0]    SCS_bit
0x008F       [1]    OSCCON
0x008F       [0]    HTS_bit
0x008F       [0]    IRCF1_bit
0x008F       [0]    IRCF2_bit
0x008F       [0]    OSTS_bit
0x008F       [0]    IRCF0_bit
0x0090       [0]    TUN0_bit
0x0090       [1]    OSCTUNE
0x0090       [0]    TUN3_bit
0x0090       [0]    TUN4_bit
0x0090       [0]    TUN1_bit
0x0090       [0]    TUN2_bit
0x0091       [0]    RSEN_bit
0x0091       [0]    SEN_bit
0x0091       [1]    SSPCON2
0x0091       [0]    ACKSTAT_bit
0x0091       [0]    ACKDT_bit
0x0091       [0]    ACKEN_bit
0x0091       [0]    PEN_bit
0x0091       [0]    RCEN_bit
0x0091       [0]    GCEN_bit
0x0092       [1]    PR2
0x0093       [1]    MSK
0x0093       [1]    SSPMSK
0x0093       [1]    SSPADD
0x0094       [0]    READ_WRITE_bit
0x0094       [0]    R_W_bit
0x0094       [0]    NOT_WRITE_bit
0x0094       [1]    SSPSTAT
0x0094       [0]    BF_bit
0x0094       [0]    UA_bit
0x0094       [0]    NOT_W_bit
0x0094       [0]    NOT_A_bit
0x0094       [0]    NOT_ADDRESS_bit
0x0094       [0]    D_A_bit
0x0094       [0]    I2C_DATA_bit
0x0094       [0]    SMP_bit
0x0094       [0]    CKE_bit
0x0094       [0]    D_bit
0x0094       [0]    DATA_ADDRESS_bit
0x0094       [0]    I2C_START__bit
0x0094       [0]    R_bit
0x0094       [0]    I2C_READ_bit
0x0094       [0]    S_bit
0x0094       [0]    P_bit
0x0094       [0]    I2C_STOP__bit
0x0095       [1]    WPUB
0x0095       [0]    WPUB5_bit
0x0095       [0]    WPUB4_bit
0x0095       [0]    WPUB7_bit
0x0095       [0]    WPUB6_bit
0x0095       [0]    WPUB0_bit
0x0095       [0]    WPUB1_bit
0x0095       [0]    WPUB3_bit
0x0095       [0]    WPUB2_bit
0x0096       [0]    IOCB6_bit
0x0096       [0]    IOCB3_bit
0x0096       [0]    IOCB7_bit
0x0096       [0]    IOCB5_bit
0x0096       [0]    IOCB4_bit
0x0096       [0]    IOCB0_bit
0x0096       [1]    IOCB
0x0096       [0]    IOCB2_bit
0x0096       [0]    IOCB1_bit
0x0097       [1]    VRCON
0x0097       [0]    VRR_bit
0x0097       [0]    VRSS_bit
0x0097       [0]    VREN_bit
0x0097       [0]    VROE_bit
0x0097       [0]    VR1_bit
0x0097       [0]    VR0_bit
0x0097       [0]    VR3_bit
0x0097       [0]    VR2_bit
0x0098       [1]    TXSTA
0x0098       [0]    TX8_9_bit
0x0098       [0]    TXEN_bit
0x0098       [0]    SYNC_bit
0x0098       [0]    CSRC_bit
0x0098       [0]    TX9_bit
0x0098       [0]    NOT_TX8_bit
0x0098       [0]    TX9D_bit
0x0098       [0]    TXD8_bit
0x0098       [0]    TRMT_bit
0x0098       [0]    SENDB_bit
0x0098       [0]    BRGH_bit
0x0099       [1]    SPBRG
0x0099       [0]    BRG2_bit
0x0099       [0]    BRG3_bit
0x0099       [0]    BRG0_bit
0x0099       [0]    BRG1_bit
0x0099       [0]    BRG6_bit
0x0099       [0]    BRG7_bit
0x0099       [0]    BRG4_bit
0x0099       [0]    BRG5_bit
0x009A       [0]    BRG8_bit
0x009A       [0]    BRG10_bit
0x009A       [1]    SPBRGH
0x009A       [0]    BRG9_bit
0x009A       [0]    BRG11_bit
0x009A       [0]    BRG14_bit
0x009A       [0]    BRG15_bit
0x009A       [0]    BRG12_bit
0x009A       [0]    BRG13_bit
0x009B       [1]    PWM1CON
0x009B       [0]    PDC4_bit
0x009B       [0]    PDC5_bit
0x009B       [0]    PDC6_bit
0x009B       [0]    PDC3_bit
0x009B       [0]    PDC0_bit
0x009B       [0]    PDC1_bit
0x009B       [0]    PDC2_bit
0x009B       [0]    PRSEN_bit
0x009C       [0]    PSSAC1_bit
0x009C       [0]    ECCPAS0_bit
0x009C       [0]    ECCPAS1_bit
0x009C       [0]    PSSAC0_bit
0x009C       [0]    PSSBD0_bit
0x009C       [1]    ECCPAS
0x009C       [0]    PSSBD1_bit
0x009C       [0]    ECCPAS2_bit
0x009C       [0]    ECCPASE_bit
0x009D       [0]    STRB_bit
0x009D       [1]    PSTRCON
0x009D       [0]    STRA_bit
0x009D       [0]    STRD_bit
0x009D       [0]    STRSYNC_bit
0x009D       [0]    STRC_bit
0x009E       [1]    ADRESL
0x009F       [0]    ADFM_bit
0x009F       [0]    VCFG1_bit
0x009F       [0]    VCFG0_bit
0x009F       [1]    ADCON1
0x0105       [0]    WDTPS1_bit
0x0105       [0]    WDTPS0_bit
0x0105       [0]    SWDTEN_bit
0x0105       [1]    WDTCON
0x0105       [0]    WDTPS3_bit
0x0105       [0]    WDTPS2_bit
0x0107       [0]    C1R_bit
0x0107       [0]    C1CH1_bit
0x0107       [0]    C1CH0_bit
0x0107       [0]    C1POL_bit
0x0107       [0]    C1ON_bit
0x0107       [0]    C1OUT_bit
0x0107       [0]    C1OE_bit
0x0107       [1]    CM1CON0
0x0108       [0]    C2R_bit
0x0108       [0]    C2POL_bit
0x0108       [0]    C2CH0_bit
0x0108       [0]    C2CH1_bit
0x0108       [0]    C2ON_bit
0x0108       [1]    CM2CON0
0x0108       [0]    C2OE_bit
0x0108       [0]    C2OUT_bit
0x0109       [0]    C2RSEL_bit
0x0109       [0]    T1GSS_bit
0x0109       [0]    C2SYNC_bit
0x0109       [0]    MC1OUT_bit
0x0109       [0]    MC2OUT_bit
0x0109       [0]    C1RSEL_bit
0x0109       [1]    CM2CON1
0x010C       [1]    EEDATA
0x010C       [1]    EEDAT
0x010D       [1]    EEADR
0x010E       [1]    EEDATH
0x010F       [1]    EEADRH
0x0185       [0]    SR1_bit
0x0185       [0]    SR0_bit
0x0185       [0]    PULSS_bit
0x0185       [0]    PULSR_bit
0x0185       [0]    FVREN_bit
0x0185       [1]    SRCON
0x0185       [0]    C1SEN_bit
0x0185       [0]    C2REN_bit
0x0187       [0]    ABDOVF_bit
0x0187       [0]    RCIDL_bit
0x0187       [0]    SCKP_bit
0x0187       [1]    BAUDCTL
0x0187       [0]    ABDEN_bit
0x0187       [0]    WUE_bit
0x0187       [0]    BRG16_bit
0x0188       [0]    ANS1_bit
0x0188       [0]    ANS3_bit
0x0188       [0]    ANS2_bit
0x0188       [0]    ANS4_bit
0x0188       [0]    ANS0_bit
0x0188       [1]    ANSEL
0x0189       [0]    ANS13_bit
0x0189       [0]    ANS12_bit
0x0189       [0]    ANS8_bit
0x0189       [1]    ANSELH
0x0189       [0]    ANS9_bit
0x0189       [0]    ANS11_bit
0x0189       [0]    ANS10_bit
0x018C       [0]    RD_bit
0x018C       [1]    EECON1
0x018C       [0]    WR_bit
0x018C       [0]    EEPGD_bit
0x018C       [0]    WRERR_bit
0x018C       [0]    WREN_bit
0x018D       [1]    EECON2
//** Label List: ** 
//----------------------------------------------
  L_end__main
  L__main1
  L__main2
  L__main3
  L__main4
  L__main5
  L__main6
  _main
  L_end__I2C1_Init
  L_end__I2C1_Is_Idle
  L__I2C1_Is_Idle2
  L__I2C1_Is_Idle3
  L__I2C1_Is_Idle4
  L__I2C1_Is_Idle5
  L__I2C1_Is_Idle6
  L__I2C1_Is_Idle7
  L_end__I2C1_Start
  L__I2C1_Start9
  L__I2C1_Start10
  L__I2C1_Start11
  L__I2C1_Start12
  L__I2C1_Start13
  L__I2C1_Start14
  L__I2C1_Start15
  L__I2C1_Start16
  L__I2C1_Start17
  L__I2C1_Start18
  L__I2C1_Start19
  L__I2C1_Start20
  L__I2C1_Start21
  L__I2C1_Start22
  L__I2C1_Start23
  L__I2C1_Start24
  L_end__I2C1_Repeated_Start
  L__I2C1_Repeated_Start26
  L__I2C1_Repeated_Start27
  L__I2C1_Repeated_Start28
  L__I2C1_Repeated_Start29
  L__I2C1_Repeated_Start30
  L_end__I2C1_Rd
  L__I2C1_Rd32
  L__I2C1_Rd33
  L__I2C1_Rd34
  L__I2C1_Rd35
  L__I2C1_Rd36
  L__I2C1_Rd37
  L__I2C1_Rd38
  L__I2C1_Rd39
  L__I2C1_Rd40
  L__I2C1_Rd41
  L__I2C1_Rd42
  L__I2C1_Rd43
  L__I2C1_Rd44
  L_end__I2C1_Wr
  L__I2C1_Wr46
  L__I2C1_Wr47
  L__I2C1_Wr48
  L__I2C1_Wr49
  L__I2C1_Wr50
  L__I2C1_Wr51
  L__I2C1_Wr52
  L__I2C1_Wr53
  L__I2C1_Wr54
  L__I2C1_Wr55
  L__I2C1_Wr56
  L__I2C1_Wr57
  L__I2C1_Wr58
  L_end__I2C1_Stop
  _I2C1_Init
  _I2C1_Is_Idle
  _I2C1_Start
  L__I2C1_Start60
  L__I2C1_Start61
  _I2C1_Repeated_Start
  _I2C1_Rd
  _I2C1_Wr
  _I2C1_Stop
  L_end__UART1_Init
  L__UART1_Init1
  L__UART1_Init2
  L__UART1_Init3
  L__UART1_Init4
  L__UART1_Init5
  L_end__UART1_Data_Ready
  L_end__UART1_Read
  L__UART1_Read8
  L__UART1_Read9
  L__UART1_Read10
  L_end__UART1_TX_Idle
  L_end__UART1_Write
  L__UART1_Write13
  L__UART1_Write14
  L__UART1_Write15
  L__UART1_Write16
  L__UART1_Write17
  L_end__UART1_Write_Text
  L__UART1_Write_Text19
  L__UART1_Write_Text20
  L__UART1_Write_Text21
  L__UART1_Write_Text22
  L__UART1_Write_Text23
  L_end__UART1_Read_Text
  L__UART1_Read_Text25
  L__UART1_Read_Text26
  L__UART1_Read_Text27
  L__UART1_Read_Text28
  L__UART1_Read_Text29
  L__UART1_Read_Text30
  L__UART1_Read_Text31
  L__UART1_Read_Text32
  L__UART1_Read_Text33
  L__UART1_Read_Text34
  L__UART1_Read_Text35
  L__UART1_Read_Text36
  L__UART1_Read_Text37
  L__UART1_Read_Text38
  L__UART1_Read_Text39
  L__UART1_Read_Text40
  L__UART1_Read_Text41
  L__UART1_Read_Text42
  L__UART1_Read_Text43
  L__UART1_Read_Text44
  L__UART1_Read_Text45
  L__UART1_Read_Text46
  _UART1_Init
  _UART1_Data_Ready
  _UART1_Read
  _UART1_TX_Idle
  _UART1_Write
  _UART1_Write_Text
  _UART1_Read_Text
