;  LST file generated by mikroListExporter - v.2.0 
; Date/Time: 20/03/2014 18:00:23
;----------------------------------------------

;Address Opcode 	ASM
0x0000	0x29EE      	GOTO       494
_Delay_1us:
;__Lib_Delays.mbas,28 :: 		sub procedure Delay_1us()
;__Lib_Delays.mbas,29 :: 		Delay_us(1)
0x0003	0x0000      	NOP
0x0004	0x0008      	RETURN
; end of _Delay_1us
_Delay_5500us:
;__Lib_Delays.mbas,52 :: 		sub procedure Delay_5500us()
;__Lib_Delays.mbas,53 :: 		Delay_us(5500)
0x0005	0x3008      	MOVLW      8
0x0006	0x1283      	BCF        STATUS, 5
0x0007	0x1303      	BCF        STATUS, 6
0x0008	0x00FC      	MOVWF      R12
0x0009	0x3023      	MOVLW      35
0x000A	0x00FD      	MOVWF      R13
L__Delay_5500us13:
0x000B	0x0BFD      	DECFSZ     R13, 1
0x000C	0x280B      	GOTO       L__Delay_5500us13
0x000D	0x0BFC      	DECFSZ     R12, 1
0x000E	0x280B      	GOTO       L__Delay_5500us13
0x000F	0x0008      	RETURN
; end of _Delay_5500us
_Delay_50us:
;__Lib_Delays.mbas,40 :: 		sub procedure Delay_50us()
;__Lib_Delays.mbas,41 :: 		Delay_us(50)
0x0010	0x3010      	MOVLW      16
0x0011	0x1283      	BCF        STATUS, 5
0x0012	0x1303      	BCF        STATUS, 6
0x0013	0x00FD      	MOVWF      R13
L__Delay_50us7:
0x0014	0x0BFD      	DECFSZ     R13, 1
0x0015	0x2814      	GOTO       L__Delay_50us7
0x0016	0x0000      	NOP
0x0017	0x0008      	RETURN
; end of _Delay_50us
_Lcd_Cmd:
;__Lib_Lcd.mpas,33 :: 		
;__Lib_Lcd.mpas,34 :: 		
0x0018	0x1283      	BCF        STATUS, 5
0x0019	0x1303      	BCF        STATUS, 6
0x001A	0x1BD5      	BTFSC      FARG_Lcd_Cmd_out_char, 7
0x001B	0x281E      	GOTO       L__Lcd_Cmd45
0x001C	0x1105      	BCF        LCD_D7, BitPos(LCD_D7+0)
0x001D	0x281F      	GOTO       L__Lcd_Cmd46
L__Lcd_Cmd45:
0x001E	0x1505      	BSF        LCD_D7, BitPos(LCD_D7+0)
L__Lcd_Cmd46:
;__Lib_Lcd.mpas,35 :: 		
0x001F	0x1B55      	BTFSC      FARG_Lcd_Cmd_out_char, 6
0x0020	0x2823      	GOTO       L__Lcd_Cmd47
0x0021	0x1087      	BCF        LCD_D6, BitPos(LCD_D6+0)
0x0022	0x2824      	GOTO       L__Lcd_Cmd48
L__Lcd_Cmd47:
0x0023	0x1487      	BSF        LCD_D6, BitPos(LCD_D6+0)
L__Lcd_Cmd48:
;__Lib_Lcd.mpas,36 :: 		
0x0024	0x1AD5      	BTFSC      FARG_Lcd_Cmd_out_char, 5
0x0025	0x2828      	GOTO       L__Lcd_Cmd49
0x0026	0x1205      	BCF        LCD_D5, BitPos(LCD_D5+0)
0x0027	0x2829      	GOTO       L__Lcd_Cmd50
L__Lcd_Cmd49:
0x0028	0x1605      	BSF        LCD_D5, BitPos(LCD_D5+0)
L__Lcd_Cmd50:
;__Lib_Lcd.mpas,37 :: 		
0x0029	0x1A55      	BTFSC      FARG_Lcd_Cmd_out_char, 4
0x002A	0x282D      	GOTO       L__Lcd_Cmd51
0x002B	0x1107      	BCF        LCD_D4, BitPos(LCD_D4+0)
0x002C	0x282E      	GOTO       L__Lcd_Cmd52
L__Lcd_Cmd51:
0x002D	0x1507      	BSF        LCD_D4, BitPos(LCD_D4+0)
L__Lcd_Cmd52:
;__Lib_Lcd.mpas,39 :: 		
0x002E	0x18AC      	BTFSC      __Lib_Lcd_cmd_status, BitPos(__Lib_Lcd_cmd_status+0)
0x002F	0x2832      	GOTO       L__Lcd_Cmd53
0x0030	0x1486      	BSF        LCD_RS, BitPos(LCD_RS+0)
0x0031	0x2833      	GOTO       L__Lcd_Cmd54
L__Lcd_Cmd53:
0x0032	0x1086      	BCF        LCD_RS, BitPos(LCD_RS+0)
L__Lcd_Cmd54:
;__Lib_Lcd.mpas,42 :: 		
0x0033	0x1585      	BSF        LCD_EN, BitPos(LCD_EN+0)
;__Lib_Lcd.mpas,43 :: 		
0x0034	0x2003      	CALL       _Delay_1us
;__Lib_Lcd.mpas,44 :: 		
0x0035	0x1185      	BCF        LCD_EN, BitPos(LCD_EN+0)
;__Lib_Lcd.mpas,47 :: 		
0x0036	0x19D5      	BTFSC      FARG_Lcd_Cmd_out_char, 3
0x0037	0x283A      	GOTO       L__Lcd_Cmd55
0x0038	0x1105      	BCF        LCD_D7, BitPos(LCD_D7+0)
0x0039	0x283B      	GOTO       L__Lcd_Cmd56
L__Lcd_Cmd55:
0x003A	0x1505      	BSF        LCD_D7, BitPos(LCD_D7+0)
L__Lcd_Cmd56:
;__Lib_Lcd.mpas,48 :: 		
0x003B	0x1955      	BTFSC      FARG_Lcd_Cmd_out_char, 2
0x003C	0x283F      	GOTO       L__Lcd_Cmd57
0x003D	0x1087      	BCF        LCD_D6, BitPos(LCD_D6+0)
0x003E	0x2840      	GOTO       L__Lcd_Cmd58
L__Lcd_Cmd57:
0x003F	0x1487      	BSF        LCD_D6, BitPos(LCD_D6+0)
L__Lcd_Cmd58:
;__Lib_Lcd.mpas,49 :: 		
0x0040	0x18D5      	BTFSC      FARG_Lcd_Cmd_out_char, 1
0x0041	0x2844      	GOTO       L__Lcd_Cmd59
0x0042	0x1205      	BCF        LCD_D5, BitPos(LCD_D5+0)
0x0043	0x2845      	GOTO       L__Lcd_Cmd60
L__Lcd_Cmd59:
0x0044	0x1605      	BSF        LCD_D5, BitPos(LCD_D5+0)
L__Lcd_Cmd60:
;__Lib_Lcd.mpas,50 :: 		
0x0045	0x1855      	BTFSC      FARG_Lcd_Cmd_out_char, 0
0x0046	0x2849      	GOTO       L__Lcd_Cmd61
0x0047	0x1107      	BCF        LCD_D4, BitPos(LCD_D4+0)
0x0048	0x284A      	GOTO       L__Lcd_Cmd62
L__Lcd_Cmd61:
0x0049	0x1507      	BSF        LCD_D4, BitPos(LCD_D4+0)
L__Lcd_Cmd62:
;__Lib_Lcd.mpas,52 :: 		
0x004A	0x18AC      	BTFSC      __Lib_Lcd_cmd_status, BitPos(__Lib_Lcd_cmd_status+0)
0x004B	0x284E      	GOTO       L__Lcd_Cmd63
0x004C	0x1486      	BSF        LCD_RS, BitPos(LCD_RS+0)
0x004D	0x284F      	GOTO       L__Lcd_Cmd64
L__Lcd_Cmd63:
0x004E	0x1086      	BCF        LCD_RS, BitPos(LCD_RS+0)
L__Lcd_Cmd64:
;__Lib_Lcd.mpas,54 :: 		
0x004F	0x1585      	BSF        LCD_EN, BitPos(LCD_EN+0)
;__Lib_Lcd.mpas,55 :: 		
0x0050	0x2003      	CALL       _Delay_1us
;__Lib_Lcd.mpas,56 :: 		
0x0051	0x1185      	BCF        LCD_EN, BitPos(LCD_EN+0)
;__Lib_Lcd.mpas,58 :: 		
0x0052	0x1CAC      	BTFSS      __Lib_Lcd_cmd_status, BitPos(__Lib_Lcd_cmd_status+0)
0x0053	0x2856      	GOTO       L__Lcd_Cmd2
;__Lib_Lcd.mpas,59 :: 		
0x0054	0x2005      	CALL       _Delay_5500us
0x0055	0x2857      	GOTO       L__Lcd_Cmd3
;__Lib_Lcd.mpas,60 :: 		
L__Lcd_Cmd2:
;__Lib_Lcd.mpas,61 :: 		
0x0056	0x2010      	CALL       _Delay_50us
L__Lcd_Cmd3:
;__Lib_Lcd.mpas,62 :: 		
0x0057	0x0008      	RETURN
; end of _Lcd_Cmd
_Lcd_Chr_CP:
;__Lib_Lcd.mpas,65 :: 		
;__Lib_Lcd.mpas,66 :: 		
0x0058	0x1283      	BCF        STATUS, 5
0x0059	0x1303      	BCF        STATUS, 6
0x005A	0x10AC      	BCF        __Lib_Lcd_cmd_status, BitPos(__Lib_Lcd_cmd_status+0)
;__Lib_Lcd.mpas,67 :: 		
0x005B	0x0854      	MOVF       FARG_Lcd_Chr_CP_Out_Char, 0
0x005C	0x00D5      	MOVWF      FARG_Lcd_Cmd_out_char
0x005D	0x2018      	CALL       _Lcd_Cmd
;__Lib_Lcd.mpas,68 :: 		
0x005E	0x14AC      	BSF        __Lib_Lcd_cmd_status, BitPos(__Lib_Lcd_cmd_status+0)
;__Lib_Lcd.mpas,69 :: 		
0x005F	0x0008      	RETURN
; end of _Lcd_Chr_CP
_Div_16x16_U:
;__Lib_Math.mpas,207 :: 		
;__Lib_Math.mpas,213 :: 		
0x0060	0x1283      	BCF        STATUS, 5
;__Lib_Math.mpas,214 :: 		
0x0061	0x1303      	BCF        STATUS, 6
;__Lib_Math.mpas,215 :: 		
0x0062	0x01F8      	CLRF       R8
;__Lib_Math.mpas,216 :: 		
0x0063	0x01F9      	CLRF       R9
;__Lib_Math.mpas,217 :: 		
0x0064	0x3010      	MOVLW      16
;__Lib_Math.mpas,218 :: 		
0x0065	0x00FC      	MOVWF      R12
;__Lib_Math.mpas,219 :: 		
0x0066	0x0D71      	RLF        R1, 0
;__Lib_Math.mpas,220 :: 		
0x0067	0x0DF8      	RLF        R8, 1
;__Lib_Math.mpas,221 :: 		
0x0068	0x0DF9      	RLF        R9, 1
;__Lib_Math.mpas,222 :: 		
0x0069	0x0874      	MOVF       R4, 0
;__Lib_Math.mpas,223 :: 		
0x006A	0x02F8      	SUBWF      R8, 1
;__Lib_Math.mpas,224 :: 		
0x006B	0x0875      	MOVF       R5, 0
;__Lib_Math.mpas,225 :: 		
0x006C	0x1C03      	BTFSS      STATUS, 0
;__Lib_Math.mpas,226 :: 		
0x006D	0x0F75      	INCFSZ     R5, 0
;__Lib_Math.mpas,227 :: 		
0x006E	0x02F9      	SUBWF      R9, 1
;__Lib_Math.mpas,228 :: 		
0x006F	0x1803      	BTFSC      STATUS, 0
;__Lib_Math.mpas,229 :: 		
0x0070	0x2878      	GOTO       $+8
;__Lib_Math.mpas,230 :: 		
0x0071	0x0874      	MOVF       R4, 0
;__Lib_Math.mpas,231 :: 		
0x0072	0x07F8      	ADDWF      R8, 1
;__Lib_Math.mpas,232 :: 		
0x0073	0x0875      	MOVF       R5, 0
;__Lib_Math.mpas,233 :: 		
0x0074	0x1803      	BTFSC      STATUS, 0
;__Lib_Math.mpas,234 :: 		
0x0075	0x0F75      	INCFSZ     R5, 0
;__Lib_Math.mpas,235 :: 		
0x0076	0x07F9      	ADDWF      R9, 1
;__Lib_Math.mpas,236 :: 		
0x0077	0x1003      	BCF        STATUS, 0
;__Lib_Math.mpas,237 :: 		
0x0078	0x0DF0      	RLF        R0, 1
;__Lib_Math.mpas,238 :: 		
0x0079	0x0DF1      	RLF        R1, 1
;__Lib_Math.mpas,239 :: 		
0x007A	0x0BFC      	DECFSZ     R12, 1
;__Lib_Math.mpas,240 :: 		
0x007B	0x2866      	GOTO       $-21
;__Lib_Math.mpas,242 :: 		
0x007C	0x0008      	RETURN
; end of _Div_16x16_U
_WordToStr:
;__Lib_Conversions.mpas,39 :: 		
;__Lib_Conversions.mpas,40 :: 		
0x007D	0x1283      	BCF        STATUS, 5
0x007E	0x1303      	BCF        STATUS, 6
0x007F	0x084F      	MOVF       FARG_WordToStr_output, 0
0x0080	0x0084      	MOVWF      FSR
0x0081	0x3020      	MOVLW      32
0x0082	0x0080      	MOVWF      INDF
0x0083	0x0A84      	INCF       FSR, 1
0x0084	0x3020      	MOVLW      32
0x0085	0x0080      	MOVWF      INDF
0x0086	0x0A84      	INCF       FSR, 1
0x0087	0x3020      	MOVLW      32
0x0088	0x0080      	MOVWF      INDF
0x0089	0x0A84      	INCF       FSR, 1
0x008A	0x3020      	MOVLW      32
0x008B	0x0080      	MOVWF      INDF
0x008C	0x0A84      	INCF       FSR, 1
0x008D	0x3030      	MOVLW      48
0x008E	0x0080      	MOVWF      INDF
0x008F	0x0A84      	INCF       FSR, 1
0x0090	0x0180      	CLRF       INDF
0x0091	0x0A84      	INCF       FSR, 1
;__Lib_Conversions.mpas,41 :: 		
0x0092	0x3004      	MOVLW      4
0x0093	0x074F      	ADDWF      FARG_WordToStr_output, 0
0x0094	0x00D0      	MOVWF      WordToStr_ptr
;__Lib_Conversions.mpas,42 :: 		
L__WordToStr8:
0x0095	0x3000      	MOVLW      0
0x0096	0x064E      	XORWF      FARG_WordToStr_input+1, 0
0x0097	0x1D03      	BTFSS      STATUS, 2
0x0098	0x289B      	GOTO       L__WordToStr159
0x0099	0x3000      	MOVLW      0
0x009A	0x064D      	XORWF      FARG_WordToStr_input, 0
L__WordToStr159:
0x009B	0x1903      	BTFSC      STATUS, 2
0x009C	0x28BD      	GOTO       L__WordToStr9
;__Lib_Conversions.mpas,44 :: 		
0x009D	0x300A      	MOVLW      10
0x009E	0x00F4      	MOVWF      R4
0x009F	0x01F5      	CLRF       R4+1
0x00A0	0x084D      	MOVF       FARG_WordToStr_input, 0
0x00A1	0x00F0      	MOVWF      R0
0x00A2	0x084E      	MOVF       FARG_WordToStr_input+1, 0
0x00A3	0x00F1      	MOVWF      R0+1
0x00A4	0x2060      	CALL       _Div_16x16_U
0x00A5	0x0878      	MOVF       R8, 0
0x00A6	0x00F0      	MOVWF      R0
0x00A7	0x0879      	MOVF       R8+1, 0
0x00A8	0x00F1      	MOVWF      R0+1
0x00A9	0x3030      	MOVLW      48
0x00AA	0x07F0      	ADDWF      R0, 1
0x00AB	0x0850      	MOVF       WordToStr_ptr, 0
0x00AC	0x0084      	MOVWF      FSR
0x00AD	0x0870      	MOVF       R0, 0
0x00AE	0x0080      	MOVWF      INDF
;__Lib_Conversions.mpas,45 :: 		
0x00AF	0x300A      	MOVLW      10
0x00B0	0x00F4      	MOVWF      R4
0x00B1	0x01F5      	CLRF       R4+1
0x00B2	0x084D      	MOVF       FARG_WordToStr_input, 0
0x00B3	0x00F0      	MOVWF      R0
0x00B4	0x084E      	MOVF       FARG_WordToStr_input+1, 0
0x00B5	0x00F1      	MOVWF      R0+1
0x00B6	0x2060      	CALL       _Div_16x16_U
0x00B7	0x0870      	MOVF       R0, 0
0x00B8	0x00CD      	MOVWF      FARG_WordToStr_input
0x00B9	0x0871      	MOVF       R0+1, 0
0x00BA	0x00CE      	MOVWF      FARG_WordToStr_input+1
;__Lib_Conversions.mpas,46 :: 		
0x00BB	0x03D0      	DECF       WordToStr_ptr, 1
;__Lib_Conversions.mpas,47 :: 		
0x00BC	0x2895      	GOTO       L__WordToStr8
L__WordToStr9:
;__Lib_Conversions.mpas,48 :: 		
0x00BD	0x0008      	RETURN
; end of _WordToStr
_EEPROM_Write:
;__Lib_EEPROM.mpas,27 :: 		
;__Lib_EEPROM.mpas,28 :: 		
L__EEPROM_Write3:
0x00BE	0x1683      	BSF        STATUS, 5
0x00BF	0x1703      	BSF        STATUS, 6
0x00C0	0x1C8C      	BTFSS      EECON1, 1
0x00C1	0x28C4      	GOTO       L__EEPROM_Write4
0x00C2	0x0000      	NOP
0x00C3	0x28BE      	GOTO       L__EEPROM_Write3
L__EEPROM_Write4:
;__Lib_EEPROM.mpas,30 :: 		
0x00C4	0x1283      	BCF        STATUS, 5
0x00C5	0x1303      	BCF        STATUS, 6
0x00C6	0x084D      	MOVF       FARG_EEPROM_Write_address, 0
0x00C7	0x1703      	BSF        STATUS, 6
0x00C8	0x008D      	MOVWF      EEADR
;__Lib_EEPROM.mpas,31 :: 		
0x00C9	0x1303      	BCF        STATUS, 6
0x00CA	0x084E      	MOVF       FARG_EEPROM_Write_data_, 0
0x00CB	0x1703      	BSF        STATUS, 6
0x00CC	0x008C      	MOVWF      EEDATA
;__Lib_EEPROM.mpas,32 :: 		
0x00CD	0x1683      	BSF        STATUS, 5
0x00CE	0x138C      	BCF        EECON1, 7
;__Lib_EEPROM.mpas,33 :: 		
0x00CF	0x150C      	BSF        EECON1, 2
;__Lib_EEPROM.mpas,35 :: 		
0x00D0	0x080B      	MOVF       INTCON, 0
0x00D1	0x00F0      	MOVWF      R0
;__Lib_EEPROM.mpas,38 :: 		
0x00D2	0x138B      	BCF        INTCON, 7
;__Lib_EEPROM.mpas,39 :: 		
0x00D3	0x3055      	MOVLW      85
0x00D4	0x008D      	MOVWF      EECON2
;__Lib_EEPROM.mpas,40 :: 		
0x00D5	0x30AA      	MOVLW      170
0x00D6	0x008D      	MOVWF      EECON2
;__Lib_EEPROM.mpas,41 :: 		
0x00D7	0x148C      	BSF        EECON1, 1
;__Lib_EEPROM.mpas,45 :: 		
0x00D8	0x1BF0      	BTFSC      R0, 7
0x00D9	0x28DC      	GOTO       L__EEPROM_Write7
0x00DA	0x138B      	BCF        INTCON, 7
0x00DB	0x28DD      	GOTO       L__EEPROM_Write8
L__EEPROM_Write7:
0x00DC	0x178B      	BSF        INTCON, 7
L__EEPROM_Write8:
;__Lib_EEPROM.mpas,46 :: 		
0x00DD	0x110C      	BCF        EECON1, 2
;__Lib_EEPROM.mpas,47 :: 		
0x00DE	0x0008      	RETURN
; end of _EEPROM_Write
contador_personal_ultrasonico1:
;contador_personal.mbas,36 :: 		dim distan,tiempo as word
;contador_personal.mbas,37 :: 		flanco = 0
0x00DF	0x1283      	BCF        STATUS, 5
0x00E0	0x1303      	BCF        STATUS, 6
0x00E1	0x01CF      	CLRF       ultrasonico1_flanco
;contador_personal.mbas,39 :: 		disparo1 = 1
0x00E2	0x1587      	BSF        PORTC, 3
;contador_personal.mbas,40 :: 		Delay_us(50)
0x00E3	0x3010      	MOVLW      16
0x00E4	0x00FD      	MOVWF      R13
L_contador_personal_ultrasonico11:
0x00E5	0x0BFD      	DECFSZ     R13, 1
0x00E6	0x28E5      	GOTO       L_contador_personal_ultrasonico11
0x00E7	0x0000      	NOP
;contador_personal.mbas,41 :: 		disparo1 = 0
0x00E8	0x1187      	BCF        PORTC, 3
;contador_personal.mbas,43 :: 		DO
L_contador_personal_ultrasonico12:
;contador_personal.mbas,44 :: 		IF( eco1 = 1 )THEN
0x00E9	0x1C07      	BTFSS      PORTC, 0
0x00EA	0x28EE      	GOTO       L_contador_personal_ultrasonico18
;contador_personal.mbas,45 :: 		TMR0 = 0
0x00EB	0x0181      	CLRF       TMR0
;contador_personal.mbas,46 :: 		flanco = 1
0x00EC	0x3001      	MOVLW      1
0x00ED	0x00CF      	MOVWF      ultrasonico1_flanco
L_contador_personal_ultrasonico18:
;contador_personal.mbas,48 :: 		LOOP UNTIL( flanco = 1 )
0x00EE	0x084F      	MOVF       ultrasonico1_flanco, 0
0x00EF	0x3A01      	XORLW      1
0x00F0	0x1903      	BTFSC      STATUS, 2
0x00F1	0x28F3      	GOTO       L_contador_personal_ultrasonico15
0x00F2	0x28E9      	GOTO       L_contador_personal_ultrasonico12
L_contador_personal_ultrasonico15:
;contador_personal.mbas,50 :: 		DO
L_contador_personal_ultrasonico110:
;contador_personal.mbas,51 :: 		IF( eco1 = 0 )THEN
0x00F3	0x1807      	BTFSC      PORTC, 0
0x00F4	0x28F9      	GOTO       L_contador_personal_ultrasonico116
;contador_personal.mbas,52 :: 		tiempo = TMR0
0x00F5	0x0801      	MOVF       TMR0, 0
0x00F6	0x00D2      	MOVWF      ultrasonico1_tiempo
0x00F7	0x01D3      	CLRF       ultrasonico1_tiempo+1
;contador_personal.mbas,53 :: 		flanco = 0
0x00F8	0x01CF      	CLRF       ultrasonico1_flanco
L_contador_personal_ultrasonico116:
;contador_personal.mbas,55 :: 		if(TMR0>254)THEN
0x00F9	0x0801      	MOVF       TMR0, 0
0x00FA	0x3CFE      	SUBLW      254
0x00FB	0x1803      	BTFSC      STATUS, 0
0x00FC	0x28FE      	GOTO       L_contador_personal_ultrasonico119
;contador_personal.mbas,56 :: 		FLANCO=0
0x00FD	0x01CF      	CLRF       ultrasonico1_flanco
L_contador_personal_ultrasonico119:
;contador_personal.mbas,58 :: 		LOOP UNTIL( FLANCO = 0 )
0x00FE	0x084F      	MOVF       ultrasonico1_flanco, 0
0x00FF	0x3A00      	XORLW      0
0x0100	0x1903      	BTFSC      STATUS, 2
0x0101	0x2903      	GOTO       L_contador_personal_ultrasonico113
0x0102	0x28F3      	GOTO       L_contador_personal_ultrasonico110
L_contador_personal_ultrasonico113:
;contador_personal.mbas,60 :: 		distan = (tiempo*128)/58
0x0103	0x3007      	MOVLW      7
0x0104	0x00F2      	MOVWF      R2
0x0105	0x0852      	MOVF       ultrasonico1_tiempo, 0
0x0106	0x00F0      	MOVWF      R0
0x0107	0x0853      	MOVF       ultrasonico1_tiempo+1, 0
0x0108	0x00F1      	MOVWF      R0+1
0x0109	0x0872      	MOVF       R2, 0
L_contador_personal_ultrasonico184:
0x010A	0x1903      	BTFSC      STATUS, 2
0x010B	0x2911      	GOTO       L_contador_personal_ultrasonico185
0x010C	0x0DF0      	RLF        R0, 1
0x010D	0x0DF1      	RLF        R0+1, 1
0x010E	0x1070      	BCF        R0, 0
0x010F	0x3EFF      	ADDLW      255
0x0110	0x290A      	GOTO       L_contador_personal_ultrasonico184
L_contador_personal_ultrasonico185:
0x0111	0x303A      	MOVLW      58
0x0112	0x00F4      	MOVWF      R4
0x0113	0x01F5      	CLRF       R4+1
0x0114	0x2060      	CALL       _Div_16x16_U
0x0115	0x0870      	MOVF       R0, 0
0x0116	0x00D0      	MOVWF      ultrasonico1_distan
0x0117	0x0871      	MOVF       R0+1, 0
0x0118	0x00D1      	MOVWF      ultrasonico1_distan+1
;contador_personal.mbas,61 :: 		Delay_ms (50)
0x0119	0x3041      	MOVLW      65
0x011A	0x00FC      	MOVWF      R12
0x011B	0x30EE      	MOVLW      238
0x011C	0x00FD      	MOVWF      R13
L_contador_personal_ultrasonico121:
0x011D	0x0BFD      	DECFSZ     R13, 1
0x011E	0x291D      	GOTO       L_contador_personal_ultrasonico121
0x011F	0x0BFC      	DECFSZ     R12, 1
0x0120	0x291D      	GOTO       L_contador_personal_ultrasonico121
0x0121	0x0000      	NOP
;contador_personal.mbas,62 :: 		result = distan
0x0122	0x0850      	MOVF       ultrasonico1_distan, 0
0x0123	0x00CD      	MOVWF      ultrasonico1_local_result
0x0124	0x0851      	MOVF       ultrasonico1_distan+1, 0
0x0125	0x00CE      	MOVWF      ultrasonico1_local_result+1
0x0126	0x084D      	MOVF       ultrasonico1_local_result, 0
0x0127	0x00F0      	MOVWF      R0
0x0128	0x084E      	MOVF       ultrasonico1_local_result+1, 0
0x0129	0x00F1      	MOVWF      R0+1
0x012A	0x0008      	RETURN
; end of contador_personal_ultrasonico1
_EEPROM_Read:
;__Lib_EEPROM.mpas,13 :: 		
;__Lib_EEPROM.mpas,14 :: 		
0x012B	0x1283      	BCF        STATUS, 5
0x012C	0x1303      	BCF        STATUS, 6
0x012D	0x084D      	MOVF       FARG_EEPROM_Read_address, 0
0x012E	0x1703      	BSF        STATUS, 6
0x012F	0x008D      	MOVWF      EEADR
;__Lib_EEPROM.mpas,15 :: 		
0x0130	0x1683      	BSF        STATUS, 5
0x0131	0x138C      	BCF        EECON1, 7
;__Lib_EEPROM.mpas,21 :: 		
0x0132	0x140C      	BSF        EECON1, 0
;__Lib_EEPROM.mpas,22 :: 		
0x0133	0x1283      	BCF        STATUS, 5
0x0134	0x080C      	MOVF       EEDATA, 0
0x0135	0x00F1      	MOVWF      R1
;__Lib_EEPROM.mpas,23 :: 		
0x0136	0x0871      	MOVF       R1, 0
0x0137	0x00F0      	MOVWF      R0
0x0138	0x0008      	RETURN
; end of _EEPROM_Read
_Mul_16x16_U:
;__Lib_Math.mpas,121 :: 		
;__Lib_Math.mpas,127 :: 		
0x0139	0x1283      	BCF        STATUS, 5
;__Lib_Math.mpas,128 :: 		
0x013A	0x1303      	BCF        STATUS, 6
;__Lib_Math.mpas,129 :: 		
0x013B	0x01FB      	CLRF       R11
;__Lib_Math.mpas,130 :: 		
0x013C	0x01FA      	CLRF       R10
;__Lib_Math.mpas,131 :: 		
0x013D	0x01F9      	CLRF       R9
;__Lib_Math.mpas,132 :: 		
0x013E	0x3080      	MOVLW      128
;__Lib_Math.mpas,133 :: 		
0x013F	0x00F8      	MOVWF      R8
;__Lib_Math.mpas,134 :: 		
0x0140	0x0CF1      	RRF        R1, 1
;__Lib_Math.mpas,135 :: 		
0x0141	0x0CF0      	RRF        R0, 1
;__Lib_Math.mpas,136 :: 		
0x0142	0x1C03      	BTFSS      STATUS, 0
;__Lib_Math.mpas,137 :: 		
0x0143	0x294D      	GOTO       $+10
;__Lib_Math.mpas,138 :: 		
0x0144	0x0874      	MOVF       R4, 0
;__Lib_Math.mpas,139 :: 		
0x0145	0x07F9      	ADDWF      R9, 1
;__Lib_Math.mpas,140 :: 		
0x0146	0x0875      	MOVF       R5, 0
;__Lib_Math.mpas,141 :: 		
0x0147	0x1803      	BTFSC      STATUS, 0
;__Lib_Math.mpas,142 :: 		
0x0148	0x0F75      	INCFSZ     R5, 0
;__Lib_Math.mpas,143 :: 		
0x0149	0x07FA      	ADDWF      R10, 1
;__Lib_Math.mpas,144 :: 		
0x014A	0x1803      	BTFSC      STATUS, 0
;__Lib_Math.mpas,145 :: 		
0x014B	0x0AFB      	INCF       R11, 1
;__Lib_Math.mpas,146 :: 		
0x014C	0x1003      	BCF        STATUS, 0
;__Lib_Math.mpas,147 :: 		
0x014D	0x1FF0      	BTFSS      R0, 7
;__Lib_Math.mpas,148 :: 		
0x014E	0x2955      	GOTO       $+7
;__Lib_Math.mpas,149 :: 		
0x014F	0x0874      	MOVF       R4, 0
;__Lib_Math.mpas,150 :: 		
0x0150	0x07FA      	ADDWF      R10, 1
;__Lib_Math.mpas,151 :: 		
0x0151	0x0875      	MOVF       R5, 0
;__Lib_Math.mpas,152 :: 		
0x0152	0x1803      	BTFSC      STATUS, 0
;__Lib_Math.mpas,153 :: 		
0x0153	0x0F75      	INCFSZ     R5, 0
;__Lib_Math.mpas,154 :: 		
0x0154	0x07FB      	ADDWF      R11, 1
;__Lib_Math.mpas,155 :: 		
0x0155	0x0CFB      	RRF        R11, 1
;__Lib_Math.mpas,156 :: 		
0x0156	0x0CFA      	RRF        R10, 1
;__Lib_Math.mpas,157 :: 		
0x0157	0x0CF9      	RRF        R9, 1
;__Lib_Math.mpas,158 :: 		
0x0158	0x0CF8      	RRF        R8, 1
;__Lib_Math.mpas,159 :: 		
0x0159	0x1C03      	BTFSS      STATUS, 0
;__Lib_Math.mpas,160 :: 		
0x015A	0x2940      	GOTO       $-26
;__Lib_Math.mpas,161 :: 		
0x015B	0x087B      	MOVF       R11, 0
;__Lib_Math.mpas,162 :: 		
0x015C	0x00F3      	MOVWF      R3
;__Lib_Math.mpas,163 :: 		
0x015D	0x087A      	MOVF       R10, 0
;__Lib_Math.mpas,164 :: 		
0x015E	0x00F2      	MOVWF      R2
;__Lib_Math.mpas,165 :: 		
0x015F	0x0879      	MOVF       R9, 0
;__Lib_Math.mpas,166 :: 		
0x0160	0x00F1      	MOVWF      R1
;__Lib_Math.mpas,167 :: 		
0x0161	0x0878      	MOVF       R8, 0
;__Lib_Math.mpas,168 :: 		
0x0162	0x00F0      	MOVWF      R0
;__Lib_Math.mpas,170 :: 		
0x0163	0x0008      	RETURN
; end of _Mul_16x16_U
_Lcd_Out:
;__Lib_Lcd.mpas,207 :: 		
;__Lib_Lcd.mpas,210 :: 		
0x0164	0x1283      	BCF        STATUS, 5
0x0165	0x1303      	BCF        STATUS, 6
0x0166	0x084D      	MOVF       FARG_Lcd_Out_row, 0
0x0167	0x3A01      	XORLW      1
0x0168	0x1D03      	BTFSS      STATUS, 2
0x0169	0x296D      	GOTO       L__Lcd_Out30
0x016A	0x3080      	MOVLW      128
0x016B	0x00CD      	MOVWF      FARG_Lcd_Out_row
0x016C	0x2984      	GOTO       L__Lcd_Out27
L__Lcd_Out30:
;__Lib_Lcd.mpas,211 :: 		
0x016D	0x084D      	MOVF       FARG_Lcd_Out_row, 0
0x016E	0x3A02      	XORLW      2
0x016F	0x1D03      	BTFSS      STATUS, 2
0x0170	0x2974      	GOTO       L__Lcd_Out33
0x0171	0x30C0      	MOVLW      192
0x0172	0x00CD      	MOVWF      FARG_Lcd_Out_row
0x0173	0x2984      	GOTO       L__Lcd_Out27
L__Lcd_Out33:
;__Lib_Lcd.mpas,212 :: 		
0x0174	0x084D      	MOVF       FARG_Lcd_Out_row, 0
0x0175	0x3A03      	XORLW      3
0x0176	0x1D03      	BTFSS      STATUS, 2
0x0177	0x297B      	GOTO       L__Lcd_Out36
0x0178	0x3094      	MOVLW      148
0x0179	0x00CD      	MOVWF      FARG_Lcd_Out_row
0x017A	0x2984      	GOTO       L__Lcd_Out27
L__Lcd_Out36:
;__Lib_Lcd.mpas,213 :: 		
0x017B	0x084D      	MOVF       FARG_Lcd_Out_row, 0
0x017C	0x3A04      	XORLW      4
0x017D	0x1D03      	BTFSS      STATUS, 2
0x017E	0x2982      	GOTO       L__Lcd_Out39
0x017F	0x30D4      	MOVLW      212
0x0180	0x00CD      	MOVWF      FARG_Lcd_Out_row
;__Lib_Lcd.mpas,214 :: 		
0x0181	0x2984      	GOTO       L__Lcd_Out27
L__Lcd_Out39:
;__Lib_Lcd.mpas,215 :: 		
0x0182	0x3080      	MOVLW      128
0x0183	0x00CD      	MOVWF      FARG_Lcd_Out_row
L__Lcd_Out27:
;__Lib_Lcd.mpas,218 :: 		
0x0184	0x034E      	DECF       FARG_Lcd_Out_column, 0
0x0185	0x00F0      	MOVWF      R0
0x0186	0x084D      	MOVF       FARG_Lcd_Out_row, 0
0x0187	0x07F0      	ADDWF      R0, 1
0x0188	0x0870      	MOVF       R0, 0
0x0189	0x00CD      	MOVWF      FARG_Lcd_Out_row
;__Lib_Lcd.mpas,220 :: 		
0x018A	0x0870      	MOVF       R0, 0
0x018B	0x00D5      	MOVWF      FARG_Lcd_Cmd_out_char
0x018C	0x2018      	CALL       _Lcd_Cmd
;__Lib_Lcd.mpas,221 :: 		
0x018D	0x10AC      	BCF        __Lib_Lcd_cmd_status, BitPos(__Lib_Lcd_cmd_status+0)
;__Lib_Lcd.mpas,222 :: 		
0x018E	0x01D0      	CLRF       Lcd_Out_i
;__Lib_Lcd.mpas,223 :: 		
L__Lcd_Out41:
0x018F	0x0850      	MOVF       Lcd_Out_i, 0
0x0190	0x074F      	ADDWF      FARG_Lcd_Out_text, 0
0x0191	0x0084      	MOVWF      FSR
0x0192	0x0800      	MOVF       INDF, 0
0x0193	0x3A00      	XORLW      0
0x0194	0x1903      	BTFSC      STATUS, 2
0x0195	0x299E      	GOTO       L__Lcd_Out42
;__Lib_Lcd.mpas,225 :: 		
0x0196	0x0850      	MOVF       Lcd_Out_i, 0
0x0197	0x074F      	ADDWF      FARG_Lcd_Out_text, 0
0x0198	0x0084      	MOVWF      FSR
0x0199	0x0800      	MOVF       INDF, 0
0x019A	0x00D4      	MOVWF      FARG_Lcd_Chr_CP_Out_Char
0x019B	0x2058      	CALL       _Lcd_Chr_CP
;__Lib_Lcd.mpas,226 :: 		
0x019C	0x0AD0      	INCF       Lcd_Out_i, 1
;__Lib_Lcd.mpas,227 :: 		
0x019D	0x298F      	GOTO       L__Lcd_Out41
L__Lcd_Out42:
;__Lib_Lcd.mpas,228 :: 		
0x019E	0x14AC      	BSF        __Lib_Lcd_cmd_status, BitPos(__Lib_Lcd_cmd_status+0)
;__Lib_Lcd.mpas,229 :: 		
0x019F	0x0008      	RETURN
; end of _Lcd_Out
_Lcd_Init:
;__Lib_Lcd.mpas,104 :: 		
;__Lib_Lcd.mpas,106 :: 		
0x01A0	0x1683      	BSF        STATUS, 5
0x01A1	0x1303      	BCF        STATUS, 6
0x01A2	0x1185      	BCF        LCD_EN_Direction, BitPos(LCD_EN_Direction+0)
;__Lib_Lcd.mpas,107 :: 		
0x01A3	0x1086      	BCF        LCD_RS_Direction, BitPos(LCD_RS_Direction+0)
;__Lib_Lcd.mpas,108 :: 		
0x01A4	0x1107      	BCF        LCD_D4_Direction, BitPos(LCD_D4_Direction+0)
;__Lib_Lcd.mpas,109 :: 		
0x01A5	0x1205      	BCF        LCD_D5_Direction, BitPos(LCD_D5_Direction+0)
;__Lib_Lcd.mpas,110 :: 		
0x01A6	0x1087      	BCF        LCD_D6_Direction, BitPos(LCD_D6_Direction+0)
;__Lib_Lcd.mpas,111 :: 		
0x01A7	0x1105      	BCF        LCD_D7_Direction, BitPos(LCD_D7_Direction+0)
;__Lib_Lcd.mpas,113 :: 		
0x01A8	0x1283      	BCF        STATUS, 5
0x01A9	0x1185      	BCF        LCD_EN, BitPos(LCD_EN+0)
;__Lib_Lcd.mpas,114 :: 		
0x01AA	0x1086      	BCF        LCD_RS, BitPos(LCD_RS+0)
;__Lib_Lcd.mpas,115 :: 		
0x01AB	0x1105      	BCF        LCD_D7, BitPos(LCD_D7+0)
;__Lib_Lcd.mpas,116 :: 		
0x01AC	0x1087      	BCF        LCD_D6, BitPos(LCD_D6+0)
;__Lib_Lcd.mpas,117 :: 		
0x01AD	0x1205      	BCF        LCD_D5, BitPos(LCD_D5+0)
;__Lib_Lcd.mpas,118 :: 		
0x01AE	0x1107      	BCF        LCD_D4, BitPos(LCD_D4+0)
;__Lib_Lcd.mpas,120 :: 		
0x01AF	0x2005      	CALL       _Delay_5500us
;__Lib_Lcd.mpas,121 :: 		
0x01B0	0x2005      	CALL       _Delay_5500us
;__Lib_Lcd.mpas,122 :: 		
0x01B1	0x2005      	CALL       _Delay_5500us
;__Lib_Lcd.mpas,125 :: 		
0x01B2	0x1605      	BSF        LCD_D5, BitPos(LCD_D5+0)
;__Lib_Lcd.mpas,126 :: 		
0x01B3	0x1507      	BSF        LCD_D4, BitPos(LCD_D4+0)
;__Lib_Lcd.mpas,127 :: 		
0x01B4	0x1585      	BSF        LCD_EN, BitPos(LCD_EN+0)
;__Lib_Lcd.mpas,128 :: 		
0x01B5	0x2003      	CALL       _Delay_1us
;__Lib_Lcd.mpas,129 :: 		
0x01B6	0x1185      	BCF        LCD_EN, BitPos(LCD_EN+0)
;__Lib_Lcd.mpas,130 :: 		
0x01B7	0x2005      	CALL       _Delay_5500us
;__Lib_Lcd.mpas,132 :: 		
0x01B8	0x1585      	BSF        LCD_EN, BitPos(LCD_EN+0)
;__Lib_Lcd.mpas,133 :: 		
0x01B9	0x2003      	CALL       _Delay_1us
;__Lib_Lcd.mpas,134 :: 		
0x01BA	0x1185      	BCF        LCD_EN, BitPos(LCD_EN+0)
;__Lib_Lcd.mpas,135 :: 		
0x01BB	0x2005      	CALL       _Delay_5500us
;__Lib_Lcd.mpas,137 :: 		
0x01BC	0x1585      	BSF        LCD_EN, BitPos(LCD_EN+0)
;__Lib_Lcd.mpas,138 :: 		
0x01BD	0x2003      	CALL       _Delay_1us
;__Lib_Lcd.mpas,139 :: 		
0x01BE	0x1185      	BCF        LCD_EN, BitPos(LCD_EN+0)
;__Lib_Lcd.mpas,140 :: 		
0x01BF	0x2005      	CALL       _Delay_5500us
;__Lib_Lcd.mpas,143 :: 		
0x01C0	0x1107      	BCF        LCD_D4, BitPos(LCD_D4+0)
;__Lib_Lcd.mpas,144 :: 		
0x01C1	0x1585      	BSF        LCD_EN, BitPos(LCD_EN+0)
;__Lib_Lcd.mpas,145 :: 		
0x01C2	0x2003      	CALL       _Delay_1us
;__Lib_Lcd.mpas,146 :: 		
0x01C3	0x1185      	BCF        LCD_EN, BitPos(LCD_EN+0)
;__Lib_Lcd.mpas,147 :: 		
0x01C4	0x2005      	CALL       _Delay_5500us
;__Lib_Lcd.mpas,150 :: 		
0x01C5	0x1585      	BSF        LCD_EN, BitPos(LCD_EN+0)
;__Lib_Lcd.mpas,151 :: 		
0x01C6	0x2003      	CALL       _Delay_1us
;__Lib_Lcd.mpas,152 :: 		
0x01C7	0x1185      	BCF        LCD_EN, BitPos(LCD_EN+0)
;__Lib_Lcd.mpas,154 :: 		
0x01C8	0x1205      	BCF        LCD_D5, BitPos(LCD_D5+0)
;__Lib_Lcd.mpas,155 :: 		
0x01C9	0x1505      	BSF        LCD_D7, BitPos(LCD_D7+0)
;__Lib_Lcd.mpas,156 :: 		
0x01CA	0x1585      	BSF        LCD_EN, BitPos(LCD_EN+0)
;__Lib_Lcd.mpas,157 :: 		
0x01CB	0x2003      	CALL       _Delay_1us
;__Lib_Lcd.mpas,158 :: 		
0x01CC	0x1185      	BCF        LCD_EN, BitPos(LCD_EN+0)
;__Lib_Lcd.mpas,159 :: 		
0x01CD	0x2005      	CALL       _Delay_5500us
;__Lib_Lcd.mpas,162 :: 		
0x01CE	0x1105      	BCF        LCD_D7, BitPos(LCD_D7+0)
;__Lib_Lcd.mpas,163 :: 		
0x01CF	0x1507      	BSF        LCD_D4, BitPos(LCD_D4+0)
;__Lib_Lcd.mpas,164 :: 		
0x01D0	0x1585      	BSF        LCD_EN, BitPos(LCD_EN+0)
;__Lib_Lcd.mpas,165 :: 		
0x01D1	0x2003      	CALL       _Delay_1us
;__Lib_Lcd.mpas,166 :: 		
0x01D2	0x1185      	BCF        LCD_EN, BitPos(LCD_EN+0)
;__Lib_Lcd.mpas,168 :: 		
0x01D3	0x1107      	BCF        LCD_D4, BitPos(LCD_D4+0)
;__Lib_Lcd.mpas,169 :: 		
0x01D4	0x1585      	BSF        LCD_EN, BitPos(LCD_EN+0)
;__Lib_Lcd.mpas,170 :: 		
0x01D5	0x2003      	CALL       _Delay_1us
;__Lib_Lcd.mpas,171 :: 		
0x01D6	0x1185      	BCF        LCD_EN, BitPos(LCD_EN+0)
;__Lib_Lcd.mpas,172 :: 		
0x01D7	0x2005      	CALL       _Delay_5500us
;__Lib_Lcd.mpas,175 :: 		
0x01D8	0x1585      	BSF        LCD_EN, BitPos(LCD_EN+0)
;__Lib_Lcd.mpas,176 :: 		
0x01D9	0x2003      	CALL       _Delay_1us
;__Lib_Lcd.mpas,177 :: 		
0x01DA	0x1185      	BCF        LCD_EN, BitPos(LCD_EN+0)
;__Lib_Lcd.mpas,179 :: 		
0x01DB	0x1507      	BSF        LCD_D4, BitPos(LCD_D4+0)
;__Lib_Lcd.mpas,180 :: 		
0x01DC	0x1585      	BSF        LCD_EN, BitPos(LCD_EN+0)
;__Lib_Lcd.mpas,181 :: 		
0x01DD	0x2003      	CALL       _Delay_1us
;__Lib_Lcd.mpas,182 :: 		
0x01DE	0x1185      	BCF        LCD_EN, BitPos(LCD_EN+0)
;__Lib_Lcd.mpas,183 :: 		
0x01DF	0x2005      	CALL       _Delay_5500us
;__Lib_Lcd.mpas,186 :: 		
0x01E0	0x1107      	BCF        LCD_D4, BitPos(LCD_D4+0)
;__Lib_Lcd.mpas,187 :: 		
0x01E1	0x1585      	BSF        LCD_EN, BitPos(LCD_EN+0)
;__Lib_Lcd.mpas,188 :: 		
0x01E2	0x2003      	CALL       _Delay_1us
;__Lib_Lcd.mpas,189 :: 		
0x01E3	0x1185      	BCF        LCD_EN, BitPos(LCD_EN+0)
;__Lib_Lcd.mpas,191 :: 		
0x01E4	0x1505      	BSF        LCD_D7, BitPos(LCD_D7+0)
;__Lib_Lcd.mpas,192 :: 		
0x01E5	0x1487      	BSF        LCD_D6, BitPos(LCD_D6+0)
;__Lib_Lcd.mpas,193 :: 		
0x01E6	0x1605      	BSF        LCD_D5, BitPos(LCD_D5+0)
;__Lib_Lcd.mpas,194 :: 		
0x01E7	0x1507      	BSF        LCD_D4, BitPos(LCD_D4+0)
;__Lib_Lcd.mpas,195 :: 		
0x01E8	0x1585      	BSF        LCD_EN, BitPos(LCD_EN+0)
;__Lib_Lcd.mpas,196 :: 		
0x01E9	0x2003      	CALL       _Delay_1us
;__Lib_Lcd.mpas,197 :: 		
0x01EA	0x1185      	BCF        LCD_EN, BitPos(LCD_EN+0)
;__Lib_Lcd.mpas,199 :: 		
0x01EB	0x2005      	CALL       _Delay_5500us
;__Lib_Lcd.mpas,201 :: 		
0x01EC	0x14AC      	BSF        __Lib_Lcd_cmd_status, BitPos(__Lib_Lcd_cmd_status+0)
;__Lib_Lcd.mpas,202 :: 		
0x01ED	0x0008      	RETURN
; end of _Lcd_Init
_main:
;contador_personal.mbas,97 :: 		main:
;contador_personal.mbas,98 :: 		OSCCON = 0X65
0x01EE	0x3065      	MOVLW      101
0x01EF	0x1683      	BSF        STATUS, 5
0x01F0	0x1303      	BCF        STATUS, 6
0x01F1	0x008F      	MOVWF      OSCCON
;contador_personal.mbas,100 :: 		OPTION_REG = %10000110
0x01F2	0x3086      	MOVLW      134
0x01F3	0x0081      	MOVWF      OPTION_REG
;contador_personal.mbas,102 :: 		TRISA = %10000010
0x01F4	0x3082      	MOVLW      130
0x01F5	0x0085      	MOVWF      TRISA
;contador_personal.mbas,103 :: 		PORTA = %00000000
0x01F6	0x1283      	BCF        STATUS, 5
0x01F7	0x0185      	CLRF       PORTA
;contador_personal.mbas,106 :: 		TRISB = %10000000  'PIN RB1,RB2  ENTRADAS PARA SENSAR CORRIENTE DE MOTORES
0x01F8	0x3080      	MOVLW      128
0x01F9	0x1683      	BSF        STATUS, 5
0x01FA	0x0086      	MOVWF      TRISB
;contador_personal.mbas,107 :: 		PORTB = %00000000
0x01FB	0x1283      	BCF        STATUS, 5
0x01FC	0x0186      	CLRF       PORTB
;contador_personal.mbas,110 :: 		TRISC = %10010001
0x01FD	0x3091      	MOVLW      145
0x01FE	0x1683      	BSF        STATUS, 5
0x01FF	0x0087      	MOVWF      TRISC
;contador_personal.mbas,111 :: 		PORTC = %00000000
0x0200	0x1283      	BCF        STATUS, 5
0x0201	0x0187      	CLRF       PORTC
;contador_personal.mbas,114 :: 		TRISE = %00001000
0x0202	0x3008      	MOVLW      8
0x0203	0x1683      	BSF        STATUS, 5
0x0204	0x0089      	MOVWF      TRISE
;contador_personal.mbas,115 :: 		PORTE = %00000000
0x0205	0x1283      	BCF        STATUS, 5
0x0206	0x0189      	CLRF       PORTE
;contador_personal.mbas,118 :: 		ANSEL =  %00000000 ' RE1-RE2 ANALOGICO, RESTO DIGITALES
0x0207	0x1683      	BSF        STATUS, 5
0x0208	0x1703      	BSF        STATUS, 6
0x0209	0x0188      	CLRF       ANSEL
;contador_personal.mbas,119 :: 		ANSELH = %00000000
0x020A	0x0189      	CLRF       ANSELH
;contador_personal.mbas,122 :: 		WPUB=0X80
0x020B	0x3080      	MOVLW      128
0x020C	0x1303      	BCF        STATUS, 6
0x020D	0x0095      	MOVWF      WPUB
;contador_personal.mbas,123 :: 		dato=0
0x020E	0x1283      	BCF        STATUS, 5
0x020F	0x01B1      	CLRF       _dato
;contador_personal.mbas,124 :: 		dato_recep=0
0x0210	0x01B0      	CLRF       _dato_recep
;contador_personal.mbas,125 :: 		centinela1=0
0x0211	0x01AF      	CLRF       _centinela1
;contador_personal.mbas,126 :: 		centinela2=0
0x0212	0x01B2      	CLRF       _centinela2
;contador_personal.mbas,127 :: 		CONTADOR=0
0x0213	0x01B6      	CLRF       _CONTADOR
0x0214	0x01B7      	CLRF       _CONTADOR+1
;contador_personal.mbas,128 :: 		CONTADOR2=0
0x0215	0x01B4      	CLRF       _CONTADOR2
0x0216	0x01B5      	CLRF       _CONTADOR2+1
;contador_personal.mbas,129 :: 		personal= EEPROM_Read($30)
0x0217	0x3030      	MOVLW      48
0x0218	0x00CD      	MOVWF      FARG_EEPROM_Read_address
0x0219	0x212B      	CALL       _EEPROM_Read
0x021A	0x0870      	MOVF       R0, 0
0x021B	0x1303      	BCF        STATUS, 6
0x021C	0x00B3      	MOVWF      _personal
;contador_personal.mbas,130 :: 		CONTADOR2=EEPROM_Read($10)
0x021D	0x3010      	MOVLW      16
0x021E	0x00CD      	MOVWF      FARG_EEPROM_Read_address
0x021F	0x212B      	CALL       _EEPROM_Read
0x0220	0x0870      	MOVF       R0, 0
0x0221	0x1303      	BCF        STATUS, 6
0x0222	0x00B4      	MOVWF      _CONTADOR2
0x0223	0x01B5      	CLRF       _CONTADOR2+1
;contador_personal.mbas,131 :: 		CONTADOR3=EEPROM_Read($20)
0x0224	0x3020      	MOVLW      32
0x0225	0x00CD      	MOVWF      FARG_EEPROM_Read_address
0x0226	0x212B      	CALL       _EEPROM_Read
0x0227	0x0870      	MOVF       R0, 0
0x0228	0x1303      	BCF        STATUS, 6
0x0229	0x00A4      	MOVWF      _CONTADOR3
0x022A	0x01A5      	CLRF       _CONTADOR3+1
;contador_personal.mbas,132 :: 		CONTADOR4=EEPROM_Read($40)
0x022B	0x3040      	MOVLW      64
0x022C	0x00CD      	MOVWF      FARG_EEPROM_Read_address
0x022D	0x212B      	CALL       _EEPROM_Read
0x022E	0x0870      	MOVF       R0, 0
0x022F	0x1303      	BCF        STATUS, 6
0x0230	0x00A2      	MOVWF      _CONTADOR4
0x0231	0x01A3      	CLRF       _CONTADOR4+1
;contador_personal.mbas,133 :: 		CONTADOR5=EEPROM_Read($50)
0x0232	0x3050      	MOVLW      80
0x0233	0x00CD      	MOVWF      FARG_EEPROM_Read_address
0x0234	0x212B      	CALL       _EEPROM_Read
0x0235	0x0870      	MOVF       R0, 0
0x0236	0x1303      	BCF        STATUS, 6
0x0237	0x00A0      	MOVWF      _CONTADOR5
0x0238	0x01A1      	CLRF       _CONTADOR5+1
;contador_personal.mbas,134 :: 		Delay_ms(25)
0x0239	0x3021      	MOVLW      33
0x023A	0x00FC      	MOVWF      R12
0x023B	0x3076      	MOVLW      118
0x023C	0x00FD      	MOVWF      R13
L__main45:
0x023D	0x0BFD      	DECFSZ     R13, 1
0x023E	0x2A3D      	GOTO       L__main45
0x023F	0x0BFC      	DECFSZ     R12, 1
0x0240	0x2A3D      	GOTO       L__main45
0x0241	0x0000      	NOP
;contador_personal.mbas,135 :: 		Lcd_Init() ' inicializamos la lcd
0x0242	0x21A0      	CALL       _Lcd_Init
;contador_personal.mbas,136 :: 		Lcd_Cmd(_LCD_CLEAR)
0x0243	0x3001      	MOVLW      1
0x0244	0x00D5      	MOVWF      FARG_Lcd_Cmd_out_char
0x0245	0x2018      	CALL       _Lcd_Cmd
;contador_personal.mbas,137 :: 		Lcd_Cmd(_LCD_CURSOR_OFF)
0x0246	0x300C      	MOVLW      12
0x0247	0x00D5      	MOVWF      FARG_Lcd_Cmd_out_char
0x0248	0x2018      	CALL       _Lcd_Cmd
;contador_personal.mbas,138 :: 		Lcd_Out(1, 1, "IDEAS&TECNOLOGIA") ' lo que se va a mostrar en la linea 1
0x0249	0x3001      	MOVLW      1
0x024A	0x00CD      	MOVWF      FARG_Lcd_Out_row
0x024B	0x3001      	MOVLW      1
0x024C	0x00CE      	MOVWF      FARG_Lcd_Out_column
0x024D	0x303A      	MOVLW      _main_Local_Text
0x024E	0x0084      	MOVWF      FSR
0x024F	0x3049      	MOVLW      73
0x0250	0x0080      	MOVWF      INDF
0x0251	0x0A84      	INCF       FSR, 1
0x0252	0x3044      	MOVLW      68
0x0253	0x0080      	MOVWF      INDF
0x0254	0x0A84      	INCF       FSR, 1
0x0255	0x3045      	MOVLW      69
0x0256	0x0080      	MOVWF      INDF
0x0257	0x0A84      	INCF       FSR, 1
0x0258	0x3041      	MOVLW      65
0x0259	0x0080      	MOVWF      INDF
0x025A	0x0A84      	INCF       FSR, 1
0x025B	0x3053      	MOVLW      83
0x025C	0x0080      	MOVWF      INDF
0x025D	0x0A84      	INCF       FSR, 1
0x025E	0x3026      	MOVLW      38
0x025F	0x0080      	MOVWF      INDF
0x0260	0x0A84      	INCF       FSR, 1
0x0261	0x3054      	MOVLW      84
0x0262	0x0080      	MOVWF      INDF
0x0263	0x0A84      	INCF       FSR, 1
0x0264	0x3045      	MOVLW      69
0x0265	0x0080      	MOVWF      INDF
0x0266	0x0A84      	INCF       FSR, 1
0x0267	0x3043      	MOVLW      67
0x0268	0x0080      	MOVWF      INDF
0x0269	0x0A84      	INCF       FSR, 1
0x026A	0x304E      	MOVLW      78
0x026B	0x0080      	MOVWF      INDF
0x026C	0x0A84      	INCF       FSR, 1
0x026D	0x304F      	MOVLW      79
0x026E	0x0080      	MOVWF      INDF
0x026F	0x0A84      	INCF       FSR, 1
0x0270	0x304C      	MOVLW      76
0x0271	0x0080      	MOVWF      INDF
0x0272	0x0A84      	INCF       FSR, 1
0x0273	0x304F      	MOVLW      79
0x0274	0x0080      	MOVWF      INDF
0x0275	0x0A84      	INCF       FSR, 1
0x0276	0x3047      	MOVLW      71
0x0277	0x0080      	MOVWF      INDF
0x0278	0x0A84      	INCF       FSR, 1
0x0279	0x3049      	MOVLW      73
0x027A	0x0080      	MOVWF      INDF
0x027B	0x0A84      	INCF       FSR, 1
0x027C	0x3041      	MOVLW      65
0x027D	0x0080      	MOVWF      INDF
0x027E	0x0A84      	INCF       FSR, 1
0x027F	0x0180      	CLRF       INDF
0x0280	0x0A84      	INCF       FSR, 1
0x0281	0x303A      	MOVLW      _main_Local_Text
0x0282	0x00CF      	MOVWF      FARG_Lcd_Out_text
0x0283	0x2164      	CALL       _Lcd_Out
;contador_personal.mbas,139 :: 		Lcd_Out(2, 1, "SALUDOS") ' lo que se va a mostrar en la linea 2
0x0284	0x3002      	MOVLW      2
0x0285	0x00CD      	MOVWF      FARG_Lcd_Out_row
0x0286	0x3001      	MOVLW      1
0x0287	0x00CE      	MOVWF      FARG_Lcd_Out_column
0x0288	0x303A      	MOVLW      _main_Local_Text
0x0289	0x0084      	MOVWF      FSR
0x028A	0x3053      	MOVLW      83
0x028B	0x0080      	MOVWF      INDF
0x028C	0x0A84      	INCF       FSR, 1
0x028D	0x3041      	MOVLW      65
0x028E	0x0080      	MOVWF      INDF
0x028F	0x0A84      	INCF       FSR, 1
0x0290	0x304C      	MOVLW      76
0x0291	0x0080      	MOVWF      INDF
0x0292	0x0A84      	INCF       FSR, 1
0x0293	0x3055      	MOVLW      85
0x0294	0x0080      	MOVWF      INDF
0x0295	0x0A84      	INCF       FSR, 1
0x0296	0x3044      	MOVLW      68
0x0297	0x0080      	MOVWF      INDF
0x0298	0x0A84      	INCF       FSR, 1
0x0299	0x304F      	MOVLW      79
0x029A	0x0080      	MOVWF      INDF
0x029B	0x0A84      	INCF       FSR, 1
0x029C	0x3053      	MOVLW      83
0x029D	0x0080      	MOVWF      INDF
0x029E	0x0A84      	INCF       FSR, 1
0x029F	0x0180      	CLRF       INDF
0x02A0	0x0A84      	INCF       FSR, 1
0x02A1	0x303A      	MOVLW      _main_Local_Text
0x02A2	0x00CF      	MOVWF      FARG_Lcd_Out_text
0x02A3	0x2164      	CALL       _Lcd_Out
;contador_personal.mbas,140 :: 		delay_ms(1000)
0x02A4	0x3006      	MOVLW      6
0x02A5	0x00FB      	MOVWF      R11
0x02A6	0x3013      	MOVLW      19
0x02A7	0x00FC      	MOVWF      R12
0x02A8	0x30AD      	MOVLW      173
0x02A9	0x00FD      	MOVWF      R13
L__main46:
0x02AA	0x0BFD      	DECFSZ     R13, 1
0x02AB	0x2AAA      	GOTO       L__main46
0x02AC	0x0BFC      	DECFSZ     R12, 1
0x02AD	0x2AAA      	GOTO       L__main46
0x02AE	0x0BFB      	DECFSZ     R11, 1
0x02AF	0x2AAA      	GOTO       L__main46
0x02B0	0x0000      	NOP
0x02B1	0x0000      	NOP
;contador_personal.mbas,141 :: 		Lcd_Cmd(_LCD_CLEAR)
0x02B2	0x3001      	MOVLW      1
0x02B3	0x00D5      	MOVWF      FARG_Lcd_Cmd_out_char
0x02B4	0x2018      	CALL       _Lcd_Cmd
;contador_personal.mbas,142 :: 		Lcd_Cmd(_LCD_CURSOR_OFF)
0x02B5	0x300C      	MOVLW      12
0x02B6	0x00D5      	MOVWF      FARG_Lcd_Cmd_out_char
0x02B7	0x2018      	CALL       _Lcd_Cmd
;contador_personal.mbas,143 :: 		Lcd_Out(1, 1, "NUMERO PERSONAL:") ' lo que se va a mostrar en la linea 1
0x02B8	0x3001      	MOVLW      1
0x02B9	0x00CD      	MOVWF      FARG_Lcd_Out_row
0x02BA	0x3001      	MOVLW      1
0x02BB	0x00CE      	MOVWF      FARG_Lcd_Out_column
0x02BC	0x303A      	MOVLW      _main_Local_Text
0x02BD	0x0084      	MOVWF      FSR
0x02BE	0x304E      	MOVLW      78
0x02BF	0x0080      	MOVWF      INDF
0x02C0	0x0A84      	INCF       FSR, 1
0x02C1	0x3055      	MOVLW      85
0x02C2	0x0080      	MOVWF      INDF
0x02C3	0x0A84      	INCF       FSR, 1
0x02C4	0x304D      	MOVLW      77
0x02C5	0x0080      	MOVWF      INDF
0x02C6	0x0A84      	INCF       FSR, 1
0x02C7	0x3045      	MOVLW      69
0x02C8	0x0080      	MOVWF      INDF
0x02C9	0x0A84      	INCF       FSR, 1
0x02CA	0x3052      	MOVLW      82
0x02CB	0x0080      	MOVWF      INDF
0x02CC	0x0A84      	INCF       FSR, 1
0x02CD	0x304F      	MOVLW      79
0x02CE	0x0080      	MOVWF      INDF
0x02CF	0x0A84      	INCF       FSR, 1
0x02D0	0x3020      	MOVLW      32
0x02D1	0x0080      	MOVWF      INDF
0x02D2	0x0A84      	INCF       FSR, 1
0x02D3	0x3050      	MOVLW      80
0x02D4	0x0080      	MOVWF      INDF
0x02D5	0x0A84      	INCF       FSR, 1
0x02D6	0x3045      	MOVLW      69
0x02D7	0x0080      	MOVWF      INDF
0x02D8	0x0A84      	INCF       FSR, 1
0x02D9	0x3052      	MOVLW      82
0x02DA	0x0080      	MOVWF      INDF
0x02DB	0x0A84      	INCF       FSR, 1
0x02DC	0x3053      	MOVLW      83
0x02DD	0x0080      	MOVWF      INDF
0x02DE	0x0A84      	INCF       FSR, 1
0x02DF	0x304F      	MOVLW      79
0x02E0	0x0080      	MOVWF      INDF
0x02E1	0x0A84      	INCF       FSR, 1
0x02E2	0x304E      	MOVLW      78
0x02E3	0x0080      	MOVWF      INDF
0x02E4	0x0A84      	INCF       FSR, 1
0x02E5	0x3041      	MOVLW      65
0x02E6	0x0080      	MOVWF      INDF
0x02E7	0x0A84      	INCF       FSR, 1
0x02E8	0x304C      	MOVLW      76
0x02E9	0x0080      	MOVWF      INDF
0x02EA	0x0A84      	INCF       FSR, 1
0x02EB	0x303A      	MOVLW      58
0x02EC	0x0080      	MOVWF      INDF
0x02ED	0x0A84      	INCF       FSR, 1
0x02EE	0x0180      	CLRF       INDF
0x02EF	0x0A84      	INCF       FSR, 1
0x02F0	0x303A      	MOVLW      _main_Local_Text
0x02F1	0x00CF      	MOVWF      FARG_Lcd_Out_text
0x02F2	0x2164      	CALL       _Lcd_Out
;contador_personal.mbas,144 :: 		distancia1= ultrasonico1()
0x02F3	0x20DF      	CALL       contador_personal_ultrasonico1
0x02F4	0x0870      	MOVF       R0, 0
0x02F5	0x00AD      	MOVWF      _distancia1
0x02F6	0x0871      	MOVF       R0+1, 0
0x02F7	0x00AE      	MOVWF      _distancia1+1
;contador_personal.mbas,145 :: 		turno=0
0x02F8	0x102C      	BCF        _turno, BitPos(_turno+0)
;contador_personal.mbas,147 :: 		WHILE(1)
L__main48:
;contador_personal.mbas,149 :: 		distancia1= ultrasonico1()
0x02F9	0x20DF      	CALL       contador_personal_ultrasonico1
0x02FA	0x0870      	MOVF       R0, 0
0x02FB	0x00AD      	MOVWF      _distancia1
0x02FC	0x0871      	MOVF       R0+1, 0
0x02FD	0x00AE      	MOVWF      _distancia1+1
;contador_personal.mbas,151 :: 		if distancia1<30 then
0x02FE	0x3000      	MOVLW      0
0x02FF	0x0271      	SUBWF      R0+1, 0
0x0300	0x1D03      	BTFSS      STATUS, 2
0x0301	0x2B04      	GOTO       L__main88
0x0302	0x301E      	MOVLW      30
0x0303	0x0270      	SUBWF      R0, 0
L__main88:
0x0304	0x1803      	BTFSC      STATUS, 0
0x0305	0x2B28      	GOTO       L__main53
;contador_personal.mbas,152 :: 		while(distancia1<30)
L__main56:
0x0306	0x3000      	MOVLW      0
0x0307	0x022E      	SUBWF      _distancia1+1, 0
0x0308	0x1D03      	BTFSS      STATUS, 2
0x0309	0x2B0C      	GOTO       L__main89
0x030A	0x301E      	MOVLW      30
0x030B	0x022D      	SUBWF      _distancia1, 0
L__main89:
0x030C	0x1803      	BTFSC      STATUS, 0
0x030D	0x2B15      	GOTO       L__main57
;contador_personal.mbas,153 :: 		distancia1= ultrasonico1()
0x030E	0x20DF      	CALL       contador_personal_ultrasonico1
0x030F	0x0870      	MOVF       R0, 0
0x0310	0x00AD      	MOVWF      _distancia1
0x0311	0x0871      	MOVF       R0+1, 0
0x0312	0x00AE      	MOVWF      _distancia1+1
;contador_personal.mbas,154 :: 		PORTB.RB0=1
0x0313	0x1406      	BSF        PORTB, 0
;contador_personal.mbas,155 :: 		wend
0x0314	0x2B06      	GOTO       L__main56
L__main57:
;contador_personal.mbas,156 :: 		Delay_ms(500)
0x0315	0x3003      	MOVLW      3
0x0316	0x00FB      	MOVWF      R11
0x0317	0x308A      	MOVLW      138
0x0318	0x00FC      	MOVWF      R12
0x0319	0x3055      	MOVLW      85
0x031A	0x00FD      	MOVWF      R13
L__main60:
0x031B	0x0BFD      	DECFSZ     R13, 1
0x031C	0x2B1B      	GOTO       L__main60
0x031D	0x0BFC      	DECFSZ     R12, 1
0x031E	0x2B1B      	GOTO       L__main60
0x031F	0x0BFB      	DECFSZ     R11, 1
0x0320	0x2B1B      	GOTO       L__main60
0x0321	0x0000      	NOP
0x0322	0x0000      	NOP
;contador_personal.mbas,157 :: 		PORTB.RB0=0
0x0323	0x1006      	BCF        PORTB, 0
;contador_personal.mbas,158 :: 		INC(CONTADOR)
0x0324	0x0AB6      	INCF       _CONTADOR, 1
0x0325	0x1903      	BTFSC      STATUS, 2
0x0326	0x0AB7      	INCF       _CONTADOR+1, 1
;contador_personal.mbas,159 :: 		INC(personal)
0x0327	0x0AB3      	INCF       _personal, 1
L__main53:
;contador_personal.mbas,162 :: 		if (CONTADOR>0)AND(CONTADOR<=255) then
0x0328	0x0837      	MOVF       _CONTADOR+1, 0
0x0329	0x3C00      	SUBLW      0
0x032A	0x1D03      	BTFSS      STATUS, 2
0x032B	0x2B2E      	GOTO       L__main90
0x032C	0x0836      	MOVF       _CONTADOR, 0
0x032D	0x3C00      	SUBLW      0
L__main90:
0x032E	0x30FF      	MOVLW      255
0x032F	0x1803      	BTFSC      STATUS, 0
0x0330	0x3000      	MOVLW      0
0x0331	0x00F1      	MOVWF      R1
0x0332	0x0837      	MOVF       _CONTADOR+1, 0
0x0333	0x3C00      	SUBLW      0
0x0334	0x1D03      	BTFSS      STATUS, 2
0x0335	0x2B38      	GOTO       L__main91
0x0336	0x0836      	MOVF       _CONTADOR, 0
0x0337	0x3CFF      	SUBLW      255
L__main91:
0x0338	0x30FF      	MOVLW      255
0x0339	0x1C03      	BTFSS      STATUS, 0
0x033A	0x3000      	MOVLW      0
0x033B	0x00F0      	MOVWF      R0
0x033C	0x0871      	MOVF       R1, 0
0x033D	0x05F0      	ANDWF      R0, 1
0x033E	0x1903      	BTFSC      STATUS, 2
0x033F	0x2B4F      	GOTO       L__main62
;contador_personal.mbas,163 :: 		EEPROM_Write(0X10,personal+CONTADOR2)
0x0340	0x3010      	MOVLW      16
0x0341	0x00CD      	MOVWF      FARG_EEPROM_Write_address
0x0342	0x0834      	MOVF       _CONTADOR2, 0
0x0343	0x0733      	ADDWF      _personal, 0
0x0344	0x00CE      	MOVWF      FARG_EEPROM_Write_data_
0x0345	0x20BE      	CALL       _EEPROM_Write
;contador_personal.mbas,164 :: 		Delay_ms(25)
0x0346	0x3021      	MOVLW      33
0x0347	0x00FC      	MOVWF      R12
0x0348	0x3076      	MOVLW      118
0x0349	0x00FD      	MOVWF      R13
L__main64:
0x034A	0x0BFD      	DECFSZ     R13, 1
0x034B	0x2B4A      	GOTO       L__main64
0x034C	0x0BFC      	DECFSZ     R12, 1
0x034D	0x2B4A      	GOTO       L__main64
0x034E	0x0000      	NOP
L__main62:
;contador_personal.mbas,167 :: 		if (CONTADOR>255)AND(CONTADOR<=510) then
0x034F	0x1283      	BCF        STATUS, 5
0x0350	0x1303      	BCF        STATUS, 6
0x0351	0x0837      	MOVF       _CONTADOR+1, 0
0x0352	0x3C00      	SUBLW      0
0x0353	0x1D03      	BTFSS      STATUS, 2
0x0354	0x2B57      	GOTO       L__main92
0x0355	0x0836      	MOVF       _CONTADOR, 0
0x0356	0x3CFF      	SUBLW      255
L__main92:
0x0357	0x30FF      	MOVLW      255
0x0358	0x1803      	BTFSC      STATUS, 0
0x0359	0x3000      	MOVLW      0
0x035A	0x00F1      	MOVWF      R1
0x035B	0x0837      	MOVF       _CONTADOR+1, 0
0x035C	0x3C01      	SUBLW      1
0x035D	0x1D03      	BTFSS      STATUS, 2
0x035E	0x2B61      	GOTO       L__main93
0x035F	0x0836      	MOVF       _CONTADOR, 0
0x0360	0x3CFE      	SUBLW      254
L__main93:
0x0361	0x30FF      	MOVLW      255
0x0362	0x1C03      	BTFSS      STATUS, 0
0x0363	0x3000      	MOVLW      0
0x0364	0x00F0      	MOVWF      R0
0x0365	0x0871      	MOVF       R1, 0
0x0366	0x05F0      	ANDWF      R0, 1
0x0367	0x1903      	BTFSC      STATUS, 2
0x0368	0x2B78      	GOTO       L__main66
;contador_personal.mbas,168 :: 		EEPROM_Write(0X20,personal+CONTADOR3)
0x0369	0x3020      	MOVLW      32
0x036A	0x00CD      	MOVWF      FARG_EEPROM_Write_address
0x036B	0x0824      	MOVF       _CONTADOR3, 0
0x036C	0x0733      	ADDWF      _personal, 0
0x036D	0x00CE      	MOVWF      FARG_EEPROM_Write_data_
0x036E	0x20BE      	CALL       _EEPROM_Write
;contador_personal.mbas,169 :: 		Delay_ms(25)
0x036F	0x3021      	MOVLW      33
0x0370	0x00FC      	MOVWF      R12
0x0371	0x3076      	MOVLW      118
0x0372	0x00FD      	MOVWF      R13
L__main68:
0x0373	0x0BFD      	DECFSZ     R13, 1
0x0374	0x2B73      	GOTO       L__main68
0x0375	0x0BFC      	DECFSZ     R12, 1
0x0376	0x2B73      	GOTO       L__main68
0x0377	0x0000      	NOP
L__main66:
;contador_personal.mbas,171 :: 		if (CONTADOR>510)AND(CONTADOR<=765) then
0x0378	0x1283      	BCF        STATUS, 5
0x0379	0x1303      	BCF        STATUS, 6
0x037A	0x0837      	MOVF       _CONTADOR+1, 0
0x037B	0x3C01      	SUBLW      1
0x037C	0x1D03      	BTFSS      STATUS, 2
0x037D	0x2B80      	GOTO       L__main94
0x037E	0x0836      	MOVF       _CONTADOR, 0
0x037F	0x3CFE      	SUBLW      254
L__main94:
0x0380	0x30FF      	MOVLW      255
0x0381	0x1803      	BTFSC      STATUS, 0
0x0382	0x3000      	MOVLW      0
0x0383	0x00F1      	MOVWF      R1
0x0384	0x0837      	MOVF       _CONTADOR+1, 0
0x0385	0x3C02      	SUBLW      2
0x0386	0x1D03      	BTFSS      STATUS, 2
0x0387	0x2B8A      	GOTO       L__main95
0x0388	0x0836      	MOVF       _CONTADOR, 0
0x0389	0x3CFD      	SUBLW      253
L__main95:
0x038A	0x30FF      	MOVLW      255
0x038B	0x1C03      	BTFSS      STATUS, 0
0x038C	0x3000      	MOVLW      0
0x038D	0x00F0      	MOVWF      R0
0x038E	0x0871      	MOVF       R1, 0
0x038F	0x05F0      	ANDWF      R0, 1
0x0390	0x1903      	BTFSC      STATUS, 2
0x0391	0x2BA1      	GOTO       L__main70
;contador_personal.mbas,172 :: 		EEPROM_Write(0X40,personal+CONTADOR4)
0x0392	0x3040      	MOVLW      64
0x0393	0x00CD      	MOVWF      FARG_EEPROM_Write_address
0x0394	0x0822      	MOVF       _CONTADOR4, 0
0x0395	0x0733      	ADDWF      _personal, 0
0x0396	0x00CE      	MOVWF      FARG_EEPROM_Write_data_
0x0397	0x20BE      	CALL       _EEPROM_Write
;contador_personal.mbas,173 :: 		Delay_ms(25)
0x0398	0x3021      	MOVLW      33
0x0399	0x00FC      	MOVWF      R12
0x039A	0x3076      	MOVLW      118
0x039B	0x00FD      	MOVWF      R13
L__main72:
0x039C	0x0BFD      	DECFSZ     R13, 1
0x039D	0x2B9C      	GOTO       L__main72
0x039E	0x0BFC      	DECFSZ     R12, 1
0x039F	0x2B9C      	GOTO       L__main72
0x03A0	0x0000      	NOP
L__main70:
;contador_personal.mbas,176 :: 		if (CONTADOR>765)AND(CONTADOR<=1020) then
0x03A1	0x1283      	BCF        STATUS, 5
0x03A2	0x1303      	BCF        STATUS, 6
0x03A3	0x0837      	MOVF       _CONTADOR+1, 0
0x03A4	0x3C02      	SUBLW      2
0x03A5	0x1D03      	BTFSS      STATUS, 2
0x03A6	0x2BA9      	GOTO       L__main96
0x03A7	0x0836      	MOVF       _CONTADOR, 0
0x03A8	0x3CFD      	SUBLW      253
L__main96:
0x03A9	0x30FF      	MOVLW      255
0x03AA	0x1803      	BTFSC      STATUS, 0
0x03AB	0x3000      	MOVLW      0
0x03AC	0x00F1      	MOVWF      R1
0x03AD	0x0837      	MOVF       _CONTADOR+1, 0
0x03AE	0x3C03      	SUBLW      3
0x03AF	0x1D03      	BTFSS      STATUS, 2
0x03B0	0x2BB3      	GOTO       L__main97
0x03B1	0x0836      	MOVF       _CONTADOR, 0
0x03B2	0x3CFC      	SUBLW      252
L__main97:
0x03B3	0x30FF      	MOVLW      255
0x03B4	0x1C03      	BTFSS      STATUS, 0
0x03B5	0x3000      	MOVLW      0
0x03B6	0x00F0      	MOVWF      R0
0x03B7	0x0871      	MOVF       R1, 0
0x03B8	0x05F0      	ANDWF      R0, 1
0x03B9	0x1903      	BTFSC      STATUS, 2
0x03BA	0x2BCA      	GOTO       L__main74
;contador_personal.mbas,177 :: 		EEPROM_Write(0X50,personal+CONTADOR5)
0x03BB	0x3050      	MOVLW      80
0x03BC	0x00CD      	MOVWF      FARG_EEPROM_Write_address
0x03BD	0x0820      	MOVF       _CONTADOR5, 0
0x03BE	0x0733      	ADDWF      _personal, 0
0x03BF	0x00CE      	MOVWF      FARG_EEPROM_Write_data_
0x03C0	0x20BE      	CALL       _EEPROM_Write
;contador_personal.mbas,178 :: 		Delay_ms(25)
0x03C1	0x3021      	MOVLW      33
0x03C2	0x00FC      	MOVWF      R12
0x03C3	0x3076      	MOVLW      118
0x03C4	0x00FD      	MOVWF      R13
L__main76:
0x03C5	0x0BFD      	DECFSZ     R13, 1
0x03C6	0x2BC5      	GOTO       L__main76
0x03C7	0x0BFC      	DECFSZ     R12, 1
0x03C8	0x2BC5      	GOTO       L__main76
0x03C9	0x0000      	NOP
L__main74:
;contador_personal.mbas,181 :: 		EEPROM_Write(0X30,personal)
0x03CA	0x3030      	MOVLW      48
0x03CB	0x1283      	BCF        STATUS, 5
0x03CC	0x1303      	BCF        STATUS, 6
0x03CD	0x00CD      	MOVWF      FARG_EEPROM_Write_address
0x03CE	0x0833      	MOVF       _personal, 0
0x03CF	0x00CE      	MOVWF      FARG_EEPROM_Write_data_
0x03D0	0x20BE      	CALL       _EEPROM_Write
;contador_personal.mbas,183 :: 		if personal=255 then
0x03D1	0x1283      	BCF        STATUS, 5
0x03D2	0x1303      	BCF        STATUS, 6
0x03D3	0x0833      	MOVF       _personal, 0
0x03D4	0x3AFF      	XORLW      255
0x03D5	0x1D03      	BTFSS      STATUS, 2
0x03D6	0x2BD8      	GOTO       L__main78
;contador_personal.mbas,184 :: 		personal=0
0x03D7	0x01B3      	CLRF       _personal
L__main78:
;contador_personal.mbas,188 :: 		CONTADOR=EEPROM_Read($10)+EEPROM_Read($20)+EEPROM_Read($40)+EEPROM_Read($50)  -3*PERSONAL
0x03D8	0x3010      	MOVLW      16
0x03D9	0x00CD      	MOVWF      FARG_EEPROM_Read_address
0x03DA	0x212B      	CALL       _EEPROM_Read
0x03DB	0x0870      	MOVF       R0, 0
0x03DC	0x1303      	BCF        STATUS, 6
0x03DD	0x00CB      	MOVWF      FLOC__main
0x03DE	0x3020      	MOVLW      32
0x03DF	0x00CD      	MOVWF      FARG_EEPROM_Read_address
0x03E0	0x212B      	CALL       _EEPROM_Read
0x03E1	0x1303      	BCF        STATUS, 6
0x03E2	0x084B      	MOVF       FLOC__main, 0
0x03E3	0x00F1      	MOVWF      R1
0x03E4	0x01F2      	CLRF       R1+1
0x03E5	0x0870      	MOVF       R0, 0
0x03E6	0x0771      	ADDWF      R1, 0
0x03E7	0x00CB      	MOVWF      FLOC__main
0x03E8	0x0872      	MOVF       R1+1, 0
0x03E9	0x1803      	BTFSC      STATUS, 0
0x03EA	0x3E01      	ADDLW      1
0x03EB	0x00CC      	MOVWF      FLOC__main+1
0x03EC	0x3040      	MOVLW      64
0x03ED	0x00CD      	MOVWF      FARG_EEPROM_Read_address
0x03EE	0x212B      	CALL       _EEPROM_Read
0x03EF	0x0870      	MOVF       R0, 0
0x03F0	0x1303      	BCF        STATUS, 6
0x03F1	0x07CB      	ADDWF      FLOC__main, 1
0x03F2	0x1803      	BTFSC      STATUS, 0
0x03F3	0x0ACC      	INCF       FLOC__main+1, 1
0x03F4	0x3050      	MOVLW      80
0x03F5	0x00CD      	MOVWF      FARG_EEPROM_Read_address
0x03F6	0x212B      	CALL       _EEPROM_Read
0x03F7	0x0870      	MOVF       R0, 0
0x03F8	0x1303      	BCF        STATUS, 6
0x03F9	0x074B      	ADDWF      FLOC__main, 0
0x03FA	0x00B6      	MOVWF      _CONTADOR
0x03FB	0x084C      	MOVF       FLOC__main+1, 0
0x03FC	0x1803      	BTFSC      STATUS, 0
0x03FD	0x3E01      	ADDLW      1
0x03FE	0x00B7      	MOVWF      _CONTADOR+1
0x03FF	0x3003      	MOVLW      3
0x0400	0x00F0      	MOVWF      R0
0x0401	0x01F1      	CLRF       R0+1
0x0402	0x0833      	MOVF       _personal, 0
0x0403	0x00F4      	MOVWF      R4
0x0404	0x01F5      	CLRF       R4+1
0x0405	0x2139      	CALL       _Mul_16x16_U
0x0406	0x0870      	MOVF       R0, 0
0x0407	0x02B6      	SUBWF      _CONTADOR, 1
0x0408	0x1C03      	BTFSS      STATUS, 0
0x0409	0x03B7      	DECF       _CONTADOR+1, 1
0x040A	0x0871      	MOVF       R0+1, 0
0x040B	0x02B7      	SUBWF      _CONTADOR+1, 1
;contador_personal.mbas,189 :: 		Delay_ms(25)
0x040C	0x3021      	MOVLW      33
0x040D	0x00FC      	MOVWF      R12
0x040E	0x3076      	MOVLW      118
0x040F	0x00FD      	MOVWF      R13
L__main80:
0x0410	0x0BFD      	DECFSZ     R13, 1
0x0411	0x2C10      	GOTO       L__main80
0x0412	0x0BFC      	DECFSZ     R12, 1
0x0413	0x2C10      	GOTO       L__main80
0x0414	0x0000      	NOP
;contador_personal.mbas,190 :: 		WordToStr(CONTADOR,text2)
0x0415	0x0836      	MOVF       _CONTADOR, 0
0x0416	0x00CD      	MOVWF      FARG_WordToStr_input
0x0417	0x0837      	MOVF       _CONTADOR+1, 0
0x0418	0x00CE      	MOVWF      FARG_WordToStr_input+1
0x0419	0x3026      	MOVLW      _text2
0x041A	0x00CF      	MOVWF      FARG_WordToStr_output
0x041B	0x207D      	CALL       _WordToStr
;contador_personal.mbas,191 :: 		Lcd_Out(2,2,"N")
0x041C	0x3002      	MOVLW      2
0x041D	0x00CD      	MOVWF      FARG_Lcd_Out_row
0x041E	0x3002      	MOVLW      2
0x041F	0x00CE      	MOVWF      FARG_Lcd_Out_column
0x0420	0x304E      	MOVLW      78
0x0421	0x00BA      	MOVWF      _main_Local_Text
0x0422	0x01BB      	CLRF       _main_Local_Text+1
0x0423	0x303A      	MOVLW      _main_Local_Text
0x0424	0x00CF      	MOVWF      FARG_Lcd_Out_text
0x0425	0x2164      	CALL       _Lcd_Out
;contador_personal.mbas,192 :: 		Lcd_Out(2,3,"=")
0x0426	0x3002      	MOVLW      2
0x0427	0x00CD      	MOVWF      FARG_Lcd_Out_row
0x0428	0x3003      	MOVLW      3
0x0429	0x00CE      	MOVWF      FARG_Lcd_Out_column
0x042A	0x303D      	MOVLW      61
0x042B	0x00BA      	MOVWF      _main_Local_Text
0x042C	0x01BB      	CLRF       _main_Local_Text+1
0x042D	0x303A      	MOVLW      _main_Local_Text
0x042E	0x00CF      	MOVWF      FARG_Lcd_Out_text
0x042F	0x2164      	CALL       _Lcd_Out
;contador_personal.mbas,193 :: 		Lcd_Out(2,4,text2)
0x0430	0x3002      	MOVLW      2
0x0431	0x00CD      	MOVWF      FARG_Lcd_Out_row
0x0432	0x3004      	MOVLW      4
0x0433	0x00CE      	MOVWF      FARG_Lcd_Out_column
0x0434	0x3026      	MOVLW      _text2
0x0435	0x00CF      	MOVWF      FARG_Lcd_Out_text
0x0436	0x2164      	CALL       _Lcd_Out
;contador_personal.mbas,196 :: 		if PORTE.RE3=0 then
0x0437	0x1989      	BTFSC      PORTE, 3
0x0438	0x2CB6      	GOTO       L__main82
;contador_personal.mbas,197 :: 		Lcd_Cmd(_LCD_CLEAR)
0x0439	0x3001      	MOVLW      1
0x043A	0x00D5      	MOVWF      FARG_Lcd_Cmd_out_char
0x043B	0x2018      	CALL       _Lcd_Cmd
;contador_personal.mbas,198 :: 		CONTADOR=0
0x043C	0x01B6      	CLRF       _CONTADOR
0x043D	0x01B7      	CLRF       _CONTADOR+1
;contador_personal.mbas,199 :: 		CONTADOR2=0
0x043E	0x01B4      	CLRF       _CONTADOR2
0x043F	0x01B5      	CLRF       _CONTADOR2+1
;contador_personal.mbas,200 :: 		CONTADOR3=0
0x0440	0x01A4      	CLRF       _CONTADOR3
0x0441	0x01A5      	CLRF       _CONTADOR3+1
;contador_personal.mbas,201 :: 		CONTADOR4=0
0x0442	0x01A2      	CLRF       _CONTADOR4
0x0443	0x01A3      	CLRF       _CONTADOR4+1
;contador_personal.mbas,202 :: 		CONTADOR5=0
0x0444	0x01A0      	CLRF       _CONTADOR5
0x0445	0x01A1      	CLRF       _CONTADOR5+1
;contador_personal.mbas,203 :: 		PERSONAL=0
0x0446	0x01B3      	CLRF       _personal
;contador_personal.mbas,204 :: 		EEPROM_write($10,0x00)
0x0447	0x3010      	MOVLW      16
0x0448	0x00CD      	MOVWF      FARG_EEPROM_Write_address
0x0449	0x01CE      	CLRF       FARG_EEPROM_Write_data_
0x044A	0x20BE      	CALL       _EEPROM_Write
;contador_personal.mbas,205 :: 		EEPROM_write($20,0x00)
0x044B	0x3020      	MOVLW      32
0x044C	0x1283      	BCF        STATUS, 5
0x044D	0x1303      	BCF        STATUS, 6
0x044E	0x00CD      	MOVWF      FARG_EEPROM_Write_address
0x044F	0x01CE      	CLRF       FARG_EEPROM_Write_data_
0x0450	0x20BE      	CALL       _EEPROM_Write
;contador_personal.mbas,206 :: 		EEPROM_write($40,0x00)
0x0451	0x3040      	MOVLW      64
0x0452	0x1283      	BCF        STATUS, 5
0x0453	0x1303      	BCF        STATUS, 6
0x0454	0x00CD      	MOVWF      FARG_EEPROM_Write_address
0x0455	0x01CE      	CLRF       FARG_EEPROM_Write_data_
0x0456	0x20BE      	CALL       _EEPROM_Write
;contador_personal.mbas,207 :: 		Lcd_Out(1, 1, "NUMERO PERSONAL:") ' lo que se va a mostrar en la linea 1
0x0457	0x3001      	MOVLW      1
0x0458	0x1283      	BCF        STATUS, 5
0x0459	0x1303      	BCF        STATUS, 6
0x045A	0x00CD      	MOVWF      FARG_Lcd_Out_row
0x045B	0x3001      	MOVLW      1
0x045C	0x00CE      	MOVWF      FARG_Lcd_Out_column
0x045D	0x303A      	MOVLW      _main_Local_Text
0x045E	0x0084      	MOVWF      FSR
0x045F	0x304E      	MOVLW      78
0x0460	0x0080      	MOVWF      INDF
0x0461	0x0A84      	INCF       FSR, 1
0x0462	0x3055      	MOVLW      85
0x0463	0x0080      	MOVWF      INDF
0x0464	0x0A84      	INCF       FSR, 1
0x0465	0x304D      	MOVLW      77
0x0466	0x0080      	MOVWF      INDF
0x0467	0x0A84      	INCF       FSR, 1
0x0468	0x3045      	MOVLW      69
0x0469	0x0080      	MOVWF      INDF
0x046A	0x0A84      	INCF       FSR, 1
0x046B	0x3052      	MOVLW      82
0x046C	0x0080      	MOVWF      INDF
0x046D	0x0A84      	INCF       FSR, 1
0x046E	0x304F      	MOVLW      79
0x046F	0x0080      	MOVWF      INDF
0x0470	0x0A84      	INCF       FSR, 1
0x0471	0x3020      	MOVLW      32
0x0472	0x0080      	MOVWF      INDF
0x0473	0x0A84      	INCF       FSR, 1
0x0474	0x3050      	MOVLW      80
0x0475	0x0080      	MOVWF      INDF
0x0476	0x0A84      	INCF       FSR, 1
0x0477	0x3045      	MOVLW      69
0x0478	0x0080      	MOVWF      INDF
0x0479	0x0A84      	INCF       FSR, 1
0x047A	0x3052      	MOVLW      82
0x047B	0x0080      	MOVWF      INDF
0x047C	0x0A84      	INCF       FSR, 1
0x047D	0x3053      	MOVLW      83
0x047E	0x0080      	MOVWF      INDF
0x047F	0x0A84      	INCF       FSR, 1
0x0480	0x304F      	MOVLW      79
0x0481	0x0080      	MOVWF      INDF
0x0482	0x0A84      	INCF       FSR, 1
0x0483	0x304E      	MOVLW      78
0x0484	0x0080      	MOVWF      INDF
0x0485	0x0A84      	INCF       FSR, 1
0x0486	0x3041      	MOVLW      65
0x0487	0x0080      	MOVWF      INDF
0x0488	0x0A84      	INCF       FSR, 1
0x0489	0x304C      	MOVLW      76
0x048A	0x0080      	MOVWF      INDF
0x048B	0x0A84      	INCF       FSR, 1
0x048C	0x303A      	MOVLW      58
0x048D	0x0080      	MOVWF      INDF
0x048E	0x0A84      	INCF       FSR, 1
0x048F	0x0180      	CLRF       INDF
0x0490	0x0A84      	INCF       FSR, 1
0x0491	0x303A      	MOVLW      _main_Local_Text
0x0492	0x00CF      	MOVWF      FARG_Lcd_Out_text
0x0493	0x2164      	CALL       _Lcd_Out
;contador_personal.mbas,208 :: 		WordToStr(CONTADOR,text2)
0x0494	0x0836      	MOVF       _CONTADOR, 0
0x0495	0x00CD      	MOVWF      FARG_WordToStr_input
0x0496	0x0837      	MOVF       _CONTADOR+1, 0
0x0497	0x00CE      	MOVWF      FARG_WordToStr_input+1
0x0498	0x3026      	MOVLW      _text2
0x0499	0x00CF      	MOVWF      FARG_WordToStr_output
0x049A	0x207D      	CALL       _WordToStr
;contador_personal.mbas,209 :: 		Lcd_Out(2,2,"N")
0x049B	0x3002      	MOVLW      2
0x049C	0x00CD      	MOVWF      FARG_Lcd_Out_row
0x049D	0x3002      	MOVLW      2
0x049E	0x00CE      	MOVWF      FARG_Lcd_Out_column
0x049F	0x304E      	MOVLW      78
0x04A0	0x00BA      	MOVWF      _main_Local_Text
0x04A1	0x01BB      	CLRF       _main_Local_Text+1
0x04A2	0x303A      	MOVLW      _main_Local_Text
0x04A3	0x00CF      	MOVWF      FARG_Lcd_Out_text
0x04A4	0x2164      	CALL       _Lcd_Out
;contador_personal.mbas,210 :: 		Lcd_Out(2,3,"=")
0x04A5	0x3002      	MOVLW      2
0x04A6	0x00CD      	MOVWF      FARG_Lcd_Out_row
0x04A7	0x3003      	MOVLW      3
0x04A8	0x00CE      	MOVWF      FARG_Lcd_Out_column
0x04A9	0x303D      	MOVLW      61
0x04AA	0x00BA      	MOVWF      _main_Local_Text
0x04AB	0x01BB      	CLRF       _main_Local_Text+1
0x04AC	0x303A      	MOVLW      _main_Local_Text
0x04AD	0x00CF      	MOVWF      FARG_Lcd_Out_text
0x04AE	0x2164      	CALL       _Lcd_Out
;contador_personal.mbas,211 :: 		Lcd_Out(2,4,text2)
0x04AF	0x3002      	MOVLW      2
0x04B0	0x00CD      	MOVWF      FARG_Lcd_Out_row
0x04B1	0x3004      	MOVLW      4
0x04B2	0x00CE      	MOVWF      FARG_Lcd_Out_column
0x04B3	0x3026      	MOVLW      _text2
0x04B4	0x00CF      	MOVWF      FARG_Lcd_Out_text
0x04B5	0x2164      	CALL       _Lcd_Out
L__main82:
;contador_personal.mbas,219 :: 		WEND
0x04B6	0x2AF9      	GOTO       L__main48
0x04B7	0x2CB7      	GOTO       $+0
; end of _main
Symbol List:
//** Routines locations **
//ADDRESS    SIZE    PROCEDURE
//----------------------------------------------
0x0003       [2]    _Delay_1us
0x0005      [11]    _Delay_5500us
0x0010       [8]    _Delay_50us
0x0018      [64]    _Lcd_Cmd
0x0058       [8]    _Lcd_Chr_CP
0x0060      [29]    _Div_16x16_U
0x007D      [65]    _WordToStr
0x00BE      [33]    _EEPROM_Write
0x00DF      [76]    contador_personal_ultrasonico1
0x012B      [14]    _EEPROM_Read
0x0139      [43]    _Mul_16x16_U
0x0164      [60]    _Lcd_Out
0x01A0      [78]    _Lcd_Init
0x01EE     [714]    _main
//** Variables locations ** 
//ADDRESS    SIZE    VARIABLE
//----------------------------------------------
0x0000       [1]    INDF
0x0001       [1]    TMR0
0x0002       [1]    PCL
0x0003       [0]    DC_bit
0x0003       [0]    C_bit
0x0003       [0]    Z_bit
0x0003       [0]    RP1_bit
0x0003       [0]    IRP_bit
0x0003       [1]    STATUS
0x0003       [0]    RP0_bit
0x0003       [0]    NOT_PD_bit
0x0003       [0]    NOT_TO_bit
0x0004       [1]    FSRPTR
0x0004       [1]    FSR
0x0005       [0]    LCD_EN
0x0005       [0]    LCD_D5
0x0005       [0]    RA5_bit
0x0005       [0]    RA4_bit
0x0005       [0]    RA1_bit
0x0005       [0]    RA2_bit
0x0005       [0]    LCD_D7
0x0005       [0]    RA3_bit
0x0005       [0]    RA0_bit
0x0005       [0]    RA6_bit
0x0005       [0]    RA7_bit
0x0005       [1]    PORTA
0x0006       [1]    PORTB
0x0006       [0]    LCD_RS
0x0006       [0]    RB0_bit
0x0006       [0]    RB3_bit
0x0006       [0]    RB6_bit
0x0006       [0]    RB2_bit
0x0006       [0]    RB7_bit
0x0006       [0]    RB5_bit
0x0006       [0]    RB1_bit
0x0006       [0]    RB4_bit
0x0007       [0]    RC7_bit
0x0007       [0]    RC4_bit
0x0007       [1]    PORTC
0x0007       [0]    RC6_bit
0x0007       [0]    RC5_bit
0x0007       [0]    RC1_bit
0x0007       [0]    LCD_D4
0x0007       [0]    RC0_bit
0x0007       [0]    RC2_bit
0x0007       [0]    LCD_D6
0x0007       [0]    RC3_bit
0x0009       [1]    PORTE
0x0009       [0]    RE3_bit
0x000A       [1]    PCLATH
0x000B       [0]    PEIE_bit
0x000B       [1]    INTCON
0x000B       [0]    T0IE_bit
0x000B       [0]    GIE_bit
0x000B       [0]    RBIF_bit
0x000B       [0]    T0IF_bit
0x000B       [0]    INTF_bit
0x000B       [0]    TMR0IF_bit
0x000B       [0]    INTE_bit
0x000B       [0]    TMR0IE_bit
0x000B       [0]    RBIE_bit
0x000C       [0]    TXIF_bit
0x000C       [0]    ADIF_bit
0x000C       [0]    RCIF_bit
0x000C       [0]    SSPIF_bit
0x000C       [0]    TMR1IF_bit
0x000C       [1]    PIR1
0x000C       [0]    CCP1IF_bit
0x000C       [0]    TMR2IF_bit
0x000D       [0]    C1IF_bit
0x000D       [0]    EEIF_bit
0x000D       [0]    OSFIF_bit
0x000D       [0]    C2IF_bit
0x000D       [0]    CCP2IF_bit
0x000D       [1]    PIR2
0x000D       [0]    BCLIF_bit
0x000D       [0]    ULPWUIF_bit
0x000E       [1]    TMR1L
0x000F       [1]    TMR1H
0x0010       [0]    T1INSYNC_bit
0x0010       [0]    T1CKPS1_bit
0x0010       [0]    T1GINV_bit
0x0010       [0]    T1CKPS0_bit
0x0010       [0]    NOT_T1SYNC_bit
0x0010       [0]    T1OSCEN_bit
0x0010       [0]    TMR1GE_bit
0x0010       [0]    TMR1CS_bit
0x0010       [0]    T1SYNC_bit
0x0010       [1]    T1CON
0x0010       [0]    TMR1ON_bit
0x0011       [1]    TMR2
0x0012       [0]    TOUTPS3_bit
0x0012       [1]    T2CON
0x0012       [0]    TOUTPS1_bit
0x0012       [0]    TOUTPS2_bit
0x0012       [0]    TOUTPS0_bit
0x0012       [0]    T2CKPS1_bit
0x0012       [0]    T2CKPS0_bit
0x0012       [0]    TMR2ON_bit
0x0013       [1]    SSPBUF
0x0014       [0]    SSPOV_bit
0x0014       [0]    SSPM3_bit
0x0014       [0]    SSPEN_bit
0x0014       [1]    SSPCON
0x0014       [0]    CKP_bit
0x0014       [0]    SSPM2_bit
0x0014       [0]    SSPM0_bit
0x0014       [0]    SSPM1_bit
0x0014       [0]    WCOL_bit
0x0015       [2]    CCPR1
0x0015       [1]    CCPR1L
0x0016       [1]    CCPR1H
0x0017       [1]    CCP1CON
0x0017       [0]    CCP1X_bit
0x0017       [0]    DC1B0_bit
0x0017       [0]    DC1B1_bit
0x0017       [0]    P1M1_bit
0x0017       [0]    P1M0_bit
0x0017       [0]    CCP1Y_bit
0x0017       [0]    CCP1M1_bit
0x0017       [0]    CCP1M0_bit
0x0017       [0]    CCP1M2_bit
0x0017       [0]    CCP1M3_bit
0x0018       [1]    RCSTA
0x0018       [0]    RX9D_bit
0x0018       [0]    CREN_bit
0x0018       [0]    SREN_bit
0x0018       [0]    ADDEN_bit
0x0018       [0]    FERR_bit
0x0018       [0]    OERR_bit
0x0018       [0]    RCD8_bit
0x0018       [0]    RX9_bit
0x0018       [0]    SPEN_bit
0x0018       [0]    NOT_RC8_bit
0x0018       [0]    RC8_9_bit
0x0018       [0]    RC9_bit
0x0019       [1]    TXREG
0x001A       [1]    RCREG
0x001B       [1]    CCPR2L
0x001B       [2]    CCPR2
0x001C       [1]    CCPR2H
0x001D       [0]    CCP2X_bit
0x001D       [0]    DC2B0_bit
0x001D       [0]    CCP2Y_bit
0x001D       [0]    DC2B1_bit
0x001D       [0]    CCP2M3_bit
0x001D       [0]    CCP2M0_bit
0x001D       [1]    CCP2CON
0x001D       [0]    CCP2M2_bit
0x001D       [0]    CCP2M1_bit
0x001E       [1]    ADRESH
0x001F       [0]    NOT_DONE_bit
0x001F       [0]    GO_bit
0x001F       [0]    GO_DONE_bit
0x001F       [1]    ADCON0
0x001F       [0]    ADON_bit
0x001F       [0]    CHS3_bit
0x001F       [0]    ADCS0_bit
0x001F       [0]    ADCS1_bit
0x001F       [0]    CHS0_bit
0x001F       [0]    CHS1_bit
0x001F       [0]    CHS2_bit
0x0020       [2]    _CONTADOR5
0x0022       [2]    _CONTADOR4
0x0024       [2]    _CONTADOR3
0x0026       [6]    _text2
0x002C       [0]    _turno
0x002C       [0]    __Lib_Lcd_cmd_status
0x002D       [2]    _distancia1
0x002F       [1]    _centinela1
0x0030       [1]    _dato_recep
0x0031       [1]    _dato
0x0032       [1]    _centinela2
0x0033       [1]    _personal
0x0034       [2]    _CONTADOR2
0x0036       [2]    _CONTADOR
0x0038       [2]    ___DoICPAddr
0x003A      [17]    _main_Local_Text
0x004B       [2]    FLOC__main
0x004D       [2]    FARG_WordToStr_input
0x004D       [1]    FARG_EEPROM_Read_address
0x004D       [2]    ultrasonico1_local_result
0x004D       [1]    FARG_Lcd_Out_row
0x004D       [1]    FARG_EEPROM_Write_address
0x004E       [1]    FARG_EEPROM_Write_data_
0x004E       [1]    FARG_Lcd_Out_column
0x004F       [1]    ultrasonico1_flanco
0x004F       [1]    FARG_Lcd_Out_text
0x004F       [1]    FARG_WordToStr_output
0x0050       [1]    WordToStr_ptr
0x0050       [1]    Lcd_Out_i
0x0050       [2]    ultrasonico1_distan
0x0052       [2]    ultrasonico1_tiempo
0x0054       [1]    FARG_Lcd_Chr_CP_Out_Char
0x0055       [1]    FARG_Lcd_Cmd_out_char
0x0070       [1]    R0
0x0071       [1]    R1
0x0072       [1]    R2
0x0073       [1]    R3
0x0074       [1]    R4
0x0075       [1]    R5
0x0076       [1]    R6
0x0077       [1]    R7
0x0078       [1]    R8
0x0079       [1]    R9
0x007A       [1]    R10
0x007B       [1]    R11
0x007C       [1]    R12
0x007D       [1]    R13
0x007E       [1]    R14
0x007F       [1]    R15
0x0081       [0]    INTEDG_bit
0x0081       [0]    PS2_bit
0x0081       [0]    NOT_RBPU_bit
0x0081       [0]    PS0_bit
0x0081       [0]    PSA_bit
0x0081       [0]    PS1_bit
0x0081       [0]    T0SE_bit
0x0081       [1]    OPTION_REG
0x0081       [0]    T0CS_bit
0x0085       [0]    TRISA4_bit
0x0085       [0]    LCD_D7_Direction
0x0085       [0]    TRISA1_bit
0x0085       [0]    LCD_D5_Direction
0x0085       [0]    TRISA0_bit
0x0085       [0]    TRISA3_bit
0x0085       [0]    TRISA7_bit
0x0085       [0]    TRISA2_bit
0x0085       [0]    TRISA6_bit
0x0085       [0]    LCD_EN_Direction
0x0085       [0]    TRISA5_bit
0x0085       [1]    TRISA
0x0086       [0]    TRISB5_bit
0x0086       [0]    TRISB7_bit
0x0086       [0]    TRISB0_bit
0x0086       [0]    TRISB1_bit
0x0086       [0]    TRISB6_bit
0x0086       [1]    TRISB
0x0086       [0]    LCD_RS_Direction
0x0086       [0]    TRISB3_bit
0x0086       [0]    TRISB4_bit
0x0086       [0]    TRISB2_bit
0x0087       [0]    TRISC4_bit
0x0087       [0]    TRISC0_bit
0x0087       [0]    TRISC1_bit
0x0087       [0]    TRISC2_bit
0x0087       [0]    TRISC3_bit
0x0087       [0]    LCD_D4_Direction
0x0087       [1]    TRISC
0x0087       [0]    TRISC6_bit
0x0087       [0]    TRISC7_bit
0x0087       [0]    TRISC5_bit
0x0087       [0]    LCD_D6_Direction
0x0089       [0]    TRISE3_bit
0x0089       [1]    TRISE
0x008C       [0]    SSPIE_bit
0x008C       [0]    TXIE_bit
0x008C       [0]    CCP1IE_bit
0x008C       [0]    TMR1IE_bit
0x008C       [0]    TMR2IE_bit
0x008C       [0]    RCIE_bit
0x008C       [0]    ADIE_bit
0x008C       [1]    PIE1
0x008D       [0]    EEIE_bit
0x008D       [0]    C1IE_bit
0x008D       [0]    C2IE_bit
0x008D       [0]    CCP2IE_bit
0x008D       [0]    ULPWUIE_bit
0x008D       [0]    BCLIE_bit
0x008D       [1]    PIE2
0x008D       [0]    OSFIE_bit
0x008E       [0]    NOT_BO_bit
0x008E       [0]    NOT_POR_bit
0x008E       [0]    SBOREN_bit
0x008E       [1]    PCON
0x008E       [0]    ULPWUE_bit
0x008E       [0]    NOT_BOR_bit
0x008F       [0]    IRCF1_bit
0x008F       [0]    IRCF0_bit
0x008F       [1]    OSCCON
0x008F       [0]    IRCF2_bit
0x008F       [0]    LTS_bit
0x008F       [0]    SCS_bit
0x008F       [0]    OSTS_bit
0x008F       [0]    HTS_bit
0x0090       [0]    TUN2_bit
0x0090       [0]    TUN1_bit
0x0090       [0]    TUN0_bit
0x0090       [1]    OSCTUNE
0x0090       [0]    TUN4_bit
0x0090       [0]    TUN3_bit
0x0091       [0]    RSEN_bit
0x0091       [0]    PEN_bit
0x0091       [0]    SEN_bit
0x0091       [1]    SSPCON2
0x0091       [0]    RCEN_bit
0x0091       [0]    ACKSTAT_bit
0x0091       [0]    GCEN_bit
0x0091       [0]    ACKEN_bit
0x0091       [0]    ACKDT_bit
0x0092       [1]    PR2
0x0093       [1]    SSPADD
0x0093       [1]    MSK
0x0093       [1]    SSPMSK
0x0094       [1]    SSPSTAT
0x0094       [0]    R_bit
0x0094       [0]    NOT_A_bit
0x0094       [0]    I2C_START__bit
0x0094       [0]    NOT_W_bit
0x0094       [0]    I2C_READ_bit
0x0094       [0]    CKE_bit
0x0094       [0]    NOT_ADDRESS_bit
0x0094       [0]    DATA_ADDRESS_bit
0x0094       [0]    I2C_STOP__bit
0x0094       [0]    P_bit
0x0094       [0]    S_bit
0x0094       [0]    D_A_bit
0x0094       [0]    SMP_bit
0x0094       [0]    R_W_bit
0x0094       [0]    NOT_WRITE_bit
0x0094       [0]    READ_WRITE_bit
0x0094       [0]    BF_bit
0x0094       [0]    UA_bit
0x0094       [0]    D_bit
0x0094       [0]    I2C_DATA_bit
0x0095       [0]    WPUB6_bit
0x0095       [0]    WPUB3_bit
0x0095       [0]    WPUB7_bit
0x0095       [0]    WPUB2_bit
0x0095       [0]    WPUB1_bit
0x0095       [0]    WPUB4_bit
0x0095       [0]    WPUB0_bit
0x0095       [1]    WPUB
0x0095       [0]    WPUB5_bit
0x0096       [0]    IOCB1_bit
0x0096       [0]    IOCB0_bit
0x0096       [0]    IOCB6_bit
0x0096       [0]    IOCB4_bit
0x0096       [0]    IOCB5_bit
0x0096       [0]    IOCB7_bit
0x0096       [0]    IOCB2_bit
0x0096       [0]    IOCB3_bit
0x0096       [1]    IOCB
0x0097       [0]    VRSS_bit
0x0097       [0]    VR3_bit
0x0097       [0]    VR0_bit
0x0097       [1]    VRCON
0x0097       [0]    VR2_bit
0x0097       [0]    VR1_bit
0x0097       [0]    VREN_bit
0x0097       [0]    VROE_bit
0x0097       [0]    VRR_bit
0x0098       [1]    TXSTA
0x0098       [0]    BRGH_bit
0x0098       [0]    TX9_bit
0x0098       [0]    NOT_TX8_bit
0x0098       [0]    TRMT_bit
0x0098       [0]    SYNC_bit
0x0098       [0]    TXEN_bit
0x0098       [0]    TX9D_bit
0x0098       [0]    TXD8_bit
0x0098       [0]    SENDB_bit
0x0098       [0]    TX8_9_bit
0x0098       [0]    CSRC_bit
0x0099       [0]    BRG5_bit
0x0099       [0]    BRG6_bit
0x0099       [0]    BRG0_bit
0x0099       [1]    SPBRG
0x0099       [0]    BRG2_bit
0x0099       [0]    BRG7_bit
0x0099       [0]    BRG1_bit
0x0099       [0]    BRG4_bit
0x0099       [0]    BRG3_bit
0x009A       [0]    BRG9_bit
0x009A       [0]    BRG12_bit
0x009A       [0]    BRG13_bit
0x009A       [1]    SPBRGH
0x009A       [0]    BRG11_bit
0x009A       [0]    BRG14_bit
0x009A       [0]    BRG15_bit
0x009A       [0]    BRG8_bit
0x009A       [0]    BRG10_bit
0x009B       [0]    PDC2_bit
0x009B       [0]    PDC3_bit
0x009B       [0]    PDC5_bit
0x009B       [0]    PDC0_bit
0x009B       [0]    PDC4_bit
0x009B       [0]    PRSEN_bit
0x009B       [0]    PDC6_bit
0x009B       [0]    PDC1_bit
0x009B       [1]    PWM1CON
0x009C       [0]    PSSAC1_bit
0x009C       [0]    PSSBD0_bit
0x009C       [0]    PSSBD1_bit
0x009C       [1]    ECCPAS
0x009C       [0]    ECCPASE_bit
0x009C       [0]    ECCPAS2_bit
0x009C       [0]    ECCPAS1_bit
0x009C       [0]    ECCPAS0_bit
0x009C       [0]    PSSAC0_bit
0x009D       [1]    PSTRCON
0x009D       [0]    STRB_bit
0x009D       [0]    STRD_bit
0x009D       [0]    STRSYNC_bit
0x009D       [0]    STRC_bit
0x009D       [0]    STRA_bit
0x009E       [1]    ADRESL
0x009F       [0]    VCFG0_bit
0x009F       [1]    ADCON1
0x009F       [0]    ADFM_bit
0x009F       [0]    VCFG1_bit
0x0105       [1]    WDTCON
0x0105       [0]    SWDTEN_bit
0x0105       [0]    WDTPS1_bit
0x0105       [0]    WDTPS0_bit
0x0105       [0]    WDTPS2_bit
0x0105       [0]    WDTPS3_bit
0x0107       [0]    C1ON_bit
0x0107       [0]    C1OUT_bit
0x0107       [0]    C1R_bit
0x0107       [0]    C1CH1_bit
0x0107       [0]    C1CH0_bit
0x0107       [0]    C1POL_bit
0x0107       [1]    CM1CON0
0x0107       [0]    C1OE_bit
0x0108       [0]    C2CH0_bit
0x0108       [0]    C2POL_bit
0x0108       [0]    C2R_bit
0x0108       [0]    C2CH1_bit
0x0108       [0]    C2ON_bit
0x0108       [1]    CM2CON0
0x0108       [0]    C2OE_bit
0x0108       [0]    C2OUT_bit
0x0109       [0]    C2RSEL_bit
0x0109       [0]    C1RSEL_bit
0x0109       [0]    MC2OUT_bit
0x0109       [1]    CM2CON1
0x0109       [0]    MC1OUT_bit
0x0109       [0]    C2SYNC_bit
0x0109       [0]    T1GSS_bit
0x010C       [1]    EEDATA
0x010C       [1]    EEDAT
0x010D       [1]    EEADR
0x010E       [1]    EEDATH
0x010F       [1]    EEADRH
0x0185       [0]    PULSS_bit
0x0185       [0]    C2REN_bit
0x0185       [0]    FVREN_bit
0x0185       [0]    PULSR_bit
0x0185       [0]    SR1_bit
0x0185       [1]    SRCON
0x0185       [0]    C1SEN_bit
0x0185       [0]    SR0_bit
0x0187       [0]    BRG16_bit
0x0187       [0]    WUE_bit
0x0187       [0]    ABDEN_bit
0x0187       [0]    ABDOVF_bit
0x0187       [0]    RCIDL_bit
0x0187       [0]    SCKP_bit
0x0187       [1]    BAUDCTL
0x0188       [0]    ANS1_bit
0x0188       [0]    ANS0_bit
0x0188       [1]    ANSEL
0x0188       [0]    ANS2_bit
0x0188       [0]    ANS4_bit
0x0188       [0]    ANS3_bit
0x0189       [0]    ANS8_bit
0x0189       [1]    ANSELH
0x0189       [0]    ANS12_bit
0x0189       [0]    ANS9_bit
0x0189       [0]    ANS11_bit
0x0189       [0]    ANS10_bit
0x0189       [0]    ANS13_bit
0x018C       [0]    WRERR_bit
0x018C       [0]    EEPGD_bit
0x018C       [0]    WREN_bit
0x018C       [0]    RD_bit
0x018C       [1]    EECON1
0x018C       [0]    WR_bit
0x018D       [1]    EECON2
//** Label List: ** 
//----------------------------------------------
  L_end_contador_personal_ultrasonico1
  L_contador_personal_ultrasonico11
  L_contador_personal_ultrasonico12
  L_contador_personal_ultrasonico13
  L_contador_personal_ultrasonico14
  L_contador_personal_ultrasonico15
  L_contador_personal_ultrasonico16
  L_contador_personal_ultrasonico17
  L_contador_personal_ultrasonico18
  L_contador_personal_ultrasonico19
  L_contador_personal_ultrasonico110
  L_contador_personal_ultrasonico111
  L_contador_personal_ultrasonico112
  L_contador_personal_ultrasonico113
  L_contador_personal_ultrasonico114
  L_contador_personal_ultrasonico115
  L_contador_personal_ultrasonico116
  L_contador_personal_ultrasonico117
  L_contador_personal_ultrasonico118
  L_contador_personal_ultrasonico119
  L_contador_personal_ultrasonico120
  L_contador_personal_ultrasonico121
  L_end_contador_personal_ultrasonico2
  L_contador_personal_ultrasonico223
  L_contador_personal_ultrasonico224
  L_contador_personal_ultrasonico225
  L_contador_personal_ultrasonico226
  L_contador_personal_ultrasonico227
  L_contador_personal_ultrasonico228
  L_contador_personal_ultrasonico229
  L_contador_personal_ultrasonico230
  L_contador_personal_ultrasonico231
  L_contador_personal_ultrasonico232
  L_contador_personal_ultrasonico233
  L_contador_personal_ultrasonico234
  L_contador_personal_ultrasonico235
  L_contador_personal_ultrasonico236
  L_contador_personal_ultrasonico237
  L_contador_personal_ultrasonico238
  L_contador_personal_ultrasonico239
  L_contador_personal_ultrasonico240
  L_contador_personal_ultrasonico241
  L_contador_personal_ultrasonico242
  L_contador_personal_ultrasonico243
  L_end__main
  L__main45
  L__main46
  L__main47
  L__main48
  L__main49
  L__main50
  L__main51
  L__main52
  L__main53
  L__main54
  L__main55
  L__main56
  L__main57
  L__main58
  L__main59
  L__main60
  L__main61
  L__main62
  L__main63
  L__main64
  L__main65
  L__main66
  L__main67
  L__main68
  L__main69
  L__main70
  L__main71
  L__main72
  L__main73
  L__main74
  L__main75
  L__main76
  L__main77
  L__main78
  L__main79
  L__main80
  L__main81
  L__main82
  L__main83
  contador_personal_ultrasonico1
  L_contador_personal_ultrasonico184
  L_contador_personal_ultrasonico185
  contador_personal_ultrasonico2
  L_contador_personal_ultrasonico286
  L_contador_personal_ultrasonico287
  _main
  L__main88
  L__main89
  L__main90
  L__main91
  L__main92
  L__main93
  L__main94
  L__main95
  L__main96
  L__main97
  L_end__ByteToStr
  L__ByteToStr1
  L__ByteToStr2
  L__ByteToStr3
  L__ByteToStr4
  L__ByteToStr5
  L_end__WordToStr
  L__WordToStr7
  L__WordToStr8
  L__WordToStr9
  L__WordToStr10
  L__WordToStr11
  L_end__ShortToStr
  L__ShortToStr13
  L__ShortToStr14
  L__ShortToStr15
  L__ShortToStr16
  L__ShortToStr17
  L__ShortToStr18
  L__ShortToStr19
  L__ShortToStr20
  L__ShortToStr21
  L__ShortToStr22
  L__ShortToStr23
  L__ShortToStr24
  L__ShortToStr25
  L__ShortToStr26
  L_end__IntToStr
  L__IntToStr28
  L__IntToStr29
  L__IntToStr30
  L__IntToStr31
  L__IntToStr32
  L__IntToStr33
  L__IntToStr34
  L__IntToStr35
  L__IntToStr36
  L__IntToStr37
  L__IntToStr38
  L__IntToStr39
  L__IntToStr40
  L__IntToStr41
  L_end__WordToStrWithZeros
  L__WordToStrWithZeros43
  L__WordToStrWithZeros44
  L__WordToStrWithZeros45
  L__WordToStrWithZeros46
  L__WordToStrWithZeros47
  L__WordToStrWithZeros48
  L__WordToStrWithZeros49
  L__WordToStrWithZeros50
  L__WordToStrWithZeros51
  L__WordToStrWithZeros52
  L__WordToStrWithZeros53
  L__WordToStrWithZeros54
  L__WordToStrWithZeros55
  L__WordToStrWithZeros56
  L__WordToStrWithZeros57
  L__WordToStrWithZeros58
  L__WordToStrWithZeros59
  L_end__LongWordToStr
  L__LongWordToStr61
  L__LongWordToStr62
  L__LongWordToStr63
  L__LongWordToStr64
  L__LongWordToStr65
  L_end__LongIntToStr
  L__LongIntToStr67
  L__LongIntToStr68
  L__LongIntToStr69
  L__LongIntToStr70
  L__LongIntToStr71
  L__LongIntToStr72
  L__LongIntToStr73
  L__LongIntToStr74
  L__LongIntToStr75
  L__LongIntToStr76
  L__LongIntToStr77
  L__LongIntToStr78
  L__LongIntToStr79
  L__LongIntToStr80
  L_end__Bcd2Dec
  L_end__StrToWord
  L__StrToWord83
  L__StrToWord84
  L__StrToWord85
  L__StrToWord86
  L__StrToWord87
  L__StrToWord88
  L__StrToWord89
  L__StrToWord90
  L__StrToWord91
  L__StrToWord92
  L__StrToWord93
  L__StrToWord94
  L__StrToWord95
  L_end__StrToInt
  L__StrToInt97
  L__StrToInt98
  L__StrToInt99
  L__StrToInt100
  L__StrToInt101
  L__StrToInt102
  L__StrToInt103
  L__StrToInt104
  L__StrToInt105
  L__StrToInt106
  L__StrToInt107
  L__StrToInt108
  L__StrToInt109
  L__StrToInt110
  L__StrToInt111
  L__StrToInt112
  L__StrToInt113
  L__StrToInt114
  L__StrToInt115
  L__StrToInt116
  L__StrToInt117
  L__StrToInt118
  L_end__Dec2Bcd
  L__Dec2Bcd120
  L__Dec2Bcd121
  L__Dec2Bcd122
  L_end__Bcd2Dec16
  L_end__Dec2Bcd16
  L_end__FloatToStr
  L__FloatToStr126
  L__FloatToStr127
  L__FloatToStr128
  L__FloatToStr129
  L__FloatToStr130
  L__FloatToStr131
  L__FloatToStr132
  L__FloatToStr133
  L__FloatToStr134
  L__FloatToStr135
  L__FloatToStr136
  L__FloatToStr137
  L__FloatToStr138
  L__FloatToStr139
  L__FloatToStr140
  L__FloatToStr141
  L__FloatToStr142
  L__FloatToStr143
  L__FloatToStr144
  L__FloatToStr145
  L__FloatToStr146
  L__FloatToStr147
  L__FloatToStr148
  L__FloatToStr149
  L__FloatToStr150
  L__FloatToStr151
  L__FloatToStr152
  L__FloatToStr153
  L__FloatToStr154
  L__FloatToStr155
  L__FloatToStr156
  L__FloatToStr157
  L__FloatToStr158
  _ByteToStr
  _WordToStr
  L__WordToStr159
  _ShortToStr
  _IntToStr
  L__IntToStr160
  L__IntToStr161
  L__IntToStr162
  _WordToStrWithZeros
  L__WordToStrWithZeros163
  L__WordToStrWithZeros164
  L__WordToStrWithZeros165
  L__WordToStrWithZeros166
  _LongWordToStr
  L__LongWordToStr167
  _LongIntToStr
  L__LongIntToStr168
  L__LongIntToStr169
  L__LongIntToStr170
  _Bcd2Dec
  _StrToWord
  L__StrToWord171
  _StrToInt
  L__StrToInt172
  L__StrToInt173
  _Dec2Bcd
  _Bcd2Dec16
  L__Bcd2Dec16174
  L__Bcd2Dec16175
  _Dec2Bcd16
  L__Dec2Bcd16176
  L__Dec2Bcd16177
  _FloatToStr
  L__FloatToStr178
  L__FloatToStr179
  L__FloatToStr180
  L__FloatToStr181
  L_end__Get_Fosc_kHz
  L_end__Delay_1us
  L_end__Delay_10us
  L__Delay_10us3
  L_end__Delay_22us
  L__Delay_22us5
  L_end__Delay_50us
  L__Delay_50us7
  L_end__Delay_80us
  L__Delay_80us9
  L_end__Delay_500us
  L__Delay_500us11
  L_end__Delay_5500us
  L__Delay_5500us13
  L_end__Delay_5ms
  L__Delay_5ms15
  L_end__Delay_8ms
  L__Delay_8ms17
  L_end__Delay_10ms
  L__Delay_10ms19
  L_end__Delay_100ms
  L__Delay_100ms21
  L_end__Delay_1sec
  L__Delay_1sec23
  L_end__Delay_Cyc
  L__Delay_Cyc25
  L__Delay_Cyc26
  L__Delay_Cyc27
  L__Delay_Cyc28
  L__Delay_Cyc29
  L_end__VDelay_ms
  L__VDelay_ms31
  L__VDelay_ms32
  L__VDelay_ms33
  L__VDelay_ms34
  L__VDelay_ms35
  L__VDelay_ms36
  L__VDelay_ms37
  L__VDelay_ms38
  L_end__VDelay_Advanced_ms
  L__VDelay_Advanced_ms40
  L__VDelay_Advanced_ms41
  L__VDelay_Advanced_ms42
  L__VDelay_Advanced_ms43
  L__VDelay_Advanced_ms44
  L__VDelay_Advanced_ms45
  L__VDelay_Advanced_ms46
  L__VDelay_Advanced_ms47
  _Get_Fosc_kHz
  _Delay_1us
  _Delay_10us
  _Delay_22us
  _Delay_50us
  _Delay_80us
  _Delay_500us
  _Delay_5500us
  _Delay_5ms
  _Delay_8ms
  _Delay_10ms
  _Delay_100ms
  _Delay_1sec
  _Delay_Cyc
  _VDelay_ms
  L__VDelay_ms48
  L__VDelay_ms49
  L__VDelay_ms50
  L__VDelay_ms51
  _VDelay_Advanced_ms
  L__VDelay_Advanced_ms52
  L__VDelay_Advanced_ms53
  L__VDelay_Advanced_ms54
  L__VDelay_Advanced_ms55
  L_end__EEPROM_Read
  L_end__EEPROM_Write
  L__EEPROM_Write2
  L__EEPROM_Write3
  L__EEPROM_Write4
  L__EEPROM_Write5
  L__EEPROM_Write6
  _EEPROM_Read
  _EEPROM_Write
  L__EEPROM_Write7
  L__EEPROM_Write8
  L_end__Lcd_Cmd
  L__Lcd_Cmd1
  L__Lcd_Cmd2
  L__Lcd_Cmd3
  L_end__Lcd_Chr_CP
  L_end__Lcd_Out_CP
  L__Lcd_Out_CP6
  L__Lcd_Out_CP7
  L__Lcd_Out_CP8
  L__Lcd_Out_CP9
  L__Lcd_Out_CP10
  L_end__Lcd_Chr
  L__Lcd_Chr12
  L__Lcd_Chr13
  L__Lcd_Chr14
  L__Lcd_Chr15
  L__Lcd_Chr16
  L__Lcd_Chr17
  L__Lcd_Chr18
  L__Lcd_Chr19
  L__Lcd_Chr20
  L__Lcd_Chr21
  L__Lcd_Chr22
  L__Lcd_Chr23
  L__Lcd_Chr24
  L_end__Lcd_Init
  L_end__Lcd_Out
  L__Lcd_Out27
  L__Lcd_Out28
  L__Lcd_Out29
  L__Lcd_Out30
  L__Lcd_Out31
  L__Lcd_Out32
  L__Lcd_Out33
  L__Lcd_Out34
  L__Lcd_Out35
  L__Lcd_Out36
  L__Lcd_Out37
  L__Lcd_Out38
  L__Lcd_Out39
  L__Lcd_Out40
  L__Lcd_Out41
  L__Lcd_Out42
  L__Lcd_Out43
  L__Lcd_Out44
  _Lcd_Cmd
  L__Lcd_Cmd45
  L__Lcd_Cmd46
  L__Lcd_Cmd47
  L__Lcd_Cmd48
  L__Lcd_Cmd49
  L__Lcd_Cmd50
  L__Lcd_Cmd51
  L__Lcd_Cmd52
  L__Lcd_Cmd53
  L__Lcd_Cmd54
  L__Lcd_Cmd55
  L__Lcd_Cmd56
  L__Lcd_Cmd57
  L__Lcd_Cmd58
  L__Lcd_Cmd59
  L__Lcd_Cmd60
  L__Lcd_Cmd61
  L__Lcd_Cmd62
  L__Lcd_Cmd63
  L__Lcd_Cmd64
  _Lcd_Chr_CP
  _Lcd_Out_CP
  _Lcd_Chr
  _Lcd_Init
  _Lcd_Out
  L_end__Mul_8x8_U
  L_end__Mul_16x16_U
  L_end__Div_8x8_U
  L__Div_8x8_U3
  L__Div_8x8_U4
  L__Div_8x8_U5
  L_end__Div_16x16_U
  L_end__Mul_8x8_S
  L_end__Mul_16x16_S
  L_end__Div_16x16_S_L
  L_end__Div_16x16_S
  L__Div_16x16_S11
  L__Div_16x16_S12
  L__Div_16x16_S13
  L__Div_16x16_S14
  L__Div_16x16_S15
  L__Div_16x16_S16
  L_end__Div_8x8_S
  L_end__SDIV3232L
  LOOPS3232A
  SADD22LA
  SOK22LA
  SADD22L8
  SOK22L8
  LOOPS3232B
  SADD22LB
  SOK22LB
  SADD22L16
  SOK22L16
  LOOPS3232C
  SADD22LC
  SOK22LC
  SADD22L24
  SOK22L24
  LOOPS3232D
  SADD22LD
  SOK22LD
  SOK22L
  L_end__COMFREM
  L_end__Div_32x32_S
  L__Div_32x32_S25
  L__Div_32x32_S26
  L__Div_32x32_S27
  L__Div_32x32_S28
  L__Div_32x32_S29
  L__Div_32x32_S30
  L__Div_32x32_S31
  L__Div_32x32_S32
  L__Div_32x32_S33
  L__Div_32x32_S34
  L__Div_32x32_S35
  L__Div_32x32_S36
  FXD3232S
  END_ALL
  CA3232S
  C3232SX
  C3232SX1
  C3232S
  C3232S2
  C3232SX4
  C3232SOK
  C3232SX3
  C3232SX2
  avoid_comfrem
  L_end__Div_32x32_U
  LOOPU3232A
  UADD22LA
  UOK22LA
  UADD22L8
  UOK22L8
  LOOPU3232B
  UADD22LB
  UOK22LB
  UADD22L16
  UOK22L16
  LOOPU3232C
  UADD22LC
  UOK22LC
  UADD22L24
  UOK22L24
  LOOPU3232D
  UADD22LD
  UOK22LD
  UOK22L
  L_end__Mul_32x32_U
  _NEXT
  _EXIT2
  _LOOP
  _EXIT1
  L_end__Mul_32x32_S
  _IF_FIRST
  _IF_SECOND
  _INVERCE_FIRST
  _MULT
  _INBERSE_SECOND
  _EXIT
  _Mul_8x8_U
  _Mul_16x16_U
  _Div_8x8_U
  _Div_16x16_U
  _Mul_8x8_S
  _Mul_16x16_S
  _Div_16x16_S_L
  _Div_16x16_S
  _Div_8x8_S
  _SDIV3232L
  _COMFREM
  _Div_32x32_S
  _Div_32x32_U
  _Mul_32x32_U
  _Mul_32x32_S
