;  LST file generated by mikroListExporter - v.2.0 
; Date/Time: 9/10/2013 3:52:21 PM
;----------------------------------------------

;Address Opcode 	ASM
0x0000	0x2A4E      	GOTO       590
_Mul_16x16_U:
;__Lib_Math.mpas,121 :: 		
;__Lib_Math.mpas,127 :: 		
0x0003	0x1283      	BCF        STATUS, 5
;__Lib_Math.mpas,128 :: 		
0x0004	0x1303      	BCF        STATUS, 6
;__Lib_Math.mpas,129 :: 		
0x0005	0x01FB      	CLRF       R11
;__Lib_Math.mpas,130 :: 		
0x0006	0x01FA      	CLRF       R10
;__Lib_Math.mpas,131 :: 		
0x0007	0x01F9      	CLRF       R9
;__Lib_Math.mpas,132 :: 		
0x0008	0x3080      	MOVLW      128
;__Lib_Math.mpas,133 :: 		
0x0009	0x00F8      	MOVWF      R8
;__Lib_Math.mpas,134 :: 		
0x000A	0x0CF1      	RRF        R1, 1
;__Lib_Math.mpas,135 :: 		
0x000B	0x0CF0      	RRF        R0, 1
;__Lib_Math.mpas,136 :: 		
0x000C	0x1C03      	BTFSS      STATUS, 0
;__Lib_Math.mpas,137 :: 		
0x000D	0x2817      	GOTO       $+10
;__Lib_Math.mpas,138 :: 		
0x000E	0x0874      	MOVF       R4, 0
;__Lib_Math.mpas,139 :: 		
0x000F	0x07F9      	ADDWF      R9, 1
;__Lib_Math.mpas,140 :: 		
0x0010	0x0875      	MOVF       R5, 0
;__Lib_Math.mpas,141 :: 		
0x0011	0x1803      	BTFSC      STATUS, 0
;__Lib_Math.mpas,142 :: 		
0x0012	0x0F75      	INCFSZ     R5, 0
;__Lib_Math.mpas,143 :: 		
0x0013	0x07FA      	ADDWF      R10, 1
;__Lib_Math.mpas,144 :: 		
0x0014	0x1803      	BTFSC      STATUS, 0
;__Lib_Math.mpas,145 :: 		
0x0015	0x0AFB      	INCF       R11, 1
;__Lib_Math.mpas,146 :: 		
0x0016	0x1003      	BCF        STATUS, 0
;__Lib_Math.mpas,147 :: 		
0x0017	0x1FF0      	BTFSS      R0, 7
;__Lib_Math.mpas,148 :: 		
0x0018	0x281F      	GOTO       $+7
;__Lib_Math.mpas,149 :: 		
0x0019	0x0874      	MOVF       R4, 0
;__Lib_Math.mpas,150 :: 		
0x001A	0x07FA      	ADDWF      R10, 1
;__Lib_Math.mpas,151 :: 		
0x001B	0x0875      	MOVF       R5, 0
;__Lib_Math.mpas,152 :: 		
0x001C	0x1803      	BTFSC      STATUS, 0
;__Lib_Math.mpas,153 :: 		
0x001D	0x0F75      	INCFSZ     R5, 0
;__Lib_Math.mpas,154 :: 		
0x001E	0x07FB      	ADDWF      R11, 1
;__Lib_Math.mpas,155 :: 		
0x001F	0x0CFB      	RRF        R11, 1
;__Lib_Math.mpas,156 :: 		
0x0020	0x0CFA      	RRF        R10, 1
;__Lib_Math.mpas,157 :: 		
0x0021	0x0CF9      	RRF        R9, 1
;__Lib_Math.mpas,158 :: 		
0x0022	0x0CF8      	RRF        R8, 1
;__Lib_Math.mpas,159 :: 		
0x0023	0x1C03      	BTFSS      STATUS, 0
;__Lib_Math.mpas,160 :: 		
0x0024	0x280A      	GOTO       $-26
;__Lib_Math.mpas,161 :: 		
0x0025	0x087B      	MOVF       R11, 0
;__Lib_Math.mpas,162 :: 		
0x0026	0x00F3      	MOVWF      R3
;__Lib_Math.mpas,163 :: 		
0x0027	0x087A      	MOVF       R10, 0
;__Lib_Math.mpas,164 :: 		
0x0028	0x00F2      	MOVWF      R2
;__Lib_Math.mpas,165 :: 		
0x0029	0x0879      	MOVF       R9, 0
;__Lib_Math.mpas,166 :: 		
0x002A	0x00F1      	MOVWF      R1
;__Lib_Math.mpas,167 :: 		
0x002B	0x0878      	MOVF       R8, 0
;__Lib_Math.mpas,168 :: 		
0x002C	0x00F0      	MOVWF      R0
;__Lib_Math.mpas,170 :: 		
0x002D	0x0008      	RETURN
; end of _Mul_16x16_U
_Delay_22us:
;__Lib_Delays.mbas,36 :: 		sub procedure Delay_22us()
;__Lib_Delays.mbas,37 :: 		Delay_us(22)
0x002E	0x3007      	MOVLW      7
0x002F	0x1283      	BCF        STATUS, 5
0x0030	0x1303      	BCF        STATUS, 6
0x0031	0x00FD      	MOVWF      R13
L__Delay_22us5:
0x0032	0x0BFD      	DECFSZ     R13, 1
0x0033	0x2832      	GOTO       L__Delay_22us5
0x0034	0x0008      	RETURN
; end of _Delay_22us
_Div_16x16_S_L:
;__Lib_Math.mpas,412 :: 		
;__Lib_Math.mpas,418 :: 		
0x0035	0x0D71      	RLF        R1, 0
;__Lib_Math.mpas,419 :: 		
0x0036	0x0DF8      	RLF        R8, 1
;__Lib_Math.mpas,420 :: 		
0x0037	0x0DF9      	RLF        R9, 1
;__Lib_Math.mpas,421 :: 		
0x0038	0x0874      	MOVF       R4, 0
;__Lib_Math.mpas,422 :: 		
0x0039	0x02F8      	SUBWF      R8, 1
;__Lib_Math.mpas,423 :: 		
0x003A	0x0875      	MOVF       R5, 0
;__Lib_Math.mpas,424 :: 		
0x003B	0x1C03      	BTFSS      STATUS, 0
;__Lib_Math.mpas,425 :: 		
0x003C	0x0F75      	INCFSZ     R5, 0
;__Lib_Math.mpas,426 :: 		
0x003D	0x02F9      	SUBWF      R9, 1
;__Lib_Math.mpas,427 :: 		
0x003E	0x0DF0      	RLF        R0, 1
;__Lib_Math.mpas,428 :: 		
0x003F	0x0DF1      	RLF        R1, 1
;__Lib_Math.mpas,430 :: 		
0x0040	0x300F      	MOVLW      15
;__Lib_Math.mpas,431 :: 		
0x0041	0x00FC      	MOVWF      R12
;__Lib_Math.mpas,433 :: 		
0x0042	0x0D71      	RLF        R1, 0
;__Lib_Math.mpas,434 :: 		
0x0043	0x0DF8      	RLF        R8, 1
;__Lib_Math.mpas,435 :: 		
0x0044	0x0DF9      	RLF        R9, 1
;__Lib_Math.mpas,436 :: 		
0x0045	0x0874      	MOVF       R4, 0
;__Lib_Math.mpas,438 :: 		
0x0046	0x1C70      	BTFSS      R0, 0
;__Lib_Math.mpas,439 :: 		
0x0047	0x284E      	GOTO       $+7
;__Lib_Math.mpas,440 :: 		
0x0048	0x02F8      	SUBWF      R8, 1
;__Lib_Math.mpas,441 :: 		
0x0049	0x0875      	MOVF       R5, 0
;__Lib_Math.mpas,442 :: 		
0x004A	0x1C03      	BTFSS      STATUS, 0
;__Lib_Math.mpas,443 :: 		
0x004B	0x0F75      	INCFSZ     R5, 0
;__Lib_Math.mpas,444 :: 		
0x004C	0x02F9      	SUBWF      R9, 1
;__Lib_Math.mpas,445 :: 		
0x004D	0x2853      	GOTO       $+6
;__Lib_Math.mpas,447 :: 		
0x004E	0x07F8      	ADDWF      R8, 1
;__Lib_Math.mpas,448 :: 		
0x004F	0x0875      	MOVF       R5, 0
;__Lib_Math.mpas,449 :: 		
0x0050	0x1803      	BTFSC      STATUS, 0
;__Lib_Math.mpas,450 :: 		
0x0051	0x0F75      	INCFSZ     R5, 0
;__Lib_Math.mpas,451 :: 		
0x0052	0x07F9      	ADDWF      R9, 1
;__Lib_Math.mpas,453 :: 		
0x0053	0x0DF0      	RLF        R0, 1
;__Lib_Math.mpas,454 :: 		
0x0054	0x0DF1      	RLF        R1, 1
;__Lib_Math.mpas,456 :: 		
0x0055	0x0BFC      	DECFSZ     R12, 1
;__Lib_Math.mpas,457 :: 		
0x0056	0x2842      	GOTO       $-20
;__Lib_Math.mpas,459 :: 		
0x0057	0x1870      	BTFSC      R0, 0
;__Lib_Math.mpas,460 :: 		
0x0058	0x285F      	GOTO       $+7
;__Lib_Math.mpas,461 :: 		
0x0059	0x0874      	MOVF       R4, 0
;__Lib_Math.mpas,462 :: 		
0x005A	0x07F8      	ADDWF      R8, 1
;__Lib_Math.mpas,463 :: 		
0x005B	0x0875      	MOVF       R5, 0
;__Lib_Math.mpas,464 :: 		
0x005C	0x1803      	BTFSC      STATUS, 0
;__Lib_Math.mpas,465 :: 		
0x005D	0x0F75      	INCFSZ     R5, 0
;__Lib_Math.mpas,466 :: 		
0x005E	0x07F9      	ADDWF      R9, 1
;__Lib_Math.mpas,467 :: 		
0x005F	0x0000      	NOP
;__Lib_Math.mpas,469 :: 		
0x0060	0x0008      	RETURN
; end of _Div_16x16_S_L
_PWM2_Set_Duty:
;__Lib_PWM_c21.mpas,60 :: 		
;__Lib_PWM_c21.mpas,61 :: 		
0x0061	0x1683      	BSF        STATUS, 5
0x0062	0x1303      	BCF        STATUS, 6
0x0063	0x0812      	MOVF       PR2, 0
0x0064	0x00F0      	MOVWF      R0
0x0065	0x01F1      	CLRF       R0+1
0x0066	0x0AF0      	INCF       R0, 1
0x0067	0x1903      	BTFSC      STATUS, 2
0x0068	0x0AF1      	INCF       R0+1, 1
0x0069	0x1283      	BCF        STATUS, 5
0x006A	0x0834      	MOVF       FARG_PWM2_Set_Duty_new_duty, 0
0x006B	0x00F4      	MOVWF      R4
0x006C	0x01F5      	CLRF       R4+1
0x006D	0x2003      	CALL       _Mul_16x16_U
0x006E	0x3006      	MOVLW      6
0x006F	0x00F2      	MOVWF      R2
0x0070	0x0870      	MOVF       R0, 0
0x0071	0x00F4      	MOVWF      R4
0x0072	0x0871      	MOVF       R0+1, 0
0x0073	0x00F5      	MOVWF      R4+1
0x0074	0x0872      	MOVF       R2, 0
L__PWM2_Set_Duty10:
0x0075	0x1903      	BTFSC      STATUS, 2
0x0076	0x287C      	GOTO       L__PWM2_Set_Duty11
0x0077	0x0CF5      	RRF        R4+1, 1
0x0078	0x0CF4      	RRF        R4, 1
0x0079	0x13F5      	BCF        R4+1, 7
0x007A	0x3EFF      	ADDLW      255
0x007B	0x2875      	GOTO       L__PWM2_Set_Duty10
L__PWM2_Set_Duty11:
;__Lib_PWM_c21.mpas,62 :: 		
0x007C	0x0874      	MOVF       R4, 0
0x007D	0x00F0      	MOVWF      R0
0x007E	0x0875      	MOVF       R4+1, 0
0x007F	0x00F1      	MOVWF      R0+1
0x0080	0x0DF0      	RLF        R0, 1
0x0081	0x0DF1      	RLF        R0+1, 1
0x0082	0x1070      	BCF        R0, 0
0x0083	0x0DF0      	RLF        R0, 1
0x0084	0x0DF1      	RLF        R0+1, 1
0x0085	0x1070      	BCF        R0, 0
0x0086	0x0DF0      	RLF        R0, 1
0x0087	0x0DF1      	RLF        R0+1, 1
0x0088	0x1070      	BCF        R0, 0
0x0089	0x0DF0      	RLF        R0, 1
0x008A	0x0DF1      	RLF        R0+1, 1
0x008B	0x1070      	BCF        R0, 0
0x008C	0x3030      	MOVLW      48
0x008D	0x0570      	ANDWF      R0, 0
0x008E	0x00F3      	MOVWF      R3
;__Lib_PWM_c21.mpas,63 :: 		
0x008F	0x0874      	MOVF       R4, 0
0x0090	0x00F0      	MOVWF      R0
0x0091	0x0875      	MOVF       R4+1, 0
0x0092	0x00F1      	MOVWF      R0+1
0x0093	0x0CF1      	RRF        R0+1, 1
0x0094	0x0CF0      	RRF        R0, 1
0x0095	0x13F1      	BCF        R0+1, 7
0x0096	0x0CF1      	RRF        R0+1, 1
0x0097	0x0CF0      	RRF        R0, 1
0x0098	0x13F1      	BCF        R0+1, 7
0x0099	0x0870      	MOVF       R0, 0
0x009A	0x009B      	MOVWF      CCPR2L
;__Lib_PWM_c21.mpas,64 :: 		
0x009B	0x300F      	MOVLW      15
0x009C	0x059D      	ANDWF      CCP2CON, 1
;__Lib_PWM_c21.mpas,65 :: 		
0x009D	0x0873      	MOVF       R3, 0
0x009E	0x049D      	IORWF      CCP2CON, 1
;__Lib_PWM_c21.mpas,66 :: 		
0x009F	0x0008      	RETURN
; end of _PWM2_Set_Duty
_PWM1_Set_Duty:
;__Lib_PWM_c21.mpas,25 :: 		
;__Lib_PWM_c21.mpas,26 :: 		
0x00A0	0x1683      	BSF        STATUS, 5
0x00A1	0x1303      	BCF        STATUS, 6
0x00A2	0x0812      	MOVF       PR2, 0
0x00A3	0x00F0      	MOVWF      R0
0x00A4	0x01F1      	CLRF       R0+1
0x00A5	0x0AF0      	INCF       R0, 1
0x00A6	0x1903      	BTFSC      STATUS, 2
0x00A7	0x0AF1      	INCF       R0+1, 1
0x00A8	0x1283      	BCF        STATUS, 5
0x00A9	0x0834      	MOVF       FARG_PWM1_Set_Duty_new_duty, 0
0x00AA	0x00F4      	MOVWF      R4
0x00AB	0x01F5      	CLRF       R4+1
0x00AC	0x2003      	CALL       _Mul_16x16_U
0x00AD	0x3006      	MOVLW      6
0x00AE	0x00F2      	MOVWF      R2
0x00AF	0x0870      	MOVF       R0, 0
0x00B0	0x00F4      	MOVWF      R4
0x00B1	0x0871      	MOVF       R0+1, 0
0x00B2	0x00F5      	MOVWF      R4+1
0x00B3	0x0872      	MOVF       R2, 0
L__PWM1_Set_Duty8:
0x00B4	0x1903      	BTFSC      STATUS, 2
0x00B5	0x28BB      	GOTO       L__PWM1_Set_Duty9
0x00B6	0x0CF5      	RRF        R4+1, 1
0x00B7	0x0CF4      	RRF        R4, 1
0x00B8	0x13F5      	BCF        R4+1, 7
0x00B9	0x3EFF      	ADDLW      255
0x00BA	0x28B4      	GOTO       L__PWM1_Set_Duty8
L__PWM1_Set_Duty9:
;__Lib_PWM_c21.mpas,27 :: 		
0x00BB	0x0874      	MOVF       R4, 0
0x00BC	0x00F0      	MOVWF      R0
0x00BD	0x0875      	MOVF       R4+1, 0
0x00BE	0x00F1      	MOVWF      R0+1
0x00BF	0x0DF0      	RLF        R0, 1
0x00C0	0x0DF1      	RLF        R0+1, 1
0x00C1	0x1070      	BCF        R0, 0
0x00C2	0x0DF0      	RLF        R0, 1
0x00C3	0x0DF1      	RLF        R0+1, 1
0x00C4	0x1070      	BCF        R0, 0
0x00C5	0x0DF0      	RLF        R0, 1
0x00C6	0x0DF1      	RLF        R0+1, 1
0x00C7	0x1070      	BCF        R0, 0
0x00C8	0x0DF0      	RLF        R0, 1
0x00C9	0x0DF1      	RLF        R0+1, 1
0x00CA	0x1070      	BCF        R0, 0
0x00CB	0x3030      	MOVLW      48
0x00CC	0x0570      	ANDWF      R0, 0
0x00CD	0x00F3      	MOVWF      R3
;__Lib_PWM_c21.mpas,28 :: 		
0x00CE	0x0874      	MOVF       R4, 0
0x00CF	0x00F0      	MOVWF      R0
0x00D0	0x0875      	MOVF       R4+1, 0
0x00D1	0x00F1      	MOVWF      R0+1
0x00D2	0x0CF1      	RRF        R0+1, 1
0x00D3	0x0CF0      	RRF        R0, 1
0x00D4	0x13F1      	BCF        R0+1, 7
0x00D5	0x0CF1      	RRF        R0+1, 1
0x00D6	0x0CF0      	RRF        R0, 1
0x00D7	0x13F1      	BCF        R0+1, 7
0x00D8	0x0870      	MOVF       R0, 0
0x00D9	0x0095      	MOVWF      CCPR1L
;__Lib_PWM_c21.mpas,29 :: 		
0x00DA	0x300F      	MOVLW      15
0x00DB	0x0597      	ANDWF      CCP1CON, 1
;__Lib_PWM_c21.mpas,30 :: 		
0x00DC	0x0873      	MOVF       R3, 0
0x00DD	0x0497      	IORWF      CCP1CON, 1
;__Lib_PWM_c21.mpas,31 :: 		
0x00DE	0x0008      	RETURN
; end of _PWM1_Set_Duty
_Div_16x16_S:
;__Lib_Math.mpas,472 :: 		
;__Lib_Math.mpas,480 :: 		
0x00DF	0x1283      	BCF        STATUS, 5
0x00E0	0x1303      	BCF        STATUS, 6
0x00E1	0x0874      	MOVF       R4, 0
0x00E2	0x3A00      	XORLW      0
0x00E3	0x1D03      	BTFSS      STATUS, 2
0x00E4	0x28EE      	GOTO       L__Div_16x16_S12
;__Lib_Math.mpas,481 :: 		
0x00E5	0x0875      	MOVF       R5, 0
0x00E6	0x3A00      	XORLW      0
0x00E7	0x1D03      	BTFSS      STATUS, 2
0x00E8	0x28EE      	GOTO       L__Div_16x16_S15
;__Lib_Math.mpas,483 :: 		
0x00E9	0x30FF      	MOVLW      255
0x00EA	0x00F0      	MOVWF      R0
;__Lib_Math.mpas,484 :: 		
0x00EB	0x307F      	MOVLW      127
0x00EC	0x00F1      	MOVWF      R1
;__Lib_Math.mpas,485 :: 		
0x00ED	0x2947      	GOTO       L_end__Div_16x16_S
;__Lib_Math.mpas,486 :: 		
L__Div_16x16_S15:
L__Div_16x16_S12:
;__Lib_Math.mpas,489 :: 		
0x00EE	0x1283      	BCF        STATUS, 5
;__Lib_Math.mpas,490 :: 		
0x00EF	0x1303      	BCF        STATUS, 6
;__Lib_Math.mpas,491 :: 		
0x00F0	0x01FD      	CLRF       R13
;__Lib_Math.mpas,492 :: 		
0x00F1	0x01F9      	CLRF       R9
;__Lib_Math.mpas,493 :: 		
0x00F2	0x01F8      	CLRF       R8
;__Lib_Math.mpas,494 :: 		
0x00F3	0x0871      	MOVF       R1, 0
;__Lib_Math.mpas,495 :: 		
0x00F4	0x0470      	IORWF      R0, 0
;__Lib_Math.mpas,496 :: 		
0x00F5	0x1903      	BTFSC      STATUS, 2
;__Lib_Math.mpas,497 :: 		
0x00F6	0x3400      	RETLW      0
;__Lib_Math.mpas,499 :: 		
0x00F7	0x0871      	MOVF       R1, 0
;__Lib_Math.mpas,500 :: 		
0x00F8	0x0675      	XORWF      R5, 0
;__Lib_Math.mpas,501 :: 		
0x00F9	0x00FA      	MOVWF      R10
;__Lib_Math.mpas,502 :: 		
0x00FA	0x1BFA      	BTFSC      R10, 7
;__Lib_Math.mpas,503 :: 		
0x00FB	0x09FD      	COMF       R13, 1
;__Lib_Math.mpas,505 :: 		
0x00FC	0x01FB      	CLRF       R11
;__Lib_Math.mpas,507 :: 		
0x00FD	0x1FF5      	BTFSS      R5, 7
;__Lib_Math.mpas,508 :: 		
0x00FE	0x2904      	GOTO       $+6
;__Lib_Math.mpas,510 :: 		
0x00FF	0x09F4      	COMF       R4, 1
;__Lib_Math.mpas,511 :: 		
0x0100	0x09F5      	COMF       R5, 1
;__Lib_Math.mpas,512 :: 		
0x0101	0x0AF4      	INCF       R4, 1
;__Lib_Math.mpas,513 :: 		
0x0102	0x1903      	BTFSC      STATUS, 2
;__Lib_Math.mpas,514 :: 		
0x0103	0x0AF5      	INCF       R5, 1
;__Lib_Math.mpas,516 :: 		
0x0104	0x1FF1      	BTFSS      R1, 7
;__Lib_Math.mpas,517 :: 		
0x0105	0x290B      	GOTO       $+6
;__Lib_Math.mpas,519 :: 		
0x0106	0x09F0      	COMF       R0, 1
;__Lib_Math.mpas,520 :: 		
0x0107	0x09F1      	COMF       R1, 1
;__Lib_Math.mpas,521 :: 		
0x0108	0x0AF0      	INCF       R0, 1
;__Lib_Math.mpas,522 :: 		
0x0109	0x1903      	BTFSC      STATUS, 2
;__Lib_Math.mpas,523 :: 		
0x010A	0x0AF1      	INCF       R1, 1
;__Lib_Math.mpas,525 :: 		
0x010B	0x0871      	MOVF       R1, 0
;__Lib_Math.mpas,526 :: 		
0x010C	0x0475      	IORWF      R5, 0
;__Lib_Math.mpas,527 :: 		
0x010D	0x00FA      	MOVWF      R10
;__Lib_Math.mpas,528 :: 		
0x010E	0x1BFA      	BTFSC      R10, 7
;__Lib_Math.mpas,529 :: 		
0x010F	0x2920      	GOTO       $+17
;__Lib_Math.mpas,531 :: 		
0x0110	0x2035      	CALL       _Div_16x16_S_L
;__Lib_Math.mpas,533 :: 		
0x0111	0x187B      	BTFSC      R11, 0
;__Lib_Math.mpas,534 :: 		
0x0112	0x2933      	GOTO       $+33
;__Lib_Math.mpas,536 :: 		
0x0113	0x1FFD      	BTFSS      R13, 7
;__Lib_Math.mpas,537 :: 		
0x0114	0x3400      	RETLW      0
;__Lib_Math.mpas,539 :: 		
0x0115	0x09F0      	COMF       R0, 1
;__Lib_Math.mpas,540 :: 		
0x0116	0x09F1      	COMF       R1, 1
;__Lib_Math.mpas,541 :: 		
0x0117	0x0AF0      	INCF       R0, 1
;__Lib_Math.mpas,542 :: 		
0x0118	0x1903      	BTFSC      STATUS, 2
;__Lib_Math.mpas,543 :: 		
0x0119	0x0AF1      	INCF       R1, 1
;__Lib_Math.mpas,545 :: 		
0x011A	0x09F8      	COMF       R8, 1
;__Lib_Math.mpas,546 :: 		
0x011B	0x09F9      	COMF       R9, 1
;__Lib_Math.mpas,547 :: 		
0x011C	0x0AF8      	INCF       R8, 1
;__Lib_Math.mpas,548 :: 		
0x011D	0x1903      	BTFSC      STATUS, 2
;__Lib_Math.mpas,549 :: 		
0x011E	0x0AF9      	INCF       R9, 1
;__Lib_Math.mpas,551 :: 		
0x011F	0x3400      	RETLW      0
;__Lib_Math.mpas,553 :: 		
0x0120	0x1FF5      	BTFSS      R5, 7
;__Lib_Math.mpas,554 :: 		
0x0121	0x292F      	GOTO       $+14
;__Lib_Math.mpas,555 :: 		
0x0122	0x1BF1      	BTFSC      R1, 7
;__Lib_Math.mpas,556 :: 		
0x0123	0x292B      	GOTO       $+8
;__Lib_Math.mpas,557 :: 		
0x0124	0x0871      	MOVF       R1, 0
;__Lib_Math.mpas,558 :: 		
0x0125	0x00F9      	MOVWF      R9
;__Lib_Math.mpas,559 :: 		
0x0126	0x0870      	MOVF       R0, 0
;__Lib_Math.mpas,560 :: 		
0x0127	0x00F8      	MOVWF      R8
;__Lib_Math.mpas,561 :: 		
0x0128	0x01F1      	CLRF       R1
;__Lib_Math.mpas,562 :: 		
0x0129	0x01F0      	CLRF       R0
;__Lib_Math.mpas,563 :: 		
0x012A	0x2913      	GOTO       $-23
;__Lib_Math.mpas,564 :: 		
0x012B	0x01F1      	CLRF       R1
;__Lib_Math.mpas,565 :: 		
0x012C	0x01F0      	CLRF       R0
;__Lib_Math.mpas,566 :: 		
0x012D	0x0AF0      	INCF       R0, 1
;__Lib_Math.mpas,567 :: 		
0x012E	0x3400      	RETLW      0
;__Lib_Math.mpas,569 :: 		
0x012F	0x09F1      	COMF       R1, 1
;__Lib_Math.mpas,570 :: 		
0x0130	0x09F0      	COMF       R0, 1
;__Lib_Math.mpas,571 :: 		
0x0131	0x0AFB      	INCF       R11, 1
;__Lib_Math.mpas,572 :: 		
0x0132	0x2910      	GOTO       $-34
;__Lib_Math.mpas,574 :: 		
0x0133	0x0AF8      	INCF       R8, 1
;__Lib_Math.mpas,575 :: 		
0x0134	0x1903      	BTFSC      STATUS, 2
;__Lib_Math.mpas,576 :: 		
0x0135	0x0AF9      	INCF       R9, 1
;__Lib_Math.mpas,577 :: 		
0x0136	0x0874      	MOVF       R4, 0
;__Lib_Math.mpas,578 :: 		
0x0137	0x0278      	SUBWF      R8, 0
;__Lib_Math.mpas,579 :: 		
0x0138	0x1D03      	BTFSS      STATUS, 2
;__Lib_Math.mpas,580 :: 		
0x0139	0x2913      	GOTO       $-38
;__Lib_Math.mpas,581 :: 		
0x013A	0x0875      	MOVF       R5, 0
;__Lib_Math.mpas,582 :: 		
0x013B	0x0279      	SUBWF      R9, 0
;__Lib_Math.mpas,583 :: 		
0x013C	0x1D03      	BTFSS      STATUS, 2
;__Lib_Math.mpas,584 :: 		
0x013D	0x2913      	GOTO       $-42
;__Lib_Math.mpas,585 :: 		
0x013E	0x01F9      	CLRF       R9
;__Lib_Math.mpas,586 :: 		
0x013F	0x01F8      	CLRF       R8
;__Lib_Math.mpas,587 :: 		
0x0140	0x0AF0      	INCF       R0, 1
;__Lib_Math.mpas,588 :: 		
0x0141	0x1903      	BTFSC      STATUS, 2
;__Lib_Math.mpas,589 :: 		
0x0142	0x0AF1      	INCF       R1, 1
;__Lib_Math.mpas,590 :: 		
0x0143	0x1FF1      	BTFSS      R1, 7
;__Lib_Math.mpas,591 :: 		
0x0144	0x2913      	GOTO       $-49
;__Lib_Math.mpas,592 :: 		
0x0145	0x0000      	NOP
;__Lib_Math.mpas,593 :: 		
0x0146	0x34FF      	RETLW      255
;__Lib_Math.mpas,595 :: 		
L_end__Div_16x16_S:
0x0147	0x0008      	RETURN
; end of _Div_16x16_S
_Adc_Read:
;__Lib_ADC_88X.mpas,13 :: 		
;__Lib_ADC_88X.mpas,15 :: 		
0x0148	0x303C      	MOVLW      60
0x0149	0x1283      	BCF        STATUS, 5
0x014A	0x1303      	BCF        STATUS, 6
0x014B	0x059F      	ANDWF      ADCON0, 1
;__Lib_ADC_88X.mpas,19 :: 		
0x014C	0x30C0      	MOVLW      192
0x014D	0x009F      	MOVWF      ADCON0
;__Lib_ADC_88X.mpas,20 :: 		
0x014E	0x0834      	MOVF       FARG_Adc_Read_channel, 0
0x014F	0x00F0      	MOVWF      R0
0x0150	0x0DF0      	RLF        R0, 1
0x0151	0x1070      	BCF        R0, 0
0x0152	0x0DF0      	RLF        R0, 1
0x0153	0x1070      	BCF        R0, 0
0x0154	0x0870      	MOVF       R0, 0
0x0155	0x049F      	IORWF      ADCON0, 1
;__Lib_ADC_88X.mpas,21 :: 		
0x0156	0x1683      	BSF        STATUS, 5
0x0157	0x179F      	BSF        ADCON1, 7
;__Lib_ADC_88X.mpas,24 :: 		
0x0158	0x1283      	BCF        STATUS, 5
0x0159	0x141F      	BSF        ADCON0, 0
;__Lib_ADC_88X.mpas,27 :: 		
0x015A	0x202E      	CALL       _Delay_22us
;__Lib_ADC_88X.mpas,30 :: 		
0x015B	0x149F      	BSF        ADCON0, 1
;__Lib_ADC_88X.mpas,33 :: 		
L__Adc_Read2:
0x015C	0x1C9F      	BTFSS      ADCON0, 1
0x015D	0x2960      	GOTO       L__Adc_Read3
0x015E	0x0000      	NOP
0x015F	0x295C      	GOTO       L__Adc_Read2
L__Adc_Read3:
;__Lib_ADC_88X.mpas,36 :: 		
0x0160	0x101F      	BCF        ADCON0, 0
;__Lib_ADC_88X.mpas,39 :: 		
0x0161	0x081E      	MOVF       ADRESH, 0
0x0162	0x00F1      	MOVWF      R0+1
0x0163	0x01F0      	CLRF       R0
0x0164	0x1683      	BSF        STATUS, 5
0x0165	0x081E      	MOVF       ADRESL, 0
0x0166	0x0470      	IORWF      R0, 0
0x0167	0x1283      	BCF        STATUS, 5
0x0168	0x00B5      	MOVWF      Adc_Read_local_result
0x0169	0x0871      	MOVF       R0+1, 0
0x016A	0x00B6      	MOVWF      Adc_Read_local_result+1
0x016B	0x3000      	MOVLW      0
0x016C	0x04B6      	IORWF      Adc_Read_local_result+1, 1
;__Lib_ADC_88X.mpas,41 :: 		
0x016D	0x0835      	MOVF       Adc_Read_local_result, 0
0x016E	0x00F0      	MOVWF      R0
0x016F	0x0836      	MOVF       Adc_Read_local_result+1, 0
0x0170	0x00F1      	MOVWF      R0+1
0x0171	0x0008      	RETURN
; end of _Adc_Read
Laberinto_Basico_MEDICION_IZQUIERDA:
;Laberinto_Basico.mbas,56 :: 		SUB PROCEDURE MEDICION_IZQUIERDA()
;Laberinto_Basico.mbas,57 :: 		VOLT_FRENTE =Adc_Read(12)   ' ANALOGICO(13) RETORNA 10BITS  0-0V  1023->5V
0x0172	0x300C      	MOVLW      12
0x0173	0x1283      	BCF        STATUS, 5
0x0174	0x1303      	BCF        STATUS, 6
0x0175	0x00B4      	MOVWF      FARG_Adc_Read_channel
0x0176	0x2148      	CALL       _Adc_Read
0x0177	0x0870      	MOVF       R0, 0
0x0178	0x00AE      	MOVWF      _VOLT_FRENTE
0x0179	0x0871      	MOVF       R0+1, 0
0x017A	0x00AF      	MOVWF      _VOLT_FRENTE+1
;Laberinto_Basico.mbas,58 :: 		Delay_ms(30)
0x017B	0x3027      	MOVLW      39
0x017C	0x00FC      	MOVWF      R12
0x017D	0x30F5      	MOVLW      245
0x017E	0x00FD      	MOVWF      R13
L_Laberinto_Basico_MEDICION_IZQUIERDA18:
0x017F	0x0BFD      	DECFSZ     R13, 1
0x0180	0x297F      	GOTO       L_Laberinto_Basico_MEDICION_IZQUIERDA18
0x0181	0x0BFC      	DECFSZ     R12, 1
0x0182	0x297F      	GOTO       L_Laberinto_Basico_MEDICION_IZQUIERDA18
;Laberinto_Basico.mbas,59 :: 		DIST_IZQUIERDA=(2914/(VOLT_FRENTE+5))-1         'ec sensores 4-30cm
0x0183	0x3005      	MOVLW      5
0x0184	0x072E      	ADDWF      _VOLT_FRENTE, 0
0x0185	0x00F4      	MOVWF      R4
0x0186	0x082F      	MOVF       _VOLT_FRENTE+1, 0
0x0187	0x1803      	BTFSC      STATUS, 0
0x0188	0x3E01      	ADDLW      1
0x0189	0x00F5      	MOVWF      R4+1
0x018A	0x3062      	MOVLW      98
0x018B	0x00F0      	MOVWF      R0
0x018C	0x300B      	MOVLW      11
0x018D	0x00F1      	MOVWF      R0+1
0x018E	0x20DF      	CALL       _Div_16x16_S
0x018F	0x3001      	MOVLW      1
0x0190	0x0270      	SUBWF      R0, 0
0x0191	0x00AC      	MOVWF      _DIST_IZQUIERDA
0x0192	0x3000      	MOVLW      0
0x0193	0x1C03      	BTFSS      STATUS, 0
0x0194	0x3E01      	ADDLW      1
0x0195	0x0271      	SUBWF      R0+1, 0
0x0196	0x00AD      	MOVWF      _DIST_IZQUIERDA+1
0x0197	0x0008      	RETURN
; end of Laberinto_Basico_MEDICION_IZQUIERDA
_PWM1_Start:
;__Lib_PWM_c21.mpas,34 :: 		
;__Lib_PWM_c21.mpas,35 :: 		
0x0198	0x1683      	BSF        STATUS, 5
0x0199	0x1303      	BCF        STATUS, 6
0x019A	0x1107      	BCF        TRISC2_bit, 2
;__Lib_PWM_c21.mpas,36 :: 		
0x019B	0x1283      	BCF        STATUS, 5
0x019C	0x1512      	BSF        T2CON, 2
;__Lib_PWM_c21.mpas,37 :: 		
0x019D	0x300C      	MOVLW      12
0x019E	0x0497      	IORWF      CCP1CON, 1
;__Lib_PWM_c21.mpas,38 :: 		
0x019F	0x0008      	RETURN
; end of _PWM1_Start
Laberinto_Basico_MEDICION_FRENTE:
;Laberinto_Basico.mbas,43 :: 		SUB PROCEDURE MEDICION_FRENTE()
;Laberinto_Basico.mbas,44 :: 		VOLT_FRENTE =Adc_Read(0)   ' ANALOGICO(13) RETORNA 10BITS  0-0V  1023->5V
0x01A0	0x1283      	BCF        STATUS, 5
0x01A1	0x1303      	BCF        STATUS, 6
0x01A2	0x01B4      	CLRF       FARG_Adc_Read_channel
0x01A3	0x2148      	CALL       _Adc_Read
0x01A4	0x0870      	MOVF       R0, 0
0x01A5	0x00AE      	MOVWF      _VOLT_FRENTE
0x01A6	0x0871      	MOVF       R0+1, 0
0x01A7	0x00AF      	MOVWF      _VOLT_FRENTE+1
;Laberinto_Basico.mbas,45 :: 		Delay_ms(30)
0x01A8	0x3027      	MOVLW      39
0x01A9	0x00FC      	MOVWF      R12
0x01AA	0x30F5      	MOVLW      245
0x01AB	0x00FD      	MOVWF      R13
L_Laberinto_Basico_MEDICION_FRENTE14:
0x01AC	0x0BFD      	DECFSZ     R13, 1
0x01AD	0x29AC      	GOTO       L_Laberinto_Basico_MEDICION_FRENTE14
0x01AE	0x0BFC      	DECFSZ     R12, 1
0x01AF	0x29AC      	GOTO       L_Laberinto_Basico_MEDICION_FRENTE14
;Laberinto_Basico.mbas,46 :: 		DIST_FRENTE=(2914/(VOLT_FRENTE+5))-1         'ec sensores 4-30cm
0x01B0	0x3005      	MOVLW      5
0x01B1	0x072E      	ADDWF      _VOLT_FRENTE, 0
0x01B2	0x00F4      	MOVWF      R4
0x01B3	0x082F      	MOVF       _VOLT_FRENTE+1, 0
0x01B4	0x1803      	BTFSC      STATUS, 0
0x01B5	0x3E01      	ADDLW      1
0x01B6	0x00F5      	MOVWF      R4+1
0x01B7	0x3062      	MOVLW      98
0x01B8	0x00F0      	MOVWF      R0
0x01B9	0x300B      	MOVLW      11
0x01BA	0x00F1      	MOVWF      R0+1
0x01BB	0x20DF      	CALL       _Div_16x16_S
0x01BC	0x3001      	MOVLW      1
0x01BD	0x0270      	SUBWF      R0, 0
0x01BE	0x00AA      	MOVWF      _DIST_FRENTE
0x01BF	0x3000      	MOVLW      0
0x01C0	0x1C03      	BTFSS      STATUS, 0
0x01C1	0x3E01      	ADDLW      1
0x01C2	0x0271      	SUBWF      R0+1, 0
0x01C3	0x00AB      	MOVWF      _DIST_FRENTE+1
0x01C4	0x0008      	RETURN
; end of Laberinto_Basico_MEDICION_FRENTE
Laberinto_Basico_SET_MOTOR:
;Laberinto_Basico.mbas,15 :: 		SUB PROCEDURE SET_MOTOR(DIM MOTOR1,MOTOR2 AS INTEGER)
;Laberinto_Basico.mbas,17 :: 		IF(MOTOR1<0)THEN
0x01C5	0x3080      	MOVLW      128
0x01C6	0x1283      	BCF        STATUS, 5
0x01C7	0x1303      	BCF        STATUS, 6
0x01C8	0x0631      	XORWF      FARG_SET_MOTOR_MOTOR1+1, 0
0x01C9	0x00F0      	MOVWF      R0
0x01CA	0x3080      	MOVLW      128
0x01CB	0x0270      	SUBWF      R0, 0
0x01CC	0x1D03      	BTFSS      STATUS, 2
0x01CD	0x29D0      	GOTO       L_Laberinto_Basico_SET_MOTOR79
0x01CE	0x3000      	MOVLW      0
0x01CF	0x0230      	SUBWF      FARG_SET_MOTOR_MOTOR1, 0
L_Laberinto_Basico_SET_MOTOR79:
0x01D0	0x1803      	BTFSC      STATUS, 0
0x01D1	0x29DD      	GOTO       L_Laberinto_Basico_SET_MOTOR2
;Laberinto_Basico.mbas,18 :: 		MOTOR1=-MOTOR1
0x01D2	0x0830      	MOVF       FARG_SET_MOTOR_MOTOR1, 0
0x01D3	0x3C00      	SUBLW      0
0x01D4	0x00B0      	MOVWF      FARG_SET_MOTOR_MOTOR1
0x01D5	0x0831      	MOVF       FARG_SET_MOTOR_MOTOR1+1, 0
0x01D6	0x1C03      	BTFSS      STATUS, 0
0x01D7	0x3E01      	ADDLW      1
0x01D8	0x01B1      	CLRF       FARG_SET_MOTOR_MOTOR1+1
0x01D9	0x02B1      	SUBWF      FARG_SET_MOTOR_MOTOR1+1, 1
;Laberinto_Basico.mbas,19 :: 		DIR1=0
0x01DA	0x1105      	BCF        PORTA, 2
;Laberinto_Basico.mbas,20 :: 		NDIR1=1
0x01DB	0x1605      	BSF        PORTA, 4
0x01DC	0x29EA      	GOTO       L_Laberinto_Basico_SET_MOTOR3
;Laberinto_Basico.mbas,21 :: 		ELSE
L_Laberinto_Basico_SET_MOTOR2:
;Laberinto_Basico.mbas,22 :: 		IF(MOTOR1>0)THEN
0x01DD	0x3080      	MOVLW      128
0x01DE	0x00F0      	MOVWF      R0
0x01DF	0x3080      	MOVLW      128
0x01E0	0x0631      	XORWF      FARG_SET_MOTOR_MOTOR1+1, 0
0x01E1	0x0270      	SUBWF      R0, 0
0x01E2	0x1D03      	BTFSS      STATUS, 2
0x01E3	0x29E6      	GOTO       L_Laberinto_Basico_SET_MOTOR80
0x01E4	0x0830      	MOVF       FARG_SET_MOTOR_MOTOR1, 0
0x01E5	0x3C00      	SUBLW      0
L_Laberinto_Basico_SET_MOTOR80:
0x01E6	0x1803      	BTFSC      STATUS, 0
0x01E7	0x29EA      	GOTO       L_Laberinto_Basico_SET_MOTOR5
;Laberinto_Basico.mbas,23 :: 		DIR1=1
0x01E8	0x1505      	BSF        PORTA, 2
;Laberinto_Basico.mbas,24 :: 		NDIR1=0
0x01E9	0x1205      	BCF        PORTA, 4
L_Laberinto_Basico_SET_MOTOR5:
;Laberinto_Basico.mbas,26 :: 		END IF
L_Laberinto_Basico_SET_MOTOR3:
;Laberinto_Basico.mbas,28 :: 		IF(MOTOR2<0)THEN
0x01EA	0x3080      	MOVLW      128
0x01EB	0x0633      	XORWF      FARG_SET_MOTOR_MOTOR2+1, 0
0x01EC	0x00F0      	MOVWF      R0
0x01ED	0x3080      	MOVLW      128
0x01EE	0x0270      	SUBWF      R0, 0
0x01EF	0x1D03      	BTFSS      STATUS, 2
0x01F0	0x29F3      	GOTO       L_Laberinto_Basico_SET_MOTOR81
0x01F1	0x3000      	MOVLW      0
0x01F2	0x0232      	SUBWF      FARG_SET_MOTOR_MOTOR2, 0
L_Laberinto_Basico_SET_MOTOR81:
0x01F3	0x1803      	BTFSC      STATUS, 0
0x01F4	0x2A00      	GOTO       L_Laberinto_Basico_SET_MOTOR8
;Laberinto_Basico.mbas,29 :: 		MOTOR2=-MOTOR2
0x01F5	0x0832      	MOVF       FARG_SET_MOTOR_MOTOR2, 0
0x01F6	0x3C00      	SUBLW      0
0x01F7	0x00B2      	MOVWF      FARG_SET_MOTOR_MOTOR2
0x01F8	0x0833      	MOVF       FARG_SET_MOTOR_MOTOR2+1, 0
0x01F9	0x1C03      	BTFSS      STATUS, 0
0x01FA	0x3E01      	ADDLW      1
0x01FB	0x01B3      	CLRF       FARG_SET_MOTOR_MOTOR2+1
0x01FC	0x02B3      	SUBWF      FARG_SET_MOTOR_MOTOR2+1, 1
;Laberinto_Basico.mbas,30 :: 		DIR2=0
0x01FD	0x1185      	BCF        PORTA, 3
;Laberinto_Basico.mbas,31 :: 		NDIR2=1
0x01FE	0x1685      	BSF        PORTA, 5
0x01FF	0x2A0D      	GOTO       L_Laberinto_Basico_SET_MOTOR9
;Laberinto_Basico.mbas,32 :: 		ELSE
L_Laberinto_Basico_SET_MOTOR8:
;Laberinto_Basico.mbas,33 :: 		IF(MOTOR2>0)THEN
0x0200	0x3080      	MOVLW      128
0x0201	0x00F0      	MOVWF      R0
0x0202	0x3080      	MOVLW      128
0x0203	0x0633      	XORWF      FARG_SET_MOTOR_MOTOR2+1, 0
0x0204	0x0270      	SUBWF      R0, 0
0x0205	0x1D03      	BTFSS      STATUS, 2
0x0206	0x2A09      	GOTO       L_Laberinto_Basico_SET_MOTOR82
0x0207	0x0832      	MOVF       FARG_SET_MOTOR_MOTOR2, 0
0x0208	0x3C00      	SUBLW      0
L_Laberinto_Basico_SET_MOTOR82:
0x0209	0x1803      	BTFSC      STATUS, 0
0x020A	0x2A0D      	GOTO       L_Laberinto_Basico_SET_MOTOR11
;Laberinto_Basico.mbas,34 :: 		DIR2=1
0x020B	0x1585      	BSF        PORTA, 3
;Laberinto_Basico.mbas,35 :: 		NDIR2=0
0x020C	0x1285      	BCF        PORTA, 5
L_Laberinto_Basico_SET_MOTOR11:
;Laberinto_Basico.mbas,37 :: 		END IF
L_Laberinto_Basico_SET_MOTOR9:
;Laberinto_Basico.mbas,38 :: 		PWM1_Set_Duty(MOTOR2)
0x020D	0x0832      	MOVF       FARG_SET_MOTOR_MOTOR2, 0
0x020E	0x00B4      	MOVWF      FARG_PWM1_Set_Duty_new_duty
0x020F	0x20A0      	CALL       _PWM1_Set_Duty
;Laberinto_Basico.mbas,39 :: 		PWM2_Set_Duty(MOTOR1)
0x0210	0x0830      	MOVF       FARG_SET_MOTOR_MOTOR1, 0
0x0211	0x00B4      	MOVWF      FARG_PWM2_Set_Duty_new_duty
0x0212	0x2061      	CALL       _PWM2_Set_Duty
0x0213	0x0008      	RETURN
; end of Laberinto_Basico_SET_MOTOR
_PWM2_Start:
;__Lib_PWM_c21.mpas,69 :: 		
;__Lib_PWM_c21.mpas,70 :: 		
0x0214	0x1683      	BSF        STATUS, 5
0x0215	0x1303      	BCF        STATUS, 6
0x0216	0x1087      	BCF        TRISC1_bit, 1
;__Lib_PWM_c21.mpas,71 :: 		
0x0217	0x1283      	BCF        STATUS, 5
0x0218	0x1512      	BSF        T2CON, 2
;__Lib_PWM_c21.mpas,72 :: 		
0x0219	0x300C      	MOVLW      12
0x021A	0x049D      	IORWF      CCP2CON, 1
;__Lib_PWM_c21.mpas,73 :: 		
0x021B	0x0008      	RETURN
; end of _PWM2_Start
Laberinto_Basico_MEDICION_DERECHA:
;Laberinto_Basico.mbas,50 :: 		SUB PROCEDURE MEDICION_DERECHA()
;Laberinto_Basico.mbas,51 :: 		VOLT_FRENTE =Adc_Read(1)   ' ANALOGICO(13) RETORNA 10BITS  0-0V  1023->5V
0x021C	0x3001      	MOVLW      1
0x021D	0x1283      	BCF        STATUS, 5
0x021E	0x1303      	BCF        STATUS, 6
0x021F	0x00B4      	MOVWF      FARG_Adc_Read_channel
0x0220	0x2148      	CALL       _Adc_Read
0x0221	0x0870      	MOVF       R0, 0
0x0222	0x00AE      	MOVWF      _VOLT_FRENTE
0x0223	0x0871      	MOVF       R0+1, 0
0x0224	0x00AF      	MOVWF      _VOLT_FRENTE+1
;Laberinto_Basico.mbas,52 :: 		Delay_ms(30)
0x0225	0x3027      	MOVLW      39
0x0226	0x00FC      	MOVWF      R12
0x0227	0x30F5      	MOVLW      245
0x0228	0x00FD      	MOVWF      R13
L_Laberinto_Basico_MEDICION_DERECHA16:
0x0229	0x0BFD      	DECFSZ     R13, 1
0x022A	0x2A29      	GOTO       L_Laberinto_Basico_MEDICION_DERECHA16
0x022B	0x0BFC      	DECFSZ     R12, 1
0x022C	0x2A29      	GOTO       L_Laberinto_Basico_MEDICION_DERECHA16
;Laberinto_Basico.mbas,53 :: 		DIST_DERECHA=(2914/(VOLT_FRENTE+5))-1         'ec sensores 4-30cm
0x022D	0x3005      	MOVLW      5
0x022E	0x072E      	ADDWF      _VOLT_FRENTE, 0
0x022F	0x00F4      	MOVWF      R4
0x0230	0x082F      	MOVF       _VOLT_FRENTE+1, 0
0x0231	0x1803      	BTFSC      STATUS, 0
0x0232	0x3E01      	ADDLW      1
0x0233	0x00F5      	MOVWF      R4+1
0x0234	0x3062      	MOVLW      98
0x0235	0x00F0      	MOVWF      R0
0x0236	0x300B      	MOVLW      11
0x0237	0x00F1      	MOVWF      R0+1
0x0238	0x20DF      	CALL       _Div_16x16_S
0x0239	0x3001      	MOVLW      1
0x023A	0x0270      	SUBWF      R0, 0
0x023B	0x00A8      	MOVWF      _DIST_DERECHA
0x023C	0x3000      	MOVLW      0
0x023D	0x1C03      	BTFSS      STATUS, 0
0x023E	0x3E01      	ADDLW      1
0x023F	0x0271      	SUBWF      R0+1, 0
0x0240	0x00A9      	MOVWF      _DIST_DERECHA+1
0x0241	0x0008      	RETURN
; end of Laberinto_Basico_MEDICION_DERECHA
_PWM1_Init:
;__Lib_PWM_c21.mpas,15 :: 		
;__Lib_PWM_c21.mpas,17 :: 		
0x0242	0x1283      	BCF        STATUS, 5
0x0243	0x1303      	BCF        STATUS, 6
0x0244	0x0195      	CLRF       CCPR1L
;__Lib_PWM_c21.mpas,18 :: 		
0x0245	0x1217      	BCF        CCP1CON, 4
;__Lib_PWM_c21.mpas,19 :: 		
0x0246	0x1297      	BCF        CCP1CON, 5
;__Lib_PWM_c21.mpas,20 :: 		
0x0247	0x0008      	RETURN
; end of _PWM1_Init
_PWM2_Init:
;__Lib_PWM_c21.mpas,50 :: 		
;__Lib_PWM_c21.mpas,52 :: 		
0x0248	0x1283      	BCF        STATUS, 5
0x0249	0x1303      	BCF        STATUS, 6
0x024A	0x019B      	CLRF       CCPR2L
;__Lib_PWM_c21.mpas,53 :: 		
0x024B	0x121D      	BCF        CCP2CON, 4
;__Lib_PWM_c21.mpas,54 :: 		
0x024C	0x129D      	BCF        CCP2CON, 5
;__Lib_PWM_c21.mpas,55 :: 		
0x024D	0x0008      	RETURN
; end of _PWM2_Init
_main:
;Laberinto_Basico.mbas,62 :: 		main:
;Laberinto_Basico.mbas,63 :: 		OPTION_REG=$80
0x024E	0x3080      	MOVLW      128
0x024F	0x1683      	BSF        STATUS, 5
0x0250	0x1303      	BCF        STATUS, 6
0x0251	0x0081      	MOVWF      OPTION_REG
;Laberinto_Basico.mbas,64 :: 		INTCON=0
0x0252	0x018B      	CLRF       INTCON
;Laberinto_Basico.mbas,65 :: 		TRISA=3
0x0253	0x3003      	MOVLW      3
0x0254	0x0085      	MOVWF      TRISA
;Laberinto_Basico.mbas,66 :: 		TRISC=1
0x0255	0x3001      	MOVLW      1
0x0256	0x0087      	MOVWF      TRISC
;Laberinto_Basico.mbas,67 :: 		TRISB=1
0x0257	0x3001      	MOVLW      1
0x0258	0x0086      	MOVWF      TRISB
;Laberinto_Basico.mbas,68 :: 		ANSEL=3
0x0259	0x3003      	MOVLW      3
0x025A	0x1703      	BSF        STATUS, 6
0x025B	0x0088      	MOVWF      ANSEL
;Laberinto_Basico.mbas,69 :: 		ANSELH=$10
0x025C	0x3010      	MOVLW      16
0x025D	0x0089      	MOVWF      ANSELH
;Laberinto_Basico.mbas,70 :: 		PORTB=0
0x025E	0x1283      	BCF        STATUS, 5
0x025F	0x1303      	BCF        STATUS, 6
0x0260	0x0186      	CLRF       PORTB
;Laberinto_Basico.mbas,71 :: 		PORTA=0
0x0261	0x0185      	CLRF       PORTA
;Laberinto_Basico.mbas,72 :: 		PORTC=0
0x0262	0x0187      	CLRF       PORTC
;Laberinto_Basico.mbas,73 :: 		alerta=0
0x0263	0x01A6      	CLRF       _alerta
0x0264	0x01A7      	CLRF       _alerta+1
;Laberinto_Basico.mbas,74 :: 		DIST_FRENTE =0
0x0265	0x01AA      	CLRF       _DIST_FRENTE
0x0266	0x01AB      	CLRF       _DIST_FRENTE+1
;Laberinto_Basico.mbas,75 :: 		DIST_IZQUIERDA =0
0x0267	0x01AC      	CLRF       _DIST_IZQUIERDA
0x0268	0x01AD      	CLRF       _DIST_IZQUIERDA+1
;Laberinto_Basico.mbas,76 :: 		max=255
0x0269	0x30FF      	MOVLW      255
0x026A	0x00A0      	MOVWF      _max
0x026B	0x01A1      	CLRF       _max+1
;Laberinto_Basico.mbas,77 :: 		PWM1_Init(1000)
0x026C	0x1012      	BCF        T2CON, 0
0x026D	0x1092      	BCF        T2CON, 1
0x026E	0x1412      	BSF        T2CON, 0
0x026F	0x1092      	BCF        T2CON, 1
0x0270	0x30F9      	MOVLW      249
0x0271	0x1683      	BSF        STATUS, 5
0x0272	0x0092      	MOVWF      PR2
0x0273	0x2242      	CALL       _PWM1_Init
;Laberinto_Basico.mbas,78 :: 		PWM2_Init(1000)
0x0274	0x1012      	BCF        T2CON, 0
0x0275	0x1092      	BCF        T2CON, 1
0x0276	0x1412      	BSF        T2CON, 0
0x0277	0x1092      	BCF        T2CON, 1
0x0278	0x30F9      	MOVLW      249
0x0279	0x1683      	BSF        STATUS, 5
0x027A	0x0092      	MOVWF      PR2
0x027B	0x2248      	CALL       _PWM2_Init
;Laberinto_Basico.mbas,79 :: 		PWM1_Start()
0x027C	0x2198      	CALL       _PWM1_Start
;Laberinto_Basico.mbas,80 :: 		PWM2_Start()
0x027D	0x2214      	CALL       _PWM2_Start
;Laberinto_Basico.mbas,81 :: 		PWM1_Set_Duty(0)
0x027E	0x01B4      	CLRF       FARG_PWM1_Set_Duty_new_duty
0x027F	0x20A0      	CALL       _PWM1_Set_Duty
;Laberinto_Basico.mbas,82 :: 		PWM2_Set_Duty(0)
0x0280	0x01B4      	CLRF       FARG_PWM2_Set_Duty_new_duty
0x0281	0x2061      	CALL       _PWM2_Set_Duty
;Laberinto_Basico.mbas,83 :: 		Delay_ms(200)
0x0282	0x3002      	MOVLW      2
0x0283	0x00FB      	MOVWF      R11
0x0284	0x3004      	MOVLW      4
0x0285	0x00FC      	MOVWF      R12
0x0286	0x30BA      	MOVLW      186
0x0287	0x00FD      	MOVWF      R13
L__main20:
0x0288	0x0BFD      	DECFSZ     R13, 1
0x0289	0x2A88      	GOTO       L__main20
0x028A	0x0BFC      	DECFSZ     R12, 1
0x028B	0x2A88      	GOTO       L__main20
0x028C	0x0BFB      	DECFSZ     R11, 1
0x028D	0x2A88      	GOTO       L__main20
0x028E	0x0000      	NOP
;Laberinto_Basico.mbas,84 :: 		MEDICION_FRENTE()
0x028F	0x21A0      	CALL       Laberinto_Basico_MEDICION_FRENTE
;Laberinto_Basico.mbas,85 :: 		MEDICION_DERECHA()
0x0290	0x221C      	CALL       Laberinto_Basico_MEDICION_DERECHA
;Laberinto_Basico.mbas,86 :: 		MEDICION_IZQUIERDA ()
0x0291	0x2172      	CALL       Laberinto_Basico_MEDICION_IZQUIERDA
;Laberinto_Basico.mbas,87 :: 		Delay_ms(100)
0x0292	0x3082      	MOVLW      130
0x0293	0x00FC      	MOVWF      R12
0x0294	0x30DD      	MOVLW      221
0x0295	0x00FD      	MOVWF      R13
L__main21:
0x0296	0x0BFD      	DECFSZ     R13, 1
0x0297	0x2A96      	GOTO       L__main21
0x0298	0x0BFC      	DECFSZ     R12, 1
0x0299	0x2A96      	GOTO       L__main21
0x029A	0x0000      	NOP
0x029B	0x0000      	NOP
;Laberinto_Basico.mbas,88 :: 		WHILE(1)
L__main23:
;Laberinto_Basico.mbas,90 :: 		IF(PORTC.0=1)THEN
0x029C	0x1C07      	BTFSS      PORTC, 0
0x029D	0x2BC4      	GOTO       L__main28
;Laberinto_Basico.mbas,91 :: 		MEDICION_FRENTE()
0x029E	0x21A0      	CALL       Laberinto_Basico_MEDICION_FRENTE
;Laberinto_Basico.mbas,92 :: 		MEDICION_DERECHA()
0x029F	0x221C      	CALL       Laberinto_Basico_MEDICION_DERECHA
;Laberinto_Basico.mbas,93 :: 		errordist = (9 - DIST_DERECHA )
0x02A0	0x0828      	MOVF       _DIST_DERECHA, 0
0x02A1	0x3C09      	SUBLW      9
0x02A2	0x00A2      	MOVWF      _errordist
0x02A3	0x0829      	MOVF       _DIST_DERECHA+1, 0
0x02A4	0x1C03      	BTFSS      STATUS, 0
0x02A5	0x3E01      	ADDLW      1
0x02A6	0x01A3      	CLRF       _errordist+1
0x02A7	0x02A3      	SUBWF      _errordist+1, 1
;Laberinto_Basico.mbas,95 :: 		if(DIST_FRENTE >10)then
0x02A8	0x3080      	MOVLW      128
0x02A9	0x00F0      	MOVWF      R0
0x02AA	0x3080      	MOVLW      128
0x02AB	0x062B      	XORWF      _DIST_FRENTE+1, 0
0x02AC	0x0270      	SUBWF      R0, 0
0x02AD	0x1D03      	BTFSS      STATUS, 2
0x02AE	0x2AB1      	GOTO       L__main83
0x02AF	0x082A      	MOVF       _DIST_FRENTE, 0
0x02B0	0x3C0A      	SUBLW      10
L__main83:
0x02B1	0x1803      	BTFSC      STATUS, 0
0x02B2	0x2BAC      	GOTO       L__main31
;Laberinto_Basico.mbas,97 :: 		if(errordist >0) AND (errordist <4) then      'DIST_IZQUIERDA >=8cm  AND  DIST_IZQUIERDA <=6cm
0x02B3	0x3080      	MOVLW      128
0x02B4	0x00F1      	MOVWF      R1
0x02B5	0x3080      	MOVLW      128
0x02B6	0x0623      	XORWF      _errordist+1, 0
0x02B7	0x0271      	SUBWF      R1, 0
0x02B8	0x1D03      	BTFSS      STATUS, 2
0x02B9	0x2ABC      	GOTO       L__main84
0x02BA	0x0822      	MOVF       _errordist, 0
0x02BB	0x3C00      	SUBLW      0
L__main84:
0x02BC	0x30FF      	MOVLW      255
0x02BD	0x1803      	BTFSC      STATUS, 0
0x02BE	0x3000      	MOVLW      0
0x02BF	0x00F1      	MOVWF      R1
0x02C0	0x3080      	MOVLW      128
0x02C1	0x0623      	XORWF      _errordist+1, 0
0x02C2	0x00F0      	MOVWF      R0
0x02C3	0x3080      	MOVLW      128
0x02C4	0x0270      	SUBWF      R0, 0
0x02C5	0x1D03      	BTFSS      STATUS, 2
0x02C6	0x2AC9      	GOTO       L__main85
0x02C7	0x3004      	MOVLW      4
0x02C8	0x0222      	SUBWF      _errordist, 0
L__main85:
0x02C9	0x30FF      	MOVLW      255
0x02CA	0x1803      	BTFSC      STATUS, 0
0x02CB	0x3000      	MOVLW      0
0x02CC	0x00F0      	MOVWF      R0
0x02CD	0x0871      	MOVF       R1, 0
0x02CE	0x05F0      	ANDWF      R0, 1
0x02CF	0x1903      	BTFSC      STATUS, 2
0x02D0	0x2ADB      	GOTO       L__main34
;Laberinto_Basico.mbas,98 :: 		set_motor(max,max)
0x02D1	0x0820      	MOVF       _max, 0
0x02D2	0x00B0      	MOVWF      FARG_SET_MOTOR_MOTOR1
0x02D3	0x0821      	MOVF       _max+1, 0
0x02D4	0x00B1      	MOVWF      FARG_SET_MOTOR_MOTOR1+1
0x02D5	0x0820      	MOVF       _max, 0
0x02D6	0x00B2      	MOVWF      FARG_SET_MOTOR_MOTOR2
0x02D7	0x0821      	MOVF       _max+1, 0
0x02D8	0x00B3      	MOVWF      FARG_SET_MOTOR_MOTOR2+1
0x02D9	0x21C5      	CALL       Laberinto_Basico_SET_MOTOR
0x02DA	0x2BAB      	GOTO       L__main35
;Laberinto_Basico.mbas,99 :: 		else
L__main34:
;Laberinto_Basico.mbas,100 :: 		if(errordist <=0) AND (errordist >=-2) then         'DIST_IZQUIERDA >=9cm
0x02DB	0x3080      	MOVLW      128
0x02DC	0x00F1      	MOVWF      R1
0x02DD	0x3080      	MOVLW      128
0x02DE	0x0623      	XORWF      _errordist+1, 0
0x02DF	0x0271      	SUBWF      R1, 0
0x02E0	0x1D03      	BTFSS      STATUS, 2
0x02E1	0x2AE4      	GOTO       L__main86
0x02E2	0x0822      	MOVF       _errordist, 0
0x02E3	0x3C00      	SUBLW      0
L__main86:
0x02E4	0x30FF      	MOVLW      255
0x02E5	0x1C03      	BTFSS      STATUS, 0
0x02E6	0x3000      	MOVLW      0
0x02E7	0x00F1      	MOVWF      R1
0x02E8	0x3080      	MOVLW      128
0x02E9	0x0623      	XORWF      _errordist+1, 0
0x02EA	0x00F0      	MOVWF      R0
0x02EB	0x307F      	MOVLW      127
0x02EC	0x0270      	SUBWF      R0, 0
0x02ED	0x1D03      	BTFSS      STATUS, 2
0x02EE	0x2AF1      	GOTO       L__main87
0x02EF	0x30FE      	MOVLW      254
0x02F0	0x0222      	SUBWF      _errordist, 0
L__main87:
0x02F1	0x30FF      	MOVLW      255
0x02F2	0x1C03      	BTFSS      STATUS, 0
0x02F3	0x3000      	MOVLW      0
0x02F4	0x00F0      	MOVWF      R0
0x02F5	0x0871      	MOVF       R1, 0
0x02F6	0x05F0      	ANDWF      R0, 1
0x02F7	0x1903      	BTFSC      STATUS, 2
0x02F8	0x2B22      	GOTO       L__main37
;Laberinto_Basico.mbas,101 :: 		set_motor(max,-max)
0x02F9	0x0820      	MOVF       _max, 0
0x02FA	0x00B0      	MOVWF      FARG_SET_MOTOR_MOTOR1
0x02FB	0x0821      	MOVF       _max+1, 0
0x02FC	0x00B1      	MOVWF      FARG_SET_MOTOR_MOTOR1+1
0x02FD	0x0820      	MOVF       _max, 0
0x02FE	0x3C00      	SUBLW      0
0x02FF	0x00B2      	MOVWF      FARG_SET_MOTOR_MOTOR2
0x0300	0x0821      	MOVF       _max+1, 0
0x0301	0x1C03      	BTFSS      STATUS, 0
0x0302	0x3E01      	ADDLW      1
0x0303	0x01B3      	CLRF       FARG_SET_MOTOR_MOTOR2+1
0x0304	0x02B3      	SUBWF      FARG_SET_MOTOR_MOTOR2+1, 1
0x0305	0x21C5      	CALL       Laberinto_Basico_SET_MOTOR
;Laberinto_Basico.mbas,102 :: 		Delay_ms(20)
0x0306	0x301A      	MOVLW      26
0x0307	0x00FC      	MOVWF      R12
0x0308	0x30F8      	MOVLW      248
0x0309	0x00FD      	MOVWF      R13
L__main39:
0x030A	0x0BFD      	DECFSZ     R13, 1
0x030B	0x2B0A      	GOTO       L__main39
0x030C	0x0BFC      	DECFSZ     R12, 1
0x030D	0x2B0A      	GOTO       L__main39
0x030E	0x0000      	NOP
;Laberinto_Basico.mbas,103 :: 		set_motor(max,max)
0x030F	0x0820      	MOVF       _max, 0
0x0310	0x00B0      	MOVWF      FARG_SET_MOTOR_MOTOR1
0x0311	0x0821      	MOVF       _max+1, 0
0x0312	0x00B1      	MOVWF      FARG_SET_MOTOR_MOTOR1+1
0x0313	0x0820      	MOVF       _max, 0
0x0314	0x00B2      	MOVWF      FARG_SET_MOTOR_MOTOR2
0x0315	0x0821      	MOVF       _max+1, 0
0x0316	0x00B3      	MOVWF      FARG_SET_MOTOR_MOTOR2+1
0x0317	0x21C5      	CALL       Laberinto_Basico_SET_MOTOR
;Laberinto_Basico.mbas,104 :: 		Delay_ms(20)
0x0318	0x301A      	MOVLW      26
0x0319	0x00FC      	MOVWF      R12
0x031A	0x30F8      	MOVLW      248
0x031B	0x00FD      	MOVWF      R13
L__main40:
0x031C	0x0BFD      	DECFSZ     R13, 1
0x031D	0x2B1C      	GOTO       L__main40
0x031E	0x0BFC      	DECFSZ     R12, 1
0x031F	0x2B1C      	GOTO       L__main40
0x0320	0x0000      	NOP
0x0321	0x2BAB      	GOTO       L__main38
;Laberinto_Basico.mbas,105 :: 		else
L__main37:
;Laberinto_Basico.mbas,106 :: 		if(errordist <=-7) then       'DIST_IZQUIERDA >=16
0x0322	0x307F      	MOVLW      127
0x0323	0x00F0      	MOVWF      R0
0x0324	0x3080      	MOVLW      128
0x0325	0x0623      	XORWF      _errordist+1, 0
0x0326	0x0270      	SUBWF      R0, 0
0x0327	0x1D03      	BTFSS      STATUS, 2
0x0328	0x2B2B      	GOTO       L__main88
0x0329	0x0822      	MOVF       _errordist, 0
0x032A	0x3CF9      	SUBLW      249
L__main88:
0x032B	0x1C03      	BTFSS      STATUS, 0
0x032C	0x2B77      	GOTO       L__main42
;Laberinto_Basico.mbas,107 :: 		set_motor(max,max)
0x032D	0x0820      	MOVF       _max, 0
0x032E	0x00B0      	MOVWF      FARG_SET_MOTOR_MOTOR1
0x032F	0x0821      	MOVF       _max+1, 0
0x0330	0x00B1      	MOVWF      FARG_SET_MOTOR_MOTOR1+1
0x0331	0x0820      	MOVF       _max, 0
0x0332	0x00B2      	MOVWF      FARG_SET_MOTOR_MOTOR2
0x0333	0x0821      	MOVF       _max+1, 0
0x0334	0x00B3      	MOVWF      FARG_SET_MOTOR_MOTOR2+1
0x0335	0x21C5      	CALL       Laberinto_Basico_SET_MOTOR
;Laberinto_Basico.mbas,108 :: 		Delay_ms(1000)
0x0336	0x3006      	MOVLW      6
0x0337	0x00FB      	MOVWF      R11
0x0338	0x3013      	MOVLW      19
0x0339	0x00FC      	MOVWF      R12
0x033A	0x30AD      	MOVLW      173
0x033B	0x00FD      	MOVWF      R13
L__main44:
0x033C	0x0BFD      	DECFSZ     R13, 1
0x033D	0x2B3C      	GOTO       L__main44
0x033E	0x0BFC      	DECFSZ     R12, 1
0x033F	0x2B3C      	GOTO       L__main44
0x0340	0x0BFB      	DECFSZ     R11, 1
0x0341	0x2B3C      	GOTO       L__main44
0x0342	0x0000      	NOP
0x0343	0x0000      	NOP
;Laberinto_Basico.mbas,109 :: 		set_motor(max,-max)
0x0344	0x0820      	MOVF       _max, 0
0x0345	0x00B0      	MOVWF      FARG_SET_MOTOR_MOTOR1
0x0346	0x0821      	MOVF       _max+1, 0
0x0347	0x00B1      	MOVWF      FARG_SET_MOTOR_MOTOR1+1
0x0348	0x0820      	MOVF       _max, 0
0x0349	0x3C00      	SUBLW      0
0x034A	0x00B2      	MOVWF      FARG_SET_MOTOR_MOTOR2
0x034B	0x0821      	MOVF       _max+1, 0
0x034C	0x1C03      	BTFSS      STATUS, 0
0x034D	0x3E01      	ADDLW      1
0x034E	0x01B3      	CLRF       FARG_SET_MOTOR_MOTOR2+1
0x034F	0x02B3      	SUBWF      FARG_SET_MOTOR_MOTOR2+1, 1
0x0350	0x21C5      	CALL       Laberinto_Basico_SET_MOTOR
;Laberinto_Basico.mbas,110 :: 		Delay_ms(500)
0x0351	0x3003      	MOVLW      3
0x0352	0x00FB      	MOVWF      R11
0x0353	0x308A      	MOVLW      138
0x0354	0x00FC      	MOVWF      R12
0x0355	0x3055      	MOVLW      85
0x0356	0x00FD      	MOVWF      R13
L__main45:
0x0357	0x0BFD      	DECFSZ     R13, 1
0x0358	0x2B57      	GOTO       L__main45
0x0359	0x0BFC      	DECFSZ     R12, 1
0x035A	0x2B57      	GOTO       L__main45
0x035B	0x0BFB      	DECFSZ     R11, 1
0x035C	0x2B57      	GOTO       L__main45
0x035D	0x0000      	NOP
0x035E	0x0000      	NOP
;Laberinto_Basico.mbas,111 :: 		set_motor(max,max)
0x035F	0x0820      	MOVF       _max, 0
0x0360	0x00B0      	MOVWF      FARG_SET_MOTOR_MOTOR1
0x0361	0x0821      	MOVF       _max+1, 0
0x0362	0x00B1      	MOVWF      FARG_SET_MOTOR_MOTOR1+1
0x0363	0x0820      	MOVF       _max, 0
0x0364	0x00B2      	MOVWF      FARG_SET_MOTOR_MOTOR2
0x0365	0x0821      	MOVF       _max+1, 0
0x0366	0x00B3      	MOVWF      FARG_SET_MOTOR_MOTOR2+1
0x0367	0x21C5      	CALL       Laberinto_Basico_SET_MOTOR
;Laberinto_Basico.mbas,112 :: 		Delay_ms(250)
0x0368	0x3002      	MOVLW      2
0x0369	0x00FB      	MOVWF      R11
0x036A	0x3045      	MOVLW      69
0x036B	0x00FC      	MOVWF      R12
0x036C	0x30A9      	MOVLW      169
0x036D	0x00FD      	MOVWF      R13
L__main46:
0x036E	0x0BFD      	DECFSZ     R13, 1
0x036F	0x2B6E      	GOTO       L__main46
0x0370	0x0BFC      	DECFSZ     R12, 1
0x0371	0x2B6E      	GOTO       L__main46
0x0372	0x0BFB      	DECFSZ     R11, 1
0x0373	0x2B6E      	GOTO       L__main46
0x0374	0x0000      	NOP
0x0375	0x0000      	NOP
0x0376	0x2BAB      	GOTO       L__main43
;Laberinto_Basico.mbas,113 :: 		else
L__main42:
;Laberinto_Basico.mbas,114 :: 		if(errordist >=4) then       'DIST_IZQUIERDA <=5cm
0x0377	0x3080      	MOVLW      128
0x0378	0x0623      	XORWF      _errordist+1, 0
0x0379	0x00F0      	MOVWF      R0
0x037A	0x3080      	MOVLW      128
0x037B	0x0270      	SUBWF      R0, 0
0x037C	0x1D03      	BTFSS      STATUS, 2
0x037D	0x2B80      	GOTO       L__main89
0x037E	0x3004      	MOVLW      4
0x037F	0x0222      	SUBWF      _errordist, 0
L__main89:
0x0380	0x1C03      	BTFSS      STATUS, 0
0x0381	0x2BAB      	GOTO       L__main48
;Laberinto_Basico.mbas,115 :: 		set_motor(-max,max)
0x0382	0x0820      	MOVF       _max, 0
0x0383	0x3C00      	SUBLW      0
0x0384	0x00B0      	MOVWF      FARG_SET_MOTOR_MOTOR1
0x0385	0x0821      	MOVF       _max+1, 0
0x0386	0x1C03      	BTFSS      STATUS, 0
0x0387	0x3E01      	ADDLW      1
0x0388	0x01B1      	CLRF       FARG_SET_MOTOR_MOTOR1+1
0x0389	0x02B1      	SUBWF      FARG_SET_MOTOR_MOTOR1+1, 1
0x038A	0x0820      	MOVF       _max, 0
0x038B	0x00B2      	MOVWF      FARG_SET_MOTOR_MOTOR2
0x038C	0x0821      	MOVF       _max+1, 0
0x038D	0x00B3      	MOVWF      FARG_SET_MOTOR_MOTOR2+1
0x038E	0x21C5      	CALL       Laberinto_Basico_SET_MOTOR
;Laberinto_Basico.mbas,116 :: 		Delay_ms(40)
0x038F	0x3034      	MOVLW      52
0x0390	0x00FC      	MOVWF      R12
0x0391	0x30F1      	MOVLW      241
0x0392	0x00FD      	MOVWF      R13
L__main50:
0x0393	0x0BFD      	DECFSZ     R13, 1
0x0394	0x2B93      	GOTO       L__main50
0x0395	0x0BFC      	DECFSZ     R12, 1
0x0396	0x2B93      	GOTO       L__main50
0x0397	0x0000      	NOP
0x0398	0x0000      	NOP
;Laberinto_Basico.mbas,117 :: 		set_motor(max,max)
0x0399	0x0820      	MOVF       _max, 0
0x039A	0x00B0      	MOVWF      FARG_SET_MOTOR_MOTOR1
0x039B	0x0821      	MOVF       _max+1, 0
0x039C	0x00B1      	MOVWF      FARG_SET_MOTOR_MOTOR1+1
0x039D	0x0820      	MOVF       _max, 0
0x039E	0x00B2      	MOVWF      FARG_SET_MOTOR_MOTOR2
0x039F	0x0821      	MOVF       _max+1, 0
0x03A0	0x00B3      	MOVWF      FARG_SET_MOTOR_MOTOR2+1
0x03A1	0x21C5      	CALL       Laberinto_Basico_SET_MOTOR
;Laberinto_Basico.mbas,118 :: 		Delay_ms(20)
0x03A2	0x301A      	MOVLW      26
0x03A3	0x00FC      	MOVWF      R12
0x03A4	0x30F8      	MOVLW      248
0x03A5	0x00FD      	MOVWF      R13
L__main51:
0x03A6	0x0BFD      	DECFSZ     R13, 1
0x03A7	0x2BA6      	GOTO       L__main51
0x03A8	0x0BFC      	DECFSZ     R12, 1
0x03A9	0x2BA6      	GOTO       L__main51
0x03AA	0x0000      	NOP
L__main48:
;Laberinto_Basico.mbas,121 :: 		end if
L__main43:
;Laberinto_Basico.mbas,122 :: 		end if
L__main38:
;Laberinto_Basico.mbas,123 :: 		end if
L__main35:
0x03AB	0x2BC3      	GOTO       L__main32
;Laberinto_Basico.mbas,124 :: 		else
L__main31:
;Laberinto_Basico.mbas,125 :: 		SET_MOTOR(-max,max)
0x03AC	0x0820      	MOVF       _max, 0
0x03AD	0x3C00      	SUBLW      0
0x03AE	0x00B0      	MOVWF      FARG_SET_MOTOR_MOTOR1
0x03AF	0x0821      	MOVF       _max+1, 0
0x03B0	0x1C03      	BTFSS      STATUS, 0
0x03B1	0x3E01      	ADDLW      1
0x03B2	0x01B1      	CLRF       FARG_SET_MOTOR_MOTOR1+1
0x03B3	0x02B1      	SUBWF      FARG_SET_MOTOR_MOTOR1+1, 1
0x03B4	0x0820      	MOVF       _max, 0
0x03B5	0x00B2      	MOVWF      FARG_SET_MOTOR_MOTOR2
0x03B6	0x0821      	MOVF       _max+1, 0
0x03B7	0x00B3      	MOVWF      FARG_SET_MOTOR_MOTOR2+1
0x03B8	0x21C5      	CALL       Laberinto_Basico_SET_MOTOR
;Laberinto_Basico.mbas,126 :: 		Delay_ms(10)                  'si se pega mucho a la pared
0x03B9	0x300D      	MOVLW      13
0x03BA	0x00FC      	MOVWF      R12
0x03BB	0x30FB      	MOVLW      251
0x03BC	0x00FD      	MOVWF      R13
L__main52:
0x03BD	0x0BFD      	DECFSZ     R13, 1
0x03BE	0x2BBD      	GOTO       L__main52
0x03BF	0x0BFC      	DECFSZ     R12, 1
0x03C0	0x2BBD      	GOTO       L__main52
0x03C1	0x0000      	NOP
0x03C2	0x0000      	NOP
;Laberinto_Basico.mbas,127 :: 		end if
L__main32:
0x03C3	0x2CEB      	GOTO       L__main29
;Laberinto_Basico.mbas,128 :: 		ELSE
L__main28:
;Laberinto_Basico.mbas,129 :: 		IF(PORTC.0=0)THEN
0x03C4	0x1807      	BTFSC      PORTC, 0
0x03C5	0x2CEB      	GOTO       L__main54
;Laberinto_Basico.mbas,131 :: 		MEDICION_FRENTE()
0x03C6	0x21A0      	CALL       Laberinto_Basico_MEDICION_FRENTE
;Laberinto_Basico.mbas,132 :: 		MEDICION_IZQUIERDA()
0x03C7	0x2172      	CALL       Laberinto_Basico_MEDICION_IZQUIERDA
;Laberinto_Basico.mbas,133 :: 		errordist = (9 - DIST_IZQUIERDA )
0x03C8	0x082C      	MOVF       _DIST_IZQUIERDA, 0
0x03C9	0x3C09      	SUBLW      9
0x03CA	0x00A2      	MOVWF      _errordist
0x03CB	0x082D      	MOVF       _DIST_IZQUIERDA+1, 0
0x03CC	0x1C03      	BTFSS      STATUS, 0
0x03CD	0x3E01      	ADDLW      1
0x03CE	0x01A3      	CLRF       _errordist+1
0x03CF	0x02A3      	SUBWF      _errordist+1, 1
;Laberinto_Basico.mbas,135 :: 		if(DIST_FRENTE >10)then
0x03D0	0x3080      	MOVLW      128
0x03D1	0x00F0      	MOVWF      R0
0x03D2	0x3080      	MOVLW      128
0x03D3	0x062B      	XORWF      _DIST_FRENTE+1, 0
0x03D4	0x0270      	SUBWF      R0, 0
0x03D5	0x1D03      	BTFSS      STATUS, 2
0x03D6	0x2BD9      	GOTO       L__main90
0x03D7	0x082A      	MOVF       _DIST_FRENTE, 0
0x03D8	0x3C0A      	SUBLW      10
L__main90:
0x03D9	0x1803      	BTFSC      STATUS, 0
0x03DA	0x2CD4      	GOTO       L__main57
;Laberinto_Basico.mbas,137 :: 		if(errordist >0) AND (errordist <4) then      'DIST_IZQUIERDA >=8cm  AND  DIST_IZQUIERDA <=6cm
0x03DB	0x3080      	MOVLW      128
0x03DC	0x00F1      	MOVWF      R1
0x03DD	0x3080      	MOVLW      128
0x03DE	0x0623      	XORWF      _errordist+1, 0
0x03DF	0x0271      	SUBWF      R1, 0
0x03E0	0x1D03      	BTFSS      STATUS, 2
0x03E1	0x2BE4      	GOTO       L__main91
0x03E2	0x0822      	MOVF       _errordist, 0
0x03E3	0x3C00      	SUBLW      0
L__main91:
0x03E4	0x30FF      	MOVLW      255
0x03E5	0x1803      	BTFSC      STATUS, 0
0x03E6	0x3000      	MOVLW      0
0x03E7	0x00F1      	MOVWF      R1
0x03E8	0x3080      	MOVLW      128
0x03E9	0x0623      	XORWF      _errordist+1, 0
0x03EA	0x00F0      	MOVWF      R0
0x03EB	0x3080      	MOVLW      128
0x03EC	0x0270      	SUBWF      R0, 0
0x03ED	0x1D03      	BTFSS      STATUS, 2
0x03EE	0x2BF1      	GOTO       L__main92
0x03EF	0x3004      	MOVLW      4
0x03F0	0x0222      	SUBWF      _errordist, 0
L__main92:
0x03F1	0x30FF      	MOVLW      255
0x03F2	0x1803      	BTFSC      STATUS, 0
0x03F3	0x3000      	MOVLW      0
0x03F4	0x00F0      	MOVWF      R0
0x03F5	0x0871      	MOVF       R1, 0
0x03F6	0x05F0      	ANDWF      R0, 1
0x03F7	0x1903      	BTFSC      STATUS, 2
0x03F8	0x2C03      	GOTO       L__main60
;Laberinto_Basico.mbas,138 :: 		set_motor(max,max)
0x03F9	0x0820      	MOVF       _max, 0
0x03FA	0x00B0      	MOVWF      FARG_SET_MOTOR_MOTOR1
0x03FB	0x0821      	MOVF       _max+1, 0
0x03FC	0x00B1      	MOVWF      FARG_SET_MOTOR_MOTOR1+1
0x03FD	0x0820      	MOVF       _max, 0
0x03FE	0x00B2      	MOVWF      FARG_SET_MOTOR_MOTOR2
0x03FF	0x0821      	MOVF       _max+1, 0
0x0400	0x00B3      	MOVWF      FARG_SET_MOTOR_MOTOR2+1
0x0401	0x21C5      	CALL       Laberinto_Basico_SET_MOTOR
0x0402	0x2CD3      	GOTO       L__main61
;Laberinto_Basico.mbas,139 :: 		else
L__main60:
;Laberinto_Basico.mbas,140 :: 		if(errordist <=0) AND (errordist >=-2) then         'DIST_IZQUIERDA >=9cm
0x0403	0x3080      	MOVLW      128
0x0404	0x00F1      	MOVWF      R1
0x0405	0x3080      	MOVLW      128
0x0406	0x0623      	XORWF      _errordist+1, 0
0x0407	0x0271      	SUBWF      R1, 0
0x0408	0x1D03      	BTFSS      STATUS, 2
0x0409	0x2C0C      	GOTO       L__main93
0x040A	0x0822      	MOVF       _errordist, 0
0x040B	0x3C00      	SUBLW      0
L__main93:
0x040C	0x30FF      	MOVLW      255
0x040D	0x1C03      	BTFSS      STATUS, 0
0x040E	0x3000      	MOVLW      0
0x040F	0x00F1      	MOVWF      R1
0x0410	0x3080      	MOVLW      128
0x0411	0x0623      	XORWF      _errordist+1, 0
0x0412	0x00F0      	MOVWF      R0
0x0413	0x307F      	MOVLW      127
0x0414	0x0270      	SUBWF      R0, 0
0x0415	0x1D03      	BTFSS      STATUS, 2
0x0416	0x2C19      	GOTO       L__main94
0x0417	0x30FE      	MOVLW      254
0x0418	0x0222      	SUBWF      _errordist, 0
L__main94:
0x0419	0x30FF      	MOVLW      255
0x041A	0x1C03      	BTFSS      STATUS, 0
0x041B	0x3000      	MOVLW      0
0x041C	0x00F0      	MOVWF      R0
0x041D	0x0871      	MOVF       R1, 0
0x041E	0x05F0      	ANDWF      R0, 1
0x041F	0x1903      	BTFSC      STATUS, 2
0x0420	0x2C4A      	GOTO       L__main63
;Laberinto_Basico.mbas,141 :: 		set_motor(-max,max)
0x0421	0x0820      	MOVF       _max, 0
0x0422	0x3C00      	SUBLW      0
0x0423	0x00B0      	MOVWF      FARG_SET_MOTOR_MOTOR1
0x0424	0x0821      	MOVF       _max+1, 0
0x0425	0x1C03      	BTFSS      STATUS, 0
0x0426	0x3E01      	ADDLW      1
0x0427	0x01B1      	CLRF       FARG_SET_MOTOR_MOTOR1+1
0x0428	0x02B1      	SUBWF      FARG_SET_MOTOR_MOTOR1+1, 1
0x0429	0x0820      	MOVF       _max, 0
0x042A	0x00B2      	MOVWF      FARG_SET_MOTOR_MOTOR2
0x042B	0x0821      	MOVF       _max+1, 0
0x042C	0x00B3      	MOVWF      FARG_SET_MOTOR_MOTOR2+1
0x042D	0x21C5      	CALL       Laberinto_Basico_SET_MOTOR
;Laberinto_Basico.mbas,142 :: 		Delay_ms(20)
0x042E	0x301A      	MOVLW      26
0x042F	0x00FC      	MOVWF      R12
0x0430	0x30F8      	MOVLW      248
0x0431	0x00FD      	MOVWF      R13
L__main65:
0x0432	0x0BFD      	DECFSZ     R13, 1
0x0433	0x2C32      	GOTO       L__main65
0x0434	0x0BFC      	DECFSZ     R12, 1
0x0435	0x2C32      	GOTO       L__main65
0x0436	0x0000      	NOP
;Laberinto_Basico.mbas,143 :: 		set_motor(max,max)
0x0437	0x0820      	MOVF       _max, 0
0x0438	0x00B0      	MOVWF      FARG_SET_MOTOR_MOTOR1
0x0439	0x0821      	MOVF       _max+1, 0
0x043A	0x00B1      	MOVWF      FARG_SET_MOTOR_MOTOR1+1
0x043B	0x0820      	MOVF       _max, 0
0x043C	0x00B2      	MOVWF      FARG_SET_MOTOR_MOTOR2
0x043D	0x0821      	MOVF       _max+1, 0
0x043E	0x00B3      	MOVWF      FARG_SET_MOTOR_MOTOR2+1
0x043F	0x21C5      	CALL       Laberinto_Basico_SET_MOTOR
;Laberinto_Basico.mbas,144 :: 		Delay_ms(20)
0x0440	0x301A      	MOVLW      26
0x0441	0x00FC      	MOVWF      R12
0x0442	0x30F8      	MOVLW      248
0x0443	0x00FD      	MOVWF      R13
L__main66:
0x0444	0x0BFD      	DECFSZ     R13, 1
0x0445	0x2C44      	GOTO       L__main66
0x0446	0x0BFC      	DECFSZ     R12, 1
0x0447	0x2C44      	GOTO       L__main66
0x0448	0x0000      	NOP
0x0449	0x2CD3      	GOTO       L__main64
;Laberinto_Basico.mbas,145 :: 		else
L__main63:
;Laberinto_Basico.mbas,146 :: 		if(errordist <=-7) then       'DIST_IZQUIERDA >=16
0x044A	0x307F      	MOVLW      127
0x044B	0x00F0      	MOVWF      R0
0x044C	0x3080      	MOVLW      128
0x044D	0x0623      	XORWF      _errordist+1, 0
0x044E	0x0270      	SUBWF      R0, 0
0x044F	0x1D03      	BTFSS      STATUS, 2
0x0450	0x2C53      	GOTO       L__main95
0x0451	0x0822      	MOVF       _errordist, 0
0x0452	0x3CF9      	SUBLW      249
L__main95:
0x0453	0x1C03      	BTFSS      STATUS, 0
0x0454	0x2C9F      	GOTO       L__main68
;Laberinto_Basico.mbas,147 :: 		set_motor(max,max)
0x0455	0x0820      	MOVF       _max, 0
0x0456	0x00B0      	MOVWF      FARG_SET_MOTOR_MOTOR1
0x0457	0x0821      	MOVF       _max+1, 0
0x0458	0x00B1      	MOVWF      FARG_SET_MOTOR_MOTOR1+1
0x0459	0x0820      	MOVF       _max, 0
0x045A	0x00B2      	MOVWF      FARG_SET_MOTOR_MOTOR2
0x045B	0x0821      	MOVF       _max+1, 0
0x045C	0x00B3      	MOVWF      FARG_SET_MOTOR_MOTOR2+1
0x045D	0x21C5      	CALL       Laberinto_Basico_SET_MOTOR
;Laberinto_Basico.mbas,148 :: 		Delay_ms(1000)
0x045E	0x3006      	MOVLW      6
0x045F	0x00FB      	MOVWF      R11
0x0460	0x3013      	MOVLW      19
0x0461	0x00FC      	MOVWF      R12
0x0462	0x30AD      	MOVLW      173
0x0463	0x00FD      	MOVWF      R13
L__main70:
0x0464	0x0BFD      	DECFSZ     R13, 1
0x0465	0x2C64      	GOTO       L__main70
0x0466	0x0BFC      	DECFSZ     R12, 1
0x0467	0x2C64      	GOTO       L__main70
0x0468	0x0BFB      	DECFSZ     R11, 1
0x0469	0x2C64      	GOTO       L__main70
0x046A	0x0000      	NOP
0x046B	0x0000      	NOP
;Laberinto_Basico.mbas,149 :: 		set_motor(-max,max)
0x046C	0x0820      	MOVF       _max, 0
0x046D	0x3C00      	SUBLW      0
0x046E	0x00B0      	MOVWF      FARG_SET_MOTOR_MOTOR1
0x046F	0x0821      	MOVF       _max+1, 0
0x0470	0x1C03      	BTFSS      STATUS, 0
0x0471	0x3E01      	ADDLW      1
0x0472	0x01B1      	CLRF       FARG_SET_MOTOR_MOTOR1+1
0x0473	0x02B1      	SUBWF      FARG_SET_MOTOR_MOTOR1+1, 1
0x0474	0x0820      	MOVF       _max, 0
0x0475	0x00B2      	MOVWF      FARG_SET_MOTOR_MOTOR2
0x0476	0x0821      	MOVF       _max+1, 0
0x0477	0x00B3      	MOVWF      FARG_SET_MOTOR_MOTOR2+1
0x0478	0x21C5      	CALL       Laberinto_Basico_SET_MOTOR
;Laberinto_Basico.mbas,150 :: 		Delay_ms(500)
0x0479	0x3003      	MOVLW      3
0x047A	0x00FB      	MOVWF      R11
0x047B	0x308A      	MOVLW      138
0x047C	0x00FC      	MOVWF      R12
0x047D	0x3055      	MOVLW      85
0x047E	0x00FD      	MOVWF      R13
L__main71:
0x047F	0x0BFD      	DECFSZ     R13, 1
0x0480	0x2C7F      	GOTO       L__main71
0x0481	0x0BFC      	DECFSZ     R12, 1
0x0482	0x2C7F      	GOTO       L__main71
0x0483	0x0BFB      	DECFSZ     R11, 1
0x0484	0x2C7F      	GOTO       L__main71
0x0485	0x0000      	NOP
0x0486	0x0000      	NOP
;Laberinto_Basico.mbas,151 :: 		set_motor(max,max)
0x0487	0x0820      	MOVF       _max, 0
0x0488	0x00B0      	MOVWF      FARG_SET_MOTOR_MOTOR1
0x0489	0x0821      	MOVF       _max+1, 0
0x048A	0x00B1      	MOVWF      FARG_SET_MOTOR_MOTOR1+1
0x048B	0x0820      	MOVF       _max, 0
0x048C	0x00B2      	MOVWF      FARG_SET_MOTOR_MOTOR2
0x048D	0x0821      	MOVF       _max+1, 0
0x048E	0x00B3      	MOVWF      FARG_SET_MOTOR_MOTOR2+1
0x048F	0x21C5      	CALL       Laberinto_Basico_SET_MOTOR
;Laberinto_Basico.mbas,152 :: 		Delay_ms(250)
0x0490	0x3002      	MOVLW      2
0x0491	0x00FB      	MOVWF      R11
0x0492	0x3045      	MOVLW      69
0x0493	0x00FC      	MOVWF      R12
0x0494	0x30A9      	MOVLW      169
0x0495	0x00FD      	MOVWF      R13
L__main72:
0x0496	0x0BFD      	DECFSZ     R13, 1
0x0497	0x2C96      	GOTO       L__main72
0x0498	0x0BFC      	DECFSZ     R12, 1
0x0499	0x2C96      	GOTO       L__main72
0x049A	0x0BFB      	DECFSZ     R11, 1
0x049B	0x2C96      	GOTO       L__main72
0x049C	0x0000      	NOP
0x049D	0x0000      	NOP
0x049E	0x2CD3      	GOTO       L__main69
;Laberinto_Basico.mbas,153 :: 		else
L__main68:
;Laberinto_Basico.mbas,154 :: 		if(errordist >=4) then       'DIST_IZQUIERDA <=5cm
0x049F	0x3080      	MOVLW      128
0x04A0	0x0623      	XORWF      _errordist+1, 0
0x04A1	0x00F0      	MOVWF      R0
0x04A2	0x3080      	MOVLW      128
0x04A3	0x0270      	SUBWF      R0, 0
0x04A4	0x1D03      	BTFSS      STATUS, 2
0x04A5	0x2CA8      	GOTO       L__main96
0x04A6	0x3004      	MOVLW      4
0x04A7	0x0222      	SUBWF      _errordist, 0
L__main96:
0x04A8	0x1C03      	BTFSS      STATUS, 0
0x04A9	0x2CD3      	GOTO       L__main74
;Laberinto_Basico.mbas,155 :: 		set_motor(max,-max)
0x04AA	0x0820      	MOVF       _max, 0
0x04AB	0x00B0      	MOVWF      FARG_SET_MOTOR_MOTOR1
0x04AC	0x0821      	MOVF       _max+1, 0
0x04AD	0x00B1      	MOVWF      FARG_SET_MOTOR_MOTOR1+1
0x04AE	0x0820      	MOVF       _max, 0
0x04AF	0x3C00      	SUBLW      0
0x04B0	0x00B2      	MOVWF      FARG_SET_MOTOR_MOTOR2
0x04B1	0x0821      	MOVF       _max+1, 0
0x04B2	0x1C03      	BTFSS      STATUS, 0
0x04B3	0x3E01      	ADDLW      1
0x04B4	0x01B3      	CLRF       FARG_SET_MOTOR_MOTOR2+1
0x04B5	0x02B3      	SUBWF      FARG_SET_MOTOR_MOTOR2+1, 1
0x04B6	0x21C5      	CALL       Laberinto_Basico_SET_MOTOR
;Laberinto_Basico.mbas,156 :: 		Delay_ms(40)
0x04B7	0x3034      	MOVLW      52
0x04B8	0x00FC      	MOVWF      R12
0x04B9	0x30F1      	MOVLW      241
0x04BA	0x00FD      	MOVWF      R13
L__main76:
0x04BB	0x0BFD      	DECFSZ     R13, 1
0x04BC	0x2CBB      	GOTO       L__main76
0x04BD	0x0BFC      	DECFSZ     R12, 1
0x04BE	0x2CBB      	GOTO       L__main76
0x04BF	0x0000      	NOP
0x04C0	0x0000      	NOP
;Laberinto_Basico.mbas,157 :: 		set_motor(max,max)
0x04C1	0x0820      	MOVF       _max, 0
0x04C2	0x00B0      	MOVWF      FARG_SET_MOTOR_MOTOR1
0x04C3	0x0821      	MOVF       _max+1, 0
0x04C4	0x00B1      	MOVWF      FARG_SET_MOTOR_MOTOR1+1
0x04C5	0x0820      	MOVF       _max, 0
0x04C6	0x00B2      	MOVWF      FARG_SET_MOTOR_MOTOR2
0x04C7	0x0821      	MOVF       _max+1, 0
0x04C8	0x00B3      	MOVWF      FARG_SET_MOTOR_MOTOR2+1
0x04C9	0x21C5      	CALL       Laberinto_Basico_SET_MOTOR
;Laberinto_Basico.mbas,158 :: 		Delay_ms(20)
0x04CA	0x301A      	MOVLW      26
0x04CB	0x00FC      	MOVWF      R12
0x04CC	0x30F8      	MOVLW      248
0x04CD	0x00FD      	MOVWF      R13
L__main77:
0x04CE	0x0BFD      	DECFSZ     R13, 1
0x04CF	0x2CCE      	GOTO       L__main77
0x04D0	0x0BFC      	DECFSZ     R12, 1
0x04D1	0x2CCE      	GOTO       L__main77
0x04D2	0x0000      	NOP
L__main74:
;Laberinto_Basico.mbas,161 :: 		end if
L__main69:
;Laberinto_Basico.mbas,162 :: 		end if
L__main64:
;Laberinto_Basico.mbas,163 :: 		end if
L__main61:
0x04D3	0x2CEB      	GOTO       L__main58
;Laberinto_Basico.mbas,164 :: 		else
L__main57:
;Laberinto_Basico.mbas,165 :: 		SET_MOTOR(max,-max)
0x04D4	0x0820      	MOVF       _max, 0
0x04D5	0x00B0      	MOVWF      FARG_SET_MOTOR_MOTOR1
0x04D6	0x0821      	MOVF       _max+1, 0
0x04D7	0x00B1      	MOVWF      FARG_SET_MOTOR_MOTOR1+1
0x04D8	0x0820      	MOVF       _max, 0
0x04D9	0x3C00      	SUBLW      0
0x04DA	0x00B2      	MOVWF      FARG_SET_MOTOR_MOTOR2
0x04DB	0x0821      	MOVF       _max+1, 0
0x04DC	0x1C03      	BTFSS      STATUS, 0
0x04DD	0x3E01      	ADDLW      1
0x04DE	0x01B3      	CLRF       FARG_SET_MOTOR_MOTOR2+1
0x04DF	0x02B3      	SUBWF      FARG_SET_MOTOR_MOTOR2+1, 1
0x04E0	0x21C5      	CALL       Laberinto_Basico_SET_MOTOR
;Laberinto_Basico.mbas,166 :: 		Delay_ms(10)                  'si se pega mucho a la pared
0x04E1	0x300D      	MOVLW      13
0x04E2	0x00FC      	MOVWF      R12
0x04E3	0x30FB      	MOVLW      251
0x04E4	0x00FD      	MOVWF      R13
L__main78:
0x04E5	0x0BFD      	DECFSZ     R13, 1
0x04E6	0x2CE5      	GOTO       L__main78
0x04E7	0x0BFC      	DECFSZ     R12, 1
0x04E8	0x2CE5      	GOTO       L__main78
0x04E9	0x0000      	NOP
0x04EA	0x0000      	NOP
;Laberinto_Basico.mbas,167 :: 		end if
L__main58:
L__main54:
;Laberinto_Basico.mbas,170 :: 		END IF
L__main29:
;Laberinto_Basico.mbas,171 :: 		WEND
0x04EB	0x2A9C      	GOTO       L__main23
0x04EC	0x2CEC      	GOTO       $+0
; end of _main
Symbol List:
//** Routines locations **
//ADDRESS    SIZE    PROCEDURE
//----------------------------------------------
0x0003      [43]    _Mul_16x16_U
0x002E       [7]    _Delay_22us
0x0035      [44]    _Div_16x16_S_L
0x0061      [63]    _PWM2_Set_Duty
0x00A0      [63]    _PWM1_Set_Duty
0x00DF     [105]    _Div_16x16_S
0x0148      [42]    _Adc_Read
0x0172      [38]    Laberinto_Basico_MEDICION_IZQUIERDA
0x0198       [8]    _PWM1_Start
0x01A0      [37]    Laberinto_Basico_MEDICION_FRENTE
0x01C5      [79]    Laberinto_Basico_SET_MOTOR
0x0214       [8]    _PWM2_Start
0x021C      [38]    Laberinto_Basico_MEDICION_DERECHA
0x0242       [6]    _PWM1_Init
0x0248       [6]    _PWM2_Init
0x024E     [671]    _main
//** Variables locations ** 
//ADDRESS    SIZE    VARIABLE
//----------------------------------------------
0x0000       [1]    INDF
0x0001       [1]    TMR0
0x0002       [1]    PCL
0x0003       [0]    RP0_bit
0x0003       [0]    C_bit
0x0003       [0]    IRP_bit
0x0003       [0]    RP1_bit
0x0003       [1]    STATUS
0x0003       [0]    NOT_PD_bit
0x0003       [0]    DC_bit
0x0003       [0]    Z_bit
0x0003       [0]    NOT_TO_bit
0x0004       [1]    FSR
0x0004       [1]    FSRPTR
0x0005       [0]    RA5_bit
0x0005       [0]    RA6_bit
0x0005       [0]    RA4_bit
0x0005       [0]    RA7_bit
0x0005       [0]    RA3_bit
0x0005       [0]    RA0_bit
0x0005       [0]    RA1_bit
0x0005       [0]    RA2_bit
0x0005       [1]    PORTA
0x0006       [0]    RB3_bit
0x0006       [0]    RB6_bit
0x0006       [0]    RB5_bit
0x0006       [0]    RB4_bit
0x0006       [0]    RB7_bit
0x0006       [0]    RB2_bit
0x0006       [0]    RB1_bit
0x0006       [0]    RB0_bit
0x0006       [1]    PORTB
0x0007       [0]    RC0_bit
0x0007       [0]    RC4_bit
0x0007       [0]    RC5_bit
0x0007       [0]    RC6_bit
0x0007       [0]    RC1_bit
0x0007       [0]    RC3_bit
0x0007       [0]    RC2_bit
0x0007       [1]    PORTC
0x0007       [0]    RC7_bit
0x0009       [1]    PORTE
0x0009       [0]    RE3_bit
0x000A       [1]    PCLATH
0x000B       [0]    GIE_bit
0x000B       [0]    PEIE_bit
0x000B       [0]    TMR0IF_bit
0x000B       [0]    T0IF_bit
0x000B       [0]    RBIF_bit
0x000B       [0]    INTF_bit
0x000B       [0]    RBIE_bit
0x000B       [0]    TMR0IE_bit
0x000B       [0]    T0IE_bit
0x000B       [0]    INTE_bit
0x000B       [1]    INTCON
0x000C       [1]    PIR1
0x000C       [0]    SSPIF_bit
0x000C       [0]    TXIF_bit
0x000C       [0]    RCIF_bit
0x000C       [0]    TMR1IF_bit
0x000C       [0]    TMR2IF_bit
0x000C       [0]    CCP1IF_bit
0x000C       [0]    ADIF_bit
0x000D       [1]    PIR2
0x000D       [0]    C1IF_bit
0x000D       [0]    EEIF_bit
0x000D       [0]    BCLIF_bit
0x000D       [0]    CCP2IF_bit
0x000D       [0]    OSFIF_bit
0x000D       [0]    C2IF_bit
0x000D       [0]    ULPWUIF_bit
0x000E       [1]    TMR1L
0x000F       [1]    TMR1H
0x0010       [0]    TMR1GE_bit
0x0010       [0]    TMR1CS_bit
0x0010       [0]    NOT_T1SYNC_bit
0x0010       [0]    T1SYNC_bit
0x0010       [0]    T1INSYNC_bit
0x0010       [0]    T1CKPS0_bit
0x0010       [0]    T1CKPS1_bit
0x0010       [0]    TMR1ON_bit
0x0010       [0]    T1OSCEN_bit
0x0010       [1]    T1CON
0x0010       [0]    T1GINV_bit
0x0011       [1]    TMR2
0x0012       [0]    TOUTPS1_bit
0x0012       [0]    TOUTPS2_bit
0x0012       [0]    T2CKPS1_bit
0x0012       [0]    T2CKPS0_bit
0x0012       [0]    TOUTPS0_bit
0x0012       [0]    TMR2ON_bit
0x0012       [0]    TOUTPS3_bit
0x0012       [1]    T2CON
0x0013       [1]    SSPBUF
0x0014       [0]    SSPM3_bit
0x0014       [0]    CKP_bit
0x0014       [0]    SSPEN_bit
0x0014       [0]    SSPM0_bit
0x0014       [0]    SSPM1_bit
0x0014       [0]    SSPM2_bit
0x0014       [1]    SSPCON
0x0014       [0]    WCOL_bit
0x0014       [0]    SSPOV_bit
0x0015       [2]    CCPR1
0x0015       [1]    CCPR1L
0x0016       [1]    CCPR1H
0x0017       [0]    CCP1M2_bit
0x0017       [0]    CCP1M3_bit
0x0017       [0]    CCP1M1_bit
0x0017       [0]    CCP1M0_bit
0x0017       [1]    CCP1CON
0x0017       [0]    CCP1Y_bit
0x0017       [0]    P1M0_bit
0x0017       [0]    P1M1_bit
0x0017       [0]    DC1B1_bit
0x0017       [0]    DC1B0_bit
0x0017       [0]    CCP1X_bit
0x0018       [0]    RC8_9_bit
0x0018       [0]    NOT_RC8_bit
0x0018       [0]    SPEN_bit
0x0018       [0]    RX9_bit
0x0018       [0]    RC9_bit
0x0018       [0]    OERR_bit
0x0018       [0]    RX9D_bit
0x0018       [0]    RCD8_bit
0x0018       [0]    FERR_bit
0x0018       [0]    SREN_bit
0x0018       [0]    CREN_bit
0x0018       [0]    ADDEN_bit
0x0018       [1]    RCSTA
0x0019       [1]    TXREG
0x001A       [1]    RCREG
0x001B       [2]    CCPR2
0x001B       [1]    CCPR2L
0x001C       [1]    CCPR2H
0x001D       [1]    CCP2CON
0x001D       [0]    CCP2M0_bit
0x001D       [0]    CCP2Y_bit
0x001D       [0]    DC2B0_bit
0x001D       [0]    CCP2M3_bit
0x001D       [0]    DC2B1_bit
0x001D       [0]    CCP2M1_bit
0x001D       [0]    CCP2M2_bit
0x001D       [0]    CCP2X_bit
0x001E       [1]    ADRESH
0x001F       [0]    GO_bit
0x001F       [0]    CHS0_bit
0x001F       [0]    NOT_DONE_bit
0x001F       [0]    ADON_bit
0x001F       [0]    GO_DONE_bit
0x001F       [0]    ADCS0_bit
0x001F       [0]    ADCS1_bit
0x001F       [0]    CHS3_bit
0x001F       [0]    CHS1_bit
0x001F       [0]    CHS2_bit
0x001F       [1]    ADCON0
0x0020       [2]    _max
0x0022       [2]    _errordist
0x0024       [2]    ___DoICPAddr
0x0026       [2]    _alerta
0x0028       [2]    _DIST_DERECHA
0x002A       [2]    _DIST_FRENTE
0x002C       [2]    _DIST_IZQUIERDA
0x002E       [2]    _VOLT_FRENTE
0x0030       [4]    FARG_PWM2_Init_PWM_Freq
0x0030       [4]    FARG_PWM1_Init_PWM_Freq
0x0030       [2]    FARG_SET_MOTOR_MOTOR1
0x0032       [2]    FARG_SET_MOTOR_MOTOR2
0x0034       [1]    FARG_Adc_Read_channel
0x0034       [1]    FARG_PWM1_Set_Duty_new_duty
0x0034       [1]    FARG_PWM2_Set_Duty_new_duty
0x0035       [2]    Adc_Read_local_result
0x0070       [1]    R0
0x0071       [1]    R1
0x0072       [1]    R2
0x0073       [1]    R3
0x0074       [1]    R4
0x0075       [1]    R5
0x0076       [1]    R6
0x0077       [1]    R7
0x0078       [1]    R8
0x0079       [1]    R9
0x007A       [1]    R10
0x007B       [1]    R11
0x007C       [1]    R12
0x007D       [1]    R13
0x007E       [1]    R14
0x007F       [1]    R15
0x0081       [0]    PS1_bit
0x0081       [0]    PS0_bit
0x0081       [1]    OPTION_REG
0x0081       [0]    PS2_bit
0x0081       [0]    INTEDG_bit
0x0081       [0]    NOT_RBPU_bit
0x0081       [0]    T0CS_bit
0x0081       [0]    PSA_bit
0x0081       [0]    T0SE_bit
0x0085       [0]    TRISA2_bit
0x0085       [0]    TRISA1_bit
0x0085       [0]    TRISA3_bit
0x0085       [0]    TRISA4_bit
0x0085       [0]    TRISA5_bit
0x0085       [0]    TRISA7_bit
0x0085       [1]    TRISA
0x0085       [0]    TRISA0_bit
0x0085       [0]    TRISA6_bit
0x0086       [1]    TRISB
0x0086       [0]    TRISB2_bit
0x0086       [0]    TRISB3_bit
0x0086       [0]    TRISB0_bit
0x0086       [0]    TRISB1_bit
0x0086       [0]    TRISB6_bit
0x0086       [0]    TRISB7_bit
0x0086       [0]    TRISB4_bit
0x0086       [0]    TRISB5_bit
0x0087       [0]    TRISC7_bit
0x0087       [0]    TRISC3_bit
0x0087       [0]    TRISC4_bit
0x0087       [0]    TRISC5_bit
0x0087       [0]    TRISC6_bit
0x0087       [0]    TRISC0_bit
0x0087       [1]    TRISC
0x0087       [0]    TRISC2_bit
0x0087       [0]    TRISC1_bit
0x0089       [0]    TRISE3_bit
0x0089       [1]    TRISE
0x008C       [0]    CCP1IE_bit
0x008C       [0]    TMR2IE_bit
0x008C       [0]    TMR1IE_bit
0x008C       [0]    SSPIE_bit
0x008C       [0]    ADIE_bit
0x008C       [0]    RCIE_bit
0x008C       [0]    TXIE_bit
0x008C       [1]    PIE1
0x008D       [0]    C2IE_bit
0x008D       [0]    OSFIE_bit
0x008D       [1]    PIE2
0x008D       [0]    C1IE_bit
0x008D       [0]    ULPWUIE_bit
0x008D       [0]    CCP2IE_bit
0x008D       [0]    EEIE_bit
0x008D       [0]    BCLIE_bit
0x008E       [0]    SBOREN_bit
0x008E       [0]    ULPWUE_bit
0x008E       [0]    NOT_POR_bit
0x008E       [0]    NOT_BOR_bit
0x008E       [0]    NOT_BO_bit
0x008E       [1]    PCON
0x008F       [0]    IRCF0_bit
0x008F       [0]    OSTS_bit
0x008F       [0]    IRCF2_bit
0x008F       [0]    IRCF1_bit
0x008F       [1]    OSCCON
0x008F       [0]    HTS_bit
0x008F       [0]    SCS_bit
0x008F       [0]    LTS_bit
0x0090       [0]    TUN2_bit
0x0090       [0]    TUN1_bit
0x0090       [0]    TUN4_bit
0x0090       [0]    TUN3_bit
0x0090       [0]    TUN0_bit
0x0090       [1]    OSCTUNE
0x0091       [0]    ACKEN_bit
0x0091       [0]    RCEN_bit
0x0091       [0]    ACKSTAT_bit
0x0091       [0]    ACKDT_bit
0x0091       [0]    SEN_bit
0x0091       [0]    GCEN_bit
0x0091       [0]    PEN_bit
0x0091       [0]    RSEN_bit
0x0091       [1]    SSPCON2
0x0092       [1]    PR2
0x0093       [1]    MSK
0x0093       [1]    SSPMSK
0x0093       [1]    SSPADD
0x0094       [0]    I2C_START__bit
0x0094       [0]    R_bit
0x0094       [0]    I2C_READ_bit
0x0094       [0]    P_bit
0x0094       [0]    I2C_STOP__bit
0x0094       [0]    S_bit
0x0094       [0]    READ_WRITE_bit
0x0094       [0]    UA_bit
0x0094       [0]    BF_bit
0x0094       [0]    NOT_W_bit
0x0094       [0]    NOT_WRITE_bit
0x0094       [0]    R_W_bit
0x0094       [0]    CKE_bit
0x0094       [0]    D_bit
0x0094       [1]    SSPSTAT
0x0094       [0]    SMP_bit
0x0094       [0]    I2C_DATA_bit
0x0094       [0]    D_A_bit
0x0094       [0]    DATA_ADDRESS_bit
0x0094       [0]    NOT_A_bit
0x0094       [0]    NOT_ADDRESS_bit
0x0095       [0]    WPUB3_bit
0x0095       [0]    WPUB4_bit
0x0095       [0]    WPUB0_bit
0x0095       [0]    WPUB1_bit
0x0095       [0]    WPUB2_bit
0x0095       [0]    WPUB5_bit
0x0095       [1]    WPUB
0x0095       [0]    WPUB7_bit
0x0095       [0]    WPUB6_bit
0x0096       [0]    IOCB3_bit
0x0096       [0]    IOCB4_bit
0x0096       [0]    IOCB2_bit
0x0096       [0]    IOCB0_bit
0x0096       [0]    IOCB1_bit
0x0096       [0]    IOCB7_bit
0x0096       [1]    IOCB
0x0096       [0]    IOCB5_bit
0x0096       [0]    IOCB6_bit
0x0097       [0]    VROE_bit
0x0097       [0]    VRR_bit
0x0097       [1]    VRCON
0x0097       [0]    VREN_bit
0x0097       [0]    VRSS_bit
0x0097       [0]    VR1_bit
0x0097       [0]    VR0_bit
0x0097       [0]    VR3_bit
0x0097       [0]    VR2_bit
0x0098       [0]    TRMT_bit
0x0098       [0]    BRGH_bit
0x0098       [0]    SENDB_bit
0x0098       [1]    TXSTA
0x0098       [0]    TXD8_bit
0x0098       [0]    TX9D_bit
0x0098       [0]    NOT_TX8_bit
0x0098       [0]    TX9_bit
0x0098       [0]    CSRC_bit
0x0098       [0]    SYNC_bit
0x0098       [0]    TXEN_bit
0x0098       [0]    TX8_9_bit
0x0099       [0]    BRG1_bit
0x0099       [0]    BRG2_bit
0x0099       [1]    SPBRG
0x0099       [0]    BRG0_bit
0x0099       [0]    BRG6_bit
0x0099       [0]    BRG7_bit
0x0099       [0]    BRG5_bit
0x0099       [0]    BRG3_bit
0x0099       [0]    BRG4_bit
0x009A       [0]    BRG9_bit
0x009A       [0]    BRG8_bit
0x009A       [1]    SPBRGH
0x009A       [0]    BRG10_bit
0x009A       [0]    BRG14_bit
0x009A       [0]    BRG15_bit
0x009A       [0]    BRG13_bit
0x009A       [0]    BRG11_bit
0x009A       [0]    BRG12_bit
0x009B       [0]    PDC1_bit
0x009B       [0]    PDC0_bit
0x009B       [1]    PWM1CON
0x009B       [0]    PDC5_bit
0x009B       [0]    PDC6_bit
0x009B       [0]    PRSEN_bit
0x009B       [0]    PDC4_bit
0x009B       [0]    PDC2_bit
0x009B       [0]    PDC3_bit
0x009C       [0]    PSSBD0_bit
0x009C       [1]    ECCPAS
0x009C       [0]    PSSBD1_bit
0x009C       [0]    ECCPAS0_bit
0x009C       [0]    ECCPAS1_bit
0x009C       [0]    PSSAC1_bit
0x009C       [0]    ECCPASE_bit
0x009C       [0]    ECCPAS2_bit
0x009C       [0]    PSSAC0_bit
0x009D       [0]    STRD_bit
0x009D       [0]    STRC_bit
0x009D       [1]    PSTRCON
0x009D       [0]    STRSYNC_bit
0x009D       [0]    STRA_bit
0x009D       [0]    STRB_bit
0x009E       [1]    ADRESL
0x009F       [0]    ADFM_bit
0x009F       [1]    ADCON1
0x009F       [0]    VCFG0_bit
0x009F       [0]    VCFG1_bit
0x0105       [0]    WDTPS1_bit
0x0105       [0]    WDTPS2_bit
0x0105       [0]    WDTPS3_bit
0x0105       [0]    WDTPS0_bit
0x0105       [1]    WDTCON
0x0105       [0]    SWDTEN_bit
0x0107       [1]    CM1CON0
0x0107       [0]    C1OE_bit
0x0107       [0]    C1OUT_bit
0x0107       [0]    C1ON_bit
0x0107       [0]    C1POL_bit
0x0107       [0]    C1CH0_bit
0x0107       [0]    C1CH1_bit
0x0107       [0]    C1R_bit
0x0108       [1]    CM2CON0
0x0108       [0]    C2R_bit
0x0108       [0]    C2CH1_bit
0x0108       [0]    C2CH0_bit
0x0108       [0]    C2POL_bit
0x0108       [0]    C2ON_bit
0x0108       [0]    C2OUT_bit
0x0108       [0]    C2OE_bit
0x0109       [0]    T1GSS_bit
0x0109       [0]    C2SYNC_bit
0x0109       [1]    CM2CON1
0x0109       [0]    C2RSEL_bit
0x0109       [0]    MC1OUT_bit
0x0109       [0]    MC2OUT_bit
0x0109       [0]    C1RSEL_bit
0x010C       [1]    EEDAT
0x010C       [1]    EEDATA
0x010D       [1]    EEADR
0x010E       [1]    EEDATH
0x010F       [1]    EEADRH
0x0185       [0]    SR0_bit
0x0185       [0]    FVREN_bit
0x0185       [0]    SR1_bit
0x0185       [0]    C1SEN_bit
0x0185       [1]    SRCON
0x0185       [0]    C2REN_bit
0x0185       [0]    PULSR_bit
0x0185       [0]    PULSS_bit
0x0187       [0]    BRG16_bit
0x0187       [0]    WUE_bit
0x0187       [0]    ABDEN_bit
0x0187       [0]    RCIDL_bit
0x0187       [0]    ABDOVF_bit
0x0187       [1]    BAUDCTL
0x0187       [0]    SCKP_bit
0x0188       [0]    ANS1_bit
0x0188       [0]    ANS0_bit
0x0188       [0]    ANS2_bit
0x0188       [1]    ANSEL
0x0188       [0]    ANS4_bit
0x0188       [0]    ANS3_bit
0x0189       [0]    ANS9_bit
0x0189       [0]    ANS8_bit
0x0189       [1]    ANSELH
0x0189       [0]    ANS12_bit
0x0189       [0]    ANS13_bit
0x0189       [0]    ANS10_bit
0x0189       [0]    ANS11_bit
0x018C       [0]    RD_bit
0x018C       [0]    WR_bit
0x018C       [0]    WRERR_bit
0x018C       [0]    EEPGD_bit
0x018C       [1]    EECON1
0x018C       [0]    WREN_bit
0x018D       [1]    EECON2
//** Label List: ** 
//----------------------------------------------
  L_end_Laberinto_Basico_SET_MOTOR
  L_Laberinto_Basico_SET_MOTOR1
  L_Laberinto_Basico_SET_MOTOR2
  L_Laberinto_Basico_SET_MOTOR3
  L_Laberinto_Basico_SET_MOTOR4
  L_Laberinto_Basico_SET_MOTOR5
  L_Laberinto_Basico_SET_MOTOR6
  L_Laberinto_Basico_SET_MOTOR7
  L_Laberinto_Basico_SET_MOTOR8
  L_Laberinto_Basico_SET_MOTOR9
  L_Laberinto_Basico_SET_MOTOR10
  L_Laberinto_Basico_SET_MOTOR11
  L_Laberinto_Basico_SET_MOTOR12
  L_end_Laberinto_Basico_MEDICION_FRENTE
  L_Laberinto_Basico_MEDICION_FRENTE14
  L_end_Laberinto_Basico_MEDICION_DERECHA
  L_Laberinto_Basico_MEDICION_DERECHA16
  L_end_Laberinto_Basico_MEDICION_IZQUIERDA
  L_Laberinto_Basico_MEDICION_IZQUIERDA18
  L_end__main
  L__main20
  L__main21
  L__main22
  L__main23
  L__main24
  L__main25
  L__main26
  L__main27
  L__main28
  L__main29
  L__main30
  L__main31
  L__main32
  L__main33
  L__main34
  L__main35
  L__main36
  L__main37
  L__main38
  L__main39
  L__main40
  L__main41
  L__main42
  L__main43
  L__main44
  L__main45
  L__main46
  L__main47
  L__main48
  L__main49
  L__main50
  L__main51
  L__main52
  L__main53
  L__main54
  L__main55
  L__main56
  L__main57
  L__main58
  L__main59
  L__main60
  L__main61
  L__main62
  L__main63
  L__main64
  L__main65
  L__main66
  L__main67
  L__main68
  L__main69
  L__main70
  L__main71
  L__main72
  L__main73
  L__main74
  L__main75
  L__main76
  L__main77
  L__main78
  Laberinto_Basico_SET_MOTOR
  L_Laberinto_Basico_SET_MOTOR79
  L_Laberinto_Basico_SET_MOTOR80
  L_Laberinto_Basico_SET_MOTOR81
  L_Laberinto_Basico_SET_MOTOR82
  Laberinto_Basico_MEDICION_FRENTE
  Laberinto_Basico_MEDICION_DERECHA
  Laberinto_Basico_MEDICION_IZQUIERDA
  _main
  L__main83
  L__main84
  L__main85
  L__main86
  L__main87
  L__main88
  L__main89
  L__main90
  L__main91
  L__main92
  L__main93
  L__main94
  L__main95
  L__main96
  L_end__Adc_Read
  L__Adc_Read1
  L__Adc_Read2
  L__Adc_Read3
  L__Adc_Read4
  L__Adc_Read5
  _Adc_Read
  L_end__Get_Fosc_kHz
  L_end__Delay_1us
  L_end__Delay_10us
  L__Delay_10us3
  L_end__Delay_22us
  L__Delay_22us5
  L_end__Delay_50us
  L__Delay_50us7
  L_end__Delay_80us
  L__Delay_80us9
  L_end__Delay_500us
  L__Delay_500us11
  L_end__Delay_5500us
  L__Delay_5500us13
  L_end__Delay_5ms
  L__Delay_5ms15
  L_end__Delay_8ms
  L__Delay_8ms17
  L_end__Delay_10ms
  L__Delay_10ms19
  L_end__Delay_100ms
  L__Delay_100ms21
  L_end__Delay_1sec
  L__Delay_1sec23
  L_end__Delay_Cyc
  L__Delay_Cyc25
  L__Delay_Cyc26
  L__Delay_Cyc27
  L__Delay_Cyc28
  L__Delay_Cyc29
  L_end__VDelay_ms
  L__VDelay_ms31
  L__VDelay_ms32
  L__VDelay_ms33
  L__VDelay_ms34
  L__VDelay_ms35
  L__VDelay_ms36
  L__VDelay_ms37
  L__VDelay_ms38
  L_end__VDelay_Advanced_ms
  L__VDelay_Advanced_ms40
  L__VDelay_Advanced_ms41
  L__VDelay_Advanced_ms42
  L__VDelay_Advanced_ms43
  L__VDelay_Advanced_ms44
  L__VDelay_Advanced_ms45
  L__VDelay_Advanced_ms46
  L__VDelay_Advanced_ms47
  _Get_Fosc_kHz
  _Delay_1us
  _Delay_10us
  _Delay_22us
  _Delay_50us
  _Delay_80us
  _Delay_500us
  _Delay_5500us
  _Delay_5ms
  _Delay_8ms
  _Delay_10ms
  _Delay_100ms
  _Delay_1sec
  _Delay_Cyc
  _VDelay_ms
  L__VDelay_ms48
  L__VDelay_ms49
  L__VDelay_ms50
  L__VDelay_ms51
  _VDelay_Advanced_ms
  L__VDelay_Advanced_ms52
  L__VDelay_Advanced_ms53
  L__VDelay_Advanced_ms54
  L__VDelay_Advanced_ms55
  L_end__Mul_8x8_U
  L_end__Mul_16x16_U
  L_end__Div_8x8_U
  L__Div_8x8_U3
  L__Div_8x8_U4
  L__Div_8x8_U5
  L_end__Div_16x16_U
  L_end__Mul_8x8_S
  L_end__Mul_16x16_S
  L_end__Div_16x16_S_L
  L_end__Div_16x16_S
  L__Div_16x16_S11
  L__Div_16x16_S12
  L__Div_16x16_S13
  L__Div_16x16_S14
  L__Div_16x16_S15
  L__Div_16x16_S16
  L_end__Div_8x8_S
  L_end__SDIV3232L
  LOOPS3232A
  SADD22LA
  SOK22LA
  SADD22L8
  SOK22L8
  LOOPS3232B
  SADD22LB
  SOK22LB
  SADD22L16
  SOK22L16
  LOOPS3232C
  SADD22LC
  SOK22LC
  SADD22L24
  SOK22L24
  LOOPS3232D
  SADD22LD
  SOK22LD
  SOK22L
  L_end__COMFREM
  L_end__Div_32x32_S
  L__Div_32x32_S25
  L__Div_32x32_S26
  L__Div_32x32_S27
  L__Div_32x32_S28
  L__Div_32x32_S29
  L__Div_32x32_S30
  L__Div_32x32_S31
  L__Div_32x32_S32
  L__Div_32x32_S33
  L__Div_32x32_S34
  L__Div_32x32_S35
  L__Div_32x32_S36
  FXD3232S
  END_ALL
  CA3232S
  C3232SX
  C3232SX1
  C3232S
  C3232S2
  C3232SX4
  C3232SOK
  C3232SX3
  C3232SX2
  avoid_comfrem
  L_end__Div_32x32_U
  LOOPU3232A
  UADD22LA
  UOK22LA
  UADD22L8
  UOK22L8
  LOOPU3232B
  UADD22LB
  UOK22LB
  UADD22L16
  UOK22L16
  LOOPU3232C
  UADD22LC
  UOK22LC
  UADD22L24
  UOK22L24
  LOOPU3232D
  UADD22LD
  UOK22LD
  UOK22L
  L_end__Mul_32x32_U
  _NEXT
  _EXIT2
  _LOOP
  _EXIT1
  L_end__Mul_32x32_S
  _IF_FIRST
  _IF_SECOND
  _INVERCE_FIRST
  _MULT
  _INBERSE_SECOND
  _EXIT
  _Mul_8x8_U
  _Mul_16x16_U
  _Div_8x8_U
  _Div_16x16_U
  _Mul_8x8_S
  _Mul_16x16_S
  _Div_16x16_S_L
  _Div_16x16_S
  _Div_8x8_S
  _SDIV3232L
  _COMFREM
  _Div_32x32_S
  _Div_32x32_U
  _Mul_32x32_U
  _Mul_32x32_S
  L_end__PWM1_Init
  L_end__PWM1_Set_Duty
  L_end__PWM1_Start
  L_end__PWM1_Stop
  L_end__PWM2_Init
  L_end__PWM2_Set_Duty
  L_end__PWM2_Start
  L_end__PWM2_Stop
  _PWM1_Init
  _PWM1_Set_Duty
  L__PWM1_Set_Duty8
  L__PWM1_Set_Duty9
  _PWM1_Start
  _PWM1_Stop
  _PWM2_Init
  _PWM2_Set_Duty
  L__PWM2_Set_Duty10
  L__PWM2_Set_Duty11
  _PWM2_Start
  _PWM2_Stop
