;  LST file generated by mikroListExporter - v.2.0 
; Date/Time: 22/06/2015 18:18:38
;----------------------------------------------

;Address Opcode 	ASM
0x0000	0x28D9      	GOTO       217
_Div_16x16_U:
;__Lib_Math.mpas,207 :: 		
;__Lib_Math.mpas,213 :: 		
0x0003	0x1283      	BCF        STATUS, 5
;__Lib_Math.mpas,214 :: 		
0x0004	0x1303      	BCF        STATUS, 6
;__Lib_Math.mpas,215 :: 		
0x0005	0x01F8      	CLRF       R8
;__Lib_Math.mpas,216 :: 		
0x0006	0x01F9      	CLRF       R9
;__Lib_Math.mpas,217 :: 		
0x0007	0x3010      	MOVLW      16
;__Lib_Math.mpas,218 :: 		
0x0008	0x00FC      	MOVWF      R12
;__Lib_Math.mpas,219 :: 		
0x0009	0x0D71      	RLF        R1, 0
;__Lib_Math.mpas,220 :: 		
0x000A	0x0DF8      	RLF        R8, 1
;__Lib_Math.mpas,221 :: 		
0x000B	0x0DF9      	RLF        R9, 1
;__Lib_Math.mpas,222 :: 		
0x000C	0x0874      	MOVF       R4, 0
;__Lib_Math.mpas,223 :: 		
0x000D	0x02F8      	SUBWF      R8, 1
;__Lib_Math.mpas,224 :: 		
0x000E	0x0875      	MOVF       R5, 0
;__Lib_Math.mpas,225 :: 		
0x000F	0x1C03      	BTFSS      STATUS, 0
;__Lib_Math.mpas,226 :: 		
0x0010	0x0F75      	INCFSZ     R5, 0
;__Lib_Math.mpas,227 :: 		
0x0011	0x02F9      	SUBWF      R9, 1
;__Lib_Math.mpas,228 :: 		
0x0012	0x1803      	BTFSC      STATUS, 0
;__Lib_Math.mpas,229 :: 		
0x0013	0x281B      	GOTO       $+8
;__Lib_Math.mpas,230 :: 		
0x0014	0x0874      	MOVF       R4, 0
;__Lib_Math.mpas,231 :: 		
0x0015	0x07F8      	ADDWF      R8, 1
;__Lib_Math.mpas,232 :: 		
0x0016	0x0875      	MOVF       R5, 0
;__Lib_Math.mpas,233 :: 		
0x0017	0x1803      	BTFSC      STATUS, 0
;__Lib_Math.mpas,234 :: 		
0x0018	0x0F75      	INCFSZ     R5, 0
;__Lib_Math.mpas,235 :: 		
0x0019	0x07F9      	ADDWF      R9, 1
;__Lib_Math.mpas,236 :: 		
0x001A	0x1003      	BCF        STATUS, 0
;__Lib_Math.mpas,237 :: 		
0x001B	0x0DF0      	RLF        R0, 1
;__Lib_Math.mpas,238 :: 		
0x001C	0x0DF1      	RLF        R1, 1
;__Lib_Math.mpas,239 :: 		
0x001D	0x0BFC      	DECFSZ     R12, 1
;__Lib_Math.mpas,240 :: 		
0x001E	0x2809      	GOTO       $-21
;__Lib_Math.mpas,242 :: 		
0x001F	0x0008      	RETURN
; end of _Div_16x16_U
_UART1_Write:
;__Lib_UART_c67.mpas,72 :: 		
;__Lib_UART_c67.mpas,73 :: 		
L__UART1_Write14:
0x0020	0x1683      	BSF        STATUS, 5
0x0021	0x1303      	BCF        STATUS, 6
0x0022	0x1898      	BTFSC      TXSTA, 1
0x0023	0x2826      	GOTO       L__UART1_Write15
0x0024	0x0000      	NOP
0x0025	0x2820      	GOTO       L__UART1_Write14
L__UART1_Write15:
;__Lib_UART_c67.mpas,74 :: 		
0x0026	0x1283      	BCF        STATUS, 5
0x0027	0x084B      	MOVF       FARG_UART1_Write_data_, 0
0x0028	0x0099      	MOVWF      TXREG
;__Lib_UART_c67.mpas,75 :: 		
0x0029	0x0008      	RETURN
; end of _UART1_Write
_UART1_Init:
;__Lib_UART_c67.mpas,33 :: 		
;__Lib_UART_c67.mpas,34 :: 		
0x002A	0x1683      	BSF        STATUS, 5
0x002B	0x1303      	BCF        STATUS, 6
0x002C	0x1698      	BSF        TXSTA, 5
;__Lib_UART_c67.mpas,35 :: 		
0x002D	0x3090      	MOVLW      144
0x002E	0x1283      	BCF        STATUS, 5
0x002F	0x0098      	MOVWF      RCSTA
;__Lib_UART_c67.mpas,36 :: 		
0x0030	0x1683      	BSF        STATUS, 5
0x0031	0x1787      	BSF        TRISC7_bit, 7
;__Lib_UART_c67.mpas,37 :: 		
0x0032	0x1307      	BCF        TRISC6_bit, 6
;__Lib_UART_c67.mpas,38 :: 		
L__UART1_Init2:
0x0033	0x1283      	BCF        STATUS, 5
0x0034	0x1E8C      	BTFSS      PIR1, 5
0x0035	0x2839      	GOTO       L__UART1_Init3
;__Lib_UART_c67.mpas,39 :: 		
0x0036	0x081A      	MOVF       RCREG, 0
0x0037	0x00F0      	MOVWF      R0
0x0038	0x2833      	GOTO       L__UART1_Init2
L__UART1_Init3:
;__Lib_UART_c67.mpas,40 :: 		
0x0039	0x0008      	RETURN
; end of _UART1_Init
_UART1_Write_Text:
;__Lib_UART_c67.mpas,80 :: 		
;__Lib_UART_c67.mpas,81 :: 		
0x003A	0x1283      	BCF        STATUS, 5
0x003B	0x1303      	BCF        STATUS, 6
0x003C	0x01C5      	CLRF       UART1_Write_Text_counter
;__Lib_UART_c67.mpas,82 :: 		
0x003D	0x0844      	MOVF       FARG_UART1_Write_Text_uart_text, 0
0x003E	0x0084      	MOVWF      FSR
0x003F	0x0800      	MOVF       INDF, 0
0x0040	0x00C6      	MOVWF      UART1_Write_Text_data_
;__Lib_UART_c67.mpas,83 :: 		
L__UART1_Write_Text20:
0x0041	0x0846      	MOVF       UART1_Write_Text_data_, 0
0x0042	0x3A00      	XORLW      0
0x0043	0x1903      	BTFSC      STATUS, 2
0x0044	0x284F      	GOTO       L__UART1_Write_Text21
;__Lib_UART_c67.mpas,85 :: 		
0x0045	0x0846      	MOVF       UART1_Write_Text_data_, 0
0x0046	0x00CB      	MOVWF      FARG_UART1_Write_data_
0x0047	0x2020      	CALL       _UART1_Write
;__Lib_UART_c67.mpas,86 :: 		
0x0048	0x0AC5      	INCF       UART1_Write_Text_counter, 1
;__Lib_UART_c67.mpas,87 :: 		
0x0049	0x0845      	MOVF       UART1_Write_Text_counter, 0
0x004A	0x0744      	ADDWF      FARG_UART1_Write_Text_uart_text, 0
0x004B	0x0084      	MOVWF      FSR
0x004C	0x0800      	MOVF       INDF, 0
0x004D	0x00C6      	MOVWF      UART1_Write_Text_data_
;__Lib_UART_c67.mpas,88 :: 		
0x004E	0x2841      	GOTO       L__UART1_Write_Text20
L__UART1_Write_Text21:
;__Lib_UART_c67.mpas,89 :: 		
0x004F	0x0008      	RETURN
; end of _UART1_Write_Text
No_videntes_UG_ultrasonico1:
;No_videntes_UG.mbas,11 :: 		dim distan,tiempo as word
;No_videntes_UG.mbas,12 :: 		flanco = 0
0x0050	0x1283      	BCF        STATUS, 5
0x0051	0x1303      	BCF        STATUS, 6
0x0052	0x01C6      	CLRF       ultrasonico1_flanco
;No_videntes_UG.mbas,14 :: 		PORTC.RC0 = 1
0x0053	0x1407      	BSF        PORTC, 0
;No_videntes_UG.mbas,15 :: 		Delay_us(150)
0x0054	0x3031      	MOVLW      49
0x0055	0x00FD      	MOVWF      R13
L_No_videntes_UG_ultrasonico11:
0x0056	0x0BFD      	DECFSZ     R13, 1
0x0057	0x2856      	GOTO       L_No_videntes_UG_ultrasonico11
0x0058	0x0000      	NOP
0x0059	0x0000      	NOP
;No_videntes_UG.mbas,16 :: 		PORTC.RC0 = 0
0x005A	0x1007      	BCF        PORTC, 0
;No_videntes_UG.mbas,18 :: 		DO
L_No_videntes_UG_ultrasonico12:
;No_videntes_UG.mbas,19 :: 		IF( PORTC.RC1 = 1 )THEN
0x005B	0x1C87      	BTFSS      PORTC, 1
0x005C	0x2860      	GOTO       L_No_videntes_UG_ultrasonico18
;No_videntes_UG.mbas,20 :: 		TMR0 = 0
0x005D	0x0181      	CLRF       TMR0
;No_videntes_UG.mbas,21 :: 		flanco = 1
0x005E	0x3001      	MOVLW      1
0x005F	0x00C6      	MOVWF      ultrasonico1_flanco
L_No_videntes_UG_ultrasonico18:
;No_videntes_UG.mbas,23 :: 		LOOP UNTIL( flanco = 1 )
0x0060	0x0846      	MOVF       ultrasonico1_flanco, 0
0x0061	0x3A01      	XORLW      1
0x0062	0x1903      	BTFSC      STATUS, 2
0x0063	0x2865      	GOTO       L_No_videntes_UG_ultrasonico15
0x0064	0x285B      	GOTO       L_No_videntes_UG_ultrasonico12
L_No_videntes_UG_ultrasonico15:
;No_videntes_UG.mbas,25 :: 		DO
L_No_videntes_UG_ultrasonico110:
;No_videntes_UG.mbas,26 :: 		IF( PORTC.RC1 = 0 )THEN
0x0065	0x1887      	BTFSC      PORTC, 1
0x0066	0x286B      	GOTO       L_No_videntes_UG_ultrasonico116
;No_videntes_UG.mbas,27 :: 		tiempo = TMR0
0x0067	0x0801      	MOVF       TMR0, 0
0x0068	0x00C9      	MOVWF      ultrasonico1_tiempo
0x0069	0x01CA      	CLRF       ultrasonico1_tiempo+1
;No_videntes_UG.mbas,28 :: 		flanco = 0
0x006A	0x01C6      	CLRF       ultrasonico1_flanco
L_No_videntes_UG_ultrasonico116:
;No_videntes_UG.mbas,33 :: 		LOOP UNTIL( FLANCO = 0 )
0x006B	0x0846      	MOVF       ultrasonico1_flanco, 0
0x006C	0x3A00      	XORLW      0
0x006D	0x1903      	BTFSC      STATUS, 2
0x006E	0x2870      	GOTO       L_No_videntes_UG_ultrasonico113
0x006F	0x2865      	GOTO       L_No_videntes_UG_ultrasonico110
L_No_videntes_UG_ultrasonico113:
;No_videntes_UG.mbas,35 :: 		distan = (tiempo*128)/58
0x0070	0x3007      	MOVLW      7
0x0071	0x00F2      	MOVWF      R2
0x0072	0x0849      	MOVF       ultrasonico1_tiempo, 0
0x0073	0x00F0      	MOVWF      R0
0x0074	0x084A      	MOVF       ultrasonico1_tiempo+1, 0
0x0075	0x00F1      	MOVWF      R0+1
0x0076	0x0872      	MOVF       R2, 0
L_No_videntes_UG_ultrasonico139:
0x0077	0x1903      	BTFSC      STATUS, 2
0x0078	0x287E      	GOTO       L_No_videntes_UG_ultrasonico140
0x0079	0x0DF0      	RLF        R0, 1
0x007A	0x0DF1      	RLF        R0+1, 1
0x007B	0x1070      	BCF        R0, 0
0x007C	0x3EFF      	ADDLW      255
0x007D	0x2877      	GOTO       L_No_videntes_UG_ultrasonico139
L_No_videntes_UG_ultrasonico140:
0x007E	0x303A      	MOVLW      58
0x007F	0x00F4      	MOVWF      R4
0x0080	0x01F5      	CLRF       R4+1
0x0081	0x2003      	CALL       _Div_16x16_U
0x0082	0x0870      	MOVF       R0, 0
0x0083	0x00C7      	MOVWF      ultrasonico1_distan
0x0084	0x0871      	MOVF       R0+1, 0
0x0085	0x00C8      	MOVWF      ultrasonico1_distan+1
;No_videntes_UG.mbas,36 :: 		Delay_ms (50)
0x0086	0x3041      	MOVLW      65
0x0087	0x00FC      	MOVWF      R12
0x0088	0x30EE      	MOVLW      238
0x0089	0x00FD      	MOVWF      R13
L_No_videntes_UG_ultrasonico118:
0x008A	0x0BFD      	DECFSZ     R13, 1
0x008B	0x288A      	GOTO       L_No_videntes_UG_ultrasonico118
0x008C	0x0BFC      	DECFSZ     R12, 1
0x008D	0x288A      	GOTO       L_No_videntes_UG_ultrasonico118
0x008E	0x0000      	NOP
;No_videntes_UG.mbas,37 :: 		result = distan
0x008F	0x0847      	MOVF       ultrasonico1_distan, 0
0x0090	0x00C4      	MOVWF      ultrasonico1_local_result
0x0091	0x0848      	MOVF       ultrasonico1_distan+1, 0
0x0092	0x00C5      	MOVWF      ultrasonico1_local_result+1
0x0093	0x0844      	MOVF       ultrasonico1_local_result, 0
0x0094	0x00F0      	MOVWF      R0
0x0095	0x0845      	MOVF       ultrasonico1_local_result+1, 0
0x0096	0x00F1      	MOVWF      R0+1
0x0097	0x0008      	RETURN
; end of No_videntes_UG_ultrasonico1
_WordToStr:
;__Lib_Conversions.mpas,39 :: 		
;__Lib_Conversions.mpas,40 :: 		
0x0098	0x1283      	BCF        STATUS, 5
0x0099	0x1303      	BCF        STATUS, 6
0x009A	0x0846      	MOVF       FARG_WordToStr_output, 0
0x009B	0x0084      	MOVWF      FSR
0x009C	0x3020      	MOVLW      32
0x009D	0x0080      	MOVWF      INDF
0x009E	0x0A84      	INCF       FSR, 1
0x009F	0x3020      	MOVLW      32
0x00A0	0x0080      	MOVWF      INDF
0x00A1	0x0A84      	INCF       FSR, 1
0x00A2	0x3020      	MOVLW      32
0x00A3	0x0080      	MOVWF      INDF
0x00A4	0x0A84      	INCF       FSR, 1
0x00A5	0x3020      	MOVLW      32
0x00A6	0x0080      	MOVWF      INDF
0x00A7	0x0A84      	INCF       FSR, 1
0x00A8	0x3030      	MOVLW      48
0x00A9	0x0080      	MOVWF      INDF
0x00AA	0x0A84      	INCF       FSR, 1
0x00AB	0x0180      	CLRF       INDF
0x00AC	0x0A84      	INCF       FSR, 1
;__Lib_Conversions.mpas,41 :: 		
0x00AD	0x3004      	MOVLW      4
0x00AE	0x0746      	ADDWF      FARG_WordToStr_output, 0
0x00AF	0x00C7      	MOVWF      WordToStr_ptr
;__Lib_Conversions.mpas,42 :: 		
L__WordToStr8:
0x00B0	0x3000      	MOVLW      0
0x00B1	0x0645      	XORWF      FARG_WordToStr_input+1, 0
0x00B2	0x1D03      	BTFSS      STATUS, 2
0x00B3	0x28B6      	GOTO       L__WordToStr159
0x00B4	0x3000      	MOVLW      0
0x00B5	0x0644      	XORWF      FARG_WordToStr_input, 0
L__WordToStr159:
0x00B6	0x1903      	BTFSC      STATUS, 2
0x00B7	0x28D8      	GOTO       L__WordToStr9
;__Lib_Conversions.mpas,44 :: 		
0x00B8	0x300A      	MOVLW      10
0x00B9	0x00F4      	MOVWF      R4
0x00BA	0x01F5      	CLRF       R4+1
0x00BB	0x0844      	MOVF       FARG_WordToStr_input, 0
0x00BC	0x00F0      	MOVWF      R0
0x00BD	0x0845      	MOVF       FARG_WordToStr_input+1, 0
0x00BE	0x00F1      	MOVWF      R0+1
0x00BF	0x2003      	CALL       _Div_16x16_U
0x00C0	0x0878      	MOVF       R8, 0
0x00C1	0x00F0      	MOVWF      R0
0x00C2	0x0879      	MOVF       R8+1, 0
0x00C3	0x00F1      	MOVWF      R0+1
0x00C4	0x3030      	MOVLW      48
0x00C5	0x07F0      	ADDWF      R0, 1
0x00C6	0x0847      	MOVF       WordToStr_ptr, 0
0x00C7	0x0084      	MOVWF      FSR
0x00C8	0x0870      	MOVF       R0, 0
0x00C9	0x0080      	MOVWF      INDF
;__Lib_Conversions.mpas,45 :: 		
0x00CA	0x300A      	MOVLW      10
0x00CB	0x00F4      	MOVWF      R4
0x00CC	0x01F5      	CLRF       R4+1
0x00CD	0x0844      	MOVF       FARG_WordToStr_input, 0
0x00CE	0x00F0      	MOVWF      R0
0x00CF	0x0845      	MOVF       FARG_WordToStr_input+1, 0
0x00D0	0x00F1      	MOVWF      R0+1
0x00D1	0x2003      	CALL       _Div_16x16_U
0x00D2	0x0870      	MOVF       R0, 0
0x00D3	0x00C4      	MOVWF      FARG_WordToStr_input
0x00D4	0x0871      	MOVF       R0+1, 0
0x00D5	0x00C5      	MOVWF      FARG_WordToStr_input+1
;__Lib_Conversions.mpas,46 :: 		
0x00D6	0x03C7      	DECF       WordToStr_ptr, 1
;__Lib_Conversions.mpas,47 :: 		
0x00D7	0x28B0      	GOTO       L__WordToStr8
L__WordToStr9:
;__Lib_Conversions.mpas,48 :: 		
0x00D8	0x0008      	RETURN
; end of _WordToStr
_main:
;No_videntes_UG.mbas,41 :: 		main:
;No_videntes_UG.mbas,42 :: 		OPTION_REG = %00000110
0x00D9	0x3006      	MOVLW      6
0x00DA	0x1683      	BSF        STATUS, 5
0x00DB	0x1303      	BCF        STATUS, 6
0x00DC	0x0081      	MOVWF      OPTION_REG
;No_videntes_UG.mbas,43 :: 		OSCCON = 0x65
0x00DD	0x3065      	MOVLW      101
0x00DE	0x008F      	MOVWF      OSCCON
;No_videntes_UG.mbas,44 :: 		PORTA  =  0
0x00DF	0x1283      	BCF        STATUS, 5
0x00E0	0x0185      	CLRF       PORTA
;No_videntes_UG.mbas,45 :: 		TRISA  =  %00010100
0x00E1	0x3014      	MOVLW      20
0x00E2	0x1683      	BSF        STATUS, 5
0x00E3	0x0085      	MOVWF      TRISA
;No_videntes_UG.mbas,46 :: 		PORTB  =  0
0x00E4	0x1283      	BCF        STATUS, 5
0x00E5	0x0186      	CLRF       PORTB
;No_videntes_UG.mbas,47 :: 		TRISB  =  %00101010
0x00E6	0x302A      	MOVLW      42
0x00E7	0x1683      	BSF        STATUS, 5
0x00E8	0x0086      	MOVWF      TRISB
;No_videntes_UG.mbas,48 :: 		PORTC  =  0
0x00E9	0x1283      	BCF        STATUS, 5
0x00EA	0x0187      	CLRF       PORTC
;No_videntes_UG.mbas,49 :: 		TRISC  =  %10000010
0x00EB	0x3082      	MOVLW      130
0x00EC	0x1683      	BSF        STATUS, 5
0x00ED	0x0087      	MOVWF      TRISC
;No_videntes_UG.mbas,50 :: 		PORTD  =  0
0x00EE	0x1283      	BCF        STATUS, 5
0x00EF	0x0188      	CLRF       PORTD
;No_videntes_UG.mbas,51 :: 		TRISD  =  %00000000
0x00F0	0x1683      	BSF        STATUS, 5
0x00F1	0x0188      	CLRF       TRISD
;No_videntes_UG.mbas,52 :: 		ANSEL =0
0x00F2	0x1703      	BSF        STATUS, 6
0x00F3	0x0188      	CLRF       ANSEL
;No_videntes_UG.mbas,53 :: 		ANSELH = 0
0x00F4	0x0189      	CLRF       ANSELH
;No_videntes_UG.mbas,54 :: 		UART1_Init(9600)
0x00F5	0x3019      	MOVLW      25
0x00F6	0x1303      	BCF        STATUS, 6
0x00F7	0x0099      	MOVWF      SPBRG
0x00F8	0x1518      	BSF        TXSTA, 2
0x00F9	0x202A      	CALL       _UART1_Init
;No_videntes_UG.mbas,55 :: 		TURNO=0
0x00FA	0x01A0      	CLRF       _TURNO
;No_videntes_UG.mbas,56 :: 		PORTD.RD2=1
0x00FB	0x1508      	BSF        PORTD, 2
;No_videntes_UG.mbas,57 :: 		Delay_ms(200)
0x00FC	0x3002      	MOVLW      2
0x00FD	0x00FB      	MOVWF      R11
0x00FE	0x3004      	MOVLW      4
0x00FF	0x00FC      	MOVWF      R12
0x0100	0x30BA      	MOVLW      186
0x0101	0x00FD      	MOVWF      R13
L__main20:
0x0102	0x0BFD      	DECFSZ     R13, 1
0x0103	0x2902      	GOTO       L__main20
0x0104	0x0BFC      	DECFSZ     R12, 1
0x0105	0x2902      	GOTO       L__main20
0x0106	0x0BFB      	DECFSZ     R11, 1
0x0107	0x2902      	GOTO       L__main20
0x0108	0x0000      	NOP
;No_videntes_UG.mbas,58 :: 		PORTD.RD2=0
0x0109	0x1108      	BCF        PORTD, 2
;No_videntes_UG.mbas,59 :: 		Delay_ms(200)
0x010A	0x3002      	MOVLW      2
0x010B	0x00FB      	MOVWF      R11
0x010C	0x3004      	MOVLW      4
0x010D	0x00FC      	MOVWF      R12
0x010E	0x30BA      	MOVLW      186
0x010F	0x00FD      	MOVWF      R13
L__main21:
0x0110	0x0BFD      	DECFSZ     R13, 1
0x0111	0x2910      	GOTO       L__main21
0x0112	0x0BFC      	DECFSZ     R12, 1
0x0113	0x2910      	GOTO       L__main21
0x0114	0x0BFB      	DECFSZ     R11, 1
0x0115	0x2910      	GOTO       L__main21
0x0116	0x0000      	NOP
;No_videntes_UG.mbas,60 :: 		PORTD.RD2=1
0x0117	0x1508      	BSF        PORTD, 2
;No_videntes_UG.mbas,61 :: 		Delay_ms(200)
0x0118	0x3002      	MOVLW      2
0x0119	0x00FB      	MOVWF      R11
0x011A	0x3004      	MOVLW      4
0x011B	0x00FC      	MOVWF      R12
0x011C	0x30BA      	MOVLW      186
0x011D	0x00FD      	MOVWF      R13
L__main22:
0x011E	0x0BFD      	DECFSZ     R13, 1
0x011F	0x291E      	GOTO       L__main22
0x0120	0x0BFC      	DECFSZ     R12, 1
0x0121	0x291E      	GOTO       L__main22
0x0122	0x0BFB      	DECFSZ     R11, 1
0x0123	0x291E      	GOTO       L__main22
0x0124	0x0000      	NOP
;No_videntes_UG.mbas,62 :: 		PORTD.RD2=0
0x0125	0x1108      	BCF        PORTD, 2
;No_videntes_UG.mbas,63 :: 		Delay_ms(200)
0x0126	0x3002      	MOVLW      2
0x0127	0x00FB      	MOVWF      R11
0x0128	0x3004      	MOVLW      4
0x0129	0x00FC      	MOVWF      R12
0x012A	0x30BA      	MOVLW      186
0x012B	0x00FD      	MOVWF      R13
L__main23:
0x012C	0x0BFD      	DECFSZ     R13, 1
0x012D	0x292C      	GOTO       L__main23
0x012E	0x0BFC      	DECFSZ     R12, 1
0x012F	0x292C      	GOTO       L__main23
0x0130	0x0BFB      	DECFSZ     R11, 1
0x0131	0x292C      	GOTO       L__main23
0x0132	0x0000      	NOP
;No_videntes_UG.mbas,64 :: 		Delay_ms(1000)
0x0133	0x3006      	MOVLW      6
0x0134	0x00FB      	MOVWF      R11
0x0135	0x3013      	MOVLW      19
0x0136	0x00FC      	MOVWF      R12
0x0137	0x30AD      	MOVLW      173
0x0138	0x00FD      	MOVWF      R13
L__main24:
0x0139	0x0BFD      	DECFSZ     R13, 1
0x013A	0x2939      	GOTO       L__main24
0x013B	0x0BFC      	DECFSZ     R12, 1
0x013C	0x2939      	GOTO       L__main24
0x013D	0x0BFB      	DECFSZ     R11, 1
0x013E	0x2939      	GOTO       L__main24
0x013F	0x0000      	NOP
0x0140	0x0000      	NOP
;No_videntes_UG.mbas,66 :: 		UART1_Write_Text("SALUDOS A TODOS")
0x0141	0x3030      	MOVLW      _main_Local_Text
0x0142	0x0084      	MOVWF      FSR
0x0143	0x3053      	MOVLW      83
0x0144	0x0080      	MOVWF      INDF
0x0145	0x0A84      	INCF       FSR, 1
0x0146	0x3041      	MOVLW      65
0x0147	0x0080      	MOVWF      INDF
0x0148	0x0A84      	INCF       FSR, 1
0x0149	0x304C      	MOVLW      76
0x014A	0x0080      	MOVWF      INDF
0x014B	0x0A84      	INCF       FSR, 1
0x014C	0x3055      	MOVLW      85
0x014D	0x0080      	MOVWF      INDF
0x014E	0x0A84      	INCF       FSR, 1
0x014F	0x3044      	MOVLW      68
0x0150	0x0080      	MOVWF      INDF
0x0151	0x0A84      	INCF       FSR, 1
0x0152	0x304F      	MOVLW      79
0x0153	0x0080      	MOVWF      INDF
0x0154	0x0A84      	INCF       FSR, 1
0x0155	0x3053      	MOVLW      83
0x0156	0x0080      	MOVWF      INDF
0x0157	0x0A84      	INCF       FSR, 1
0x0158	0x3020      	MOVLW      32
0x0159	0x0080      	MOVWF      INDF
0x015A	0x0A84      	INCF       FSR, 1
0x015B	0x3041      	MOVLW      65
0x015C	0x0080      	MOVWF      INDF
0x015D	0x0A84      	INCF       FSR, 1
0x015E	0x3020      	MOVLW      32
0x015F	0x0080      	MOVWF      INDF
0x0160	0x0A84      	INCF       FSR, 1
0x0161	0x3054      	MOVLW      84
0x0162	0x0080      	MOVWF      INDF
0x0163	0x0A84      	INCF       FSR, 1
0x0164	0x304F      	MOVLW      79
0x0165	0x0080      	MOVWF      INDF
0x0166	0x0A84      	INCF       FSR, 1
0x0167	0x3044      	MOVLW      68
0x0168	0x0080      	MOVWF      INDF
0x0169	0x0A84      	INCF       FSR, 1
0x016A	0x304F      	MOVLW      79
0x016B	0x0080      	MOVWF      INDF
0x016C	0x0A84      	INCF       FSR, 1
0x016D	0x3053      	MOVLW      83
0x016E	0x0080      	MOVWF      INDF
0x016F	0x0A84      	INCF       FSR, 1
0x0170	0x0180      	CLRF       INDF
0x0171	0x0A84      	INCF       FSR, 1
0x0172	0x3030      	MOVLW      _main_Local_Text
0x0173	0x00C4      	MOVWF      FARG_UART1_Write_Text_uart_text
0x0174	0x203A      	CALL       _UART1_Write_Text
;No_videntes_UG.mbas,67 :: 		Delay_ms(1000)
0x0175	0x3006      	MOVLW      6
0x0176	0x00FB      	MOVWF      R11
0x0177	0x3013      	MOVLW      19
0x0178	0x00FC      	MOVWF      R12
0x0179	0x30AD      	MOVLW      173
0x017A	0x00FD      	MOVWF      R13
L__main25:
0x017B	0x0BFD      	DECFSZ     R13, 1
0x017C	0x297B      	GOTO       L__main25
0x017D	0x0BFC      	DECFSZ     R12, 1
0x017E	0x297B      	GOTO       L__main25
0x017F	0x0BFB      	DECFSZ     R11, 1
0x0180	0x297B      	GOTO       L__main25
0x0181	0x0000      	NOP
0x0182	0x0000      	NOP
;No_videntes_UG.mbas,68 :: 		distancia1 = ultrasonico1()
0x0183	0x2050      	CALL       No_videntes_UG_ultrasonico1
0x0184	0x0870      	MOVF       R0, 0
0x0185	0x00AC      	MOVWF      _DISTANCIA1
0x0186	0x0871      	MOVF       R0+1, 0
0x0187	0x00AD      	MOVWF      _DISTANCIA1+1
;No_videntes_UG.mbas,69 :: 		distancia1 = ultrasonico1()
0x0188	0x2050      	CALL       No_videntes_UG_ultrasonico1
0x0189	0x0870      	MOVF       R0, 0
0x018A	0x00AC      	MOVWF      _DISTANCIA1
0x018B	0x0871      	MOVF       R0+1, 0
0x018C	0x00AD      	MOVWF      _DISTANCIA1+1
;No_videntes_UG.mbas,71 :: 		while 1
L__main27:
;No_videntes_UG.mbas,72 :: 		distancia1 = ultrasonico1()
0x018D	0x2050      	CALL       No_videntes_UG_ultrasonico1
0x018E	0x0870      	MOVF       R0, 0
0x018F	0x00AC      	MOVWF      _DISTANCIA1
0x0190	0x0871      	MOVF       R0+1, 0
0x0191	0x00AD      	MOVWF      _DISTANCIA1+1
;No_videntes_UG.mbas,73 :: 		if DISTANCIA1 <150 then
0x0192	0x3000      	MOVLW      0
0x0193	0x0271      	SUBWF      R0+1, 0
0x0194	0x1D03      	BTFSS      STATUS, 2
0x0195	0x2998      	GOTO       L__main41
0x0196	0x3096      	MOVLW      150
0x0197	0x0270      	SUBWF      R0, 0
L__main41:
0x0198	0x1803      	BTFSC      STATUS, 0
0x0199	0x2A55      	GOTO       L__main32
;No_videntes_UG.mbas,74 :: 		PORTD.RD2=1
0x019A	0x1508      	BSF        PORTD, 2
;No_videntes_UG.mbas,75 :: 		Delay_ms(200)
0x019B	0x3002      	MOVLW      2
0x019C	0x00FB      	MOVWF      R11
0x019D	0x3004      	MOVLW      4
0x019E	0x00FC      	MOVWF      R12
0x019F	0x30BA      	MOVLW      186
0x01A0	0x00FD      	MOVWF      R13
L__main34:
0x01A1	0x0BFD      	DECFSZ     R13, 1
0x01A2	0x29A1      	GOTO       L__main34
0x01A3	0x0BFC      	DECFSZ     R12, 1
0x01A4	0x29A1      	GOTO       L__main34
0x01A5	0x0BFB      	DECFSZ     R11, 1
0x01A6	0x29A1      	GOTO       L__main34
0x01A7	0x0000      	NOP
;No_videntes_UG.mbas,76 :: 		PORTD.RD2=0
0x01A8	0x1108      	BCF        PORTD, 2
;No_videntes_UG.mbas,77 :: 		Delay_ms(200)
0x01A9	0x3002      	MOVLW      2
0x01AA	0x00FB      	MOVWF      R11
0x01AB	0x3004      	MOVLW      4
0x01AC	0x00FC      	MOVWF      R12
0x01AD	0x30BA      	MOVLW      186
0x01AE	0x00FD      	MOVWF      R13
L__main35:
0x01AF	0x0BFD      	DECFSZ     R13, 1
0x01B0	0x29AF      	GOTO       L__main35
0x01B1	0x0BFC      	DECFSZ     R12, 1
0x01B2	0x29AF      	GOTO       L__main35
0x01B3	0x0BFB      	DECFSZ     R11, 1
0x01B4	0x29AF      	GOTO       L__main35
0x01B5	0x0000      	NOP
;No_videntes_UG.mbas,78 :: 		PORTD.RD2=1
0x01B6	0x1508      	BSF        PORTD, 2
;No_videntes_UG.mbas,79 :: 		Delay_ms(200)
0x01B7	0x3002      	MOVLW      2
0x01B8	0x00FB      	MOVWF      R11
0x01B9	0x3004      	MOVLW      4
0x01BA	0x00FC      	MOVWF      R12
0x01BB	0x30BA      	MOVLW      186
0x01BC	0x00FD      	MOVWF      R13
L__main36:
0x01BD	0x0BFD      	DECFSZ     R13, 1
0x01BE	0x29BD      	GOTO       L__main36
0x01BF	0x0BFC      	DECFSZ     R12, 1
0x01C0	0x29BD      	GOTO       L__main36
0x01C1	0x0BFB      	DECFSZ     R11, 1
0x01C2	0x29BD      	GOTO       L__main36
0x01C3	0x0000      	NOP
;No_videntes_UG.mbas,80 :: 		PORTD.RD2=0
0x01C4	0x1108      	BCF        PORTD, 2
;No_videntes_UG.mbas,81 :: 		Delay_ms(200)
0x01C5	0x3002      	MOVLW      2
0x01C6	0x00FB      	MOVWF      R11
0x01C7	0x3004      	MOVLW      4
0x01C8	0x00FC      	MOVWF      R12
0x01C9	0x30BA      	MOVLW      186
0x01CA	0x00FD      	MOVWF      R13
L__main37:
0x01CB	0x0BFD      	DECFSZ     R13, 1
0x01CC	0x29CB      	GOTO       L__main37
0x01CD	0x0BFC      	DECFSZ     R12, 1
0x01CE	0x29CB      	GOTO       L__main37
0x01CF	0x0BFB      	DECFSZ     R11, 1
0x01D0	0x29CB      	GOTO       L__main37
0x01D1	0x0000      	NOP
;No_videntes_UG.mbas,82 :: 		WordToStr(DISTANCIA1,TEXTO)
0x01D2	0x082C      	MOVF       _DISTANCIA1, 0
0x01D3	0x00C4      	MOVWF      FARG_WordToStr_input
0x01D4	0x082D      	MOVF       _DISTANCIA1+1, 0
0x01D5	0x00C5      	MOVWF      FARG_WordToStr_input+1
0x01D6	0x3021      	MOVLW      _TEXTO
0x01D7	0x00C6      	MOVWF      FARG_WordToStr_output
0x01D8	0x2098      	CALL       _WordToStr
;No_videntes_UG.mbas,83 :: 		UART1_Write_Text(" ATENCION OBJETO A ")
0x01D9	0x3030      	MOVLW      _main_Local_Text
0x01DA	0x0084      	MOVWF      FSR
0x01DB	0x3020      	MOVLW      32
0x01DC	0x0080      	MOVWF      INDF
0x01DD	0x0A84      	INCF       FSR, 1
0x01DE	0x3041      	MOVLW      65
0x01DF	0x0080      	MOVWF      INDF
0x01E0	0x0A84      	INCF       FSR, 1
0x01E1	0x3054      	MOVLW      84
0x01E2	0x0080      	MOVWF      INDF
0x01E3	0x0A84      	INCF       FSR, 1
0x01E4	0x3045      	MOVLW      69
0x01E5	0x0080      	MOVWF      INDF
0x01E6	0x0A84      	INCF       FSR, 1
0x01E7	0x304E      	MOVLW      78
0x01E8	0x0080      	MOVWF      INDF
0x01E9	0x0A84      	INCF       FSR, 1
0x01EA	0x3043      	MOVLW      67
0x01EB	0x0080      	MOVWF      INDF
0x01EC	0x0A84      	INCF       FSR, 1
0x01ED	0x3049      	MOVLW      73
0x01EE	0x0080      	MOVWF      INDF
0x01EF	0x0A84      	INCF       FSR, 1
0x01F0	0x304F      	MOVLW      79
0x01F1	0x0080      	MOVWF      INDF
0x01F2	0x0A84      	INCF       FSR, 1
0x01F3	0x304E      	MOVLW      78
0x01F4	0x0080      	MOVWF      INDF
0x01F5	0x0A84      	INCF       FSR, 1
0x01F6	0x3020      	MOVLW      32
0x01F7	0x0080      	MOVWF      INDF
0x01F8	0x0A84      	INCF       FSR, 1
0x01F9	0x304F      	MOVLW      79
0x01FA	0x0080      	MOVWF      INDF
0x01FB	0x0A84      	INCF       FSR, 1
0x01FC	0x3042      	MOVLW      66
0x01FD	0x0080      	MOVWF      INDF
0x01FE	0x0A84      	INCF       FSR, 1
0x01FF	0x304A      	MOVLW      74
0x0200	0x0080      	MOVWF      INDF
0x0201	0x0A84      	INCF       FSR, 1
0x0202	0x3045      	MOVLW      69
0x0203	0x0080      	MOVWF      INDF
0x0204	0x0A84      	INCF       FSR, 1
0x0205	0x3054      	MOVLW      84
0x0206	0x0080      	MOVWF      INDF
0x0207	0x0A84      	INCF       FSR, 1
0x0208	0x304F      	MOVLW      79
0x0209	0x0080      	MOVWF      INDF
0x020A	0x0A84      	INCF       FSR, 1
0x020B	0x3020      	MOVLW      32
0x020C	0x0080      	MOVWF      INDF
0x020D	0x0A84      	INCF       FSR, 1
0x020E	0x3041      	MOVLW      65
0x020F	0x0080      	MOVWF      INDF
0x0210	0x0A84      	INCF       FSR, 1
0x0211	0x3020      	MOVLW      32
0x0212	0x0080      	MOVWF      INDF
0x0213	0x0A84      	INCF       FSR, 1
0x0214	0x0180      	CLRF       INDF
0x0215	0x0A84      	INCF       FSR, 1
0x0216	0x3030      	MOVLW      _main_Local_Text
0x0217	0x00C4      	MOVWF      FARG_UART1_Write_Text_uart_text
0x0218	0x203A      	CALL       _UART1_Write_Text
;No_videntes_UG.mbas,84 :: 		UART1_Write_Text(TEXTO)
0x0219	0x3021      	MOVLW      _TEXTO
0x021A	0x00C4      	MOVWF      FARG_UART1_Write_Text_uart_text
0x021B	0x203A      	CALL       _UART1_Write_Text
;No_videntes_UG.mbas,85 :: 		UART1_Write_Text(" centimetros")
0x021C	0x3030      	MOVLW      _main_Local_Text
0x021D	0x0084      	MOVWF      FSR
0x021E	0x3020      	MOVLW      32
0x021F	0x0080      	MOVWF      INDF
0x0220	0x0A84      	INCF       FSR, 1
0x0221	0x3063      	MOVLW      99
0x0222	0x0080      	MOVWF      INDF
0x0223	0x0A84      	INCF       FSR, 1
0x0224	0x3065      	MOVLW      101
0x0225	0x0080      	MOVWF      INDF
0x0226	0x0A84      	INCF       FSR, 1
0x0227	0x306E      	MOVLW      110
0x0228	0x0080      	MOVWF      INDF
0x0229	0x0A84      	INCF       FSR, 1
0x022A	0x3074      	MOVLW      116
0x022B	0x0080      	MOVWF      INDF
0x022C	0x0A84      	INCF       FSR, 1
0x022D	0x3069      	MOVLW      105
0x022E	0x0080      	MOVWF      INDF
0x022F	0x0A84      	INCF       FSR, 1
0x0230	0x306D      	MOVLW      109
0x0231	0x0080      	MOVWF      INDF
0x0232	0x0A84      	INCF       FSR, 1
0x0233	0x3065      	MOVLW      101
0x0234	0x0080      	MOVWF      INDF
0x0235	0x0A84      	INCF       FSR, 1
0x0236	0x3074      	MOVLW      116
0x0237	0x0080      	MOVWF      INDF
0x0238	0x0A84      	INCF       FSR, 1
0x0239	0x3072      	MOVLW      114
0x023A	0x0080      	MOVWF      INDF
0x023B	0x0A84      	INCF       FSR, 1
0x023C	0x306F      	MOVLW      111
0x023D	0x0080      	MOVWF      INDF
0x023E	0x0A84      	INCF       FSR, 1
0x023F	0x3073      	MOVLW      115
0x0240	0x0080      	MOVWF      INDF
0x0241	0x0A84      	INCF       FSR, 1
0x0242	0x0180      	CLRF       INDF
0x0243	0x0A84      	INCF       FSR, 1
0x0244	0x3030      	MOVLW      _main_Local_Text
0x0245	0x00C4      	MOVWF      FARG_UART1_Write_Text_uart_text
0x0246	0x203A      	CALL       _UART1_Write_Text
;No_videntes_UG.mbas,86 :: 		Delay_ms(2000)
0x0247	0x300B      	MOVLW      11
0x0248	0x00FB      	MOVWF      R11
0x0249	0x3026      	MOVLW      38
0x024A	0x00FC      	MOVWF      R12
0x024B	0x305D      	MOVLW      93
0x024C	0x00FD      	MOVWF      R13
L__main38:
0x024D	0x0BFD      	DECFSZ     R13, 1
0x024E	0x2A4D      	GOTO       L__main38
0x024F	0x0BFC      	DECFSZ     R12, 1
0x0250	0x2A4D      	GOTO       L__main38
0x0251	0x0BFB      	DECFSZ     R11, 1
0x0252	0x2A4D      	GOTO       L__main38
0x0253	0x0000      	NOP
0x0254	0x0000      	NOP
L__main32:
;No_videntes_UG.mbas,88 :: 		WEND
0x0255	0x298D      	GOTO       L__main27
0x0256	0x2A56      	GOTO       $+0
; end of _main
Symbol List:
//** Routines locations **
//ADDRESS    SIZE    PROCEDURE
//----------------------------------------------
0x0003      [29]    _Div_16x16_U
0x0020      [10]    _UART1_Write
0x002A      [16]    _UART1_Init
0x003A      [22]    _UART1_Write_Text
0x0050      [72]    No_videntes_UG_ultrasonico1
0x0098      [65]    _WordToStr
0x00D9     [382]    _main
//** Variables locations ** 
//ADDRESS    SIZE    VARIABLE
//----------------------------------------------
0x0000       [1]    INDF
0x0001       [1]    TMR0
0x0002       [1]    PCL
0x0003       [0]    NOT_TO_bit
0x0003       [0]    IRP_bit
0x0003       [0]    C_bit
0x0003       [0]    NOT_PD_bit
0x0003       [0]    RP1_bit
0x0003       [0]    DC_bit
0x0003       [1]    STATUS
0x0003       [0]    RP0_bit
0x0003       [0]    Z_bit
0x0004       [1]    FSRPTR
0x0004       [1]    FSR
0x0005       [0]    RA6_bit
0x0005       [0]    RA2_bit
0x0005       [0]    RA4_bit
0x0005       [0]    RA0_bit
0x0005       [0]    RA3_bit
0x0005       [1]    PORTA
0x0005       [0]    RA1_bit
0x0005       [0]    RA7_bit
0x0005       [0]    RA5_bit
0x0006       [0]    RB6_bit
0x0006       [0]    RB5_bit
0x0006       [1]    PORTB
0x0006       [0]    RB1_bit
0x0006       [0]    RB3_bit
0x0006       [0]    RB2_bit
0x0006       [0]    RB7_bit
0x0006       [0]    RB4_bit
0x0006       [0]    RB0_bit
0x0007       [1]    PORTC
0x0007       [0]    RC5_bit
0x0007       [0]    RC1_bit
0x0007       [0]    RC3_bit
0x0007       [0]    RC6_bit
0x0007       [0]    RC4_bit
0x0007       [0]    RC2_bit
0x0007       [0]    RC7_bit
0x0007       [0]    RC0_bit
0x0008       [0]    RD4_bit
0x0008       [0]    RD6_bit
0x0008       [0]    RD0_bit
0x0008       [0]    RD1_bit
0x0008       [1]    PORTD
0x0008       [0]    RD5_bit
0x0008       [0]    RD2_bit
0x0008       [0]    RD3_bit
0x0008       [0]    RD7_bit
0x0009       [0]    RE0_bit
0x0009       [0]    RE2_bit
0x0009       [1]    PORTE
0x0009       [0]    RE3_bit
0x0009       [0]    RE1_bit
0x000A       [1]    PCLATH
0x000B       [0]    INTE_bit
0x000B       [0]    INTF_bit
0x000B       [1]    INTCON
0x000B       [0]    TMR0IF_bit
0x000B       [0]    T0IF_bit
0x000B       [0]    RBIF_bit
0x000B       [0]    GIE_bit
0x000B       [0]    TMR0IE_bit
0x000B       [0]    T0IE_bit
0x000B       [0]    PEIE_bit
0x000B       [0]    RBIE_bit
0x000C       [0]    TMR2IF_bit
0x000C       [0]    TMR1IF_bit
0x000C       [0]    ADIF_bit
0x000C       [1]    PIR1
0x000C       [0]    CCP1IF_bit
0x000C       [0]    TXIF_bit
0x000C       [0]    SSPIF_bit
0x000C       [0]    RCIF_bit
0x000D       [0]    C1IF_bit
0x000D       [0]    ULPWUIF_bit
0x000D       [0]    EEIF_bit
0x000D       [1]    PIR2
0x000D       [0]    CCP2IF_bit
0x000D       [0]    BCLIF_bit
0x000D       [0]    C2IF_bit
0x000D       [0]    OSFIF_bit
0x000E       [1]    TMR1L
0x000F       [1]    TMR1H
0x0010       [1]    T1CON
0x0010       [0]    T1GINV_bit
0x0010       [0]    T1SYNC_bit
0x0010       [0]    T1INSYNC_bit
0x0010       [0]    TMR1ON_bit
0x0010       [0]    TMR1CS_bit
0x0010       [0]    NOT_T1SYNC_bit
0x0010       [0]    T1CKPS0_bit
0x0010       [0]    T1CKPS1_bit
0x0010       [0]    TMR1GE_bit
0x0010       [0]    T1OSCEN_bit
0x0011       [1]    TMR2
0x0012       [0]    TOUTPS0_bit
0x0012       [0]    TMR2ON_bit
0x0012       [0]    TOUTPS3_bit
0x0012       [0]    TOUTPS2_bit
0x0012       [0]    TOUTPS1_bit
0x0012       [1]    T2CON
0x0012       [0]    T2CKPS0_bit
0x0012       [0]    T2CKPS1_bit
0x0013       [1]    SSPBUF
0x0014       [1]    SSPCON
0x0014       [0]    CKP_bit
0x0014       [0]    SSPM3_bit
0x0014       [0]    SSPEN_bit
0x0014       [0]    WCOL_bit
0x0014       [0]    SSPOV_bit
0x0014       [0]    SSPM2_bit
0x0014       [0]    SSPM1_bit
0x0014       [0]    SSPM0_bit
0x0015       [2]    CCPR1
0x0015       [1]    CCPR1L
0x0016       [1]    CCPR1H
0x0017       [0]    DC1B1_bit
0x0017       [0]    CCP1M0_bit
0x0017       [1]    CCP1CON
0x0017       [0]    P1M1_bit
0x0017       [0]    P1M0_bit
0x0017       [0]    CCP1X_bit
0x0017       [0]    CCP1M3_bit
0x0017       [0]    CCP1Y_bit
0x0017       [0]    DC1B0_bit
0x0017       [0]    CCP1M1_bit
0x0017       [0]    CCP1M2_bit
0x0018       [0]    NOT_RC8_bit
0x0018       [0]    RC9_bit
0x0018       [0]    SPEN_bit
0x0018       [0]    RX9_bit
0x0018       [0]    RC8_9_bit
0x0018       [1]    RCSTA
0x0018       [0]    FERR_bit
0x0018       [0]    ADDEN_bit
0x0018       [0]    CREN_bit
0x0018       [0]    SREN_bit
0x0018       [0]    RX9D_bit
0x0018       [0]    RCD8_bit
0x0018       [0]    OERR_bit
0x0019       [1]    TXREG
0x001A       [1]    RCREG
0x001B       [1]    CCPR2L
0x001B       [2]    CCPR2
0x001C       [1]    CCPR2H
0x001D       [1]    CCP2CON
0x001D       [0]    CCP2X_bit
0x001D       [0]    CCP2M3_bit
0x001D       [0]    CCP2M2_bit
0x001D       [0]    DC2B0_bit
0x001D       [0]    CCP2M1_bit
0x001D       [0]    CCP2M0_bit
0x001D       [0]    CCP2Y_bit
0x001D       [0]    DC2B1_bit
0x001E       [1]    ADRESH
0x001F       [0]    CHS2_bit
0x001F       [0]    ADON_bit
0x001F       [0]    GO_DONE_bit
0x001F       [0]    CHS0_bit
0x001F       [0]    CHS1_bit
0x001F       [0]    NOT_DONE_bit
0x001F       [0]    GO_bit
0x001F       [0]    ADCS0_bit
0x001F       [0]    ADCS1_bit
0x001F       [1]    ADCON0
0x001F       [0]    CHS3_bit
0x0020       [1]    _TURNO
0x0021      [11]    _TEXTO
0x002C       [2]    _DISTANCIA1
0x002E       [2]    ___DoICPAddr
0x0030      [20]    _main_Local_Text
0x0044       [2]    FARG_WordToStr_input
0x0044       [2]    ultrasonico1_local_result
0x0044       [1]    FARG_UART1_Write_Text_uart_text
0x0045       [1]    UART1_Write_Text_counter
0x0046       [1]    UART1_Write_Text_data_
0x0046       [1]    ultrasonico1_flanco
0x0046       [1]    FARG_WordToStr_output
0x0047       [1]    WordToStr_ptr
0x0047       [2]    ultrasonico1_distan
0x0049       [2]    ultrasonico1_tiempo
0x004B       [1]    FARG_UART1_Write_data_
0x0070       [1]    R0
0x0071       [1]    R1
0x0072       [1]    R2
0x0073       [1]    R3
0x0074       [1]    R4
0x0075       [1]    R5
0x0076       [1]    R6
0x0077       [1]    R7
0x0078       [1]    R8
0x0079       [1]    R9
0x007A       [1]    R10
0x007B       [1]    R11
0x007C       [1]    R12
0x007D       [1]    R13
0x007E       [1]    R14
0x007F       [1]    R15
0x0081       [0]    NOT_RBPU_bit
0x0081       [0]    PS2_bit
0x0081       [0]    INTEDG_bit
0x0081       [0]    T0CS_bit
0x0081       [0]    T0SE_bit
0x0081       [0]    PSA_bit
0x0081       [0]    PS0_bit
0x0081       [1]    OPTION_REG
0x0081       [0]    PS1_bit
0x0085       [0]    TRISA2_bit
0x0085       [0]    TRISA3_bit
0x0085       [0]    TRISA1_bit
0x0085       [0]    TRISA0_bit
0x0085       [0]    TRISA4_bit
0x0085       [0]    TRISA7_bit
0x0085       [1]    TRISA
0x0085       [0]    TRISA5_bit
0x0085       [0]    TRISA6_bit
0x0086       [0]    TRISB3_bit
0x0086       [0]    TRISB4_bit
0x0086       [0]    TRISB2_bit
0x0086       [0]    TRISB0_bit
0x0086       [0]    TRISB1_bit
0x0086       [0]    TRISB7_bit
0x0086       [1]    TRISB
0x0086       [0]    TRISB5_bit
0x0086       [0]    TRISB6_bit
0x0087       [0]    TRISC2_bit
0x0087       [0]    TRISC3_bit
0x0087       [0]    TRISC0_bit
0x0087       [0]    TRISC1_bit
0x0087       [0]    TRISC4_bit
0x0087       [0]    TRISC7_bit
0x0087       [1]    TRISC
0x0087       [0]    TRISC5_bit
0x0087       [0]    TRISC6_bit
0x0088       [0]    TRISD5_bit
0x0088       [0]    TRISD2_bit
0x0088       [0]    TRISD3_bit
0x0088       [0]    TRISD4_bit
0x0088       [0]    TRISD7_bit
0x0088       [1]    TRISD
0x0088       [0]    TRISD6_bit
0x0088       [0]    TRISD0_bit
0x0088       [0]    TRISD1_bit
0x0089       [0]    TRISE3_bit
0x0089       [1]    TRISE
0x0089       [0]    TRISE1_bit
0x0089       [0]    TRISE2_bit
0x0089       [0]    TRISE0_bit
0x008C       [0]    TMR1IE_bit
0x008C       [0]    TMR2IE_bit
0x008C       [0]    CCP1IE_bit
0x008C       [0]    RCIE_bit
0x008C       [0]    ADIE_bit
0x008C       [1]    PIE1
0x008C       [0]    SSPIE_bit
0x008C       [0]    TXIE_bit
0x008D       [0]    BCLIE_bit
0x008D       [0]    CCP2IE_bit
0x008D       [0]    ULPWUIE_bit
0x008D       [0]    EEIE_bit
0x008D       [0]    OSFIE_bit
0x008D       [1]    PIE2
0x008D       [0]    C1IE_bit
0x008D       [0]    C2IE_bit
0x008E       [0]    NOT_BO_bit
0x008E       [1]    PCON
0x008E       [0]    NOT_BOR_bit
0x008E       [0]    ULPWUE_bit
0x008E       [0]    SBOREN_bit
0x008E       [0]    NOT_POR_bit
0x008F       [0]    LTS_bit
0x008F       [1]    OSCCON
0x008F       [0]    SCS_bit
0x008F       [0]    HTS_bit
0x008F       [0]    IRCF1_bit
0x008F       [0]    IRCF2_bit
0x008F       [0]    OSTS_bit
0x008F       [0]    IRCF0_bit
0x0090       [0]    TUN1_bit
0x0090       [1]    OSCTUNE
0x0090       [0]    TUN0_bit
0x0090       [0]    TUN4_bit
0x0090       [0]    TUN3_bit
0x0090       [0]    TUN2_bit
0x0091       [0]    GCEN_bit
0x0091       [0]    RCEN_bit
0x0091       [1]    SSPCON2
0x0091       [0]    ACKDT_bit
0x0091       [0]    ACKSTAT_bit
0x0091       [0]    SEN_bit
0x0091       [0]    RSEN_bit
0x0091       [0]    PEN_bit
0x0091       [0]    ACKEN_bit
0x0092       [1]    PR2
0x0093       [1]    MSK
0x0093       [1]    SSPMSK
0x0093       [1]    SSPADD
0x0094       [0]    I2C_READ_bit
0x0094       [0]    NOT_W_bit
0x0094       [0]    I2C_START__bit
0x0094       [0]    R_bit
0x0094       [0]    NOT_WRITE_bit
0x0094       [0]    R_W_bit
0x0094       [0]    READ_WRITE_bit
0x0094       [0]    BF_bit
0x0094       [0]    UA_bit
0x0094       [0]    D_bit
0x0094       [0]    I2C_DATA_bit
0x0094       [0]    NOT_A_bit
0x0094       [0]    SMP_bit
0x0094       [0]    CKE_bit
0x0094       [1]    SSPSTAT
0x0094       [0]    P_bit
0x0094       [0]    S_bit
0x0094       [0]    I2C_STOP__bit
0x0094       [0]    NOT_ADDRESS_bit
0x0094       [0]    D_A_bit
0x0094       [0]    DATA_ADDRESS_bit
0x0095       [0]    WPUB6_bit
0x0095       [1]    WPUB
0x0095       [0]    WPUB7_bit
0x0095       [0]    WPUB0_bit
0x0095       [0]    WPUB3_bit
0x0095       [0]    WPUB1_bit
0x0095       [0]    WPUB5_bit
0x0095       [0]    WPUB2_bit
0x0095       [0]    WPUB4_bit
0x0096       [0]    IOCB0_bit
0x0096       [0]    IOCB7_bit
0x0096       [0]    IOCB6_bit
0x0096       [0]    IOCB1_bit
0x0096       [0]    IOCB5_bit
0x0096       [0]    IOCB2_bit
0x0096       [0]    IOCB3_bit
0x0096       [0]    IOCB4_bit
0x0096       [1]    IOCB
0x0097       [0]    VRSS_bit
0x0097       [0]    VRR_bit
0x0097       [1]    VRCON
0x0097       [0]    VREN_bit
0x0097       [0]    VROE_bit
0x0097       [0]    VR3_bit
0x0097       [0]    VR0_bit
0x0097       [0]    VR1_bit
0x0097       [0]    VR2_bit
0x0098       [0]    TRMT_bit
0x0098       [0]    BRGH_bit
0x0098       [1]    TXSTA
0x0098       [0]    TXD8_bit
0x0098       [0]    TX9D_bit
0x0098       [0]    SENDB_bit
0x0098       [0]    NOT_TX8_bit
0x0098       [0]    TX9_bit
0x0098       [0]    CSRC_bit
0x0098       [0]    TX8_9_bit
0x0098       [0]    SYNC_bit
0x0098       [0]    TXEN_bit
0x0099       [1]    SPBRG
0x0099       [0]    BRG2_bit
0x0099       [0]    BRG3_bit
0x0099       [0]    BRG0_bit
0x0099       [0]    BRG1_bit
0x0099       [0]    BRG6_bit
0x0099       [0]    BRG7_bit
0x0099       [0]    BRG4_bit
0x0099       [0]    BRG5_bit
0x009A       [0]    BRG9_bit
0x009A       [0]    BRG10_bit
0x009A       [1]    SPBRGH
0x009A       [0]    BRG8_bit
0x009A       [0]    BRG11_bit
0x009A       [0]    BRG14_bit
0x009A       [0]    BRG15_bit
0x009A       [0]    BRG12_bit
0x009A       [0]    BRG13_bit
0x009B       [0]    PDC1_bit
0x009B       [0]    PDC2_bit
0x009B       [1]    PWM1CON
0x009B       [0]    PDC0_bit
0x009B       [0]    PDC6_bit
0x009B       [0]    PRSEN_bit
0x009B       [0]    PDC5_bit
0x009B       [0]    PDC3_bit
0x009B       [0]    PDC4_bit
0x009C       [0]    PSSBD1_bit
0x009C       [0]    PSSAC0_bit
0x009C       [1]    ECCPAS
0x009C       [0]    PSSBD0_bit
0x009C       [0]    PSSAC1_bit
0x009C       [0]    ECCPAS2_bit
0x009C       [0]    ECCPASE_bit
0x009C       [0]    ECCPAS0_bit
0x009C       [0]    ECCPAS1_bit
0x009D       [0]    STRB_bit
0x009D       [0]    STRA_bit
0x009D       [1]    PSTRCON
0x009D       [0]    STRSYNC_bit
0x009D       [0]    STRD_bit
0x009D       [0]    STRC_bit
0x009E       [1]    ADRESL
0x009F       [0]    ADFM_bit
0x009F       [0]    VCFG0_bit
0x009F       [0]    VCFG1_bit
0x009F       [1]    ADCON1
0x0105       [0]    WDTPS3_bit
0x0105       [0]    WDTPS1_bit
0x0105       [0]    WDTPS2_bit
0x0105       [1]    WDTCON
0x0105       [0]    SWDTEN_bit
0x0105       [0]    WDTPS0_bit
0x0107       [0]    C1R_bit
0x0107       [0]    C1POL_bit
0x0107       [0]    C1CH0_bit
0x0107       [0]    C1CH1_bit
0x0107       [0]    C1OUT_bit
0x0107       [0]    C1ON_bit
0x0107       [0]    C1OE_bit
0x0107       [1]    CM1CON0
0x0108       [1]    CM2CON0
0x0108       [0]    C2CH0_bit
0x0108       [0]    C2R_bit
0x0108       [0]    C2CH1_bit
0x0108       [0]    C2OUT_bit
0x0108       [0]    C2ON_bit
0x0108       [0]    C2POL_bit
0x0108       [0]    C2OE_bit
0x0109       [1]    CM2CON1
0x0109       [0]    C2SYNC_bit
0x0109       [0]    C1RSEL_bit
0x0109       [0]    MC2OUT_bit
0x0109       [0]    MC1OUT_bit
0x0109       [0]    T1GSS_bit
0x0109       [0]    C2RSEL_bit
0x010C       [1]    EEDATA
0x010C       [1]    EEDAT
0x010D       [1]    EEADR
0x010E       [1]    EEDATH
0x010F       [1]    EEADRH
0x0185       [0]    PULSS_bit
0x0185       [0]    C2REN_bit
0x0185       [0]    FVREN_bit
0x0185       [0]    PULSR_bit
0x0185       [0]    SR1_bit
0x0185       [1]    SRCON
0x0185       [0]    C1SEN_bit
0x0185       [0]    SR0_bit
0x0187       [0]    ABDEN_bit
0x0187       [0]    ABDOVF_bit
0x0187       [0]    RCIDL_bit
0x0187       [1]    BAUDCTL
0x0187       [0]    BRG16_bit
0x0187       [0]    WUE_bit
0x0187       [0]    SCKP_bit
0x0188       [0]    ANS3_bit
0x0188       [0]    ANS2_bit
0x0188       [0]    ANS7_bit
0x0188       [0]    ANS0_bit
0x0188       [1]    ANSEL
0x0188       [0]    ANS4_bit
0x0188       [0]    ANS5_bit
0x0188       [0]    ANS1_bit
0x0188       [0]    ANS6_bit
0x0189       [0]    ANS12_bit
0x0189       [0]    ANS9_bit
0x0189       [0]    ANS13_bit
0x0189       [1]    ANSELH
0x0189       [0]    ANS8_bit
0x0189       [0]    ANS11_bit
0x0189       [0]    ANS10_bit
0x018C       [0]    EEPGD_bit
0x018C       [0]    WREN_bit
0x018C       [0]    RD_bit
0x018C       [0]    WR_bit
0x018C       [0]    WRERR_bit
0x018C       [1]    EECON1
0x018D       [1]    EECON2
//** Label List: ** 
//----------------------------------------------
  L_end_No_videntes_UG_ultrasonico1
  L_No_videntes_UG_ultrasonico11
  L_No_videntes_UG_ultrasonico12
  L_No_videntes_UG_ultrasonico13
  L_No_videntes_UG_ultrasonico14
  L_No_videntes_UG_ultrasonico15
  L_No_videntes_UG_ultrasonico16
  L_No_videntes_UG_ultrasonico17
  L_No_videntes_UG_ultrasonico18
  L_No_videntes_UG_ultrasonico19
  L_No_videntes_UG_ultrasonico110
  L_No_videntes_UG_ultrasonico111
  L_No_videntes_UG_ultrasonico112
  L_No_videntes_UG_ultrasonico113
  L_No_videntes_UG_ultrasonico114
  L_No_videntes_UG_ultrasonico115
  L_No_videntes_UG_ultrasonico116
  L_No_videntes_UG_ultrasonico117
  L_No_videntes_UG_ultrasonico118
  L_end__main
  L__main20
  L__main21
  L__main22
  L__main23
  L__main24
  L__main25
  L__main26
  L__main27
  L__main28
  L__main29
  L__main30
  L__main31
  L__main32
  L__main33
  L__main34
  L__main35
  L__main36
  L__main37
  L__main38
  No_videntes_UG_ultrasonico1
  L_No_videntes_UG_ultrasonico139
  L_No_videntes_UG_ultrasonico140
  _main
  L__main41
  L_end__ByteToStr
  L__ByteToStr1
  L__ByteToStr2
  L__ByteToStr3
  L__ByteToStr4
  L__ByteToStr5
  L_end__WordToStr
  L__WordToStr7
  L__WordToStr8
  L__WordToStr9
  L__WordToStr10
  L__WordToStr11
  L_end__ShortToStr
  L__ShortToStr13
  L__ShortToStr14
  L__ShortToStr15
  L__ShortToStr16
  L__ShortToStr17
  L__ShortToStr18
  L__ShortToStr19
  L__ShortToStr20
  L__ShortToStr21
  L__ShortToStr22
  L__ShortToStr23
  L__ShortToStr24
  L__ShortToStr25
  L__ShortToStr26
  L_end__IntToStr
  L__IntToStr28
  L__IntToStr29
  L__IntToStr30
  L__IntToStr31
  L__IntToStr32
  L__IntToStr33
  L__IntToStr34
  L__IntToStr35
  L__IntToStr36
  L__IntToStr37
  L__IntToStr38
  L__IntToStr39
  L__IntToStr40
  L__IntToStr41
  L_end__WordToStrWithZeros
  L__WordToStrWithZeros43
  L__WordToStrWithZeros44
  L__WordToStrWithZeros45
  L__WordToStrWithZeros46
  L__WordToStrWithZeros47
  L__WordToStrWithZeros48
  L__WordToStrWithZeros49
  L__WordToStrWithZeros50
  L__WordToStrWithZeros51
  L__WordToStrWithZeros52
  L__WordToStrWithZeros53
  L__WordToStrWithZeros54
  L__WordToStrWithZeros55
  L__WordToStrWithZeros56
  L__WordToStrWithZeros57
  L__WordToStrWithZeros58
  L__WordToStrWithZeros59
  L_end__LongWordToStr
  L__LongWordToStr61
  L__LongWordToStr62
  L__LongWordToStr63
  L__LongWordToStr64
  L__LongWordToStr65
  L_end__LongIntToStr
  L__LongIntToStr67
  L__LongIntToStr68
  L__LongIntToStr69
  L__LongIntToStr70
  L__LongIntToStr71
  L__LongIntToStr72
  L__LongIntToStr73
  L__LongIntToStr74
  L__LongIntToStr75
  L__LongIntToStr76
  L__LongIntToStr77
  L__LongIntToStr78
  L__LongIntToStr79
  L__LongIntToStr80
  L_end__Bcd2Dec
  L_end__StrToWord
  L__StrToWord83
  L__StrToWord84
  L__StrToWord85
  L__StrToWord86
  L__StrToWord87
  L__StrToWord88
  L__StrToWord89
  L__StrToWord90
  L__StrToWord91
  L__StrToWord92
  L__StrToWord93
  L__StrToWord94
  L__StrToWord95
  L_end__StrToInt
  L__StrToInt97
  L__StrToInt98
  L__StrToInt99
  L__StrToInt100
  L__StrToInt101
  L__StrToInt102
  L__StrToInt103
  L__StrToInt104
  L__StrToInt105
  L__StrToInt106
  L__StrToInt107
  L__StrToInt108
  L__StrToInt109
  L__StrToInt110
  L__StrToInt111
  L__StrToInt112
  L__StrToInt113
  L__StrToInt114
  L__StrToInt115
  L__StrToInt116
  L__StrToInt117
  L__StrToInt118
  L_end__Dec2Bcd
  L__Dec2Bcd120
  L__Dec2Bcd121
  L__Dec2Bcd122
  L_end__Bcd2Dec16
  L_end__Dec2Bcd16
  L_end__FloatToStr
  L__FloatToStr126
  L__FloatToStr127
  L__FloatToStr128
  L__FloatToStr129
  L__FloatToStr130
  L__FloatToStr131
  L__FloatToStr132
  L__FloatToStr133
  L__FloatToStr134
  L__FloatToStr135
  L__FloatToStr136
  L__FloatToStr137
  L__FloatToStr138
  L__FloatToStr139
  L__FloatToStr140
  L__FloatToStr141
  L__FloatToStr142
  L__FloatToStr143
  L__FloatToStr144
  L__FloatToStr145
  L__FloatToStr146
  L__FloatToStr147
  L__FloatToStr148
  L__FloatToStr149
  L__FloatToStr150
  L__FloatToStr151
  L__FloatToStr152
  L__FloatToStr153
  L__FloatToStr154
  L__FloatToStr155
  L__FloatToStr156
  L__FloatToStr157
  L__FloatToStr158
  _ByteToStr
  _WordToStr
  L__WordToStr159
  _ShortToStr
  _IntToStr
  L__IntToStr160
  L__IntToStr161
  L__IntToStr162
  _WordToStrWithZeros
  L__WordToStrWithZeros163
  L__WordToStrWithZeros164
  L__WordToStrWithZeros165
  L__WordToStrWithZeros166
  _LongWordToStr
  L__LongWordToStr167
  _LongIntToStr
  L__LongIntToStr168
  L__LongIntToStr169
  L__LongIntToStr170
  _Bcd2Dec
  _StrToWord
  L__StrToWord171
  _StrToInt
  L__StrToInt172
  L__StrToInt173
  _Dec2Bcd
  _Bcd2Dec16
  L__Bcd2Dec16174
  L__Bcd2Dec16175
  _Dec2Bcd16
  L__Dec2Bcd16176
  L__Dec2Bcd16177
  _FloatToStr
  L__FloatToStr178
  L__FloatToStr179
  L__FloatToStr180
  L__FloatToStr181
  L_end__Mul_8x8_U
  L_end__Mul_16x16_U
  L_end__Div_8x8_U
  L__Div_8x8_U3
  L__Div_8x8_U4
  L__Div_8x8_U5
  L_end__Div_16x16_U
  L_end__Mul_8x8_S
  L_end__Mul_16x16_S
  L_end__Div_16x16_S_L
  L_end__Div_16x16_S
  L__Div_16x16_S11
  L__Div_16x16_S12
  L__Div_16x16_S13
  L__Div_16x16_S14
  L__Div_16x16_S15
  L__Div_16x16_S16
  L_end__Div_8x8_S
  L_end__SDIV3232L
  LOOPS3232A
  SADD22LA
  SOK22LA
  SADD22L8
  SOK22L8
  LOOPS3232B
  SADD22LB
  SOK22LB
  SADD22L16
  SOK22L16
  LOOPS3232C
  SADD22LC
  SOK22LC
  SADD22L24
  SOK22L24
  LOOPS3232D
  SADD22LD
  SOK22LD
  SOK22L
  L_end__COMFREM
  L_end__Div_32x32_S
  L__Div_32x32_S25
  L__Div_32x32_S26
  L__Div_32x32_S27
  L__Div_32x32_S28
  L__Div_32x32_S29
  L__Div_32x32_S30
  L__Div_32x32_S31
  L__Div_32x32_S32
  L__Div_32x32_S33
  L__Div_32x32_S34
  L__Div_32x32_S35
  L__Div_32x32_S36
  FXD3232S
  END_ALL
  CA3232S
  C3232SX
  C3232SX1
  C3232S
  C3232S2
  C3232SX4
  C3232SOK
  C3232SX3
  C3232SX2
  avoid_comfrem
  L_end__Div_32x32_U
  LOOPU3232A
  UADD22LA
  UOK22LA
  UADD22L8
  UOK22L8
  LOOPU3232B
  UADD22LB
  UOK22LB
  UADD22L16
  UOK22L16
  LOOPU3232C
  UADD22LC
  UOK22LC
  UADD22L24
  UOK22L24
  LOOPU3232D
  UADD22LD
  UOK22LD
  UOK22L
  L_end__Mul_32x32_U
  _NEXT
  _EXIT2
  _LOOP
  _EXIT1
  L_end__Mul_32x32_S
  _IF_FIRST
  _IF_SECOND
  _INVERCE_FIRST
  _MULT
  _INBERSE_SECOND
  _EXIT
  _Mul_8x8_U
  _Mul_16x16_U
  _Div_8x8_U
  _Div_16x16_U
  _Mul_8x8_S
  _Mul_16x16_S
  _Div_16x16_S_L
  _Div_16x16_S
  _Div_8x8_S
  _SDIV3232L
  _COMFREM
  _Div_32x32_S
  _Div_32x32_U
  _Mul_32x32_U
  _Mul_32x32_S
  L_end__UART1_Init
  L__UART1_Init1
  L__UART1_Init2
  L__UART1_Init3
  L__UART1_Init4
  L__UART1_Init5
  L_end__UART1_Data_Ready
  L_end__UART1_Read
  L__UART1_Read8
  L__UART1_Read9
  L__UART1_Read10
  L_end__UART1_TX_Idle
  L_end__UART1_Write
  L__UART1_Write13
  L__UART1_Write14
  L__UART1_Write15
  L__UART1_Write16
  L__UART1_Write17
  L_end__UART1_Write_Text
  L__UART1_Write_Text19
  L__UART1_Write_Text20
  L__UART1_Write_Text21
  L__UART1_Write_Text22
  L__UART1_Write_Text23
  L_end__UART1_Read_Text
  L__UART1_Read_Text25
  L__UART1_Read_Text26
  L__UART1_Read_Text27
  L__UART1_Read_Text28
  L__UART1_Read_Text29
  L__UART1_Read_Text30
  L__UART1_Read_Text31
  L__UART1_Read_Text32
  L__UART1_Read_Text33
  L__UART1_Read_Text34
  L__UART1_Read_Text35
  L__UART1_Read_Text36
  L__UART1_Read_Text37
  L__UART1_Read_Text38
  L__UART1_Read_Text39
  L__UART1_Read_Text40
  L__UART1_Read_Text41
  L__UART1_Read_Text42
  L__UART1_Read_Text43
  L__UART1_Read_Text44
  L__UART1_Read_Text45
  L__UART1_Read_Text46
  _UART1_Init
  _UART1_Data_Ready
  _UART1_Read
  _UART1_TX_Idle
  _UART1_Write
  _UART1_Write_Text
  _UART1_Read_Text
