;  LST file generated by mikroListExporter - v.2.0 
; Date/Time: 25/08/2015 19:47:38
;----------------------------------------------

;Address Opcode 	ASM
0x0000	0x28CD      	GOTO       205
_Delay_1sec:
;__Lib_Delays.mbas,72 :: 		sub procedure Delay_1sec()
;__Lib_Delays.mbas,73 :: 		Delay_ms(1000)
0x0003	0x300B      	MOVLW      11
0x0004	0x1283      	BCF        STATUS, 5
0x0005	0x1303      	BCF        STATUS, 6
0x0006	0x00FB      	MOVWF      R11
0x0007	0x3026      	MOVLW      38
0x0008	0x00FC      	MOVWF      R12
0x0009	0x305D      	MOVLW      93
0x000A	0x00FD      	MOVWF      R13
L__Delay_1sec23:
0x000B	0x0BFD      	DECFSZ     R13, 1
0x000C	0x280B      	GOTO       L__Delay_1sec23
0x000D	0x0BFC      	DECFSZ     R12, 1
0x000E	0x280B      	GOTO       L__Delay_1sec23
0x000F	0x0BFB      	DECFSZ     R11, 1
0x0010	0x280B      	GOTO       L__Delay_1sec23
0x0011	0x0000      	NOP
0x0012	0x0000      	NOP
0x0013	0x0008      	RETURN
; end of _Delay_1sec
_UART1_Init:
;__Lib_UART_c67.mpas,33 :: 		
;__Lib_UART_c67.mpas,34 :: 		
0x0014	0x1683      	BSF        STATUS, 5
0x0015	0x1303      	BCF        STATUS, 6
0x0016	0x1698      	BSF        TXSTA, 5
;__Lib_UART_c67.mpas,35 :: 		
0x0017	0x3090      	MOVLW      144
0x0018	0x1283      	BCF        STATUS, 5
0x0019	0x0098      	MOVWF      RCSTA
;__Lib_UART_c67.mpas,36 :: 		
0x001A	0x1683      	BSF        STATUS, 5
0x001B	0x1787      	BSF        TRISC7_bit, 7
;__Lib_UART_c67.mpas,37 :: 		
0x001C	0x1307      	BCF        TRISC6_bit, 6
;__Lib_UART_c67.mpas,38 :: 		
L__UART1_Init2:
0x001D	0x1283      	BCF        STATUS, 5
0x001E	0x1E8C      	BTFSS      PIR1, 5
0x001F	0x2823      	GOTO       L__UART1_Init3
;__Lib_UART_c67.mpas,39 :: 		
0x0020	0x081A      	MOVF       RCREG, 0
0x0021	0x00F0      	MOVWF      R0
0x0022	0x281D      	GOTO       L__UART1_Init2
L__UART1_Init3:
;__Lib_UART_c67.mpas,40 :: 		
0x0023	0x0008      	RETURN
; end of _UART1_Init
sistema_interactivo_TECLADO4X4:
;sistema_interactivo.mbas,111 :: 		sub procedure TECLADO4X4()
;sistema_interactivo.mbas,112 :: 		kp = 255
0x0024	0x30FF      	MOVLW      255
0x0025	0x1283      	BCF        STATUS, 5
0x0026	0x1303      	BCF        STATUS, 6
0x0027	0x00A1      	MOVWF      _KP
;sistema_interactivo.mbas,113 :: 		portb=%11101111        'EXPLORO FILA 1
0x0028	0x30EF      	MOVLW      239
0x0029	0x0086      	MOVWF      PORTB
;sistema_interactivo.mbas,114 :: 		if(portb.0=0)then      'EXPLORO COLUMNA1
0x002A	0x1806      	BTFSC      PORTB, 0
0x002B	0x2832      	GOTO       L_sistema_interactivo_TECLADO4X4140
;sistema_interactivo.mbas,115 :: 		while(portb.0=0) wend
L_sistema_interactivo_TECLADO4X4143:
0x002C	0x1806      	BTFSC      PORTB, 0
0x002D	0x282F      	GOTO       L_sistema_interactivo_TECLADO4X4144
0x002E	0x282C      	GOTO       L_sistema_interactivo_TECLADO4X4143
L_sistema_interactivo_TECLADO4X4144:
;sistema_interactivo.mbas,116 :: 		numero2 = 0x44
0x002F	0x3044      	MOVLW      68
0x0030	0x00A0      	MOVWF      _numero2
;sistema_interactivo.mbas,117 :: 		KP=0
0x0031	0x01A1      	CLRF       _KP
L_sistema_interactivo_TECLADO4X4140:
;sistema_interactivo.mbas,120 :: 		if(portb.1=0)then      'EXPLORO COLUMNA2
0x0032	0x1886      	BTFSC      PORTB, 1
0x0033	0x283A      	GOTO       L_sistema_interactivo_TECLADO4X4148
;sistema_interactivo.mbas,121 :: 		while(portb.1=0) wend
L_sistema_interactivo_TECLADO4X4151:
0x0034	0x1886      	BTFSC      PORTB, 1
0x0035	0x2837      	GOTO       L_sistema_interactivo_TECLADO4X4152
0x0036	0x2834      	GOTO       L_sistema_interactivo_TECLADO4X4151
L_sistema_interactivo_TECLADO4X4152:
;sistema_interactivo.mbas,122 :: 		numero2 = 0x43
0x0037	0x3043      	MOVLW      67
0x0038	0x00A0      	MOVWF      _numero2
;sistema_interactivo.mbas,123 :: 		KP=0
0x0039	0x01A1      	CLRF       _KP
L_sistema_interactivo_TECLADO4X4148:
;sistema_interactivo.mbas,126 :: 		if(portb.2=0)then      'EXPLORO COLUMNA3
0x003A	0x1906      	BTFSC      PORTB, 2
0x003B	0x2842      	GOTO       L_sistema_interactivo_TECLADO4X4156
;sistema_interactivo.mbas,127 :: 		while(portb.2=0) wend
L_sistema_interactivo_TECLADO4X4159:
0x003C	0x1906      	BTFSC      PORTB, 2
0x003D	0x283F      	GOTO       L_sistema_interactivo_TECLADO4X4160
0x003E	0x283C      	GOTO       L_sistema_interactivo_TECLADO4X4159
L_sistema_interactivo_TECLADO4X4160:
;sistema_interactivo.mbas,128 :: 		numero2 = 0x42
0x003F	0x3042      	MOVLW      66
0x0040	0x00A0      	MOVWF      _numero2
;sistema_interactivo.mbas,129 :: 		KP=0
0x0041	0x01A1      	CLRF       _KP
L_sistema_interactivo_TECLADO4X4156:
;sistema_interactivo.mbas,132 :: 		if (portb.3=0)then    'EXPLORO COLUMNA4
0x0042	0x1986      	BTFSC      PORTB, 3
0x0043	0x284A      	GOTO       L_sistema_interactivo_TECLADO4X4164
;sistema_interactivo.mbas,133 :: 		while(portb.3=0) wend
L_sistema_interactivo_TECLADO4X4167:
0x0044	0x1986      	BTFSC      PORTB, 3
0x0045	0x2847      	GOTO       L_sistema_interactivo_TECLADO4X4168
0x0046	0x2844      	GOTO       L_sistema_interactivo_TECLADO4X4167
L_sistema_interactivo_TECLADO4X4168:
;sistema_interactivo.mbas,134 :: 		numero2 = 0x41
0x0047	0x3041      	MOVLW      65
0x0048	0x00A0      	MOVWF      _numero2
;sistema_interactivo.mbas,135 :: 		KP=0
0x0049	0x01A1      	CLRF       _KP
L_sistema_interactivo_TECLADO4X4164:
;sistema_interactivo.mbas,138 :: 		if(kp=255)then
0x004A	0x0821      	MOVF       _KP, 0
0x004B	0x3AFF      	XORLW      255
0x004C	0x1D03      	BTFSS      STATUS, 2
0x004D	0x2871      	GOTO       L_sistema_interactivo_TECLADO4X4172
;sistema_interactivo.mbas,139 :: 		portb=%11011111          'EXPLORO FILA 2
0x004E	0x30DF      	MOVLW      223
0x004F	0x0086      	MOVWF      PORTB
;sistema_interactivo.mbas,140 :: 		if(portb.0=0)then       'EXPLORO COLUMNA1
0x0050	0x1806      	BTFSC      PORTB, 0
0x0051	0x2858      	GOTO       L_sistema_interactivo_TECLADO4X4175
;sistema_interactivo.mbas,141 :: 		while(portb.0=0) wend
L_sistema_interactivo_TECLADO4X4178:
0x0052	0x1806      	BTFSC      PORTB, 0
0x0053	0x2855      	GOTO       L_sistema_interactivo_TECLADO4X4179
0x0054	0x2852      	GOTO       L_sistema_interactivo_TECLADO4X4178
L_sistema_interactivo_TECLADO4X4179:
;sistema_interactivo.mbas,142 :: 		numero2 = 0x23 ' c
0x0055	0x3023      	MOVLW      35
0x0056	0x00A0      	MOVWF      _numero2
;sistema_interactivo.mbas,143 :: 		KP=0
0x0057	0x01A1      	CLRF       _KP
L_sistema_interactivo_TECLADO4X4175:
;sistema_interactivo.mbas,146 :: 		if(portb.1=0)then      'EXPLORO COLUMNA2
0x0058	0x1886      	BTFSC      PORTB, 1
0x0059	0x2860      	GOTO       L_sistema_interactivo_TECLADO4X4183
;sistema_interactivo.mbas,147 :: 		while(portb.1=0) wend
L_sistema_interactivo_TECLADO4X4186:
0x005A	0x1886      	BTFSC      PORTB, 1
0x005B	0x285D      	GOTO       L_sistema_interactivo_TECLADO4X4187
0x005C	0x285A      	GOTO       L_sistema_interactivo_TECLADO4X4186
L_sistema_interactivo_TECLADO4X4187:
;sistema_interactivo.mbas,148 :: 		numero2 = 0x39 ' 9
0x005D	0x3039      	MOVLW      57
0x005E	0x00A0      	MOVWF      _numero2
;sistema_interactivo.mbas,149 :: 		KP=0
0x005F	0x01A1      	CLRF       _KP
L_sistema_interactivo_TECLADO4X4183:
;sistema_interactivo.mbas,151 :: 		if(portb.2=0)then     'EXPLORO COLUMNA3
0x0060	0x1906      	BTFSC      PORTB, 2
0x0061	0x2868      	GOTO       L_sistema_interactivo_TECLADO4X4191
;sistema_interactivo.mbas,152 :: 		while(portb.2=0) wend
L_sistema_interactivo_TECLADO4X4194:
0x0062	0x1906      	BTFSC      PORTB, 2
0x0063	0x2865      	GOTO       L_sistema_interactivo_TECLADO4X4195
0x0064	0x2862      	GOTO       L_sistema_interactivo_TECLADO4X4194
L_sistema_interactivo_TECLADO4X4195:
;sistema_interactivo.mbas,153 :: 		numero2 = 0x36 ' c
0x0065	0x3036      	MOVLW      54
0x0066	0x00A0      	MOVWF      _numero2
;sistema_interactivo.mbas,154 :: 		KP=0
0x0067	0x01A1      	CLRF       _KP
L_sistema_interactivo_TECLADO4X4191:
;sistema_interactivo.mbas,156 :: 		if (portb.3=0)then    'EXPLORO COLUMNA4
0x0068	0x1986      	BTFSC      PORTB, 3
0x0069	0x2870      	GOTO       L_sistema_interactivo_TECLADO4X4199
;sistema_interactivo.mbas,157 :: 		while(portb.3=0) wend
L_sistema_interactivo_TECLADO4X4202:
0x006A	0x1986      	BTFSC      PORTB, 3
0x006B	0x286D      	GOTO       L_sistema_interactivo_TECLADO4X4203
0x006C	0x286A      	GOTO       L_sistema_interactivo_TECLADO4X4202
L_sistema_interactivo_TECLADO4X4203:
;sistema_interactivo.mbas,158 :: 		numero2 = 0x33 ' c
0x006D	0x3033      	MOVLW      51
0x006E	0x00A0      	MOVWF      _numero2
;sistema_interactivo.mbas,159 :: 		KP=0
0x006F	0x01A1      	CLRF       _KP
L_sistema_interactivo_TECLADO4X4199:
;sistema_interactivo.mbas,160 :: 		end if'B
0x0070	0x2872      	GOTO       L_sistema_interactivo_TECLADO4X4173
;sistema_interactivo.mbas,161 :: 		else return
L_sistema_interactivo_TECLADO4X4172:
0x0071	0x0008      	RETURN
;sistema_interactivo.mbas,162 :: 		end if
L_sistema_interactivo_TECLADO4X4173:
;sistema_interactivo.mbas,164 :: 		if(kp=255) then
0x0072	0x0821      	MOVF       _KP, 0
0x0073	0x3AFF      	XORLW      255
0x0074	0x1D03      	BTFSS      STATUS, 2
0x0075	0x2899      	GOTO       L_sistema_interactivo_TECLADO4X4207
;sistema_interactivo.mbas,165 :: 		portb=%10111111         'EXPLORO FILA 3
0x0076	0x30BF      	MOVLW      191
0x0077	0x0086      	MOVWF      PORTB
;sistema_interactivo.mbas,166 :: 		if(portb.0=0)then      'EXPLORO COLUMNA1
0x0078	0x1806      	BTFSC      PORTB, 0
0x0079	0x2880      	GOTO       L_sistema_interactivo_TECLADO4X4210
;sistema_interactivo.mbas,167 :: 		while(portb.0=0) wend
L_sistema_interactivo_TECLADO4X4213:
0x007A	0x1806      	BTFSC      PORTB, 0
0x007B	0x287D      	GOTO       L_sistema_interactivo_TECLADO4X4214
0x007C	0x287A      	GOTO       L_sistema_interactivo_TECLADO4X4213
L_sistema_interactivo_TECLADO4X4214:
;sistema_interactivo.mbas,168 :: 		numero2 = 0x30 ' c
0x007D	0x3030      	MOVLW      48
0x007E	0x00A0      	MOVWF      _numero2
;sistema_interactivo.mbas,169 :: 		KP=0
0x007F	0x01A1      	CLRF       _KP
L_sistema_interactivo_TECLADO4X4210:
;sistema_interactivo.mbas,172 :: 		if(portb.1=0)then      'EXPLORO COLUMNA2
0x0080	0x1886      	BTFSC      PORTB, 1
0x0081	0x2888      	GOTO       L_sistema_interactivo_TECLADO4X4218
;sistema_interactivo.mbas,173 :: 		while(portb.1=0) wend
L_sistema_interactivo_TECLADO4X4221:
0x0082	0x1886      	BTFSC      PORTB, 1
0x0083	0x2885      	GOTO       L_sistema_interactivo_TECLADO4X4222
0x0084	0x2882      	GOTO       L_sistema_interactivo_TECLADO4X4221
L_sistema_interactivo_TECLADO4X4222:
;sistema_interactivo.mbas,174 :: 		numero2 = 0x38 ' c
0x0085	0x3038      	MOVLW      56
0x0086	0x00A0      	MOVWF      _numero2
;sistema_interactivo.mbas,175 :: 		KP=0
0x0087	0x01A1      	CLRF       _KP
L_sistema_interactivo_TECLADO4X4218:
;sistema_interactivo.mbas,177 :: 		if(portb.2=0)then      'EXPLORO COLUMNA3
0x0088	0x1906      	BTFSC      PORTB, 2
0x0089	0x2890      	GOTO       L_sistema_interactivo_TECLADO4X4226
;sistema_interactivo.mbas,178 :: 		while(portb.2=0) wend
L_sistema_interactivo_TECLADO4X4229:
0x008A	0x1906      	BTFSC      PORTB, 2
0x008B	0x288D      	GOTO       L_sistema_interactivo_TECLADO4X4230
0x008C	0x288A      	GOTO       L_sistema_interactivo_TECLADO4X4229
L_sistema_interactivo_TECLADO4X4230:
;sistema_interactivo.mbas,179 :: 		numero2 = 0x35 ' c
0x008D	0x3035      	MOVLW      53
0x008E	0x00A0      	MOVWF      _numero2
;sistema_interactivo.mbas,180 :: 		KP=0
0x008F	0x01A1      	CLRF       _KP
L_sistema_interactivo_TECLADO4X4226:
;sistema_interactivo.mbas,183 :: 		if (portb.3=0)then     'EXPLORO COLUMNA4
0x0090	0x1986      	BTFSC      PORTB, 3
0x0091	0x2898      	GOTO       L_sistema_interactivo_TECLADO4X4234
;sistema_interactivo.mbas,184 :: 		while(portb.3=0) wend
L_sistema_interactivo_TECLADO4X4237:
0x0092	0x1986      	BTFSC      PORTB, 3
0x0093	0x2895      	GOTO       L_sistema_interactivo_TECLADO4X4238
0x0094	0x2892      	GOTO       L_sistema_interactivo_TECLADO4X4237
L_sistema_interactivo_TECLADO4X4238:
;sistema_interactivo.mbas,185 :: 		numero2 = 0x32 ' c
0x0095	0x3032      	MOVLW      50
0x0096	0x00A0      	MOVWF      _numero2
;sistema_interactivo.mbas,186 :: 		KP=0
0x0097	0x01A1      	CLRF       _KP
L_sistema_interactivo_TECLADO4X4234:
;sistema_interactivo.mbas,187 :: 		end if'C
0x0098	0x289A      	GOTO       L_sistema_interactivo_TECLADO4X4208
;sistema_interactivo.mbas,188 :: 		else return
L_sistema_interactivo_TECLADO4X4207:
0x0099	0x0008      	RETURN
;sistema_interactivo.mbas,189 :: 		end if
L_sistema_interactivo_TECLADO4X4208:
;sistema_interactivo.mbas,190 :: 		if(kp=255)then
0x009A	0x0821      	MOVF       _KP, 0
0x009B	0x3AFF      	XORLW      255
0x009C	0x1D03      	BTFSS      STATUS, 2
0x009D	0x28C1      	GOTO       L_sistema_interactivo_TECLADO4X4242
;sistema_interactivo.mbas,191 :: 		portb=%01111111  'EXPLORO FILA 4
0x009E	0x307F      	MOVLW      127
0x009F	0x0086      	MOVWF      PORTB
;sistema_interactivo.mbas,192 :: 		if(portb.0=0)then      'EXPLORO COLUMNA1
0x00A0	0x1806      	BTFSC      PORTB, 0
0x00A1	0x28A8      	GOTO       L_sistema_interactivo_TECLADO4X4245
;sistema_interactivo.mbas,193 :: 		while(portb.0=0) wend
L_sistema_interactivo_TECLADO4X4248:
0x00A2	0x1806      	BTFSC      PORTB, 0
0x00A3	0x28A5      	GOTO       L_sistema_interactivo_TECLADO4X4249
0x00A4	0x28A2      	GOTO       L_sistema_interactivo_TECLADO4X4248
L_sistema_interactivo_TECLADO4X4249:
;sistema_interactivo.mbas,194 :: 		numero2 = 0x2A ' c
0x00A5	0x302A      	MOVLW      42
0x00A6	0x00A0      	MOVWF      _numero2
;sistema_interactivo.mbas,195 :: 		KP=0
0x00A7	0x01A1      	CLRF       _KP
L_sistema_interactivo_TECLADO4X4245:
;sistema_interactivo.mbas,197 :: 		if(portb.1=0)then      'EXPLORO COLUMNA2
0x00A8	0x1886      	BTFSC      PORTB, 1
0x00A9	0x28B0      	GOTO       L_sistema_interactivo_TECLADO4X4253
;sistema_interactivo.mbas,198 :: 		while(portb.1=0) wend
L_sistema_interactivo_TECLADO4X4256:
0x00AA	0x1886      	BTFSC      PORTB, 1
0x00AB	0x28AD      	GOTO       L_sistema_interactivo_TECLADO4X4257
0x00AC	0x28AA      	GOTO       L_sistema_interactivo_TECLADO4X4256
L_sistema_interactivo_TECLADO4X4257:
;sistema_interactivo.mbas,199 :: 		numero2 = 0x37 ' c
0x00AD	0x3037      	MOVLW      55
0x00AE	0x00A0      	MOVWF      _numero2
;sistema_interactivo.mbas,200 :: 		KP=0
0x00AF	0x01A1      	CLRF       _KP
L_sistema_interactivo_TECLADO4X4253:
;sistema_interactivo.mbas,202 :: 		if(portb.2=0)then      'EXPLORO COLUMNA3
0x00B0	0x1906      	BTFSC      PORTB, 2
0x00B1	0x28B8      	GOTO       L_sistema_interactivo_TECLADO4X4261
;sistema_interactivo.mbas,203 :: 		while(portb.2=0) wend
L_sistema_interactivo_TECLADO4X4264:
0x00B2	0x1906      	BTFSC      PORTB, 2
0x00B3	0x28B5      	GOTO       L_sistema_interactivo_TECLADO4X4265
0x00B4	0x28B2      	GOTO       L_sistema_interactivo_TECLADO4X4264
L_sistema_interactivo_TECLADO4X4265:
;sistema_interactivo.mbas,204 :: 		numero2 = 0x34 ' c
0x00B5	0x3034      	MOVLW      52
0x00B6	0x00A0      	MOVWF      _numero2
;sistema_interactivo.mbas,205 :: 		KP=0
0x00B7	0x01A1      	CLRF       _KP
L_sistema_interactivo_TECLADO4X4261:
;sistema_interactivo.mbas,207 :: 		if (portb.3=0)then     'EXPLORO COLUMNA4
0x00B8	0x1986      	BTFSC      PORTB, 3
0x00B9	0x28C0      	GOTO       L_sistema_interactivo_TECLADO4X4269
;sistema_interactivo.mbas,208 :: 		while(portb.3=0) wend
L_sistema_interactivo_TECLADO4X4272:
0x00BA	0x1986      	BTFSC      PORTB, 3
0x00BB	0x28BD      	GOTO       L_sistema_interactivo_TECLADO4X4273
0x00BC	0x28BA      	GOTO       L_sistema_interactivo_TECLADO4X4272
L_sistema_interactivo_TECLADO4X4273:
;sistema_interactivo.mbas,209 :: 		numero2 = 0x31 ' c
0x00BD	0x3031      	MOVLW      49
0x00BE	0x00A0      	MOVWF      _numero2
;sistema_interactivo.mbas,210 :: 		KP=0
0x00BF	0x01A1      	CLRF       _KP
L_sistema_interactivo_TECLADO4X4269:
;sistema_interactivo.mbas,211 :: 		end if'D
0x00C0	0x28C2      	GOTO       L_sistema_interactivo_TECLADO4X4243
;sistema_interactivo.mbas,212 :: 		else return
L_sistema_interactivo_TECLADO4X4242:
0x00C1	0x0008      	RETURN
;sistema_interactivo.mbas,213 :: 		end if
L_sistema_interactivo_TECLADO4X4243:
0x00C2	0x0008      	RETURN
; end of sistema_interactivo_TECLADO4X4
_UART1_Write:
;__Lib_UART_c67.mpas,72 :: 		
;__Lib_UART_c67.mpas,73 :: 		
L__UART1_Write14:
0x00C3	0x1683      	BSF        STATUS, 5
0x00C4	0x1303      	BCF        STATUS, 6
0x00C5	0x1898      	BTFSC      TXSTA, 1
0x00C6	0x28C9      	GOTO       L__UART1_Write15
0x00C7	0x0000      	NOP
0x00C8	0x28C3      	GOTO       L__UART1_Write14
L__UART1_Write15:
;__Lib_UART_c67.mpas,74 :: 		
0x00C9	0x1283      	BCF        STATUS, 5
0x00CA	0x0824      	MOVF       FARG_UART1_Write_data_, 0
0x00CB	0x0099      	MOVWF      TXREG
;__Lib_UART_c67.mpas,75 :: 		
0x00CC	0x0008      	RETURN
; end of _UART1_Write
_main:
;sistema_interactivo.mbas,218 :: 		main:
;sistema_interactivo.mbas,220 :: 		OSCCON     = %01110101
0x00CD	0x3075      	MOVLW      117
0x00CE	0x1683      	BSF        STATUS, 5
0x00CF	0x1303      	BCF        STATUS, 6
0x00D0	0x008F      	MOVWF      OSCCON
;sistema_interactivo.mbas,221 :: 		OPTION_REG = %00000111
0x00D1	0x3007      	MOVLW      7
0x00D2	0x0081      	MOVWF      OPTION_REG
;sistema_interactivo.mbas,222 :: 		TRISB      = %00001111
0x00D3	0x300F      	MOVLW      15
0x00D4	0x0086      	MOVWF      TRISB
;sistema_interactivo.mbas,223 :: 		PORTB      = %00000000
0x00D5	0x1283      	BCF        STATUS, 5
0x00D6	0x0186      	CLRF       PORTB
;sistema_interactivo.mbas,224 :: 		TRISC      = %10000000
0x00D7	0x3080      	MOVLW      128
0x00D8	0x1683      	BSF        STATUS, 5
0x00D9	0x0087      	MOVWF      TRISC
;sistema_interactivo.mbas,225 :: 		PORTC      = %00000000
0x00DA	0x1283      	BCF        STATUS, 5
0x00DB	0x0187      	CLRF       PORTC
;sistema_interactivo.mbas,226 :: 		ANSEL      = %00000000
0x00DC	0x1683      	BSF        STATUS, 5
0x00DD	0x1703      	BSF        STATUS, 6
0x00DE	0x0188      	CLRF       ANSEL
;sistema_interactivo.mbas,227 :: 		ANSELH     = %00000000
0x00DF	0x0189      	CLRF       ANSELH
;sistema_interactivo.mbas,228 :: 		WPUB       = %00001111
0x00E0	0x300F      	MOVLW      15
0x00E1	0x1303      	BCF        STATUS, 6
0x00E2	0x0095      	MOVWF      WPUB
;sistema_interactivo.mbas,229 :: 		UART1_Init(9600)
0x00E3	0x3033      	MOVLW      51
0x00E4	0x0099      	MOVWF      SPBRG
0x00E5	0x1518      	BSF        TXSTA, 2
0x00E6	0x2014      	CALL       _UART1_Init
;sistema_interactivo.mbas,230 :: 		Delay_1sec
0x00E7	0x2003      	CALL       _Delay_1sec
;sistema_interactivo.mbas,232 :: 		while(1)
L__main278:
;sistema_interactivo.mbas,233 :: 		TECLADO4X4          'LEE TECLADO
0x00E8	0x2024      	CALL       sistema_interactivo_TECLADO4X4
;sistema_interactivo.mbas,234 :: 		if KP<>255 then
0x00E9	0x0821      	MOVF       _KP, 0
0x00EA	0x3AFF      	XORLW      255
0x00EB	0x1903      	BTFSC      STATUS, 2
0x00EC	0x28FC      	GOTO       L__main283
;sistema_interactivo.mbas,235 :: 		UART1_Write(numero2)       ' ENVIA NUMERO
0x00ED	0x0820      	MOVF       _numero2, 0
0x00EE	0x00A4      	MOVWF      FARG_UART1_Write_data_
0x00EF	0x20C3      	CALL       _UART1_Write
;sistema_interactivo.mbas,236 :: 		Delay_ms(200)             ' TIEMPO DE ESPERA
0x00F0	0x3003      	MOVLW      3
0x00F1	0x00FB      	MOVWF      R11
0x00F2	0x3008      	MOVLW      8
0x00F3	0x00FC      	MOVWF      R12
0x00F4	0x3077      	MOVLW      119
0x00F5	0x00FD      	MOVWF      R13
L__main285:
0x00F6	0x0BFD      	DECFSZ     R13, 1
0x00F7	0x28F6      	GOTO       L__main285
0x00F8	0x0BFC      	DECFSZ     R12, 1
0x00F9	0x28F6      	GOTO       L__main285
0x00FA	0x0BFB      	DECFSZ     R11, 1
0x00FB	0x28F6      	GOTO       L__main285
L__main283:
;sistema_interactivo.mbas,239 :: 		wend
0x00FC	0x28E8      	GOTO       L__main278
0x00FD	0x28FD      	GOTO       $+0
; end of _main
Symbol List:
//** Routines locations **
//ADDRESS    SIZE    PROCEDURE
//----------------------------------------------
0x0003      [17]    _Delay_1sec
0x0014      [16]    _UART1_Init
0x0024     [159]    sistema_interactivo_TECLADO4X4
0x00C3      [10]    _UART1_Write
0x00CD      [49]    _main
//** Variables locations ** 
//ADDRESS    SIZE    VARIABLE
//----------------------------------------------
0x0000       [1]    INDF
0x0001       [1]    TMR0
0x0002       [1]    PCL
0x0003       [0]    IRP_bit
0x0003       [0]    C_bit
0x0003       [0]    RP0_bit
0x0003       [0]    RP1_bit
0x0003       [1]    STATUS
0x0003       [0]    NOT_PD_bit
0x0003       [0]    DC_bit
0x0003       [0]    Z_bit
0x0003       [0]    NOT_TO_bit
0x0004       [1]    FSRPTR
0x0004       [1]    FSR
0x0005       [0]    RA3_bit
0x0005       [0]    RA4_bit
0x0005       [0]    RA2_bit
0x0005       [0]    RA0_bit
0x0005       [0]    RA1_bit
0x0005       [0]    RA5_bit
0x0005       [1]    PORTA
0x0005       [0]    RA7_bit
0x0005       [0]    RA6_bit
0x0006       [0]    RB3_bit
0x0006       [0]    RB4_bit
0x0006       [0]    RB2_bit
0x0006       [0]    RB1_bit
0x0006       [0]    RB0_bit
0x0006       [0]    RB7_bit
0x0006       [1]    PORTB
0x0006       [0]    RB5_bit
0x0006       [0]    RB6_bit
0x0007       [0]    RC2_bit
0x0007       [0]    RC3_bit
0x0007       [0]    RC0_bit
0x0007       [0]    RC1_bit
0x0007       [0]    RC4_bit
0x0007       [0]    RC7_bit
0x0007       [1]    PORTC
0x0007       [0]    RC5_bit
0x0007       [0]    RC6_bit
0x0008       [0]    RD3_bit
0x0008       [0]    RD4_bit
0x0008       [0]    RD2_bit
0x0008       [0]    RD0_bit
0x0008       [0]    RD1_bit
0x0008       [0]    RD7_bit
0x0008       [1]    PORTD
0x0008       [0]    RD5_bit
0x0008       [0]    RD6_bit
0x0009       [0]    RE1_bit
0x0009       [0]    RE0_bit
0x0009       [0]    RE2_bit
0x0009       [1]    PORTE
0x0009       [0]    RE3_bit
0x000A       [1]    PCLATH
0x000B       [0]    TMR0IF_bit
0x000B       [0]    T0IF_bit
0x000B       [1]    INTCON
0x000B       [0]    INTF_bit
0x000B       [0]    RBIF_bit
0x000B       [0]    T0IE_bit
0x000B       [0]    TMR0IE_bit
0x000B       [0]    INTE_bit
0x000B       [0]    PEIE_bit
0x000B       [0]    GIE_bit
0x000B       [0]    RBIE_bit
0x000C       [0]    ADIF_bit
0x000C       [1]    PIR1
0x000C       [0]    CCP1IF_bit
0x000C       [0]    TMR2IF_bit
0x000C       [0]    TMR1IF_bit
0x000C       [0]    RCIF_bit
0x000C       [0]    TXIF_bit
0x000C       [0]    SSPIF_bit
0x000D       [0]    ULPWUIF_bit
0x000D       [0]    CCP2IF_bit
0x000D       [0]    EEIF_bit
0x000D       [0]    BCLIF_bit
0x000D       [0]    OSFIF_bit
0x000D       [1]    PIR2
0x000D       [0]    C1IF_bit
0x000D       [0]    C2IF_bit
0x000E       [1]    TMR1L
0x000F       [1]    TMR1H
0x0010       [0]    T1SYNC_bit
0x0010       [0]    T1GINV_bit
0x0010       [0]    TMR1CS_bit
0x0010       [1]    T1CON
0x0010       [0]    TMR1ON_bit
0x0010       [0]    T1CKPS0_bit
0x0010       [0]    T1CKPS1_bit
0x0010       [0]    TMR1GE_bit
0x0010       [0]    NOT_T1SYNC_bit
0x0010       [0]    T1INSYNC_bit
0x0010       [0]    T1OSCEN_bit
0x0011       [1]    TMR2
0x0012       [0]    T2CKPS0_bit
0x0012       [1]    T2CON
0x0012       [0]    T2CKPS1_bit
0x0012       [0]    TOUTPS2_bit
0x0012       [0]    TOUTPS3_bit
0x0012       [0]    TOUTPS1_bit
0x0012       [0]    TMR2ON_bit
0x0012       [0]    TOUTPS0_bit
0x0013       [1]    SSPBUF
0x0014       [0]    SSPM0_bit
0x0014       [1]    SSPCON
0x0014       [0]    SSPEN_bit
0x0014       [0]    CKP_bit
0x0014       [0]    SSPOV_bit
0x0014       [0]    WCOL_bit
0x0014       [0]    SSPM3_bit
0x0014       [0]    SSPM1_bit
0x0014       [0]    SSPM2_bit
0x0015       [1]    CCPR1L
0x0015       [2]    CCPR1
0x0016       [1]    CCPR1H
0x0017       [1]    CCP1CON
0x0017       [0]    CCP1M3_bit
0x0017       [0]    CCP1Y_bit
0x0017       [0]    CCP1M2_bit
0x0017       [0]    CCP1M0_bit
0x0017       [0]    CCP1M1_bit
0x0017       [0]    DC1B0_bit
0x0017       [0]    P1M0_bit
0x0017       [0]    P1M1_bit
0x0017       [0]    CCP1X_bit
0x0017       [0]    DC1B1_bit
0x0018       [1]    RCSTA
0x0018       [0]    RCD8_bit
0x0018       [0]    NOT_RC8_bit
0x0018       [0]    RC8_9_bit
0x0018       [0]    RC9_bit
0x0018       [0]    SPEN_bit
0x0018       [0]    RX9_bit
0x0018       [0]    SREN_bit
0x0018       [0]    OERR_bit
0x0018       [0]    RX9D_bit
0x0018       [0]    FERR_bit
0x0018       [0]    CREN_bit
0x0018       [0]    ADDEN_bit
0x0019       [1]    TXREG
0x001A       [1]    RCREG
0x001B       [1]    CCPR2L
0x001B       [2]    CCPR2
0x001C       [1]    CCPR2H
0x001D       [0]    CCP2M0_bit
0x001D       [1]    CCP2CON
0x001D       [0]    CCP2M1_bit
0x001D       [0]    CCP2Y_bit
0x001D       [0]    DC2B1_bit
0x001D       [0]    CCP2X_bit
0x001D       [0]    CCP2M2_bit
0x001D       [0]    CCP2M3_bit
0x001D       [0]    DC2B0_bit
0x001E       [1]    ADRESH
0x001F       [0]    NOT_DONE_bit
0x001F       [0]    CHS2_bit
0x001F       [0]    ADCS1_bit
0x001F       [0]    GO_DONE_bit
0x001F       [0]    ADON_bit
0x001F       [1]    ADCON0
0x001F       [0]    CHS1_bit
0x001F       [0]    CHS3_bit
0x001F       [0]    CHS0_bit
0x001F       [0]    GO_bit
0x001F       [0]    ADCS0_bit
0x0020       [1]    _numero2
0x0021       [1]    _KP
0x0022       [2]    ___DoICPAddr
0x0024       [1]    FARG_UART1_Write_data_
0x0070       [1]    R0
0x0071       [1]    R1
0x0072       [1]    R2
0x0073       [1]    R3
0x0074       [1]    R4
0x0075       [1]    R5
0x0076       [1]    R6
0x0077       [1]    R7
0x0078       [1]    R8
0x0079       [1]    R9
0x007A       [1]    R10
0x007B       [1]    R11
0x007C       [1]    R12
0x007D       [1]    R13
0x007E       [1]    R14
0x007F       [1]    R15
0x0081       [0]    PS0_bit
0x0081       [0]    T0SE_bit
0x0081       [0]    PSA_bit
0x0081       [0]    PS2_bit
0x0081       [0]    T0CS_bit
0x0081       [0]    NOT_RBPU_bit
0x0081       [0]    INTEDG_bit
0x0081       [0]    PS1_bit
0x0081       [1]    OPTION_REG
0x0085       [0]    TRISA6_bit
0x0085       [0]    TRISA3_bit
0x0085       [1]    TRISA
0x0085       [0]    TRISA4_bit
0x0085       [0]    TRISA1_bit
0x0085       [0]    TRISA7_bit
0x0085       [0]    TRISA5_bit
0x0085       [0]    TRISA2_bit
0x0085       [0]    TRISA0_bit
0x0086       [0]    TRISB2_bit
0x0086       [0]    TRISB3_bit
0x0086       [0]    TRISB0_bit
0x0086       [0]    TRISB6_bit
0x0086       [1]    TRISB
0x0086       [0]    TRISB7_bit
0x0086       [0]    TRISB5_bit
0x0086       [0]    TRISB4_bit
0x0086       [0]    TRISB1_bit
0x0087       [0]    TRISC0_bit
0x0087       [0]    TRISC4_bit
0x0087       [0]    TRISC5_bit
0x0087       [0]    TRISC1_bit
0x0087       [0]    TRISC2_bit
0x0087       [0]    TRISC3_bit
0x0087       [1]    TRISC
0x0087       [0]    TRISC6_bit
0x0087       [0]    TRISC7_bit
0x0088       [0]    TRISD7_bit
0x0088       [0]    TRISD2_bit
0x0088       [0]    TRISD3_bit
0x0088       [0]    TRISD1_bit
0x0088       [0]    TRISD0_bit
0x0088       [0]    TRISD6_bit
0x0088       [1]    TRISD
0x0088       [0]    TRISD4_bit
0x0088       [0]    TRISD5_bit
0x0089       [0]    TRISE2_bit
0x0089       [0]    TRISE3_bit
0x0089       [1]    TRISE
0x0089       [0]    TRISE1_bit
0x0089       [0]    TRISE0_bit
0x008C       [0]    CCP1IE_bit
0x008C       [0]    TMR2IE_bit
0x008C       [0]    SSPIE_bit
0x008C       [0]    TXIE_bit
0x008C       [1]    PIE1
0x008C       [0]    TMR1IE_bit
0x008C       [0]    RCIE_bit
0x008C       [0]    ADIE_bit
0x008D       [0]    C1IE_bit
0x008D       [0]    C2IE_bit
0x008D       [0]    EEIE_bit
0x008D       [0]    BCLIE_bit
0x008D       [0]    CCP2IE_bit
0x008D       [1]    PIE2
0x008D       [0]    OSFIE_bit
0x008D       [0]    ULPWUIE_bit
0x008E       [0]    SBOREN_bit
0x008E       [0]    ULPWUE_bit
0x008E       [1]    PCON
0x008E       [0]    NOT_BOR_bit
0x008E       [0]    NOT_BO_bit
0x008E       [0]    NOT_POR_bit
0x008F       [0]    OSTS_bit
0x008F       [1]    OSCCON
0x008F       [0]    IRCF0_bit
0x008F       [0]    IRCF2_bit
0x008F       [0]    IRCF1_bit
0x008F       [0]    HTS_bit
0x008F       [0]    SCS_bit
0x008F       [0]    LTS_bit
0x0090       [0]    TUN1_bit
0x0090       [1]    OSCTUNE
0x0090       [0]    TUN0_bit
0x0090       [0]    TUN4_bit
0x0090       [0]    TUN2_bit
0x0090       [0]    TUN3_bit
0x0091       [1]    SSPCON2
0x0091       [0]    PEN_bit
0x0091       [0]    GCEN_bit
0x0091       [0]    ACKSTAT_bit
0x0091       [0]    ACKDT_bit
0x0091       [0]    RSEN_bit
0x0091       [0]    ACKEN_bit
0x0091       [0]    RCEN_bit
0x0091       [0]    SEN_bit
0x0092       [1]    PR2
0x0093       [1]    SSPMSK
0x0093       [1]    SSPADD
0x0093       [1]    MSK
0x0094       [0]    I2C_DATA_bit
0x0094       [0]    P_bit
0x0094       [0]    I2C_STOP__bit
0x0094       [0]    I2C_READ_bit
0x0094       [0]    SMP_bit
0x0094       [0]    S_bit
0x0094       [0]    I2C_START__bit
0x0094       [0]    R_bit
0x0094       [0]    NOT_W_bit
0x0094       [0]    CKE_bit
0x0094       [1]    SSPSTAT
0x0094       [0]    R_W_bit
0x0094       [0]    READ_WRITE_bit
0x0094       [0]    D_A_bit
0x0094       [0]    NOT_ADDRESS_bit
0x0094       [0]    BF_bit
0x0094       [0]    NOT_A_bit
0x0094       [0]    UA_bit
0x0094       [0]    NOT_WRITE_bit
0x0094       [0]    DATA_ADDRESS_bit
0x0094       [0]    D_bit
0x0095       [1]    WPUB
0x0095       [0]    WPUB4_bit
0x0095       [0]    WPUB5_bit
0x0095       [0]    WPUB1_bit
0x0095       [0]    WPUB7_bit
0x0095       [0]    WPUB0_bit
0x0095       [0]    WPUB6_bit
0x0095       [0]    WPUB3_bit
0x0095       [0]    WPUB2_bit
0x0096       [0]    IOCB1_bit
0x0096       [0]    IOCB0_bit
0x0096       [0]    IOCB4_bit
0x0096       [0]    IOCB3_bit
0x0096       [0]    IOCB5_bit
0x0096       [0]    IOCB7_bit
0x0096       [0]    IOCB6_bit
0x0096       [0]    IOCB2_bit
0x0096       [1]    IOCB
0x0097       [0]    VRR_bit
0x0097       [0]    VR0_bit
0x0097       [0]    VROE_bit
0x0097       [1]    VRCON
0x0097       [0]    VREN_bit
0x0097       [0]    VR3_bit
0x0097       [0]    VRSS_bit
0x0097       [0]    VR1_bit
0x0097       [0]    VR2_bit
0x0098       [1]    TXSTA
0x0098       [0]    BRGH_bit
0x0098       [0]    SENDB_bit
0x0098       [0]    SYNC_bit
0x0098       [0]    TXD8_bit
0x0098       [0]    TX9D_bit
0x0098       [0]    TRMT_bit
0x0098       [0]    TX9_bit
0x0098       [0]    CSRC_bit
0x0098       [0]    NOT_TX8_bit
0x0098       [0]    TXEN_bit
0x0098       [0]    TX8_9_bit
0x0099       [0]    BRG2_bit
0x0099       [0]    BRG3_bit
0x0099       [0]    BRG1_bit
0x0099       [1]    SPBRG
0x0099       [0]    BRG0_bit
0x0099       [0]    BRG6_bit
0x0099       [0]    BRG7_bit
0x0099       [0]    BRG4_bit
0x0099       [0]    BRG5_bit
0x009A       [0]    BRG9_bit
0x009A       [0]    BRG10_bit
0x009A       [1]    SPBRGH
0x009A       [0]    BRG8_bit
0x009A       [0]    BRG11_bit
0x009A       [0]    BRG14_bit
0x009A       [0]    BRG15_bit
0x009A       [0]    BRG12_bit
0x009A       [0]    BRG13_bit
0x009B       [0]    PDC1_bit
0x009B       [0]    PDC2_bit
0x009B       [1]    PWM1CON
0x009B       [0]    PDC0_bit
0x009B       [0]    PDC6_bit
0x009B       [0]    PRSEN_bit
0x009B       [0]    PDC5_bit
0x009B       [0]    PDC3_bit
0x009B       [0]    PDC4_bit
0x009C       [0]    PSSBD0_bit
0x009C       [1]    ECCPAS
0x009C       [0]    PSSBD1_bit
0x009C       [0]    PSSAC0_bit
0x009C       [0]    PSSAC1_bit
0x009C       [0]    ECCPAS1_bit
0x009C       [0]    ECCPAS0_bit
0x009C       [0]    ECCPASE_bit
0x009C       [0]    ECCPAS2_bit
0x009D       [1]    PSTRCON
0x009D       [0]    STRA_bit
0x009D       [0]    STRB_bit
0x009D       [0]    STRD_bit
0x009D       [0]    STRSYNC_bit
0x009D       [0]    STRC_bit
0x009E       [1]    ADRESL
0x009F       [0]    VCFG1_bit
0x009F       [0]    VCFG0_bit
0x009F       [0]    ADFM_bit
0x009F       [1]    ADCON1
0x0105       [0]    WDTPS2_bit
0x0105       [0]    WDTPS3_bit
0x0105       [0]    SWDTEN_bit
0x0105       [0]    WDTPS0_bit
0x0105       [0]    WDTPS1_bit
0x0105       [1]    WDTCON
0x0107       [0]    C1CH0_bit
0x0107       [0]    C1CH1_bit
0x0107       [0]    C1OUT_bit
0x0107       [0]    C1ON_bit
0x0107       [0]    C1POL_bit
0x0107       [0]    C1OE_bit
0x0107       [1]    CM1CON0
0x0107       [0]    C1R_bit
0x0108       [0]    C2OUT_bit
0x0108       [0]    C2OE_bit
0x0108       [0]    C2POL_bit
0x0108       [0]    C2ON_bit
0x0108       [0]    C2CH0_bit
0x0108       [0]    C2CH1_bit
0x0108       [0]    C2R_bit
0x0108       [1]    CM2CON0
0x0109       [0]    C1RSEL_bit
0x0109       [0]    MC2OUT_bit
0x0109       [0]    MC1OUT_bit
0x0109       [0]    T1GSS_bit
0x0109       [0]    C2RSEL_bit
0x0109       [0]    C2SYNC_bit
0x0109       [1]    CM2CON1
0x010C       [1]    EEDAT
0x010C       [1]    EEDATA
0x010D       [1]    EEADR
0x010E       [1]    EEDATH
0x010F       [1]    EEADRH
0x0185       [0]    SR0_bit
0x0185       [0]    SR1_bit
0x0185       [0]    C1SEN_bit
0x0185       [0]    C2REN_bit
0x0185       [0]    PULSS_bit
0x0185       [1]    SRCON
0x0185       [0]    FVREN_bit
0x0185       [0]    PULSR_bit
0x0187       [0]    RCIDL_bit
0x0187       [0]    BRG16_bit
0x0187       [0]    SCKP_bit
0x0187       [0]    ABDEN_bit
0x0187       [0]    WUE_bit
0x0187       [1]    BAUDCTL
0x0187       [0]    ABDOVF_bit
0x0188       [0]    ANS2_bit
0x0188       [0]    ANS3_bit
0x0188       [0]    ANS4_bit
0x0188       [1]    ANSEL
0x0188       [0]    ANS0_bit
0x0188       [0]    ANS1_bit
0x0188       [0]    ANS7_bit
0x0188       [0]    ANS6_bit
0x0188       [0]    ANS5_bit
0x0189       [0]    ANS9_bit
0x0189       [0]    ANS10_bit
0x0189       [1]    ANSELH
0x0189       [0]    ANS8_bit
0x0189       [0]    ANS11_bit
0x0189       [0]    ANS13_bit
0x0189       [0]    ANS12_bit
0x018C       [0]    WREN_bit
0x018C       [0]    WR_bit
0x018C       [0]    RD_bit
0x018C       [1]    EECON1
0x018C       [0]    EEPGD_bit
0x018C       [0]    WRERR_bit
0x018D       [1]    EECON2
//** Label List: ** 
//----------------------------------------------
  L_end_sistema_interactivo_TECLADOMEMBRANA
  L_sistema_interactivo_TECLADOMEMBRANA1
  L_sistema_interactivo_TECLADOMEMBRANA2
  L_sistema_interactivo_TECLADOMEMBRANA3
  L_sistema_interactivo_TECLADOMEMBRANA4
  L_sistema_interactivo_TECLADOMEMBRANA5
  L_sistema_interactivo_TECLADOMEMBRANA6
  L_sistema_interactivo_TECLADOMEMBRANA7
  L_sistema_interactivo_TECLADOMEMBRANA8
  L_sistema_interactivo_TECLADOMEMBRANA9
  L_sistema_interactivo_TECLADOMEMBRANA10
  L_sistema_interactivo_TECLADOMEMBRANA11
  L_sistema_interactivo_TECLADOMEMBRANA12
  L_sistema_interactivo_TECLADOMEMBRANA13
  L_sistema_interactivo_TECLADOMEMBRANA14
  L_sistema_interactivo_TECLADOMEMBRANA15
  L_sistema_interactivo_TECLADOMEMBRANA16
  L_sistema_interactivo_TECLADOMEMBRANA17
  L_sistema_interactivo_TECLADOMEMBRANA18
  L_sistema_interactivo_TECLADOMEMBRANA19
  L_sistema_interactivo_TECLADOMEMBRANA20
  L_sistema_interactivo_TECLADOMEMBRANA21
  L_sistema_interactivo_TECLADOMEMBRANA22
  L_sistema_interactivo_TECLADOMEMBRANA23
  L_sistema_interactivo_TECLADOMEMBRANA24
  L_sistema_interactivo_TECLADOMEMBRANA25
  L_sistema_interactivo_TECLADOMEMBRANA26
  L_sistema_interactivo_TECLADOMEMBRANA27
  L_sistema_interactivo_TECLADOMEMBRANA28
  L_sistema_interactivo_TECLADOMEMBRANA29
  L_sistema_interactivo_TECLADOMEMBRANA30
  L_sistema_interactivo_TECLADOMEMBRANA31
  L_sistema_interactivo_TECLADOMEMBRANA32
  L_sistema_interactivo_TECLADOMEMBRANA33
  L_sistema_interactivo_TECLADOMEMBRANA34
  L_sistema_interactivo_TECLADOMEMBRANA35
  L_sistema_interactivo_TECLADOMEMBRANA36
  L_sistema_interactivo_TECLADOMEMBRANA37
  L_sistema_interactivo_TECLADOMEMBRANA38
  L_sistema_interactivo_TECLADOMEMBRANA39
  L_sistema_interactivo_TECLADOMEMBRANA40
  L_sistema_interactivo_TECLADOMEMBRANA41
  L_sistema_interactivo_TECLADOMEMBRANA42
  L_sistema_interactivo_TECLADOMEMBRANA43
  L_sistema_interactivo_TECLADOMEMBRANA44
  L_sistema_interactivo_TECLADOMEMBRANA45
  L_sistema_interactivo_TECLADOMEMBRANA46
  L_sistema_interactivo_TECLADOMEMBRANA47
  L_sistema_interactivo_TECLADOMEMBRANA48
  L_sistema_interactivo_TECLADOMEMBRANA49
  L_sistema_interactivo_TECLADOMEMBRANA50
  L_sistema_interactivo_TECLADOMEMBRANA51
  L_sistema_interactivo_TECLADOMEMBRANA52
  L_sistema_interactivo_TECLADOMEMBRANA53
  L_sistema_interactivo_TECLADOMEMBRANA54
  L_sistema_interactivo_TECLADOMEMBRANA55
  L_sistema_interactivo_TECLADOMEMBRANA56
  L_sistema_interactivo_TECLADOMEMBRANA57
  L_sistema_interactivo_TECLADOMEMBRANA58
  L_sistema_interactivo_TECLADOMEMBRANA59
  L_sistema_interactivo_TECLADOMEMBRANA60
  L_sistema_interactivo_TECLADOMEMBRANA61
  L_sistema_interactivo_TECLADOMEMBRANA62
  L_sistema_interactivo_TECLADOMEMBRANA63
  L_sistema_interactivo_TECLADOMEMBRANA64
  L_sistema_interactivo_TECLADOMEMBRANA65
  L_sistema_interactivo_TECLADOMEMBRANA66
  L_sistema_interactivo_TECLADOMEMBRANA67
  L_sistema_interactivo_TECLADOMEMBRANA68
  L_sistema_interactivo_TECLADOMEMBRANA69
  L_sistema_interactivo_TECLADOMEMBRANA70
  L_sistema_interactivo_TECLADOMEMBRANA71
  L_sistema_interactivo_TECLADOMEMBRANA72
  L_sistema_interactivo_TECLADOMEMBRANA73
  L_sistema_interactivo_TECLADOMEMBRANA74
  L_sistema_interactivo_TECLADOMEMBRANA75
  L_sistema_interactivo_TECLADOMEMBRANA76
  L_sistema_interactivo_TECLADOMEMBRANA77
  L_sistema_interactivo_TECLADOMEMBRANA78
  L_sistema_interactivo_TECLADOMEMBRANA79
  L_sistema_interactivo_TECLADOMEMBRANA80
  L_sistema_interactivo_TECLADOMEMBRANA81
  L_sistema_interactivo_TECLADOMEMBRANA82
  L_sistema_interactivo_TECLADOMEMBRANA83
  L_sistema_interactivo_TECLADOMEMBRANA84
  L_sistema_interactivo_TECLADOMEMBRANA85
  L_sistema_interactivo_TECLADOMEMBRANA86
  L_sistema_interactivo_TECLADOMEMBRANA87
  L_sistema_interactivo_TECLADOMEMBRANA88
  L_sistema_interactivo_TECLADOMEMBRANA89
  L_sistema_interactivo_TECLADOMEMBRANA90
  L_sistema_interactivo_TECLADOMEMBRANA91
  L_sistema_interactivo_TECLADOMEMBRANA92
  L_sistema_interactivo_TECLADOMEMBRANA93
  L_sistema_interactivo_TECLADOMEMBRANA94
  L_sistema_interactivo_TECLADOMEMBRANA95
  L_sistema_interactivo_TECLADOMEMBRANA96
  L_sistema_interactivo_TECLADOMEMBRANA97
  L_sistema_interactivo_TECLADOMEMBRANA98
  L_sistema_interactivo_TECLADOMEMBRANA99
  L_sistema_interactivo_TECLADOMEMBRANA100
  L_sistema_interactivo_TECLADOMEMBRANA101
  L_sistema_interactivo_TECLADOMEMBRANA102
  L_sistema_interactivo_TECLADOMEMBRANA103
  L_sistema_interactivo_TECLADOMEMBRANA104
  L_sistema_interactivo_TECLADOMEMBRANA105
  L_sistema_interactivo_TECLADOMEMBRANA106
  L_sistema_interactivo_TECLADOMEMBRANA107
  L_sistema_interactivo_TECLADOMEMBRANA108
  L_sistema_interactivo_TECLADOMEMBRANA109
  L_sistema_interactivo_TECLADOMEMBRANA110
  L_sistema_interactivo_TECLADOMEMBRANA111
  L_sistema_interactivo_TECLADOMEMBRANA112
  L_sistema_interactivo_TECLADOMEMBRANA113
  L_sistema_interactivo_TECLADOMEMBRANA114
  L_sistema_interactivo_TECLADOMEMBRANA115
  L_sistema_interactivo_TECLADOMEMBRANA116
  L_sistema_interactivo_TECLADOMEMBRANA117
  L_sistema_interactivo_TECLADOMEMBRANA118
  L_sistema_interactivo_TECLADOMEMBRANA119
  L_sistema_interactivo_TECLADOMEMBRANA120
  L_sistema_interactivo_TECLADOMEMBRANA121
  L_sistema_interactivo_TECLADOMEMBRANA122
  L_sistema_interactivo_TECLADOMEMBRANA123
  L_sistema_interactivo_TECLADOMEMBRANA124
  L_sistema_interactivo_TECLADOMEMBRANA125
  L_sistema_interactivo_TECLADOMEMBRANA126
  L_sistema_interactivo_TECLADOMEMBRANA127
  L_sistema_interactivo_TECLADOMEMBRANA128
  L_sistema_interactivo_TECLADOMEMBRANA129
  L_sistema_interactivo_TECLADOMEMBRANA130
  L_sistema_interactivo_TECLADOMEMBRANA131
  L_sistema_interactivo_TECLADOMEMBRANA132
  L_sistema_interactivo_TECLADOMEMBRANA133
  L_sistema_interactivo_TECLADOMEMBRANA134
  L_sistema_interactivo_TECLADOMEMBRANA135
  L_sistema_interactivo_TECLADOMEMBRANA136
  L_sistema_interactivo_TECLADOMEMBRANA137
  L_end_sistema_interactivo_TECLADO4X4
  L_sistema_interactivo_TECLADO4X4139
  L_sistema_interactivo_TECLADO4X4140
  L_sistema_interactivo_TECLADO4X4141
  L_sistema_interactivo_TECLADO4X4142
  L_sistema_interactivo_TECLADO4X4143
  L_sistema_interactivo_TECLADO4X4144
  L_sistema_interactivo_TECLADO4X4145
  L_sistema_interactivo_TECLADO4X4146
  L_sistema_interactivo_TECLADO4X4147
  L_sistema_interactivo_TECLADO4X4148
  L_sistema_interactivo_TECLADO4X4149
  L_sistema_interactivo_TECLADO4X4150
  L_sistema_interactivo_TECLADO4X4151
  L_sistema_interactivo_TECLADO4X4152
  L_sistema_interactivo_TECLADO4X4153
  L_sistema_interactivo_TECLADO4X4154
  L_sistema_interactivo_TECLADO4X4155
  L_sistema_interactivo_TECLADO4X4156
  L_sistema_interactivo_TECLADO4X4157
  L_sistema_interactivo_TECLADO4X4158
  L_sistema_interactivo_TECLADO4X4159
  L_sistema_interactivo_TECLADO4X4160
  L_sistema_interactivo_TECLADO4X4161
  L_sistema_interactivo_TECLADO4X4162
  L_sistema_interactivo_TECLADO4X4163
  L_sistema_interactivo_TECLADO4X4164
  L_sistema_interactivo_TECLADO4X4165
  L_sistema_interactivo_TECLADO4X4166
  L_sistema_interactivo_TECLADO4X4167
  L_sistema_interactivo_TECLADO4X4168
  L_sistema_interactivo_TECLADO4X4169
  L_sistema_interactivo_TECLADO4X4170
  L_sistema_interactivo_TECLADO4X4171
  L_sistema_interactivo_TECLADO4X4172
  L_sistema_interactivo_TECLADO4X4173
  L_sistema_interactivo_TECLADO4X4174
  L_sistema_interactivo_TECLADO4X4175
  L_sistema_interactivo_TECLADO4X4176
  L_sistema_interactivo_TECLADO4X4177
  L_sistema_interactivo_TECLADO4X4178
  L_sistema_interactivo_TECLADO4X4179
  L_sistema_interactivo_TECLADO4X4180
  L_sistema_interactivo_TECLADO4X4181
  L_sistema_interactivo_TECLADO4X4182
  L_sistema_interactivo_TECLADO4X4183
  L_sistema_interactivo_TECLADO4X4184
  L_sistema_interactivo_TECLADO4X4185
  L_sistema_interactivo_TECLADO4X4186
  L_sistema_interactivo_TECLADO4X4187
  L_sistema_interactivo_TECLADO4X4188
  L_sistema_interactivo_TECLADO4X4189
  L_sistema_interactivo_TECLADO4X4190
  L_sistema_interactivo_TECLADO4X4191
  L_sistema_interactivo_TECLADO4X4192
  L_sistema_interactivo_TECLADO4X4193
  L_sistema_interactivo_TECLADO4X4194
  L_sistema_interactivo_TECLADO4X4195
  L_sistema_interactivo_TECLADO4X4196
  L_sistema_interactivo_TECLADO4X4197
  L_sistema_interactivo_TECLADO4X4198
  L_sistema_interactivo_TECLADO4X4199
  L_sistema_interactivo_TECLADO4X4200
  L_sistema_interactivo_TECLADO4X4201
  L_sistema_interactivo_TECLADO4X4202
  L_sistema_interactivo_TECLADO4X4203
  L_sistema_interactivo_TECLADO4X4204
  L_sistema_interactivo_TECLADO4X4205
  L_sistema_interactivo_TECLADO4X4206
  L_sistema_interactivo_TECLADO4X4207
  L_sistema_interactivo_TECLADO4X4208
  L_sistema_interactivo_TECLADO4X4209
  L_sistema_interactivo_TECLADO4X4210
  L_sistema_interactivo_TECLADO4X4211
  L_sistema_interactivo_TECLADO4X4212
  L_sistema_interactivo_TECLADO4X4213
  L_sistema_interactivo_TECLADO4X4214
  L_sistema_interactivo_TECLADO4X4215
  L_sistema_interactivo_TECLADO4X4216
  L_sistema_interactivo_TECLADO4X4217
  L_sistema_interactivo_TECLADO4X4218
  L_sistema_interactivo_TECLADO4X4219
  L_sistema_interactivo_TECLADO4X4220
  L_sistema_interactivo_TECLADO4X4221
  L_sistema_interactivo_TECLADO4X4222
  L_sistema_interactivo_TECLADO4X4223
  L_sistema_interactivo_TECLADO4X4224
  L_sistema_interactivo_TECLADO4X4225
  L_sistema_interactivo_TECLADO4X4226
  L_sistema_interactivo_TECLADO4X4227
  L_sistema_interactivo_TECLADO4X4228
  L_sistema_interactivo_TECLADO4X4229
  L_sistema_interactivo_TECLADO4X4230
  L_sistema_interactivo_TECLADO4X4231
  L_sistema_interactivo_TECLADO4X4232
  L_sistema_interactivo_TECLADO4X4233
  L_sistema_interactivo_TECLADO4X4234
  L_sistema_interactivo_TECLADO4X4235
  L_sistema_interactivo_TECLADO4X4236
  L_sistema_interactivo_TECLADO4X4237
  L_sistema_interactivo_TECLADO4X4238
  L_sistema_interactivo_TECLADO4X4239
  L_sistema_interactivo_TECLADO4X4240
  L_sistema_interactivo_TECLADO4X4241
  L_sistema_interactivo_TECLADO4X4242
  L_sistema_interactivo_TECLADO4X4243
  L_sistema_interactivo_TECLADO4X4244
  L_sistema_interactivo_TECLADO4X4245
  L_sistema_interactivo_TECLADO4X4246
  L_sistema_interactivo_TECLADO4X4247
  L_sistema_interactivo_TECLADO4X4248
  L_sistema_interactivo_TECLADO4X4249
  L_sistema_interactivo_TECLADO4X4250
  L_sistema_interactivo_TECLADO4X4251
  L_sistema_interactivo_TECLADO4X4252
  L_sistema_interactivo_TECLADO4X4253
  L_sistema_interactivo_TECLADO4X4254
  L_sistema_interactivo_TECLADO4X4255
  L_sistema_interactivo_TECLADO4X4256
  L_sistema_interactivo_TECLADO4X4257
  L_sistema_interactivo_TECLADO4X4258
  L_sistema_interactivo_TECLADO4X4259
  L_sistema_interactivo_TECLADO4X4260
  L_sistema_interactivo_TECLADO4X4261
  L_sistema_interactivo_TECLADO4X4262
  L_sistema_interactivo_TECLADO4X4263
  L_sistema_interactivo_TECLADO4X4264
  L_sistema_interactivo_TECLADO4X4265
  L_sistema_interactivo_TECLADO4X4266
  L_sistema_interactivo_TECLADO4X4267
  L_sistema_interactivo_TECLADO4X4268
  L_sistema_interactivo_TECLADO4X4269
  L_sistema_interactivo_TECLADO4X4270
  L_sistema_interactivo_TECLADO4X4271
  L_sistema_interactivo_TECLADO4X4272
  L_sistema_interactivo_TECLADO4X4273
  L_sistema_interactivo_TECLADO4X4274
  L_sistema_interactivo_TECLADO4X4275
  L_end__main
  L__main277
  L__main278
  L__main279
  L__main280
  L__main281
  L__main282
  L__main283
  L__main284
  L__main285
  sistema_interactivo_TECLADOMEMBRANA
  sistema_interactivo_TECLADO4X4
  _main
  L_end__Get_Fosc_kHz
  L_end__Delay_1us
  L_end__Delay_10us
  L__Delay_10us3
  L_end__Delay_22us
  L__Delay_22us5
  L_end__Delay_50us
  L__Delay_50us7
  L_end__Delay_80us
  L__Delay_80us9
  L_end__Delay_500us
  L__Delay_500us11
  L_end__Delay_5500us
  L__Delay_5500us13
  L_end__Delay_5ms
  L__Delay_5ms15
  L_end__Delay_8ms
  L__Delay_8ms17
  L_end__Delay_10ms
  L__Delay_10ms19
  L_end__Delay_100ms
  L__Delay_100ms21
  L_end__Delay_1sec
  L__Delay_1sec23
  L_end__Delay_Cyc
  L__Delay_Cyc25
  L__Delay_Cyc26
  L__Delay_Cyc27
  L__Delay_Cyc28
  L__Delay_Cyc29
  L_end__VDelay_ms
  L__VDelay_ms31
  L__VDelay_ms32
  L__VDelay_ms33
  L__VDelay_ms34
  L__VDelay_ms35
  L__VDelay_ms36
  L__VDelay_ms37
  L__VDelay_ms38
  L_end__VDelay_Advanced_ms
  L__VDelay_Advanced_ms40
  L__VDelay_Advanced_ms41
  L__VDelay_Advanced_ms42
  L__VDelay_Advanced_ms43
  L__VDelay_Advanced_ms44
  L__VDelay_Advanced_ms45
  L__VDelay_Advanced_ms46
  L__VDelay_Advanced_ms47
  _Get_Fosc_kHz
  _Delay_1us
  _Delay_10us
  _Delay_22us
  _Delay_50us
  _Delay_80us
  _Delay_500us
  _Delay_5500us
  _Delay_5ms
  _Delay_8ms
  _Delay_10ms
  _Delay_100ms
  _Delay_1sec
  _Delay_Cyc
  _VDelay_ms
  L__VDelay_ms48
  L__VDelay_ms49
  L__VDelay_ms50
  L__VDelay_ms51
  _VDelay_Advanced_ms
  L__VDelay_Advanced_ms52
  L__VDelay_Advanced_ms53
  L__VDelay_Advanced_ms54
  L__VDelay_Advanced_ms55
  L_end__UART1_Init
  L__UART1_Init1
  L__UART1_Init2
  L__UART1_Init3
  L__UART1_Init4
  L__UART1_Init5
  L_end__UART1_Data_Ready
  L_end__UART1_Read
  L__UART1_Read8
  L__UART1_Read9
  L__UART1_Read10
  L_end__UART1_TX_Idle
  L_end__UART1_Write
  L__UART1_Write13
  L__UART1_Write14
  L__UART1_Write15
  L__UART1_Write16
  L__UART1_Write17
  L_end__UART1_Write_Text
  L__UART1_Write_Text19
  L__UART1_Write_Text20
  L__UART1_Write_Text21
  L__UART1_Write_Text22
  L__UART1_Write_Text23
  L_end__UART1_Read_Text
  L__UART1_Read_Text25
  L__UART1_Read_Text26
  L__UART1_Read_Text27
  L__UART1_Read_Text28
  L__UART1_Read_Text29
  L__UART1_Read_Text30
  L__UART1_Read_Text31
  L__UART1_Read_Text32
  L__UART1_Read_Text33
  L__UART1_Read_Text34
  L__UART1_Read_Text35
  L__UART1_Read_Text36
  L__UART1_Read_Text37
  L__UART1_Read_Text38
  L__UART1_Read_Text39
  L__UART1_Read_Text40
  L__UART1_Read_Text41
  L__UART1_Read_Text42
  L__UART1_Read_Text43
  L__UART1_Read_Text44
  L__UART1_Read_Text45
  L__UART1_Read_Text46
  _UART1_Init
  _UART1_Data_Ready
  _UART1_Read
  _UART1_TX_Idle
  _UART1_Write
  _UART1_Write_Text
  _UART1_Read_Text
