;  LST file generated by mikroListExporter - v.2.0 
; Date/Time: 04/12/2013 11:16:21
;----------------------------------------------

;Address Opcode 	ASM
0x0000	0x28E0      	GOTO       224
robot_espia_interrupt:
0x0004	0x00FF      	MOVWF      R15
0x0005	0x0E03      	SWAPF      STATUS, 0
0x0006	0x0183      	CLRF       STATUS
0x0007	0x00A1      	MOVWF      ___saveSTATUS
0x0008	0x080A      	MOVF       PCLATH, 0
0x0009	0x00A3      	MOVWF      ___savePCLATH
0x000A	0x018A      	CLRF       PCLATH
0x000B	0x0870      	MOVF       R0, 0
0x000C	0x00A0      	MOVWF      32
;robot_espia.mbas,6 :: 		sub procedure interrupt
;robot_espia.mbas,7 :: 		if INTCON.TMR0IF=1 THEN
0x000D	0x1D0B      	BTFSS      INTCON, 2
0x000E	0x2859      	GOTO       L_robot_espia_interrupt2
;robot_espia.mbas,8 :: 		if centinela=1 then
0x000F	0x0828      	MOVF       _centinela, 0
0x0010	0x3A01      	XORLW      1
0x0011	0x1D03      	BTFSS      STATUS, 2
0x0012	0x2829      	GOTO       L_robot_espia_interrupt5
;robot_espia.mbas,9 :: 		if por=1 then
0x0013	0x082B      	MOVF       _por, 0
0x0014	0x3A01      	XORLW      1
0x0015	0x1D03      	BTFSS      STATUS, 2
0x0016	0x281E      	GOTO       L_robot_espia_interrupt8
;robot_espia.mbas,10 :: 		giro=giro1 '109
0x0017	0x082A      	MOVF       _giro1, 0
0x0018	0x00A4      	MOVWF      _giro
;robot_espia.mbas,11 :: 		por=2
0x0019	0x3002      	MOVLW      2
0x001A	0x00AB      	MOVWF      _por
;robot_espia.mbas,12 :: 		PORTC.RC0=0
0x001B	0x1007      	BCF        PORTC, 0
;robot_espia.mbas,13 :: 		PORTC.RC1=0
0x001C	0x1087      	BCF        PORTC, 1
;robot_espia.mbas,14 :: 		GOTO final
0x001D	0x2859      	GOTO       L_robot_espia_interrupt_final
L_robot_espia_interrupt8:
;robot_espia.mbas,16 :: 		if por=2 then
0x001E	0x082B      	MOVF       _por, 0
0x001F	0x3A02      	XORLW      2
0x0020	0x1D03      	BTFSS      STATUS, 2
0x0021	0x2829      	GOTO       L_robot_espia_interrupt12
;robot_espia.mbas,17 :: 		giro=giro2 '243
0x0022	0x0829      	MOVF       _giro2, 0
0x0023	0x00A4      	MOVWF      _giro
;robot_espia.mbas,18 :: 		por=1
0x0024	0x3001      	MOVLW      1
0x0025	0x00AB      	MOVWF      _por
;robot_espia.mbas,19 :: 		PORTC.RC0=1
0x0026	0x1407      	BSF        PORTC, 0
;robot_espia.mbas,20 :: 		PORTC.RC1=1
0x0027	0x1487      	BSF        PORTC, 1
;robot_espia.mbas,21 :: 		GOTO final
0x0028	0x2859      	GOTO       L_robot_espia_interrupt_final
L_robot_espia_interrupt12:
;robot_espia.mbas,22 :: 		end if
L_robot_espia_interrupt5:
;robot_espia.mbas,24 :: 		if centinela=2 then
0x0029	0x0828      	MOVF       _centinela, 0
0x002A	0x3A02      	XORLW      2
0x002B	0x1D03      	BTFSS      STATUS, 2
0x002C	0x2841      	GOTO       L_robot_espia_interrupt15
;robot_espia.mbas,25 :: 		if por=1 then
0x002D	0x082B      	MOVF       _por, 0
0x002E	0x3A01      	XORLW      1
0x002F	0x1D03      	BTFSS      STATUS, 2
0x0030	0x2837      	GOTO       L_robot_espia_interrupt18
;robot_espia.mbas,26 :: 		giro=giro1 '109
0x0031	0x082A      	MOVF       _giro1, 0
0x0032	0x00A4      	MOVWF      _giro
;robot_espia.mbas,27 :: 		por=2
0x0033	0x3002      	MOVLW      2
0x0034	0x00AB      	MOVWF      _por
;robot_espia.mbas,28 :: 		PORTC.RC0=0
0x0035	0x1007      	BCF        PORTC, 0
;robot_espia.mbas,29 :: 		GOTO final
0x0036	0x2859      	GOTO       L_robot_espia_interrupt_final
L_robot_espia_interrupt18:
;robot_espia.mbas,31 :: 		if por=2 then
0x0037	0x082B      	MOVF       _por, 0
0x0038	0x3A02      	XORLW      2
0x0039	0x1D03      	BTFSS      STATUS, 2
0x003A	0x2841      	GOTO       L_robot_espia_interrupt21
;robot_espia.mbas,32 :: 		giro=giro2 '243
0x003B	0x0829      	MOVF       _giro2, 0
0x003C	0x00A4      	MOVWF      _giro
;robot_espia.mbas,33 :: 		por=1
0x003D	0x3001      	MOVLW      1
0x003E	0x00AB      	MOVWF      _por
;robot_espia.mbas,34 :: 		PORTC.RC0=1
0x003F	0x1407      	BSF        PORTC, 0
;robot_espia.mbas,35 :: 		GOTO final
0x0040	0x2859      	GOTO       L_robot_espia_interrupt_final
L_robot_espia_interrupt21:
;robot_espia.mbas,36 :: 		end if
L_robot_espia_interrupt15:
;robot_espia.mbas,38 :: 		if centinela=3 then
0x0041	0x0828      	MOVF       _centinela, 0
0x0042	0x3A03      	XORLW      3
0x0043	0x1D03      	BTFSS      STATUS, 2
0x0044	0x2859      	GOTO       L_robot_espia_interrupt24
;robot_espia.mbas,39 :: 		if por=1 then
0x0045	0x082B      	MOVF       _por, 0
0x0046	0x3A01      	XORLW      1
0x0047	0x1D03      	BTFSS      STATUS, 2
0x0048	0x284F      	GOTO       L_robot_espia_interrupt27
;robot_espia.mbas,40 :: 		giro=giro1 '109
0x0049	0x082A      	MOVF       _giro1, 0
0x004A	0x00A4      	MOVWF      _giro
;robot_espia.mbas,41 :: 		por=2
0x004B	0x3002      	MOVLW      2
0x004C	0x00AB      	MOVWF      _por
;robot_espia.mbas,42 :: 		PORTC.RC1=0
0x004D	0x1087      	BCF        PORTC, 1
;robot_espia.mbas,43 :: 		GOTO final
0x004E	0x2859      	GOTO       L_robot_espia_interrupt_final
L_robot_espia_interrupt27:
;robot_espia.mbas,45 :: 		if por=2 then
0x004F	0x082B      	MOVF       _por, 0
0x0050	0x3A02      	XORLW      2
0x0051	0x1D03      	BTFSS      STATUS, 2
0x0052	0x2859      	GOTO       L_robot_espia_interrupt30
;robot_espia.mbas,46 :: 		giro=giro2 '243
0x0053	0x0829      	MOVF       _giro2, 0
0x0054	0x00A4      	MOVWF      _giro
;robot_espia.mbas,47 :: 		por=1
0x0055	0x3001      	MOVLW      1
0x0056	0x00AB      	MOVWF      _por
;robot_espia.mbas,48 :: 		PORTC.RC1=1
0x0057	0x1487      	BSF        PORTC, 1
;robot_espia.mbas,49 :: 		GOTO final
0x0058	0x2859      	GOTO       L_robot_espia_interrupt_final
L_robot_espia_interrupt30:
;robot_espia.mbas,50 :: 		end if
L_robot_espia_interrupt24:
;robot_espia.mbas,51 :: 		end if
L_robot_espia_interrupt2:
;robot_espia.mbas,53 :: 		final:
L_robot_espia_interrupt_final:
;robot_espia.mbas,54 :: 		TMR0 = giro
0x0059	0x0824      	MOVF       _giro, 0
0x005A	0x0081      	MOVWF      TMR0
;robot_espia.mbas,55 :: 		INTCON = 0x20
0x005B	0x3020      	MOVLW      32
0x005C	0x008B      	MOVWF      INTCON
L_robot_espia_interrupt71:
0x005D	0x0820      	MOVF       32, 0
0x005E	0x00F0      	MOVWF      R0
0x005F	0x0823      	MOVF       ___savePCLATH, 0
0x0060	0x008A      	MOVWF      PCLATH
0x0061	0x0E21      	SWAPF      ___saveSTATUS, 0
0x0062	0x0083      	MOVWF      STATUS
0x0063	0x0EFF      	SWAPF      R15, 1
0x0064	0x0E7F      	SWAPF      R15, 0
0x0065	0x0009      	RETFIE
; end of robot_espia_interrupt
robot_espia_ver:
;robot_espia.mbas,57 :: 		sub procedure ver(dim numero as byte)
;robot_espia.mbas,58 :: 		if numero = 1 then
0x0066	0x1283      	BCF        STATUS, 5
0x0067	0x1303      	BCF        STATUS, 6
0x0068	0x082C      	MOVF       FARG_ver_numero, 0
0x0069	0x3A01      	XORLW      1
0x006A	0x1D03      	BTFSS      STATUS, 2
0x006B	0x2871      	GOTO       L_robot_espia_ver34
;robot_espia.mbas,59 :: 		giro1=103
0x006C	0x3067      	MOVLW      103
0x006D	0x00AA      	MOVWF      _giro1
;robot_espia.mbas,60 :: 		giro2=249
0x006E	0x30F9      	MOVLW      249
0x006F	0x00A9      	MOVWF      _giro2
0x0070	0x2887      	GOTO       L_robot_espia_ver35
;robot_espia.mbas,61 :: 		else
L_robot_espia_ver34:
;robot_espia.mbas,62 :: 		if numero = 2 then
0x0071	0x082C      	MOVF       FARG_ver_numero, 0
0x0072	0x3A02      	XORLW      2
0x0073	0x1D03      	BTFSS      STATUS, 2
0x0074	0x287A      	GOTO       L_robot_espia_ver37
;robot_espia.mbas,63 :: 		giro1=109
0x0075	0x306D      	MOVLW      109
0x0076	0x00AA      	MOVWF      _giro1
;robot_espia.mbas,64 :: 		giro2=243
0x0077	0x30F3      	MOVLW      243
0x0078	0x00A9      	MOVWF      _giro2
0x0079	0x2887      	GOTO       L_robot_espia_ver38
;robot_espia.mbas,65 :: 		else
L_robot_espia_ver37:
;robot_espia.mbas,66 :: 		if numero = 3 then
0x007A	0x082C      	MOVF       FARG_ver_numero, 0
0x007B	0x3A03      	XORLW      3
0x007C	0x1D03      	BTFSS      STATUS, 2
0x007D	0x2883      	GOTO       L_robot_espia_ver40
;robot_espia.mbas,67 :: 		giro1=114
0x007E	0x3072      	MOVLW      114
0x007F	0x00AA      	MOVWF      _giro1
;robot_espia.mbas,68 :: 		giro2=238
0x0080	0x30EE      	MOVLW      238
0x0081	0x00A9      	MOVWF      _giro2
0x0082	0x2887      	GOTO       L_robot_espia_ver41
;robot_espia.mbas,69 :: 		else
L_robot_espia_ver40:
;robot_espia.mbas,70 :: 		giro1=98
0x0083	0x3062      	MOVLW      98
0x0084	0x00AA      	MOVWF      _giro1
;robot_espia.mbas,71 :: 		giro2=251
0x0085	0x30FB      	MOVLW      251
0x0086	0x00A9      	MOVWF      _giro2
;robot_espia.mbas,72 :: 		end if
L_robot_espia_ver41:
;robot_espia.mbas,73 :: 		end if
L_robot_espia_ver38:
;robot_espia.mbas,74 :: 		end if
L_robot_espia_ver35:
0x0087	0x0008      	RETURN
; end of robot_espia_ver
_UART1_Init:
;__Lib_UART_c67.mpas,33 :: 		
;__Lib_UART_c67.mpas,34 :: 		
0x0088	0x1683      	BSF        STATUS, 5
0x0089	0x1303      	BCF        STATUS, 6
0x008A	0x1698      	BSF        TXSTA, 5
;__Lib_UART_c67.mpas,35 :: 		
0x008B	0x3090      	MOVLW      144
0x008C	0x1283      	BCF        STATUS, 5
0x008D	0x0098      	MOVWF      RCSTA
;__Lib_UART_c67.mpas,36 :: 		
0x008E	0x1683      	BSF        STATUS, 5
0x008F	0x1787      	BSF        TRISC7_bit, 7
;__Lib_UART_c67.mpas,37 :: 		
0x0090	0x1307      	BCF        TRISC6_bit, 6
;__Lib_UART_c67.mpas,38 :: 		
L__UART1_Init2:
0x0091	0x1283      	BCF        STATUS, 5
0x0092	0x1E8C      	BTFSS      PIR1, 5
0x0093	0x2897      	GOTO       L__UART1_Init3
;__Lib_UART_c67.mpas,39 :: 		
0x0094	0x081A      	MOVF       RCREG, 0
0x0095	0x00F0      	MOVWF      R0
0x0096	0x2891      	GOTO       L__UART1_Init2
L__UART1_Init3:
;__Lib_UART_c67.mpas,40 :: 		
0x0097	0x0008      	RETURN
; end of _UART1_Init
_UART1_Data_Ready:
;__Lib_UART_c67.mpas,46 :: 		
;__Lib_UART_c67.mpas,47 :: 		
0x0098	0x3000      	MOVLW      0
0x0099	0x1283      	BCF        STATUS, 5
0x009A	0x1303      	BCF        STATUS, 6
0x009B	0x1A8C      	BTFSC      PIR1, 5
0x009C	0x3001      	MOVLW      1
0x009D	0x00F1      	MOVWF      R1
;__Lib_UART_c67.mpas,48 :: 		
0x009E	0x0871      	MOVF       R1, 0
0x009F	0x00F0      	MOVWF      R0
0x00A0	0x0008      	RETURN
; end of _UART1_Data_Ready
_Delay_100ms:
;__Lib_Delays.mbas,68 :: 		sub procedure Delay_100ms()
;__Lib_Delays.mbas,69 :: 		Delay_ms(100)
0x00A1	0x3082      	MOVLW      130
0x00A2	0x1283      	BCF        STATUS, 5
0x00A3	0x1303      	BCF        STATUS, 6
0x00A4	0x00FC      	MOVWF      R12
0x00A5	0x30DD      	MOVLW      221
0x00A6	0x00FD      	MOVWF      R13
L__Delay_100ms21:
0x00A7	0x0BFD      	DECFSZ     R13, 1
0x00A8	0x28A7      	GOTO       L__Delay_100ms21
0x00A9	0x0BFC      	DECFSZ     R12, 1
0x00AA	0x28A7      	GOTO       L__Delay_100ms21
0x00AB	0x0000      	NOP
0x00AC	0x0000      	NOP
0x00AD	0x0008      	RETURN
; end of _Delay_100ms
_UART1_Read:
;__Lib_UART_c67.mpas,54 :: 		
;__Lib_UART_c67.mpas,55 :: 		
0x00AE	0x1283      	BCF        STATUS, 5
0x00AF	0x1303      	BCF        STATUS, 6
0x00B0	0x081A      	MOVF       RCREG, 0
0x00B1	0x00F2      	MOVWF      R2
;__Lib_UART_c67.mpas,56 :: 		
0x00B2	0x1C98      	BTFSS      RCSTA, 1
0x00B3	0x28B6      	GOTO       L__UART1_Read9
;__Lib_UART_c67.mpas,58 :: 		
0x00B4	0x1218      	BCF        RCSTA, 4
;__Lib_UART_c67.mpas,59 :: 		
0x00B5	0x1618      	BSF        RCSTA, 4
;__Lib_UART_c67.mpas,60 :: 		
L__UART1_Read9:
;__Lib_UART_c67.mpas,61 :: 		
0x00B6	0x0872      	MOVF       R2, 0
0x00B7	0x00F1      	MOVWF      R1
;__Lib_UART_c67.mpas,62 :: 		
0x00B8	0x0871      	MOVF       R1, 0
0x00B9	0x00F0      	MOVWF      R0
0x00BA	0x0008      	RETURN
; end of _UART1_Read
robot_espia_atras:
;robot_espia.mbas,80 :: 		sub procedure atras()
;robot_espia.mbas,81 :: 		centinela=1
0x00BB	0x3001      	MOVLW      1
0x00BC	0x1283      	BCF        STATUS, 5
0x00BD	0x1303      	BCF        STATUS, 6
0x00BE	0x00A8      	MOVWF      _centinela
;robot_espia.mbas,82 :: 		ver(1)
0x00BF	0x3001      	MOVLW      1
0x00C0	0x00AC      	MOVWF      FARG_ver_numero
0x00C1	0x2066      	CALL       robot_espia_ver
0x00C2	0x0008      	RETURN
; end of robot_espia_atras
robot_espia_parar:
;robot_espia.mbas,92 :: 		sub procedure parar()
;robot_espia.mbas,93 :: 		centinela=4
0x00C3	0x3004      	MOVLW      4
0x00C4	0x1283      	BCF        STATUS, 5
0x00C5	0x1303      	BCF        STATUS, 6
0x00C6	0x00A8      	MOVWF      _centinela
0x00C7	0x0008      	RETURN
; end of robot_espia_parar
robot_espia_adelante:
;robot_espia.mbas,76 :: 		sub procedure adelante()
;robot_espia.mbas,77 :: 		centinela=1
0x00C8	0x3001      	MOVLW      1
0x00C9	0x1283      	BCF        STATUS, 5
0x00CA	0x1303      	BCF        STATUS, 6
0x00CB	0x00A8      	MOVWF      _centinela
;robot_espia.mbas,78 :: 		ver(2)
0x00CC	0x3002      	MOVLW      2
0x00CD	0x00AC      	MOVWF      FARG_ver_numero
0x00CE	0x2066      	CALL       robot_espia_ver
0x00CF	0x0008      	RETURN
; end of robot_espia_adelante
robot_espia_izquierda:
;robot_espia.mbas,84 :: 		sub procedure izquierda()
;robot_espia.mbas,85 :: 		centinela=2
0x00D0	0x3002      	MOVLW      2
0x00D1	0x1283      	BCF        STATUS, 5
0x00D2	0x1303      	BCF        STATUS, 6
0x00D3	0x00A8      	MOVWF      _centinela
;robot_espia.mbas,86 :: 		ver(1)
0x00D4	0x3001      	MOVLW      1
0x00D5	0x00AC      	MOVWF      FARG_ver_numero
0x00D6	0x2066      	CALL       robot_espia_ver
0x00D7	0x0008      	RETURN
; end of robot_espia_izquierda
robot_espia_derecha:
;robot_espia.mbas,88 :: 		sub procedure derecha()
;robot_espia.mbas,89 :: 		centinela=3
0x00D8	0x3003      	MOVLW      3
0x00D9	0x1283      	BCF        STATUS, 5
0x00DA	0x1303      	BCF        STATUS, 6
0x00DB	0x00A8      	MOVWF      _centinela
;robot_espia.mbas,90 :: 		ver(1)
0x00DC	0x3001      	MOVLW      1
0x00DD	0x00AC      	MOVWF      FARG_ver_numero
0x00DE	0x2066      	CALL       robot_espia_ver
0x00DF	0x0008      	RETURN
; end of robot_espia_derecha
_main:
;robot_espia.mbas,96 :: 		main:
;robot_espia.mbas,97 :: 		OSCCON=0X65   'oscilador interno de 4 MHZ
0x00E0	0x3065      	MOVLW      101
0x00E1	0x1683      	BSF        STATUS, 5
0x00E2	0x1303      	BCF        STATUS, 6
0x00E3	0x008F      	MOVWF      OSCCON
;robot_espia.mbas,99 :: 		OPTION_REG = 0x06
0x00E4	0x3006      	MOVLW      6
0x00E5	0x0081      	MOVWF      OPTION_REG
;robot_espia.mbas,101 :: 		TRISA = 0X0F ' PORTA.0 Entrada
0x00E6	0x300F      	MOVLW      15
0x00E7	0x0085      	MOVWF      TRISA
;robot_espia.mbas,102 :: 		PORTA = 0X00
0x00E8	0x1283      	BCF        STATUS, 5
0x00E9	0x0185      	CLRF       PORTA
;robot_espia.mbas,104 :: 		TRISB = 0X00 ' PORTB
0x00EA	0x1683      	BSF        STATUS, 5
0x00EB	0x0186      	CLRF       TRISB
;robot_espia.mbas,105 :: 		PORTB = 0X00
0x00EC	0x1283      	BCF        STATUS, 5
0x00ED	0x0186      	CLRF       PORTB
;robot_espia.mbas,107 :: 		TRISC = 0X80 ' PORTC salidas
0x00EE	0x3080      	MOVLW      128
0x00EF	0x1683      	BSF        STATUS, 5
0x00F0	0x0087      	MOVWF      TRISC
;robot_espia.mbas,108 :: 		PORTC = 0X00
0x00F1	0x1283      	BCF        STATUS, 5
0x00F2	0x0187      	CLRF       PORTC
;robot_espia.mbas,110 :: 		TRISE = 0X08 ' PORTE  como salidas digital
0x00F3	0x3008      	MOVLW      8
0x00F4	0x1683      	BSF        STATUS, 5
0x00F5	0x0089      	MOVWF      TRISE
;robot_espia.mbas,111 :: 		PORTE = 0X00
0x00F6	0x1283      	BCF        STATUS, 5
0x00F7	0x0189      	CLRF       PORTE
;robot_espia.mbas,113 :: 		ANSEL = 0X0F ' AN<7:0>
0x00F8	0x300F      	MOVLW      15
0x00F9	0x1683      	BSF        STATUS, 5
0x00FA	0x1703      	BSF        STATUS, 6
0x00FB	0x0088      	MOVWF      ANSEL
;robot_espia.mbas,114 :: 		ANSELH = 0X00 ' AN<13:8>
0x00FC	0x0189      	CLRF       ANSELH
;robot_espia.mbas,115 :: 		UART1_Init(9600)
0x00FD	0x3019      	MOVLW      25
0x00FE	0x1303      	BCF        STATUS, 6
0x00FF	0x0099      	MOVWF      SPBRG
0x0100	0x1518      	BSF        TXSTA, 2
0x0101	0x2088      	CALL       _UART1_Init
;robot_espia.mbas,117 :: 		INTCON = 0xA0            '// Enable interrupt TMR0
0x0102	0x30A0      	MOVLW      160
0x0103	0x008B      	MOVWF      INTCON
;robot_espia.mbas,118 :: 		TMR0= 100
0x0104	0x3064      	MOVLW      100
0x0105	0x0081      	MOVWF      TMR0
;robot_espia.mbas,120 :: 		por=2
0x0106	0x3002      	MOVLW      2
0x0107	0x00AB      	MOVWF      _por
;robot_espia.mbas,122 :: 		while(1)
L__main49:
;robot_espia.mbas,123 :: 		if (UART1_Data_Ready() = 1) then
0x0108	0x2098      	CALL       _UART1_Data_Ready
0x0109	0x0870      	MOVF       R0, 0
0x010A	0x3A01      	XORLW      1
0x010B	0x1D03      	BTFSS      STATUS, 2
0x010C	0x2917      	GOTO       L__main54
;robot_espia.mbas,124 :: 		receive = UART1_Read()
0x010D	0x20AE      	CALL       _UART1_Read
0x010E	0x0870      	MOVF       R0, 0
0x010F	0x00A7      	MOVWF      _receive
;robot_espia.mbas,125 :: 		dato=receive
0x0110	0x0870      	MOVF       R0, 0
0x0111	0x00A2      	MOVWF      _dato
;robot_espia.mbas,126 :: 		PORTB=0XFF
0x0112	0x30FF      	MOVLW      255
0x0113	0x0086      	MOVWF      PORTB
;robot_espia.mbas,127 :: 		Delay_100ms
0x0114	0x20A1      	CALL       _Delay_100ms
;robot_espia.mbas,128 :: 		PORTB=0X00
0x0115	0x0186      	CLRF       PORTB
;robot_espia.mbas,129 :: 		Delay_100ms
0x0116	0x20A1      	CALL       _Delay_100ms
L__main54:
;robot_espia.mbas,132 :: 		if (dato=0x38) then
0x0117	0x0822      	MOVF       _dato, 0
0x0118	0x3A38      	XORLW      56
0x0119	0x1D03      	BTFSS      STATUS, 2
0x011A	0x291C      	GOTO       L__main57
;robot_espia.mbas,133 :: 		ATRAS()
0x011B	0x20BB      	CALL       robot_espia_atras
L__main57:
;robot_espia.mbas,135 :: 		if (dato=0x35) then
0x011C	0x0822      	MOVF       _dato, 0
0x011D	0x3A35      	XORLW      53
0x011E	0x1D03      	BTFSS      STATUS, 2
0x011F	0x2921      	GOTO       L__main60
;robot_espia.mbas,136 :: 		PARAR()
0x0120	0x20C3      	CALL       robot_espia_parar
L__main60:
;robot_espia.mbas,138 :: 		if (dato=0x32) then
0x0121	0x0822      	MOVF       _dato, 0
0x0122	0x3A32      	XORLW      50
0x0123	0x1D03      	BTFSS      STATUS, 2
0x0124	0x2926      	GOTO       L__main63
;robot_espia.mbas,139 :: 		ADELANTE()
0x0125	0x20C8      	CALL       robot_espia_adelante
L__main63:
;robot_espia.mbas,141 :: 		if (dato=0x34) then
0x0126	0x0822      	MOVF       _dato, 0
0x0127	0x3A34      	XORLW      52
0x0128	0x1D03      	BTFSS      STATUS, 2
0x0129	0x292B      	GOTO       L__main66
;robot_espia.mbas,142 :: 		IZQUIERDA()
0x012A	0x20D0      	CALL       robot_espia_izquierda
L__main66:
;robot_espia.mbas,144 :: 		if (dato=0x36) then
0x012B	0x0822      	MOVF       _dato, 0
0x012C	0x3A36      	XORLW      54
0x012D	0x1D03      	BTFSS      STATUS, 2
0x012E	0x2930      	GOTO       L__main69
;robot_espia.mbas,145 :: 		DERECHA()
0x012F	0x20D8      	CALL       robot_espia_derecha
L__main69:
;robot_espia.mbas,149 :: 		wend
0x0130	0x2908      	GOTO       L__main49
0x0131	0x2931      	GOTO       $+0
; end of _main
Symbol List:
//** Routines locations **
//ADDRESS    SIZE    PROCEDURE
//----------------------------------------------
0x0004      [98]    robot_espia_interrupt
0x0066      [34]    robot_espia_ver
0x0088      [16]    _UART1_Init
0x0098       [9]    _UART1_Data_Ready
0x00A1      [13]    _Delay_100ms
0x00AE      [13]    _UART1_Read
0x00BB       [8]    robot_espia_atras
0x00C3       [5]    robot_espia_parar
0x00C8       [8]    robot_espia_adelante
0x00D0       [8]    robot_espia_izquierda
0x00D8       [8]    robot_espia_derecha
0x00E0      [82]    _main
//** Variables locations ** 
//ADDRESS    SIZE    VARIABLE
//----------------------------------------------
0x0000       [1]    INDF
0x0001       [1]    TMR0
0x0002       [1]    PCL
0x0003       [0]    DC_bit
0x0003       [0]    RP1_bit
0x0003       [0]    IRP_bit
0x0003       [0]    C_bit
0x0003       [0]    NOT_PD_bit
0x0003       [1]    STATUS
0x0003       [0]    Z_bit
0x0003       [0]    RP0_bit
0x0003       [0]    NOT_TO_bit
0x0004       [1]    FSR
0x0004       [1]    FSRPTR
0x0005       [0]    RA1_bit
0x0005       [0]    RA2_bit
0x0005       [1]    PORTA
0x0005       [0]    RA0_bit
0x0005       [0]    RA3_bit
0x0005       [0]    RA6_bit
0x0005       [0]    RA7_bit
0x0005       [0]    RA4_bit
0x0005       [0]    RA5_bit
0x0006       [0]    RB1_bit
0x0006       [0]    RB2_bit
0x0006       [1]    PORTB
0x0006       [0]    RB0_bit
0x0006       [0]    RB6_bit
0x0006       [0]    RB7_bit
0x0006       [0]    RB5_bit
0x0006       [0]    RB3_bit
0x0006       [0]    RB4_bit
0x0007       [1]    PORTC
0x0007       [0]    RC6_bit
0x0007       [0]    RC7_bit
0x0007       [0]    RC4_bit
0x0007       [0]    RC5_bit
0x0007       [0]    RC2_bit
0x0007       [0]    RC3_bit
0x0007       [0]    RC1_bit
0x0007       [0]    RC0_bit
0x0009       [1]    PORTE
0x0009       [0]    RE3_bit
0x000A       [1]    PCLATH
0x000B       [0]    RBIE_bit
0x000B       [0]    INTE_bit
0x000B       [0]    TMR0IE_bit
0x000B       [0]    INTF_bit
0x000B       [0]    RBIF_bit
0x000B       [0]    T0IF_bit
0x000B       [0]    TMR0IF_bit
0x000B       [0]    T0IE_bit
0x000B       [1]    INTCON
0x000B       [0]    GIE_bit
0x000B       [0]    PEIE_bit
0x000C       [0]    TXIF_bit
0x000C       [0]    RCIF_bit
0x000C       [0]    SSPIF_bit
0x000C       [0]    TMR2IF_bit
0x000C       [0]    CCP1IF_bit
0x000C       [0]    TMR1IF_bit
0x000C       [1]    PIR1
0x000C       [0]    ADIF_bit
0x000D       [0]    ULPWUIF_bit
0x000D       [0]    CCP2IF_bit
0x000D       [0]    BCLIF_bit
0x000D       [0]    C2IF_bit
0x000D       [0]    C1IF_bit
0x000D       [0]    OSFIF_bit
0x000D       [0]    EEIF_bit
0x000D       [1]    PIR2
0x000E       [1]    TMR1L
0x000F       [1]    TMR1H
0x0010       [0]    T1CKPS0_bit
0x0010       [0]    T1OSCEN_bit
0x0010       [0]    T1CKPS1_bit
0x0010       [0]    TMR1GE_bit
0x0010       [0]    T1GINV_bit
0x0010       [1]    T1CON
0x0010       [0]    T1SYNC_bit
0x0010       [0]    TMR1CS_bit
0x0010       [0]    TMR1ON_bit
0x0010       [0]    NOT_T1SYNC_bit
0x0010       [0]    T1INSYNC_bit
0x0011       [1]    TMR2
0x0012       [0]    TOUTPS1_bit
0x0012       [0]    TOUTPS0_bit
0x0012       [0]    TMR2ON_bit
0x0012       [0]    TOUTPS2_bit
0x0012       [0]    T2CKPS0_bit
0x0012       [0]    T2CKPS1_bit
0x0012       [0]    TOUTPS3_bit
0x0012       [1]    T2CON
0x0013       [1]    SSPBUF
0x0014       [0]    SSPM3_bit
0x0014       [0]    CKP_bit
0x0014       [0]    SSPEN_bit
0x0014       [0]    SSPM0_bit
0x0014       [0]    SSPM1_bit
0x0014       [0]    SSPM2_bit
0x0014       [0]    SSPOV_bit
0x0014       [1]    SSPCON
0x0014       [0]    WCOL_bit
0x0015       [1]    CCPR1L
0x0015       [2]    CCPR1
0x0016       [1]    CCPR1H
0x0017       [0]    CCP1M3_bit
0x0017       [0]    CCP1Y_bit
0x0017       [0]    CCP1M2_bit
0x0017       [0]    CCP1M0_bit
0x0017       [0]    CCP1M1_bit
0x0017       [0]    DC1B0_bit
0x0017       [0]    P1M1_bit
0x0017       [1]    CCP1CON
0x0017       [0]    P1M0_bit
0x0017       [0]    CCP1X_bit
0x0017       [0]    DC1B1_bit
0x0018       [0]    CREN_bit
0x0018       [0]    ADDEN_bit
0x0018       [0]    RC8_9_bit
0x0018       [0]    SREN_bit
0x0018       [0]    FERR_bit
0x0018       [0]    RCD8_bit
0x0018       [1]    RCSTA
0x0018       [0]    OERR_bit
0x0018       [0]    RX9D_bit
0x0018       [0]    SPEN_bit
0x0018       [0]    RX9_bit
0x0018       [0]    NOT_RC8_bit
0x0018       [0]    RC9_bit
0x0019       [1]    TXREG
0x001A       [1]    RCREG
0x001B       [2]    CCPR2
0x001B       [1]    CCPR2L
0x001C       [1]    CCPR2H
0x001D       [0]    DC2B0_bit
0x001D       [0]    CCP2M3_bit
0x001D       [1]    CCP2CON
0x001D       [0]    CCP2M0_bit
0x001D       [0]    CCP2M2_bit
0x001D       [0]    CCP2M1_bit
0x001D       [0]    CCP2Y_bit
0x001D       [0]    DC2B1_bit
0x001D       [0]    CCP2X_bit
0x001E       [1]    ADRESH
0x001F       [0]    CHS2_bit
0x001F       [0]    CHS1_bit
0x001F       [0]    ADCS0_bit
0x001F       [0]    CHS3_bit
0x001F       [0]    CHS0_bit
0x001F       [0]    NOT_DONE_bit
0x001F       [0]    GO_DONE_bit
0x001F       [0]    GO_bit
0x001F       [0]    ADON_bit
0x001F       [1]    ADCON0
0x001F       [0]    ADCS1_bit
0x0021       [1]    ___saveSTATUS
0x0022       [1]    _dato
0x0023       [1]    ___savePCLATH
0x0024       [1]    _giro
0x0025       [2]    ___DoICPAddr
0x0027       [1]    _receive
0x0028       [1]    _centinela
0x0029       [1]    _giro2
0x002A       [1]    _giro1
0x002B       [1]    _por
0x002C       [1]    FARG_ver_numero
0x0070       [1]    R0
0x0071       [1]    R1
0x0072       [1]    R2
0x0073       [1]    R3
0x0074       [1]    R4
0x0075       [1]    R5
0x0076       [1]    R6
0x0077       [1]    R7
0x0078       [1]    R8
0x0079       [1]    R9
0x007A       [1]    R10
0x007B       [1]    R11
0x007C       [1]    R12
0x007D       [1]    R13
0x007E       [1]    R14
0x007F       [1]    R15
0x0081       [1]    OPTION_REG
0x0081       [0]    T0CS_bit
0x0081       [0]    PSA_bit
0x0081       [0]    NOT_RBPU_bit
0x0081       [0]    T0SE_bit
0x0081       [0]    PS2_bit
0x0081       [0]    PS0_bit
0x0081       [0]    PS1_bit
0x0081       [0]    INTEDG_bit
0x0085       [0]    TRISA4_bit
0x0085       [1]    TRISA
0x0085       [0]    TRISA0_bit
0x0085       [0]    TRISA5_bit
0x0085       [0]    TRISA2_bit
0x0085       [0]    TRISA3_bit
0x0085       [0]    TRISA1_bit
0x0085       [0]    TRISA7_bit
0x0085       [0]    TRISA6_bit
0x0086       [0]    TRISB1_bit
0x0086       [0]    TRISB6_bit
0x0086       [0]    TRISB2_bit
0x0086       [0]    TRISB3_bit
0x0086       [0]    TRISB5_bit
0x0086       [0]    TRISB4_bit
0x0086       [0]    TRISB0_bit
0x0086       [0]    TRISB7_bit
0x0086       [1]    TRISB
0x0087       [1]    TRISC
0x0087       [0]    TRISC4_bit
0x0087       [0]    TRISC3_bit
0x0087       [0]    TRISC5_bit
0x0087       [0]    TRISC6_bit
0x0087       [0]    TRISC7_bit
0x0087       [0]    TRISC1_bit
0x0087       [0]    TRISC0_bit
0x0087       [0]    TRISC2_bit
0x0089       [0]    TRISE3_bit
0x0089       [1]    TRISE
0x008C       [0]    RCIE_bit
0x008C       [0]    TXIE_bit
0x008C       [1]    PIE1
0x008C       [0]    ADIE_bit
0x008C       [0]    SSPIE_bit
0x008C       [0]    TMR1IE_bit
0x008C       [0]    TMR2IE_bit
0x008C       [0]    CCP1IE_bit
0x008D       [0]    ULPWUIE_bit
0x008D       [0]    CCP2IE_bit
0x008D       [0]    C1IE_bit
0x008D       [0]    EEIE_bit
0x008D       [0]    C2IE_bit
0x008D       [1]    PIE2
0x008D       [0]    OSFIE_bit
0x008D       [0]    BCLIE_bit
0x008E       [0]    SBOREN_bit
0x008E       [0]    NOT_POR_bit
0x008E       [1]    PCON
0x008E       [0]    NOT_BO_bit
0x008E       [0]    NOT_BOR_bit
0x008E       [0]    ULPWUE_bit
0x008F       [0]    IRCF0_bit
0x008F       [0]    OSTS_bit
0x008F       [0]    HTS_bit
0x008F       [0]    LTS_bit
0x008F       [0]    SCS_bit
0x008F       [0]    IRCF2_bit
0x008F       [1]    OSCCON
0x008F       [0]    IRCF1_bit
0x0090       [0]    TUN3_bit
0x0090       [0]    TUN2_bit
0x0090       [0]    TUN4_bit
0x0090       [0]    TUN0_bit
0x0090       [0]    TUN1_bit
0x0090       [1]    OSCTUNE
0x0091       [0]    RSEN_bit
0x0091       [1]    SSPCON2
0x0091       [0]    SEN_bit
0x0091       [0]    PEN_bit
0x0091       [0]    ACKSTAT_bit
0x0091       [0]    ACKDT_bit
0x0091       [0]    GCEN_bit
0x0091       [0]    RCEN_bit
0x0091       [0]    ACKEN_bit
0x0092       [1]    PR2
0x0093       [1]    SSPADD
0x0093       [1]    SSPMSK
0x0093       [1]    MSK
0x0094       [0]    NOT_A_bit
0x0094       [0]    SMP_bit
0x0094       [0]    CKE_bit
0x0094       [0]    I2C_DATA_bit
0x0094       [0]    D_bit
0x0094       [0]    NOT_ADDRESS_bit
0x0094       [0]    NOT_W_bit
0x0094       [0]    BF_bit
0x0094       [0]    NOT_WRITE_bit
0x0094       [0]    UA_bit
0x0094       [0]    I2C_READ_bit
0x0094       [0]    I2C_START__bit
0x0094       [0]    S_bit
0x0094       [0]    I2C_STOP__bit
0x0094       [0]    R_bit
0x0094       [0]    READ_WRITE_bit
0x0094       [0]    R_W_bit
0x0094       [0]    DATA_ADDRESS_bit
0x0094       [0]    D_A_bit
0x0094       [1]    SSPSTAT
0x0094       [0]    P_bit
0x0095       [0]    WPUB7_bit
0x0095       [1]    WPUB
0x0095       [0]    WPUB6_bit
0x0095       [0]    WPUB5_bit
0x0095       [0]    WPUB1_bit
0x0095       [0]    WPUB3_bit
0x0095       [0]    WPUB0_bit
0x0095       [0]    WPUB2_bit
0x0095       [0]    WPUB4_bit
0x0096       [0]    IOCB2_bit
0x0096       [0]    IOCB3_bit
0x0096       [0]    IOCB1_bit
0x0096       [0]    IOCB0_bit
0x0096       [1]    IOCB
0x0096       [0]    IOCB6_bit
0x0096       [0]    IOCB7_bit
0x0096       [0]    IOCB4_bit
0x0096       [0]    IOCB5_bit
0x0097       [1]    VRCON
0x0097       [0]    VR2_bit
0x0097       [0]    VR3_bit
0x0097       [0]    VR0_bit
0x0097       [0]    VR1_bit
0x0097       [0]    VRSS_bit
0x0097       [0]    VROE_bit
0x0097       [0]    VREN_bit
0x0097       [0]    VRR_bit
0x0098       [1]    TXSTA
0x0098       [0]    SENDB_bit
0x0098       [0]    BRGH_bit
0x0098       [0]    TXEN_bit
0x0098       [0]    SYNC_bit
0x0098       [0]    TX9D_bit
0x0098       [0]    TRMT_bit
0x0098       [0]    TXD8_bit
0x0098       [0]    TX9_bit
0x0098       [0]    CSRC_bit
0x0098       [0]    TX8_9_bit
0x0098       [0]    NOT_TX8_bit
0x0099       [0]    BRG4_bit
0x0099       [0]    BRG3_bit
0x0099       [1]    SPBRG
0x0099       [0]    BRG6_bit
0x0099       [0]    BRG7_bit
0x0099       [0]    BRG5_bit
0x0099       [0]    BRG2_bit
0x0099       [0]    BRG1_bit
0x0099       [0]    BRG0_bit
0x009A       [0]    BRG14_bit
0x009A       [0]    BRG15_bit
0x009A       [1]    SPBRGH
0x009A       [0]    BRG10_bit
0x009A       [0]    BRG12_bit
0x009A       [0]    BRG11_bit
0x009A       [0]    BRG8_bit
0x009A       [0]    BRG13_bit
0x009A       [0]    BRG9_bit
0x009B       [0]    PDC1_bit
0x009B       [1]    PWM1CON
0x009B       [0]    PDC0_bit
0x009B       [0]    PDC5_bit
0x009B       [0]    PDC6_bit
0x009B       [0]    PRSEN_bit
0x009B       [0]    PDC4_bit
0x009B       [0]    PDC2_bit
0x009B       [0]    PDC3_bit
0x009C       [0]    PSSBD0_bit
0x009C       [1]    ECCPAS
0x009C       [0]    PSSBD1_bit
0x009C       [0]    ECCPAS1_bit
0x009C       [0]    ECCPAS0_bit
0x009C       [0]    PSSAC1_bit
0x009C       [0]    PSSAC0_bit
0x009C       [0]    ECCPASE_bit
0x009C       [0]    ECCPAS2_bit
0x009D       [1]    PSTRCON
0x009D       [0]    STRC_bit
0x009D       [0]    STRD_bit
0x009D       [0]    STRSYNC_bit
0x009D       [0]    STRA_bit
0x009D       [0]    STRB_bit
0x009E       [1]    ADRESL
0x009F       [1]    ADCON1
0x009F       [0]    ADFM_bit
0x009F       [0]    VCFG1_bit
0x009F       [0]    VCFG0_bit
0x0105       [0]    WDTPS0_bit
0x0105       [0]    SWDTEN_bit
0x0105       [0]    WDTPS1_bit
0x0105       [1]    WDTCON
0x0105       [0]    WDTPS3_bit
0x0105       [0]    WDTPS2_bit
0x0107       [0]    C1R_bit
0x0107       [0]    C1CH1_bit
0x0107       [0]    C1CH0_bit
0x0107       [0]    C1POL_bit
0x0107       [0]    C1ON_bit
0x0107       [1]    CM1CON0
0x0107       [0]    C1OE_bit
0x0107       [0]    C1OUT_bit
0x0108       [0]    C2CH1_bit
0x0108       [0]    C2CH0_bit
0x0108       [1]    CM2CON0
0x0108       [0]    C2R_bit
0x0108       [0]    C2OUT_bit
0x0108       [0]    C2ON_bit
0x0108       [0]    C2POL_bit
0x0108       [0]    C2OE_bit
0x0109       [0]    C2SYNC_bit
0x0109       [1]    CM2CON1
0x0109       [0]    T1GSS_bit
0x0109       [0]    MC2OUT_bit
0x0109       [0]    C1RSEL_bit
0x0109       [0]    C2RSEL_bit
0x0109       [0]    MC1OUT_bit
0x010C       [1]    EEDATA
0x010C       [1]    EEDAT
0x010D       [1]    EEADR
0x010E       [1]    EEDATH
0x010F       [1]    EEADRH
0x0185       [0]    PULSS_bit
0x0185       [0]    C2REN_bit
0x0185       [0]    FVREN_bit
0x0185       [0]    PULSR_bit
0x0185       [0]    C1SEN_bit
0x0185       [1]    SRCON
0x0185       [0]    SR1_bit
0x0185       [0]    SR0_bit
0x0187       [0]    BRG16_bit
0x0187       [0]    WUE_bit
0x0187       [0]    ABDEN_bit
0x0187       [0]    SCKP_bit
0x0187       [1]    BAUDCTL
0x0187       [0]    ABDOVF_bit
0x0187       [0]    RCIDL_bit
0x0188       [0]    ANS2_bit
0x0188       [0]    ANS3_bit
0x0188       [0]    ANS4_bit
0x0188       [0]    ANS1_bit
0x0188       [1]    ANSEL
0x0188       [0]    ANS0_bit
0x0189       [0]    ANS9_bit
0x0189       [0]    ANS8_bit
0x0189       [1]    ANSELH
0x0189       [0]    ANS12_bit
0x0189       [0]    ANS13_bit
0x0189       [0]    ANS10_bit
0x0189       [0]    ANS11_bit
0x018C       [0]    RD_bit
0x018C       [1]    EECON1
0x018C       [0]    WRERR_bit
0x018C       [0]    EEPGD_bit
0x018C       [0]    WREN_bit
0x018C       [0]    WR_bit
0x018D       [1]    EECON2
//** Label List: ** 
//----------------------------------------------
  L_end_robot_espia_interrupt
  L_robot_espia_interrupt1
  L_robot_espia_interrupt2
  L_robot_espia_interrupt3
  L_robot_espia_interrupt4
  L_robot_espia_interrupt5
  L_robot_espia_interrupt6
  L_robot_espia_interrupt7
  L_robot_espia_interrupt8
  L_robot_espia_interrupt9
  L_robot_espia_interrupt_final
  L_robot_espia_interrupt11
  L_robot_espia_interrupt12
  L_robot_espia_interrupt13
  L_robot_espia_interrupt14
  L_robot_espia_interrupt15
  L_robot_espia_interrupt16
  L_robot_espia_interrupt17
  L_robot_espia_interrupt18
  L_robot_espia_interrupt19
  L_robot_espia_interrupt20
  L_robot_espia_interrupt21
  L_robot_espia_interrupt22
  L_robot_espia_interrupt23
  L_robot_espia_interrupt24
  L_robot_espia_interrupt25
  L_robot_espia_interrupt26
  L_robot_espia_interrupt27
  L_robot_espia_interrupt28
  L_robot_espia_interrupt29
  L_robot_espia_interrupt30
  L_robot_espia_interrupt31
  L_end_robot_espia_ver
  L_robot_espia_ver33
  L_robot_espia_ver34
  L_robot_espia_ver35
  L_robot_espia_ver36
  L_robot_espia_ver37
  L_robot_espia_ver38
  L_robot_espia_ver39
  L_robot_espia_ver40
  L_robot_espia_ver41
  L_end_robot_espia_adelante
  L_end_robot_espia_atras
  L_end_robot_espia_izquierda
  L_end_robot_espia_derecha
  L_end_robot_espia_parar
  L_end__main
  L__main48
  L__main49
  L__main50
  L__main51
  L__main52
  L__main53
  L__main54
  L__main55
  L__main56
  L__main57
  L__main58
  L__main59
  L__main60
  L__main61
  L__main62
  L__main63
  L__main64
  L__main65
  L__main66
  L__main67
  L__main68
  L__main69
  L__main70
  robot_espia_interrupt
  L_robot_espia_interrupt71
  robot_espia_ver
  robot_espia_adelante
  robot_espia_atras
  robot_espia_izquierda
  robot_espia_derecha
  robot_espia_parar
  _main
  L_end__Get_Fosc_kHz
  L_end__Delay_1us
  L_end__Delay_10us
  L__Delay_10us3
  L_end__Delay_22us
  L__Delay_22us5
  L_end__Delay_50us
  L__Delay_50us7
  L_end__Delay_80us
  L__Delay_80us9
  L_end__Delay_500us
  L__Delay_500us11
  L_end__Delay_5500us
  L__Delay_5500us13
  L_end__Delay_5ms
  L__Delay_5ms15
  L_end__Delay_8ms
  L__Delay_8ms17
  L_end__Delay_10ms
  L__Delay_10ms19
  L_end__Delay_100ms
  L__Delay_100ms21
  L_end__Delay_1sec
  L__Delay_1sec23
  L_end__Delay_Cyc
  L__Delay_Cyc25
  L__Delay_Cyc26
  L__Delay_Cyc27
  L__Delay_Cyc28
  L__Delay_Cyc29
  L_end__VDelay_ms
  L__VDelay_ms31
  L__VDelay_ms32
  L__VDelay_ms33
  L__VDelay_ms34
  L__VDelay_ms35
  L__VDelay_ms36
  L__VDelay_ms37
  L__VDelay_ms38
  L_end__VDelay_Advanced_ms
  L__VDelay_Advanced_ms40
  L__VDelay_Advanced_ms41
  L__VDelay_Advanced_ms42
  L__VDelay_Advanced_ms43
  L__VDelay_Advanced_ms44
  L__VDelay_Advanced_ms45
  L__VDelay_Advanced_ms46
  L__VDelay_Advanced_ms47
  _Get_Fosc_kHz
  _Delay_1us
  _Delay_10us
  _Delay_22us
  _Delay_50us
  _Delay_80us
  _Delay_500us
  _Delay_5500us
  _Delay_5ms
  _Delay_8ms
  _Delay_10ms
  _Delay_100ms
  _Delay_1sec
  _Delay_Cyc
  _VDelay_ms
  L__VDelay_ms48
  L__VDelay_ms49
  L__VDelay_ms50
  L__VDelay_ms51
  _VDelay_Advanced_ms
  L__VDelay_Advanced_ms52
  L__VDelay_Advanced_ms53
  L__VDelay_Advanced_ms54
  L__VDelay_Advanced_ms55
  L_end__UART1_Init
  L__UART1_Init1
  L__UART1_Init2
  L__UART1_Init3
  L__UART1_Init4
  L__UART1_Init5
  L_end__UART1_Data_Ready
  L_end__UART1_Read
  L__UART1_Read8
  L__UART1_Read9
  L__UART1_Read10
  L_end__UART1_TX_Idle
  L_end__UART1_Write
  L__UART1_Write13
  L__UART1_Write14
  L__UART1_Write15
  L__UART1_Write16
  L__UART1_Write17
  L_end__UART1_Write_Text
  L__UART1_Write_Text19
  L__UART1_Write_Text20
  L__UART1_Write_Text21
  L__UART1_Write_Text22
  L__UART1_Write_Text23
  L_end__UART1_Read_Text
  L__UART1_Read_Text25
  L__UART1_Read_Text26
  L__UART1_Read_Text27
  L__UART1_Read_Text28
  L__UART1_Read_Text29
  L__UART1_Read_Text30
  L__UART1_Read_Text31
  L__UART1_Read_Text32
  L__UART1_Read_Text33
  L__UART1_Read_Text34
  L__UART1_Read_Text35
  L__UART1_Read_Text36
  L__UART1_Read_Text37
  L__UART1_Read_Text38
  L__UART1_Read_Text39
  L__UART1_Read_Text40
  L__UART1_Read_Text41
  L__UART1_Read_Text42
  L__UART1_Read_Text43
  L__UART1_Read_Text44
  L__UART1_Read_Text45
  L__UART1_Read_Text46
  _UART1_Init
  _UART1_Data_Ready
  _UART1_Read
  _UART1_TX_Idle
  _UART1_Write
  _UART1_Write_Text
  _UART1_Read_Text
  L_end_robot_espia_interrupt
  L_robot_espia_interrupt1
  L_robot_espia_interrupt2
  L_robot_espia_interrupt3
  L_robot_espia_interrupt4
  L_robot_espia_interrupt5
  L_robot_espia_interrupt6
  L_robot_espia_interrupt7
  L_robot_espia_interrupt8
  L_robot_espia_interrupt9
  L_robot_espia_interrupt_final
  L_robot_espia_interrupt11
  L_robot_espia_interrupt12
  L_robot_espia_interrupt13
  L_robot_espia_interrupt14
  L_robot_espia_interrupt15
  L_robot_espia_interrupt16
  L_robot_espia_interrupt17
  L_robot_espia_interrupt18
  L_robot_espia_interrupt19
  L_robot_espia_interrupt20
  L_robot_espia_interrupt21
  L_robot_espia_interrupt22
  L_robot_espia_interrupt23
  L_robot_espia_interrupt24
  L_robot_espia_interrupt25
  L_robot_espia_interrupt26
  L_robot_espia_interrupt27
  L_robot_espia_interrupt28
  L_robot_espia_interrupt29
  L_robot_espia_interrupt30
  L_robot_espia_interrupt31
  L_end_robot_espia_ver
  L_robot_espia_ver33
  L_robot_espia_ver34
  L_robot_espia_ver35
  L_robot_espia_ver36
  L_robot_espia_ver37
  L_robot_espia_ver38
  L_robot_espia_ver39
  L_robot_espia_ver40
  L_robot_espia_ver41
  L_end_robot_espia_adelante
  L_end_robot_espia_atras
  L_end_robot_espia_izquierda
  L_end_robot_espia_derecha
  L_end_robot_espia_parar
  L_end__main
  L__main48
  L__main49
  L__main50
  L__main51
  L__main52
  L__main53
  L__main54
  L__main55
  L__main56
  L__main57
  L__main58
  L__main59
  L__main60
  L__main61
  L__main62
  L__main63
  L__main64
  L__main65
  L__main66
  L__main67
  L__main68
  L__main69
  L__main70
  robot_espia_interrupt
  L_robot_espia_interrupt71
  robot_espia_ver
  robot_espia_adelante
  robot_espia_atras
  robot_espia_izquierda
  robot_espia_derecha
  robot_espia_parar
  _main
