;  LST file generated by mikroListExporter - v.2.0 
; Date/Time: 19/12/2015 18:42:30
;----------------------------------------------

;Address Opcode 	ASM
0x0000	0xF001EF59  	GOTO        690
0x0004	0x0000      	NOP
0x0006	0x0000      	NOP
0x0008	0xF000EF00  	GOTO        0
0x000C	0x0000      	NOP
0x000E	0x0000      	NOP
0x0010	0x0000      	NOP
0x0012	0x0000      	NOP
0x0014	0x0000      	NOP
0x0016	0x0000      	NOP
0x0018	0xD7F3      	BRA         0
_Delay_5500us:
;__Lib_Delays.mbas,51 :: 		sub procedure Delay_5500us()
;__Lib_Delays.mbas,52 :: 		Delay_us(5500)
0x001C	0x0E24      	MOVLW       36
0x001E	0x6E0C      	MOVWF       R12, 0
0x0020	0x0EB5      	MOVLW       181
0x0022	0x6E0D      	MOVWF       R13, 0
L__Delay_5500us13:
0x0024	0x2E0D      	DECFSZ      R13, 1, 0
0x0026	0xD7FE      	BRA         L__Delay_5500us13
0x0028	0x2E0C      	DECFSZ      R12, 1, 0
0x002A	0xD7FC      	BRA         L__Delay_5500us13
0x002C	0x0000      	NOP
0x002E	0x0000      	NOP
0x0030	0x0012      	RETURN      0
; end of _Delay_5500us
_Delay_50us:
;__Lib_Delays.mbas,39 :: 		sub procedure Delay_50us()
;__Lib_Delays.mbas,40 :: 		Delay_us(50)
0x0032	0x0E53      	MOVLW       83
0x0034	0x6E0D      	MOVWF       R13, 0
L__Delay_50us7:
0x0036	0x2E0D      	DECFSZ      R13, 1, 0
0x0038	0xD7FE      	BRA         L__Delay_50us7
0x003A	0x0012      	RETURN      0
; end of _Delay_50us
_Delay_1us:
;__Lib_Delays.mbas,27 :: 		sub procedure Delay_1us()
;__Lib_Delays.mbas,28 :: 		Delay_us(1)
0x003C	0x0000      	NOP
0x003E	0x0000      	NOP
0x0040	0x0000      	NOP
0x0042	0x0000      	NOP
0x0044	0x0000      	NOP
0x0046	0x0012      	RETURN      0
; end of _Delay_1us
_Lcd_Cmd:
;__Lib_Lcd.mpas,33 :: 		
;__Lib_Lcd.mpas,34 :: 		
0x0048	0xBE3C      	BTFSC       FARG_Lcd_Cmd_out_char, 7 
0x004A	0xD002      	BRA         L__Lcd_Cmd45
0x004C	0x9E81      	BCF         LCD_D7, BitPos(LCD_D7+0) 
0x004E	0xD001      	BRA         L__Lcd_Cmd46
L__Lcd_Cmd45:
0x0050	0x8E81      	BSF         LCD_D7, BitPos(LCD_D7+0) 
L__Lcd_Cmd46:
;__Lib_Lcd.mpas,35 :: 		
0x0052	0xBC3C      	BTFSC       FARG_Lcd_Cmd_out_char, 6 
0x0054	0xD002      	BRA         L__Lcd_Cmd47
0x0056	0x9C81      	BCF         LCD_D6, BitPos(LCD_D6+0) 
0x0058	0xD001      	BRA         L__Lcd_Cmd48
L__Lcd_Cmd47:
0x005A	0x8C81      	BSF         LCD_D6, BitPos(LCD_D6+0) 
L__Lcd_Cmd48:
;__Lib_Lcd.mpas,36 :: 		
0x005C	0xBA3C      	BTFSC       FARG_Lcd_Cmd_out_char, 5 
0x005E	0xD002      	BRA         L__Lcd_Cmd49
0x0060	0x9A81      	BCF         LCD_D5, BitPos(LCD_D5+0) 
0x0062	0xD001      	BRA         L__Lcd_Cmd50
L__Lcd_Cmd49:
0x0064	0x8A81      	BSF         LCD_D5, BitPos(LCD_D5+0) 
L__Lcd_Cmd50:
;__Lib_Lcd.mpas,37 :: 		
0x0066	0xB83C      	BTFSC       FARG_Lcd_Cmd_out_char, 4 
0x0068	0xD002      	BRA         L__Lcd_Cmd51
0x006A	0x9881      	BCF         LCD_D4, BitPos(LCD_D4+0) 
0x006C	0xD001      	BRA         L__Lcd_Cmd52
L__Lcd_Cmd51:
0x006E	0x8881      	BSF         LCD_D4, BitPos(LCD_D4+0) 
L__Lcd_Cmd52:
;__Lib_Lcd.mpas,39 :: 		
0x0070	0xB020      	BTFSC       __Lib_Lcd_cmd_status, BitPos(__Lib_Lcd_cmd_status+0) 
0x0072	0xD002      	BRA         L__Lcd_Cmd53
0x0074	0x8481      	BSF         LCD_RS, BitPos(LCD_RS+0) 
0x0076	0xD001      	BRA         L__Lcd_Cmd54
L__Lcd_Cmd53:
0x0078	0x9481      	BCF         LCD_RS, BitPos(LCD_RS+0) 
L__Lcd_Cmd54:
;__Lib_Lcd.mpas,42 :: 		
0x007A	0x8681      	BSF         LCD_EN, BitPos(LCD_EN+0) 
;__Lib_Lcd.mpas,43 :: 		
0x007C	0xDFDF      	RCALL       _Delay_1us
;__Lib_Lcd.mpas,44 :: 		
0x007E	0x9681      	BCF         LCD_EN, BitPos(LCD_EN+0) 
;__Lib_Lcd.mpas,47 :: 		
0x0080	0xB63C      	BTFSC       FARG_Lcd_Cmd_out_char, 3 
0x0082	0xD002      	BRA         L__Lcd_Cmd55
0x0084	0x9E81      	BCF         LCD_D7, BitPos(LCD_D7+0) 
0x0086	0xD001      	BRA         L__Lcd_Cmd56
L__Lcd_Cmd55:
0x0088	0x8E81      	BSF         LCD_D7, BitPos(LCD_D7+0) 
L__Lcd_Cmd56:
;__Lib_Lcd.mpas,48 :: 		
0x008A	0xB43C      	BTFSC       FARG_Lcd_Cmd_out_char, 2 
0x008C	0xD002      	BRA         L__Lcd_Cmd57
0x008E	0x9C81      	BCF         LCD_D6, BitPos(LCD_D6+0) 
0x0090	0xD001      	BRA         L__Lcd_Cmd58
L__Lcd_Cmd57:
0x0092	0x8C81      	BSF         LCD_D6, BitPos(LCD_D6+0) 
L__Lcd_Cmd58:
;__Lib_Lcd.mpas,49 :: 		
0x0094	0xB23C      	BTFSC       FARG_Lcd_Cmd_out_char, 1 
0x0096	0xD002      	BRA         L__Lcd_Cmd59
0x0098	0x9A81      	BCF         LCD_D5, BitPos(LCD_D5+0) 
0x009A	0xD001      	BRA         L__Lcd_Cmd60
L__Lcd_Cmd59:
0x009C	0x8A81      	BSF         LCD_D5, BitPos(LCD_D5+0) 
L__Lcd_Cmd60:
;__Lib_Lcd.mpas,50 :: 		
0x009E	0xB03C      	BTFSC       FARG_Lcd_Cmd_out_char, 0 
0x00A0	0xD002      	BRA         L__Lcd_Cmd61
0x00A2	0x9881      	BCF         LCD_D4, BitPos(LCD_D4+0) 
0x00A4	0xD001      	BRA         L__Lcd_Cmd62
L__Lcd_Cmd61:
0x00A6	0x8881      	BSF         LCD_D4, BitPos(LCD_D4+0) 
L__Lcd_Cmd62:
;__Lib_Lcd.mpas,52 :: 		
0x00A8	0xB020      	BTFSC       __Lib_Lcd_cmd_status, BitPos(__Lib_Lcd_cmd_status+0) 
0x00AA	0xD002      	BRA         L__Lcd_Cmd63
0x00AC	0x8481      	BSF         LCD_RS, BitPos(LCD_RS+0) 
0x00AE	0xD001      	BRA         L__Lcd_Cmd64
L__Lcd_Cmd63:
0x00B0	0x9481      	BCF         LCD_RS, BitPos(LCD_RS+0) 
L__Lcd_Cmd64:
;__Lib_Lcd.mpas,54 :: 		
0x00B2	0x8681      	BSF         LCD_EN, BitPos(LCD_EN+0) 
;__Lib_Lcd.mpas,55 :: 		
0x00B4	0xDFC3      	RCALL       _Delay_1us
;__Lib_Lcd.mpas,56 :: 		
0x00B6	0x9681      	BCF         LCD_EN, BitPos(LCD_EN+0) 
;__Lib_Lcd.mpas,58 :: 		
0x00B8	0xA020      	BTFSS       __Lib_Lcd_cmd_status, BitPos(__Lib_Lcd_cmd_status+0) 
0x00BA	0xD002      	BRA         L__Lcd_Cmd2
;__Lib_Lcd.mpas,59 :: 		
0x00BC	0xDFAF      	RCALL       _Delay_5500us
0x00BE	0xD001      	BRA         L__Lcd_Cmd3
;__Lib_Lcd.mpas,60 :: 		
L__Lcd_Cmd2:
;__Lib_Lcd.mpas,61 :: 		
0x00C0	0xDFB8      	RCALL       _Delay_50us
L__Lcd_Cmd3:
;__Lib_Lcd.mpas,62 :: 		
0x00C2	0x0012      	RETURN      0
; end of _Lcd_Cmd
_UART1_Write:
;__Lib_UART_c67.mpas,75 :: 		
;__Lib_UART_c67.mpas,76 :: 		
L__UART1_Write14:
0x00C4	0xB2AC      	BTFSC       TXSTA, 1 
0x00C6	0xD002      	BRA         L__UART1_Write15
0x00C8	0x0000      	NOP
0x00CA	0xD7FC      	BRA         L__UART1_Write14
L__UART1_Write15:
;__Lib_UART_c67.mpas,77 :: 		
0x00CC	0xFFADC03B  	MOVFF       FARG_UART1_Write_data_, TXREG
;__Lib_UART_c67.mpas,78 :: 		
0x00D0	0x0012      	RETURN      0
; end of _UART1_Write
_Lcd_Chr_CP:
;__Lib_Lcd.mpas,65 :: 		
;__Lib_Lcd.mpas,66 :: 		
0x00D2	0x9020      	BCF         __Lib_Lcd_cmd_status, BitPos(__Lib_Lcd_cmd_status+0) 
;__Lib_Lcd.mpas,67 :: 		
0x00D4	0xF03CC03B  	MOVFF       FARG_Lcd_Chr_CP_Out_Char, FARG_Lcd_Cmd_out_char
0x00D8	0xDFB7      	RCALL       _Lcd_Cmd
;__Lib_Lcd.mpas,68 :: 		
0x00DA	0x8020      	BSF         __Lib_Lcd_cmd_status, BitPos(__Lib_Lcd_cmd_status+0) 
;__Lib_Lcd.mpas,69 :: 		
0x00DC	0x0012      	RETURN      0
; end of _Lcd_Chr_CP
dmtf_Init_Main:
;dmtf.mbas,18 :: 		sub procedure Init_Main
;dmtf.mbas,22 :: 		TRISE=0X07
0x00DE	0x0E07      	MOVLW       7
0x00E0	0x6E96      	MOVWF       TRISE 
;dmtf.mbas,23 :: 		PORTE=0
0x00E2	0x6A84      	CLRF        PORTE 
;dmtf.mbas,24 :: 		TRISD=0
0x00E4	0x6A95      	CLRF        TRISD 
;dmtf.mbas,25 :: 		PORTD=0
0x00E6	0x6A83      	CLRF        PORTD 
;dmtf.mbas,26 :: 		INTCON = 0                             ' Disable GIE, PEIE, TMR0IE,INT0IE,RBIE
0x00E8	0x6AF2      	CLRF        INTCON 
;dmtf.mbas,27 :: 		INTCON2 = 0xF5
0x00EA	0x0EF5      	MOVLW       245
0x00EC	0x6EF1      	MOVWF       INTCON2 
;dmtf.mbas,28 :: 		INTCON3 = 0xC0
0x00EE	0x0EC0      	MOVLW       192
0x00F0	0x6EF0      	MOVWF       INTCON3 
;dmtf.mbas,29 :: 		RCON.IPEN = 0                          ' Disable Priority Levels on interrupts
0x00F2	0x9ED0      	BCF         RCON, 7 
;dmtf.mbas,30 :: 		PIE1 = 0
0x00F4	0x6A9D      	CLRF        PIE1 
;dmtf.mbas,31 :: 		PIE2 = 0
0x00F6	0x6AA0      	CLRF        PIE2 
;dmtf.mbas,32 :: 		PIR1 = 0
0x00F8	0x6A9E      	CLRF        PIR1 
;dmtf.mbas,33 :: 		PIR2 = 0
0x00FA	0x6AA1      	CLRF        PIR2 
;dmtf.mbas,35 :: 		ADCON1 = ADCON1 or 0x0F                         ' Configure all ports with analog sub function as digital
0x00FC	0x0E0F      	MOVLW       15
0x00FE	0x12C1      	IORWF       ADCON1, 1 
;dmtf.mbas,39 :: 		TRISA = 0xFF
0x0100	0x0EFF      	MOVLW       255
0x0102	0x6E92      	MOVWF       TRISA 
;dmtf.mbas,40 :: 		TRISB = 0x00
0x0104	0x6A93      	CLRF        TRISB 
;dmtf.mbas,41 :: 		PORTB = 0
0x0106	0x6A81      	CLRF        PORTB 
;dmtf.mbas,42 :: 		TRISC = 0xFF
0x0108	0x0EFF      	MOVLW       255
0x010A	0x6E94      	MOVWF       TRISC 
;dmtf.mbas,43 :: 		PORTC=0
0x010C	0x6A82      	CLRF        PORTC 
;dmtf.mbas,44 :: 		TRISD = 0
0x010E	0x6A95      	CLRF        TRISD 
;dmtf.mbas,45 :: 		TRISE = 0x07
0x0110	0x0E07      	MOVLW       7
0x0112	0x6E96      	MOVWF       TRISE 
;dmtf.mbas,48 :: 		LATA = 0
0x0114	0x6A89      	CLRF        LATA 
;dmtf.mbas,49 :: 		LATB = 0
0x0116	0x6A8A      	CLRF        LATB 
;dmtf.mbas,50 :: 		LATC = 0
0x0118	0x6A8B      	CLRF        LATC 
;dmtf.mbas,51 :: 		LATD = 0
0x011A	0x6A8C      	CLRF        LATD 
;dmtf.mbas,52 :: 		LATE = 0
0x011C	0x6A8D      	CLRF        LATE 
0x011E	0x0012      	RETURN      0
; end of dmtf_Init_Main
_Lcd_Init:
;__Lib_Lcd.mpas,104 :: 		
;__Lib_Lcd.mpas,106 :: 		
0x0120	0x9693      	BCF         LCD_EN_Direction, BitPos(LCD_EN_Direction+0) 
;__Lib_Lcd.mpas,107 :: 		
0x0122	0x9493      	BCF         LCD_RS_Direction, BitPos(LCD_RS_Direction+0) 
;__Lib_Lcd.mpas,108 :: 		
0x0124	0x9893      	BCF         LCD_D4_Direction, BitPos(LCD_D4_Direction+0) 
;__Lib_Lcd.mpas,109 :: 		
0x0126	0x9A93      	BCF         LCD_D5_Direction, BitPos(LCD_D5_Direction+0) 
;__Lib_Lcd.mpas,110 :: 		
0x0128	0x9C93      	BCF         LCD_D6_Direction, BitPos(LCD_D6_Direction+0) 
;__Lib_Lcd.mpas,111 :: 		
0x012A	0x9E93      	BCF         LCD_D7_Direction, BitPos(LCD_D7_Direction+0) 
;__Lib_Lcd.mpas,113 :: 		
0x012C	0x9681      	BCF         LCD_EN, BitPos(LCD_EN+0) 
;__Lib_Lcd.mpas,114 :: 		
0x012E	0x9481      	BCF         LCD_RS, BitPos(LCD_RS+0) 
;__Lib_Lcd.mpas,115 :: 		
0x0130	0x9E81      	BCF         LCD_D7, BitPos(LCD_D7+0) 
;__Lib_Lcd.mpas,116 :: 		
0x0132	0x9C81      	BCF         LCD_D6, BitPos(LCD_D6+0) 
;__Lib_Lcd.mpas,117 :: 		
0x0134	0x9A81      	BCF         LCD_D5, BitPos(LCD_D5+0) 
;__Lib_Lcd.mpas,118 :: 		
0x0136	0x9881      	BCF         LCD_D4, BitPos(LCD_D4+0) 
;__Lib_Lcd.mpas,120 :: 		
0x0138	0xDF71      	RCALL       _Delay_5500us
;__Lib_Lcd.mpas,121 :: 		
0x013A	0xDF70      	RCALL       _Delay_5500us
;__Lib_Lcd.mpas,122 :: 		
0x013C	0xDF6F      	RCALL       _Delay_5500us
;__Lib_Lcd.mpas,125 :: 		
0x013E	0x8A81      	BSF         LCD_D5, BitPos(LCD_D5+0) 
;__Lib_Lcd.mpas,126 :: 		
0x0140	0x8881      	BSF         LCD_D4, BitPos(LCD_D4+0) 
;__Lib_Lcd.mpas,127 :: 		
0x0142	0x8681      	BSF         LCD_EN, BitPos(LCD_EN+0) 
;__Lib_Lcd.mpas,128 :: 		
0x0144	0xDF7B      	RCALL       _Delay_1us
;__Lib_Lcd.mpas,129 :: 		
0x0146	0x9681      	BCF         LCD_EN, BitPos(LCD_EN+0) 
;__Lib_Lcd.mpas,130 :: 		
0x0148	0xDF69      	RCALL       _Delay_5500us
;__Lib_Lcd.mpas,132 :: 		
0x014A	0x8681      	BSF         LCD_EN, BitPos(LCD_EN+0) 
;__Lib_Lcd.mpas,133 :: 		
0x014C	0xDF77      	RCALL       _Delay_1us
;__Lib_Lcd.mpas,134 :: 		
0x014E	0x9681      	BCF         LCD_EN, BitPos(LCD_EN+0) 
;__Lib_Lcd.mpas,135 :: 		
0x0150	0xDF65      	RCALL       _Delay_5500us
;__Lib_Lcd.mpas,137 :: 		
0x0152	0x8681      	BSF         LCD_EN, BitPos(LCD_EN+0) 
;__Lib_Lcd.mpas,138 :: 		
0x0154	0xDF73      	RCALL       _Delay_1us
;__Lib_Lcd.mpas,139 :: 		
0x0156	0x9681      	BCF         LCD_EN, BitPos(LCD_EN+0) 
;__Lib_Lcd.mpas,140 :: 		
0x0158	0xDF61      	RCALL       _Delay_5500us
;__Lib_Lcd.mpas,143 :: 		
0x015A	0x9881      	BCF         LCD_D4, BitPos(LCD_D4+0) 
;__Lib_Lcd.mpas,144 :: 		
0x015C	0x8681      	BSF         LCD_EN, BitPos(LCD_EN+0) 
;__Lib_Lcd.mpas,145 :: 		
0x015E	0xDF6E      	RCALL       _Delay_1us
;__Lib_Lcd.mpas,146 :: 		
0x0160	0x9681      	BCF         LCD_EN, BitPos(LCD_EN+0) 
;__Lib_Lcd.mpas,147 :: 		
0x0162	0xDF5C      	RCALL       _Delay_5500us
;__Lib_Lcd.mpas,150 :: 		
0x0164	0x8681      	BSF         LCD_EN, BitPos(LCD_EN+0) 
;__Lib_Lcd.mpas,151 :: 		
0x0166	0xDF6A      	RCALL       _Delay_1us
;__Lib_Lcd.mpas,152 :: 		
0x0168	0x9681      	BCF         LCD_EN, BitPos(LCD_EN+0) 
;__Lib_Lcd.mpas,154 :: 		
0x016A	0x9A81      	BCF         LCD_D5, BitPos(LCD_D5+0) 
;__Lib_Lcd.mpas,155 :: 		
0x016C	0x8E81      	BSF         LCD_D7, BitPos(LCD_D7+0) 
;__Lib_Lcd.mpas,156 :: 		
0x016E	0x8681      	BSF         LCD_EN, BitPos(LCD_EN+0) 
;__Lib_Lcd.mpas,157 :: 		
0x0170	0xDF65      	RCALL       _Delay_1us
;__Lib_Lcd.mpas,158 :: 		
0x0172	0x9681      	BCF         LCD_EN, BitPos(LCD_EN+0) 
;__Lib_Lcd.mpas,159 :: 		
0x0174	0xDF53      	RCALL       _Delay_5500us
;__Lib_Lcd.mpas,162 :: 		
0x0176	0x9E81      	BCF         LCD_D7, BitPos(LCD_D7+0) 
;__Lib_Lcd.mpas,163 :: 		
0x0178	0x8881      	BSF         LCD_D4, BitPos(LCD_D4+0) 
;__Lib_Lcd.mpas,164 :: 		
0x017A	0x8681      	BSF         LCD_EN, BitPos(LCD_EN+0) 
;__Lib_Lcd.mpas,165 :: 		
0x017C	0xDF5F      	RCALL       _Delay_1us
;__Lib_Lcd.mpas,166 :: 		
0x017E	0x9681      	BCF         LCD_EN, BitPos(LCD_EN+0) 
;__Lib_Lcd.mpas,168 :: 		
0x0180	0x9881      	BCF         LCD_D4, BitPos(LCD_D4+0) 
;__Lib_Lcd.mpas,169 :: 		
0x0182	0x8681      	BSF         LCD_EN, BitPos(LCD_EN+0) 
;__Lib_Lcd.mpas,170 :: 		
0x0184	0xDF5B      	RCALL       _Delay_1us
;__Lib_Lcd.mpas,171 :: 		
0x0186	0x9681      	BCF         LCD_EN, BitPos(LCD_EN+0) 
;__Lib_Lcd.mpas,172 :: 		
0x0188	0xDF49      	RCALL       _Delay_5500us
;__Lib_Lcd.mpas,175 :: 		
0x018A	0x8681      	BSF         LCD_EN, BitPos(LCD_EN+0) 
;__Lib_Lcd.mpas,176 :: 		
0x018C	0xDF57      	RCALL       _Delay_1us
;__Lib_Lcd.mpas,177 :: 		
0x018E	0x9681      	BCF         LCD_EN, BitPos(LCD_EN+0) 
;__Lib_Lcd.mpas,179 :: 		
0x0190	0x8881      	BSF         LCD_D4, BitPos(LCD_D4+0) 
;__Lib_Lcd.mpas,180 :: 		
0x0192	0x8681      	BSF         LCD_EN, BitPos(LCD_EN+0) 
;__Lib_Lcd.mpas,181 :: 		
0x0194	0xDF53      	RCALL       _Delay_1us
;__Lib_Lcd.mpas,182 :: 		
0x0196	0x9681      	BCF         LCD_EN, BitPos(LCD_EN+0) 
;__Lib_Lcd.mpas,183 :: 		
0x0198	0xDF41      	RCALL       _Delay_5500us
;__Lib_Lcd.mpas,186 :: 		
0x019A	0x9881      	BCF         LCD_D4, BitPos(LCD_D4+0) 
;__Lib_Lcd.mpas,187 :: 		
0x019C	0x8681      	BSF         LCD_EN, BitPos(LCD_EN+0) 
;__Lib_Lcd.mpas,188 :: 		
0x019E	0xDF4E      	RCALL       _Delay_1us
;__Lib_Lcd.mpas,189 :: 		
0x01A0	0x9681      	BCF         LCD_EN, BitPos(LCD_EN+0) 
;__Lib_Lcd.mpas,191 :: 		
0x01A2	0x8E81      	BSF         LCD_D7, BitPos(LCD_D7+0) 
;__Lib_Lcd.mpas,192 :: 		
0x01A4	0x8C81      	BSF         LCD_D6, BitPos(LCD_D6+0) 
;__Lib_Lcd.mpas,193 :: 		
0x01A6	0x8A81      	BSF         LCD_D5, BitPos(LCD_D5+0) 
;__Lib_Lcd.mpas,194 :: 		
0x01A8	0x8881      	BSF         LCD_D4, BitPos(LCD_D4+0) 
;__Lib_Lcd.mpas,195 :: 		
0x01AA	0x8681      	BSF         LCD_EN, BitPos(LCD_EN+0) 
;__Lib_Lcd.mpas,196 :: 		
0x01AC	0xDF47      	RCALL       _Delay_1us
;__Lib_Lcd.mpas,197 :: 		
0x01AE	0x9681      	BCF         LCD_EN, BitPos(LCD_EN+0) 
;__Lib_Lcd.mpas,199 :: 		
0x01B0	0xDF35      	RCALL       _Delay_5500us
;__Lib_Lcd.mpas,201 :: 		
0x01B2	0x8020      	BSF         __Lib_Lcd_cmd_status, BitPos(__Lib_Lcd_cmd_status+0) 
;__Lib_Lcd.mpas,202 :: 		
0x01B4	0x0012      	RETURN      0
; end of _Lcd_Init
_Lcd_Out:
;__Lib_Lcd.mpas,207 :: 		
;__Lib_Lcd.mpas,210 :: 		
0x01B6	0x5036      	MOVF        FARG_Lcd_Out_row, 0 
0x01B8	0x0A01      	XORLW       1
0x01BA	0xE103      	BNZ         L__Lcd_Out30
0x01BC	0x0E80      	MOVLW       128
0x01BE	0x6E36      	MOVWF       FARG_Lcd_Out_row 
0x01C0	0xD014      	BRA         L__Lcd_Out27
L__Lcd_Out30:
;__Lib_Lcd.mpas,211 :: 		
0x01C2	0x5036      	MOVF        FARG_Lcd_Out_row, 0 
0x01C4	0x0A02      	XORLW       2
0x01C6	0xE103      	BNZ         L__Lcd_Out33
0x01C8	0x0EC0      	MOVLW       192
0x01CA	0x6E36      	MOVWF       FARG_Lcd_Out_row 
0x01CC	0xD00E      	BRA         L__Lcd_Out27
L__Lcd_Out33:
;__Lib_Lcd.mpas,212 :: 		
0x01CE	0x5036      	MOVF        FARG_Lcd_Out_row, 0 
0x01D0	0x0A03      	XORLW       3
0x01D2	0xE103      	BNZ         L__Lcd_Out36
0x01D4	0x0E94      	MOVLW       148
0x01D6	0x6E36      	MOVWF       FARG_Lcd_Out_row 
0x01D8	0xD008      	BRA         L__Lcd_Out27
L__Lcd_Out36:
;__Lib_Lcd.mpas,213 :: 		
0x01DA	0x5036      	MOVF        FARG_Lcd_Out_row, 0 
0x01DC	0x0A04      	XORLW       4
0x01DE	0xE103      	BNZ         L__Lcd_Out39
0x01E0	0x0ED4      	MOVLW       212
0x01E2	0x6E36      	MOVWF       FARG_Lcd_Out_row 
;__Lib_Lcd.mpas,214 :: 		
0x01E4	0xD002      	BRA         L__Lcd_Out27
L__Lcd_Out39:
;__Lib_Lcd.mpas,215 :: 		
0x01E6	0x0E80      	MOVLW       128
0x01E8	0x6E36      	MOVWF       FARG_Lcd_Out_row 
L__Lcd_Out27:
;__Lib_Lcd.mpas,218 :: 		
0x01EA	0x0437      	DECF        FARG_Lcd_Out_column, 0 
0x01EC	0x6E00      	MOVWF       R0 
0x01EE	0x5036      	MOVF        FARG_Lcd_Out_row, 0 
0x01F0	0x2600      	ADDWF       R0, 1 
0x01F2	0xF036C000  	MOVFF       R0, FARG_Lcd_Out_row
;__Lib_Lcd.mpas,220 :: 		
0x01F6	0xF03CC000  	MOVFF       R0, FARG_Lcd_Cmd_out_char
0x01FA	0xDF26      	RCALL       _Lcd_Cmd
;__Lib_Lcd.mpas,221 :: 		
0x01FC	0x9020      	BCF         __Lib_Lcd_cmd_status, BitPos(__Lib_Lcd_cmd_status+0) 
;__Lib_Lcd.mpas,222 :: 		
0x01FE	0x6A3A      	CLRF        Lcd_Out_i 
;__Lib_Lcd.mpas,223 :: 		
L__Lcd_Out41:
0x0200	0x503A      	MOVF        Lcd_Out_i, 0 
0x0202	0x2438      	ADDWF       FARG_Lcd_Out_text, 0 
0x0204	0x6EE9      	MOVWF       FSR0L 
0x0206	0x0E00      	MOVLW       0
0x0208	0x2039      	ADDWFC      FARG_Lcd_Out_text+1, 0 
0x020A	0x6EEA      	MOVWF       FSR0H 
0x020C	0x50EE      	MOVF        POSTINC0, 0 
0x020E	0x0A00      	XORLW       0
0x0210	0xE00B      	BZ          L__Lcd_Out42
;__Lib_Lcd.mpas,225 :: 		
0x0212	0x503A      	MOVF        Lcd_Out_i, 0 
0x0214	0x2438      	ADDWF       FARG_Lcd_Out_text, 0 
0x0216	0x6EE9      	MOVWF       FSR0L 
0x0218	0x0E00      	MOVLW       0
0x021A	0x2039      	ADDWFC      FARG_Lcd_Out_text+1, 0 
0x021C	0x6EEA      	MOVWF       FSR0H 
0x021E	0xF03BCFEE  	MOVFF       POSTINC0, FARG_Lcd_Chr_CP_Out_Char
0x0222	0xDF57      	RCALL       _Lcd_Chr_CP
;__Lib_Lcd.mpas,226 :: 		
0x0224	0x2A3A      	INCF        Lcd_Out_i, 1 
;__Lib_Lcd.mpas,227 :: 		
0x0226	0xD7EC      	BRA         L__Lcd_Out41
L__Lcd_Out42:
;__Lib_Lcd.mpas,228 :: 		
0x0228	0x8020      	BSF         __Lib_Lcd_cmd_status, BitPos(__Lib_Lcd_cmd_status+0) 
;__Lib_Lcd.mpas,229 :: 		
0x022A	0x0012      	RETURN      0
; end of _Lcd_Out
_UART1_Init:
;__Lib_UART_c67.mpas,28 :: 		
;__Lib_UART_c67.mpas,30 :: 		
0x022C	0x0EC4      	MOVLW       _UART1_Write
0x022E	0x6E16      	MOVWF       _UART_Wr_Ptr 
0x0230	0x0E00      	MOVLW       hi_addr(_UART1_Write)
0x0232	0x6E17      	MOVWF       _UART_Wr_Ptr+1 
0x0234	0x0E3B      	MOVLW       FARG_UART1_Write_data_
0x0236	0x6E18      	MOVWF       _UART_Wr_Ptr+2 
0x0238	0x0E00      	MOVLW       hi_addr(FARG_UART1_Write_data_)
0x023A	0x6E19      	MOVWF       _UART_Wr_Ptr+3 
;__Lib_UART_c67.mpas,31 :: 		
0x023C	0x0EFF      	MOVLW       _UART1_Read
0x023E	0x6E1C      	MOVWF       _UART_Rd_Ptr 
0x0240	0x0EFF      	MOVLW       hi_addr(_UART1_Read)
0x0242	0x6E1D      	MOVWF       _UART_Rd_Ptr+1 
0x0244	0x0E00      	MOVLW       0
0x0246	0x6E1E      	MOVWF       _UART_Rd_Ptr+2 
0x0248	0x0E00      	MOVLW       0
0x024A	0x6E1F      	MOVWF       _UART_Rd_Ptr+3 
;__Lib_UART_c67.mpas,32 :: 		
0x024C	0x0EFF      	MOVLW       _UART1_Data_Ready
0x024E	0x6E21      	MOVWF       _UART_Rdy_Ptr 
0x0250	0x0EFF      	MOVLW       hi_addr(_UART1_Data_Ready)
0x0252	0x6E22      	MOVWF       _UART_Rdy_Ptr+1 
0x0254	0x0E00      	MOVLW       0
0x0256	0x6E23      	MOVWF       _UART_Rdy_Ptr+2 
0x0258	0x0E00      	MOVLW       0
0x025A	0x6E24      	MOVWF       _UART_Rdy_Ptr+3 
;__Lib_UART_c67.mpas,33 :: 		
0x025C	0x0EFF      	MOVLW       _UART1_TX_Idle
0x025E	0x6E25      	MOVWF       _UART_TX_Idle_Ptr 
0x0260	0x0EFF      	MOVLW       hi_addr(_UART1_TX_Idle)
0x0262	0x6E26      	MOVWF       _UART_TX_Idle_Ptr+1 
0x0264	0x0E00      	MOVLW       0
0x0266	0x6E27      	MOVWF       _UART_TX_Idle_Ptr+2 
0x0268	0x0E00      	MOVLW       0
0x026A	0x6E28      	MOVWF       _UART_TX_Idle_Ptr+3 
;__Lib_UART_c67.mpas,35 :: 		
0x026C	0x8AAC      	BSF         TXSTA, 5 
;__Lib_UART_c67.mpas,36 :: 		
0x026E	0x0E90      	MOVLW       144
0x0270	0x6EAB      	MOVWF       RCSTA 
;__Lib_UART_c67.mpas,37 :: 		
0x0272	0x8E94      	BSF         TRISC7_bit, 7 
;__Lib_UART_c67.mpas,38 :: 		
0x0274	0x9C94      	BCF         TRISC6_bit, 6 
;__Lib_UART_c67.mpas,39 :: 		
L__UART1_Init2:
0x0276	0xAA9E      	BTFSS       PIR1, 5 
0x0278	0xD003      	BRA         L__UART1_Init3
;__Lib_UART_c67.mpas,40 :: 		
0x027A	0xF000CFAE  	MOVFF       RCREG, R0
0x027E	0xD7FB      	BRA         L__UART1_Init2
L__UART1_Init3:
;__Lib_UART_c67.mpas,41 :: 		
0x0280	0x0012      	RETURN      0
; end of _UART1_Init
_UART1_Write_Text:
;__Lib_UART_c67.mpas,84 :: 		
;__Lib_UART_c67.mpas,85 :: 		
0x0282	0x6A38      	CLRF        UART1_Write_Text_counter 
;__Lib_UART_c67.mpas,86 :: 		
0x0284	0xFFE9C036  	MOVFF       FARG_UART1_Write_Text_uart_text, FSR0L
0x0288	0xFFEAC037  	MOVFF       FARG_UART1_Write_Text_uart_text+1, FSR0H
0x028C	0xF039CFEE  	MOVFF       POSTINC0, UART1_Write_Text_data_
;__Lib_UART_c67.mpas,87 :: 		
L__UART1_Write_Text20:
0x0290	0x5039      	MOVF        UART1_Write_Text_data_, 0 
0x0292	0x0A00      	XORLW       0
0x0294	0xE00D      	BZ          L__UART1_Write_Text21
;__Lib_UART_c67.mpas,89 :: 		
0x0296	0xF03BC039  	MOVFF       UART1_Write_Text_data_, FARG_UART1_Write_data_
0x029A	0xDF14      	RCALL       _UART1_Write
;__Lib_UART_c67.mpas,90 :: 		
0x029C	0x2A38      	INCF        UART1_Write_Text_counter, 1 
;__Lib_UART_c67.mpas,91 :: 		
0x029E	0x5038      	MOVF        UART1_Write_Text_counter, 0 
0x02A0	0x2436      	ADDWF       FARG_UART1_Write_Text_uart_text, 0 
0x02A2	0x6EE9      	MOVWF       FSR0L 
0x02A4	0x0E00      	MOVLW       0
0x02A6	0x2037      	ADDWFC      FARG_UART1_Write_Text_uart_text+1, 0 
0x02A8	0x6EEA      	MOVWF       FSR0H 
0x02AA	0xF039CFEE  	MOVFF       POSTINC0, UART1_Write_Text_data_
;__Lib_UART_c67.mpas,92 :: 		
0x02AE	0xD7F0      	BRA         L__UART1_Write_Text20
L__UART1_Write_Text21:
;__Lib_UART_c67.mpas,93 :: 		
0x02B0	0x0012      	RETURN      0
; end of _UART1_Write_Text
_main:
;dmtf.mbas,55 :: 		main:
;dmtf.mbas,56 :: 		Init_Main
0x02B2	0xDF15      	RCALL       dmtf_Init_Main
;dmtf.mbas,57 :: 		CENTINELA=100
0x02B4	0x0E64      	MOVLW       100
0x02B6	0x6E15      	MOVWF       _CENTINELA 
;dmtf.mbas,58 :: 		Lcd_Init()                        ' Inicializacion Lcd
0x02B8	0xDF33      	RCALL       _Lcd_Init
;dmtf.mbas,59 :: 		Lcd_Cmd(_LCD_CLEAR)               ' encera display
0x02BA	0x0E01      	MOVLW       1
0x02BC	0x6E3C      	MOVWF       FARG_Lcd_Cmd_out_char 
0x02BE	0xDEC4      	RCALL       _Lcd_Cmd
;dmtf.mbas,60 :: 		Lcd_Cmd(_LCD_CURSOR_OFF)          ' Cursor off
0x02C0	0x0E0C      	MOVLW       12
0x02C2	0x6E3C      	MOVWF       FARG_Lcd_Cmd_out_char 
0x02C4	0xDEC1      	RCALL       _Lcd_Cmd
;dmtf.mbas,61 :: 		Lcd_Out(1,1,"PROYECTO")                 ' escribe la cadena en la primera fila
0x02C6	0x0E01      	MOVLW       1
0x02C8	0x6E36      	MOVWF       FARG_Lcd_Out_row 
0x02CA	0x0E01      	MOVLW       1
0x02CC	0x6E37      	MOVWF       FARG_Lcd_Out_column 
0x02CE	0x0E29      	MOVLW       _main_Local_Text
0x02D0	0x6EE1      	MOVWF       FSR1L 
0x02D2	0x0E00      	MOVLW       hi_addr(_main_Local_Text)
0x02D4	0x6EE2      	MOVWF       FSR1H 
0x02D6	0x0E50      	MOVLW       80
0x02D8	0x6EE6      	MOVWF       POSTINC1 
0x02DA	0x0E52      	MOVLW       82
0x02DC	0x6EE6      	MOVWF       POSTINC1 
0x02DE	0x0E4F      	MOVLW       79
0x02E0	0x6EE6      	MOVWF       POSTINC1 
0x02E2	0x0E59      	MOVLW       89
0x02E4	0x6EE6      	MOVWF       POSTINC1 
0x02E6	0x0E45      	MOVLW       69
0x02E8	0x6EE6      	MOVWF       POSTINC1 
0x02EA	0x0E43      	MOVLW       67
0x02EC	0x6EE6      	MOVWF       POSTINC1 
0x02EE	0x0E54      	MOVLW       84
0x02F0	0x6EE6      	MOVWF       POSTINC1 
0x02F2	0x0E4F      	MOVLW       79
0x02F4	0x6EE6      	MOVWF       POSTINC1 
0x02F6	0x6AE6      	CLRF        POSTINC1 
0x02F8	0x0E29      	MOVLW       _main_Local_Text
0x02FA	0x6E38      	MOVWF       FARG_Lcd_Out_text 
0x02FC	0x0E00      	MOVLW       hi_addr(_main_Local_Text)
0x02FE	0x6E39      	MOVWF       FARG_Lcd_Out_text+1 
0x0300	0xDF5A      	RCALL       _Lcd_Out
;dmtf.mbas,62 :: 		Lcd_Out(2,1,"GSM LLAMADAS")                 ' escribe la cadena en la segunda fila
0x0302	0x0E02      	MOVLW       2
0x0304	0x6E36      	MOVWF       FARG_Lcd_Out_row 
0x0306	0x0E01      	MOVLW       1
0x0308	0x6E37      	MOVWF       FARG_Lcd_Out_column 
0x030A	0x0E29      	MOVLW       _main_Local_Text
0x030C	0x6EE1      	MOVWF       FSR1L 
0x030E	0x0E00      	MOVLW       hi_addr(_main_Local_Text)
0x0310	0x6EE2      	MOVWF       FSR1H 
0x0312	0x0E47      	MOVLW       71
0x0314	0x6EE6      	MOVWF       POSTINC1 
0x0316	0x0E53      	MOVLW       83
0x0318	0x6EE6      	MOVWF       POSTINC1 
0x031A	0x0E4D      	MOVLW       77
0x031C	0x6EE6      	MOVWF       POSTINC1 
0x031E	0x0E20      	MOVLW       32
0x0320	0x6EE6      	MOVWF       POSTINC1 
0x0322	0x0E4C      	MOVLW       76
0x0324	0x6EE6      	MOVWF       POSTINC1 
0x0326	0x0E4C      	MOVLW       76
0x0328	0x6EE6      	MOVWF       POSTINC1 
0x032A	0x0E41      	MOVLW       65
0x032C	0x6EE6      	MOVWF       POSTINC1 
0x032E	0x0E4D      	MOVLW       77
0x0330	0x6EE6      	MOVWF       POSTINC1 
0x0332	0x0E41      	MOVLW       65
0x0334	0x6EE6      	MOVWF       POSTINC1 
0x0336	0x0E44      	MOVLW       68
0x0338	0x6EE6      	MOVWF       POSTINC1 
0x033A	0x0E41      	MOVLW       65
0x033C	0x6EE6      	MOVWF       POSTINC1 
0x033E	0x0E53      	MOVLW       83
0x0340	0x6EE6      	MOVWF       POSTINC1 
0x0342	0x6AE6      	CLRF        POSTINC1 
0x0344	0x0E29      	MOVLW       _main_Local_Text
0x0346	0x6E38      	MOVWF       FARG_Lcd_Out_text 
0x0348	0x0E00      	MOVLW       hi_addr(_main_Local_Text)
0x034A	0x6E39      	MOVWF       FARG_Lcd_Out_text+1 
0x034C	0xDF34      	RCALL       _Lcd_Out
;dmtf.mbas,63 :: 		Lcd_Out(3,1,"POR")                 ' escribe la cadena en la segunda fila
0x034E	0x0E03      	MOVLW       3
0x0350	0x6E36      	MOVWF       FARG_Lcd_Out_row 
0x0352	0x0E01      	MOVLW       1
0x0354	0x6E37      	MOVWF       FARG_Lcd_Out_column 
0x0356	0x0E50      	MOVLW       80
0x0358	0x6E29      	MOVWF       _main_Local_Text 
0x035A	0x0E4F      	MOVLW       79
0x035C	0x6E2A      	MOVWF       _main_Local_Text+1 
0x035E	0x0E52      	MOVLW       82
0x0360	0x6E2B      	MOVWF       _main_Local_Text+2 
0x0362	0x6A2C      	CLRF        _main_Local_Text+3 
0x0364	0x0E29      	MOVLW       _main_Local_Text
0x0366	0x6E38      	MOVWF       FARG_Lcd_Out_text 
0x0368	0x0E00      	MOVLW       hi_addr(_main_Local_Text)
0x036A	0x6E39      	MOVWF       FARG_Lcd_Out_text+1 
0x036C	0xDF24      	RCALL       _Lcd_Out
;dmtf.mbas,64 :: 		Lcd_Out(4,1,"JOSE SAENZ")                 ' escribe la cadena en la segunda fila
0x036E	0x0E04      	MOVLW       4
0x0370	0x6E36      	MOVWF       FARG_Lcd_Out_row 
0x0372	0x0E01      	MOVLW       1
0x0374	0x6E37      	MOVWF       FARG_Lcd_Out_column 
0x0376	0x0E29      	MOVLW       _main_Local_Text
0x0378	0x6EE1      	MOVWF       FSR1L 
0x037A	0x0E00      	MOVLW       hi_addr(_main_Local_Text)
0x037C	0x6EE2      	MOVWF       FSR1H 
0x037E	0x0E4A      	MOVLW       74
0x0380	0x6EE6      	MOVWF       POSTINC1 
0x0382	0x0E4F      	MOVLW       79
0x0384	0x6EE6      	MOVWF       POSTINC1 
0x0386	0x0E53      	MOVLW       83
0x0388	0x6EE6      	MOVWF       POSTINC1 
0x038A	0x0E45      	MOVLW       69
0x038C	0x6EE6      	MOVWF       POSTINC1 
0x038E	0x0E20      	MOVLW       32
0x0390	0x6EE6      	MOVWF       POSTINC1 
0x0392	0x0E53      	MOVLW       83
0x0394	0x6EE6      	MOVWF       POSTINC1 
0x0396	0x0E41      	MOVLW       65
0x0398	0x6EE6      	MOVWF       POSTINC1 
0x039A	0x0E45      	MOVLW       69
0x039C	0x6EE6      	MOVWF       POSTINC1 
0x039E	0x0E4E      	MOVLW       78
0x03A0	0x6EE6      	MOVWF       POSTINC1 
0x03A2	0x0E5A      	MOVLW       90
0x03A4	0x6EE6      	MOVWF       POSTINC1 
0x03A6	0x6AE6      	CLRF        POSTINC1 
0x03A8	0x0E29      	MOVLW       _main_Local_Text
0x03AA	0x6E38      	MOVWF       FARG_Lcd_Out_text 
0x03AC	0x0E00      	MOVLW       hi_addr(_main_Local_Text)
0x03AE	0x6E39      	MOVWF       FARG_Lcd_Out_text+1 
0x03B0	0xDF02      	RCALL       _Lcd_Out
;dmtf.mbas,65 :: 		Delay_ms(2000)
0x03B2	0x0E33      	MOVLW       51
0x03B4	0x6E0B      	MOVWF       R11, 0
0x03B6	0x0EBB      	MOVLW       187
0x03B8	0x6E0C      	MOVWF       R12, 0
0x03BA	0x0EDF      	MOVLW       223
0x03BC	0x6E0D      	MOVWF       R13, 0
L__main2:
0x03BE	0x2E0D      	DECFSZ      R13, 1, 0
0x03C0	0xD7FE      	BRA         L__main2
0x03C2	0x2E0C      	DECFSZ      R12, 1, 0
0x03C4	0xD7FC      	BRA         L__main2
0x03C6	0x2E0B      	DECFSZ      R11, 1, 0
0x03C8	0xD7FA      	BRA         L__main2
0x03CA	0x0000      	NOP
0x03CC	0x0000      	NOP
;dmtf.mbas,67 :: 		contador=0
0x03CE	0x6A1B      	CLRF        _contador 
;dmtf.mbas,68 :: 		UART1_Init(9600)
0x03D0	0x0E81      	MOVLW       129
0x03D2	0x6EAF      	MOVWF       SPBRG 
0x03D4	0x84AC      	BSF         TXSTA, 2, 0
0x03D6	0xDF2A      	RCALL       _UART1_Init
;dmtf.mbas,70 :: 		while TRUE
L__main4:
;dmtf.mbas,73 :: 		UART1_Write_Text("ATA")
0x03D8	0x0E41      	MOVLW       65
0x03DA	0x6E29      	MOVWF       _main_Local_Text 
0x03DC	0x0E54      	MOVLW       84
0x03DE	0x6E2A      	MOVWF       _main_Local_Text+1 
0x03E0	0x0E41      	MOVLW       65
0x03E2	0x6E2B      	MOVWF       _main_Local_Text+2 
0x03E4	0x6A2C      	CLRF        _main_Local_Text+3 
0x03E6	0x0E29      	MOVLW       _main_Local_Text
0x03E8	0x6E36      	MOVWF       FARG_UART1_Write_Text_uart_text 
0x03EA	0x0E00      	MOVLW       hi_addr(_main_Local_Text)
0x03EC	0x6E37      	MOVWF       FARG_UART1_Write_Text_uart_text+1 
0x03EE	0xDF49      	RCALL       _UART1_Write_Text
;dmtf.mbas,74 :: 		UART1_Write(0x0d)
0x03F0	0x0E0D      	MOVLW       13
0x03F2	0x6E3B      	MOVWF       FARG_UART1_Write_data_ 
0x03F4	0xDE67      	RCALL       _UART1_Write
;dmtf.mbas,75 :: 		UART1_Write(0x0a)
0x03F6	0x0E0A      	MOVLW       10
0x03F8	0x6E3B      	MOVWF       FARG_UART1_Write_data_ 
0x03FA	0xDE64      	RCALL       _UART1_Write
;dmtf.mbas,76 :: 		Delay_ms(200)
0x03FC	0x0E06      	MOVLW       6
0x03FE	0x6E0B      	MOVWF       R11, 0
0x0400	0x0E13      	MOVLW       19
0x0402	0x6E0C      	MOVWF       R12, 0
0x0404	0x0EAD      	MOVLW       173
0x0406	0x6E0D      	MOVWF       R13, 0
L__main8:
0x0408	0x2E0D      	DECFSZ      R13, 1, 0
0x040A	0xD7FE      	BRA         L__main8
0x040C	0x2E0C      	DECFSZ      R12, 1, 0
0x040E	0xD7FC      	BRA         L__main8
0x0410	0x2E0B      	DECFSZ      R11, 1, 0
0x0412	0xD7FA      	BRA         L__main8
0x0414	0x0000      	NOP
0x0416	0x0000      	NOP
;dmtf.mbas,77 :: 		UART1_Write_Text("ATA")
0x0418	0x0E41      	MOVLW       65
0x041A	0x6E29      	MOVWF       _main_Local_Text 
0x041C	0x0E54      	MOVLW       84
0x041E	0x6E2A      	MOVWF       _main_Local_Text+1 
0x0420	0x0E41      	MOVLW       65
0x0422	0x6E2B      	MOVWF       _main_Local_Text+2 
0x0424	0x6A2C      	CLRF        _main_Local_Text+3 
0x0426	0x0E29      	MOVLW       _main_Local_Text
0x0428	0x6E36      	MOVWF       FARG_UART1_Write_Text_uart_text 
0x042A	0x0E00      	MOVLW       hi_addr(_main_Local_Text)
0x042C	0x6E37      	MOVWF       FARG_UART1_Write_Text_uart_text+1 
0x042E	0xDF29      	RCALL       _UART1_Write_Text
;dmtf.mbas,78 :: 		UART1_Write(0x0d)
0x0430	0x0E0D      	MOVLW       13
0x0432	0x6E3B      	MOVWF       FARG_UART1_Write_data_ 
0x0434	0xDE47      	RCALL       _UART1_Write
;dmtf.mbas,79 :: 		UART1_Write(0x0a)
0x0436	0x0E0A      	MOVLW       10
0x0438	0x6E3B      	MOVWF       FARG_UART1_Write_data_ 
0x043A	0xDE44      	RCALL       _UART1_Write
;dmtf.mbas,80 :: 		Delay_ms(200)
0x043C	0x0E06      	MOVLW       6
0x043E	0x6E0B      	MOVWF       R11, 0
0x0440	0x0E13      	MOVLW       19
0x0442	0x6E0C      	MOVWF       R12, 0
0x0444	0x0EAD      	MOVLW       173
0x0446	0x6E0D      	MOVWF       R13, 0
L__main9:
0x0448	0x2E0D      	DECFSZ      R13, 1, 0
0x044A	0xD7FE      	BRA         L__main9
0x044C	0x2E0C      	DECFSZ      R12, 1, 0
0x044E	0xD7FC      	BRA         L__main9
0x0450	0x2E0B      	DECFSZ      R11, 1, 0
0x0452	0xD7FA      	BRA         L__main9
0x0454	0x0000      	NOP
0x0456	0x0000      	NOP
;dmtf.mbas,81 :: 		UART1_Write_Text("ATA")
0x0458	0x0E41      	MOVLW       65
0x045A	0x6E29      	MOVWF       _main_Local_Text 
0x045C	0x0E54      	MOVLW       84
0x045E	0x6E2A      	MOVWF       _main_Local_Text+1 
0x0460	0x0E41      	MOVLW       65
0x0462	0x6E2B      	MOVWF       _main_Local_Text+2 
0x0464	0x6A2C      	CLRF        _main_Local_Text+3 
0x0466	0x0E29      	MOVLW       _main_Local_Text
0x0468	0x6E36      	MOVWF       FARG_UART1_Write_Text_uart_text 
0x046A	0x0E00      	MOVLW       hi_addr(_main_Local_Text)
0x046C	0x6E37      	MOVWF       FARG_UART1_Write_Text_uart_text+1 
0x046E	0xDF09      	RCALL       _UART1_Write_Text
;dmtf.mbas,82 :: 		UART1_Write(0x0d)
0x0470	0x0E0D      	MOVLW       13
0x0472	0x6E3B      	MOVWF       FARG_UART1_Write_data_ 
0x0474	0xDE27      	RCALL       _UART1_Write
;dmtf.mbas,83 :: 		UART1_Write(0x0a)
0x0476	0x0E0A      	MOVLW       10
0x0478	0x6E3B      	MOVWF       FARG_UART1_Write_data_ 
0x047A	0xDE24      	RCALL       _UART1_Write
;dmtf.mbas,84 :: 		Delay_ms(200)
0x047C	0x0E06      	MOVLW       6
0x047E	0x6E0B      	MOVWF       R11, 0
0x0480	0x0E13      	MOVLW       19
0x0482	0x6E0C      	MOVWF       R12, 0
0x0484	0x0EAD      	MOVLW       173
0x0486	0x6E0D      	MOVWF       R13, 0
L__main10:
0x0488	0x2E0D      	DECFSZ      R13, 1, 0
0x048A	0xD7FE      	BRA         L__main10
0x048C	0x2E0C      	DECFSZ      R12, 1, 0
0x048E	0xD7FC      	BRA         L__main10
0x0490	0x2E0B      	DECFSZ      R11, 1, 0
0x0492	0xD7FA      	BRA         L__main10
0x0494	0x0000      	NOP
0x0496	0x0000      	NOP
;dmtf.mbas,86 :: 		while (CENTINELA=0)
L__main12:
0x0498	0x5015      	MOVF        _CENTINELA, 0 
0x049A	0x0A00      	XORLW       0
0x049C	0xE10D      	BNZ         L__main13
;dmtf.mbas,87 :: 		DATO = PORTD
0x049E	0xF01ACF83  	MOVFF       PORTD, _DATO
;dmtf.mbas,88 :: 		if DATO=1 then
0x04A2	0x501A      	MOVF        _DATO, 0 
0x04A4	0x0A01      	XORLW       1
0x04A6	0xE102      	BNZ         L__main17
;dmtf.mbas,89 :: 		CENTINELA=1
0x04A8	0x0E01      	MOVLW       1
0x04AA	0x6E15      	MOVWF       _CENTINELA 
L__main17:
;dmtf.mbas,91 :: 		if DATO=5 then
0x04AC	0x501A      	MOVF        _DATO, 0 
0x04AE	0x0A05      	XORLW       5
0x04B0	0xE102      	BNZ         L__main20
;dmtf.mbas,92 :: 		CENTINELA=1
0x04B2	0x0E01      	MOVLW       1
0x04B4	0x6E15      	MOVWF       _CENTINELA 
L__main20:
;dmtf.mbas,94 :: 		wend
0x04B6	0xD7F0      	BRA         L__main12
L__main13:
;dmtf.mbas,95 :: 		while (CENTINELA=1)
L__main23:
0x04B8	0x5015      	MOVF        _CENTINELA, 0 
0x04BA	0x0A01      	XORLW       1
0x04BC	0xE10D      	BNZ         L__main24
;dmtf.mbas,96 :: 		DATO = PORTD
0x04BE	0xF01ACF83  	MOVFF       PORTD, _DATO
;dmtf.mbas,97 :: 		if DATO=2 then
0x04C2	0x501A      	MOVF        _DATO, 0 
0x04C4	0x0A02      	XORLW       2
0x04C6	0xE102      	BNZ         L__main28
;dmtf.mbas,98 :: 		CENTINELA=2
0x04C8	0x0E02      	MOVLW       2
0x04CA	0x6E15      	MOVWF       _CENTINELA 
L__main28:
;dmtf.mbas,100 :: 		if DATO=6 then
0x04CC	0x501A      	MOVF        _DATO, 0 
0x04CE	0x0A06      	XORLW       6
0x04D0	0xE102      	BNZ         L__main31
;dmtf.mbas,101 :: 		CENTINELA=2
0x04D2	0x0E02      	MOVLW       2
0x04D4	0x6E15      	MOVWF       _CENTINELA 
L__main31:
;dmtf.mbas,103 :: 		wend
0x04D6	0xD7F0      	BRA         L__main23
L__main24:
;dmtf.mbas,104 :: 		while (CENTINELA=2)
L__main34:
0x04D8	0x5015      	MOVF        _CENTINELA, 0 
0x04DA	0x0A02      	XORLW       2
0x04DC	0xE10D      	BNZ         L__main35
;dmtf.mbas,105 :: 		DATO = PORTD
0x04DE	0xF01ACF83  	MOVFF       PORTD, _DATO
;dmtf.mbas,106 :: 		if DATO=3 then
0x04E2	0x501A      	MOVF        _DATO, 0 
0x04E4	0x0A03      	XORLW       3
0x04E6	0xE102      	BNZ         L__main39
;dmtf.mbas,107 :: 		CENTINELA=3
0x04E8	0x0E03      	MOVLW       3
0x04EA	0x6E15      	MOVWF       _CENTINELA 
L__main39:
;dmtf.mbas,109 :: 		if DATO=7 then
0x04EC	0x501A      	MOVF        _DATO, 0 
0x04EE	0x0A07      	XORLW       7
0x04F0	0xE102      	BNZ         L__main42
;dmtf.mbas,110 :: 		CENTINELA=3
0x04F2	0x0E03      	MOVLW       3
0x04F4	0x6E15      	MOVWF       _CENTINELA 
L__main42:
;dmtf.mbas,112 :: 		wend
0x04F6	0xD7F0      	BRA         L__main34
L__main35:
;dmtf.mbas,113 :: 		while (CENTINELA=3)
L__main45:
0x04F8	0x5015      	MOVF        _CENTINELA, 0 
0x04FA	0x0A03      	XORLW       3
0x04FC	0xE10D      	BNZ         L__main46
;dmtf.mbas,114 :: 		DATO = PORTD
0x04FE	0xF01ACF83  	MOVFF       PORTD, _DATO
;dmtf.mbas,115 :: 		if DATO=4 then
0x0502	0x501A      	MOVF        _DATO, 0 
0x0504	0x0A04      	XORLW       4
0x0506	0xE102      	BNZ         L__main50
;dmtf.mbas,116 :: 		CENTINELA=4
0x0508	0x0E04      	MOVLW       4
0x050A	0x6E15      	MOVWF       _CENTINELA 
L__main50:
;dmtf.mbas,118 :: 		if DATO=8 then
0x050C	0x501A      	MOVF        _DATO, 0 
0x050E	0x0A08      	XORLW       8
0x0510	0xE102      	BNZ         L__main53
;dmtf.mbas,119 :: 		CENTINELA=5
0x0512	0x0E05      	MOVLW       5
0x0514	0x6E15      	MOVWF       _CENTINELA 
L__main53:
;dmtf.mbas,121 :: 		wend
0x0516	0xD7F0      	BRA         L__main45
L__main46:
;dmtf.mbas,122 :: 		if CENTINELA=4 then
0x0518	0x5015      	MOVF        _CENTINELA, 0 
0x051A	0x0A04      	XORLW       4
0x051C	0xE103      	BNZ         L__main56
;dmtf.mbas,123 :: 		PORTA=3
0x051E	0x0E03      	MOVLW       3
0x0520	0x6E80      	MOVWF       PORTA 
;dmtf.mbas,124 :: 		CENTINELA=0
0x0522	0x6A15      	CLRF        _CENTINELA 
L__main56:
;dmtf.mbas,126 :: 		if CENTINELA=5 then
0x0524	0x5015      	MOVF        _CENTINELA, 0 
0x0526	0x0A05      	XORLW       5
0x0528	0xE102      	BNZ         L__main59
;dmtf.mbas,127 :: 		PORTA=0
0x052A	0x6A80      	CLRF        PORTA 
;dmtf.mbas,128 :: 		CENTINELA=0
0x052C	0x6A15      	CLRF        _CENTINELA 
L__main59:
;dmtf.mbas,130 :: 		wend
0x052E	0xD754      	BRA         L__main4
0x0530	0xD7FF      	BRA         $+0
; end of _main
Symbol List:
//** Routines locations **
//ADDRESS    SIZE    PROCEDURE
//----------------------------------------------
0x001C      [22]    _Delay_5500us
0x0032      [10]    _Delay_50us
0x003C      [12]    _Delay_1us
0x0048     [124]    _Lcd_Cmd
0x00C4      [14]    _UART1_Write
0x00D2      [12]    _Lcd_Chr_CP
0x00DE      [66]    dmtf_Init_Main
0x0120     [150]    _Lcd_Init
0x01B6     [118]    _Lcd_Out
0x022C      [86]    _UART1_Init
0x0282      [48]    _UART1_Write_Text
0x02B2     [640]    _main
//** Variables locations ** 
//ADDRESS    SIZE    VARIABLE
//----------------------------------------------
0x0000       [1]    SPI1_Write_tmp
0x0000       [1]    FLASH_Erase_64_SaveINTCON
0x0000       [1]    PutZerosToLATScl_temp_scl
0x0000       [1]    EEPROM_Write_SaveINTCON
0x0000       [1]    PutZerosToLATSda_temp_sda
0x0000       [1]    UART1_Init_tmp
0x0000       [1]    R0
0x0001       [1]    I2C1_Rd_local_result
0x0001       [1]    Clock_Wait_High_local_result
0x0001       [2]    strncpy_ptr1
0x0001       [2]    strncat2_ptr1
0x0001       [2]    ltrim_ptr1
0x0001       [2]    FLASH_Read_N_Bytes_counter
0x0001       [1]    I2C1_Wr_local_result
0x0001       [2]    strcat2_ptrl1
0x0001       [2]    memset_chptr
0x0001       [1]    Cf_Detect_local_result
0x0001       [1]    UART1_Data_Ready_local_result
0x0001       [1]    FLASH_Erase_Write_64_cnt1
0x0001       [1]    UART1_Read_local_result
0x0001       [1]    EEPROM_Read_local_result
0x0001       [1]    SPI1_Read_local_result
0x0001       [2]    strcat_ptr1
0x0001       [1]    UART1_TX_Idle_local_result
0x0001       [1]    R1
0x0001       [1]    FLASH_Write_32_counter
0x0001       [1]    FLASH_Read_local_result
0x0001       [2]    strcpy_ptr1
0x0001       [2]    memcpy_chptr1
0x0002       [2]    SPI_Ethernet_getIpAddress_local_result
0x0002       [2]    SPI_Ethernet_getGwIpAddress_local_result
0x0002       [2]    SPI_Ethernet_getDnsIpAddress_local_result
0x0002       [1]    isupper_local_result
0x0002       [1]    R2
0x0002       [1]    islower_local_result
0x0002       [1]    Wait_Falling_local_result
0x0002       [2]    SPI_Ethernet_getIpMask_local_result
0x0002       [1]    Clock_Wait_Low_local_result
0x0002       [1]    ispunct_local_result
0x0002       [2]    strchr_local_result
0x0002       [1]    tolower_local_result
0x0002       [2]    memchr_local_result
0x0002       [2]    Length_local_result
0x0002       [1]    iscntrl_local_result
0x0002       [2]    strlen_local_result
0x0002       [1]    toupper_local_result
0x0002       [2]    strncat_ptr1
0x0002       [1]    isdigit_local_result
0x0002       [1]    FLASH_Write_32_SaveINTCON
0x0002       [2]    strcmp_local_result
0x0002       [2]    strstr_local_result
0x0002       [2]    T6963C_WaitReady_ptr
0x0002       [1]    I2C1_Is_Idle_local_result
0x0002       [1]    FLASH_Erase_Write_64_cnt2
0x0002       [1]    UART1_Read_tmp
0x0002       [2]    memcmp_local_result
0x0003       [1]    FLASH_Erase_Write_64_SaveINTCON
0x0003       [1]    isspace_local_result
0x0003       [2]    strncpy_ptr2
0x0003       [2]    memcpy_chptr2
0x0003       [2]    ltrim_ptr2
0x0003       [2]    strcpy_ptr2
0x0003       [2]    strcat2_ptr1
0x0003       [2]    strncat2_ptr2
0x0003       [2]    strcat_ptr2
0x0003       [1]    R3
0x0003       [1]    Wait_Falling_osample
0x0004       [2]    strncat_ptr2
0x0004       [4]    frexp_local_result
0x0004       [2]    strlen_ptr
0x0004       [2]    strcmp_ptr1
0x0004       [2]    strchr_ptr
0x0004       [2]    memchr_chptr
0x0004       [2]    Length_ptr
0x0004       [1]    Ps2_Get_Value_local_result
0x0004       [2]    memmove_chptr1
0x0004       [4]    Get_Fosc_kHz_local_result
0x0004       [2]    strncmp_local_result
0x0004       [1]    R4
0x0004       [1]    Wait_Falling_nsample
0x0004       [2]    strstr_i
0x0004       [2]    memcmp_chptr1
0x0005       [1]    Ps2_Get_Value_rslt
0x0005       [1]    Wait_Falling_i
0x0005       [2]    strcat2_ptr2
0x0005       [1]    R5
0x0006       [2]    memcmp_chptr2
0x0006       [2]    strcmp_ptr2
0x0006       [2]    strstr_j
0x0006       [1]    R6
0x0006       [2]    memmove_chptr2
0x0006       [1]    strncmp_ch1
0x0007       [1]    R7
0x0007       [1]    strncmp_ch2
0x0008       [2]    strncmp_ptr1
0x0008       [1]    R8
0x0008       [1]    strstr_aa
0x0009       [1]    strstr_bb
0x0009       [1]    R9
0x000A       [1]    R10
0x000A       [2]    strncmp_ptr2
0x000B       [1]    R11
0x000C       [1]    R12
0x000D       [1]    R13
0x000E       [1]    R14
0x000F       [1]    R15
0x0010       [1]    R16
0x0011       [1]    R17
0x0012       [1]    R18
0x0013       [1]    R19
0x0014       [1]    R20
0x0015       [1]    _CENTINELA
0x0016       [4]    _UART_Wr_Ptr
0x001A       [1]    _DATO
0x001B       [1]    _contador
0x001C       [4]    _UART_Rd_Ptr
0x0020       [0]    __Lib_Lcd_cmd_status
0x0021       [4]    _UART_Rdy_Ptr
0x0025       [4]    _UART_TX_Idle_Ptr
0x0029      [13]    _main_Local_Text
0x0036       [2]    FARG_UART1_Write_Text_uart_text
0x0036       [1]    FARG_Lcd_Out_row
0x0037       [1]    FARG_Lcd_Out_column
0x0038       [2]    FARG_Lcd_Out_text
0x0038       [1]    UART1_Write_Text_counter
0x0039       [1]    UART1_Write_Text_data_
0x003A       [1]    Lcd_Out_i
0x003B       [1]    FARG_UART1_Write_data_
0x003B       [1]    FARG_Lcd_Chr_CP_Out_Char
0x003C       [1]    FARG_Lcd_Cmd_out_char
0x0F62       [1]    SPPDATA
0x0F63       [0]    WS1_bit
0x0F63       [1]    SPPCFG
0x0F63       [0]    WS0_bit
0x0F63       [0]    WS2_bit
0x0F63       [0]    CLK1EN_bit
0x0F63       [0]    WS3_bit
0x0F63       [0]    CLKCFG1_bit
0x0F63       [0]    CLKCFG0_bit
0x0F63       [0]    CSEN_bit
0x0F64       [0]    ADDR3_bit
0x0F64       [0]    ADDR2_bit
0x0F64       [0]    SPPBUSY_bit
0x0F64       [0]    RDSPP_bit
0x0F64       [0]    WRSPP_bit
0x0F64       [0]    ADDR1_bit
0x0F64       [1]    SPPEPS
0x0F64       [0]    ADDR0_bit
0x0F65       [0]    SPPEN_bit
0x0F65       [0]    SPPOWN_bit
0x0F65       [1]    SPPCON
0x0F66       [0]    FRM3_bit
0x0F66       [0]    FRM2_bit
0x0F66       [0]    FRM5_bit
0x0F66       [0]    FRM4_bit
0x0F66       [1]    UFRML
0x0F66       [1]    UFRM
0x0F66       [0]    FRM1_bit
0x0F66       [0]    FRM0_bit
0x0F66       [0]    FRM7_bit
0x0F66       [0]    FRM6_bit
0x0F67       [0]    FRM10_bit
0x0F67       [1]    UFRMH
0x0F67       [0]    FRM8_bit
0x0F67       [0]    FRM9_bit
0x0F68       [0]    STALLIF_bit
0x0F68       [0]    SOFIF_bit
0x0F68       [1]    UIR
0x0F68       [0]    IDLEIF_bit
0x0F68       [0]    URSTIF_bit
0x0F68       [0]    UERRIF_bit
0x0F68       [0]    TRNIF_bit
0x0F68       [0]    ACTVIF_bit
0x0F69       [0]    TRNIE_bit
0x0F69       [0]    SOFIE_bit
0x0F69       [0]    STALLIE_bit
0x0F69       [0]    IDLEIE_bit
0x0F69       [0]    UERRIE_bit
0x0F69       [0]    URSTIE_bit
0x0F69       [1]    UIE
0x0F69       [0]    ACTVIE_bit
0x0F6A       [0]    DFN8EF_bit
0x0F6A       [0]    CRC16EF_bit
0x0F6A       [0]    BTSEF_bit
0x0F6A       [0]    BTOEF_bit
0x0F6A       [1]    UEIR
0x0F6A       [0]    PIDEF_bit
0x0F6A       [0]    CRC5EF_bit
0x0F6B       [0]    DFN8EE_bit
0x0F6B       [0]    BTOEE_bit
0x0F6B       [0]    BTSEE_bit
0x0F6B       [0]    CRC16EE_bit
0x0F6B       [1]    UEIE
0x0F6B       [0]    PIDEE_bit
0x0F6B       [0]    CRC5EE_bit
0x0F6C       [0]    DIR__bit
0x0F6C       [0]    ENDP0_bit
0x0F6C       [0]    ENDP1_bit
0x0F6C       [0]    PPBI_bit
0x0F6C       [1]    USTAT
0x0F6C       [0]    ENDP3_bit
0x0F6C       [0]    ENDP2_bit
0x0F6D       [0]    SUSPND_bit
0x0F6D       [0]    PPBRST_bit
0x0F6D       [1]    UCON
0x0F6D       [0]    SE0_bit
0x0F6D       [0]    RESUME__bit
0x0F6D       [0]    USBEN_bit
0x0F6D       [0]    PKTDIS_bit
0x0F6E       [0]    ADDR3_UADDR_bit
0x0F6E       [1]    UADDR
0x0F6E       [0]    ADDR6_bit
0x0F6E       [0]    ADDR5_bit
0x0F6E       [0]    ADDR4_bit
0x0F6E       [0]    ADDR1_UADDR_bit
0x0F6E       [0]    ADDR0_UADDR_bit
0x0F6E       [0]    ADDR2_UADDR_bit
0x0F6F       [0]    FSEN_bit
0x0F6F       [0]    UTRDIS_bit
0x0F6F       [0]    PPB1_bit
0x0F6F       [0]    PPB0_bit
0x0F6F       [1]    UCFG
0x0F6F       [0]    UTEYE_bit
0x0F6F       [0]    UOEMON_bit
0x0F6F       [0]    UPUEN_bit
0x0F70       [0]    EPHSHK_bit
0x0F70       [0]    EPOUTEN_bit
0x0F70       [0]    EPCONDIS_bit
0x0F70       [0]    EPINEN_bit
0x0F70       [1]    UEP0
0x0F70       [0]    EPSTALL_bit
0x0F71       [0]    EPINEN_UEP1_bit
0x0F71       [0]    EPOUTEN_UEP1_bit
0x0F71       [1]    UEP1
0x0F71       [0]    EPSTALL_UEP1_bit
0x0F71       [0]    EPCONDIS_UEP1_bit
0x0F71       [0]    EPHSHK_UEP1_bit
0x0F72       [0]    EPCONDIS_UEP2_bit
0x0F72       [0]    EPHSHK_UEP2_bit
0x0F72       [1]    UEP2
0x0F72       [0]    EPSTALL_UEP2_bit
0x0F72       [0]    EPINEN_UEP2_bit
0x0F72       [0]    EPOUTEN_UEP2_bit
0x0F73       [0]    EPINEN_UEP3_bit
0x0F73       [0]    EPOUTEN_UEP3_bit
0x0F73       [0]    EPCONDIS_UEP3_bit
0x0F73       [1]    UEP3
0x0F73       [0]    EPSTALL_UEP3_bit
0x0F73       [0]    EPHSHK_UEP3_bit
0x0F74       [0]    EPOUTEN_UEP4_bit
0x0F74       [0]    EPINEN_UEP4_bit
0x0F74       [0]    EPSTALL_UEP4_bit
0x0F74       [0]    EPCONDIS_UEP4_bit
0x0F74       [1]    UEP4
0x0F74       [0]    EPHSHK_UEP4_bit
0x0F75       [1]    UEP5
0x0F75       [0]    EPOUTEN_UEP5_bit
0x0F75       [0]    EPCONDIS_UEP5_bit
0x0F75       [0]    EPHSHK_UEP5_bit
0x0F75       [0]    EPINEN_UEP5_bit
0x0F75       [0]    EPSTALL_UEP5_bit
0x0F76       [0]    EPOUTEN_UEP6_bit
0x0F76       [0]    EPCONDIS_UEP6_bit
0x0F76       [0]    EPHSHK_UEP6_bit
0x0F76       [0]    EPINEN_UEP6_bit
0x0F76       [1]    UEP6
0x0F76       [0]    EPSTALL_UEP6_bit
0x0F77       [0]    EPSTALL_UEP7_bit
0x0F77       [1]    UEP7
0x0F77       [0]    EPINEN_UEP7_bit
0x0F77       [0]    EPCONDIS_UEP7_bit
0x0F77       [0]    EPHSHK_UEP7_bit
0x0F77       [0]    EPOUTEN_UEP7_bit
0x0F78       [0]    EPINEN_UEP8_bit
0x0F78       [0]    EPOUTEN_UEP8_bit
0x0F78       [1]    UEP8
0x0F78       [0]    EPSTALL_UEP8_bit
0x0F78       [0]    EPHSHK_UEP8_bit
0x0F78       [0]    EPCONDIS_UEP8_bit
0x0F79       [0]    EPCONDIS_UEP9_bit
0x0F79       [0]    EPHSHK_UEP9_bit
0x0F79       [1]    UEP9
0x0F79       [0]    EPSTALL_UEP9_bit
0x0F79       [0]    EPINEN_UEP9_bit
0x0F79       [0]    EPOUTEN_UEP9_bit
0x0F7A       [1]    UEP10
0x0F7A       [0]    EPOUTEN_UEP10_bit
0x0F7A       [0]    EPCONDIS_UEP10_bit
0x0F7A       [0]    EPSTALL_UEP10_bit
0x0F7A       [0]    EPINEN_UEP10_bit
0x0F7A       [0]    EPHSHK_UEP10_bit
0x0F7B       [0]    EPINEN_UEP11_bit
0x0F7B       [1]    UEP11
0x0F7B       [0]    EPOUTEN_UEP11_bit
0x0F7B       [0]    EPHSHK_UEP11_bit
0x0F7B       [0]    EPSTALL_UEP11_bit
0x0F7B       [0]    EPCONDIS_UEP11_bit
0x0F7C       [0]    EPINEN_UEP12_bit
0x0F7C       [0]    EPCONDIS_UEP12_bit
0x0F7C       [1]    UEP12
0x0F7C       [0]    EPSTALL_UEP12_bit
0x0F7C       [0]    EPHSHK_UEP12_bit
0x0F7C       [0]    EPOUTEN_UEP12_bit
0x0F7D       [0]    EPSTALL_UEP13_bit
0x0F7D       [0]    EPCONDIS_UEP13_bit
0x0F7D       [0]    EPHSHK_UEP13_bit
0x0F7D       [0]    EPINEN_UEP13_bit
0x0F7D       [0]    EPOUTEN_UEP13_bit
0x0F7D       [1]    UEP13
0x0F7E       [0]    EPOUTEN_UEP14_bit
0x0F7E       [0]    EPINEN_UEP14_bit
0x0F7E       [0]    EPSTALL_UEP14_bit
0x0F7E       [0]    EPCONDIS_UEP14_bit
0x0F7E       [0]    EPHSHK_UEP14_bit
0x0F7E       [1]    UEP14
0x0F7F       [1]    UEP15
0x0F7F       [0]    EPCONDIS_UEP15_bit
0x0F7F       [0]    EPHSHK_UEP15_bit
0x0F7F       [0]    EPSTALL_UEP15_bit
0x0F7F       [0]    EPINEN_UEP15_bit
0x0F7F       [0]    EPOUTEN_UEP15_bit
0x0F80       [0]    RA1_bit
0x0F80       [0]    RA0_bit
0x0F80       [0]    RA3_bit
0x0F80       [0]    RA2_bit
0x0F80       [1]    PORTA
0x0F80       [0]    T0CKI_bit
0x0F80       [0]    AN4_bit
0x0F80       [0]    AN3_bit
0x0F80       [0]    AN0_bit
0x0F80       [0]    AN1_bit
0x0F80       [0]    AN2_bit
0x0F80       [0]    OSC2_bit
0x0F80       [0]    RA6_bit
0x0F80       [0]    RA5_bit
0x0F80       [0]    RA4_bit
0x0F80       [0]    HLVDIN_bit
0x0F80       [0]    VREFM_bit
0x0F80       [0]    VREFP_bit
0x0F80       [0]    LVDIN_bit
0x0F81       [0]    INT1_bit
0x0F81       [0]    LCD_D6
0x0F81       [0]    INT2_bit
0x0F81       [0]    PGM_bit
0x0F81       [0]    LCD_D7
0x0F81       [0]    LCD_EN
0x0F81       [0]    LCD_RS
0x0F81       [0]    LCD_D4
0x0F81       [0]    INT0_bit
0x0F81       [0]    LCD_D5
0x0F81       [0]    RB4_bit
0x0F81       [0]    RB3_bit
0x0F81       [0]    RB5_bit
0x0F81       [0]    RB7_bit
0x0F81       [0]    RB6_bit
0x0F81       [0]    PGD_bit
0x0F81       [0]    PGC_bit
0x0F81       [0]    RB0_bit
0x0F81       [0]    RB2_bit
0x0F81       [0]    RB1_bit
0x0F81       [1]    PORTB
0x0F82       [0]    RX__bit
0x0F82       [0]    T13CKI_bit
0x0F82       [0]    CCP1_bit
0x0F82       [0]    TX_bit
0x0F82       [0]    RC6_bit
0x0F82       [0]    RC0_bit
0x0F82       [0]    RC1_bit
0x0F82       [0]    RC7_bit
0x0F82       [0]    P1A_bit
0x0F82       [0]    CK_bit
0x0F82       [0]    RC2_bit
0x0F82       [0]    RC5_bit
0x0F82       [0]    RC4_bit
0x0F82       [1]    PORTC
0x0F82       [0]    T1OSO_bit
0x0F82       [0]    T1OSI_bit
0x0F83       [0]    SPP0_bit
0x0F83       [0]    RD7_bit
0x0F83       [0]    SPP7_bit
0x0F83       [0]    RD2_bit
0x0F83       [0]    SPP1_bit
0x0F83       [0]    SPP2_bit
0x0F83       [0]    RD1_bit
0x0F83       [1]    PORTD
0x0F83       [0]    RD0_bit
0x0F83       [0]    RD3_bit
0x0F83       [0]    SPP5_bit
0x0F83       [0]    SPP4_bit
0x0F83       [0]    RD4_bit
0x0F83       [0]    RD5_bit
0x0F83       [0]    SPP3_bit
0x0F83       [0]    RD6_bit
0x0F83       [0]    SPP6_bit
0x0F84       [0]    OESPP_bit
0x0F84       [0]    CK2SPP_bit
0x0F84       [0]    RE1_bit
0x0F84       [0]    RE2_bit
0x0F84       [1]    PORTE
0x0F84       [0]    RE0_bit
0x0F84       [0]    RDPU_bit
0x0F84       [0]    CK1SPP_bit
0x0F84       [0]    RE3_bit
0x0F84       [0]    RDPU_PORTE_bit
0x0F89       [0]    LATA5_bit
0x0F89       [0]    LATA4_bit
0x0F89       [1]    LATA
0x0F89       [0]    LATA6_bit
0x0F89       [0]    LATA1_bit
0x0F89       [0]    LATA0_bit
0x0F89       [0]    LATA3_bit
0x0F89       [0]    LATA2_bit
0x0F8A       [0]    LATB6_bit
0x0F8A       [0]    LATB5_bit
0x0F8A       [1]    LATB
0x0F8A       [0]    LATB7_bit
0x0F8A       [0]    LATB1_bit
0x0F8A       [0]    LATB0_bit
0x0F8A       [0]    LATB2_bit
0x0F8A       [0]    LATB4_bit
0x0F8A       [0]    LATB3_bit
0x0F8B       [1]    LATC
0x0F8B       [0]    LATC7_bit
0x0F8B       [0]    LATC1_bit
0x0F8B       [0]    LATC2_bit
0x0F8B       [0]    LATC6_bit
0x0F8B       [0]    LATC0_bit
0x0F8C       [0]    LATD3_bit
0x0F8C       [1]    LATD
0x0F8C       [0]    LATD7_bit
0x0F8C       [0]    LATD4_bit
0x0F8C       [0]    LATD5_bit
0x0F8C       [0]    LATD1_bit
0x0F8C       [0]    LATD6_bit
0x0F8C       [0]    LATD0_bit
0x0F8C       [0]    LATD2_bit
0x0F8D       [0]    LATE0_bit
0x0F8D       [1]    LATE
0x0F8D       [0]    LATE2_bit
0x0F8D       [0]    LATE1_bit
0x0F92       [0]    TRISA1_bit
0x0F92       [0]    TRISA6_bit
0x0F92       [1]    TRISA
0x0F92       [0]    TRISA0_bit
0x0F92       [0]    TRISA4_bit
0x0F92       [0]    TRISA5_bit
0x0F92       [0]    TRISA2_bit
0x0F92       [0]    TRISA3_bit
0x0F93       [0]    TRISB3_bit
0x0F93       [0]    TRISB1_bit
0x0F93       [0]    LCD_D7_Direction
0x0F93       [0]    TRISB7_bit
0x0F93       [0]    TRISB5_bit
0x0F93       [0]    LCD_D6_Direction
0x0F93       [0]    TRISB4_bit
0x0F93       [0]    TRISB0_bit
0x0F93       [0]    TRISB2_bit
0x0F93       [1]    TRISB
0x0F93       [0]    LCD_RS_Direction
0x0F93       [0]    LCD_EN_Direction
0x0F93       [0]    LCD_D5_Direction
0x0F93       [0]    LCD_D4_Direction
0x0F93       [0]    TRISB6_bit
0x0F94       [0]    TRISC1_bit
0x0F94       [0]    TRISC0_bit
0x0F94       [0]    TRISC7_bit
0x0F94       [0]    TRISC6_bit
0x0F94       [1]    TRISC
0x0F94       [0]    TRISC2_bit
0x0F95       [0]    TRISD5_bit
0x0F95       [0]    TRISD2_bit
0x0F95       [0]    TRISD6_bit
0x0F95       [1]    TRISD
0x0F95       [0]    TRISD4_bit
0x0F95       [0]    TRISD3_bit
0x0F95       [0]    TRISD0_bit
0x0F95       [0]    TRISD7_bit
0x0F95       [0]    TRISD1_bit
0x0F96       [0]    TRISE2_bit
0x0F96       [1]    TRISE
0x0F96       [0]    TRISE0_bit
0x0F96       [0]    TRISE1_bit
0x0F9B       [1]    OSCTUNE
0x0F9B       [0]    TUN2_bit
0x0F9B       [0]    TUN0_bit
0x0F9B       [0]    TUN1_bit
0x0F9B       [0]    TUN4_bit
0x0F9B       [0]    INTSRC_bit
0x0F9B       [0]    TUN3_bit
0x0F9D       [0]    RCIE_bit
0x0F9D       [0]    SSPIE_bit
0x0F9D       [0]    CCP1IE_bit
0x0F9D       [0]    TXIE_bit
0x0F9D       [0]    ADIE_bit
0x0F9D       [0]    TMR1IE_bit
0x0F9D       [1]    PIE1
0x0F9D       [0]    SPPIE_bit
0x0F9D       [0]    TMR2IE_bit
0x0F9E       [0]    CCP1IF_bit
0x0F9E       [1]    PIR1
0x0F9E       [0]    TMR1IF_bit
0x0F9E       [0]    TMR2IF_bit
0x0F9E       [0]    SSPIF_bit
0x0F9E       [0]    ADIF_bit
0x0F9E       [0]    SPPIF_bit
0x0F9E       [0]    TXIF_bit
0x0F9E       [0]    RCIF_bit
0x0F9F       [0]    TMR1IP_bit
0x0F9F       [0]    ADIP_bit
0x0F9F       [0]    SPPIP_bit
0x0F9F       [1]    IPR1
0x0F9F       [0]    TMR2IP_bit
0x0F9F       [0]    TXIP_bit
0x0F9F       [0]    SSPIP_bit
0x0F9F       [0]    RCIP_bit
0x0F9F       [0]    CCP1IP_bit
0x0FA0       [0]    CCP2IE_bit
0x0FA0       [0]    OSCFIE_bit
0x0FA0       [0]    BCLIE_bit
0x0FA0       [0]    EEIE_bit
0x0FA0       [0]    USBIE_bit
0x0FA0       [0]    CMIE_bit
0x0FA0       [0]    TMR3IE_bit
0x0FA0       [1]    PIE2
0x0FA0       [0]    HLVDIE_bit
0x0FA0       [0]    LVDIE_bit
0x0FA1       [0]    HLVDIF_bit
0x0FA1       [1]    PIR2
0x0FA1       [0]    BCLIF_bit
0x0FA1       [0]    CMIF_bit
0x0FA1       [0]    USBIF_bit
0x0FA1       [0]    EEIF_bit
0x0FA1       [0]    CCP2IF_bit
0x0FA1       [0]    OSCFIF_bit
0x0FA1       [0]    LVDIF_bit
0x0FA1       [0]    TMR3IF_bit
0x0FA2       [1]    IPR2
0x0FA2       [0]    HLVDIP_bit
0x0FA2       [0]    LVDIP_bit
0x0FA2       [0]    BCLIP_bit
0x0FA2       [0]    CCP2IP_bit
0x0FA2       [0]    TMR3IP_bit
0x0FA2       [0]    CMIP_bit
0x0FA2       [0]    OSCFIP_bit
0x0FA2       [0]    EEIP_bit
0x0FA2       [0]    USBIP_bit
0x0FA6       [0]    EEPGD_bit
0x0FA6       [0]    WRERR_bit
0x0FA6       [0]    FREE_bit
0x0FA6       [0]    CFGS_bit
0x0FA6       [0]    RD_bit
0x0FA6       [0]    WR_bit
0x0FA6       [0]    WREN_bit
0x0FA6       [1]    EECON1
0x0FA7       [1]    EECON2
0x0FA8       [1]    EEDATA
0x0FA9       [1]    EEADR
0x0FAB       [0]    ADEN_bit
0x0FAB       [0]    SREN_bit
0x0FAB       [0]    RX9D_bit
0x0FAB       [0]    SPEN_bit
0x0FAB       [1]    RCSTA
0x0FAB       [0]    RX9_bit
0x0FAB       [0]    CREN_bit
0x0FAB       [0]    FERR_bit
0x0FAB       [0]    ADDEN_bit
0x0FAB       [0]    OERR_bit
0x0FAC       [0]    SYNC_bit
0x0FAC       [0]    SENDB_bit
0x0FAC       [0]    TRMT_bit
0x0FAC       [0]    TX9D_bit
0x0FAC       [0]    BRGH_bit
0x0FAC       [1]    TXSTA
0x0FAC       [0]    CSRC_bit
0x0FAC       [0]    TXEN_bit
0x0FAC       [0]    TX9_bit
0x0FAD       [1]    TXREG
0x0FAE       [1]    RCREG
0x0FAF       [1]    SPBRG
0x0FB0       [1]    SPBRGH
0x0FB1       [0]    T3SYNC_bit
0x0FB1       [0]    T3CCP1_bit
0x0FB1       [0]    T3CKPS0_bit
0x0FB1       [0]    TMR3CS_bit
0x0FB1       [0]    RD16_bit
0x0FB1       [0]    NOT_T3SYNC_bit
0x0FB1       [0]    T3NSYNC_bit
0x0FB1       [0]    T3CCP2_bit
0x0FB1       [0]    T3CKPS1_bit
0x0FB1       [0]    TMR3ON_bit
0x0FB1       [1]    T3CON
0x0FB2       [1]    TMR3L
0x0FB3       [1]    TMR3H
0x0FB4       [0]    CIS_bit
0x0FB4       [0]    CM2_bit
0x0FB4       [0]    C2INV_bit
0x0FB4       [0]    C1INV_bit
0x0FB4       [0]    C1OUT_bit
0x0FB4       [0]    CM0_bit
0x0FB4       [1]    CMCON
0x0FB4       [0]    CM1_bit
0x0FB4       [0]    C2OUT_bit
0x0FB5       [0]    CVROE_bit
0x0FB5       [0]    CVRR_bit
0x0FB5       [0]    CVREN_bit
0x0FB5       [1]    CVRCON
0x0FB5       [0]    CVRSS_bit
0x0FB5       [0]    CVR1_bit
0x0FB5       [0]    CVR0_bit
0x0FB5       [0]    CVR2_bit
0x0FB5       [0]    CVREF_bit
0x0FB5       [0]    CVR3_bit
0x0FB6       [0]    ECCPASE_bit
0x0FB6       [0]    ECCPAS2_bit
0x0FB6       [1]    CCP1AS
0x0FB6       [1]    ECCP1AS
0x0FB6       [0]    ECCPAS1_bit
0x0FB6       [0]    PSSBD1_bit
0x0FB6       [0]    PSSAC0_bit
0x0FB6       [0]    PSSBD0_bit
0x0FB6       [0]    ECCPAS0_bit
0x0FB6       [0]    PSSAC1_bit
0x0FB7       [0]    PRSEN_bit
0x0FB7       [1]    ECCP1DEL
0x0FB7       [1]    CCP1DEL
0x0FB7       [0]    PDC6_bit
0x0FB7       [0]    PDC2_bit
0x0FB7       [0]    PDC1_bit
0x0FB7       [0]    PDC0_bit
0x0FB7       [0]    PDC3_bit
0x0FB7       [0]    PDC5_bit
0x0FB7       [0]    PDC4_bit
0x0FB8       [0]    RCMT_bit
0x0FB8       [1]    BAUDCON
0x0FB8       [0]    RXDTP_bit
0x0FB8       [0]    SCKP_bit
0x0FB8       [0]    RCIDL_bit
0x0FB8       [0]    ABDOVF_bit
0x0FB8       [0]    ABDEN_bit
0x0FB8       [0]    WUE_bit
0x0FB8       [0]    BRG16_bit
0x0FB8       [0]    TXCKP_bit
0x0FBA       [0]    CCP2M2_bit
0x0FBA       [0]    CCP2M3_bit
0x0FBA       [0]    DC2B0_bit
0x0FBA       [1]    CCP2CON
0x0FBA       [0]    CCP2M0_bit
0x0FBA       [0]    CCP2M1_bit
0x0FBA       [0]    DC2B1_bit
0x0FBB       [2]    CCPR2
0x0FBB       [1]    CCPR2L
0x0FBC       [1]    CCPR2H
0x0FBD       [0]    P1M1_bit
0x0FBD       [0]    DC1B1_bit
0x0FBD       [1]    CCP1CON
0x0FBD       [1]    ECCP1CON
0x0FBD       [0]    P1M0_bit
0x0FBD       [0]    CCP1M3_bit
0x0FBD       [0]    DC1B0_bit
0x0FBD       [0]    CCP1M2_bit
0x0FBD       [0]    CCP1M0_bit
0x0FBD       [0]    CCP1M1_bit
0x0FBE       [1]    CCPR1L
0x0FBE       [2]    CCPR1
0x0FBF       [1]    CCPR1H
0x0FC0       [1]    ADCON2
0x0FC0       [0]    ACQT0_bit
0x0FC0       [0]    ADCS2_bit
0x0FC0       [0]    ADCS1_bit
0x0FC0       [0]    ADFM_bit
0x0FC0       [0]    ACQT2_bit
0x0FC0       [0]    ACQT1_bit
0x0FC0       [0]    ADCS0_bit
0x0FC1       [0]    PCFG3_bit
0x0FC1       [0]    PCFG2_bit
0x0FC1       [0]    PCFG1_bit
0x0FC1       [1]    ADCON1
0x0FC1       [0]    VCFG1_bit
0x0FC1       [0]    VCFG0_bit
0x0FC1       [0]    PCFG0_bit
0x0FC2       [0]    NOT_DONE_bit
0x0FC2       [1]    ADCON0
0x0FC2       [0]    CHS0_bit
0x0FC2       [0]    ADON_bit
0x0FC2       [0]    GO_DONE_bit
0x0FC2       [0]    CHS2_bit
0x0FC2       [0]    CHS1_bit
0x0FC2       [0]    CHS3_bit
0x0FC2       [0]    GO_bit
0x0FC2       [0]    DONE_bit
0x0FC3       [1]    ADRESL
0x0FC3       [2]    ADRES
0x0FC4       [1]    ADRESH
0x0FC5       [0]    RCEN_bit
0x0FC5       [0]    ACKEN_bit
0x0FC5       [0]    PEN_bit
0x0FC5       [0]    SEN_bit
0x0FC5       [0]    RSEN_bit
0x0FC5       [0]    GCEN_bit
0x0FC5       [1]    SSPCON2
0x0FC5       [0]    ACKDT_bit
0x0FC5       [0]    ACKSTAT_bit
0x0FC6       [1]    SSPCON1
0x0FC6       [0]    SSPEN_bit
0x0FC6       [0]    CKP_bit
0x0FC6       [0]    WCOL_bit
0x0FC6       [0]    SSPOV_bit
0x0FC6       [0]    SSPM1_bit
0x0FC6       [0]    SSPM0_bit
0x0FC6       [0]    SSPM3_bit
0x0FC6       [0]    SSPM2_bit
0x0FC7       [0]    NOT_A_bit
0x0FC7       [0]    NOT_WRITE_bit
0x0FC7       [0]    NOT_W_bit
0x0FC7       [0]    I2C_STOP__bit
0x0FC7       [0]    I2C_DAT_bit
0x0FC7       [0]    NOT_ADDRESS_bit
0x0FC7       [0]    D_bit
0x0FC7       [1]    SSPSTAT
0x0FC7       [0]    R_bit
0x0FC7       [0]    READ_WRITE_bit
0x0FC7       [0]    DATA_ADDRESS_bit
0x0FC7       [0]    S_bit
0x0FC7       [0]    P_bit
0x0FC7       [0]    D_A_bit
0x0FC7       [0]    BF_bit
0x0FC7       [0]    UA_bit
0x0FC7       [0]    R_W_bit
0x0FC7       [0]    CKE_bit
0x0FC7       [0]    I2C_START__bit
0x0FC7       [0]    I2C_READ_bit
0x0FC7       [0]    SMP_bit
0x0FC8       [1]    SSPADD
0x0FC9       [1]    SSPBUF
0x0FCA       [0]    TMR2ON_bit
0x0FCA       [0]    T2OUTPS0_bit
0x0FCA       [0]    T2OUTPS1_bit
0x0FCA       [0]    T2OUTPS2_bit
0x0FCA       [0]    T2OUTPS3_bit
0x0FCA       [0]    T2CKPS1_bit
0x0FCA       [0]    T2CKPS0_bit
0x0FCA       [1]    T2CON
0x0FCB       [1]    PR2
0x0FCC       [1]    TMR2
0x0FCD       [1]    T1CON
0x0FCD       [0]    NOT_T1SYNC_bit
0x0FCD       [0]    T1CKPS1_bit
0x0FCD       [0]    RD16_T1CON_bit
0x0FCD       [0]    T1RUN_bit
0x0FCD       [0]    T1CKPS0_bit
0x0FCD       [0]    TMR1CS_bit
0x0FCD       [0]    TMR1ON_bit
0x0FCD       [0]    T1OSCEN_bit
0x0FCD       [0]    T1SYNC_bit
0x0FCE       [1]    TMR1L
0x0FCF       [1]    TMR1H
0x0FD0       [0]    POR_bit
0x0FD0       [0]    NOT_IPEN_bit
0x0FD0       [0]    BOR_bit
0x0FD0       [0]    PD_bit
0x0FD0       [0]    IPEN_bit
0x0FD0       [0]    RI_bit
0x0FD0       [0]    TO__bit
0x0FD0       [0]    SBOREN_bit
0x0FD0       [0]    NOT_POR_bit
0x0FD0       [0]    NOT_BOR_bit
0x0FD0       [1]    RCON
0x0FD0       [0]    NOT_RI_bit
0x0FD0       [0]    NOT_TO_bit
0x0FD0       [0]    NOT_PD_bit
0x0FD1       [0]    SWDTEN_bit
0x0FD1       [1]    WDTCON
0x0FD1       [0]    SWDTE_bit
0x0FD2       [0]    HLVDL0_bit
0x0FD2       [0]    HLVDL1_bit
0x0FD2       [0]    LVV3_bit
0x0FD2       [0]    BGST_bit
0x0FD2       [0]    HLVDL2_bit
0x0FD2       [0]    VDIRMAG_bit
0x0FD2       [0]    IVRST_bit
0x0FD2       [0]    HLVDL3_bit
0x0FD2       [0]    HLVDEN_bit
0x0FD2       [0]    LVDL2_bit
0x0FD2       [0]    LVDL3_bit
0x0FD2       [0]    LVDL0_bit
0x0FD2       [0]    LVDL1_bit
0x0FD2       [0]    LVDEN_bit
0x0FD2       [0]    LVV1_bit
0x0FD2       [0]    LVV2_bit
0x0FD2       [0]    IRVST_bit
0x0FD2       [0]    LVV0_bit
0x0FD2       [1]    LVDCON
0x0FD2       [1]    HLVDCON
0x0FD3       [0]    IOFS_bit
0x0FD3       [0]    OSTS_bit
0x0FD3       [0]    SCS1_bit
0x0FD3       [1]    OSCCON
0x0FD3       [0]    SCS0_bit
0x0FD3       [0]    IDLEN_bit
0x0FD3       [0]    FLTS_bit
0x0FD3       [0]    IRCF2_bit
0x0FD3       [0]    IRCF0_bit
0x0FD3       [0]    IRCF1_bit
0x0FD5       [0]    T0PS1_bit
0x0FD5       [0]    T0PS2_bit
0x0FD5       [1]    T0CON
0x0FD5       [0]    T0PS0_bit
0x0FD5       [0]    PSA_bit
0x0FD5       [0]    T08BIT_bit
0x0FD5       [0]    TMR0ON_bit
0x0FD5       [0]    T0SE_bit
0x0FD5       [0]    T0CS_bit
0x0FD6       [1]    TMR0L
0x0FD7       [1]    TMR0H
0x0FD8       [0]    Z_bit
0x0FD8       [1]    STATUS
0x0FD8       [0]    DC_bit
0x0FD8       [0]    C_bit
0x0FD8       [0]    OV_bit
0x0FD8       [0]    N_bit
0x0FD9       [2]    FSR2PTR
0x0FD9       [1]    FSR2L
0x0FD9       [2]    FSR2
0x0FDA       [1]    FSR2H
0x0FDB       [1]    PLUSW2
0x0FDC       [1]    PREINC2
0x0FDD       [1]    POSTDEC2
0x0FDE       [1]    POSTINC2
0x0FDF       [1]    INDF2
0x0FE0       [1]    BSR
0x0FE1       [2]    FSR1
0x0FE1       [1]    FSR1L
0x0FE1       [2]    FSR1PTR
0x0FE2       [1]    FSR1H
0x0FE3       [1]    PLUSW1
0x0FE4       [1]    PREINC1
0x0FE5       [1]    POSTDEC1
0x0FE6       [1]    POSTINC1
0x0FE7       [1]    INDF1
0x0FE8       [1]    WREG
0x0FE9       [2]    FSR0
0x0FE9       [2]    FSR0PTR
0x0FE9       [1]    FSR0L
0x0FEA       [1]    FSR0H
0x0FEB       [1]    PLUSW0
0x0FEC       [1]    PREINC0
0x0FED       [1]    POSTDEC0
0x0FEE       [1]    POSTINC0
0x0FEF       [1]    INDF0
0x0FF0       [0]    INT2IP_bit
0x0FF0       [0]    INT1IP_bit
0x0FF0       [0]    INT2F_bit
0x0FF0       [0]    INT1F_bit
0x0FF0       [0]    INT2IF_bit
0x0FF0       [0]    INT1IF_bit
0x0FF0       [0]    INT2IE_bit
0x0FF0       [0]    INT1IE_bit
0x0FF0       [0]    INT1E_bit
0x0FF0       [0]    INT2P_bit
0x0FF0       [1]    INTCON3
0x0FF0       [0]    INT2E_bit
0x0FF0       [0]    INT1P_bit
0x0FF1       [0]    NOT_RBPU_bit
0x0FF1       [0]    INTEDG0_bit
0x0FF1       [1]    INTCON2
0x0FF1       [0]    T0IP_bit
0x0FF1       [0]    RBPU_bit
0x0FF1       [0]    RBIP_bit
0x0FF1       [0]    TMR0IP_bit
0x0FF1       [0]    INTEDG1_bit
0x0FF1       [0]    INTEDG2_bit
0x0FF2       [0]    INT0IF_bit
0x0FF2       [0]    RBIF_bit
0x0FF2       [1]    INTCON
0x0FF2       [0]    TMR0IF_bit
0x0FF2       [0]    GIEH_bit
0x0FF2       [0]    INT0IE_bit
0x0FF2       [0]    RBIE_bit
0x0FF2       [0]    GIEL_bit
0x0FF2       [0]    GIE_bit
0x0FF2       [0]    INT0F_bit
0x0FF2       [0]    TMR0IE_bit
0x0FF2       [0]    PEIE_bit
0x0FF2       [0]    T0IF_bit
0x0FF2       [0]    T0IE_bit
0x0FF2       [0]    INT0E_bit
0x0FF3       [2]    PROD
0x0FF3       [1]    PRODL
0x0FF4       [1]    PRODH
0x0FF5       [1]    TABLAT
0x0FF6       [1]    TBLPTRL
0x0FF6       [3]    TBLPTR
0x0FF7       [1]    TBLPTRH
0x0FF8       [1]    TBLPTRU
0x0FF9       [1]    PC
0x0FF9       [1]    PCL
0x0FFA       [1]    PCLATH
0x0FFB       [0]    PCU3_bit
0x0FFB       [0]    PCU4_bit
0x0FFB       [0]    PCU2_bit
0x0FFB       [1]    PCLATU
0x0FFB       [0]    PCU0_bit
0x0FFB       [0]    PCU1_bit
0x0FFC       [0]    STKPTR4_bit
0x0FFC       [0]    STKUNF_bit
0x0FFC       [0]    STKFUL_bit
0x0FFC       [0]    STKPTR3_bit
0x0FFC       [0]    STKPTR0_bit
0x0FFC       [1]    STKPTR
0x0FFC       [0]    STKPTR2_bit
0x0FFC       [0]    STKPTR1_bit
0x0FFD       [1]    TOSL
0x0FFD       [1]    TOS
0x0FFE       [1]    TOSH
0x0FFF       [1]    TOSU
//** Label List: ** 
//----------------------------------------------
  L_end_dmtf_Init_Main
  L_end__main
  L__main2
  L__main3
  L__main4
  L__main5
  L__main6
  L__main7
  L__main8
  L__main9
  L__main10
  L__main11
  L__main12
  L__main13
  L__main14
  L__main15
  L__main16
  L__main17
  L__main18
  L__main19
  L__main20
  L__main21
  L__main22
  L__main23
  L__main24
  L__main25
  L__main26
  L__main27
  L__main28
  L__main29
  L__main30
  L__main31
  L__main32
  L__main33
  L__main34
  L__main35
  L__main36
  L__main37
  L__main38
  L__main39
  L__main40
  L__main41
  L__main42
  L__main43
  L__main44
  L__main45
  L__main46
  L__main47
  L__main48
  L__main49
  L__main50
  L__main51
  L__main52
  L__main53
  L__main54
  L__main55
  L__main56
  L__main57
  L__main58
  L__main59
  L__main60
  dmtf_Init_Main
  _main
  L_end__Get_Fosc_kHz
  L_end__Delay_1us
  L_end__Delay_10us
  L__Delay_10us3
  L_end__Delay_22us
  L__Delay_22us5
  L_end__Delay_50us
  L__Delay_50us7
  L_end__Delay_80us
  L__Delay_80us9
  L_end__Delay_500us
  L__Delay_500us11
  L_end__Delay_5500us
  L__Delay_5500us13
  L_end__Delay_8ms
  L__Delay_8ms15
  L_end__Delay_10ms
  L__Delay_10ms17
  L_end__Delay_100ms
  L__Delay_100ms19
  L_end__Delay_1sec
  L__Delay_1sec21
  L_end__Delay_Cyc
  L__Delay_Cyc23
  L__Delay_Cyc24
  L__Delay_Cyc25
  L__Delay_Cyc26
  L__Delay_Cyc27
  L_end__VDelay_ms
  L__VDelay_ms29
  L__VDelay_ms30
  L__VDelay_ms31
  L__VDelay_ms32
  L__VDelay_ms33
  L__VDelay_ms34
  L__VDelay_ms35
  L__VDelay_ms36
  L_end__VDelay_Advanced_ms
  L__VDelay_Advanced_ms38
  L__VDelay_Advanced_ms39
  L__VDelay_Advanced_ms40
  L__VDelay_Advanced_ms41
  L__VDelay_Advanced_ms42
  L__VDelay_Advanced_ms43
  L__VDelay_Advanced_ms44
  L__VDelay_Advanced_ms45
  _Get_Fosc_kHz
  _Delay_1us
  _Delay_10us
  _Delay_22us
  _Delay_50us
  _Delay_80us
  _Delay_500us
  _Delay_5500us
  _Delay_8ms
  _Delay_10ms
  _Delay_100ms
  _Delay_1sec
  _Delay_Cyc
  _VDelay_ms
  L__VDelay_ms46
  L__VDelay_ms47
  L__VDelay_ms48
  L__VDelay_ms49
  _VDelay_Advanced_ms
  L__VDelay_Advanced_ms50
  L__VDelay_Advanced_ms51
  L__VDelay_Advanced_ms52
  L__VDelay_Advanced_ms53
  L_end__Lcd_Cmd
  L__Lcd_Cmd1
  L__Lcd_Cmd2
  L__Lcd_Cmd3
  L_end__Lcd_Chr_CP
  L_end__Lcd_Out_CP
  L__Lcd_Out_CP6
  L__Lcd_Out_CP7
  L__Lcd_Out_CP8
  L__Lcd_Out_CP9
  L__Lcd_Out_CP10
  L_end__Lcd_Chr
  L__Lcd_Chr12
  L__Lcd_Chr13
  L__Lcd_Chr14
  L__Lcd_Chr15
  L__Lcd_Chr16
  L__Lcd_Chr17
  L__Lcd_Chr18
  L__Lcd_Chr19
  L__Lcd_Chr20
  L__Lcd_Chr21
  L__Lcd_Chr22
  L__Lcd_Chr23
  L__Lcd_Chr24
  L_end__Lcd_Init
  L_end__Lcd_Out
  L__Lcd_Out27
  L__Lcd_Out28
  L__Lcd_Out29
  L__Lcd_Out30
  L__Lcd_Out31
  L__Lcd_Out32
  L__Lcd_Out33
  L__Lcd_Out34
  L__Lcd_Out35
  L__Lcd_Out36
  L__Lcd_Out37
  L__Lcd_Out38
  L__Lcd_Out39
  L__Lcd_Out40
  L__Lcd_Out41
  L__Lcd_Out42
  L__Lcd_Out43
  L__Lcd_Out44
  _Lcd_Cmd
  L__Lcd_Cmd45
  L__Lcd_Cmd46
  L__Lcd_Cmd47
  L__Lcd_Cmd48
  L__Lcd_Cmd49
  L__Lcd_Cmd50
  L__Lcd_Cmd51
  L__Lcd_Cmd52
  L__Lcd_Cmd53
  L__Lcd_Cmd54
  L__Lcd_Cmd55
  L__Lcd_Cmd56
  L__Lcd_Cmd57
  L__Lcd_Cmd58
  L__Lcd_Cmd59
  L__Lcd_Cmd60
  L__Lcd_Cmd61
  L__Lcd_Cmd62
  L__Lcd_Cmd63
  L__Lcd_Cmd64
  _Lcd_Chr_CP
  _Lcd_Out_CP
  _Lcd_Chr
  _Lcd_Init
  _Lcd_Out
  L_end__UART1_Init
  L__UART1_Init1
  L__UART1_Init2
  L__UART1_Init3
  L__UART1_Init4
  L__UART1_Init5
  L_end__UART1_Data_Ready
  L_end__UART1_Read
  L__UART1_Read8
  L__UART1_Read9
  L__UART1_Read10
  L_end__UART1_TX_Idle
  L_end__UART1_Write
  L__UART1_Write13
  L__UART1_Write14
  L__UART1_Write15
  L__UART1_Write16
  L__UART1_Write17
  L_end__UART1_Write_Text
  L__UART1_Write_Text19
  L__UART1_Write_Text20
  L__UART1_Write_Text21
  L__UART1_Write_Text22
  L__UART1_Write_Text23
  L_end__UART1_Read_Text
  L__UART1_Read_Text25
  L__UART1_Read_Text26
  L__UART1_Read_Text27
  L__UART1_Read_Text28
  L__UART1_Read_Text29
  L__UART1_Read_Text30
  L__UART1_Read_Text31
  L__UART1_Read_Text32
  L__UART1_Read_Text33
  L__UART1_Read_Text34
  L__UART1_Read_Text35
  L__UART1_Read_Text36
  L__UART1_Read_Text37
  L__UART1_Read_Text38
  L__UART1_Read_Text39
  L__UART1_Read_Text40
  L__UART1_Read_Text41
  L__UART1_Read_Text42
  L__UART1_Read_Text43
  L__UART1_Read_Text44
  L__UART1_Read_Text45
  L__UART1_Read_Text46
  L_end__UART_Set_Active
  _UART1_Init
  _UART1_Data_Ready
  _UART1_Read
  _UART1_TX_Idle
  _UART1_Write
  _UART1_Write_Text
  _UART1_Read_Text
  _UART_Set_Active
