;  LST file generated by mikroListExporter - v.2.0 
; Date/Time: 19/12/2012 10:40:53
;----------------------------------------------

;Address Opcode 	ASM
0x0000	0x28EE      	GOTO       238
ID_20_interrupt:
0x0004	0x00FF      	MOVWF      R15
0x0005	0x0E03      	SWAPF      STATUS, 0
0x0006	0x0183      	CLRF       STATUS
0x0007	0x00B3      	MOVWF      ___saveSTATUS
0x0008	0x080A      	MOVF       PCLATH, 0
0x0009	0x00A4      	MOVWF      ___savePCLATH
0x000A	0x018A      	CLRF       PCLATH
0x000B	0x0870      	MOVF       R0, 0
0x000C	0x00A2      	MOVWF      34
0x000D	0x0871      	MOVF       R1, 0
0x000E	0x00A1      	MOVWF      33
0x000F	0x0872      	MOVF       R2, 0
0x0010	0x00A0      	MOVWF      32
0x0011	0x0804      	MOVF       FSR, 0
0x0012	0x00A3      	MOVWF      35
;ID_20.mbas,11 :: 		sub procedure interrupt
;ID_20.mbas,15 :: 		if (PIR1.RCIF=1) then
0x0013	0x1E8C      	BTFSS      PIR1, 5
0x0014	0x2891      	GOTO       L_ID_20_interrupt2
;ID_20.mbas,16 :: 		PIR1.RCIF=0
0x0015	0x128C      	BCF        PIR1, 5
;ID_20.mbas,17 :: 		dato_recep = UART1_Read()
0x0016	0x20E1      	CALL       _UART1_Read
0x0017	0x0870      	MOVF       R0, 0
0x0018	0x00B4      	MOVWF      _dato_recep
;ID_20.mbas,19 :: 		case 0
0x0019	0x0838      	MOVF       _viajero, 0
0x001A	0x3A00      	XORLW      0
0x001B	0x1D03      	BTFSS      STATUS, 2
0x001C	0x2826      	GOTO       L_ID_20_interrupt7
;ID_20.mbas,20 :: 		if dato_recep = 0X02 then
0x001D	0x0834      	MOVF       _dato_recep, 0
0x001E	0x3A02      	XORLW      2
0x001F	0x1D03      	BTFSS      STATUS, 2
0x0020	0x2824      	GOTO       L_ID_20_interrupt9
;ID_20.mbas,21 :: 		viajero = 1
0x0021	0x3001      	MOVLW      1
0x0022	0x00B8      	MOVWF      _viajero
0x0023	0x2825      	GOTO       L_ID_20_interrupt10
;ID_20.mbas,22 :: 		else
L_ID_20_interrupt9:
;ID_20.mbas,23 :: 		viajero = 0
0x0024	0x01B8      	CLRF       _viajero
;ID_20.mbas,24 :: 		end if
L_ID_20_interrupt10:
0x0025	0x2891      	GOTO       L_ID_20_interrupt4
L_ID_20_interrupt7:
;ID_20.mbas,25 :: 		case 1,2,3,4,5,6,7,8,9,10,11,12
0x0026	0x0838      	MOVF       _viajero, 0
0x0027	0x3A01      	XORLW      1
0x0028	0x1D03      	BTFSS      STATUS, 2
0x0029	0x282B      	GOTO       L_ID_20_interrupt13
0x002A	0x2861      	GOTO       L_ID_20_interrupt11
L_ID_20_interrupt13:
0x002B	0x0838      	MOVF       _viajero, 0
0x002C	0x3A02      	XORLW      2
0x002D	0x1D03      	BTFSS      STATUS, 2
0x002E	0x2830      	GOTO       L_ID_20_interrupt14
0x002F	0x2861      	GOTO       L_ID_20_interrupt11
L_ID_20_interrupt14:
0x0030	0x0838      	MOVF       _viajero, 0
0x0031	0x3A03      	XORLW      3
0x0032	0x1D03      	BTFSS      STATUS, 2
0x0033	0x2835      	GOTO       L_ID_20_interrupt15
0x0034	0x2861      	GOTO       L_ID_20_interrupt11
L_ID_20_interrupt15:
0x0035	0x0838      	MOVF       _viajero, 0
0x0036	0x3A04      	XORLW      4
0x0037	0x1D03      	BTFSS      STATUS, 2
0x0038	0x283A      	GOTO       L_ID_20_interrupt16
0x0039	0x2861      	GOTO       L_ID_20_interrupt11
L_ID_20_interrupt16:
0x003A	0x0838      	MOVF       _viajero, 0
0x003B	0x3A05      	XORLW      5
0x003C	0x1D03      	BTFSS      STATUS, 2
0x003D	0x283F      	GOTO       L_ID_20_interrupt17
0x003E	0x2861      	GOTO       L_ID_20_interrupt11
L_ID_20_interrupt17:
0x003F	0x0838      	MOVF       _viajero, 0
0x0040	0x3A06      	XORLW      6
0x0041	0x1D03      	BTFSS      STATUS, 2
0x0042	0x2844      	GOTO       L_ID_20_interrupt18
0x0043	0x2861      	GOTO       L_ID_20_interrupt11
L_ID_20_interrupt18:
0x0044	0x0838      	MOVF       _viajero, 0
0x0045	0x3A07      	XORLW      7
0x0046	0x1D03      	BTFSS      STATUS, 2
0x0047	0x2849      	GOTO       L_ID_20_interrupt19
0x0048	0x2861      	GOTO       L_ID_20_interrupt11
L_ID_20_interrupt19:
0x0049	0x0838      	MOVF       _viajero, 0
0x004A	0x3A08      	XORLW      8
0x004B	0x1D03      	BTFSS      STATUS, 2
0x004C	0x284E      	GOTO       L_ID_20_interrupt20
0x004D	0x2861      	GOTO       L_ID_20_interrupt11
L_ID_20_interrupt20:
0x004E	0x0838      	MOVF       _viajero, 0
0x004F	0x3A09      	XORLW      9
0x0050	0x1D03      	BTFSS      STATUS, 2
0x0051	0x2853      	GOTO       L_ID_20_interrupt21
0x0052	0x2861      	GOTO       L_ID_20_interrupt11
L_ID_20_interrupt21:
0x0053	0x0838      	MOVF       _viajero, 0
0x0054	0x3A0A      	XORLW      10
0x0055	0x1D03      	BTFSS      STATUS, 2
0x0056	0x2858      	GOTO       L_ID_20_interrupt22
0x0057	0x2861      	GOTO       L_ID_20_interrupt11
L_ID_20_interrupt22:
0x0058	0x0838      	MOVF       _viajero, 0
0x0059	0x3A0B      	XORLW      11
0x005A	0x1D03      	BTFSS      STATUS, 2
0x005B	0x285D      	GOTO       L_ID_20_interrupt23
0x005C	0x2861      	GOTO       L_ID_20_interrupt11
L_ID_20_interrupt23:
0x005D	0x0838      	MOVF       _viajero, 0
0x005E	0x3A0C      	XORLW      12
0x005F	0x1D03      	BTFSS      STATUS, 2
0x0060	0x286B      	GOTO       L_ID_20_interrupt24
L_ID_20_interrupt11:
;ID_20.mbas,26 :: 		dato_rd[12-viajero] = dato_recep
0x0061	0x0838      	MOVF       _viajero, 0
0x0062	0x3C0C      	SUBLW      12
0x0063	0x00F0      	MOVWF      R0
0x0064	0x0870      	MOVF       R0, 0
0x0065	0x3E25      	ADDLW      _dato_rd
0x0066	0x0084      	MOVWF      FSR
0x0067	0x0834      	MOVF       _dato_recep, 0
0x0068	0x0080      	MOVWF      INDF
;ID_20.mbas,27 :: 		inc(viajero)
0x0069	0x0AB8      	INCF       _viajero, 1
0x006A	0x2891      	GOTO       L_ID_20_interrupt4
L_ID_20_interrupt24:
;ID_20.mbas,28 :: 		case 13
0x006B	0x0838      	MOVF       _viajero, 0
0x006C	0x3A0D      	XORLW      13
0x006D	0x1D03      	BTFSS      STATUS, 2
0x006E	0x2878      	GOTO       L_ID_20_interrupt27
;ID_20.mbas,29 :: 		if dato_recep = 0X0D then
0x006F	0x0834      	MOVF       _dato_recep, 0
0x0070	0x3A0D      	XORLW      13
0x0071	0x1D03      	BTFSS      STATUS, 2
0x0072	0x2876      	GOTO       L_ID_20_interrupt29
;ID_20.mbas,30 :: 		viajero = 14
0x0073	0x300E      	MOVLW      14
0x0074	0x00B8      	MOVWF      _viajero
0x0075	0x2877      	GOTO       L_ID_20_interrupt30
;ID_20.mbas,31 :: 		else
L_ID_20_interrupt29:
;ID_20.mbas,32 :: 		viajero = 0
0x0076	0x01B8      	CLRF       _viajero
;ID_20.mbas,33 :: 		end if
L_ID_20_interrupt30:
0x0077	0x2891      	GOTO       L_ID_20_interrupt4
L_ID_20_interrupt27:
;ID_20.mbas,34 :: 		case 14
0x0078	0x0838      	MOVF       _viajero, 0
0x0079	0x3A0E      	XORLW      14
0x007A	0x1D03      	BTFSS      STATUS, 2
0x007B	0x2885      	GOTO       L_ID_20_interrupt33
;ID_20.mbas,35 :: 		if dato_recep = 0X0A then
0x007C	0x0834      	MOVF       _dato_recep, 0
0x007D	0x3A0A      	XORLW      10
0x007E	0x1D03      	BTFSS      STATUS, 2
0x007F	0x2883      	GOTO       L_ID_20_interrupt35
;ID_20.mbas,36 :: 		viajero = 15
0x0080	0x300F      	MOVLW      15
0x0081	0x00B8      	MOVWF      _viajero
0x0082	0x2884      	GOTO       L_ID_20_interrupt36
;ID_20.mbas,37 :: 		else
L_ID_20_interrupt35:
;ID_20.mbas,38 :: 		viajero = 0
0x0083	0x01B8      	CLRF       _viajero
;ID_20.mbas,39 :: 		end if
L_ID_20_interrupt36:
0x0084	0x2891      	GOTO       L_ID_20_interrupt4
L_ID_20_interrupt33:
;ID_20.mbas,40 :: 		case 15
0x0085	0x0838      	MOVF       _viajero, 0
0x0086	0x3A0F      	XORLW      15
0x0087	0x1D03      	BTFSS      STATUS, 2
0x0088	0x2891      	GOTO       L_ID_20_interrupt39
;ID_20.mbas,41 :: 		if dato_recep = 0X03 then
0x0089	0x0834      	MOVF       _dato_recep, 0
0x008A	0x3A03      	XORLW      3
0x008B	0x1D03      	BTFSS      STATUS, 2
0x008C	0x288F      	GOTO       L_ID_20_interrupt41
;ID_20.mbas,42 :: 		dato_listo = 0xFF
0x008D	0x30FF      	MOVLW      255
0x008E	0x00B9      	MOVWF      _dato_listo
L_ID_20_interrupt41:
;ID_20.mbas,44 :: 		viajero = 0
0x008F	0x01B8      	CLRF       _viajero
0x0090	0x2891      	GOTO       L_ID_20_interrupt4
L_ID_20_interrupt39:
L_ID_20_interrupt4:
;ID_20.mbas,45 :: 		end select
L_ID_20_interrupt2:
;ID_20.mbas,47 :: 		INTCON = INTCON or 0xC0
0x0091	0x30C0      	MOVLW      192
0x0092	0x048B      	IORWF      INTCON, 1
L_ID_20_interrupt88:
0x0093	0x0822      	MOVF       34, 0
0x0094	0x00F0      	MOVWF      R0
0x0095	0x0821      	MOVF       33, 0
0x0096	0x00F1      	MOVWF      R1
0x0097	0x0820      	MOVF       32, 0
0x0098	0x00F2      	MOVWF      R2
0x0099	0x0823      	MOVF       35, 0
0x009A	0x0084      	MOVWF      FSR
0x009B	0x0824      	MOVF       ___savePCLATH, 0
0x009C	0x008A      	MOVWF      PCLATH
0x009D	0x0E33      	SWAPF      ___saveSTATUS, 0
0x009E	0x0083      	MOVWF      STATUS
0x009F	0x0EFF      	SWAPF      R15, 1
0x00A0	0x0E7F      	SWAPF      R15, 0
0x00A1	0x0009      	RETFIE
; end of ID_20_interrupt
_EEPROM_Read:
;__Lib_EEPROM.mpas,13 :: 		
;__Lib_EEPROM.mpas,14 :: 		
0x00A2	0x1283      	BCF        STATUS, 5
0x00A3	0x1303      	BCF        STATUS, 6
0x00A4	0x0846      	MOVF       FARG_EEPROM_Read_address, 0
0x00A5	0x1703      	BSF        STATUS, 6
0x00A6	0x008D      	MOVWF      EEADR
;__Lib_EEPROM.mpas,15 :: 		
0x00A7	0x1683      	BSF        STATUS, 5
0x00A8	0x138C      	BCF        EECON1, 7
;__Lib_EEPROM.mpas,21 :: 		
0x00A9	0x140C      	BSF        EECON1, 0
;__Lib_EEPROM.mpas,22 :: 		
0x00AA	0x1283      	BCF        STATUS, 5
0x00AB	0x080C      	MOVF       EEDATA, 0
0x00AC	0x00F1      	MOVWF      R1
;__Lib_EEPROM.mpas,23 :: 		
0x00AD	0x0871      	MOVF       R1, 0
0x00AE	0x00F0      	MOVWF      R0
0x00AF	0x0008      	RETURN
; end of _EEPROM_Read
_UART1_Init:
;__Lib_UART_c67.mpas,33 :: 		
;__Lib_UART_c67.mpas,34 :: 		
0x00B0	0x1683      	BSF        STATUS, 5
0x00B1	0x1303      	BCF        STATUS, 6
0x00B2	0x1698      	BSF        TXSTA, 5
;__Lib_UART_c67.mpas,35 :: 		
0x00B3	0x3090      	MOVLW      144
0x00B4	0x1283      	BCF        STATUS, 5
0x00B5	0x0098      	MOVWF      RCSTA
;__Lib_UART_c67.mpas,36 :: 		
0x00B6	0x1683      	BSF        STATUS, 5
0x00B7	0x1787      	BSF        TRISC7_bit, 7
;__Lib_UART_c67.mpas,37 :: 		
0x00B8	0x1307      	BCF        TRISC6_bit, 6
;__Lib_UART_c67.mpas,38 :: 		
L__UART1_Init2:
0x00B9	0x1283      	BCF        STATUS, 5
0x00BA	0x1E8C      	BTFSS      PIR1, 5
0x00BB	0x28BF      	GOTO       L__UART1_Init3
;__Lib_UART_c67.mpas,39 :: 		
0x00BC	0x081A      	MOVF       RCREG, 0
0x00BD	0x00F0      	MOVWF      R0
0x00BE	0x28B9      	GOTO       L__UART1_Init2
L__UART1_Init3:
;__Lib_UART_c67.mpas,40 :: 		
0x00BF	0x0008      	RETURN
; end of _UART1_Init
_EEPROM_Write:
;__Lib_EEPROM.mpas,27 :: 		
;__Lib_EEPROM.mpas,28 :: 		
L__EEPROM_Write3:
0x00C0	0x1683      	BSF        STATUS, 5
0x00C1	0x1703      	BSF        STATUS, 6
0x00C2	0x1C8C      	BTFSS      EECON1, 1
0x00C3	0x28C6      	GOTO       L__EEPROM_Write4
0x00C4	0x0000      	NOP
0x00C5	0x28C0      	GOTO       L__EEPROM_Write3
L__EEPROM_Write4:
;__Lib_EEPROM.mpas,30 :: 		
0x00C6	0x1283      	BCF        STATUS, 5
0x00C7	0x1303      	BCF        STATUS, 6
0x00C8	0x0846      	MOVF       FARG_EEPROM_Write_address, 0
0x00C9	0x1703      	BSF        STATUS, 6
0x00CA	0x008D      	MOVWF      EEADR
;__Lib_EEPROM.mpas,31 :: 		
0x00CB	0x1303      	BCF        STATUS, 6
0x00CC	0x0847      	MOVF       FARG_EEPROM_Write_data_, 0
0x00CD	0x1703      	BSF        STATUS, 6
0x00CE	0x008C      	MOVWF      EEDATA
;__Lib_EEPROM.mpas,32 :: 		
0x00CF	0x1683      	BSF        STATUS, 5
0x00D0	0x138C      	BCF        EECON1, 7
;__Lib_EEPROM.mpas,33 :: 		
0x00D1	0x150C      	BSF        EECON1, 2
;__Lib_EEPROM.mpas,35 :: 		
0x00D2	0x080B      	MOVF       INTCON, 0
0x00D3	0x00F0      	MOVWF      R0
;__Lib_EEPROM.mpas,38 :: 		
0x00D4	0x138B      	BCF        INTCON, 7
;__Lib_EEPROM.mpas,39 :: 		
0x00D5	0x3055      	MOVLW      85
0x00D6	0x008D      	MOVWF      EECON2
;__Lib_EEPROM.mpas,40 :: 		
0x00D7	0x30AA      	MOVLW      170
0x00D8	0x008D      	MOVWF      EECON2
;__Lib_EEPROM.mpas,41 :: 		
0x00D9	0x148C      	BSF        EECON1, 1
;__Lib_EEPROM.mpas,45 :: 		
0x00DA	0x1BF0      	BTFSC      R0, 7
0x00DB	0x28DE      	GOTO       L__EEPROM_Write7
0x00DC	0x138B      	BCF        INTCON, 7
0x00DD	0x28DF      	GOTO       L__EEPROM_Write8
L__EEPROM_Write7:
0x00DE	0x178B      	BSF        INTCON, 7
L__EEPROM_Write8:
;__Lib_EEPROM.mpas,46 :: 		
0x00DF	0x110C      	BCF        EECON1, 2
;__Lib_EEPROM.mpas,47 :: 		
0x00E0	0x0008      	RETURN
; end of _EEPROM_Write
_UART1_Read:
;__Lib_UART_c67.mpas,54 :: 		
;__Lib_UART_c67.mpas,55 :: 		
0x00E1	0x1283      	BCF        STATUS, 5
0x00E2	0x1303      	BCF        STATUS, 6
0x00E3	0x081A      	MOVF       RCREG, 0
0x00E4	0x00F2      	MOVWF      R2
;__Lib_UART_c67.mpas,56 :: 		
0x00E5	0x1C98      	BTFSS      RCSTA, 1
0x00E6	0x28E9      	GOTO       L__UART1_Read9
;__Lib_UART_c67.mpas,58 :: 		
0x00E7	0x1218      	BCF        RCSTA, 4
;__Lib_UART_c67.mpas,59 :: 		
0x00E8	0x1618      	BSF        RCSTA, 4
;__Lib_UART_c67.mpas,60 :: 		
L__UART1_Read9:
;__Lib_UART_c67.mpas,61 :: 		
0x00E9	0x0872      	MOVF       R2, 0
0x00EA	0x00F1      	MOVWF      R1
;__Lib_UART_c67.mpas,62 :: 		
0x00EB	0x0871      	MOVF       R1, 0
0x00EC	0x00F0      	MOVWF      R0
0x00ED	0x0008      	RETURN
; end of _UART1_Read
_main:
;ID_20.mbas,49 :: 		main:
;ID_20.mbas,50 :: 		OPTION_REG = 0x06
0x00EE	0x3006      	MOVLW      6
0x00EF	0x1683      	BSF        STATUS, 5
0x00F0	0x1303      	BCF        STATUS, 6
0x00F1	0x0081      	MOVWF      OPTION_REG
;ID_20.mbas,52 :: 		OSCCON = 0X75 ' Oscilador interno de 8mhz
0x00F2	0x3075      	MOVLW      117
0x00F3	0x008F      	MOVWF      OSCCON
;ID_20.mbas,53 :: 		OPTION_REG = 0x86
0x00F4	0x3086      	MOVLW      134
0x00F5	0x0081      	MOVWF      OPTION_REG
;ID_20.mbas,54 :: 		INTCON = 0XC0 ' Activado interrupciones globales
0x00F6	0x30C0      	MOVLW      192
0x00F7	0x008B      	MOVWF      INTCON
;ID_20.mbas,56 :: 		PIR1.RCIF=0
0x00F8	0x1283      	BCF        STATUS, 5
0x00F9	0x128C      	BCF        PIR1, 5
;ID_20.mbas,57 :: 		PIE1.RCIE=1
0x00FA	0x1683      	BSF        STATUS, 5
0x00FB	0x168C      	BSF        PIE1, 5
;ID_20.mbas,59 :: 		TRISA =0X00
0x00FC	0x0185      	CLRF       TRISA
;ID_20.mbas,60 :: 		TRISB= 0X00
0x00FD	0x0186      	CLRF       TRISB
;ID_20.mbas,62 :: 		PORTB= 0X00
0x00FE	0x1283      	BCF        STATUS, 5
0x00FF	0x0186      	CLRF       PORTB
;ID_20.mbas,63 :: 		TRISC = 0x80
0x0100	0x3080      	MOVLW      128
0x0101	0x1683      	BSF        STATUS, 5
0x0102	0x0087      	MOVWF      TRISC
;ID_20.mbas,64 :: 		PORTC = 0x00
0x0103	0x1283      	BCF        STATUS, 5
0x0104	0x0187      	CLRF       PORTC
;ID_20.mbas,66 :: 		PORTE = 0x08
0x0105	0x3008      	MOVLW      8
0x0106	0x0089      	MOVWF      PORTE
;ID_20.mbas,68 :: 		ANSEL = 0X00
0x0107	0x1683      	BSF        STATUS, 5
0x0108	0x1703      	BSF        STATUS, 6
0x0109	0x0188      	CLRF       ANSEL
;ID_20.mbas,69 :: 		ANSELH = 0X00
0x010A	0x0189      	CLRF       ANSELH
;ID_20.mbas,71 :: 		UART1_Init(9600)
0x010B	0x3033      	MOVLW      51
0x010C	0x1303      	BCF        STATUS, 6
0x010D	0x0099      	MOVWF      SPBRG
0x010E	0x1518      	BSF        TXSTA, 2
0x010F	0x20B0      	CALL       _UART1_Init
;ID_20.mbas,73 :: 		viajero=0
0x0110	0x01B8      	CLRF       _viajero
;ID_20.mbas,74 :: 		grabar = 0x00
0x0111	0x01B7      	CLRF       _grabar
;ID_20.mbas,75 :: 		dato_listo = 0x00
0x0112	0x01B9      	CLRF       _dato_listo
;ID_20.mbas,90 :: 		dato[11] = EEPROM_Read(11)
0x0113	0x300B      	MOVLW      11
0x0114	0x00C6      	MOVWF      FARG_EEPROM_Read_address
0x0115	0x20A2      	CALL       _EEPROM_Read
0x0116	0x0870      	MOVF       R0, 0
0x0117	0x1303      	BCF        STATUS, 6
0x0118	0x00C5      	MOVWF      _dato+11
;ID_20.mbas,91 :: 		delay_ms(10)
0x0119	0x301A      	MOVLW      26
0x011A	0x00FC      	MOVWF      R12
0x011B	0x30F8      	MOVLW      248
0x011C	0x00FD      	MOVWF      R13
L__main44:
0x011D	0x0BFD      	DECFSZ     R13, 1
0x011E	0x291D      	GOTO       L__main44
0x011F	0x0BFC      	DECFSZ     R12, 1
0x0120	0x291D      	GOTO       L__main44
0x0121	0x0000      	NOP
;ID_20.mbas,92 :: 		dato[10] = EEPROM_Read(10)
0x0122	0x300A      	MOVLW      10
0x0123	0x00C6      	MOVWF      FARG_EEPROM_Read_address
0x0124	0x20A2      	CALL       _EEPROM_Read
0x0125	0x0870      	MOVF       R0, 0
0x0126	0x1303      	BCF        STATUS, 6
0x0127	0x00C4      	MOVWF      _dato+10
;ID_20.mbas,93 :: 		delay_ms(10)
0x0128	0x301A      	MOVLW      26
0x0129	0x00FC      	MOVWF      R12
0x012A	0x30F8      	MOVLW      248
0x012B	0x00FD      	MOVWF      R13
L__main45:
0x012C	0x0BFD      	DECFSZ     R13, 1
0x012D	0x292C      	GOTO       L__main45
0x012E	0x0BFC      	DECFSZ     R12, 1
0x012F	0x292C      	GOTO       L__main45
0x0130	0x0000      	NOP
;ID_20.mbas,94 :: 		dato[9] = EEPROM_Read(9)
0x0131	0x3009      	MOVLW      9
0x0132	0x00C6      	MOVWF      FARG_EEPROM_Read_address
0x0133	0x20A2      	CALL       _EEPROM_Read
0x0134	0x0870      	MOVF       R0, 0
0x0135	0x1303      	BCF        STATUS, 6
0x0136	0x00C3      	MOVWF      _dato+9
;ID_20.mbas,95 :: 		delay_ms(10)
0x0137	0x301A      	MOVLW      26
0x0138	0x00FC      	MOVWF      R12
0x0139	0x30F8      	MOVLW      248
0x013A	0x00FD      	MOVWF      R13
L__main46:
0x013B	0x0BFD      	DECFSZ     R13, 1
0x013C	0x293B      	GOTO       L__main46
0x013D	0x0BFC      	DECFSZ     R12, 1
0x013E	0x293B      	GOTO       L__main46
0x013F	0x0000      	NOP
;ID_20.mbas,96 :: 		dato[8] = EEPROM_Read(8)
0x0140	0x3008      	MOVLW      8
0x0141	0x00C6      	MOVWF      FARG_EEPROM_Read_address
0x0142	0x20A2      	CALL       _EEPROM_Read
0x0143	0x0870      	MOVF       R0, 0
0x0144	0x1303      	BCF        STATUS, 6
0x0145	0x00C2      	MOVWF      _dato+8
;ID_20.mbas,97 :: 		delay_ms(10)
0x0146	0x301A      	MOVLW      26
0x0147	0x00FC      	MOVWF      R12
0x0148	0x30F8      	MOVLW      248
0x0149	0x00FD      	MOVWF      R13
L__main47:
0x014A	0x0BFD      	DECFSZ     R13, 1
0x014B	0x294A      	GOTO       L__main47
0x014C	0x0BFC      	DECFSZ     R12, 1
0x014D	0x294A      	GOTO       L__main47
0x014E	0x0000      	NOP
;ID_20.mbas,98 :: 		dato[7] = EEPROM_Read(7)
0x014F	0x3007      	MOVLW      7
0x0150	0x00C6      	MOVWF      FARG_EEPROM_Read_address
0x0151	0x20A2      	CALL       _EEPROM_Read
0x0152	0x0870      	MOVF       R0, 0
0x0153	0x1303      	BCF        STATUS, 6
0x0154	0x00C1      	MOVWF      _dato+7
;ID_20.mbas,99 :: 		delay_ms(10)
0x0155	0x301A      	MOVLW      26
0x0156	0x00FC      	MOVWF      R12
0x0157	0x30F8      	MOVLW      248
0x0158	0x00FD      	MOVWF      R13
L__main48:
0x0159	0x0BFD      	DECFSZ     R13, 1
0x015A	0x2959      	GOTO       L__main48
0x015B	0x0BFC      	DECFSZ     R12, 1
0x015C	0x2959      	GOTO       L__main48
0x015D	0x0000      	NOP
;ID_20.mbas,100 :: 		dato[6] = EEPROM_Read(6)
0x015E	0x3006      	MOVLW      6
0x015F	0x00C6      	MOVWF      FARG_EEPROM_Read_address
0x0160	0x20A2      	CALL       _EEPROM_Read
0x0161	0x0870      	MOVF       R0, 0
0x0162	0x1303      	BCF        STATUS, 6
0x0163	0x00C0      	MOVWF      _dato+6
;ID_20.mbas,101 :: 		delay_ms(10)
0x0164	0x301A      	MOVLW      26
0x0165	0x00FC      	MOVWF      R12
0x0166	0x30F8      	MOVLW      248
0x0167	0x00FD      	MOVWF      R13
L__main49:
0x0168	0x0BFD      	DECFSZ     R13, 1
0x0169	0x2968      	GOTO       L__main49
0x016A	0x0BFC      	DECFSZ     R12, 1
0x016B	0x2968      	GOTO       L__main49
0x016C	0x0000      	NOP
;ID_20.mbas,102 :: 		dato[5] = EEPROM_Read(5)
0x016D	0x3005      	MOVLW      5
0x016E	0x00C6      	MOVWF      FARG_EEPROM_Read_address
0x016F	0x20A2      	CALL       _EEPROM_Read
0x0170	0x0870      	MOVF       R0, 0
0x0171	0x1303      	BCF        STATUS, 6
0x0172	0x00BF      	MOVWF      _dato+5
;ID_20.mbas,103 :: 		delay_ms(10)
0x0173	0x301A      	MOVLW      26
0x0174	0x00FC      	MOVWF      R12
0x0175	0x30F8      	MOVLW      248
0x0176	0x00FD      	MOVWF      R13
L__main50:
0x0177	0x0BFD      	DECFSZ     R13, 1
0x0178	0x2977      	GOTO       L__main50
0x0179	0x0BFC      	DECFSZ     R12, 1
0x017A	0x2977      	GOTO       L__main50
0x017B	0x0000      	NOP
;ID_20.mbas,104 :: 		dato[4] = EEPROM_Read(4)
0x017C	0x3004      	MOVLW      4
0x017D	0x00C6      	MOVWF      FARG_EEPROM_Read_address
0x017E	0x20A2      	CALL       _EEPROM_Read
0x017F	0x0870      	MOVF       R0, 0
0x0180	0x1303      	BCF        STATUS, 6
0x0181	0x00BE      	MOVWF      _dato+4
;ID_20.mbas,105 :: 		delay_ms(10)
0x0182	0x301A      	MOVLW      26
0x0183	0x00FC      	MOVWF      R12
0x0184	0x30F8      	MOVLW      248
0x0185	0x00FD      	MOVWF      R13
L__main51:
0x0186	0x0BFD      	DECFSZ     R13, 1
0x0187	0x2986      	GOTO       L__main51
0x0188	0x0BFC      	DECFSZ     R12, 1
0x0189	0x2986      	GOTO       L__main51
0x018A	0x0000      	NOP
;ID_20.mbas,106 :: 		dato[3] = EEPROM_Read(3)
0x018B	0x3003      	MOVLW      3
0x018C	0x00C6      	MOVWF      FARG_EEPROM_Read_address
0x018D	0x20A2      	CALL       _EEPROM_Read
0x018E	0x0870      	MOVF       R0, 0
0x018F	0x1303      	BCF        STATUS, 6
0x0190	0x00BD      	MOVWF      _dato+3
;ID_20.mbas,107 :: 		delay_ms(10)
0x0191	0x301A      	MOVLW      26
0x0192	0x00FC      	MOVWF      R12
0x0193	0x30F8      	MOVLW      248
0x0194	0x00FD      	MOVWF      R13
L__main52:
0x0195	0x0BFD      	DECFSZ     R13, 1
0x0196	0x2995      	GOTO       L__main52
0x0197	0x0BFC      	DECFSZ     R12, 1
0x0198	0x2995      	GOTO       L__main52
0x0199	0x0000      	NOP
;ID_20.mbas,108 :: 		dato[2] = EEPROM_Read(2)
0x019A	0x3002      	MOVLW      2
0x019B	0x00C6      	MOVWF      FARG_EEPROM_Read_address
0x019C	0x20A2      	CALL       _EEPROM_Read
0x019D	0x0870      	MOVF       R0, 0
0x019E	0x1303      	BCF        STATUS, 6
0x019F	0x00BC      	MOVWF      _dato+2
;ID_20.mbas,109 :: 		delay_ms(10)
0x01A0	0x301A      	MOVLW      26
0x01A1	0x00FC      	MOVWF      R12
0x01A2	0x30F8      	MOVLW      248
0x01A3	0x00FD      	MOVWF      R13
L__main53:
0x01A4	0x0BFD      	DECFSZ     R13, 1
0x01A5	0x29A4      	GOTO       L__main53
0x01A6	0x0BFC      	DECFSZ     R12, 1
0x01A7	0x29A4      	GOTO       L__main53
0x01A8	0x0000      	NOP
;ID_20.mbas,110 :: 		dato[1] = EEPROM_Read(1)
0x01A9	0x3001      	MOVLW      1
0x01AA	0x00C6      	MOVWF      FARG_EEPROM_Read_address
0x01AB	0x20A2      	CALL       _EEPROM_Read
0x01AC	0x0870      	MOVF       R0, 0
0x01AD	0x1303      	BCF        STATUS, 6
0x01AE	0x00BB      	MOVWF      _dato+1
;ID_20.mbas,111 :: 		delay_ms(10)
0x01AF	0x301A      	MOVLW      26
0x01B0	0x00FC      	MOVWF      R12
0x01B1	0x30F8      	MOVLW      248
0x01B2	0x00FD      	MOVWF      R13
L__main54:
0x01B3	0x0BFD      	DECFSZ     R13, 1
0x01B4	0x29B3      	GOTO       L__main54
0x01B5	0x0BFC      	DECFSZ     R12, 1
0x01B6	0x29B3      	GOTO       L__main54
0x01B7	0x0000      	NOP
;ID_20.mbas,112 :: 		dato[0] = EEPROM_Read(0)
0x01B8	0x01C6      	CLRF       FARG_EEPROM_Read_address
0x01B9	0x20A2      	CALL       _EEPROM_Read
0x01BA	0x0870      	MOVF       R0, 0
0x01BB	0x1303      	BCF        STATUS, 6
0x01BC	0x00BA      	MOVWF      _dato
;ID_20.mbas,113 :: 		delay_ms(10)
0x01BD	0x301A      	MOVLW      26
0x01BE	0x00FC      	MOVWF      R12
0x01BF	0x30F8      	MOVLW      248
0x01C0	0x00FD      	MOVWF      R13
L__main55:
0x01C1	0x0BFD      	DECFSZ     R13, 1
0x01C2	0x29C1      	GOTO       L__main55
0x01C3	0x0BFC      	DECFSZ     R12, 1
0x01C4	0x29C1      	GOTO       L__main55
0x01C5	0x0000      	NOP
;ID_20.mbas,116 :: 		while(1)
L__main57:
;ID_20.mbas,117 :: 		if dato_listo = 0xFF then
0x01C6	0x0839      	MOVF       _dato_listo, 0
0x01C7	0x3AFF      	XORLW      255
0x01C8	0x1D03      	BTFSS      STATUS, 2
0x01C9	0x2A22      	GOTO       L__main62
;ID_20.mbas,118 :: 		dato_listo = 0x00
0x01CA	0x01B9      	CLRF       _dato_listo
;ID_20.mbas,119 :: 		if grabar then
0x01CB	0x0837      	MOVF       _grabar, 0
0x01CC	0x1903      	BTFSC      STATUS, 2
0x01CD	0x29F6      	GOTO       L__main65
;ID_20.mbas,120 :: 		grabar = 0x00
0x01CE	0x01B7      	CLRF       _grabar
;ID_20.mbas,121 :: 		for i=0 to 11
0x01CF	0x01B1      	CLRF       _i
L__main68:
;ID_20.mbas,122 :: 		dato[i] = dato_rd[i]
0x01D0	0x0831      	MOVF       _i, 0
0x01D1	0x3E3A      	ADDLW      _dato
0x01D2	0x00F1      	MOVWF      R1
0x01D3	0x0831      	MOVF       _i, 0
0x01D4	0x3E25      	ADDLW      _dato_rd
0x01D5	0x0084      	MOVWF      FSR
0x01D6	0x0800      	MOVF       INDF, 0
0x01D7	0x00F0      	MOVWF      R0
0x01D8	0x0871      	MOVF       R1, 0
0x01D9	0x0084      	MOVWF      FSR
0x01DA	0x0870      	MOVF       R0, 0
0x01DB	0x0080      	MOVWF      INDF
;ID_20.mbas,123 :: 		EEPROM_Write(i,dato_rd[i])
0x01DC	0x0831      	MOVF       _i, 0
0x01DD	0x00C6      	MOVWF      FARG_EEPROM_Write_address
0x01DE	0x0831      	MOVF       _i, 0
0x01DF	0x3E25      	ADDLW      _dato_rd
0x01E0	0x0084      	MOVWF      FSR
0x01E1	0x0800      	MOVF       INDF, 0
0x01E2	0x00C7      	MOVWF      FARG_EEPROM_Write_data_
0x01E3	0x20C0      	CALL       _EEPROM_Write
;ID_20.mbas,124 :: 		delay_ms(10)
0x01E4	0x301A      	MOVLW      26
0x01E5	0x00FC      	MOVWF      R12
0x01E6	0x30F8      	MOVLW      248
0x01E7	0x00FD      	MOVWF      R13
L__main72:
0x01E8	0x0BFD      	DECFSZ     R13, 1
0x01E9	0x29E8      	GOTO       L__main72
0x01EA	0x0BFC      	DECFSZ     R12, 1
0x01EB	0x29E8      	GOTO       L__main72
0x01EC	0x0000      	NOP
;ID_20.mbas,125 :: 		next i
0x01ED	0x1283      	BCF        STATUS, 5
0x01EE	0x1303      	BCF        STATUS, 6
0x01EF	0x0831      	MOVF       _i, 0
0x01F0	0x3A0B      	XORLW      11
0x01F1	0x1903      	BTFSC      STATUS, 2
0x01F2	0x29F5      	GOTO       L__main71
0x01F3	0x0AB1      	INCF       _i, 1
0x01F4	0x29D0      	GOTO       L__main68
L__main71:
0x01F5	0x2A22      	GOTO       L__main66
;ID_20.mbas,126 :: 		else
L__main65:
;ID_20.mbas,127 :: 		veces = 0
0x01F6	0x01B2      	CLRF       _veces
;ID_20.mbas,128 :: 		for i=0 to 11
0x01F7	0x01B1      	CLRF       _i
L__main74:
;ID_20.mbas,129 :: 		if dato_rd[i] = dato[i] then
0x01F8	0x0831      	MOVF       _i, 0
0x01F9	0x3E25      	ADDLW      _dato_rd
0x01FA	0x00F2      	MOVWF      R2
0x01FB	0x0831      	MOVF       _i, 0
0x01FC	0x3E3A      	ADDLW      _dato
0x01FD	0x0084      	MOVWF      FSR
0x01FE	0x0800      	MOVF       INDF, 0
0x01FF	0x00F1      	MOVWF      R1
0x0200	0x0872      	MOVF       R2, 0
0x0201	0x0084      	MOVWF      FSR
0x0202	0x0800      	MOVF       INDF, 0
0x0203	0x0671      	XORWF      R1, 0
0x0204	0x1D03      	BTFSS      STATUS, 2
0x0205	0x2A07      	GOTO       L__main79
;ID_20.mbas,130 :: 		inc(veces)
0x0206	0x0AB2      	INCF       _veces, 1
L__main79:
;ID_20.mbas,132 :: 		next i
0x0207	0x0831      	MOVF       _i, 0
0x0208	0x3A0B      	XORLW      11
0x0209	0x1903      	BTFSC      STATUS, 2
0x020A	0x2A0D      	GOTO       L__main77
0x020B	0x0AB1      	INCF       _i, 1
0x020C	0x29F8      	GOTO       L__main74
L__main77:
;ID_20.mbas,133 :: 		if veces = 12 then
0x020D	0x0832      	MOVF       _veces, 0
0x020E	0x3A0C      	XORLW      12
0x020F	0x1D03      	BTFSS      STATUS, 2
0x0210	0x2A22      	GOTO       L__main82
;ID_20.mbas,134 :: 		PORTB=0XFF
0x0211	0x30FF      	MOVLW      255
0x0212	0x0086      	MOVWF      PORTB
;ID_20.mbas,135 :: 		Delay_ms(500)
0x0213	0x3006      	MOVLW      6
0x0214	0x00FB      	MOVWF      R11
0x0215	0x3013      	MOVLW      19
0x0216	0x00FC      	MOVWF      R12
0x0217	0x30AD      	MOVLW      173
0x0218	0x00FD      	MOVWF      R13
L__main84:
0x0219	0x0BFD      	DECFSZ     R13, 1
0x021A	0x2A19      	GOTO       L__main84
0x021B	0x0BFC      	DECFSZ     R12, 1
0x021C	0x2A19      	GOTO       L__main84
0x021D	0x0BFB      	DECFSZ     R11, 1
0x021E	0x2A19      	GOTO       L__main84
0x021F	0x0000      	NOP
0x0220	0x0000      	NOP
;ID_20.mbas,136 :: 		PORTB=0X00
0x0221	0x0186      	CLRF       PORTB
L__main82:
;ID_20.mbas,138 :: 		end if
L__main66:
L__main62:
;ID_20.mbas,140 :: 		if porte.3=0 then
0x0222	0x1989      	BTFSC      PORTE, 3
0x0223	0x2A26      	GOTO       L__main86
;ID_20.mbas,141 :: 		grabar = 0xFF
0x0224	0x30FF      	MOVLW      255
0x0225	0x00B7      	MOVWF      _grabar
L__main86:
;ID_20.mbas,143 :: 		wend
0x0226	0x29C6      	GOTO       L__main57
0x0227	0x2A27      	GOTO       $+0
; end of _main
Symbol List:
//** Routines locations **
//ADDRESS    SIZE    PROCEDURE
//----------------------------------------------
0x0004     [158]    ID_20_interrupt
0x00A2      [14]    _EEPROM_Read
0x00B0      [16]    _UART1_Init
0x00C0      [33]    _EEPROM_Write
0x00E1      [13]    _UART1_Read
0x00EE     [314]    _main
//** Variables locations ** 
//ADDRESS    SIZE    VARIABLE
//----------------------------------------------
0x0000       [1]    INDF
0x0001       [1]    TMR0
0x0002       [1]    PCL
0x0003       [0]    C_bit
0x0003       [1]    STATUS
0x0003       [0]    DC_bit
0x0003       [0]    RP0_bit
0x0003       [0]    IRP_bit
0x0003       [0]    RP1_bit
0x0003       [0]    Z_bit
0x0003       [0]    NOT_PD_bit
0x0003       [0]    NOT_TO_bit
0x0004       [1]    FSRPTR
0x0004       [1]    FSR
0x0005       [0]    RA0_bit
0x0005       [0]    RA7_bit
0x0005       [0]    RA6_bit
0x0005       [0]    RA2_bit
0x0005       [0]    RA1_bit
0x0005       [0]    RA5_bit
0x0005       [0]    RA3_bit
0x0005       [0]    RA4_bit
0x0005       [1]    PORTA
0x0006       [0]    RB6_bit
0x0006       [0]    RB0_bit
0x0006       [0]    RB5_bit
0x0006       [0]    RB7_bit
0x0006       [0]    RB4_bit
0x0006       [0]    RB2_bit
0x0006       [0]    RB1_bit
0x0006       [1]    PORTB
0x0006       [0]    RB3_bit
0x0007       [0]    RC6_bit
0x0007       [0]    RC5_bit
0x0007       [0]    RC3_bit
0x0007       [0]    RC2_bit
0x0007       [1]    PORTC
0x0007       [0]    RC7_bit
0x0007       [0]    RC0_bit
0x0007       [0]    RC4_bit
0x0007       [0]    RC1_bit
0x0009       [0]    RE3_bit
0x0009       [1]    PORTE
0x000A       [1]    PCLATH
0x000B       [0]    INTF_bit
0x000B       [0]    TMR0IF_bit
0x000B       [0]    PEIE_bit
0x000B       [0]    RBIF_bit
0x000B       [1]    INTCON
0x000B       [0]    GIE_bit
0x000B       [0]    INTE_bit
0x000B       [0]    TMR0IE_bit
0x000B       [0]    T0IE_bit
0x000B       [0]    T0IF_bit
0x000B       [0]    RBIE_bit
0x000C       [0]    SSPIF_bit
0x000C       [1]    PIR1
0x000C       [0]    CCP1IF_bit
0x000C       [0]    TMR2IF_bit
0x000C       [0]    TMR1IF_bit
0x000C       [0]    RCIF_bit
0x000C       [0]    ADIF_bit
0x000C       [0]    TXIF_bit
0x000D       [0]    CCP2IF_bit
0x000D       [1]    PIR2
0x000D       [0]    ULPWUIF_bit
0x000D       [0]    BCLIF_bit
0x000D       [0]    C1IF_bit
0x000D       [0]    C2IF_bit
0x000D       [0]    OSFIF_bit
0x000D       [0]    EEIF_bit
0x000E       [1]    TMR1L
0x000F       [1]    TMR1H
0x0010       [1]    T1CON
0x0010       [0]    T1GINV_bit
0x0010       [0]    T1SYNC_bit
0x0010       [0]    T1INSYNC_bit
0x0010       [0]    TMR1ON_bit
0x0010       [0]    TMR1CS_bit
0x0010       [0]    NOT_T1SYNC_bit
0x0010       [0]    T1CKPS1_bit
0x0010       [0]    TMR1GE_bit
0x0010       [0]    T1OSCEN_bit
0x0010       [0]    T1CKPS0_bit
0x0011       [1]    TMR2
0x0012       [0]    TMR2ON_bit
0x0012       [0]    TOUTPS0_bit
0x0012       [0]    T2CKPS0_bit
0x0012       [0]    T2CKPS1_bit
0x0012       [0]    TOUTPS3_bit
0x0012       [1]    T2CON
0x0012       [0]    TOUTPS1_bit
0x0012       [0]    TOUTPS2_bit
0x0013       [1]    SSPBUF
0x0014       [0]    CKP_bit
0x0014       [0]    SSPM3_bit
0x0014       [1]    SSPCON
0x0014       [0]    WCOL_bit
0x0014       [0]    SSPOV_bit
0x0014       [0]    SSPEN_bit
0x0014       [0]    SSPM2_bit
0x0014       [0]    SSPM1_bit
0x0014       [0]    SSPM0_bit
0x0015       [1]    CCPR1L
0x0015       [2]    CCPR1
0x0016       [1]    CCPR1H
0x0017       [0]    CCP1M1_bit
0x0017       [0]    P1M0_bit
0x0017       [0]    CCP1M3_bit
0x0017       [0]    CCP1X_bit
0x0017       [0]    DC1B1_bit
0x0017       [0]    CCP1M2_bit
0x0017       [0]    DC1B0_bit
0x0017       [1]    CCP1CON
0x0017       [0]    CCP1M0_bit
0x0017       [0]    CCP1Y_bit
0x0017       [0]    P1M1_bit
0x0018       [1]    RCSTA
0x0018       [0]    RCD8_bit
0x0018       [0]    NOT_RC8_bit
0x0018       [0]    RC8_9_bit
0x0018       [0]    SREN_bit
0x0018       [0]    SPEN_bit
0x0018       [0]    RX9_bit
0x0018       [0]    RC9_bit
0x0018       [0]    OERR_bit
0x0018       [0]    ADDEN_bit
0x0018       [0]    FERR_bit
0x0018       [0]    RX9D_bit
0x0018       [0]    CREN_bit
0x0019       [1]    TXREG
0x001A       [1]    RCREG
0x001B       [2]    CCPR2
0x001B       [1]    CCPR2L
0x001C       [1]    CCPR2H
0x001D       [1]    CCP2CON
0x001D       [0]    CCP2M0_bit
0x001D       [0]    DC2B0_bit
0x001D       [0]    CCP2M3_bit
0x001D       [0]    CCP2Y_bit
0x001D       [0]    DC2B1_bit
0x001D       [0]    CCP2M2_bit
0x001D       [0]    CCP2M1_bit
0x001D       [0]    CCP2X_bit
0x001E       [1]    ADRESH
0x001F       [0]    GO_bit
0x001F       [0]    ADON_bit
0x001F       [0]    GO_DONE_bit
0x001F       [0]    NOT_DONE_bit
0x001F       [1]    ADCON0
0x001F       [0]    CHS3_bit
0x001F       [0]    ADCS0_bit
0x001F       [0]    ADCS1_bit
0x001F       [0]    CHS0_bit
0x001F       [0]    CHS1_bit
0x001F       [0]    CHS2_bit
0x0024       [1]    ___savePCLATH
0x0025      [12]    _dato_rd
0x0031       [1]    _i
0x0032       [1]    _veces
0x0033       [1]    ___saveSTATUS
0x0034       [1]    _dato_recep
0x0035       [2]    ___DoICPAddr
0x0037       [1]    _grabar
0x0038       [1]    _viajero
0x0039       [1]    _dato_listo
0x003A      [12]    _dato
0x0046       [1]    FARG_EEPROM_Write_address
0x0046       [1]    FARG_EEPROM_Read_address
0x0047       [1]    FARG_EEPROM_Write_data_
0x0070       [1]    R0
0x0071       [1]    R1
0x0072       [1]    R2
0x0073       [1]    R3
0x0074       [1]    R4
0x0075       [1]    R5
0x0076       [1]    R6
0x0077       [1]    R7
0x0078       [1]    R8
0x0079       [1]    R9
0x007A       [1]    R10
0x007B       [1]    R11
0x007C       [1]    R12
0x007D       [1]    R13
0x007E       [1]    R14
0x007F       [1]    R15
0x0081       [0]    PSA_bit
0x0081       [0]    PS2_bit
0x0081       [0]    INTEDG_bit
0x0081       [0]    PS0_bit
0x0081       [0]    PS1_bit
0x0081       [0]    T0SE_bit
0x0081       [1]    OPTION_REG
0x0081       [0]    T0CS_bit
0x0081       [0]    NOT_RBPU_bit
0x0085       [0]    TRISA4_bit
0x0085       [0]    TRISA0_bit
0x0085       [0]    TRISA1_bit
0x0085       [0]    TRISA3_bit
0x0085       [1]    TRISA
0x0085       [0]    TRISA2_bit
0x0085       [0]    TRISA5_bit
0x0085       [0]    TRISA7_bit
0x0085       [0]    TRISA6_bit
0x0086       [0]    TRISB7_bit
0x0086       [0]    TRISB0_bit
0x0086       [0]    TRISB1_bit
0x0086       [0]    TRISB5_bit
0x0086       [0]    TRISB4_bit
0x0086       [0]    TRISB3_bit
0x0086       [0]    TRISB2_bit
0x0086       [0]    TRISB6_bit
0x0086       [1]    TRISB
0x0087       [0]    TRISC6_bit
0x0087       [0]    TRISC5_bit
0x0087       [1]    TRISC
0x0087       [0]    TRISC7_bit
0x0087       [0]    TRISC4_bit
0x0087       [0]    TRISC1_bit
0x0087       [0]    TRISC2_bit
0x0087       [0]    TRISC0_bit
0x0087       [0]    TRISC3_bit
0x0089       [1]    TRISE
0x0089       [0]    TRISE3_bit
0x008C       [0]    RCIE_bit
0x008C       [0]    TMR2IE_bit
0x008C       [0]    ADIE_bit
0x008C       [0]    TMR1IE_bit
0x008C       [0]    TXIE_bit
0x008C       [0]    SSPIE_bit
0x008C       [1]    PIE1
0x008C       [0]    CCP1IE_bit
0x008D       [0]    CCP2IE_bit
0x008D       [0]    EEIE_bit
0x008D       [0]    C1IE_bit
0x008D       [0]    OSFIE_bit
0x008D       [0]    C2IE_bit
0x008D       [1]    PIE2
0x008D       [0]    BCLIE_bit
0x008D       [0]    ULPWUIE_bit
0x008E       [0]    NOT_POR_bit
0x008E       [0]    ULPWUE_bit
0x008E       [0]    SBOREN_bit
0x008E       [1]    PCON
0x008E       [0]    NOT_BO_bit
0x008E       [0]    NOT_BOR_bit
0x008F       [0]    IRCF0_bit
0x008F       [0]    SCS_bit
0x008F       [0]    IRCF1_bit
0x008F       [0]    IRCF2_bit
0x008F       [1]    OSCCON
0x008F       [0]    LTS_bit
0x008F       [0]    OSTS_bit
0x008F       [0]    HTS_bit
0x0090       [0]    TUN0_bit
0x0090       [1]    OSCTUNE
0x0090       [0]    TUN1_bit
0x0090       [0]    TUN4_bit
0x0090       [0]    TUN3_bit
0x0090       [0]    TUN2_bit
0x0091       [0]    ACKEN_bit
0x0091       [0]    ACKDT_bit
0x0091       [0]    GCEN_bit
0x0091       [0]    ACKSTAT_bit
0x0091       [0]    RCEN_bit
0x0091       [0]    SEN_bit
0x0091       [0]    PEN_bit
0x0091       [0]    RSEN_bit
0x0091       [1]    SSPCON2
0x0092       [1]    PR2
0x0093       [1]    SSPADD
0x0093       [1]    SSPMSK
0x0093       [1]    MSK
0x0094       [0]    R_W_bit
0x0094       [0]    NOT_WRITE_bit
0x0094       [0]    UA_bit
0x0094       [0]    BF_bit
0x0094       [0]    READ_WRITE_bit
0x0094       [1]    SSPSTAT
0x0094       [0]    NOT_ADDRESS_bit
0x0094       [0]    NOT_A_bit
0x0094       [0]    DATA_ADDRESS_bit
0x0094       [0]    D_A_bit
0x0094       [0]    CKE_bit
0x0094       [0]    SMP_bit
0x0094       [0]    I2C_DATA_bit
0x0094       [0]    D_bit
0x0094       [0]    P_bit
0x0094       [0]    I2C_START__bit
0x0094       [0]    S_bit
0x0094       [0]    NOT_W_bit
0x0094       [0]    R_bit
0x0094       [0]    I2C_STOP__bit
0x0094       [0]    I2C_READ_bit
0x0095       [0]    WPUB1_bit
0x0095       [1]    WPUB
0x0095       [0]    WPUB2_bit
0x0095       [0]    WPUB0_bit
0x0095       [0]    WPUB6_bit
0x0095       [0]    WPUB7_bit
0x0095       [0]    WPUB5_bit
0x0095       [0]    WPUB3_bit
0x0095       [0]    WPUB4_bit
0x0096       [0]    IOCB6_bit
0x0096       [0]    IOCB5_bit
0x0096       [0]    IOCB1_bit
0x0096       [0]    IOCB0_bit
0x0096       [0]    IOCB2_bit
0x0096       [0]    IOCB4_bit
0x0096       [0]    IOCB3_bit
0x0096       [1]    IOCB
0x0096       [0]    IOCB7_bit
0x0097       [0]    VRR_bit
0x0097       [0]    VRSS_bit
0x0097       [0]    VREN_bit
0x0097       [0]    VROE_bit
0x0097       [0]    VR1_bit
0x0097       [0]    VR0_bit
0x0097       [0]    VR3_bit
0x0097       [0]    VR2_bit
0x0097       [1]    VRCON
0x0098       [0]    TXD8_bit
0x0098       [0]    TRMT_bit
0x0098       [0]    TXEN_bit
0x0098       [0]    TX8_9_bit
0x0098       [0]    CSRC_bit
0x0098       [0]    NOT_TX8_bit
0x0098       [0]    TX9_bit
0x0098       [0]    BRGH_bit
0x0098       [0]    SENDB_bit
0x0098       [0]    TX9D_bit
0x0098       [1]    TXSTA
0x0098       [0]    SYNC_bit
0x0099       [0]    BRG0_bit
0x0099       [0]    BRG2_bit
0x0099       [0]    BRG7_bit
0x0099       [0]    BRG3_bit
0x0099       [0]    BRG4_bit
0x0099       [0]    BRG5_bit
0x0099       [1]    SPBRG
0x0099       [0]    BRG1_bit
0x0099       [0]    BRG6_bit
0x009A       [1]    SPBRGH
0x009A       [0]    BRG10_bit
0x009A       [0]    BRG9_bit
0x009A       [0]    BRG11_bit
0x009A       [0]    BRG15_bit
0x009A       [0]    BRG8_bit
0x009A       [0]    BRG13_bit
0x009A       [0]    BRG14_bit
0x009A       [0]    BRG12_bit
0x009B       [0]    PDC0_bit
0x009B       [1]    PWM1CON
0x009B       [0]    PDC1_bit
0x009B       [0]    PRSEN_bit
0x009B       [0]    PDC5_bit
0x009B       [0]    PDC6_bit
0x009B       [0]    PDC3_bit
0x009B       [0]    PDC2_bit
0x009B       [0]    PDC4_bit
0x009C       [0]    PSSAC0_bit
0x009C       [0]    PSSAC1_bit
0x009C       [0]    PSSBD1_bit
0x009C       [1]    ECCPAS
0x009C       [0]    PSSBD0_bit
0x009C       [0]    ECCPAS0_bit
0x009C       [0]    ECCPAS2_bit
0x009C       [0]    ECCPAS1_bit
0x009C       [0]    ECCPASE_bit
0x009D       [0]    STRD_bit
0x009D       [1]    PSTRCON
0x009D       [0]    STRSYNC_bit
0x009D       [0]    STRB_bit
0x009D       [0]    STRC_bit
0x009D       [0]    STRA_bit
0x009E       [1]    ADRESL
0x009F       [1]    ADCON1
0x009F       [0]    VCFG1_bit
0x009F       [0]    ADFM_bit
0x009F       [0]    VCFG0_bit
0x0105       [0]    WDTPS0_bit
0x0105       [0]    WDTPS1_bit
0x0105       [0]    WDTPS3_bit
0x0105       [1]    WDTCON
0x0105       [0]    WDTPS2_bit
0x0105       [0]    SWDTEN_bit
0x0107       [0]    C1OUT_bit
0x0107       [0]    C1CH1_bit
0x0107       [0]    C1CH0_bit
0x0107       [0]    C1R_bit
0x0107       [0]    C1OE_bit
0x0107       [0]    C1POL_bit
0x0107       [0]    C1ON_bit
0x0107       [1]    CM1CON0
0x0108       [0]    C2POL_bit
0x0108       [0]    C2OE_bit
0x0108       [0]    C2OUT_bit
0x0108       [0]    C2CH0_bit
0x0108       [0]    C2CH1_bit
0x0108       [0]    C2R_bit
0x0108       [0]    C2ON_bit
0x0108       [1]    CM2CON0
0x0109       [0]    C1RSEL_bit
0x0109       [0]    MC2OUT_bit
0x0109       [0]    C2RSEL_bit
0x0109       [0]    C2SYNC_bit
0x0109       [0]    T1GSS_bit
0x0109       [0]    MC1OUT_bit
0x0109       [1]    CM2CON1
0x010C       [1]    EEDAT
0x010C       [1]    EEDATA
0x010D       [1]    EEADR
0x010E       [1]    EEDATH
0x010F       [1]    EEADRH
0x0185       [0]    PULSS_bit
0x0185       [0]    C2REN_bit
0x0185       [0]    PULSR_bit
0x0185       [1]    SRCON
0x0185       [0]    FVREN_bit
0x0185       [0]    C1SEN_bit
0x0185       [0]    SR0_bit
0x0185       [0]    SR1_bit
0x0187       [0]    RCIDL_bit
0x0187       [0]    ABDOVF_bit
0x0187       [0]    SCKP_bit
0x0187       [1]    BAUDCTL
0x0187       [0]    WUE_bit
0x0187       [0]    BRG16_bit
0x0187       [0]    ABDEN_bit
0x0188       [0]    ANS3_bit
0x0188       [0]    ANS4_bit
0x0188       [1]    ANSEL
0x0188       [0]    ANS2_bit
0x0188       [0]    ANS0_bit
0x0188       [0]    ANS1_bit
0x0189       [0]    ANS8_bit
0x0189       [0]    ANS13_bit
0x0189       [1]    ANSELH
0x0189       [0]    ANS9_bit
0x0189       [0]    ANS10_bit
0x0189       [0]    ANS12_bit
0x0189       [0]    ANS11_bit
0x018C       [0]    WRERR_bit
0x018C       [0]    EEPGD_bit
0x018C       [1]    EECON1
0x018C       [0]    RD_bit
0x018C       [0]    WR_bit
0x018C       [0]    WREN_bit
0x018D       [1]    EECON2
//** Label List: ** 
//----------------------------------------------
  L_end_ID_20_interrupt
  L_ID_20_interrupt1
  L_ID_20_interrupt2
  L_ID_20_interrupt3
  L_ID_20_interrupt4
  L_ID_20_interrupt5
  L_ID_20_interrupt6
  L_ID_20_interrupt7
  L_ID_20_interrupt8
  L_ID_20_interrupt9
  L_ID_20_interrupt10
  L_ID_20_interrupt11
  L_ID_20_interrupt12
  L_ID_20_interrupt13
  L_ID_20_interrupt14
  L_ID_20_interrupt15
  L_ID_20_interrupt16
  L_ID_20_interrupt17
  L_ID_20_interrupt18
  L_ID_20_interrupt19
  L_ID_20_interrupt20
  L_ID_20_interrupt21
  L_ID_20_interrupt22
  L_ID_20_interrupt23
  L_ID_20_interrupt24
  L_ID_20_interrupt25
  L_ID_20_interrupt26
  L_ID_20_interrupt27
  L_ID_20_interrupt28
  L_ID_20_interrupt29
  L_ID_20_interrupt30
  L_ID_20_interrupt31
  L_ID_20_interrupt32
  L_ID_20_interrupt33
  L_ID_20_interrupt34
  L_ID_20_interrupt35
  L_ID_20_interrupt36
  L_ID_20_interrupt37
  L_ID_20_interrupt38
  L_ID_20_interrupt39
  L_ID_20_interrupt40
  L_ID_20_interrupt41
  L_ID_20_interrupt42
  L_end__main
  L__main44
  L__main45
  L__main46
  L__main47
  L__main48
  L__main49
  L__main50
  L__main51
  L__main52
  L__main53
  L__main54
  L__main55
  L__main56
  L__main57
  L__main58
  L__main59
  L__main60
  L__main61
  L__main62
  L__main63
  L__main64
  L__main65
  L__main66
  L__main67
  L__main68
  L__main69
  L__main70
  L__main71
  L__main72
  L__main73
  L__main74
  L__main75
  L__main76
  L__main77
  L__main78
  L__main79
  L__main80
  L__main81
  L__main82
  L__main83
  L__main84
  L__main85
  L__main86
  L__main87
  ID_20_interrupt
  L_ID_20_interrupt88
  _main
  L_end__EEPROM_Read
  L_end__EEPROM_Write
  L__EEPROM_Write2
  L__EEPROM_Write3
  L__EEPROM_Write4
  L__EEPROM_Write5
  L__EEPROM_Write6
  _EEPROM_Read
  _EEPROM_Write
  L__EEPROM_Write7
  L__EEPROM_Write8
  L_end__UART1_Init
  L__UART1_Init1
  L__UART1_Init2
  L__UART1_Init3
  L__UART1_Init4
  L__UART1_Init5
  L_end__UART1_Data_Ready
  L_end__UART1_Read
  L__UART1_Read8
  L__UART1_Read9
  L__UART1_Read10
  L_end__UART1_TX_Idle
  L_end__UART1_Write
  L__UART1_Write13
  L__UART1_Write14
  L__UART1_Write15
  L__UART1_Write16
  L__UART1_Write17
  L_end__UART1_Write_Text
  L__UART1_Write_Text19
  L__UART1_Write_Text20
  L__UART1_Write_Text21
  L__UART1_Write_Text22
  L__UART1_Write_Text23
  L_end__UART1_Read_Text
  L__UART1_Read_Text25
  L__UART1_Read_Text26
  L__UART1_Read_Text27
  L__UART1_Read_Text28
  L__UART1_Read_Text29
  L__UART1_Read_Text30
  L__UART1_Read_Text31
  L__UART1_Read_Text32
  L__UART1_Read_Text33
  L__UART1_Read_Text34
  L__UART1_Read_Text35
  L__UART1_Read_Text36
  L__UART1_Read_Text37
  L__UART1_Read_Text38
  L__UART1_Read_Text39
  L__UART1_Read_Text40
  L__UART1_Read_Text41
  L__UART1_Read_Text42
  L__UART1_Read_Text43
  L__UART1_Read_Text44
  L__UART1_Read_Text45
  L__UART1_Read_Text46
  _UART1_Init
  _UART1_Data_Ready
  _UART1_Read
  _UART1_TX_Idle
  _UART1_Write
  _UART1_Write_Text
  _UART1_Read_Text
  L_end_ID_20_interrupt
  L_ID_20_interrupt1
  L_ID_20_interrupt2
  L_ID_20_interrupt3
  L_ID_20_interrupt4
  L_ID_20_interrupt5
  L_ID_20_interrupt6
  L_ID_20_interrupt7
  L_ID_20_interrupt8
  L_ID_20_interrupt9
  L_ID_20_interrupt10
  L_ID_20_interrupt11
  L_ID_20_interrupt12
  L_ID_20_interrupt13
  L_ID_20_interrupt14
  L_ID_20_interrupt15
  L_ID_20_interrupt16
  L_ID_20_interrupt17
  L_ID_20_interrupt18
  L_ID_20_interrupt19
  L_ID_20_interrupt20
  L_ID_20_interrupt21
  L_ID_20_interrupt22
  L_ID_20_interrupt23
  L_ID_20_interrupt24
  L_ID_20_interrupt25
  L_ID_20_interrupt26
  L_ID_20_interrupt27
  L_ID_20_interrupt28
  L_ID_20_interrupt29
  L_ID_20_interrupt30
  L_ID_20_interrupt31
  L_ID_20_interrupt32
  L_ID_20_interrupt33
  L_ID_20_interrupt34
  L_ID_20_interrupt35
  L_ID_20_interrupt36
  L_ID_20_interrupt37
  L_ID_20_interrupt38
  L_ID_20_interrupt39
  L_ID_20_interrupt40
  L_ID_20_interrupt41
  L_ID_20_interrupt42
  L_end__main
  L__main44
  L__main45
  L__main46
  L__main47
  L__main48
  L__main49
  L__main50
  L__main51
  L__main52
  L__main53
  L__main54
  L__main55
  L__main56
  L__main57
  L__main58
  L__main59
  L__main60
  L__main61
  L__main62
  L__main63
  L__main64
  L__main65
  L__main66
  L__main67
  L__main68
  L__main69
  L__main70
  L__main71
  L__main72
  L__main73
  L__main74
  L__main75
  L__main76
  L__main77
  L__main78
  L__main79
  L__main80
  L__main81
  L__main82
  L__main83
  L__main84
  L__main85
  L__main86
  L__main87
  ID_20_interrupt
  L_ID_20_interrupt88
  _main
  L_end__UART1_Init
  L__UART1_Init1
  L__UART1_Init2
  L__UART1_Init3
  L__UART1_Init4
  L__UART1_Init5
  L_end__UART1_Data_Ready
  L_end__UART1_Read
  L__UART1_Read8
  L__UART1_Read9
  L__UART1_Read10
  L_end__UART1_TX_Idle
  L_end__UART1_Write
  L__UART1_Write13
  L__UART1_Write14
  L__UART1_Write15
  L__UART1_Write16
  L__UART1_Write17
  L_end__UART1_Write_Text
  L__UART1_Write_Text19
  L__UART1_Write_Text20
  L__UART1_Write_Text21
  L__UART1_Write_Text22
  L__UART1_Write_Text23
  L_end__UART1_Read_Text
  L__UART1_Read_Text25
  L__UART1_Read_Text26
  L__UART1_Read_Text27
  L__UART1_Read_Text28
  L__UART1_Read_Text29
  L__UART1_Read_Text30
  L__UART1_Read_Text31
  L__UART1_Read_Text32
  L__UART1_Read_Text33
  L__UART1_Read_Text34
  L__UART1_Read_Text35
  L__UART1_Read_Text36
  L__UART1_Read_Text37
  L__UART1_Read_Text38
  L__UART1_Read_Text39
  L__UART1_Read_Text40
  L__UART1_Read_Text41
  L__UART1_Read_Text42
  L__UART1_Read_Text43
  L__UART1_Read_Text44
  L__UART1_Read_Text45
  L__UART1_Read_Text46
  _UART1_Init
  _UART1_Data_Ready
  _UART1_Read
  _UART1_TX_Idle
  _UART1_Write
  _UART1_Write_Text
  _UART1_Read_Text
