;  LST file generated by mikroListExporter - v.2.0 
; Date/Time: 22/02/2015 17:36:08
;----------------------------------------------

;Address Opcode 	ASM
0x0000	0x28C3      	GOTO       195
_UART1_Write:
;__Lib_UART_c67.mpas,72 :: 		
;__Lib_UART_c67.mpas,73 :: 		
L__UART1_Write14:
0x0003	0x1683      	BSF        STATUS, 5
0x0004	0x1303      	BCF        STATUS, 6
0x0005	0x1898      	BTFSC      TXSTA, 1
0x0006	0x2809      	GOTO       L__UART1_Write15
0x0007	0x0000      	NOP
0x0008	0x2803      	GOTO       L__UART1_Write14
L__UART1_Write15:
;__Lib_UART_c67.mpas,74 :: 		
0x0009	0x1283      	BCF        STATUS, 5
0x000A	0x082C      	MOVF       FARG_UART1_Write_data_, 0
0x000B	0x0099      	MOVWF      TXREG
;__Lib_UART_c67.mpas,75 :: 		
0x000C	0x0008      	RETURN
; end of _UART1_Write
_Delay_22us:
;__Lib_Delays.mbas,36 :: 		sub procedure Delay_22us()
;__Lib_Delays.mbas,37 :: 		Delay_us(22)
0x000D	0x300E      	MOVLW      14
0x000E	0x1283      	BCF        STATUS, 5
0x000F	0x1303      	BCF        STATUS, 6
0x0010	0x00FD      	MOVWF      R13
L__Delay_22us5:
0x0011	0x0BFD      	DECFSZ     R13, 1
0x0012	0x2811      	GOTO       L__Delay_22us5
0x0013	0x0000      	NOP
0x0014	0x0008      	RETURN
; end of _Delay_22us
_Div_16x16_U:
;__Lib_Math.mpas,207 :: 		
;__Lib_Math.mpas,213 :: 		
0x0015	0x1283      	BCF        STATUS, 5
;__Lib_Math.mpas,214 :: 		
0x0016	0x1303      	BCF        STATUS, 6
;__Lib_Math.mpas,215 :: 		
0x0017	0x01F8      	CLRF       R8
;__Lib_Math.mpas,216 :: 		
0x0018	0x01F9      	CLRF       R9
;__Lib_Math.mpas,217 :: 		
0x0019	0x3010      	MOVLW      16
;__Lib_Math.mpas,218 :: 		
0x001A	0x00FC      	MOVWF      R12
;__Lib_Math.mpas,219 :: 		
0x001B	0x0D71      	RLF        R1, 0
;__Lib_Math.mpas,220 :: 		
0x001C	0x0DF8      	RLF        R8, 1
;__Lib_Math.mpas,221 :: 		
0x001D	0x0DF9      	RLF        R9, 1
;__Lib_Math.mpas,222 :: 		
0x001E	0x0874      	MOVF       R4, 0
;__Lib_Math.mpas,223 :: 		
0x001F	0x02F8      	SUBWF      R8, 1
;__Lib_Math.mpas,224 :: 		
0x0020	0x0875      	MOVF       R5, 0
;__Lib_Math.mpas,225 :: 		
0x0021	0x1C03      	BTFSS      STATUS, 0
;__Lib_Math.mpas,226 :: 		
0x0022	0x0F75      	INCFSZ     R5, 0
;__Lib_Math.mpas,227 :: 		
0x0023	0x02F9      	SUBWF      R9, 1
;__Lib_Math.mpas,228 :: 		
0x0024	0x1803      	BTFSC      STATUS, 0
;__Lib_Math.mpas,229 :: 		
0x0025	0x282D      	GOTO       $+8
;__Lib_Math.mpas,230 :: 		
0x0026	0x0874      	MOVF       R4, 0
;__Lib_Math.mpas,231 :: 		
0x0027	0x07F8      	ADDWF      R8, 1
;__Lib_Math.mpas,232 :: 		
0x0028	0x0875      	MOVF       R5, 0
;__Lib_Math.mpas,233 :: 		
0x0029	0x1803      	BTFSC      STATUS, 0
;__Lib_Math.mpas,234 :: 		
0x002A	0x0F75      	INCFSZ     R5, 0
;__Lib_Math.mpas,235 :: 		
0x002B	0x07F9      	ADDWF      R9, 1
;__Lib_Math.mpas,236 :: 		
0x002C	0x1003      	BCF        STATUS, 0
;__Lib_Math.mpas,237 :: 		
0x002D	0x0DF0      	RLF        R0, 1
;__Lib_Math.mpas,238 :: 		
0x002E	0x0DF1      	RLF        R1, 1
;__Lib_Math.mpas,239 :: 		
0x002F	0x0BFC      	DECFSZ     R12, 1
;__Lib_Math.mpas,240 :: 		
0x0030	0x281B      	GOTO       $-21
;__Lib_Math.mpas,242 :: 		
0x0031	0x0008      	RETURN
; end of _Div_16x16_U
_Adc_Read:
;__Lib_ADC_88X.mpas,13 :: 		
;__Lib_ADC_88X.mpas,15 :: 		
0x0032	0x303C      	MOVLW      60
0x0033	0x1283      	BCF        STATUS, 5
0x0034	0x1303      	BCF        STATUS, 6
0x0035	0x059F      	ANDWF      ADCON0, 1
;__Lib_ADC_88X.mpas,19 :: 		
0x0036	0x30C0      	MOVLW      192
0x0037	0x009F      	MOVWF      ADCON0
;__Lib_ADC_88X.mpas,20 :: 		
0x0038	0x0828      	MOVF       FARG_Adc_Read_channel, 0
0x0039	0x00F0      	MOVWF      R0
0x003A	0x0DF0      	RLF        R0, 1
0x003B	0x1070      	BCF        R0, 0
0x003C	0x0DF0      	RLF        R0, 1
0x003D	0x1070      	BCF        R0, 0
0x003E	0x0870      	MOVF       R0, 0
0x003F	0x049F      	IORWF      ADCON0, 1
;__Lib_ADC_88X.mpas,21 :: 		
0x0040	0x1683      	BSF        STATUS, 5
0x0041	0x179F      	BSF        ADCON1, 7
;__Lib_ADC_88X.mpas,24 :: 		
0x0042	0x1283      	BCF        STATUS, 5
0x0043	0x141F      	BSF        ADCON0, 0
;__Lib_ADC_88X.mpas,27 :: 		
0x0044	0x200D      	CALL       _Delay_22us
;__Lib_ADC_88X.mpas,30 :: 		
0x0045	0x149F      	BSF        ADCON0, 1
;__Lib_ADC_88X.mpas,33 :: 		
L__Adc_Read2:
0x0046	0x1C9F      	BTFSS      ADCON0, 1
0x0047	0x284A      	GOTO       L__Adc_Read3
0x0048	0x0000      	NOP
0x0049	0x2846      	GOTO       L__Adc_Read2
L__Adc_Read3:
;__Lib_ADC_88X.mpas,36 :: 		
0x004A	0x101F      	BCF        ADCON0, 0
;__Lib_ADC_88X.mpas,39 :: 		
0x004B	0x081E      	MOVF       ADRESH, 0
0x004C	0x00F1      	MOVWF      R0+1
0x004D	0x01F0      	CLRF       R0
0x004E	0x1683      	BSF        STATUS, 5
0x004F	0x081E      	MOVF       ADRESL, 0
0x0050	0x0470      	IORWF      R0, 0
0x0051	0x1283      	BCF        STATUS, 5
0x0052	0x00A9      	MOVWF      Adc_Read_local_result
0x0053	0x0871      	MOVF       R0+1, 0
0x0054	0x00AA      	MOVWF      Adc_Read_local_result+1
0x0055	0x3000      	MOVLW      0
0x0056	0x04AA      	IORWF      Adc_Read_local_result+1, 1
;__Lib_ADC_88X.mpas,41 :: 		
0x0057	0x0829      	MOVF       Adc_Read_local_result, 0
0x0058	0x00F0      	MOVWF      R0
0x0059	0x082A      	MOVF       Adc_Read_local_result+1, 0
0x005A	0x00F1      	MOVWF      R0+1
0x005B	0x0008      	RETURN
; end of _Adc_Read
_WordToStr:
;__Lib_Conversions.mpas,39 :: 		
;__Lib_Conversions.mpas,40 :: 		
0x005C	0x1283      	BCF        STATUS, 5
0x005D	0x1303      	BCF        STATUS, 6
0x005E	0x082A      	MOVF       FARG_WordToStr_output, 0
0x005F	0x0084      	MOVWF      FSR
0x0060	0x3020      	MOVLW      32
0x0061	0x0080      	MOVWF      INDF
0x0062	0x0A84      	INCF       FSR, 1
0x0063	0x3020      	MOVLW      32
0x0064	0x0080      	MOVWF      INDF
0x0065	0x0A84      	INCF       FSR, 1
0x0066	0x3020      	MOVLW      32
0x0067	0x0080      	MOVWF      INDF
0x0068	0x0A84      	INCF       FSR, 1
0x0069	0x3020      	MOVLW      32
0x006A	0x0080      	MOVWF      INDF
0x006B	0x0A84      	INCF       FSR, 1
0x006C	0x3030      	MOVLW      48
0x006D	0x0080      	MOVWF      INDF
0x006E	0x0A84      	INCF       FSR, 1
0x006F	0x0180      	CLRF       INDF
0x0070	0x0A84      	INCF       FSR, 1
;__Lib_Conversions.mpas,41 :: 		
0x0071	0x3004      	MOVLW      4
0x0072	0x072A      	ADDWF      FARG_WordToStr_output, 0
0x0073	0x00AB      	MOVWF      WordToStr_ptr
;__Lib_Conversions.mpas,42 :: 		
L__WordToStr8:
0x0074	0x3000      	MOVLW      0
0x0075	0x0629      	XORWF      FARG_WordToStr_input+1, 0
0x0076	0x1D03      	BTFSS      STATUS, 2
0x0077	0x287A      	GOTO       L__WordToStr159
0x0078	0x3000      	MOVLW      0
0x0079	0x0628      	XORWF      FARG_WordToStr_input, 0
L__WordToStr159:
0x007A	0x1903      	BTFSC      STATUS, 2
0x007B	0x289C      	GOTO       L__WordToStr9
;__Lib_Conversions.mpas,44 :: 		
0x007C	0x300A      	MOVLW      10
0x007D	0x00F4      	MOVWF      R4
0x007E	0x01F5      	CLRF       R4+1
0x007F	0x0828      	MOVF       FARG_WordToStr_input, 0
0x0080	0x00F0      	MOVWF      R0
0x0081	0x0829      	MOVF       FARG_WordToStr_input+1, 0
0x0082	0x00F1      	MOVWF      R0+1
0x0083	0x2015      	CALL       _Div_16x16_U
0x0084	0x0878      	MOVF       R8, 0
0x0085	0x00F0      	MOVWF      R0
0x0086	0x0879      	MOVF       R8+1, 0
0x0087	0x00F1      	MOVWF      R0+1
0x0088	0x3030      	MOVLW      48
0x0089	0x07F0      	ADDWF      R0, 1
0x008A	0x082B      	MOVF       WordToStr_ptr, 0
0x008B	0x0084      	MOVWF      FSR
0x008C	0x0870      	MOVF       R0, 0
0x008D	0x0080      	MOVWF      INDF
;__Lib_Conversions.mpas,45 :: 		
0x008E	0x300A      	MOVLW      10
0x008F	0x00F4      	MOVWF      R4
0x0090	0x01F5      	CLRF       R4+1
0x0091	0x0828      	MOVF       FARG_WordToStr_input, 0
0x0092	0x00F0      	MOVWF      R0
0x0093	0x0829      	MOVF       FARG_WordToStr_input+1, 0
0x0094	0x00F1      	MOVWF      R0+1
0x0095	0x2015      	CALL       _Div_16x16_U
0x0096	0x0870      	MOVF       R0, 0
0x0097	0x00A8      	MOVWF      FARG_WordToStr_input
0x0098	0x0871      	MOVF       R0+1, 0
0x0099	0x00A9      	MOVWF      FARG_WordToStr_input+1
;__Lib_Conversions.mpas,46 :: 		
0x009A	0x03AB      	DECF       WordToStr_ptr, 1
;__Lib_Conversions.mpas,47 :: 		
0x009B	0x2874      	GOTO       L__WordToStr8
L__WordToStr9:
;__Lib_Conversions.mpas,48 :: 		
0x009C	0x0008      	RETURN
; end of _WordToStr
_UART1_Write_Text:
;__Lib_UART_c67.mpas,80 :: 		
;__Lib_UART_c67.mpas,81 :: 		
0x009D	0x1283      	BCF        STATUS, 5
0x009E	0x1303      	BCF        STATUS, 6
0x009F	0x01A9      	CLRF       UART1_Write_Text_counter
;__Lib_UART_c67.mpas,82 :: 		
0x00A0	0x0828      	MOVF       FARG_UART1_Write_Text_uart_text, 0
0x00A1	0x0084      	MOVWF      FSR
0x00A2	0x0800      	MOVF       INDF, 0
0x00A3	0x00AA      	MOVWF      UART1_Write_Text_data_
;__Lib_UART_c67.mpas,83 :: 		
L__UART1_Write_Text20:
0x00A4	0x082A      	MOVF       UART1_Write_Text_data_, 0
0x00A5	0x3A00      	XORLW      0
0x00A6	0x1903      	BTFSC      STATUS, 2
0x00A7	0x28B2      	GOTO       L__UART1_Write_Text21
;__Lib_UART_c67.mpas,85 :: 		
0x00A8	0x082A      	MOVF       UART1_Write_Text_data_, 0
0x00A9	0x00AC      	MOVWF      FARG_UART1_Write_data_
0x00AA	0x2003      	CALL       _UART1_Write
;__Lib_UART_c67.mpas,86 :: 		
0x00AB	0x0AA9      	INCF       UART1_Write_Text_counter, 1
;__Lib_UART_c67.mpas,87 :: 		
0x00AC	0x0829      	MOVF       UART1_Write_Text_counter, 0
0x00AD	0x0728      	ADDWF      FARG_UART1_Write_Text_uart_text, 0
0x00AE	0x0084      	MOVWF      FSR
0x00AF	0x0800      	MOVF       INDF, 0
0x00B0	0x00AA      	MOVWF      UART1_Write_Text_data_
;__Lib_UART_c67.mpas,88 :: 		
0x00B1	0x28A4      	GOTO       L__UART1_Write_Text20
L__UART1_Write_Text21:
;__Lib_UART_c67.mpas,89 :: 		
0x00B2	0x0008      	RETURN
; end of _UART1_Write_Text
_UART1_Init:
;__Lib_UART_c67.mpas,33 :: 		
;__Lib_UART_c67.mpas,34 :: 		
0x00B3	0x1683      	BSF        STATUS, 5
0x00B4	0x1303      	BCF        STATUS, 6
0x00B5	0x1698      	BSF        TXSTA, 5
;__Lib_UART_c67.mpas,35 :: 		
0x00B6	0x3090      	MOVLW      144
0x00B7	0x1283      	BCF        STATUS, 5
0x00B8	0x0098      	MOVWF      RCSTA
;__Lib_UART_c67.mpas,36 :: 		
0x00B9	0x1683      	BSF        STATUS, 5
0x00BA	0x1787      	BSF        TRISC7_bit, 7
;__Lib_UART_c67.mpas,37 :: 		
0x00BB	0x1307      	BCF        TRISC6_bit, 6
;__Lib_UART_c67.mpas,38 :: 		
L__UART1_Init2:
0x00BC	0x1283      	BCF        STATUS, 5
0x00BD	0x1E8C      	BTFSS      PIR1, 5
0x00BE	0x28C2      	GOTO       L__UART1_Init3
;__Lib_UART_c67.mpas,39 :: 		
0x00BF	0x081A      	MOVF       RCREG, 0
0x00C0	0x00F0      	MOVWF      R0
0x00C1	0x28BC      	GOTO       L__UART1_Init2
L__UART1_Init3:
;__Lib_UART_c67.mpas,40 :: 		
0x00C2	0x0008      	RETURN
; end of _UART1_Init
_main:
;EKG.mbas,6 :: 		main:
;EKG.mbas,7 :: 		OSCCON=%01110101        'configuración de oscilador interno
0x00C3	0x3075      	MOVLW      117
0x00C4	0x1683      	BSF        STATUS, 5
0x00C5	0x1303      	BCF        STATUS, 6
0x00C6	0x008F      	MOVWF      OSCCON
;EKG.mbas,8 :: 		OPTION_REG=$80
0x00C7	0x3080      	MOVLW      128
0x00C8	0x0081      	MOVWF      OPTION_REG
;EKG.mbas,9 :: 		intcon=0
0x00C9	0x018B      	CLRF       INTCON
;EKG.mbas,10 :: 		CM2CON0=0               'Se apagan comparadores
0x00CA	0x1283      	BCF        STATUS, 5
0x00CB	0x1703      	BSF        STATUS, 6
0x00CC	0x0188      	CLRF       CM2CON0
;EKG.mbas,11 :: 		ANSEL=%00000001         'Se configura RA0 como entrada analógica.
0x00CD	0x3001      	MOVLW      1
0x00CE	0x1683      	BSF        STATUS, 5
0x00CF	0x0088      	MOVWF      ANSEL
;EKG.mbas,12 :: 		ANSELH=0                'Parte alta del puerto A se configuran como salidas.  R8-R13
0x00D0	0x0189      	CLRF       ANSELH
;EKG.mbas,13 :: 		TRISA=%00000001         'Declara a RA0 como entrada.
0x00D1	0x3001      	MOVLW      1
0x00D2	0x1303      	BCF        STATUS, 6
0x00D3	0x0085      	MOVWF      TRISA
;EKG.mbas,14 :: 		TRISB=%00000000         'Declara el Puerto B como salida
0x00D4	0x0186      	CLRF       TRISB
;EKG.mbas,15 :: 		TRISC=%00000000         'Declara el Puerto C como salida.
0x00D5	0x0187      	CLRF       TRISC
;EKG.mbas,16 :: 		TRISE=%00000000         'Declara el Puerto E como salida.
0x00D6	0x0189      	CLRF       TRISE
;EKG.mbas,17 :: 		Mx=0                    'Se incializa Mx con 0
0x00D7	0x1283      	BCF        STATUS, 5
0x00D8	0x01A0      	CLRF       _Mx
0x00D9	0x01A1      	CLRF       _Mx+1
;EKG.mbas,18 :: 		UART1_Init(9600)       'Inicializa módulo USART  MAX baud rate
0x00DA	0x3033      	MOVLW      51
0x00DB	0x1683      	BSF        STATUS, 5
0x00DC	0x0099      	MOVWF      SPBRG
0x00DD	0x1518      	BSF        TXSTA, 2
0x00DE	0x20B3      	CALL       _UART1_Init
;EKG.mbas,19 :: 		PORTA=0
0x00DF	0x0185      	CLRF       PORTA
;EKG.mbas,20 :: 		PORTB=0
0x00E0	0x0186      	CLRF       PORTB
;EKG.mbas,21 :: 		PORTC=0
0x00E1	0x0187      	CLRF       PORTC
;EKG.mbas,23 :: 		WHILE(1)                'Lazo infinito
L__main2:
;EKG.mbas,24 :: 		Mx= Adc_Read(0)      'Lee dato analogico de RA0 y digitaliza a
0x00E2	0x01A8      	CLRF       FARG_Adc_Read_channel
0x00E3	0x2032      	CALL       _Adc_Read
0x00E4	0x0870      	MOVF       R0, 0
0x00E5	0x00A0      	MOVWF      _Mx
0x00E6	0x0871      	MOVF       R0+1, 0
0x00E7	0x00A1      	MOVWF      _Mx+1
;EKG.mbas,26 :: 		wordToStr(Mx, Mx_out )
0x00E8	0x0870      	MOVF       R0, 0
0x00E9	0x00A8      	MOVWF      FARG_WordToStr_input
0x00EA	0x0871      	MOVF       R0+1, 0
0x00EB	0x00A9      	MOVWF      FARG_WordToStr_input+1
0x00EC	0x3022      	MOVLW      _Mx_out
0x00ED	0x00AA      	MOVWF      FARG_WordToStr_output
0x00EE	0x205C      	CALL       _WordToStr
;EKG.mbas,33 :: 		UART1_Write_Text(Mx_out)'Se envía dato digitalizado
0x00EF	0x3022      	MOVLW      _Mx_out
0x00F0	0x00A8      	MOVWF      FARG_UART1_Write_Text_uart_text
0x00F1	0x209D      	CALL       _UART1_Write_Text
;EKG.mbas,34 :: 		UART1_Write(0X0D)
0x00F2	0x300D      	MOVLW      13
0x00F3	0x00AC      	MOVWF      FARG_UART1_Write_data_
0x00F4	0x2003      	CALL       _UART1_Write
;EKG.mbas,35 :: 		UART1_Write(0X0A)
0x00F5	0x300A      	MOVLW      10
0x00F6	0x00AC      	MOVWF      FARG_UART1_Write_data_
0x00F7	0x2003      	CALL       _UART1_Write
;EKG.mbas,36 :: 		Delay_ms(100)             'Retardo de 5mS
0x00F8	0x3002      	MOVLW      2
0x00F9	0x00FB      	MOVWF      R11
0x00FA	0x3004      	MOVLW      4
0x00FB	0x00FC      	MOVWF      R12
0x00FC	0x30BA      	MOVLW      186
0x00FD	0x00FD      	MOVWF      R13
L__main6:
0x00FE	0x0BFD      	DECFSZ     R13, 1
0x00FF	0x28FE      	GOTO       L__main6
0x0100	0x0BFC      	DECFSZ     R12, 1
0x0101	0x28FE      	GOTO       L__main6
0x0102	0x0BFB      	DECFSZ     R11, 1
0x0103	0x28FE      	GOTO       L__main6
0x0104	0x0000      	NOP
;EKG.mbas,37 :: 		WEND                    'Fin de sentencia While que continuará ejecutandose
0x0105	0x28E2      	GOTO       L__main2
0x0106	0x2906      	GOTO       $+0
; end of _main
Symbol List:
//** Routines locations **
//ADDRESS    SIZE    PROCEDURE
//----------------------------------------------
0x0003      [10]    _UART1_Write
0x000D       [8]    _Delay_22us
0x0015      [29]    _Div_16x16_U
0x0032      [42]    _Adc_Read
0x005C      [65]    _WordToStr
0x009D      [22]    _UART1_Write_Text
0x00B3      [16]    _UART1_Init
0x00C3      [68]    _main
//** Variables locations ** 
//ADDRESS    SIZE    VARIABLE
//----------------------------------------------
0x0000       [1]    INDF
0x0001       [1]    TMR0
0x0002       [1]    PCL
0x0003       [0]    RP0_bit
0x0003       [0]    NOT_TO_bit
0x0003       [0]    IRP_bit
0x0003       [0]    RP1_bit
0x0003       [0]    DC_bit
0x0003       [0]    C_bit
0x0003       [1]    STATUS
0x0003       [0]    NOT_PD_bit
0x0003       [0]    Z_bit
0x0004       [1]    FSR
0x0004       [1]    FSRPTR
0x0005       [0]    RA3_bit
0x0005       [0]    RA4_bit
0x0005       [0]    RA2_bit
0x0005       [0]    RA0_bit
0x0005       [0]    RA1_bit
0x0005       [0]    RA5_bit
0x0005       [1]    PORTA
0x0005       [0]    RA7_bit
0x0005       [0]    RA6_bit
0x0006       [0]    RB3_bit
0x0006       [0]    RB4_bit
0x0006       [0]    RB2_bit
0x0006       [0]    RB1_bit
0x0006       [0]    RB0_bit
0x0006       [0]    RB7_bit
0x0006       [1]    PORTB
0x0006       [0]    RB5_bit
0x0006       [0]    RB6_bit
0x0007       [0]    RC2_bit
0x0007       [0]    RC3_bit
0x0007       [0]    RC0_bit
0x0007       [0]    RC1_bit
0x0007       [0]    RC4_bit
0x0007       [0]    RC7_bit
0x0007       [1]    PORTC
0x0007       [0]    RC5_bit
0x0007       [0]    RC6_bit
0x0008       [0]    RD4_bit
0x0008       [0]    RD5_bit
0x0008       [0]    RD0_bit
0x0008       [0]    RD3_bit
0x0008       [1]    PORTD
0x0008       [0]    RD1_bit
0x0008       [0]    RD7_bit
0x0008       [0]    RD6_bit
0x0008       [0]    RD2_bit
0x0009       [0]    RE3_bit
0x0009       [0]    RE1_bit
0x0009       [0]    RE0_bit
0x0009       [0]    RE2_bit
0x0009       [1]    PORTE
0x000A       [1]    PCLATH
0x000B       [0]    GIE_bit
0x000B       [0]    RBIF_bit
0x000B       [0]    TMR0IE_bit
0x000B       [0]    PEIE_bit
0x000B       [0]    T0IF_bit
0x000B       [0]    T0IE_bit
0x000B       [0]    INTF_bit
0x000B       [0]    INTE_bit
0x000B       [1]    INTCON
0x000B       [0]    RBIE_bit
0x000B       [0]    TMR0IF_bit
0x000C       [0]    RCIF_bit
0x000C       [0]    TXIF_bit
0x000C       [1]    PIR1
0x000C       [0]    ADIF_bit
0x000C       [0]    TMR2IF_bit
0x000C       [0]    TMR1IF_bit
0x000C       [0]    SSPIF_bit
0x000C       [0]    CCP1IF_bit
0x000D       [0]    OSFIF_bit
0x000D       [0]    C2IF_bit
0x000D       [1]    PIR2
0x000D       [0]    C1IF_bit
0x000D       [0]    CCP2IF_bit
0x000D       [0]    ULPWUIF_bit
0x000D       [0]    EEIF_bit
0x000D       [0]    BCLIF_bit
0x000E       [1]    TMR1L
0x000F       [1]    TMR1H
0x0010       [0]    T1CKPS1_bit
0x0010       [0]    T1CKPS0_bit
0x0010       [0]    T1OSCEN_bit
0x0010       [1]    T1CON
0x0010       [0]    T1GINV_bit
0x0010       [0]    TMR1GE_bit
0x0010       [0]    TMR1CS_bit
0x0010       [0]    TMR1ON_bit
0x0010       [0]    T1SYNC_bit
0x0010       [0]    NOT_T1SYNC_bit
0x0010       [0]    T1INSYNC_bit
0x0011       [1]    TMR2
0x0012       [0]    TOUTPS2_bit
0x0012       [0]    TOUTPS1_bit
0x0012       [0]    TOUTPS3_bit
0x0012       [0]    T2CKPS0_bit
0x0012       [0]    TMR2ON_bit
0x0012       [0]    TOUTPS0_bit
0x0012       [0]    T2CKPS1_bit
0x0012       [1]    T2CON
0x0013       [1]    SSPBUF
0x0014       [0]    CKP_bit
0x0014       [0]    SSPEN_bit
0x0014       [0]    WCOL_bit
0x0014       [0]    SSPOV_bit
0x0014       [1]    SSPCON
0x0014       [0]    SSPM1_bit
0x0014       [0]    SSPM0_bit
0x0014       [0]    SSPM3_bit
0x0014       [0]    SSPM2_bit
0x0015       [1]    CCPR1L
0x0015       [2]    CCPR1
0x0016       [1]    CCPR1H
0x0017       [1]    CCP1CON
0x0017       [0]    CCP1M0_bit
0x0017       [0]    CCP1X_bit
0x0017       [0]    DC1B0_bit
0x0017       [0]    CCP1Y_bit
0x0017       [0]    P1M1_bit
0x0017       [0]    P1M0_bit
0x0017       [0]    DC1B1_bit
0x0017       [0]    CCP1M2_bit
0x0017       [0]    CCP1M1_bit
0x0017       [0]    CCP1M3_bit
0x0018       [0]    SPEN_bit
0x0018       [0]    FERR_bit
0x0018       [0]    RCD8_bit
0x0018       [1]    RCSTA
0x0018       [0]    OERR_bit
0x0018       [0]    RX9D_bit
0x0018       [0]    ADDEN_bit
0x0018       [0]    RC8_9_bit
0x0018       [0]    NOT_RC8_bit
0x0018       [0]    RC9_bit
0x0018       [0]    RX9_bit
0x0018       [0]    CREN_bit
0x0018       [0]    SREN_bit
0x0019       [1]    TXREG
0x001A       [1]    RCREG
0x001B       [2]    CCPR2
0x001B       [1]    CCPR2L
0x001C       [1]    CCPR2H
0x001D       [0]    CCP2Y_bit
0x001D       [0]    DC2B0_bit
0x001D       [0]    CCP2M1_bit
0x001D       [0]    CCP2M0_bit
0x001D       [0]    CCP2M3_bit
0x001D       [0]    CCP2M2_bit
0x001D       [0]    DC2B1_bit
0x001D       [0]    CCP2X_bit
0x001D       [1]    CCP2CON
0x001E       [1]    ADRESH
0x001F       [0]    ADCS1_bit
0x001F       [0]    CHS0_bit
0x001F       [0]    ADON_bit
0x001F       [0]    GO_DONE_bit
0x001F       [0]    GO_bit
0x001F       [0]    NOT_DONE_bit
0x001F       [0]    ADCS0_bit
0x001F       [0]    CHS1_bit
0x001F       [0]    CHS2_bit
0x001F       [0]    CHS3_bit
0x001F       [1]    ADCON0
0x0020       [2]    _Mx
0x0022       [4]    _Mx_out
0x0026       [2]    ___DoICPAddr
0x0028       [1]    FARG_Adc_Read_channel
0x0028       [1]    FARG_UART1_Write_Text_uart_text
0x0028       [2]    FARG_WordToStr_input
0x0029       [1]    UART1_Write_Text_counter
0x0029       [2]    Adc_Read_local_result
0x002A       [1]    FARG_WordToStr_output
0x002A       [1]    UART1_Write_Text_data_
0x002B       [1]    WordToStr_ptr
0x002C       [1]    FARG_UART1_Write_data_
0x0070       [1]    R0
0x0071       [1]    R1
0x0072       [1]    R2
0x0073       [1]    R3
0x0074       [1]    R4
0x0075       [1]    R5
0x0076       [1]    R6
0x0077       [1]    R7
0x0078       [1]    R8
0x0079       [1]    R9
0x007A       [1]    R10
0x007B       [1]    R11
0x007C       [1]    R12
0x007D       [1]    R13
0x007E       [1]    R14
0x007F       [1]    R15
0x0081       [0]    PS1_bit
0x0081       [0]    PS2_bit
0x0081       [1]    OPTION_REG
0x0081       [0]    PS0_bit
0x0081       [0]    PSA_bit
0x0081       [0]    INTEDG_bit
0x0081       [0]    NOT_RBPU_bit
0x0081       [0]    T0SE_bit
0x0081       [0]    T0CS_bit
0x0085       [0]    TRISA1_bit
0x0085       [0]    TRISA2_bit
0x0085       [0]    TRISA0_bit
0x0085       [1]    TRISA
0x0085       [0]    TRISA6_bit
0x0085       [0]    TRISA7_bit
0x0085       [0]    TRISA5_bit
0x0085       [0]    TRISA3_bit
0x0085       [0]    TRISA4_bit
0x0086       [0]    TRISB2_bit
0x0086       [0]    TRISB3_bit
0x0086       [0]    TRISB0_bit
0x0086       [0]    TRISB1_bit
0x0086       [0]    TRISB4_bit
0x0086       [1]    TRISB
0x0086       [0]    TRISB7_bit
0x0086       [0]    TRISB5_bit
0x0086       [0]    TRISB6_bit
0x0087       [0]    TRISC2_bit
0x0087       [0]    TRISC3_bit
0x0087       [0]    TRISC4_bit
0x0087       [1]    TRISC
0x0087       [0]    TRISC0_bit
0x0087       [0]    TRISC1_bit
0x0087       [0]    TRISC5_bit
0x0087       [0]    TRISC6_bit
0x0087       [0]    TRISC7_bit
0x0088       [0]    TRISD4_bit
0x0088       [0]    TRISD3_bit
0x0088       [0]    TRISD5_bit
0x0088       [0]    TRISD7_bit
0x0088       [0]    TRISD6_bit
0x0088       [1]    TRISD
0x0088       [0]    TRISD2_bit
0x0088       [0]    TRISD1_bit
0x0088       [0]    TRISD0_bit
0x0089       [0]    TRISE3_bit
0x0089       [0]    TRISE1_bit
0x0089       [0]    TRISE2_bit
0x0089       [1]    TRISE
0x0089       [0]    TRISE0_bit
0x008C       [1]    PIE1
0x008C       [0]    TMR1IE_bit
0x008C       [0]    TMR2IE_bit
0x008C       [0]    RCIE_bit
0x008C       [0]    ADIE_bit
0x008C       [0]    TXIE_bit
0x008C       [0]    CCP1IE_bit
0x008C       [0]    SSPIE_bit
0x008D       [0]    C1IE_bit
0x008D       [0]    OSFIE_bit
0x008D       [0]    C2IE_bit
0x008D       [0]    EEIE_bit
0x008D       [1]    PIE2
0x008D       [0]    ULPWUIE_bit
0x008D       [0]    CCP2IE_bit
0x008D       [0]    BCLIE_bit
0x008E       [0]    NOT_BOR_bit
0x008E       [1]    PCON
0x008E       [0]    ULPWUE_bit
0x008E       [0]    NOT_POR_bit
0x008E       [0]    NOT_BO_bit
0x008E       [0]    SBOREN_bit
0x008F       [0]    IRCF0_bit
0x008F       [0]    OSTS_bit
0x008F       [0]    IRCF2_bit
0x008F       [0]    IRCF1_bit
0x008F       [1]    OSCCON
0x008F       [0]    SCS_bit
0x008F       [0]    HTS_bit
0x008F       [0]    LTS_bit
0x0090       [0]    TUN0_bit
0x0090       [1]    OSCTUNE
0x0090       [0]    TUN1_bit
0x0090       [0]    TUN4_bit
0x0090       [0]    TUN3_bit
0x0090       [0]    TUN2_bit
0x0091       [0]    RCEN_bit
0x0091       [1]    SSPCON2
0x0091       [0]    SEN_bit
0x0091       [0]    RSEN_bit
0x0091       [0]    PEN_bit
0x0091       [0]    ACKDT_bit
0x0091       [0]    ACKSTAT_bit
0x0091       [0]    GCEN_bit
0x0091       [0]    ACKEN_bit
0x0092       [1]    PR2
0x0093       [1]    MSK
0x0093       [1]    SSPMSK
0x0093       [1]    SSPADD
0x0094       [0]    READ_WRITE_bit
0x0094       [0]    I2C_START__bit
0x0094       [0]    S_bit
0x0094       [0]    BF_bit
0x0094       [0]    UA_bit
0x0094       [0]    R_W_bit
0x0094       [0]    I2C_READ_bit
0x0094       [0]    R_bit
0x0094       [0]    NOT_W_bit
0x0094       [1]    SSPSTAT
0x0094       [0]    NOT_WRITE_bit
0x0094       [0]    NOT_ADDRESS_bit
0x0094       [0]    D_A_bit
0x0094       [0]    DATA_ADDRESS_bit
0x0094       [0]    SMP_bit
0x0094       [0]    NOT_A_bit
0x0094       [0]    CKE_bit
0x0094       [0]    D_bit
0x0094       [0]    P_bit
0x0094       [0]    I2C_STOP__bit
0x0094       [0]    I2C_DATA_bit
0x0095       [0]    WPUB0_bit
0x0095       [0]    WPUB4_bit
0x0095       [0]    WPUB3_bit
0x0095       [0]    WPUB2_bit
0x0095       [0]    WPUB6_bit
0x0095       [1]    WPUB
0x0095       [0]    WPUB5_bit
0x0095       [0]    WPUB7_bit
0x0095       [0]    WPUB1_bit
0x0096       [0]    IOCB5_bit
0x0096       [0]    IOCB4_bit
0x0096       [0]    IOCB6_bit
0x0096       [0]    IOCB0_bit
0x0096       [0]    IOCB7_bit
0x0096       [1]    IOCB
0x0096       [0]    IOCB3_bit
0x0096       [0]    IOCB2_bit
0x0096       [0]    IOCB1_bit
0x0097       [0]    VR1_bit
0x0097       [0]    VR2_bit
0x0097       [1]    VRCON
0x0097       [0]    VR0_bit
0x0097       [0]    VR3_bit
0x0097       [0]    VROE_bit
0x0097       [0]    VREN_bit
0x0097       [0]    VRSS_bit
0x0097       [0]    VRR_bit
0x0098       [1]    TXSTA
0x0098       [0]    BRGH_bit
0x0098       [0]    SENDB_bit
0x0098       [0]    SYNC_bit
0x0098       [0]    TXD8_bit
0x0098       [0]    TX9D_bit
0x0098       [0]    TRMT_bit
0x0098       [0]    TXEN_bit
0x0098       [0]    TX9_bit
0x0098       [0]    CSRC_bit
0x0098       [0]    TX8_9_bit
0x0098       [0]    NOT_TX8_bit
0x0099       [0]    BRG3_bit
0x0099       [0]    BRG4_bit
0x0099       [0]    BRG2_bit
0x0099       [0]    BRG0_bit
0x0099       [0]    BRG1_bit
0x0099       [0]    BRG7_bit
0x0099       [1]    SPBRG
0x0099       [0]    BRG5_bit
0x0099       [0]    BRG6_bit
0x009A       [0]    BRG10_bit
0x009A       [0]    BRG11_bit
0x009A       [0]    BRG9_bit
0x009A       [1]    SPBRGH
0x009A       [0]    BRG8_bit
0x009A       [0]    BRG14_bit
0x009A       [0]    BRG15_bit
0x009A       [0]    BRG12_bit
0x009A       [0]    BRG13_bit
0x009B       [0]    PDC1_bit
0x009B       [0]    PDC2_bit
0x009B       [1]    PWM1CON
0x009B       [0]    PDC0_bit
0x009B       [0]    PDC3_bit
0x009B       [0]    PDC6_bit
0x009B       [0]    PRSEN_bit
0x009B       [0]    PDC4_bit
0x009B       [0]    PDC5_bit
0x009C       [0]    PSSBD0_bit
0x009C       [1]    ECCPAS
0x009C       [0]    PSSAC0_bit
0x009C       [0]    PSSAC1_bit
0x009C       [0]    PSSBD1_bit
0x009C       [0]    ECCPAS1_bit
0x009C       [0]    ECCPAS0_bit
0x009C       [0]    ECCPASE_bit
0x009C       [0]    ECCPAS2_bit
0x009D       [0]    STRD_bit
0x009D       [0]    STRC_bit
0x009D       [0]    STRSYNC_bit
0x009D       [1]    PSTRCON
0x009D       [0]    STRA_bit
0x009D       [0]    STRB_bit
0x009E       [1]    ADRESL
0x009F       [0]    VCFG1_bit
0x009F       [0]    VCFG0_bit
0x009F       [0]    ADFM_bit
0x009F       [1]    ADCON1
0x0105       [0]    WDTPS1_bit
0x0105       [0]    WDTPS0_bit
0x0105       [1]    WDTCON
0x0105       [0]    WDTPS3_bit
0x0105       [0]    WDTPS2_bit
0x0105       [0]    SWDTEN_bit
0x0107       [0]    C1CH1_bit
0x0107       [0]    C1CH0_bit
0x0107       [0]    C1OE_bit
0x0107       [0]    C1ON_bit
0x0107       [0]    C1OUT_bit
0x0107       [0]    C1R_bit
0x0107       [1]    CM1CON0
0x0107       [0]    C1POL_bit
0x0108       [0]    C2CH0_bit
0x0108       [0]    C2CH1_bit
0x0108       [0]    C2R_bit
0x0108       [0]    C2ON_bit
0x0108       [0]    C2POL_bit
0x0108       [0]    C2OE_bit
0x0108       [0]    C2OUT_bit
0x0108       [1]    CM2CON0
0x0109       [0]    C1RSEL_bit
0x0109       [0]    MC1OUT_bit
0x0109       [0]    MC2OUT_bit
0x0109       [0]    C2SYNC_bit
0x0109       [0]    T1GSS_bit
0x0109       [0]    C2RSEL_bit
0x0109       [1]    CM2CON1
0x010C       [1]    EEDAT
0x010C       [1]    EEDATA
0x010D       [1]    EEADR
0x010E       [1]    EEDATH
0x010F       [1]    EEADRH
0x0185       [0]    SR0_bit
0x0185       [0]    SR1_bit
0x0185       [0]    C1SEN_bit
0x0185       [0]    C2REN_bit
0x0185       [0]    PULSS_bit
0x0185       [1]    SRCON
0x0185       [0]    FVREN_bit
0x0185       [0]    PULSR_bit
0x0187       [0]    RCIDL_bit
0x0187       [0]    SCKP_bit
0x0187       [0]    BRG16_bit
0x0187       [0]    ABDEN_bit
0x0187       [0]    WUE_bit
0x0187       [1]    BAUDCTL
0x0187       [0]    ABDOVF_bit
0x0188       [0]    ANS3_bit
0x0188       [0]    ANS4_bit
0x0188       [0]    ANS2_bit
0x0188       [0]    ANS0_bit
0x0188       [0]    ANS1_bit
0x0188       [0]    ANS5_bit
0x0188       [1]    ANSEL
0x0188       [0]    ANS7_bit
0x0188       [0]    ANS6_bit
0x0189       [0]    ANS9_bit
0x0189       [0]    ANS10_bit
0x0189       [1]    ANSELH
0x0189       [0]    ANS8_bit
0x0189       [0]    ANS11_bit
0x0189       [0]    ANS13_bit
0x0189       [0]    ANS12_bit
0x018C       [0]    WREN_bit
0x018C       [0]    WR_bit
0x018C       [0]    RD_bit
0x018C       [1]    EECON1
0x018C       [0]    EEPGD_bit
0x018C       [0]    WRERR_bit
0x018D       [1]    EECON2
//** Label List: ** 
//----------------------------------------------
  L_end__main
  L__main1
  L__main2
  L__main3
  L__main4
  L__main5
  L__main6
  _main
  L_end__Adc_Read
  L__Adc_Read1
  L__Adc_Read2
  L__Adc_Read3
  L__Adc_Read4
  L__Adc_Read5
  _Adc_Read
  L_end__ByteToStr
  L__ByteToStr1
  L__ByteToStr2
  L__ByteToStr3
  L__ByteToStr4
  L__ByteToStr5
  L_end__WordToStr
  L__WordToStr7
  L__WordToStr8
  L__WordToStr9
  L__WordToStr10
  L__WordToStr11
  L_end__ShortToStr
  L__ShortToStr13
  L__ShortToStr14
  L__ShortToStr15
  L__ShortToStr16
  L__ShortToStr17
  L__ShortToStr18
  L__ShortToStr19
  L__ShortToStr20
  L__ShortToStr21
  L__ShortToStr22
  L__ShortToStr23
  L__ShortToStr24
  L__ShortToStr25
  L__ShortToStr26
  L_end__IntToStr
  L__IntToStr28
  L__IntToStr29
  L__IntToStr30
  L__IntToStr31
  L__IntToStr32
  L__IntToStr33
  L__IntToStr34
  L__IntToStr35
  L__IntToStr36
  L__IntToStr37
  L__IntToStr38
  L__IntToStr39
  L__IntToStr40
  L__IntToStr41
  L_end__WordToStrWithZeros
  L__WordToStrWithZeros43
  L__WordToStrWithZeros44
  L__WordToStrWithZeros45
  L__WordToStrWithZeros46
  L__WordToStrWithZeros47
  L__WordToStrWithZeros48
  L__WordToStrWithZeros49
  L__WordToStrWithZeros50
  L__WordToStrWithZeros51
  L__WordToStrWithZeros52
  L__WordToStrWithZeros53
  L__WordToStrWithZeros54
  L__WordToStrWithZeros55
  L__WordToStrWithZeros56
  L__WordToStrWithZeros57
  L__WordToStrWithZeros58
  L__WordToStrWithZeros59
  L_end__LongWordToStr
  L__LongWordToStr61
  L__LongWordToStr62
  L__LongWordToStr63
  L__LongWordToStr64
  L__LongWordToStr65
  L_end__LongIntToStr
  L__LongIntToStr67
  L__LongIntToStr68
  L__LongIntToStr69
  L__LongIntToStr70
  L__LongIntToStr71
  L__LongIntToStr72
  L__LongIntToStr73
  L__LongIntToStr74
  L__LongIntToStr75
  L__LongIntToStr76
  L__LongIntToStr77
  L__LongIntToStr78
  L__LongIntToStr79
  L__LongIntToStr80
  L_end__Bcd2Dec
  L_end__StrToWord
  L__StrToWord83
  L__StrToWord84
  L__StrToWord85
  L__StrToWord86
  L__StrToWord87
  L__StrToWord88
  L__StrToWord89
  L__StrToWord90
  L__StrToWord91
  L__StrToWord92
  L__StrToWord93
  L__StrToWord94
  L__StrToWord95
  L_end__StrToInt
  L__StrToInt97
  L__StrToInt98
  L__StrToInt99
  L__StrToInt100
  L__StrToInt101
  L__StrToInt102
  L__StrToInt103
  L__StrToInt104
  L__StrToInt105
  L__StrToInt106
  L__StrToInt107
  L__StrToInt108
  L__StrToInt109
  L__StrToInt110
  L__StrToInt111
  L__StrToInt112
  L__StrToInt113
  L__StrToInt114
  L__StrToInt115
  L__StrToInt116
  L__StrToInt117
  L__StrToInt118
  L_end__Dec2Bcd
  L__Dec2Bcd120
  L__Dec2Bcd121
  L__Dec2Bcd122
  L_end__Bcd2Dec16
  L_end__Dec2Bcd16
  L_end__FloatToStr
  L__FloatToStr126
  L__FloatToStr127
  L__FloatToStr128
  L__FloatToStr129
  L__FloatToStr130
  L__FloatToStr131
  L__FloatToStr132
  L__FloatToStr133
  L__FloatToStr134
  L__FloatToStr135
  L__FloatToStr136
  L__FloatToStr137
  L__FloatToStr138
  L__FloatToStr139
  L__FloatToStr140
  L__FloatToStr141
  L__FloatToStr142
  L__FloatToStr143
  L__FloatToStr144
  L__FloatToStr145
  L__FloatToStr146
  L__FloatToStr147
  L__FloatToStr148
  L__FloatToStr149
  L__FloatToStr150
  L__FloatToStr151
  L__FloatToStr152
  L__FloatToStr153
  L__FloatToStr154
  L__FloatToStr155
  L__FloatToStr156
  L__FloatToStr157
  L__FloatToStr158
  _ByteToStr
  _WordToStr
  L__WordToStr159
  _ShortToStr
  _IntToStr
  L__IntToStr160
  L__IntToStr161
  L__IntToStr162
  _WordToStrWithZeros
  L__WordToStrWithZeros163
  L__WordToStrWithZeros164
  L__WordToStrWithZeros165
  L__WordToStrWithZeros166
  _LongWordToStr
  L__LongWordToStr167
  _LongIntToStr
  L__LongIntToStr168
  L__LongIntToStr169
  L__LongIntToStr170
  _Bcd2Dec
  _StrToWord
  L__StrToWord171
  _StrToInt
  L__StrToInt172
  L__StrToInt173
  _Dec2Bcd
  _Bcd2Dec16
  L__Bcd2Dec16174
  L__Bcd2Dec16175
  _Dec2Bcd16
  L__Dec2Bcd16176
  L__Dec2Bcd16177
  _FloatToStr
  L__FloatToStr178
  L__FloatToStr179
  L__FloatToStr180
  L__FloatToStr181
  L_end__Get_Fosc_kHz
  L_end__Delay_1us
  L_end__Delay_10us
  L__Delay_10us3
  L_end__Delay_22us
  L__Delay_22us5
  L_end__Delay_50us
  L__Delay_50us7
  L_end__Delay_80us
  L__Delay_80us9
  L_end__Delay_500us
  L__Delay_500us11
  L_end__Delay_5500us
  L__Delay_5500us13
  L_end__Delay_5ms
  L__Delay_5ms15
  L_end__Delay_8ms
  L__Delay_8ms17
  L_end__Delay_10ms
  L__Delay_10ms19
  L_end__Delay_100ms
  L__Delay_100ms21
  L_end__Delay_1sec
  L__Delay_1sec23
  L_end__Delay_Cyc
  L__Delay_Cyc25
  L__Delay_Cyc26
  L__Delay_Cyc27
  L__Delay_Cyc28
  L__Delay_Cyc29
  L_end__VDelay_ms
  L__VDelay_ms31
  L__VDelay_ms32
  L__VDelay_ms33
  L__VDelay_ms34
  L__VDelay_ms35
  L__VDelay_ms36
  L__VDelay_ms37
  L__VDelay_ms38
  L_end__VDelay_Advanced_ms
  L__VDelay_Advanced_ms40
  L__VDelay_Advanced_ms41
  L__VDelay_Advanced_ms42
  L__VDelay_Advanced_ms43
  L__VDelay_Advanced_ms44
  L__VDelay_Advanced_ms45
  L__VDelay_Advanced_ms46
  L__VDelay_Advanced_ms47
  _Get_Fosc_kHz
  _Delay_1us
  _Delay_10us
  _Delay_22us
  _Delay_50us
  _Delay_80us
  _Delay_500us
  _Delay_5500us
  _Delay_5ms
  _Delay_8ms
  _Delay_10ms
  _Delay_100ms
  _Delay_1sec
  _Delay_Cyc
  _VDelay_ms
  L__VDelay_ms48
  L__VDelay_ms49
  L__VDelay_ms50
  L__VDelay_ms51
  _VDelay_Advanced_ms
  L__VDelay_Advanced_ms52
  L__VDelay_Advanced_ms53
  L__VDelay_Advanced_ms54
  L__VDelay_Advanced_ms55
  L_end__Mul_8x8_U
  L_end__Mul_16x16_U
  L_end__Div_8x8_U
  L__Div_8x8_U3
  L__Div_8x8_U4
  L__Div_8x8_U5
  L_end__Div_16x16_U
  L_end__Mul_8x8_S
  L_end__Mul_16x16_S
  L_end__Div_16x16_S_L
  L_end__Div_16x16_S
  L__Div_16x16_S11
  L__Div_16x16_S12
  L__Div_16x16_S13
  L__Div_16x16_S14
  L__Div_16x16_S15
  L__Div_16x16_S16
  L_end__Div_8x8_S
  L_end__SDIV3232L
  LOOPS3232A
  SADD22LA
  SOK22LA
  SADD22L8
  SOK22L8
  LOOPS3232B
  SADD22LB
  SOK22LB
  SADD22L16
  SOK22L16
  LOOPS3232C
  SADD22LC
  SOK22LC
  SADD22L24
  SOK22L24
  LOOPS3232D
  SADD22LD
  SOK22LD
  SOK22L
  L_end__COMFREM
  L_end__Div_32x32_S
  L__Div_32x32_S25
  L__Div_32x32_S26
  L__Div_32x32_S27
  L__Div_32x32_S28
  L__Div_32x32_S29
  L__Div_32x32_S30
  L__Div_32x32_S31
  L__Div_32x32_S32
  L__Div_32x32_S33
  L__Div_32x32_S34
  L__Div_32x32_S35
  L__Div_32x32_S36
  FXD3232S
  END_ALL
  CA3232S
  C3232SX
  C3232SX1
  C3232S
  C3232S2
  C3232SX4
  C3232SOK
  C3232SX3
  C3232SX2
  avoid_comfrem
  L_end__Div_32x32_U
  LOOPU3232A
  UADD22LA
  UOK22LA
  UADD22L8
  UOK22L8
  LOOPU3232B
  UADD22LB
  UOK22LB
  UADD22L16
  UOK22L16
  LOOPU3232C
  UADD22LC
  UOK22LC
  UADD22L24
  UOK22L24
  LOOPU3232D
  UADD22LD
  UOK22LD
  UOK22L
  L_end__Mul_32x32_U
  _NEXT
  _EXIT2
  _LOOP
  _EXIT1
  L_end__Mul_32x32_S
  _IF_FIRST
  _IF_SECOND
  _INVERCE_FIRST
  _MULT
  _INBERSE_SECOND
  _EXIT
  _Mul_8x8_U
  _Mul_16x16_U
  _Div_8x8_U
  _Div_16x16_U
  _Mul_8x8_S
  _Mul_16x16_S
  _Div_16x16_S_L
  _Div_16x16_S
  _Div_8x8_S
  _SDIV3232L
  _COMFREM
  _Div_32x32_S
  _Div_32x32_U
  _Mul_32x32_U
  _Mul_32x32_S
  L_end__UART1_Init
  L__UART1_Init1
  L__UART1_Init2
  L__UART1_Init3
  L__UART1_Init4
  L__UART1_Init5
  L_end__UART1_Data_Ready
  L_end__UART1_Read
  L__UART1_Read8
  L__UART1_Read9
  L__UART1_Read10
  L_end__UART1_TX_Idle
  L_end__UART1_Write
  L__UART1_Write13
  L__UART1_Write14
  L__UART1_Write15
  L__UART1_Write16
  L__UART1_Write17
  L_end__UART1_Write_Text
  L__UART1_Write_Text19
  L__UART1_Write_Text20
  L__UART1_Write_Text21
  L__UART1_Write_Text22
  L__UART1_Write_Text23
  L_end__UART1_Read_Text
  L__UART1_Read_Text25
  L__UART1_Read_Text26
  L__UART1_Read_Text27
  L__UART1_Read_Text28
  L__UART1_Read_Text29
  L__UART1_Read_Text30
  L__UART1_Read_Text31
  L__UART1_Read_Text32
  L__UART1_Read_Text33
  L__UART1_Read_Text34
  L__UART1_Read_Text35
  L__UART1_Read_Text36
  L__UART1_Read_Text37
  L__UART1_Read_Text38
  L__UART1_Read_Text39
  L__UART1_Read_Text40
  L__UART1_Read_Text41
  L__UART1_Read_Text42
  L__UART1_Read_Text43
  L__UART1_Read_Text44
  L__UART1_Read_Text45
  L__UART1_Read_Text46
  _UART1_Init
  _UART1_Data_Ready
  _UART1_Read
  _UART1_TX_Idle
  _UART1_Write
  _UART1_Write_Text
  _UART1_Read_Text
