;  LST file generated by mikroListExporter - v.2.0 
; Date/Time: 06/03/2014 16:35:44
;----------------------------------------------

;Address Opcode 	ASM
0x0000	0x2927      	GOTO       295
_Mul_16x16_U:
;__Lib_Math.mpas,121 :: 		
;__Lib_Math.mpas,127 :: 		
0x0003	0x1283      	BCF        STATUS, 5
;__Lib_Math.mpas,128 :: 		
0x0004	0x1303      	BCF        STATUS, 6
;__Lib_Math.mpas,129 :: 		
0x0005	0x01FB      	CLRF       R11
;__Lib_Math.mpas,130 :: 		
0x0006	0x01FA      	CLRF       R10
;__Lib_Math.mpas,131 :: 		
0x0007	0x01F9      	CLRF       R9
;__Lib_Math.mpas,132 :: 		
0x0008	0x3080      	MOVLW      128
;__Lib_Math.mpas,133 :: 		
0x0009	0x00F8      	MOVWF      R8
;__Lib_Math.mpas,134 :: 		
0x000A	0x0CF1      	RRF        R1, 1
;__Lib_Math.mpas,135 :: 		
0x000B	0x0CF0      	RRF        R0, 1
;__Lib_Math.mpas,136 :: 		
0x000C	0x1C03      	BTFSS      STATUS, 0
;__Lib_Math.mpas,137 :: 		
0x000D	0x2817      	GOTO       $+10
;__Lib_Math.mpas,138 :: 		
0x000E	0x0874      	MOVF       R4, 0
;__Lib_Math.mpas,139 :: 		
0x000F	0x07F9      	ADDWF      R9, 1
;__Lib_Math.mpas,140 :: 		
0x0010	0x0875      	MOVF       R5, 0
;__Lib_Math.mpas,141 :: 		
0x0011	0x1803      	BTFSC      STATUS, 0
;__Lib_Math.mpas,142 :: 		
0x0012	0x0F75      	INCFSZ     R5, 0
;__Lib_Math.mpas,143 :: 		
0x0013	0x07FA      	ADDWF      R10, 1
;__Lib_Math.mpas,144 :: 		
0x0014	0x1803      	BTFSC      STATUS, 0
;__Lib_Math.mpas,145 :: 		
0x0015	0x0AFB      	INCF       R11, 1
;__Lib_Math.mpas,146 :: 		
0x0016	0x1003      	BCF        STATUS, 0
;__Lib_Math.mpas,147 :: 		
0x0017	0x1FF0      	BTFSS      R0, 7
;__Lib_Math.mpas,148 :: 		
0x0018	0x281F      	GOTO       $+7
;__Lib_Math.mpas,149 :: 		
0x0019	0x0874      	MOVF       R4, 0
;__Lib_Math.mpas,150 :: 		
0x001A	0x07FA      	ADDWF      R10, 1
;__Lib_Math.mpas,151 :: 		
0x001B	0x0875      	MOVF       R5, 0
;__Lib_Math.mpas,152 :: 		
0x001C	0x1803      	BTFSC      STATUS, 0
;__Lib_Math.mpas,153 :: 		
0x001D	0x0F75      	INCFSZ     R5, 0
;__Lib_Math.mpas,154 :: 		
0x001E	0x07FB      	ADDWF      R11, 1
;__Lib_Math.mpas,155 :: 		
0x001F	0x0CFB      	RRF        R11, 1
;__Lib_Math.mpas,156 :: 		
0x0020	0x0CFA      	RRF        R10, 1
;__Lib_Math.mpas,157 :: 		
0x0021	0x0CF9      	RRF        R9, 1
;__Lib_Math.mpas,158 :: 		
0x0022	0x0CF8      	RRF        R8, 1
;__Lib_Math.mpas,159 :: 		
0x0023	0x1C03      	BTFSS      STATUS, 0
;__Lib_Math.mpas,160 :: 		
0x0024	0x280A      	GOTO       $-26
;__Lib_Math.mpas,161 :: 		
0x0025	0x087B      	MOVF       R11, 0
;__Lib_Math.mpas,162 :: 		
0x0026	0x00F3      	MOVWF      R3
;__Lib_Math.mpas,163 :: 		
0x0027	0x087A      	MOVF       R10, 0
;__Lib_Math.mpas,164 :: 		
0x0028	0x00F2      	MOVWF      R2
;__Lib_Math.mpas,165 :: 		
0x0029	0x0879      	MOVF       R9, 0
;__Lib_Math.mpas,166 :: 		
0x002A	0x00F1      	MOVWF      R1
;__Lib_Math.mpas,167 :: 		
0x002B	0x0878      	MOVF       R8, 0
;__Lib_Math.mpas,168 :: 		
0x002C	0x00F0      	MOVWF      R0
;__Lib_Math.mpas,170 :: 		
0x002D	0x0008      	RETURN
; end of _Mul_16x16_U
_PWM2_Set_Duty:
;__Lib_PWM_c21.mpas,60 :: 		
;__Lib_PWM_c21.mpas,61 :: 		
0x002E	0x1683      	BSF        STATUS, 5
0x002F	0x1303      	BCF        STATUS, 6
0x0030	0x0812      	MOVF       PR2, 0
0x0031	0x00F0      	MOVWF      R0
0x0032	0x01F1      	CLRF       R0+1
0x0033	0x0AF0      	INCF       R0, 1
0x0034	0x1903      	BTFSC      STATUS, 2
0x0035	0x0AF1      	INCF       R0+1, 1
0x0036	0x1283      	BCF        STATUS, 5
0x0037	0x0828      	MOVF       FARG_PWM2_Set_Duty_new_duty, 0
0x0038	0x00F4      	MOVWF      R4
0x0039	0x01F5      	CLRF       R4+1
0x003A	0x2003      	CALL       _Mul_16x16_U
0x003B	0x3006      	MOVLW      6
0x003C	0x00F2      	MOVWF      R2
0x003D	0x0870      	MOVF       R0, 0
0x003E	0x00F4      	MOVWF      R4
0x003F	0x0871      	MOVF       R0+1, 0
0x0040	0x00F5      	MOVWF      R4+1
0x0041	0x0872      	MOVF       R2, 0
L__PWM2_Set_Duty10:
0x0042	0x1903      	BTFSC      STATUS, 2
0x0043	0x2849      	GOTO       L__PWM2_Set_Duty11
0x0044	0x0CF5      	RRF        R4+1, 1
0x0045	0x0CF4      	RRF        R4, 1
0x0046	0x13F5      	BCF        R4+1, 7
0x0047	0x3EFF      	ADDLW      255
0x0048	0x2842      	GOTO       L__PWM2_Set_Duty10
L__PWM2_Set_Duty11:
;__Lib_PWM_c21.mpas,62 :: 		
0x0049	0x0874      	MOVF       R4, 0
0x004A	0x00F0      	MOVWF      R0
0x004B	0x0875      	MOVF       R4+1, 0
0x004C	0x00F1      	MOVWF      R0+1
0x004D	0x0DF0      	RLF        R0, 1
0x004E	0x0DF1      	RLF        R0+1, 1
0x004F	0x1070      	BCF        R0, 0
0x0050	0x0DF0      	RLF        R0, 1
0x0051	0x0DF1      	RLF        R0+1, 1
0x0052	0x1070      	BCF        R0, 0
0x0053	0x0DF0      	RLF        R0, 1
0x0054	0x0DF1      	RLF        R0+1, 1
0x0055	0x1070      	BCF        R0, 0
0x0056	0x0DF0      	RLF        R0, 1
0x0057	0x0DF1      	RLF        R0+1, 1
0x0058	0x1070      	BCF        R0, 0
0x0059	0x3030      	MOVLW      48
0x005A	0x0570      	ANDWF      R0, 0
0x005B	0x00F3      	MOVWF      R3
;__Lib_PWM_c21.mpas,63 :: 		
0x005C	0x0874      	MOVF       R4, 0
0x005D	0x00F0      	MOVWF      R0
0x005E	0x0875      	MOVF       R4+1, 0
0x005F	0x00F1      	MOVWF      R0+1
0x0060	0x0CF1      	RRF        R0+1, 1
0x0061	0x0CF0      	RRF        R0, 1
0x0062	0x13F1      	BCF        R0+1, 7
0x0063	0x0CF1      	RRF        R0+1, 1
0x0064	0x0CF0      	RRF        R0, 1
0x0065	0x13F1      	BCF        R0+1, 7
0x0066	0x0870      	MOVF       R0, 0
0x0067	0x009B      	MOVWF      CCPR2L
;__Lib_PWM_c21.mpas,64 :: 		
0x0068	0x300F      	MOVLW      15
0x0069	0x059D      	ANDWF      CCP2CON, 1
;__Lib_PWM_c21.mpas,65 :: 		
0x006A	0x0873      	MOVF       R3, 0
0x006B	0x049D      	IORWF      CCP2CON, 1
;__Lib_PWM_c21.mpas,66 :: 		
0x006C	0x0008      	RETURN
; end of _PWM2_Set_Duty
_PWM1_Set_Duty:
;__Lib_PWM_c21.mpas,25 :: 		
;__Lib_PWM_c21.mpas,26 :: 		
0x006D	0x1683      	BSF        STATUS, 5
0x006E	0x1303      	BCF        STATUS, 6
0x006F	0x0812      	MOVF       PR2, 0
0x0070	0x00F0      	MOVWF      R0
0x0071	0x01F1      	CLRF       R0+1
0x0072	0x0AF0      	INCF       R0, 1
0x0073	0x1903      	BTFSC      STATUS, 2
0x0074	0x0AF1      	INCF       R0+1, 1
0x0075	0x1283      	BCF        STATUS, 5
0x0076	0x0828      	MOVF       FARG_PWM1_Set_Duty_new_duty, 0
0x0077	0x00F4      	MOVWF      R4
0x0078	0x01F5      	CLRF       R4+1
0x0079	0x2003      	CALL       _Mul_16x16_U
0x007A	0x3006      	MOVLW      6
0x007B	0x00F2      	MOVWF      R2
0x007C	0x0870      	MOVF       R0, 0
0x007D	0x00F4      	MOVWF      R4
0x007E	0x0871      	MOVF       R0+1, 0
0x007F	0x00F5      	MOVWF      R4+1
0x0080	0x0872      	MOVF       R2, 0
L__PWM1_Set_Duty8:
0x0081	0x1903      	BTFSC      STATUS, 2
0x0082	0x2888      	GOTO       L__PWM1_Set_Duty9
0x0083	0x0CF5      	RRF        R4+1, 1
0x0084	0x0CF4      	RRF        R4, 1
0x0085	0x13F5      	BCF        R4+1, 7
0x0086	0x3EFF      	ADDLW      255
0x0087	0x2881      	GOTO       L__PWM1_Set_Duty8
L__PWM1_Set_Duty9:
;__Lib_PWM_c21.mpas,27 :: 		
0x0088	0x0874      	MOVF       R4, 0
0x0089	0x00F0      	MOVWF      R0
0x008A	0x0875      	MOVF       R4+1, 0
0x008B	0x00F1      	MOVWF      R0+1
0x008C	0x0DF0      	RLF        R0, 1
0x008D	0x0DF1      	RLF        R0+1, 1
0x008E	0x1070      	BCF        R0, 0
0x008F	0x0DF0      	RLF        R0, 1
0x0090	0x0DF1      	RLF        R0+1, 1
0x0091	0x1070      	BCF        R0, 0
0x0092	0x0DF0      	RLF        R0, 1
0x0093	0x0DF1      	RLF        R0+1, 1
0x0094	0x1070      	BCF        R0, 0
0x0095	0x0DF0      	RLF        R0, 1
0x0096	0x0DF1      	RLF        R0+1, 1
0x0097	0x1070      	BCF        R0, 0
0x0098	0x3030      	MOVLW      48
0x0099	0x0570      	ANDWF      R0, 0
0x009A	0x00F3      	MOVWF      R3
;__Lib_PWM_c21.mpas,28 :: 		
0x009B	0x0874      	MOVF       R4, 0
0x009C	0x00F0      	MOVWF      R0
0x009D	0x0875      	MOVF       R4+1, 0
0x009E	0x00F1      	MOVWF      R0+1
0x009F	0x0CF1      	RRF        R0+1, 1
0x00A0	0x0CF0      	RRF        R0, 1
0x00A1	0x13F1      	BCF        R0+1, 7
0x00A2	0x0CF1      	RRF        R0+1, 1
0x00A3	0x0CF0      	RRF        R0, 1
0x00A4	0x13F1      	BCF        R0+1, 7
0x00A5	0x0870      	MOVF       R0, 0
0x00A6	0x0095      	MOVWF      CCPR1L
;__Lib_PWM_c21.mpas,29 :: 		
0x00A7	0x300F      	MOVLW      15
0x00A8	0x0597      	ANDWF      CCP1CON, 1
;__Lib_PWM_c21.mpas,30 :: 		
0x00A9	0x0873      	MOVF       R3, 0
0x00AA	0x0497      	IORWF      CCP1CON, 1
;__Lib_PWM_c21.mpas,31 :: 		
0x00AB	0x0008      	RETURN
; end of _PWM1_Set_Duty
_PWM2_Init:
;__Lib_PWM_c21.mpas,50 :: 		
;__Lib_PWM_c21.mpas,52 :: 		
0x00AC	0x1283      	BCF        STATUS, 5
0x00AD	0x1303      	BCF        STATUS, 6
0x00AE	0x019B      	CLRF       CCPR2L
;__Lib_PWM_c21.mpas,53 :: 		
0x00AF	0x121D      	BCF        CCP2CON, 4
;__Lib_PWM_c21.mpas,54 :: 		
0x00B0	0x129D      	BCF        CCP2CON, 5
;__Lib_PWM_c21.mpas,55 :: 		
0x00B1	0x0008      	RETURN
; end of _PWM2_Init
_UART1_Init:
;__Lib_UART_c67.mpas,33 :: 		
;__Lib_UART_c67.mpas,34 :: 		
0x00B2	0x1683      	BSF        STATUS, 5
0x00B3	0x1303      	BCF        STATUS, 6
0x00B4	0x1698      	BSF        TXSTA, 5
;__Lib_UART_c67.mpas,35 :: 		
0x00B5	0x3090      	MOVLW      144
0x00B6	0x1283      	BCF        STATUS, 5
0x00B7	0x0098      	MOVWF      RCSTA
;__Lib_UART_c67.mpas,36 :: 		
0x00B8	0x1683      	BSF        STATUS, 5
0x00B9	0x1787      	BSF        TRISC7_bit, 7
;__Lib_UART_c67.mpas,37 :: 		
0x00BA	0x1307      	BCF        TRISC6_bit, 6
;__Lib_UART_c67.mpas,38 :: 		
L__UART1_Init2:
0x00BB	0x1283      	BCF        STATUS, 5
0x00BC	0x1E8C      	BTFSS      PIR1, 5
0x00BD	0x28C1      	GOTO       L__UART1_Init3
;__Lib_UART_c67.mpas,39 :: 		
0x00BE	0x081A      	MOVF       RCREG, 0
0x00BF	0x00F0      	MOVWF      R0
0x00C0	0x28BB      	GOTO       L__UART1_Init2
L__UART1_Init3:
;__Lib_UART_c67.mpas,40 :: 		
0x00C1	0x0008      	RETURN
; end of _UART1_Init
_PWM1_Start:
;__Lib_PWM_c21.mpas,34 :: 		
;__Lib_PWM_c21.mpas,35 :: 		
0x00C2	0x1683      	BSF        STATUS, 5
0x00C3	0x1303      	BCF        STATUS, 6
0x00C4	0x1107      	BCF        TRISC2_bit, 2
;__Lib_PWM_c21.mpas,36 :: 		
0x00C5	0x1283      	BCF        STATUS, 5
0x00C6	0x1512      	BSF        T2CON, 2
;__Lib_PWM_c21.mpas,37 :: 		
0x00C7	0x300C      	MOVLW      12
0x00C8	0x0497      	IORWF      CCP1CON, 1
;__Lib_PWM_c21.mpas,38 :: 		
0x00C9	0x0008      	RETURN
; end of _PWM1_Start
_PWM2_Start:
;__Lib_PWM_c21.mpas,69 :: 		
;__Lib_PWM_c21.mpas,70 :: 		
0x00CA	0x1683      	BSF        STATUS, 5
0x00CB	0x1303      	BCF        STATUS, 6
0x00CC	0x1087      	BCF        TRISC1_bit, 1
;__Lib_PWM_c21.mpas,71 :: 		
0x00CD	0x1283      	BCF        STATUS, 5
0x00CE	0x1512      	BSF        T2CON, 2
;__Lib_PWM_c21.mpas,72 :: 		
0x00CF	0x300C      	MOVLW      12
0x00D0	0x049D      	IORWF      CCP2CON, 1
;__Lib_PWM_c21.mpas,73 :: 		
0x00D1	0x0008      	RETURN
; end of _PWM2_Start
_UART1_Data_Ready:
;__Lib_UART_c67.mpas,46 :: 		
;__Lib_UART_c67.mpas,47 :: 		
0x00D2	0x3000      	MOVLW      0
0x00D3	0x1283      	BCF        STATUS, 5
0x00D4	0x1303      	BCF        STATUS, 6
0x00D5	0x1A8C      	BTFSC      PIR1, 5
0x00D6	0x3001      	MOVLW      1
0x00D7	0x00F1      	MOVWF      R1
;__Lib_UART_c67.mpas,48 :: 		
0x00D8	0x0871      	MOVF       R1, 0
0x00D9	0x00F0      	MOVWF      R0
0x00DA	0x0008      	RETURN
; end of _UART1_Data_Ready
robot_barco_radiocontrolado_SET_MOTOR:
;robot_barco_radiocontrolado.mbas,29 :: 		SUB PROCEDURE SET_MOTOR(DIM MOTOR2,MOTOR1 AS INTEGER)
;robot_barco_radiocontrolado.mbas,31 :: 		IF(MOTOR1<0)THEN
0x00DB	0x3080      	MOVLW      128
0x00DC	0x1283      	BCF        STATUS, 5
0x00DD	0x1303      	BCF        STATUS, 6
0x00DE	0x0627      	XORWF      FARG_SET_MOTOR_MOTOR1+1, 0
0x00DF	0x00F0      	MOVWF      R0
0x00E0	0x3080      	MOVLW      128
0x00E1	0x0270      	SUBWF      R0, 0
0x00E2	0x1D03      	BTFSS      STATUS, 2
0x00E3	0x28E6      	GOTO       L_robot_barco_radiocontrolado_SET_MOTOR71
0x00E4	0x3000      	MOVLW      0
0x00E5	0x0226      	SUBWF      FARG_SET_MOTOR_MOTOR1, 0
L_robot_barco_radiocontrolado_SET_MOTOR71:
0x00E6	0x1803      	BTFSC      STATUS, 0
0x00E7	0x28F3      	GOTO       L_robot_barco_radiocontrolado_SET_MOTOR2
;robot_barco_radiocontrolado.mbas,32 :: 		MOTOR1=-MOTOR1
0x00E8	0x0826      	MOVF       FARG_SET_MOTOR_MOTOR1, 0
0x00E9	0x3C00      	SUBLW      0
0x00EA	0x00A6      	MOVWF      FARG_SET_MOTOR_MOTOR1
0x00EB	0x0827      	MOVF       FARG_SET_MOTOR_MOTOR1+1, 0
0x00EC	0x1C03      	BTFSS      STATUS, 0
0x00ED	0x3E01      	ADDLW      1
0x00EE	0x01A7      	CLRF       FARG_SET_MOTOR_MOTOR1+1
0x00EF	0x02A7      	SUBWF      FARG_SET_MOTOR_MOTOR1+1, 1
;robot_barco_radiocontrolado.mbas,33 :: 		DIR1=0
0x00F0	0x1105      	BCF        PORTA, 2
;robot_barco_radiocontrolado.mbas,34 :: 		NDIR1=1
0x00F1	0x1605      	BSF        PORTA, 4
0x00F2	0x28F5      	GOTO       L_robot_barco_radiocontrolado_SET_MOTOR3
;robot_barco_radiocontrolado.mbas,35 :: 		ELSE
L_robot_barco_radiocontrolado_SET_MOTOR2:
;robot_barco_radiocontrolado.mbas,36 :: 		DIR1=1
0x00F3	0x1505      	BSF        PORTA, 2
;robot_barco_radiocontrolado.mbas,37 :: 		NDIR1=0
0x00F4	0x1205      	BCF        PORTA, 4
;robot_barco_radiocontrolado.mbas,38 :: 		END IF
L_robot_barco_radiocontrolado_SET_MOTOR3:
;robot_barco_radiocontrolado.mbas,40 :: 		IF(MOTOR2<0)THEN
0x00F5	0x3080      	MOVLW      128
0x00F6	0x0625      	XORWF      FARG_SET_MOTOR_MOTOR2+1, 0
0x00F7	0x00F0      	MOVWF      R0
0x00F8	0x3080      	MOVLW      128
0x00F9	0x0270      	SUBWF      R0, 0
0x00FA	0x1D03      	BTFSS      STATUS, 2
0x00FB	0x28FE      	GOTO       L_robot_barco_radiocontrolado_SET_MOTOR72
0x00FC	0x3000      	MOVLW      0
0x00FD	0x0224      	SUBWF      FARG_SET_MOTOR_MOTOR2, 0
L_robot_barco_radiocontrolado_SET_MOTOR72:
0x00FE	0x1803      	BTFSC      STATUS, 0
0x00FF	0x290B      	GOTO       L_robot_barco_radiocontrolado_SET_MOTOR5
;robot_barco_radiocontrolado.mbas,41 :: 		MOTOR2=-MOTOR2
0x0100	0x0824      	MOVF       FARG_SET_MOTOR_MOTOR2, 0
0x0101	0x3C00      	SUBLW      0
0x0102	0x00A4      	MOVWF      FARG_SET_MOTOR_MOTOR2
0x0103	0x0825      	MOVF       FARG_SET_MOTOR_MOTOR2+1, 0
0x0104	0x1C03      	BTFSS      STATUS, 0
0x0105	0x3E01      	ADDLW      1
0x0106	0x01A5      	CLRF       FARG_SET_MOTOR_MOTOR2+1
0x0107	0x02A5      	SUBWF      FARG_SET_MOTOR_MOTOR2+1, 1
;robot_barco_radiocontrolado.mbas,42 :: 		DIR2=0
0x0108	0x1185      	BCF        PORTA, 3
;robot_barco_radiocontrolado.mbas,43 :: 		NDIR2=1
0x0109	0x1685      	BSF        PORTA, 5
0x010A	0x290D      	GOTO       L_robot_barco_radiocontrolado_SET_MOTOR6
;robot_barco_radiocontrolado.mbas,44 :: 		ELSE
L_robot_barco_radiocontrolado_SET_MOTOR5:
;robot_barco_radiocontrolado.mbas,45 :: 		DIR2=1
0x010B	0x1585      	BSF        PORTA, 3
;robot_barco_radiocontrolado.mbas,46 :: 		NDIR2=0
0x010C	0x1285      	BCF        PORTA, 5
;robot_barco_radiocontrolado.mbas,47 :: 		END IF
L_robot_barco_radiocontrolado_SET_MOTOR6:
;robot_barco_radiocontrolado.mbas,48 :: 		PWM1_Set_Duty(MOTOR1)
0x010D	0x0826      	MOVF       FARG_SET_MOTOR_MOTOR1, 0
0x010E	0x00A8      	MOVWF      FARG_PWM1_Set_Duty_new_duty
0x010F	0x206D      	CALL       _PWM1_Set_Duty
;robot_barco_radiocontrolado.mbas,49 :: 		PWM2_Set_Duty(MOTOR2)
0x0110	0x0824      	MOVF       FARG_SET_MOTOR_MOTOR2, 0
0x0111	0x00A8      	MOVWF      FARG_PWM2_Set_Duty_new_duty
0x0112	0x202E      	CALL       _PWM2_Set_Duty
0x0113	0x0008      	RETURN
; end of robot_barco_radiocontrolado_SET_MOTOR
_PWM1_Init:
;__Lib_PWM_c21.mpas,15 :: 		
;__Lib_PWM_c21.mpas,17 :: 		
0x0114	0x1283      	BCF        STATUS, 5
0x0115	0x1303      	BCF        STATUS, 6
0x0116	0x0195      	CLRF       CCPR1L
;__Lib_PWM_c21.mpas,18 :: 		
0x0117	0x1217      	BCF        CCP1CON, 4
;__Lib_PWM_c21.mpas,19 :: 		
0x0118	0x1297      	BCF        CCP1CON, 5
;__Lib_PWM_c21.mpas,20 :: 		
0x0119	0x0008      	RETURN
; end of _PWM1_Init
_UART1_Read:
;__Lib_UART_c67.mpas,54 :: 		
;__Lib_UART_c67.mpas,55 :: 		
0x011A	0x1283      	BCF        STATUS, 5
0x011B	0x1303      	BCF        STATUS, 6
0x011C	0x081A      	MOVF       RCREG, 0
0x011D	0x00F2      	MOVWF      R2
;__Lib_UART_c67.mpas,56 :: 		
0x011E	0x1C98      	BTFSS      RCSTA, 1
0x011F	0x2922      	GOTO       L__UART1_Read9
;__Lib_UART_c67.mpas,58 :: 		
0x0120	0x1218      	BCF        RCSTA, 4
;__Lib_UART_c67.mpas,59 :: 		
0x0121	0x1618      	BSF        RCSTA, 4
;__Lib_UART_c67.mpas,60 :: 		
L__UART1_Read9:
;__Lib_UART_c67.mpas,61 :: 		
0x0122	0x0872      	MOVF       R2, 0
0x0123	0x00F1      	MOVWF      R1
;__Lib_UART_c67.mpas,62 :: 		
0x0124	0x0871      	MOVF       R1, 0
0x0125	0x00F0      	MOVWF      R0
0x0126	0x0008      	RETURN
; end of _UART1_Read
_main:
;robot_barco_radiocontrolado.mbas,115 :: 		main:
;robot_barco_radiocontrolado.mbas,116 :: 		OSCCON = 0X65
0x0127	0x3065      	MOVLW      101
0x0128	0x1683      	BSF        STATUS, 5
0x0129	0x1303      	BCF        STATUS, 6
0x012A	0x008F      	MOVWF      OSCCON
;robot_barco_radiocontrolado.mbas,118 :: 		OPTION_REG = %10000110
0x012B	0x3086      	MOVLW      134
0x012C	0x0081      	MOVWF      OPTION_REG
;robot_barco_radiocontrolado.mbas,120 :: 		TRISA = %10000011
0x012D	0x3083      	MOVLW      131
0x012E	0x0085      	MOVWF      TRISA
;robot_barco_radiocontrolado.mbas,121 :: 		PORTA = %00000000
0x012F	0x1283      	BCF        STATUS, 5
0x0130	0x0185      	CLRF       PORTA
;robot_barco_radiocontrolado.mbas,124 :: 		TRISB = %00000000  'PIN RB1,RB2  ENTRADAS PARA SENSAR CORRIENTE DE MOTORES
0x0131	0x1683      	BSF        STATUS, 5
0x0132	0x0186      	CLRF       TRISB
;robot_barco_radiocontrolado.mbas,125 :: 		PORTB = %00000000
0x0133	0x1283      	BCF        STATUS, 5
0x0134	0x0186      	CLRF       PORTB
;robot_barco_radiocontrolado.mbas,128 :: 		TRISC = %10010001
0x0135	0x3091      	MOVLW      145
0x0136	0x1683      	BSF        STATUS, 5
0x0137	0x0087      	MOVWF      TRISC
;robot_barco_radiocontrolado.mbas,129 :: 		PORTC = %00000000
0x0138	0x1283      	BCF        STATUS, 5
0x0139	0x0187      	CLRF       PORTC
;robot_barco_radiocontrolado.mbas,131 :: 		ANSEL =  %00000000 ' RE1-RE2 ANALOGICO, RESTO DIGITALES
0x013A	0x1683      	BSF        STATUS, 5
0x013B	0x1703      	BSF        STATUS, 6
0x013C	0x0188      	CLRF       ANSEL
;robot_barco_radiocontrolado.mbas,132 :: 		ANSELH = %00000000
0x013D	0x0189      	CLRF       ANSELH
;robot_barco_radiocontrolado.mbas,133 :: 		UART1_Init(9600)
0x013E	0x3033      	MOVLW      51
0x013F	0x1303      	BCF        STATUS, 6
0x0140	0x0099      	MOVWF      SPBRG
0x0141	0x1518      	BSF        TXSTA, 2
0x0142	0x20B2      	CALL       _UART1_Init
;robot_barco_radiocontrolado.mbas,135 :: 		PWM1_Init(1000)
0x0143	0x1012      	BCF        T2CON, 0
0x0144	0x1092      	BCF        T2CON, 1
0x0145	0x1412      	BSF        T2CON, 0
0x0146	0x1492      	BSF        T2CON, 1
0x0147	0x307C      	MOVLW      124
0x0148	0x1683      	BSF        STATUS, 5
0x0149	0x0092      	MOVWF      PR2
0x014A	0x2114      	CALL       _PWM1_Init
;robot_barco_radiocontrolado.mbas,136 :: 		PWM2_Init (1000)
0x014B	0x1012      	BCF        T2CON, 0
0x014C	0x1092      	BCF        T2CON, 1
0x014D	0x1412      	BSF        T2CON, 0
0x014E	0x1492      	BSF        T2CON, 1
0x014F	0x307C      	MOVLW      124
0x0150	0x1683      	BSF        STATUS, 5
0x0151	0x0092      	MOVWF      PR2
0x0152	0x20AC      	CALL       _PWM2_Init
;robot_barco_radiocontrolado.mbas,137 :: 		PWM1_Start ()
0x0153	0x20C2      	CALL       _PWM1_Start
;robot_barco_radiocontrolado.mbas,138 :: 		PWM2_Start ()
0x0154	0x20CA      	CALL       _PWM2_Start
;robot_barco_radiocontrolado.mbas,139 :: 		PWM1_Set_Duty (0)
0x0155	0x01A8      	CLRF       FARG_PWM1_Set_Duty_new_duty
0x0156	0x206D      	CALL       _PWM1_Set_Duty
;robot_barco_radiocontrolado.mbas,140 :: 		PWM2_Set_Duty (0)
0x0157	0x01A8      	CLRF       FARG_PWM2_Set_Duty_new_duty
0x0158	0x202E      	CALL       _PWM2_Set_Duty
;robot_barco_radiocontrolado.mbas,141 :: 		SET_MOTOR(255,255)
0x0159	0x30FF      	MOVLW      255
0x015A	0x00A4      	MOVWF      FARG_SET_MOTOR_MOTOR2
0x015B	0x01A5      	CLRF       FARG_SET_MOTOR_MOTOR2+1
0x015C	0x30FF      	MOVLW      255
0x015D	0x00A6      	MOVWF      FARG_SET_MOTOR_MOTOR1
0x015E	0x01A7      	CLRF       FARG_SET_MOTOR_MOTOR1+1
0x015F	0x20DB      	CALL       robot_barco_radiocontrolado_SET_MOTOR
;robot_barco_radiocontrolado.mbas,142 :: 		Delay_ms(500)
0x0160	0x3006      	MOVLW      6
0x0161	0x00FB      	MOVWF      R11
0x0162	0x3013      	MOVLW      19
0x0163	0x00FC      	MOVWF      R12
0x0164	0x30AD      	MOVLW      173
0x0165	0x00FD      	MOVWF      R13
L__main52:
0x0166	0x0BFD      	DECFSZ     R13, 1
0x0167	0x2966      	GOTO       L__main52
0x0168	0x0BFC      	DECFSZ     R12, 1
0x0169	0x2966      	GOTO       L__main52
0x016A	0x0BFB      	DECFSZ     R11, 1
0x016B	0x2966      	GOTO       L__main52
0x016C	0x0000      	NOP
0x016D	0x0000      	NOP
;robot_barco_radiocontrolado.mbas,143 :: 		SET_MOTOR(0,0)
0x016E	0x01A4      	CLRF       FARG_SET_MOTOR_MOTOR2
0x016F	0x01A5      	CLRF       FARG_SET_MOTOR_MOTOR2+1
0x0170	0x01A6      	CLRF       FARG_SET_MOTOR_MOTOR1
0x0171	0x01A7      	CLRF       FARG_SET_MOTOR_MOTOR1+1
0x0172	0x20DB      	CALL       robot_barco_radiocontrolado_SET_MOTOR
;robot_barco_radiocontrolado.mbas,144 :: 		dato=0
0x0173	0x01A1      	CLRF       _dato
;robot_barco_radiocontrolado.mbas,145 :: 		dato_recep=0
0x0174	0x01A0      	CLRF       _dato_recep
;robot_barco_radiocontrolado.mbas,146 :: 		PORTB=0XFF
0x0175	0x30FF      	MOVLW      255
0x0176	0x0086      	MOVWF      PORTB
;robot_barco_radiocontrolado.mbas,147 :: 		Delay_ms(500)
0x0177	0x3006      	MOVLW      6
0x0178	0x00FB      	MOVWF      R11
0x0179	0x3013      	MOVLW      19
0x017A	0x00FC      	MOVWF      R12
0x017B	0x30AD      	MOVLW      173
0x017C	0x00FD      	MOVWF      R13
L__main53:
0x017D	0x0BFD      	DECFSZ     R13, 1
0x017E	0x297D      	GOTO       L__main53
0x017F	0x0BFC      	DECFSZ     R12, 1
0x0180	0x297D      	GOTO       L__main53
0x0181	0x0BFB      	DECFSZ     R11, 1
0x0182	0x297D      	GOTO       L__main53
0x0183	0x0000      	NOP
0x0184	0x0000      	NOP
;robot_barco_radiocontrolado.mbas,148 :: 		PORTB=0X00
0x0185	0x0186      	CLRF       PORTB
;robot_barco_radiocontrolado.mbas,149 :: 		WHILE(1)
L__main55:
;robot_barco_radiocontrolado.mbas,150 :: 		if (UART1_Data_Ready() = 1) then
0x0186	0x20D2      	CALL       _UART1_Data_Ready
0x0187	0x0870      	MOVF       R0, 0
0x0188	0x3A01      	XORLW      1
0x0189	0x1D03      	BTFSS      STATUS, 2
0x018A	0x2990      	GOTO       L__main60
;robot_barco_radiocontrolado.mbas,151 :: 		dato_recep = UART1_Read()
0x018B	0x211A      	CALL       _UART1_Read
0x018C	0x0870      	MOVF       R0, 0
0x018D	0x00A0      	MOVWF      _dato_recep
;robot_barco_radiocontrolado.mbas,152 :: 		dato= dato_recep
0x018E	0x0870      	MOVF       R0, 0
0x018F	0x00A1      	MOVWF      _dato
L__main60:
;robot_barco_radiocontrolado.mbas,157 :: 		if dato="W" then     'IZQUIERDA
0x0190	0x0821      	MOVF       _dato, 0
0x0191	0x3A57      	XORLW      87
0x0192	0x1D03      	BTFSS      STATUS, 2
0x0193	0x299D      	GOTO       L__main63
;robot_barco_radiocontrolado.mbas,158 :: 		SET_MOTOR(255,255)
0x0194	0x30FF      	MOVLW      255
0x0195	0x00A4      	MOVWF      FARG_SET_MOTOR_MOTOR2
0x0196	0x01A5      	CLRF       FARG_SET_MOTOR_MOTOR2+1
0x0197	0x30FF      	MOVLW      255
0x0198	0x00A6      	MOVWF      FARG_SET_MOTOR_MOTOR1
0x0199	0x01A7      	CLRF       FARG_SET_MOTOR_MOTOR1+1
0x019A	0x20DB      	CALL       robot_barco_radiocontrolado_SET_MOTOR
;robot_barco_radiocontrolado.mbas,159 :: 		PORTB=0XFF
0x019B	0x30FF      	MOVLW      255
0x019C	0x0086      	MOVWF      PORTB
L__main63:
;robot_barco_radiocontrolado.mbas,161 :: 		if dato="X" then     'DERECHA
0x019D	0x0821      	MOVF       _dato, 0
0x019E	0x3A58      	XORLW      88
0x019F	0x1D03      	BTFSS      STATUS, 2
0x01A0	0x29AB      	GOTO       L__main66
;robot_barco_radiocontrolado.mbas,162 :: 		SET_MOTOR(-255,-255)
0x01A1	0x3001      	MOVLW      1
0x01A2	0x00A4      	MOVWF      FARG_SET_MOTOR_MOTOR2
0x01A3	0x30FF      	MOVLW      255
0x01A4	0x00A5      	MOVWF      FARG_SET_MOTOR_MOTOR2+1
0x01A5	0x3001      	MOVLW      1
0x01A6	0x00A6      	MOVWF      FARG_SET_MOTOR_MOTOR1
0x01A7	0x30FF      	MOVLW      255
0x01A8	0x00A7      	MOVWF      FARG_SET_MOTOR_MOTOR1+1
0x01A9	0x20DB      	CALL       robot_barco_radiocontrolado_SET_MOTOR
;robot_barco_radiocontrolado.mbas,163 :: 		PORTB=0X00
0x01AA	0x0186      	CLRF       PORTB
L__main66:
;robot_barco_radiocontrolado.mbas,165 :: 		if dato="S" then     'PARAR
0x01AB	0x0821      	MOVF       _dato, 0
0x01AC	0x3A53      	XORLW      83
0x01AD	0x1D03      	BTFSS      STATUS, 2
0x01AE	0x29B4      	GOTO       L__main69
;robot_barco_radiocontrolado.mbas,166 :: 		SET_MOTOR(0,0)
0x01AF	0x01A4      	CLRF       FARG_SET_MOTOR_MOTOR2
0x01B0	0x01A5      	CLRF       FARG_SET_MOTOR_MOTOR2+1
0x01B1	0x01A6      	CLRF       FARG_SET_MOTOR_MOTOR1
0x01B2	0x01A7      	CLRF       FARG_SET_MOTOR_MOTOR1+1
0x01B3	0x20DB      	CALL       robot_barco_radiocontrolado_SET_MOTOR
L__main69:
;robot_barco_radiocontrolado.mbas,170 :: 		WEND
0x01B4	0x2986      	GOTO       L__main55
0x01B5	0x29B5      	GOTO       $+0
; end of _main
Symbol List:
//** Routines locations **
//ADDRESS    SIZE    PROCEDURE
//----------------------------------------------
0x0003      [43]    _Mul_16x16_U
0x002E      [63]    _PWM2_Set_Duty
0x006D      [63]    _PWM1_Set_Duty
0x00AC       [6]    _PWM2_Init
0x00B2      [16]    _UART1_Init
0x00C2       [8]    _PWM1_Start
0x00CA       [8]    _PWM2_Start
0x00D2       [9]    _UART1_Data_Ready
0x00DB      [57]    robot_barco_radiocontrolado_SET_MOTOR
0x0114       [6]    _PWM1_Init
0x011A      [13]    _UART1_Read
0x0127     [143]    _main
//** Variables locations ** 
//ADDRESS    SIZE    VARIABLE
//----------------------------------------------
0x0000       [1]    INDF
0x0001       [1]    TMR0
0x0002       [1]    PCL
0x0003       [0]    C_bit
0x0003       [0]    IRP_bit
0x0003       [0]    Z_bit
0x0003       [0]    DC_bit
0x0003       [1]    STATUS
0x0003       [0]    RP0_bit
0x0003       [0]    NOT_TO_bit
0x0003       [0]    NOT_PD_bit
0x0003       [0]    RP1_bit
0x0004       [1]    FSR
0x0004       [1]    FSRPTR
0x0005       [0]    RA1_bit
0x0005       [0]    RA2_bit
0x0005       [1]    PORTA
0x0005       [0]    RA0_bit
0x0005       [0]    RA3_bit
0x0005       [0]    RA6_bit
0x0005       [0]    RA7_bit
0x0005       [0]    RA4_bit
0x0005       [0]    RA5_bit
0x0006       [0]    RB1_bit
0x0006       [0]    RB2_bit
0x0006       [1]    PORTB
0x0006       [0]    RB0_bit
0x0006       [0]    RB6_bit
0x0006       [0]    RB7_bit
0x0006       [0]    RB5_bit
0x0006       [0]    RB3_bit
0x0006       [0]    RB4_bit
0x0007       [1]    PORTC
0x0007       [0]    RC2_bit
0x0007       [0]    RC3_bit
0x0007       [0]    RC0_bit
0x0007       [0]    RC1_bit
0x0007       [0]    RC6_bit
0x0007       [0]    RC7_bit
0x0007       [0]    RC4_bit
0x0007       [0]    RC5_bit
0x0009       [1]    PORTE
0x0009       [0]    RE3_bit
0x000A       [1]    PCLATH
0x000B       [0]    T0IF_bit
0x000B       [0]    RBIE_bit
0x000B       [0]    TMR0IF_bit
0x000B       [0]    RBIF_bit
0x000B       [0]    INTF_bit
0x000B       [0]    INTE_bit
0x000B       [0]    GIE_bit
0x000B       [1]    INTCON
0x000B       [0]    PEIE_bit
0x000B       [0]    TMR0IE_bit
0x000B       [0]    T0IE_bit
0x000C       [0]    CCP1IF_bit
0x000C       [0]    SSPIF_bit
0x000C       [0]    TMR2IF_bit
0x000C       [0]    TMR1IF_bit
0x000C       [1]    PIR1
0x000C       [0]    TXIF_bit
0x000C       [0]    ADIF_bit
0x000C       [0]    RCIF_bit
0x000D       [0]    BCLIF_bit
0x000D       [0]    CCP2IF_bit
0x000D       [0]    ULPWUIF_bit
0x000D       [0]    EEIF_bit
0x000D       [0]    C1IF_bit
0x000D       [0]    OSFIF_bit
0x000D       [0]    C2IF_bit
0x000D       [1]    PIR2
0x000E       [1]    TMR1L
0x000F       [1]    TMR1H
0x0010       [0]    NOT_T1SYNC_bit
0x0010       [0]    T1OSCEN_bit
0x0010       [0]    T1CKPS0_bit
0x0010       [0]    T1INSYNC_bit
0x0010       [0]    TMR1ON_bit
0x0010       [0]    TMR1CS_bit
0x0010       [0]    T1SYNC_bit
0x0010       [0]    T1CKPS1_bit
0x0010       [1]    T1CON
0x0010       [0]    T1GINV_bit
0x0010       [0]    TMR1GE_bit
0x0011       [1]    TMR2
0x0012       [0]    TOUTPS0_bit
0x0012       [0]    TOUTPS1_bit
0x0012       [0]    TMR2ON_bit
0x0012       [0]    T2CKPS1_bit
0x0012       [0]    T2CKPS0_bit
0x0012       [1]    T2CON
0x0012       [0]    TOUTPS3_bit
0x0012       [0]    TOUTPS2_bit
0x0013       [1]    SSPBUF
0x0014       [0]    SSPM2_bit
0x0014       [0]    SSPM3_bit
0x0014       [0]    SSPM0_bit
0x0014       [0]    SSPM1_bit
0x0014       [0]    CKP_bit
0x0014       [0]    WCOL_bit
0x0014       [1]    SSPCON
0x0014       [0]    SSPEN_bit
0x0014       [0]    SSPOV_bit
0x0015       [1]    CCPR1L
0x0015       [2]    CCPR1
0x0016       [1]    CCPR1H
0x0017       [0]    CCP1X_bit
0x0017       [0]    DC1B0_bit
0x0017       [0]    CCP1Y_bit
0x0017       [0]    CCP1M1_bit
0x0017       [0]    CCP1M0_bit
0x0017       [0]    CCP1M3_bit
0x0017       [0]    CCP1M2_bit
0x0017       [0]    DC1B1_bit
0x0017       [1]    CCP1CON
0x0017       [0]    P1M1_bit
0x0017       [0]    P1M0_bit
0x0018       [0]    RC8_9_bit
0x0018       [0]    SREN_bit
0x0018       [0]    NOT_RC8_bit
0x0018       [0]    RC9_bit
0x0018       [0]    RCD8_bit
0x0018       [0]    ADDEN_bit
0x0018       [0]    CREN_bit
0x0018       [0]    FERR_bit
0x0018       [0]    RX9D_bit
0x0018       [0]    OERR_bit
0x0018       [0]    RX9_bit
0x0018       [1]    RCSTA
0x0018       [0]    SPEN_bit
0x0019       [1]    TXREG
0x001A       [1]    RCREG
0x001B       [2]    CCPR2
0x001B       [1]    CCPR2L
0x001C       [1]    CCPR2H
0x001D       [0]    CCP2X_bit
0x001D       [1]    CCP2CON
0x001D       [0]    CCP2M3_bit
0x001D       [0]    CCP2M1_bit
0x001D       [0]    CCP2M2_bit
0x001D       [0]    DC2B0_bit
0x001D       [0]    DC2B1_bit
0x001D       [0]    CCP2Y_bit
0x001D       [0]    CCP2M0_bit
0x001E       [1]    ADRESH
0x001F       [0]    ADON_bit
0x001F       [0]    GO_DONE_bit
0x001F       [1]    ADCON0
0x001F       [0]    CHS3_bit
0x001F       [0]    NOT_DONE_bit
0x001F       [0]    CHS1_bit
0x001F       [0]    CHS2_bit
0x001F       [0]    GO_bit
0x001F       [0]    CHS0_bit
0x001F       [0]    ADCS1_bit
0x001F       [0]    ADCS0_bit
0x0020       [1]    _dato_recep
0x0021       [1]    _dato
0x0022       [2]    ___DoICPAddr
0x0024       [4]    FARG_PWM2_Init_PWM_Freq
0x0024       [2]    FARG_SET_MOTOR_MOTOR2
0x0024       [4]    FARG_PWM1_Init_PWM_Freq
0x0026       [2]    FARG_SET_MOTOR_MOTOR1
0x0028       [1]    FARG_PWM1_Set_Duty_new_duty
0x0028       [1]    FARG_PWM2_Set_Duty_new_duty
0x0070       [1]    R0
0x0071       [1]    R1
0x0072       [1]    R2
0x0073       [1]    R3
0x0074       [1]    R4
0x0075       [1]    R5
0x0076       [1]    R6
0x0077       [1]    R7
0x0078       [1]    R8
0x0079       [1]    R9
0x007A       [1]    R10
0x007B       [1]    R11
0x007C       [1]    R12
0x007D       [1]    R13
0x007E       [1]    R14
0x007F       [1]    R15
0x0081       [0]    T0CS_bit
0x0081       [0]    INTEDG_bit
0x0081       [0]    NOT_RBPU_bit
0x0081       [0]    PS0_bit
0x0081       [0]    PS1_bit
0x0081       [0]    T0SE_bit
0x0081       [0]    PSA_bit
0x0081       [0]    PS2_bit
0x0081       [1]    OPTION_REG
0x0085       [0]    TRISA2_bit
0x0085       [0]    TRISA3_bit
0x0085       [1]    TRISA
0x0085       [0]    TRISA0_bit
0x0085       [0]    TRISA1_bit
0x0085       [0]    TRISA7_bit
0x0085       [0]    TRISA6_bit
0x0085       [0]    TRISA4_bit
0x0085       [0]    TRISA5_bit
0x0086       [0]    TRISB0_bit
0x0086       [0]    TRISB4_bit
0x0086       [0]    TRISB5_bit
0x0086       [0]    TRISB6_bit
0x0086       [0]    TRISB7_bit
0x0086       [0]    TRISB1_bit
0x0086       [0]    TRISB2_bit
0x0086       [0]    TRISB3_bit
0x0086       [1]    TRISB
0x0087       [1]    TRISC
0x0087       [0]    TRISC7_bit
0x0087       [0]    TRISC2_bit
0x0087       [0]    TRISC5_bit
0x0087       [0]    TRISC4_bit
0x0087       [0]    TRISC3_bit
0x0087       [0]    TRISC1_bit
0x0087       [0]    TRISC6_bit
0x0087       [0]    TRISC0_bit
0x0089       [0]    TRISE3_bit
0x0089       [1]    TRISE
0x008C       [0]    SSPIE_bit
0x008C       [0]    CCP1IE_bit
0x008C       [0]    TMR2IE_bit
0x008C       [0]    TXIE_bit
0x008C       [1]    PIE1
0x008C       [0]    ADIE_bit
0x008C       [0]    RCIE_bit
0x008C       [0]    TMR1IE_bit
0x008D       [0]    C2IE_bit
0x008D       [1]    PIE2
0x008D       [0]    BCLIE_bit
0x008D       [0]    C1IE_bit
0x008D       [0]    CCP2IE_bit
0x008D       [0]    ULPWUIE_bit
0x008D       [0]    OSFIE_bit
0x008D       [0]    EEIE_bit
0x008E       [0]    NOT_BO_bit
0x008E       [1]    PCON
0x008E       [0]    NOT_BOR_bit
0x008E       [0]    NOT_POR_bit
0x008E       [0]    SBOREN_bit
0x008E       [0]    ULPWUE_bit
0x008F       [0]    IRCF2_bit
0x008F       [0]    HTS_bit
0x008F       [0]    OSTS_bit
0x008F       [0]    SCS_bit
0x008F       [0]    LTS_bit
0x008F       [1]    OSCCON
0x008F       [0]    IRCF1_bit
0x008F       [0]    IRCF0_bit
0x0090       [0]    TUN2_bit
0x0090       [0]    TUN3_bit
0x0090       [0]    TUN4_bit
0x0090       [1]    OSCTUNE
0x0090       [0]    TUN0_bit
0x0090       [0]    TUN1_bit
0x0091       [0]    SEN_bit
0x0091       [0]    ACKDT_bit
0x0091       [0]    ACKEN_bit
0x0091       [1]    SSPCON2
0x0091       [0]    GCEN_bit
0x0091       [0]    ACKSTAT_bit
0x0091       [0]    PEN_bit
0x0091       [0]    RSEN_bit
0x0091       [0]    RCEN_bit
0x0092       [1]    PR2
0x0093       [1]    SSPADD
0x0093       [1]    SSPMSK
0x0093       [1]    MSK
0x0094       [0]    I2C_DATA_bit
0x0094       [0]    R_W_bit
0x0094       [0]    NOT_A_bit
0x0094       [0]    SMP_bit
0x0094       [0]    I2C_START__bit
0x0094       [0]    D_bit
0x0094       [0]    BF_bit
0x0094       [0]    NOT_WRITE_bit
0x0094       [0]    CKE_bit
0x0094       [1]    SSPSTAT
0x0094       [0]    DATA_ADDRESS_bit
0x0094       [0]    UA_bit
0x0094       [0]    P_bit
0x0094       [0]    I2C_READ_bit
0x0094       [0]    S_bit
0x0094       [0]    READ_WRITE_bit
0x0094       [0]    R_bit
0x0094       [0]    NOT_ADDRESS_bit
0x0094       [0]    NOT_W_bit
0x0094       [0]    D_A_bit
0x0094       [0]    I2C_STOP__bit
0x0095       [0]    WPUB7_bit
0x0095       [0]    WPUB4_bit
0x0095       [0]    WPUB3_bit
0x0095       [1]    WPUB
0x0095       [0]    WPUB6_bit
0x0095       [0]    WPUB5_bit
0x0095       [0]    WPUB0_bit
0x0095       [0]    WPUB1_bit
0x0095       [0]    WPUB2_bit
0x0096       [0]    IOCB7_bit
0x0096       [0]    IOCB3_bit
0x0096       [0]    IOCB4_bit
0x0096       [0]    IOCB5_bit
0x0096       [0]    IOCB6_bit
0x0096       [0]    IOCB1_bit
0x0096       [0]    IOCB0_bit
0x0096       [1]    IOCB
0x0096       [0]    IOCB2_bit
0x0097       [1]    VRCON
0x0097       [0]    VRSS_bit
0x0097       [0]    VR2_bit
0x0097       [0]    VR1_bit
0x0097       [0]    VR3_bit
0x0097       [0]    VROE_bit
0x0097       [0]    VREN_bit
0x0097       [0]    VRR_bit
0x0097       [0]    VR0_bit
0x0098       [0]    TX9_bit
0x0098       [0]    CSRC_bit
0x0098       [0]    NOT_TX8_bit
0x0098       [0]    SYNC_bit
0x0098       [0]    SENDB_bit
0x0098       [0]    TX8_9_bit
0x0098       [0]    TXEN_bit
0x0098       [0]    TX9D_bit
0x0098       [0]    TRMT_bit
0x0098       [0]    BRGH_bit
0x0098       [1]    TXSTA
0x0098       [0]    TXD8_bit
0x0099       [1]    SPBRG
0x0099       [0]    BRG0_bit
0x0099       [0]    BRG1_bit
0x0099       [0]    BRG6_bit
0x0099       [0]    BRG7_bit
0x0099       [0]    BRG5_bit
0x0099       [0]    BRG4_bit
0x0099       [0]    BRG3_bit
0x0099       [0]    BRG2_bit
0x009A       [0]    BRG12_bit
0x009A       [0]    BRG8_bit
0x009A       [0]    BRG11_bit
0x009A       [0]    BRG9_bit
0x009A       [0]    BRG10_bit
0x009A       [0]    BRG15_bit
0x009A       [1]    SPBRGH
0x009A       [0]    BRG13_bit
0x009A       [0]    BRG14_bit
0x009B       [0]    PDC2_bit
0x009B       [0]    PDC3_bit
0x009B       [0]    PDC1_bit
0x009B       [0]    PDC0_bit
0x009B       [1]    PWM1CON
0x009B       [0]    PDC4_bit
0x009B       [0]    PRSEN_bit
0x009B       [0]    PDC6_bit
0x009B       [0]    PDC5_bit
0x009C       [0]    PSSAC1_bit
0x009C       [0]    PSSAC0_bit
0x009C       [0]    ECCPAS1_bit
0x009C       [0]    ECCPAS0_bit
0x009C       [0]    ECCPAS2_bit
0x009C       [0]    ECCPASE_bit
0x009C       [0]    PSSBD0_bit
0x009C       [0]    PSSBD1_bit
0x009C       [1]    ECCPAS
0x009D       [0]    STRB_bit
0x009D       [1]    PSTRCON
0x009D       [0]    STRA_bit
0x009D       [0]    STRSYNC_bit
0x009D       [0]    STRD_bit
0x009D       [0]    STRC_bit
0x009E       [1]    ADRESL
0x009F       [1]    ADCON1
0x009F       [0]    VCFG0_bit
0x009F       [0]    ADFM_bit
0x009F       [0]    VCFG1_bit
0x0105       [0]    SWDTEN_bit
0x0105       [0]    WDTPS0_bit
0x0105       [0]    WDTPS3_bit
0x0105       [0]    WDTPS2_bit
0x0105       [0]    WDTPS1_bit
0x0105       [1]    WDTCON
0x0107       [0]    C1R_bit
0x0107       [0]    C1POL_bit
0x0107       [0]    C1CH1_bit
0x0107       [0]    C1OE_bit
0x0107       [0]    C1OUT_bit
0x0107       [0]    C1ON_bit
0x0107       [0]    C1CH0_bit
0x0107       [1]    CM1CON0
0x0108       [0]    C2R_bit
0x0108       [0]    C2POL_bit
0x0108       [0]    C2CH0_bit
0x0108       [0]    C2CH1_bit
0x0108       [0]    C2OE_bit
0x0108       [1]    CM2CON0
0x0108       [0]    C2ON_bit
0x0108       [0]    C2OUT_bit
0x0109       [0]    C2RSEL_bit
0x0109       [0]    T1GSS_bit
0x0109       [0]    C2SYNC_bit
0x0109       [0]    MC1OUT_bit
0x0109       [0]    MC2OUT_bit
0x0109       [0]    C1RSEL_bit
0x0109       [1]    CM2CON1
0x010C       [1]    EEDAT
0x010C       [1]    EEDATA
0x010D       [1]    EEADR
0x010E       [1]    EEDATH
0x010F       [1]    EEADRH
0x0185       [0]    PULSS_bit
0x0185       [0]    C2REN_bit
0x0185       [0]    PULSR_bit
0x0185       [0]    FVREN_bit
0x0185       [0]    SR1_bit
0x0185       [1]    SRCON
0x0185       [0]    C1SEN_bit
0x0185       [0]    SR0_bit
0x0187       [0]    BRG16_bit
0x0187       [0]    WUE_bit
0x0187       [0]    ABDEN_bit
0x0187       [0]    SCKP_bit
0x0187       [1]    BAUDCTL
0x0187       [0]    ABDOVF_bit
0x0187       [0]    RCIDL_bit
0x0188       [0]    ANS1_bit
0x0188       [0]    ANS0_bit
0x0188       [1]    ANSEL
0x0188       [0]    ANS4_bit
0x0188       [0]    ANS3_bit
0x0188       [0]    ANS2_bit
0x0189       [0]    ANS10_bit
0x0189       [0]    ANS9_bit
0x0189       [0]    ANS8_bit
0x0189       [0]    ANS11_bit
0x0189       [1]    ANSELH
0x0189       [0]    ANS13_bit
0x0189       [0]    ANS12_bit
0x018C       [0]    EEPGD_bit
0x018C       [0]    RD_bit
0x018C       [1]    EECON1
0x018C       [0]    WR_bit
0x018C       [0]    WRERR_bit
0x018C       [0]    WREN_bit
0x018D       [1]    EECON2
//** Label List: ** 
//----------------------------------------------
  L_end_robot_barco_radiocontrolado_SET_MOTOR
  L_robot_barco_radiocontrolado_SET_MOTOR1
  L_robot_barco_radiocontrolado_SET_MOTOR2
  L_robot_barco_radiocontrolado_SET_MOTOR3
  L_robot_barco_radiocontrolado_SET_MOTOR4
  L_robot_barco_radiocontrolado_SET_MOTOR5
  L_robot_barco_radiocontrolado_SET_MOTOR6
  L_end_robot_barco_radiocontrolado_ultrasonico1
  L_robot_barco_radiocontrolado_ultrasonico18
  L_robot_barco_radiocontrolado_ultrasonico19
  L_robot_barco_radiocontrolado_ultrasonico110
  L_robot_barco_radiocontrolado_ultrasonico111
  L_robot_barco_radiocontrolado_ultrasonico112
  L_robot_barco_radiocontrolado_ultrasonico113
  L_robot_barco_radiocontrolado_ultrasonico114
  L_robot_barco_radiocontrolado_ultrasonico115
  L_robot_barco_radiocontrolado_ultrasonico116
  L_robot_barco_radiocontrolado_ultrasonico117
  L_robot_barco_radiocontrolado_ultrasonico118
  L_robot_barco_radiocontrolado_ultrasonico119
  L_robot_barco_radiocontrolado_ultrasonico120
  L_robot_barco_radiocontrolado_ultrasonico121
  L_robot_barco_radiocontrolado_ultrasonico122
  L_robot_barco_radiocontrolado_ultrasonico123
  L_robot_barco_radiocontrolado_ultrasonico124
  L_robot_barco_radiocontrolado_ultrasonico125
  L_robot_barco_radiocontrolado_ultrasonico126
  L_robot_barco_radiocontrolado_ultrasonico127
  L_robot_barco_radiocontrolado_ultrasonico128
  L_end_robot_barco_radiocontrolado_ultrasonico2
  L_robot_barco_radiocontrolado_ultrasonico230
  L_robot_barco_radiocontrolado_ultrasonico231
  L_robot_barco_radiocontrolado_ultrasonico232
  L_robot_barco_radiocontrolado_ultrasonico233
  L_robot_barco_radiocontrolado_ultrasonico234
  L_robot_barco_radiocontrolado_ultrasonico235
  L_robot_barco_radiocontrolado_ultrasonico236
  L_robot_barco_radiocontrolado_ultrasonico237
  L_robot_barco_radiocontrolado_ultrasonico238
  L_robot_barco_radiocontrolado_ultrasonico239
  L_robot_barco_radiocontrolado_ultrasonico240
  L_robot_barco_radiocontrolado_ultrasonico241
  L_robot_barco_radiocontrolado_ultrasonico242
  L_robot_barco_radiocontrolado_ultrasonico243
  L_robot_barco_radiocontrolado_ultrasonico244
  L_robot_barco_radiocontrolado_ultrasonico245
  L_robot_barco_radiocontrolado_ultrasonico246
  L_robot_barco_radiocontrolado_ultrasonico247
  L_robot_barco_radiocontrolado_ultrasonico248
  L_robot_barco_radiocontrolado_ultrasonico249
  L_robot_barco_radiocontrolado_ultrasonico250
  L_end__main
  L__main52
  L__main53
  L__main54
  L__main55
  L__main56
  L__main57
  L__main58
  L__main59
  L__main60
  L__main61
  L__main62
  L__main63
  L__main64
  L__main65
  L__main66
  L__main67
  L__main68
  L__main69
  L__main70
  robot_barco_radiocontrolado_SET_MOTOR
  L_robot_barco_radiocontrolado_SET_MOTOR71
  L_robot_barco_radiocontrolado_SET_MOTOR72
  robot_barco_radiocontrolado_ultrasonico1
  L_robot_barco_radiocontrolado_ultrasonico173
  L_robot_barco_radiocontrolado_ultrasonico174
  robot_barco_radiocontrolado_ultrasonico2
  L_robot_barco_radiocontrolado_ultrasonico275
  L_robot_barco_radiocontrolado_ultrasonico276
  _main
  L_end__Mul_8x8_U
  L_end__Mul_16x16_U
  L_end__Div_8x8_U
  L__Div_8x8_U3
  L__Div_8x8_U4
  L__Div_8x8_U5
  L_end__Div_16x16_U
  L_end__Mul_8x8_S
  L_end__Mul_16x16_S
  L_end__Div_16x16_S_L
  L_end__Div_16x16_S
  L__Div_16x16_S11
  L__Div_16x16_S12
  L__Div_16x16_S13
  L__Div_16x16_S14
  L__Div_16x16_S15
  L__Div_16x16_S16
  L_end__Div_8x8_S
  L_end__SDIV3232L
  LOOPS3232A
  SADD22LA
  SOK22LA
  SADD22L8
  SOK22L8
  LOOPS3232B
  SADD22LB
  SOK22LB
  SADD22L16
  SOK22L16
  LOOPS3232C
  SADD22LC
  SOK22LC
  SADD22L24
  SOK22L24
  LOOPS3232D
  SADD22LD
  SOK22LD
  SOK22L
  L_end__COMFREM
  L_end__Div_32x32_S
  L__Div_32x32_S25
  L__Div_32x32_S26
  L__Div_32x32_S27
  L__Div_32x32_S28
  L__Div_32x32_S29
  L__Div_32x32_S30
  L__Div_32x32_S31
  L__Div_32x32_S32
  L__Div_32x32_S33
  L__Div_32x32_S34
  L__Div_32x32_S35
  L__Div_32x32_S36
  FXD3232S
  END_ALL
  CA3232S
  C3232SX
  C3232SX1
  C3232S
  C3232S2
  C3232SX4
  C3232SOK
  C3232SX3
  C3232SX2
  avoid_comfrem
  L_end__Div_32x32_U
  LOOPU3232A
  UADD22LA
  UOK22LA
  UADD22L8
  UOK22L8
  LOOPU3232B
  UADD22LB
  UOK22LB
  UADD22L16
  UOK22L16
  LOOPU3232C
  UADD22LC
  UOK22LC
  UADD22L24
  UOK22L24
  LOOPU3232D
  UADD22LD
  UOK22LD
  UOK22L
  L_end__Mul_32x32_U
  _NEXT
  _EXIT2
  _LOOP
  _EXIT1
  L_end__Mul_32x32_S
  _IF_FIRST
  _IF_SECOND
  _INVERCE_FIRST
  _MULT
  _INBERSE_SECOND
  _EXIT
  _Mul_8x8_U
  _Mul_16x16_U
  _Div_8x8_U
  _Div_16x16_U
  _Mul_8x8_S
  _Mul_16x16_S
  _Div_16x16_S_L
  _Div_16x16_S
  _Div_8x8_S
  _SDIV3232L
  _COMFREM
  _Div_32x32_S
  _Div_32x32_U
  _Mul_32x32_U
  _Mul_32x32_S
  L_end__PWM1_Init
  L_end__PWM1_Set_Duty
  L_end__PWM1_Start
  L_end__PWM1_Stop
  L_end__PWM2_Init
  L_end__PWM2_Set_Duty
  L_end__PWM2_Start
  L_end__PWM2_Stop
  _PWM1_Init
  _PWM1_Set_Duty
  L__PWM1_Set_Duty8
  L__PWM1_Set_Duty9
  _PWM1_Start
  _PWM1_Stop
  _PWM2_Init
  _PWM2_Set_Duty
  L__PWM2_Set_Duty10
  L__PWM2_Set_Duty11
  _PWM2_Start
  _PWM2_Stop
  L_end__UART1_Init
  L__UART1_Init1
  L__UART1_Init2
  L__UART1_Init3
  L__UART1_Init4
  L__UART1_Init5
  L_end__UART1_Data_Ready
  L_end__UART1_Read
  L__UART1_Read8
  L__UART1_Read9
  L__UART1_Read10
  L_end__UART1_TX_Idle
  L_end__UART1_Write
  L__UART1_Write13
  L__UART1_Write14
  L__UART1_Write15
  L__UART1_Write16
  L__UART1_Write17
  L_end__UART1_Write_Text
  L__UART1_Write_Text19
  L__UART1_Write_Text20
  L__UART1_Write_Text21
  L__UART1_Write_Text22
  L__UART1_Write_Text23
  L_end__UART1_Read_Text
  L__UART1_Read_Text25
  L__UART1_Read_Text26
  L__UART1_Read_Text27
  L__UART1_Read_Text28
  L__UART1_Read_Text29
  L__UART1_Read_Text30
  L__UART1_Read_Text31
  L__UART1_Read_Text32
  L__UART1_Read_Text33
  L__UART1_Read_Text34
  L__UART1_Read_Text35
  L__UART1_Read_Text36
  L__UART1_Read_Text37
  L__UART1_Read_Text38
  L__UART1_Read_Text39
  L__UART1_Read_Text40
  L__UART1_Read_Text41
  L__UART1_Read_Text42
  L__UART1_Read_Text43
  L__UART1_Read_Text44
  L__UART1_Read_Text45
  L__UART1_Read_Text46
  _UART1_Init
  _UART1_Data_Ready
  _UART1_Read
  _UART1_TX_Idle
  _UART1_Write
  _UART1_Write_Text
  _UART1_Read_Text
