;  LST file generated by mikroListExporter - v.2.0 
; Date/Time: 5/3/2013 1:41:32 PM
;----------------------------------------------

;Address Opcode 	ASM
0x0000	0x2A69      	GOTO       617
_____DoICP:
;__Lib_System.mpas,23 :: 		
;__Lib_System.mpas,24 :: 		
0x0003	0x1283      	BCF        STATUS, 5
0x0004	0x1303      	BCF        STATUS, 6
0x0005	0x0824      	MOVF       ___DoICPAddr+1, 0
0x0006	0x008A      	MOVWF      PCLATH
;__Lib_System.mpas,25 :: 		
0x0007	0x0823      	MOVF       ___DoICPAddr, 0
0x0008	0x0082      	MOVWF      PCL
;__Lib_System.mpas,26 :: 		
0x0009	0x0008      	RETURN
; end of _____DoICP
__Lib_PS2_Clock_Enable:
;__Lib_PS2.mpas,372 :: 		
;__Lib_PS2.mpas,373 :: 		
0x000A	0x1683      	BSF        STATUS, 5
0x000B	0x1303      	BCF        STATUS, 6
0x000C	0x1487      	BSF        PS2_Clock_Direction, BitPos(PS2_Clock_Direction+0)
;__Lib_PS2.mpas,374 :: 		
0x000D	0x0008      	RETURN
; end of __Lib_PS2_Clock_Enable
__Lib_PS2_Wait_Falling:
;__Lib_PS2.mpas,351 :: 		
;__Lib_PS2.mpas,352 :: 		
0x000E	0x1283      	BCF        STATUS, 5
0x000F	0x1303      	BCF        STATUS, 6
0x0010	0x01F3      	CLRF       R3
;__Lib_PS2.mpas,353 :: 		
0x0011	0x30FF      	MOVLW      255
0x0012	0x00F5      	MOVWF      R5
;__Lib_PS2.mpas,354 :: 		
L___Lib_PS2_Wait_Falling20:
0x0013	0x0875      	MOVF       R5, 0
0x0014	0x3A00      	XORLW      0
0x0015	0x1903      	BTFSC      STATUS, 2
0x0016	0x282B      	GOTO       L___Lib_PS2_Wait_Falling21
;__Lib_PS2.mpas,356 :: 		
0x0017	0x3000      	MOVLW      0
0x0018	0x1887      	BTFSC      PS2_Clock, BitPos(PS2_Clock+0)
0x0019	0x3001      	MOVLW      1
0x001A	0x00F4      	MOVWF      R4
;__Lib_PS2.mpas,358 :: 		
0x001B	0x0974      	COMF       R4, 0
0x001C	0x00F0      	MOVWF      R0
0x001D	0x0870      	MOVF       R0, 0
0x001E	0x0573      	ANDWF      R3, 0
0x001F	0x00F1      	MOVWF      R1
0x0020	0x0871      	MOVF       R1, 0
0x0021	0x3A00      	XORLW      0
0x0022	0x1903      	BTFSC      STATUS, 2
0x0023	0x2827      	GOTO       L___Lib_PS2_Wait_Falling25
;__Lib_PS2.mpas,360 :: 		
0x0024	0x3001      	MOVLW      1
0x0025	0x00F2      	MOVWF      R2
;__Lib_PS2.mpas,361 :: 		
0x0026	0x282C      	GOTO       L_end___Lib_PS2_Wait_Falling
;__Lib_PS2.mpas,363 :: 		
L___Lib_PS2_Wait_Falling25:
;__Lib_PS2.mpas,364 :: 		
0x0027	0x0874      	MOVF       R4, 0
0x0028	0x00F3      	MOVWF      R3
;__Lib_PS2.mpas,365 :: 		
0x0029	0x03F5      	DECF       R5, 1
;__Lib_PS2.mpas,366 :: 		
0x002A	0x2813      	GOTO       L___Lib_PS2_Wait_Falling20
L___Lib_PS2_Wait_Falling21:
;__Lib_PS2.mpas,367 :: 		
0x002B	0x01F2      	CLRF       R2
;__Lib_PS2.mpas,368 :: 		
L_end___Lib_PS2_Wait_Falling:
0x002C	0x0872      	MOVF       R2, 0
0x002D	0x00F0      	MOVWF      R0
0x002E	0x0008      	RETURN
; end of __Lib_PS2_Wait_Falling
__Lib_PS2_Clock_Wait_High:
;__Lib_PS2.mpas,320 :: 		
;__Lib_PS2.mpas,321 :: 		
0x002F	0x3001      	MOVLW      1
0x0030	0x1283      	BCF        STATUS, 5
0x0031	0x1303      	BCF        STATUS, 6
0x0032	0x00F1      	MOVWF      R1
;__Lib_PS2.mpas,322 :: 		
L___Lib_PS2_Clock_Wait_High2:
0x0033	0x1BF1      	BTFSC      R1, 7
0x0034	0x283B      	GOTO       L___Lib_PS2_Clock_Wait_High3
;__Lib_PS2.mpas,324 :: 		
0x0035	0x1C87      	BTFSS      PS2_Clock, BitPos(PS2_Clock+0)
0x0036	0x2839      	GOTO       L___Lib_PS2_Clock_Wait_High7
;__Lib_PS2.mpas,325 :: 		
0x0037	0x17F1      	BSF        R1, 7
0x0038	0x283A      	GOTO       L___Lib_PS2_Clock_Wait_High8
;__Lib_PS2.mpas,326 :: 		
L___Lib_PS2_Clock_Wait_High7:
;__Lib_PS2.mpas,327 :: 		
0x0039	0x0AF1      	INCF       R1, 1
L___Lib_PS2_Clock_Wait_High8:
;__Lib_PS2.mpas,328 :: 		
0x003A	0x2833      	GOTO       L___Lib_PS2_Clock_Wait_High2
L___Lib_PS2_Clock_Wait_High3:
;__Lib_PS2.mpas,329 :: 		
0x003B	0x13F1      	BCF        R1, 7
;__Lib_PS2.mpas,331 :: 		
0x003C	0x0871      	MOVF       R1, 0
0x003D	0x00F0      	MOVWF      R0
0x003E	0x0008      	RETURN
; end of __Lib_PS2_Clock_Wait_High
__Lib_PS2_Clock_Disable:
;__Lib_PS2.mpas,379 :: 		
;__Lib_PS2.mpas,380 :: 		
0x003F	0x1683      	BSF        STATUS, 5
0x0040	0x1303      	BCF        STATUS, 6
0x0041	0x1087      	BCF        PS2_Clock_Direction, BitPos(PS2_Clock_Direction+0)
;__Lib_PS2.mpas,381 :: 		
0x0042	0x1283      	BCF        STATUS, 5
0x0043	0x1087      	BCF        PS2_Clock, BitPos(PS2_Clock+0)
;__Lib_PS2.mpas,382 :: 		
0x0044	0x0008      	RETURN
; end of __Lib_PS2_Clock_Disable
__Lib_PS2_Keyboard_Active:
;__Lib_PS2.mpas,387 :: 		
;__Lib_PS2.mpas,388 :: 		
0x0045	0x1283      	BCF        STATUS, 5
0x0046	0x1303      	BCF        STATUS, 6
0x0047	0x01B6      	CLRF       Keyboard_Active_local_result
;__Lib_PS2.mpas,389 :: 		
0x0048	0x200A      	CALL       __Lib_PS2_Clock_Enable
;__Lib_PS2.mpas,390 :: 		
0x0049	0x202F      	CALL       __Lib_PS2_Clock_Wait_High
0x004A	0x0870      	MOVF       R0, 0
0x004B	0x3A00      	XORLW      0
0x004C	0x1D03      	BTFSS      STATUS, 2
0x004D	0x2851      	GOTO       L___Lib_PS2_Keyboard_Active31
;__Lib_PS2.mpas,392 :: 		
0x004E	0x3001      	MOVLW      1
0x004F	0x00B6      	MOVWF      Keyboard_Active_local_result
;__Lib_PS2.mpas,393 :: 		
0x0050	0x2878      	GOTO       L_end___Lib_PS2_Keyboard_Active
;__Lib_PS2.mpas,394 :: 		
L___Lib_PS2_Keyboard_Active31:
;__Lib_PS2.mpas,395 :: 		
0x0051	0x01B7      	CLRF       Keyboard_Active_loop
;__Lib_PS2.mpas,396 :: 		
L___Lib_PS2_Keyboard_Active34:
0x0052	0x3080      	MOVLW      128
0x0053	0x0237      	SUBWF      Keyboard_Active_loop, 0
0x0054	0x1803      	BTFSC      STATUS, 0
0x0055	0x2873      	GOTO       L___Lib_PS2_Keyboard_Active35
;__Lib_PS2.mpas,399 :: 		
0x0056	0x1807      	BTFSC      PS2_Data, BitPos(PS2_Data+0)
0x0057	0x285A      	GOTO       L___Lib_PS2_Keyboard_Active159
0x0058	0x1472      	BSF        R2, 0
0x0059	0x285B      	GOTO       L___Lib_PS2_Keyboard_Active160
L___Lib_PS2_Keyboard_Active159:
0x005A	0x1072      	BCF        R2, 0
L___Lib_PS2_Keyboard_Active160:
0x005B	0x01F1      	CLRF       R1
0x005C	0x1887      	BTFSC      PS2_Clock, BitPos(PS2_Clock+0)
0x005D	0x2860      	GOTO       L___Lib_PS2_Keyboard_Active41
0x005E	0x30FF      	MOVLW      255
0x005F	0x00F1      	MOVWF      R1
L___Lib_PS2_Keyboard_Active41:
0x0060	0x01F0      	CLRF       R0
0x0061	0x1872      	BTFSC      R2, 0
0x0062	0x0AF0      	INCF       R0, 1
0x0063	0x0870      	MOVF       R0, 0
0x0064	0x05F1      	ANDWF      R1, 1
0x0065	0x0871      	MOVF       R1, 0
0x0066	0x3A00      	XORLW      0
0x0067	0x1903      	BTFSC      STATUS, 2
0x0068	0x286C      	GOTO       L___Lib_PS2_Keyboard_Active39
;__Lib_PS2.mpas,401 :: 		
0x0069	0x3001      	MOVLW      1
0x006A	0x00B6      	MOVWF      Keyboard_Active_local_result
;__Lib_PS2.mpas,402 :: 		
0x006B	0x2878      	GOTO       L_end___Lib_PS2_Keyboard_Active
;__Lib_PS2.mpas,403 :: 		
L___Lib_PS2_Keyboard_Active39:
;__Lib_PS2.mpas,404 :: 		
0x006C	0x0836      	MOVF       Keyboard_Active_local_result, 0
0x006D	0x3A00      	XORLW      0
0x006E	0x1903      	BTFSC      STATUS, 2
0x006F	0x2871      	GOTO       L___Lib_PS2_Keyboard_Active43
;__Lib_PS2.mpas,405 :: 		
0x0070	0x2873      	GOTO       L___Lib_PS2_Keyboard_Active35
L___Lib_PS2_Keyboard_Active43:
;__Lib_PS2.mpas,406 :: 		
0x0071	0x0AB7      	INCF       Keyboard_Active_loop, 1
;__Lib_PS2.mpas,407 :: 		
0x0072	0x2852      	GOTO       L___Lib_PS2_Keyboard_Active34
L___Lib_PS2_Keyboard_Active35:
;__Lib_PS2.mpas,409 :: 		
0x0073	0x0836      	MOVF       Keyboard_Active_local_result, 0
0x0074	0x3A00      	XORLW      0
0x0075	0x1D03      	BTFSS      STATUS, 2
0x0076	0x2878      	GOTO       L___Lib_PS2_Keyboard_Active46
;__Lib_PS2.mpas,410 :: 		
0x0077	0x203F      	CALL       __Lib_PS2_Clock_Disable
L___Lib_PS2_Keyboard_Active46:
;__Lib_PS2.mpas,412 :: 		
L_end___Lib_PS2_Keyboard_Active:
0x0078	0x0836      	MOVF       Keyboard_Active_local_result, 0
0x0079	0x00F0      	MOVWF      R0
0x007A	0x0008      	RETURN
; end of __Lib_PS2_Keyboard_Active
_UART1_Write:
;__Lib_UART_c67.mpas,72 :: 		
;__Lib_UART_c67.mpas,73 :: 		
L__UART1_Write14:
0x007B	0x1683      	BSF        STATUS, 5
0x007C	0x1303      	BCF        STATUS, 6
0x007D	0x1898      	BTFSC      TXSTA, 1
0x007E	0x2881      	GOTO       L__UART1_Write15
0x007F	0x0000      	NOP
0x0080	0x287B      	GOTO       L__UART1_Write14
L__UART1_Write15:
;__Lib_UART_c67.mpas,74 :: 		
0x0081	0x1283      	BCF        STATUS, 5
0x0082	0x0836      	MOVF       FARG_UART1_Write_data_, 0
0x0083	0x0099      	MOVWF      TXREG
;__Lib_UART_c67.mpas,75 :: 		
0x0084	0x0008      	RETURN
; end of _UART1_Write
__Lib_PS2_Get_Hex:
;__Lib_PS2.mpas,417 :: 		
;__Lib_PS2.mpas,418 :: 		
0x0085	0x1283      	BCF        STATUS, 5
0x0086	0x1303      	BCF        STATUS, 6
0x0087	0x01B7      	CLRF       Get_Hex_ldata
;__Lib_PS2.mpas,419 :: 		
0x0088	0x3001      	MOVLW      1
0x0089	0x00B8      	MOVWF      Get_Hex_lparity
;__Lib_PS2.mpas,420 :: 		
0x008A	0x01B9      	CLRF       Get_Hex_iparity
;__Lib_PS2.mpas,421 :: 		
0x008B	0x01BA      	CLRF       Get_Hex_endbit
;__Lib_PS2.mpas,423 :: 		
0x008C	0x3001      	MOVLW      1
0x008D	0x00A1      	MOVWF      __Lib_PS2_loop
;__Lib_PS2.mpas,424 :: 		
L___Lib_PS2_Get_Hex50:
0x008E	0x0821      	MOVF       __Lib_PS2_loop, 0
0x008F	0x3A00      	XORLW      0
0x0090	0x1903      	BTFSC      STATUS, 2
0x0091	0x28A0      	GOTO       L___Lib_PS2_Get_Hex51
;__Lib_PS2.mpas,426 :: 		
0x0092	0x200E      	CALL       __Lib_PS2_Wait_Falling
0x0093	0x0870      	MOVF       R0, 0
0x0094	0x3A00      	XORLW      0
0x0095	0x1903      	BTFSC      STATUS, 2
0x0096	0x289F      	GOTO       L___Lib_PS2_Get_Hex55
;__Lib_PS2.mpas,428 :: 		
0x0097	0x1C07      	BTFSS      PS2_Data, BitPos(PS2_Data+0)
0x0098	0x289D      	GOTO       L___Lib_PS2_Get_Hex58
;__Lib_PS2.mpas,430 :: 		
0x0099	0x0821      	MOVF       __Lib_PS2_loop, 0
0x009A	0x04B7      	IORWF      Get_Hex_ldata, 1
;__Lib_PS2.mpas,431 :: 		
0x009B	0x3001      	MOVLW      1
0x009C	0x06B8      	XORWF      Get_Hex_lparity, 1
;__Lib_PS2.mpas,432 :: 		
L___Lib_PS2_Get_Hex58:
;__Lib_PS2.mpas,433 :: 		
0x009D	0x0DA1      	RLF        __Lib_PS2_loop, 1
0x009E	0x1021      	BCF        __Lib_PS2_loop, 0
;__Lib_PS2.mpas,434 :: 		
L___Lib_PS2_Get_Hex55:
;__Lib_PS2.mpas,435 :: 		
0x009F	0x288E      	GOTO       L___Lib_PS2_Get_Hex50
L___Lib_PS2_Get_Hex51:
;__Lib_PS2.mpas,437 :: 		
0x00A0	0x200E      	CALL       __Lib_PS2_Wait_Falling
0x00A1	0x0870      	MOVF       R0, 0
0x00A2	0x3A00      	XORLW      0
0x00A3	0x1903      	BTFSC      STATUS, 2
0x00A4	0x28A9      	GOTO       L___Lib_PS2_Get_Hex61
;__Lib_PS2.mpas,438 :: 		
0x00A5	0x3000      	MOVLW      0
0x00A6	0x1807      	BTFSC      PS2_Data, BitPos(PS2_Data+0)
0x00A7	0x3001      	MOVLW      1
0x00A8	0x00B9      	MOVWF      Get_Hex_iparity
L___Lib_PS2_Get_Hex61:
;__Lib_PS2.mpas,439 :: 		
0x00A9	0x200E      	CALL       __Lib_PS2_Wait_Falling
0x00AA	0x0870      	MOVF       R0, 0
0x00AB	0x3A00      	XORLW      0
0x00AC	0x1903      	BTFSC      STATUS, 2
0x00AD	0x28B2      	GOTO       L___Lib_PS2_Get_Hex64
;__Lib_PS2.mpas,440 :: 		
0x00AE	0x3000      	MOVLW      0
0x00AF	0x1807      	BTFSC      PS2_Data, BitPos(PS2_Data+0)
0x00B0	0x3001      	MOVLW      1
0x00B1	0x00BA      	MOVWF      Get_Hex_endbit
L___Lib_PS2_Get_Hex64:
;__Lib_PS2.mpas,442 :: 		
0x00B2	0x203F      	CALL       __Lib_PS2_Clock_Disable
;__Lib_PS2.mpas,444 :: 		
0x00B3	0x0838      	MOVF       Get_Hex_lparity, 0
0x00B4	0x0639      	XORWF      Get_Hex_iparity, 0
0x00B5	0x30FF      	MOVLW      255
0x00B6	0x1903      	BTFSC      STATUS, 2
0x00B7	0x3000      	MOVLW      0
0x00B8	0x00F1      	MOVWF      R1
0x00B9	0x083A      	MOVF       Get_Hex_endbit, 0
0x00BA	0x3A00      	XORLW      0
0x00BB	0x30FF      	MOVLW      255
0x00BC	0x1D03      	BTFSS      STATUS, 2
0x00BD	0x3000      	MOVLW      0
0x00BE	0x00F0      	MOVWF      R0
0x00BF	0x0870      	MOVF       R0, 0
0x00C0	0x04F1      	IORWF      R1, 1
0x00C1	0x0871      	MOVF       R1, 0
0x00C2	0x3A00      	XORLW      0
0x00C3	0x1903      	BTFSC      STATUS, 2
0x00C4	0x28C6      	GOTO       L___Lib_PS2_Get_Hex67
;__Lib_PS2.mpas,445 :: 		
0x00C5	0x01B7      	CLRF       Get_Hex_ldata
L___Lib_PS2_Get_Hex67:
;__Lib_PS2.mpas,446 :: 		
0x00C6	0x0836      	MOVF       FARG_Get_Hex_ddata, 0
0x00C7	0x0084      	MOVWF      FSR
0x00C8	0x0837      	MOVF       Get_Hex_ldata, 0
0x00C9	0x0080      	MOVWF      INDF
;__Lib_PS2.mpas,447 :: 		
0x00CA	0x0008      	RETURN
; end of __Lib_PS2_Get_Hex
__Lib_PS2_Ps2_Get_Value:
;__Lib_PS2.mpas,452 :: 		
;__Lib_PS2.mpas,453 :: 		
0x00CB	0x1283      	BCF        STATUS, 5
0x00CC	0x1303      	BCF        STATUS, 6
0x00CD	0x01F5      	CLRF       R5
;__Lib_PS2.mpas,455 :: 		
0x00CE	0x0836      	MOVF       FARG_Ps2_Get_Value_raw, 0
0x00CF	0x3A00      	XORLW      0
0x00D0	0x1D03      	BTFSS      STATUS, 2
0x00D1	0x28D5      	GOTO       L___Lib_PS2_Ps2_Get_Value71
;__Lib_PS2.mpas,457 :: 		
0x00D2	0x0875      	MOVF       R5, 0
0x00D3	0x00F4      	MOVWF      R4
;__Lib_PS2.mpas,458 :: 		
0x00D4	0x2973      	GOTO       L_end___Lib_PS2_Ps2_Get_Value
;__Lib_PS2.mpas,459 :: 		
L___Lib_PS2_Ps2_Get_Value71:
;__Lib_PS2.mpas,462 :: 		
0x00D5	0x18A0      	BTFSC      __Lib_PS2_led, 1
0x00D6	0x28D9      	GOTO       L___Lib_PS2_Ps2_Get_Value161
0x00D7	0x1073      	BCF        R3, 0
0x00D8	0x28DA      	GOTO       L___Lib_PS2_Ps2_Get_Value162
L___Lib_PS2_Ps2_Get_Value161:
0x00D9	0x1473      	BSF        R3, 0
L___Lib_PS2_Ps2_Get_Value162:
0x00DA	0x0836      	MOVF       FARG_Ps2_Get_Value_raw, 0
0x00DB	0x3C68      	SUBLW      104
0x00DC	0x30FF      	MOVLW      255
0x00DD	0x1803      	BTFSC      STATUS, 0
0x00DE	0x3000      	MOVLW      0
0x00DF	0x00F1      	MOVWF      R1
0x00E0	0x01F0      	CLRF       R0
0x00E1	0x1873      	BTFSC      R3, 0
0x00E2	0x0AF0      	INCF       R0, 1
0x00E3	0x0870      	MOVF       R0, 0
0x00E4	0x05F1      	ANDWF      R1, 1
0x00E5	0x307E      	MOVLW      126
0x00E6	0x0236      	SUBWF      FARG_Ps2_Get_Value_raw, 0
0x00E7	0x30FF      	MOVLW      255
0x00E8	0x1803      	BTFSC      STATUS, 0
0x00E9	0x3000      	MOVLW      0
0x00EA	0x00F0      	MOVWF      R0
0x00EB	0x0870      	MOVF       R0, 0
0x00EC	0x05F1      	ANDWF      R1, 1
0x00ED	0x0836      	MOVF       FARG_Ps2_Get_Value_raw, 0
0x00EE	0x3A77      	XORLW      119
0x00EF	0x30FF      	MOVLW      255
0x00F0	0x1903      	BTFSC      STATUS, 2
0x00F1	0x3000      	MOVLW      0
0x00F2	0x00F0      	MOVWF      R0
0x00F3	0x0870      	MOVF       R0, 0
0x00F4	0x05F1      	ANDWF      R1, 1
0x00F5	0x0871      	MOVF       R1, 0
0x00F6	0x3A00      	XORLW      0
0x00F7	0x1903      	BTFSC      STATUS, 2
0x00F8	0x290D      	GOTO       L___Lib_PS2_Ps2_Get_Value74
;__Lib_PS2.mpas,464 :: 		
0x00F9	0x3069      	MOVLW      105
0x00FA	0x0236      	SUBWF      FARG_Ps2_Get_Value_raw, 0
0x00FB	0x00F0      	MOVWF      R0
0x00FC	0x3000      	MOVLW      0
0x00FD	0x00F1      	MOVWF      R0+1
0x00FE	0x30FC      	MOVLW      __Lib_PS2_table_num
0x00FF	0x07F0      	ADDWF      R0, 1
0x0100	0x3003      	MOVLW      hi_addr(__Lib_PS2_table_num)
0x0101	0x1803      	BTFSC      STATUS, 0
0x0102	0x3E01      	ADDLW      1
0x0103	0x07F1      	ADDWF      R0+1, 1
0x0104	0x0870      	MOVF       R0, 0
0x0105	0x00A3      	MOVWF      ___DoICPAddr
0x0106	0x0871      	MOVF       R0+1, 0
0x0107	0x00A4      	MOVWF      ___DoICPAddr+1
0x0108	0x2003      	CALL       _____DoICP
0x0109	0x118A      	BCF        PCLATH, 3
0x010A	0x120A      	BCF        PCLATH, 4
0x010B	0x00F4      	MOVWF      R4
;__Lib_PS2.mpas,465 :: 		
0x010C	0x2973      	GOTO       L_end___Lib_PS2_Ps2_Get_Value
;__Lib_PS2.mpas,466 :: 		
L___Lib_PS2_Ps2_Get_Value74:
;__Lib_PS2.mpas,469 :: 		
0x010D	0x03B6      	DECF       FARG_Ps2_Get_Value_raw, 1
;__Lib_PS2.mpas,470 :: 		
0x010E	0x0836      	MOVF       FARG_Ps2_Get_Value_raw, 0
0x010F	0x00F4      	MOVWF      R4
;__Lib_PS2.mpas,471 :: 		
0x0110	0x1EA0      	BTFSS      __Lib_PS2_led, 5
0x0111	0x2942      	GOTO       L___Lib_PS2_Ps2_Get_Value77
;__Lib_PS2.mpas,473 :: 		
0x0112	0x0836      	MOVF       FARG_Ps2_Get_Value_raw, 0
0x0113	0x3E79      	ADDLW      __Lib_PS2_table_shift
0x0114	0x00F0      	MOVWF      R0
0x0115	0x3003      	MOVLW      hi_addr(__Lib_PS2_table_shift)
0x0116	0x1803      	BTFSC      STATUS, 0
0x0117	0x3E01      	ADDLW      1
0x0118	0x00F1      	MOVWF      R0+1
0x0119	0x0870      	MOVF       R0, 0
0x011A	0x00A3      	MOVWF      ___DoICPAddr
0x011B	0x0871      	MOVF       R0+1, 0
0x011C	0x00A4      	MOVWF      ___DoICPAddr+1
0x011D	0x2003      	CALL       _____DoICP
0x011E	0x118A      	BCF        PCLATH, 3
0x011F	0x120A      	BCF        PCLATH, 4
0x0120	0x00F2      	MOVWF      R2
0x0121	0x0872      	MOVF       R2, 0
0x0122	0x00F5      	MOVWF      R5
;__Lib_PS2.mpas,474 :: 		
0x0123	0x1920      	BTFSC      __Lib_PS2_led, 2
0x0124	0x2927      	GOTO       L___Lib_PS2_Ps2_Get_Value163
0x0125	0x1073      	BCF        R3, 0
0x0126	0x2928      	GOTO       L___Lib_PS2_Ps2_Get_Value164
L___Lib_PS2_Ps2_Get_Value163:
0x0127	0x1473      	BSF        R3, 0
L___Lib_PS2_Ps2_Get_Value164:
0x0128	0x0872      	MOVF       R2, 0
0x0129	0x3C40      	SUBLW      64
0x012A	0x30FF      	MOVLW      255
0x012B	0x1803      	BTFSC      STATUS, 0
0x012C	0x3000      	MOVLW      0
0x012D	0x00F1      	MOVWF      R1
0x012E	0x01F0      	CLRF       R0
0x012F	0x1873      	BTFSC      R3, 0
0x0130	0x0AF0      	INCF       R0, 1
0x0131	0x0870      	MOVF       R0, 0
0x0132	0x05F1      	ANDWF      R1, 1
0x0133	0x305B      	MOVLW      91
0x0134	0x0272      	SUBWF      R2, 0
0x0135	0x30FF      	MOVLW      255
0x0136	0x1803      	BTFSC      STATUS, 0
0x0137	0x3000      	MOVLW      0
0x0138	0x00F0      	MOVWF      R0
0x0139	0x0870      	MOVF       R0, 0
0x013A	0x05F1      	ANDWF      R1, 1
0x013B	0x0871      	MOVF       R1, 0
0x013C	0x3A00      	XORLW      0
0x013D	0x1903      	BTFSC      STATUS, 2
0x013E	0x2941      	GOTO       L___Lib_PS2_Ps2_Get_Value80
;__Lib_PS2.mpas,475 :: 		
0x013F	0x3020      	MOVLW      32
0x0140	0x07F5      	ADDWF      R5, 1
L___Lib_PS2_Ps2_Get_Value80:
;__Lib_PS2.mpas,476 :: 		
0x0141	0x2971      	GOTO       L___Lib_PS2_Ps2_Get_Value78
;__Lib_PS2.mpas,477 :: 		
L___Lib_PS2_Ps2_Get_Value77:
;__Lib_PS2.mpas,479 :: 		
0x0142	0x0836      	MOVF       FARG_Ps2_Get_Value_raw, 0
0x0143	0x3EF6      	ADDLW      __Lib_PS2_table_no_shift
0x0144	0x00F0      	MOVWF      R0
0x0145	0x3002      	MOVLW      hi_addr(__Lib_PS2_table_no_shift)
0x0146	0x1803      	BTFSC      STATUS, 0
0x0147	0x3E01      	ADDLW      1
0x0148	0x00F1      	MOVWF      R0+1
0x0149	0x0870      	MOVF       R0, 0
0x014A	0x00A3      	MOVWF      ___DoICPAddr
0x014B	0x0871      	MOVF       R0+1, 0
0x014C	0x00A4      	MOVWF      ___DoICPAddr+1
0x014D	0x2003      	CALL       _____DoICP
0x014E	0x118A      	BCF        PCLATH, 3
0x014F	0x120A      	BCF        PCLATH, 4
0x0150	0x00F2      	MOVWF      R2
0x0151	0x0872      	MOVF       R2, 0
0x0152	0x00F5      	MOVWF      R5
;__Lib_PS2.mpas,480 :: 		
0x0153	0x1920      	BTFSC      __Lib_PS2_led, 2
0x0154	0x2957      	GOTO       L___Lib_PS2_Ps2_Get_Value165
0x0155	0x1073      	BCF        R3, 0
0x0156	0x2958      	GOTO       L___Lib_PS2_Ps2_Get_Value166
L___Lib_PS2_Ps2_Get_Value165:
0x0157	0x1473      	BSF        R3, 0
L___Lib_PS2_Ps2_Get_Value166:
0x0158	0x0872      	MOVF       R2, 0
0x0159	0x3C60      	SUBLW      96
0x015A	0x30FF      	MOVLW      255
0x015B	0x1803      	BTFSC      STATUS, 0
0x015C	0x3000      	MOVLW      0
0x015D	0x00F1      	MOVWF      R1
0x015E	0x01F0      	CLRF       R0
0x015F	0x1873      	BTFSC      R3, 0
0x0160	0x0AF0      	INCF       R0, 1
0x0161	0x0870      	MOVF       R0, 0
0x0162	0x05F1      	ANDWF      R1, 1
0x0163	0x307B      	MOVLW      123
0x0164	0x0272      	SUBWF      R2, 0
0x0165	0x30FF      	MOVLW      255
0x0166	0x1803      	BTFSC      STATUS, 0
0x0167	0x3000      	MOVLW      0
0x0168	0x00F0      	MOVWF      R0
0x0169	0x0870      	MOVF       R0, 0
0x016A	0x05F1      	ANDWF      R1, 1
0x016B	0x0871      	MOVF       R1, 0
0x016C	0x3A00      	XORLW      0
0x016D	0x1903      	BTFSC      STATUS, 2
0x016E	0x2971      	GOTO       L___Lib_PS2_Ps2_Get_Value83
;__Lib_PS2.mpas,481 :: 		
0x016F	0x3020      	MOVLW      32
0x0170	0x02F5      	SUBWF      R5, 1
L___Lib_PS2_Ps2_Get_Value83:
;__Lib_PS2.mpas,482 :: 		
L___Lib_PS2_Ps2_Get_Value78:
;__Lib_PS2.mpas,483 :: 		
0x0171	0x0875      	MOVF       R5, 0
0x0172	0x00F4      	MOVWF      R4
;__Lib_PS2.mpas,484 :: 		
L_end___Lib_PS2_Ps2_Get_Value:
0x0173	0x0874      	MOVF       R4, 0
0x0174	0x00F0      	MOVWF      R0
0x0175	0x0008      	RETURN
; end of __Lib_PS2_Ps2_Get_Value
_Ps2_Key_Read:
;__Lib_PS2.mpas,492 :: 		
;__Lib_PS2.mpas,493 :: 		
0x0176	0x3001      	MOVLW      1
0x0177	0x1283      	BCF        STATUS, 5
0x0178	0x1303      	BCF        STATUS, 6
0x0179	0x00B4      	MOVWF      Ps2_Key_Read_l_special
;__Lib_PS2.mpas,494 :: 		
0x017A	0x3001      	MOVLW      1
0x017B	0x00B5      	MOVWF      Ps2_Key_Read_l_pressed
;__Lib_PS2.mpas,495 :: 		
0x017C	0x01B3      	CLRF       Ps2_Key_Read_l_value
;__Lib_PS2.mpas,496 :: 		
0x017D	0x01A2      	CLRF       __Lib_PS2_extended
;__Lib_PS2.mpas,499 :: 		
0x017E	0x2045      	CALL       __Lib_PS2_Keyboard_Active
0x017F	0x0870      	MOVF       R0, 0
0x0180	0x3A00      	XORLW      0
0x0181	0x1D03      	BTFSS      STATUS, 2
0x0182	0x2985      	GOTO       L__Ps2_Key_Read87
;__Lib_PS2.mpas,501 :: 		
0x0183	0x01B1      	CLRF       Ps2_Key_Read_local_result
;__Lib_PS2.mpas,502 :: 		
0x0184	0x2A39      	GOTO       L_end__Ps2_Key_Read
;__Lib_PS2.mpas,503 :: 		
L__Ps2_Key_Read87:
;__Lib_PS2.mpas,507 :: 		
0x0185	0x3032      	MOVLW      Ps2_Key_Read_raw_data
0x0186	0x00B6      	MOVWF      FARG_Get_Hex_ddata
0x0187	0x2085      	CALL       __Lib_PS2_Get_Hex
;__Lib_PS2.mpas,509 :: 		
0x0188	0x0832      	MOVF       Ps2_Key_Read_raw_data, 0
0x0189	0x3AF0      	XORLW      240
0x018A	0x1D03      	BTFSS      STATUS, 2
0x018B	0x2998      	GOTO       L__Ps2_Key_Read90
;__Lib_PS2.mpas,511 :: 		
0x018C	0x01B5      	CLRF       Ps2_Key_Read_l_pressed
;__Lib_PS2.mpas,512 :: 		
L__Ps2_Key_Read93:
0x018D	0x2045      	CALL       __Lib_PS2_Keyboard_Active
0x018E	0x0870      	MOVF       R0, 0
0x018F	0x3A00      	XORLW      0
0x0190	0x1D03      	BTFSS      STATUS, 2
0x0191	0x2994      	GOTO       L__Ps2_Key_Read94
0x0192	0x0000      	NOP
0x0193	0x298D      	GOTO       L__Ps2_Key_Read93
L__Ps2_Key_Read94:
;__Lib_PS2.mpas,513 :: 		
0x0194	0x3032      	MOVLW      Ps2_Key_Read_raw_data
0x0195	0x00B6      	MOVWF      FARG_Get_Hex_ddata
0x0196	0x2085      	CALL       __Lib_PS2_Get_Hex
;__Lib_PS2.mpas,514 :: 		
0x0197	0x29CD      	GOTO       L__Ps2_Key_Read91
;__Lib_PS2.mpas,515 :: 		
L__Ps2_Key_Read90:
;__Lib_PS2.mpas,516 :: 		
0x0198	0x0832      	MOVF       Ps2_Key_Read_raw_data, 0
0x0199	0x3AE0      	XORLW      224
0x019A	0x1D03      	BTFSS      STATUS, 2
0x019B	0x29B7      	GOTO       L__Ps2_Key_Read98
;__Lib_PS2.mpas,518 :: 		
L__Ps2_Key_Read101:
0x019C	0x2045      	CALL       __Lib_PS2_Keyboard_Active
0x019D	0x0870      	MOVF       R0, 0
0x019E	0x3A00      	XORLW      0
0x019F	0x1D03      	BTFSS      STATUS, 2
0x01A0	0x29A3      	GOTO       L__Ps2_Key_Read102
0x01A1	0x0000      	NOP
0x01A2	0x299C      	GOTO       L__Ps2_Key_Read101
L__Ps2_Key_Read102:
;__Lib_PS2.mpas,519 :: 		
0x01A3	0x3032      	MOVLW      Ps2_Key_Read_raw_data
0x01A4	0x00B6      	MOVWF      FARG_Get_Hex_ddata
0x01A5	0x2085      	CALL       __Lib_PS2_Get_Hex
;__Lib_PS2.mpas,520 :: 		
0x01A6	0x0832      	MOVF       Ps2_Key_Read_raw_data, 0
0x01A7	0x3AF0      	XORLW      240
0x01A8	0x1D03      	BTFSS      STATUS, 2
0x01A9	0x29B4      	GOTO       L__Ps2_Key_Read106
;__Lib_PS2.mpas,522 :: 		
0x01AA	0x01B5      	CLRF       Ps2_Key_Read_l_pressed
;__Lib_PS2.mpas,523 :: 		
L__Ps2_Key_Read109:
0x01AB	0x2045      	CALL       __Lib_PS2_Keyboard_Active
0x01AC	0x0870      	MOVF       R0, 0
0x01AD	0x3A00      	XORLW      0
0x01AE	0x1D03      	BTFSS      STATUS, 2
0x01AF	0x29B1      	GOTO       L__Ps2_Key_Read110
;__Lib_PS2.mpas,525 :: 		
0x01B0	0x29AB      	GOTO       L__Ps2_Key_Read109
L__Ps2_Key_Read110:
;__Lib_PS2.mpas,526 :: 		
0x01B1	0x3032      	MOVLW      Ps2_Key_Read_raw_data
0x01B2	0x00B6      	MOVWF      FARG_Get_Hex_ddata
0x01B3	0x2085      	CALL       __Lib_PS2_Get_Hex
;__Lib_PS2.mpas,527 :: 		
L__Ps2_Key_Read106:
;__Lib_PS2.mpas,528 :: 		
0x01B4	0x3001      	MOVLW      1
0x01B5	0x00A2      	MOVWF      __Lib_PS2_extended
;__Lib_PS2.mpas,529 :: 		
0x01B6	0x29CD      	GOTO       L__Ps2_Key_Read99
;__Lib_PS2.mpas,530 :: 		
L__Ps2_Key_Read98:
;__Lib_PS2.mpas,531 :: 		
0x01B7	0x0832      	MOVF       Ps2_Key_Read_raw_data, 0
0x01B8	0x3A77      	XORLW      119
0x01B9	0x1D03      	BTFSS      STATUS, 2
0x01BA	0x29C7      	GOTO       L__Ps2_Key_Read114
;__Lib_PS2.mpas,533 :: 		
0x01BB	0x3001      	MOVLW      1
0x01BC	0x00B4      	MOVWF      Ps2_Key_Read_l_special
;__Lib_PS2.mpas,534 :: 		
0x01BD	0x0835      	MOVF       Ps2_Key_Read_l_pressed, 0
0x01BE	0x3A00      	XORLW      0
0x01BF	0x1903      	BTFSC      STATUS, 2
0x01C0	0x29C6      	GOTO       L__Ps2_Key_Read117
;__Lib_PS2.mpas,536 :: 		
0x01C1	0x18A0      	BTFSC      __Lib_PS2_led, 1
0x01C2	0x29C5      	GOTO       L__Ps2_Key_Read120
;__Lib_PS2.mpas,537 :: 		
0x01C3	0x14A0      	BSF        __Lib_PS2_led, 1
0x01C4	0x29C6      	GOTO       L__Ps2_Key_Read121
;__Lib_PS2.mpas,538 :: 		
L__Ps2_Key_Read120:
;__Lib_PS2.mpas,539 :: 		
0x01C5	0x10A0      	BCF        __Lib_PS2_led, 1
L__Ps2_Key_Read121:
;__Lib_PS2.mpas,540 :: 		
L__Ps2_Key_Read117:
;__Lib_PS2.mpas,541 :: 		
0x01C6	0x29CD      	GOTO       L__Ps2_Key_Read115
;__Lib_PS2.mpas,542 :: 		
L__Ps2_Key_Read114:
;__Lib_PS2.mpas,543 :: 		
0x01C7	0x0832      	MOVF       Ps2_Key_Read_raw_data, 0
0x01C8	0x3AE1      	XORLW      225
0x01C9	0x1D03      	BTFSS      STATUS, 2
0x01CA	0x29CD      	GOTO       L__Ps2_Key_Read123
;__Lib_PS2.mpas,544 :: 		
0x01CB	0x30E0      	MOVLW      224
0x01CC	0x00B3      	MOVWF      Ps2_Key_Read_l_value
L__Ps2_Key_Read123:
L__Ps2_Key_Read115:
L__Ps2_Key_Read99:
L__Ps2_Key_Read91:
;__Lib_PS2.mpas,546 :: 		
0x01CD	0x0822      	MOVF       __Lib_PS2_extended, 0
0x01CE	0x3A00      	XORLW      0
0x01CF	0x1903      	BTFSC      STATUS, 2
0x01D0	0x29DD      	GOTO       L__Ps2_Key_Read126
;__Lib_PS2.mpas,548 :: 		
0x01D1	0x0832      	MOVF       Ps2_Key_Read_raw_data, 0
0x01D2	0x3A12      	XORLW      18
0x01D3	0x1D03      	BTFSS      STATUS, 2
0x01D4	0x29D7      	GOTO       L__Ps2_Key_Read129
;__Lib_PS2.mpas,549 :: 		
0x01D5	0x30DF      	MOVLW      223
0x01D6	0x00B3      	MOVWF      Ps2_Key_Read_l_value
L__Ps2_Key_Read129:
;__Lib_PS2.mpas,550 :: 		
0x01D7	0x0832      	MOVF       Ps2_Key_Read_raw_data, 0
0x01D8	0x3A7C      	XORLW      124
0x01D9	0x1D03      	BTFSS      STATUS, 2
0x01DA	0x29DD      	GOTO       L__Ps2_Key_Read132
;__Lib_PS2.mpas,551 :: 		
0x01DB	0x30DF      	MOVLW      223
0x01DC	0x00B3      	MOVWF      Ps2_Key_Read_l_value
L__Ps2_Key_Read132:
;__Lib_PS2.mpas,552 :: 		
L__Ps2_Key_Read126:
;__Lib_PS2.mpas,554 :: 		
0x01DD	0x0832      	MOVF       Ps2_Key_Read_raw_data, 0
0x01DE	0x3A12      	XORLW      18
0x01DF	0x30FF      	MOVLW      255
0x01E0	0x1D03      	BTFSS      STATUS, 2
0x01E1	0x3000      	MOVLW      0
0x01E2	0x00F1      	MOVWF      R1
0x01E3	0x0832      	MOVF       Ps2_Key_Read_raw_data, 0
0x01E4	0x3A59      	XORLW      89
0x01E5	0x30FF      	MOVLW      255
0x01E6	0x1D03      	BTFSS      STATUS, 2
0x01E7	0x3000      	MOVLW      0
0x01E8	0x00F0      	MOVWF      R0
0x01E9	0x0871      	MOVF       R1, 0
0x01EA	0x04F0      	IORWF      R0, 1
0x01EB	0x1903      	BTFSC      STATUS, 2
0x01EC	0x29F6      	GOTO       L__Ps2_Key_Read135
;__Lib_PS2.mpas,556 :: 		
0x01ED	0x3001      	MOVLW      1
0x01EE	0x00B4      	MOVWF      Ps2_Key_Read_l_special
;__Lib_PS2.mpas,557 :: 		
0x01EF	0x0835      	MOVF       Ps2_Key_Read_l_pressed, 0
0x01F0	0x3A00      	XORLW      0
0x01F1	0x1903      	BTFSC      STATUS, 2
0x01F2	0x29F5      	GOTO       L__Ps2_Key_Read138
;__Lib_PS2.mpas,558 :: 		
0x01F3	0x16A0      	BSF        __Lib_PS2_led, 5
0x01F4	0x29F6      	GOTO       L__Ps2_Key_Read139
;__Lib_PS2.mpas,559 :: 		
L__Ps2_Key_Read138:
;__Lib_PS2.mpas,560 :: 		
0x01F5	0x12A0      	BCF        __Lib_PS2_led, 5
L__Ps2_Key_Read139:
;__Lib_PS2.mpas,561 :: 		
L__Ps2_Key_Read135:
;__Lib_PS2.mpas,567 :: 		
0x01F6	0x18A0      	BTFSC      __Lib_PS2_led, 1
0x01F7	0x29FA      	GOTO       L__Ps2_Key_Read167
0x01F8	0x1472      	BSF        R2, 0
0x01F9	0x29FB      	GOTO       L__Ps2_Key_Read168
L__Ps2_Key_Read167:
0x01FA	0x1072      	BCF        R2, 0
L__Ps2_Key_Read168:
0x01FB	0x0832      	MOVF       Ps2_Key_Read_raw_data, 0
0x01FC	0x3A73      	XORLW      115
0x01FD	0x30FF      	MOVLW      255
0x01FE	0x1D03      	BTFSS      STATUS, 2
0x01FF	0x3000      	MOVLW      0
0x0200	0x00F1      	MOVWF      R1
0x0201	0x01F0      	CLRF       R0
0x0202	0x1872      	BTFSC      R2, 0
0x0203	0x0AF0      	INCF       R0, 1
0x0204	0x0871      	MOVF       R1, 0
0x0205	0x05F0      	ANDWF      R0, 1
0x0206	0x1903      	BTFSC      STATUS, 2
0x0207	0x2A0A      	GOTO       L__Ps2_Key_Read141
;__Lib_PS2.mpas,569 :: 		
0x0208	0x01B1      	CLRF       Ps2_Key_Read_local_result
;__Lib_PS2.mpas,570 :: 		
0x0209	0x2A39      	GOTO       L_end__Ps2_Key_Read
;__Lib_PS2.mpas,571 :: 		
L__Ps2_Key_Read141:
;__Lib_PS2.mpas,574 :: 		
0x020A	0x0833      	MOVF       Ps2_Key_Read_l_value, 0
0x020B	0x3A00      	XORLW      0
0x020C	0x1D03      	BTFSS      STATUS, 2
0x020D	0x2A14      	GOTO       L__Ps2_Key_Read144
;__Lib_PS2.mpas,576 :: 		
0x020E	0x01B4      	CLRF       Ps2_Key_Read_l_special
;__Lib_PS2.mpas,577 :: 		
0x020F	0x0832      	MOVF       Ps2_Key_Read_raw_data, 0
0x0210	0x00B6      	MOVWF      FARG_Ps2_Get_Value_raw
0x0211	0x20CB      	CALL       __Lib_PS2_Ps2_Get_Value
0x0212	0x0870      	MOVF       R0, 0
0x0213	0x00B3      	MOVWF      Ps2_Key_Read_l_value
;__Lib_PS2.mpas,578 :: 		
L__Ps2_Key_Read144:
;__Lib_PS2.mpas,581 :: 		
0x0214	0x0833      	MOVF       Ps2_Key_Read_l_value, 0
0x0215	0x3AE1      	XORLW      225
0x0216	0x1D03      	BTFSS      STATUS, 2
0x0217	0x2A23      	GOTO       L__Ps2_Key_Read147
;__Lib_PS2.mpas,583 :: 		
0x0218	0x3001      	MOVLW      1
0x0219	0x00B4      	MOVWF      Ps2_Key_Read_l_special
;__Lib_PS2.mpas,584 :: 		
0x021A	0x0835      	MOVF       Ps2_Key_Read_l_pressed, 0
0x021B	0x3A00      	XORLW      0
0x021C	0x1903      	BTFSC      STATUS, 2
0x021D	0x2A23      	GOTO       L__Ps2_Key_Read150
;__Lib_PS2.mpas,586 :: 		
0x021E	0x1920      	BTFSC      __Lib_PS2_led, 2
0x021F	0x2A22      	GOTO       L__Ps2_Key_Read153
;__Lib_PS2.mpas,587 :: 		
0x0220	0x1520      	BSF        __Lib_PS2_led, 2
0x0221	0x2A23      	GOTO       L__Ps2_Key_Read154
;__Lib_PS2.mpas,588 :: 		
L__Ps2_Key_Read153:
;__Lib_PS2.mpas,589 :: 		
0x0222	0x1120      	BCF        __Lib_PS2_led, 2
L__Ps2_Key_Read154:
;__Lib_PS2.mpas,590 :: 		
L__Ps2_Key_Read150:
;__Lib_PS2.mpas,591 :: 		
L__Ps2_Key_Read147:
;__Lib_PS2.mpas,593 :: 		
0x0223	0x0833      	MOVF       Ps2_Key_Read_l_value, 0
0x0224	0x3CC8      	SUBLW      200
0x0225	0x1803      	BTFSC      STATUS, 0
0x0226	0x2A2B      	GOTO       L__Ps2_Key_Read156
;__Lib_PS2.mpas,595 :: 		
0x0227	0x3001      	MOVLW      1
0x0228	0x00B4      	MOVWF      Ps2_Key_Read_l_special
;__Lib_PS2.mpas,596 :: 		
0x0229	0x30C8      	MOVLW      200
0x022A	0x02B3      	SUBWF      Ps2_Key_Read_l_value, 1
;__Lib_PS2.mpas,597 :: 		
L__Ps2_Key_Read156:
;__Lib_PS2.mpas,599 :: 		
0x022B	0x082E      	MOVF       FARG_Ps2_Key_Read_value, 0
0x022C	0x0084      	MOVWF      FSR
0x022D	0x0833      	MOVF       Ps2_Key_Read_l_value, 0
0x022E	0x0080      	MOVWF      INDF
;__Lib_PS2.mpas,600 :: 		
0x022F	0x082F      	MOVF       FARG_Ps2_Key_Read_special, 0
0x0230	0x0084      	MOVWF      FSR
0x0231	0x0834      	MOVF       Ps2_Key_Read_l_special, 0
0x0232	0x0080      	MOVWF      INDF
;__Lib_PS2.mpas,601 :: 		
0x0233	0x0830      	MOVF       FARG_Ps2_Key_Read_pressed, 0
0x0234	0x0084      	MOVWF      FSR
0x0235	0x0835      	MOVF       Ps2_Key_Read_l_pressed, 0
0x0236	0x0080      	MOVWF      INDF
;__Lib_PS2.mpas,602 :: 		
0x0237	0x3001      	MOVLW      1
0x0238	0x00B1      	MOVWF      Ps2_Key_Read_local_result
;__Lib_PS2.mpas,603 :: 		
L_end__Ps2_Key_Read:
0x0239	0x0831      	MOVF       Ps2_Key_Read_local_result, 0
0x023A	0x00F0      	MOVWF      R0
0x023B	0x0008      	RETURN
; end of _Ps2_Key_Read
_UART1_Write_Text:
;__Lib_UART_c67.mpas,80 :: 		
;__Lib_UART_c67.mpas,81 :: 		
0x023C	0x1283      	BCF        STATUS, 5
0x023D	0x1303      	BCF        STATUS, 6
0x023E	0x01AF      	CLRF       UART1_Write_Text_counter
;__Lib_UART_c67.mpas,82 :: 		
0x023F	0x082E      	MOVF       FARG_UART1_Write_Text_uart_text, 0
0x0240	0x0084      	MOVWF      FSR
0x0241	0x0800      	MOVF       INDF, 0
0x0242	0x00B0      	MOVWF      UART1_Write_Text_data_
;__Lib_UART_c67.mpas,83 :: 		
L__UART1_Write_Text20:
0x0243	0x0830      	MOVF       UART1_Write_Text_data_, 0
0x0244	0x3A00      	XORLW      0
0x0245	0x1903      	BTFSC      STATUS, 2
0x0246	0x2A51      	GOTO       L__UART1_Write_Text21
;__Lib_UART_c67.mpas,85 :: 		
0x0247	0x0830      	MOVF       UART1_Write_Text_data_, 0
0x0248	0x00B6      	MOVWF      FARG_UART1_Write_data_
0x0249	0x207B      	CALL       _UART1_Write
;__Lib_UART_c67.mpas,86 :: 		
0x024A	0x0AAF      	INCF       UART1_Write_Text_counter, 1
;__Lib_UART_c67.mpas,87 :: 		
0x024B	0x082F      	MOVF       UART1_Write_Text_counter, 0
0x024C	0x072E      	ADDWF      FARG_UART1_Write_Text_uart_text, 0
0x024D	0x0084      	MOVWF      FSR
0x024E	0x0800      	MOVF       INDF, 0
0x024F	0x00B0      	MOVWF      UART1_Write_Text_data_
;__Lib_UART_c67.mpas,88 :: 		
0x0250	0x2A43      	GOTO       L__UART1_Write_Text20
L__UART1_Write_Text21:
;__Lib_UART_c67.mpas,89 :: 		
0x0251	0x0008      	RETURN
; end of _UART1_Write_Text
_Ps2_Config:
;__Lib_PS2.mpas,607 :: 		
;__Lib_PS2.mpas,608 :: 		
0x0252	0x1683      	BSF        STATUS, 5
0x0253	0x1303      	BCF        STATUS, 6
0x0254	0x1407      	BSF        PS2_Data_Direction, BitPos(PS2_Data_Direction+0)
;__Lib_PS2.mpas,609 :: 		
0x0255	0x1487      	BSF        PS2_Clock_Direction, BitPos(PS2_Clock_Direction+0)
;__Lib_PS2.mpas,610 :: 		
0x0256	0x1283      	BCF        STATUS, 5
0x0257	0x01A0      	CLRF       __Lib_PS2_led
;__Lib_PS2.mpas,611 :: 		
0x0258	0x0008      	RETURN
; end of _Ps2_Config
_UART1_Init:
;__Lib_UART_c67.mpas,33 :: 		
;__Lib_UART_c67.mpas,34 :: 		
0x0259	0x1683      	BSF        STATUS, 5
0x025A	0x1303      	BCF        STATUS, 6
0x025B	0x1698      	BSF        TXSTA, 5
;__Lib_UART_c67.mpas,35 :: 		
0x025C	0x3090      	MOVLW      144
0x025D	0x1283      	BCF        STATUS, 5
0x025E	0x0098      	MOVWF      RCSTA
;__Lib_UART_c67.mpas,36 :: 		
0x025F	0x1683      	BSF        STATUS, 5
0x0260	0x1787      	BSF        TRISC7_bit, 7
;__Lib_UART_c67.mpas,37 :: 		
0x0261	0x1307      	BCF        TRISC6_bit, 6
;__Lib_UART_c67.mpas,38 :: 		
L__UART1_Init2:
0x0262	0x1283      	BCF        STATUS, 5
0x0263	0x1E8C      	BTFSS      PIR1, 5
0x0264	0x2A68      	GOTO       L__UART1_Init3
;__Lib_UART_c67.mpas,39 :: 		
0x0265	0x081A      	MOVF       RCREG, 0
0x0266	0x00F0      	MOVWF      R0
0x0267	0x2A62      	GOTO       L__UART1_Init2
L__UART1_Init3:
;__Lib_UART_c67.mpas,40 :: 		
0x0268	0x0008      	RETURN
; end of _UART1_Init
_main:
;Teclado_PC.mbas,12 :: 		main:
;Teclado_PC.mbas,13 :: 		ANSEL  = 0              ' Configure AN pins as digital I/O
0x0269	0x1683      	BSF        STATUS, 5
0x026A	0x1703      	BSF        STATUS, 6
0x026B	0x0188      	CLRF       ANSEL
;Teclado_PC.mbas,14 :: 		ANSELH = 0
0x026C	0x0189      	CLRF       ANSELH
;Teclado_PC.mbas,15 :: 		PORTC=0
0x026D	0x1283      	BCF        STATUS, 5
0x026E	0x1303      	BCF        STATUS, 6
0x026F	0x0187      	CLRF       PORTC
;Teclado_PC.mbas,16 :: 		OSCCON= 0X75
0x0270	0x3075      	MOVLW      117
0x0271	0x1683      	BSF        STATUS, 5
0x0272	0x008F      	MOVWF      OSCCON
;Teclado_PC.mbas,18 :: 		UART1_Init(19200)             ' Initialize UART module at 9600 bps
0x0273	0x3019      	MOVLW      25
0x0274	0x0099      	MOVWF      SPBRG
0x0275	0x1518      	BSF        TXSTA, 2
0x0276	0x2259      	CALL       _UART1_Init
;Teclado_PC.mbas,19 :: 		Ps2_Config()                  ' Init PS/2 Keyboard
0x0277	0x2252      	CALL       _Ps2_Config
;Teclado_PC.mbas,20 :: 		Delay_ms(100)                 ' Wait for keyboard to finish
0x0278	0x3002      	MOVLW      2
0x0279	0x00FB      	MOVWF      R11
0x027A	0x3004      	MOVLW      4
0x027B	0x00FC      	MOVWF      R12
0x027C	0x30BA      	MOVLW      186
0x027D	0x00FD      	MOVWF      R13
L__main1:
0x027E	0x0BFD      	DECFSZ     R13, 1
0x027F	0x2A7E      	GOTO       L__main1
0x0280	0x0BFC      	DECFSZ     R12, 1
0x0281	0x2A7E      	GOTO       L__main1
0x0282	0x0BFB      	DECFSZ     R11, 1
0x0283	0x2A7E      	GOTO       L__main1
0x0284	0x0000      	NOP
;Teclado_PC.mbas,21 :: 		UART1_Write_Text("Ready")     ' Ready
0x0285	0x3028      	MOVLW      _main_Local_Text
0x0286	0x0084      	MOVWF      FSR
0x0287	0x3052      	MOVLW      82
0x0288	0x0080      	MOVWF      INDF
0x0289	0x0A84      	INCF       FSR, 1
0x028A	0x3065      	MOVLW      101
0x028B	0x0080      	MOVWF      INDF
0x028C	0x0A84      	INCF       FSR, 1
0x028D	0x3061      	MOVLW      97
0x028E	0x0080      	MOVWF      INDF
0x028F	0x0A84      	INCF       FSR, 1
0x0290	0x3064      	MOVLW      100
0x0291	0x0080      	MOVWF      INDF
0x0292	0x0A84      	INCF       FSR, 1
0x0293	0x3079      	MOVLW      121
0x0294	0x0080      	MOVWF      INDF
0x0295	0x0A84      	INCF       FSR, 1
0x0296	0x0180      	CLRF       INDF
0x0297	0x0A84      	INCF       FSR, 1
0x0298	0x3028      	MOVLW      _main_Local_Text
0x0299	0x00AE      	MOVWF      FARG_UART1_Write_Text_uart_text
0x029A	0x223C      	CALL       _UART1_Write_Text
;Teclado_PC.mbas,23 :: 		while TRUE                                          ' Endless loop
L__main3:
;Teclado_PC.mbas,24 :: 		if Ps2_Key_Read(keydata, special, down) then      ' If data was read from PS/2
0x029B	0x3025      	MOVLW      _keydata
0x029C	0x00AE      	MOVWF      FARG_Ps2_Key_Read_value
0x029D	0x3026      	MOVLW      _special
0x029E	0x00AF      	MOVWF      FARG_Ps2_Key_Read_special
0x029F	0x3027      	MOVLW      _down
0x02A0	0x00B0      	MOVWF      FARG_Ps2_Key_Read_pressed
0x02A1	0x2176      	CALL       _Ps2_Key_Read
0x02A2	0x0870      	MOVF       R0, 0
0x02A3	0x1903      	BTFSC      STATUS, 2
0x02A4	0x2AEB      	GOTO       L__main8
;Teclado_PC.mbas,25 :: 		if (down <> 0) and (keydata = 16) then          ' Backspace read
0x02A5	0x0827      	MOVF       _down, 0
0x02A6	0x3A00      	XORLW      0
0x02A7	0x30FF      	MOVLW      255
0x02A8	0x1903      	BTFSC      STATUS, 2
0x02A9	0x3000      	MOVLW      0
0x02AA	0x00F1      	MOVWF      R1
0x02AB	0x0825      	MOVF       _keydata, 0
0x02AC	0x3A10      	XORLW      16
0x02AD	0x30FF      	MOVLW      255
0x02AE	0x1D03      	BTFSS      STATUS, 2
0x02AF	0x3000      	MOVLW      0
0x02B0	0x00F0      	MOVWF      R0
0x02B1	0x0871      	MOVF       R1, 0
0x02B2	0x05F0      	ANDWF      R0, 1
0x02B3	0x1903      	BTFSC      STATUS, 2
0x02B4	0x2AB9      	GOTO       L__main11
;Teclado_PC.mbas,26 :: 		UART1_Write(0x08)                             ' Send Backspace to usart terminal
0x02B5	0x3008      	MOVLW      8
0x02B6	0x00B6      	MOVWF      FARG_UART1_Write_data_
0x02B7	0x207B      	CALL       _UART1_Write
0x02B8	0x2AEB      	GOTO       L__main12
;Teclado_PC.mbas,27 :: 		else
L__main11:
;Teclado_PC.mbas,28 :: 		if (down <> 0) and (keydata = 13) then        ' Enter read
0x02B9	0x0827      	MOVF       _down, 0
0x02BA	0x3A00      	XORLW      0
0x02BB	0x30FF      	MOVLW      255
0x02BC	0x1903      	BTFSC      STATUS, 2
0x02BD	0x3000      	MOVLW      0
0x02BE	0x00F1      	MOVWF      R1
0x02BF	0x0825      	MOVF       _keydata, 0
0x02C0	0x3A0D      	XORLW      13
0x02C1	0x30FF      	MOVLW      255
0x02C2	0x1D03      	BTFSS      STATUS, 2
0x02C3	0x3000      	MOVLW      0
0x02C4	0x00F0      	MOVWF      R0
0x02C5	0x0871      	MOVF       R1, 0
0x02C6	0x05F0      	ANDWF      R0, 1
0x02C7	0x1903      	BTFSC      STATUS, 2
0x02C8	0x2AD0      	GOTO       L__main14
;Teclado_PC.mbas,29 :: 		UART1_Write(10)                             ' Send carriage return to usart terminal
0x02C9	0x300A      	MOVLW      10
0x02CA	0x00B6      	MOVWF      FARG_UART1_Write_data_
0x02CB	0x207B      	CALL       _UART1_Write
;Teclado_PC.mbas,30 :: 		UART1_Write(13)                             ' Uncomment this line if usart terminal also expects line feed
0x02CC	0x300D      	MOVLW      13
0x02CD	0x00B6      	MOVWF      FARG_UART1_Write_data_
0x02CE	0x207B      	CALL       _UART1_Write
0x02CF	0x2AEB      	GOTO       L__main15
;Teclado_PC.mbas,32 :: 		else
L__main14:
;Teclado_PC.mbas,33 :: 		if (down <> 0) and (special = 0) and (keydata <> 0) then   ' Common key read
0x02D0	0x0827      	MOVF       _down, 0
0x02D1	0x3A00      	XORLW      0
0x02D2	0x30FF      	MOVLW      255
0x02D3	0x1903      	BTFSC      STATUS, 2
0x02D4	0x3000      	MOVLW      0
0x02D5	0x00F1      	MOVWF      R1
0x02D6	0x0826      	MOVF       _special, 0
0x02D7	0x3A00      	XORLW      0
0x02D8	0x30FF      	MOVLW      255
0x02D9	0x1D03      	BTFSS      STATUS, 2
0x02DA	0x3000      	MOVLW      0
0x02DB	0x00F0      	MOVWF      R0
0x02DC	0x0870      	MOVF       R0, 0
0x02DD	0x05F1      	ANDWF      R1, 1
0x02DE	0x0825      	MOVF       _keydata, 0
0x02DF	0x3A00      	XORLW      0
0x02E0	0x30FF      	MOVLW      255
0x02E1	0x1903      	BTFSC      STATUS, 2
0x02E2	0x3000      	MOVLW      0
0x02E3	0x00F0      	MOVWF      R0
0x02E4	0x0871      	MOVF       R1, 0
0x02E5	0x05F0      	ANDWF      R0, 1
0x02E6	0x1903      	BTFSC      STATUS, 2
0x02E7	0x2AEB      	GOTO       L__main17
;Teclado_PC.mbas,34 :: 		UART1_Write(keydata)                      ' Send key to usart terminal
0x02E8	0x0825      	MOVF       _keydata, 0
0x02E9	0x00B6      	MOVWF      FARG_UART1_Write_data_
0x02EA	0x207B      	CALL       _UART1_Write
L__main17:
;Teclado_PC.mbas,36 :: 		end if
L__main15:
;Teclado_PC.mbas,37 :: 		end if
L__main12:
L__main8:
;Teclado_PC.mbas,39 :: 		Delay_ms(10)                                      ' Debounce period
0x02EB	0x301A      	MOVLW      26
0x02EC	0x00FC      	MOVWF      R12
0x02ED	0x30F8      	MOVLW      248
0x02EE	0x00FD      	MOVWF      R13
L__main19:
0x02EF	0x0BFD      	DECFSZ     R13, 1
0x02F0	0x2AEF      	GOTO       L__main19
0x02F1	0x0BFC      	DECFSZ     R12, 1
0x02F2	0x2AEF      	GOTO       L__main19
0x02F3	0x0000      	NOP
;Teclado_PC.mbas,40 :: 		wend
0x02F4	0x2A9B      	GOTO       L__main3
0x02F5	0x2AF5      	GOTO       $+0
; end of _main
;__Lib_PS2.mpas,46 :: __Lib_PS2_table_no_shift
0x02F6	0x34D1 ;__Lib_PS2_table_no_shift+0
0x02F7	0x3400 ;__Lib_PS2_table_no_shift+1
0x02F8	0x34CD ;__Lib_PS2_table_no_shift+2
0x02F9	0x34CB ;__Lib_PS2_table_no_shift+3
0x02FA	0x34C9 ;__Lib_PS2_table_no_shift+4
0x02FB	0x34CA ;__Lib_PS2_table_no_shift+5
0x02FC	0x34D4 ;__Lib_PS2_table_no_shift+6
0x02FD	0x34D3 ;__Lib_PS2_table_no_shift+7
0x02FE	0x34D2 ;__Lib_PS2_table_no_shift+8
0x02FF	0x34D0 ;__Lib_PS2_table_no_shift+9
0x0300	0x34CE ;__Lib_PS2_table_no_shift+10
0x0301	0x34CC ;__Lib_PS2_table_no_shift+11
0x0302	0x34EB ;__Lib_PS2_table_no_shift+12
0x0303	0x3460 ;__Lib_PS2_table_no_shift+13
0x0304	0x3400 ;__Lib_PS2_table_no_shift+14
0x0305	0x3400 ;__Lib_PS2_table_no_shift+15
0x0306	0x34DE ;__Lib_PS2_table_no_shift+16
0x0307	0x34DD ;__Lib_PS2_table_no_shift+17
0x0308	0x3400 ;__Lib_PS2_table_no_shift+18
0x0309	0x34DC ;__Lib_PS2_table_no_shift+19
0x030A	0x3471 ;__Lib_PS2_table_no_shift+20
0x030B	0x3431 ;__Lib_PS2_table_no_shift+21
0x030C	0x3400 ;__Lib_PS2_table_no_shift+22
0x030D	0x3400 ;__Lib_PS2_table_no_shift+23
0x030E	0x3400 ;__Lib_PS2_table_no_shift+24
0x030F	0x347A ;__Lib_PS2_table_no_shift+25
0x0310	0x3473 ;__Lib_PS2_table_no_shift+26
0x0311	0x3461 ;__Lib_PS2_table_no_shift+27
0x0312	0x3477 ;__Lib_PS2_table_no_shift+28
0x0313	0x3432 ;__Lib_PS2_table_no_shift+29
0x0314	0x34DB ;__Lib_PS2_table_no_shift+30
0x0315	0x3400 ;__Lib_PS2_table_no_shift+31
0x0316	0x3463 ;__Lib_PS2_table_no_shift+32
0x0317	0x3478 ;__Lib_PS2_table_no_shift+33
0x0318	0x3464 ;__Lib_PS2_table_no_shift+34
0x0319	0x3465 ;__Lib_PS2_table_no_shift+35
0x031A	0x3434 ;__Lib_PS2_table_no_shift+36
0x031B	0x3433 ;__Lib_PS2_table_no_shift+37
0x031C	0x34DB ;__Lib_PS2_table_no_shift+38
0x031D	0x3400 ;__Lib_PS2_table_no_shift+39
0x031E	0x3420 ;__Lib_PS2_table_no_shift+40
0x031F	0x3476 ;__Lib_PS2_table_no_shift+41
0x0320	0x3466 ;__Lib_PS2_table_no_shift+42
0x0321	0x3474 ;__Lib_PS2_table_no_shift+43
0x0322	0x3472 ;__Lib_PS2_table_no_shift+44
0x0323	0x3435 ;__Lib_PS2_table_no_shift+45
0x0324	0x3400 ;__Lib_PS2_table_no_shift+46
0x0325	0x3400 ;__Lib_PS2_table_no_shift+47
0x0326	0x346E ;__Lib_PS2_table_no_shift+48
0x0327	0x3462 ;__Lib_PS2_table_no_shift+49
0x0328	0x3468 ;__Lib_PS2_table_no_shift+50
0x0329	0x3467 ;__Lib_PS2_table_no_shift+51
0x032A	0x3479 ;__Lib_PS2_table_no_shift+52
0x032B	0x3436 ;__Lib_PS2_table_no_shift+53
0x032C	0x3400 ;__Lib_PS2_table_no_shift+54
0x032D	0x3400 ;__Lib_PS2_table_no_shift+55
0x032E	0x3400 ;__Lib_PS2_table_no_shift+56
0x032F	0x346D ;__Lib_PS2_table_no_shift+57
0x0330	0x346A ;__Lib_PS2_table_no_shift+58
0x0331	0x3475 ;__Lib_PS2_table_no_shift+59
0x0332	0x3437 ;__Lib_PS2_table_no_shift+60
0x0333	0x3438 ;__Lib_PS2_table_no_shift+61
0x0334	0x3400 ;__Lib_PS2_table_no_shift+62
0x0335	0x3400 ;__Lib_PS2_table_no_shift+63
0x0336	0x342C ;__Lib_PS2_table_no_shift+64
0x0337	0x346B ;__Lib_PS2_table_no_shift+65
0x0338	0x3469 ;__Lib_PS2_table_no_shift+66
0x0339	0x346F ;__Lib_PS2_table_no_shift+67
0x033A	0x3430 ;__Lib_PS2_table_no_shift+68
0x033B	0x3439 ;__Lib_PS2_table_no_shift+69
0x033C	0x3400 ;__Lib_PS2_table_no_shift+70
0x033D	0x3400 ;__Lib_PS2_table_no_shift+71
0x033E	0x342E ;__Lib_PS2_table_no_shift+72
0x033F	0x342F ;__Lib_PS2_table_no_shift+73
0x0340	0x346C ;__Lib_PS2_table_no_shift+74
0x0341	0x343B ;__Lib_PS2_table_no_shift+75
0x0342	0x3470 ;__Lib_PS2_table_no_shift+76
0x0343	0x342D ;__Lib_PS2_table_no_shift+77
0x0344	0x3400 ;__Lib_PS2_table_no_shift+78
0x0345	0x3400 ;__Lib_PS2_table_no_shift+79
0x0346	0x3400 ;__Lib_PS2_table_no_shift+80
0x0347	0x3427 ;__Lib_PS2_table_no_shift+81
0x0348	0x3400 ;__Lib_PS2_table_no_shift+82
0x0349	0x345B ;__Lib_PS2_table_no_shift+83
0x034A	0x343D ;__Lib_PS2_table_no_shift+84
0x034B	0x3400 ;__Lib_PS2_table_no_shift+85
0x034C	0x3400 ;__Lib_PS2_table_no_shift+86
0x034D	0x34E1 ;__Lib_PS2_table_no_shift+87
0x034E	0x34DD ;__Lib_PS2_table_no_shift+88
0x034F	0x34D5 ;__Lib_PS2_table_no_shift+89
0x0350	0x345D ;__Lib_PS2_table_no_shift+90
0x0351	0x3400 ;__Lib_PS2_table_no_shift+91
0x0352	0x345C ;__Lib_PS2_table_no_shift+92
0x0353	0x3400 ;__Lib_PS2_table_no_shift+93
0x0354	0x3400 ;__Lib_PS2_table_no_shift+94
0x0355	0x3400 ;__Lib_PS2_table_no_shift+95
0x0356	0x3400 ;__Lib_PS2_table_no_shift+96
0x0357	0x3400 ;__Lib_PS2_table_no_shift+97
0x0358	0x3400 ;__Lib_PS2_table_no_shift+98
0x0359	0x3400 ;__Lib_PS2_table_no_shift+99
0x035A	0x3400 ;__Lib_PS2_table_no_shift+100
0x035B	0x34D8 ;__Lib_PS2_table_no_shift+101
0x035C	0x3400 ;__Lib_PS2_table_no_shift+102
0x035D	0x3400 ;__Lib_PS2_table_no_shift+103
0x035E	0x34E2 ;__Lib_PS2_table_no_shift+104
0x035F	0x3400 ;__Lib_PS2_table_no_shift+105
0x0360	0x34E6 ;__Lib_PS2_table_no_shift+106
0x0361	0x34E3 ;__Lib_PS2_table_no_shift+107
0x0362	0x3400 ;__Lib_PS2_table_no_shift+108
0x0363	0x3400 ;__Lib_PS2_table_no_shift+109
0x0364	0x3400 ;__Lib_PS2_table_no_shift+110
0x0365	0x34D9 ;__Lib_PS2_table_no_shift+111
0x0366	0x34DA ;__Lib_PS2_table_no_shift+112
0x0367	0x34E9 ;__Lib_PS2_table_no_shift+113
0x0368	0x3435 ;__Lib_PS2_table_no_shift+114
0x0369	0x34E7 ;__Lib_PS2_table_no_shift+115
0x036A	0x34E8 ;__Lib_PS2_table_no_shift+116
0x036B	0x34EA ;__Lib_PS2_table_no_shift+117
0x036C	0x34E5 ;__Lib_PS2_table_no_shift+118
0x036D	0x34D3 ;__Lib_PS2_table_no_shift+119
0x036E	0x342B ;__Lib_PS2_table_no_shift+120
0x036F	0x34D7 ;__Lib_PS2_table_no_shift+121
0x0370	0x342D ;__Lib_PS2_table_no_shift+122
0x0371	0x342A ;__Lib_PS2_table_no_shift+123
0x0372	0x34D6 ;__Lib_PS2_table_no_shift+124
0x0373	0x34E4 ;__Lib_PS2_table_no_shift+125
0x0374	0x3400 ;__Lib_PS2_table_no_shift+126
0x0375	0x3400 ;__Lib_PS2_table_no_shift+127
0x0376	0x3400 ;__Lib_PS2_table_no_shift+128
0x0377	0x3400 ;__Lib_PS2_table_no_shift+129
0x0378	0x34CF ;__Lib_PS2_table_no_shift+130
; end of __Lib_PS2_table_no_shift
;__Lib_PS2.mpas,180 :: __Lib_PS2_table_shift
0x0379	0x34D1 ;__Lib_PS2_table_shift+0
0x037A	0x3400 ;__Lib_PS2_table_shift+1
0x037B	0x34CD ;__Lib_PS2_table_shift+2
0x037C	0x34CB ;__Lib_PS2_table_shift+3
0x037D	0x34C9 ;__Lib_PS2_table_shift+4
0x037E	0x34CA ;__Lib_PS2_table_shift+5
0x037F	0x34D4 ;__Lib_PS2_table_shift+6
0x0380	0x3400 ;__Lib_PS2_table_shift+7
0x0381	0x34D2 ;__Lib_PS2_table_shift+8
0x0382	0x34D0 ;__Lib_PS2_table_shift+9
0x0383	0x34CE ;__Lib_PS2_table_shift+10
0x0384	0x34CC ;__Lib_PS2_table_shift+11
0x0385	0x34EB ;__Lib_PS2_table_shift+12
0x0386	0x347E ;__Lib_PS2_table_shift+13
0x0387	0x3400 ;__Lib_PS2_table_shift+14
0x0388	0x3400 ;__Lib_PS2_table_shift+15
0x0389	0x34DE ;__Lib_PS2_table_shift+16
0x038A	0x34DD ;__Lib_PS2_table_shift+17
0x038B	0x3400 ;__Lib_PS2_table_shift+18
0x038C	0x34DC ;__Lib_PS2_table_shift+19
0x038D	0x3451 ;__Lib_PS2_table_shift+20
0x038E	0x3421 ;__Lib_PS2_table_shift+21
0x038F	0x3400 ;__Lib_PS2_table_shift+22
0x0390	0x3400 ;__Lib_PS2_table_shift+23
0x0391	0x3400 ;__Lib_PS2_table_shift+24
0x0392	0x345A ;__Lib_PS2_table_shift+25
0x0393	0x3453 ;__Lib_PS2_table_shift+26
0x0394	0x3441 ;__Lib_PS2_table_shift+27
0x0395	0x3457 ;__Lib_PS2_table_shift+28
0x0396	0x3440 ;__Lib_PS2_table_shift+29
0x0397	0x34DB ;__Lib_PS2_table_shift+30
0x0398	0x3400 ;__Lib_PS2_table_shift+31
0x0399	0x3443 ;__Lib_PS2_table_shift+32
0x039A	0x3458 ;__Lib_PS2_table_shift+33
0x039B	0x3444 ;__Lib_PS2_table_shift+34
0x039C	0x3445 ;__Lib_PS2_table_shift+35
0x039D	0x3424 ;__Lib_PS2_table_shift+36
0x039E	0x3423 ;__Lib_PS2_table_shift+37
0x039F	0x34DB ;__Lib_PS2_table_shift+38
0x03A0	0x3400 ;__Lib_PS2_table_shift+39
0x03A1	0x3420 ;__Lib_PS2_table_shift+40
0x03A2	0x3456 ;__Lib_PS2_table_shift+41
0x03A3	0x3446 ;__Lib_PS2_table_shift+42
0x03A4	0x3454 ;__Lib_PS2_table_shift+43
0x03A5	0x3452 ;__Lib_PS2_table_shift+44
0x03A6	0x3425 ;__Lib_PS2_table_shift+45
0x03A7	0x3400 ;__Lib_PS2_table_shift+46
0x03A8	0x3400 ;__Lib_PS2_table_shift+47
0x03A9	0x344E ;__Lib_PS2_table_shift+48
0x03AA	0x3442 ;__Lib_PS2_table_shift+49
0x03AB	0x3448 ;__Lib_PS2_table_shift+50
0x03AC	0x3447 ;__Lib_PS2_table_shift+51
0x03AD	0x3459 ;__Lib_PS2_table_shift+52
0x03AE	0x345E ;__Lib_PS2_table_shift+53
0x03AF	0x3400 ;__Lib_PS2_table_shift+54
0x03B0	0x3400 ;__Lib_PS2_table_shift+55
0x03B1	0x3400 ;__Lib_PS2_table_shift+56
0x03B2	0x344D ;__Lib_PS2_table_shift+57
0x03B3	0x344A ;__Lib_PS2_table_shift+58
0x03B4	0x3455 ;__Lib_PS2_table_shift+59
0x03B5	0x3426 ;__Lib_PS2_table_shift+60
0x03B6	0x342A ;__Lib_PS2_table_shift+61
0x03B7	0x3400 ;__Lib_PS2_table_shift+62
0x03B8	0x3400 ;__Lib_PS2_table_shift+63
0x03B9	0x343C ;__Lib_PS2_table_shift+64
0x03BA	0x344B ;__Lib_PS2_table_shift+65
0x03BB	0x3449 ;__Lib_PS2_table_shift+66
0x03BC	0x344F ;__Lib_PS2_table_shift+67
0x03BD	0x3429 ;__Lib_PS2_table_shift+68
0x03BE	0x3428 ;__Lib_PS2_table_shift+69
0x03BF	0x3400 ;__Lib_PS2_table_shift+70
0x03C0	0x3400 ;__Lib_PS2_table_shift+71
0x03C1	0x343E ;__Lib_PS2_table_shift+72
0x03C2	0x343F ;__Lib_PS2_table_shift+73
0x03C3	0x344C ;__Lib_PS2_table_shift+74
0x03C4	0x343A ;__Lib_PS2_table_shift+75
0x03C5	0x3450 ;__Lib_PS2_table_shift+76
0x03C6	0x345F ;__Lib_PS2_table_shift+77
0x03C7	0x3400 ;__Lib_PS2_table_shift+78
0x03C8	0x3400 ;__Lib_PS2_table_shift+79
0x03C9	0x3400 ;__Lib_PS2_table_shift+80
0x03CA	0x3422 ;__Lib_PS2_table_shift+81
0x03CB	0x3400 ;__Lib_PS2_table_shift+82
0x03CC	0x347B ;__Lib_PS2_table_shift+83
0x03CD	0x342B ;__Lib_PS2_table_shift+84
0x03CE	0x3400 ;__Lib_PS2_table_shift+85
0x03CF	0x3400 ;__Lib_PS2_table_shift+86
0x03D0	0x34E1 ;__Lib_PS2_table_shift+87
0x03D1	0x34DD ;__Lib_PS2_table_shift+88
0x03D2	0x34D5 ;__Lib_PS2_table_shift+89
0x03D3	0x347D ;__Lib_PS2_table_shift+90
0x03D4	0x3400 ;__Lib_PS2_table_shift+91
0x03D5	0x347C ;__Lib_PS2_table_shift+92
0x03D6	0x3400 ;__Lib_PS2_table_shift+93
0x03D7	0x3400 ;__Lib_PS2_table_shift+94
0x03D8	0x3400 ;__Lib_PS2_table_shift+95
0x03D9	0x3400 ;__Lib_PS2_table_shift+96
0x03DA	0x3400 ;__Lib_PS2_table_shift+97
0x03DB	0x3400 ;__Lib_PS2_table_shift+98
0x03DC	0x3400 ;__Lib_PS2_table_shift+99
0x03DD	0x3400 ;__Lib_PS2_table_shift+100
0x03DE	0x34D8 ;__Lib_PS2_table_shift+101
0x03DF	0x3400 ;__Lib_PS2_table_shift+102
0x03E0	0x3400 ;__Lib_PS2_table_shift+103
0x03E1	0x34E2 ;__Lib_PS2_table_shift+104
0x03E2	0x3400 ;__Lib_PS2_table_shift+105
0x03E3	0x34E6 ;__Lib_PS2_table_shift+106
0x03E4	0x34E3 ;__Lib_PS2_table_shift+107
0x03E5	0x3400 ;__Lib_PS2_table_shift+108
0x03E6	0x3400 ;__Lib_PS2_table_shift+109
0x03E7	0x3400 ;__Lib_PS2_table_shift+110
0x03E8	0x34D9 ;__Lib_PS2_table_shift+111
0x03E9	0x34DA ;__Lib_PS2_table_shift+112
0x03EA	0x34E9 ;__Lib_PS2_table_shift+113
0x03EB	0x3435 ;__Lib_PS2_table_shift+114
0x03EC	0x34E7 ;__Lib_PS2_table_shift+115
0x03ED	0x34E8 ;__Lib_PS2_table_shift+116
0x03EE	0x34EA ;__Lib_PS2_table_shift+117
0x03EF	0x34E5 ;__Lib_PS2_table_shift+118
0x03F0	0x34D3 ;__Lib_PS2_table_shift+119
0x03F1	0x342B ;__Lib_PS2_table_shift+120
0x03F2	0x34D7 ;__Lib_PS2_table_shift+121
0x03F3	0x342D ;__Lib_PS2_table_shift+122
0x03F4	0x342A ;__Lib_PS2_table_shift+123
0x03F5	0x34D6 ;__Lib_PS2_table_shift+124
0x03F6	0x34E4 ;__Lib_PS2_table_shift+125
0x03F7	0x3400 ;__Lib_PS2_table_shift+126
0x03F8	0x3400 ;__Lib_PS2_table_shift+127
0x03F9	0x3400 ;__Lib_PS2_table_shift+128
0x03FA	0x3400 ;__Lib_PS2_table_shift+129
0x03FB	0x34CF ;__Lib_PS2_table_shift+130
; end of __Lib_PS2_table_shift
;__Lib_PS2.mpas,22 :: __Lib_PS2_table_num
0x03FC	0x3431 ;__Lib_PS2_table_num+0
0x03FD	0x3400 ;__Lib_PS2_table_num+1
0x03FE	0x3434 ;__Lib_PS2_table_num+2
0x03FF	0x3437 ;__Lib_PS2_table_num+3
0x0400	0x3400 ;__Lib_PS2_table_num+4
0x0401	0x3400 ;__Lib_PS2_table_num+5
0x0402	0x3400 ;__Lib_PS2_table_num+6
0x0403	0x3430 ;__Lib_PS2_table_num+7
0x0404	0x342E ;__Lib_PS2_table_num+8
0x0405	0x3432 ;__Lib_PS2_table_num+9
0x0406	0x3435 ;__Lib_PS2_table_num+10
0x0407	0x3436 ;__Lib_PS2_table_num+11
0x0408	0x3438 ;__Lib_PS2_table_num+12
0x0409	0x3400 ;__Lib_PS2_table_num+13
0x040A	0x3400 ;__Lib_PS2_table_num+14
0x040B	0x3400 ;__Lib_PS2_table_num+15
0x040C	0x342B ;__Lib_PS2_table_num+16
0x040D	0x3433 ;__Lib_PS2_table_num+17
0x040E	0x342D ;__Lib_PS2_table_num+18
0x040F	0x342A ;__Lib_PS2_table_num+19
0x0410	0x3439 ;__Lib_PS2_table_num+20
; end of __Lib_PS2_table_num
Symbol List:
//** Routines locations **
//ADDRESS    SIZE    PROCEDURE
//----------------------------------------------
0x0003       [7]    _____DoICP
0x000A       [4]    __Lib_PS2_Clock_Enable
0x000E      [33]    __Lib_PS2_Wait_Falling
0x002F      [16]    __Lib_PS2_Clock_Wait_High
0x003F       [6]    __Lib_PS2_Clock_Disable
0x0045      [54]    __Lib_PS2_Keyboard_Active
0x007B      [10]    _UART1_Write
0x0085      [70]    __Lib_PS2_Get_Hex
0x00CB     [171]    __Lib_PS2_Ps2_Get_Value
0x0176     [198]    _Ps2_Key_Read
0x023C      [22]    _UART1_Write_Text
0x0252       [7]    _Ps2_Config
0x0259      [16]    _UART1_Init
0x0269     [141]    _main
//** Variables locations ** 
//ADDRESS    SIZE    VARIABLE
//----------------------------------------------
0x0000       [1]    INDF
0x0001       [1]    TMR0
0x0002       [1]    PCL
0x0003       [0]    RP1_bit
0x0003       [0]    NOT_PD_bit
0x0003       [0]    NOT_TO_bit
0x0003       [0]    RP0_bit
0x0003       [1]    STATUS
0x0003       [0]    C_bit
0x0003       [0]    DC_bit
0x0003       [0]    Z_bit
0x0003       [0]    IRP_bit
0x0004       [1]    FSR
0x0004       [1]    FSRPTR
0x0005       [0]    RA0_bit
0x0005       [1]    PORTA
0x0005       [0]    RA5_bit
0x0005       [0]    RA7_bit
0x0005       [0]    RA6_bit
0x0005       [0]    RA4_bit
0x0005       [0]    RA3_bit
0x0005       [0]    RA2_bit
0x0005       [0]    RA1_bit
0x0006       [0]    RB1_bit
0x0006       [0]    RB0_bit
0x0006       [1]    PORTB
0x0006       [0]    RB2_bit
0x0006       [0]    RB7_bit
0x0006       [0]    RB6_bit
0x0006       [0]    RB5_bit
0x0006       [0]    RB3_bit
0x0006       [0]    RB4_bit
0x0007       [1]    PORTC
0x0007       [0]    RC2_bit
0x0007       [0]    RC3_bit
0x0007       [0]    RC4_bit
0x0007       [0]    PS2_Clock
0x0007       [0]    RC0_bit
0x0007       [0]    RC1_bit
0x0007       [0]    RC7_bit
0x0007       [0]    PS2_Data
0x0007       [0]    RC5_bit
0x0007       [0]    RC6_bit
0x0009       [0]    RE3_bit
0x0009       [1]    PORTE
0x000A       [1]    PCLATH
0x000B       [0]    RBIE_bit
0x000B       [0]    INTE_bit
0x000B       [0]    TMR0IE_bit
0x000B       [0]    T0IF_bit
0x000B       [0]    INTF_bit
0x000B       [0]    TMR0IF_bit
0x000B       [0]    RBIF_bit
0x000B       [0]    GIE_bit
0x000B       [1]    INTCON
0x000B       [0]    T0IE_bit
0x000B       [0]    PEIE_bit
0x000C       [0]    TXIF_bit
0x000C       [0]    RCIF_bit
0x000C       [0]    SSPIF_bit
0x000C       [0]    TMR1IF_bit
0x000C       [0]    TMR2IF_bit
0x000C       [0]    CCP1IF_bit
0x000C       [1]    PIR1
0x000C       [0]    ADIF_bit
0x000D       [0]    EEIF_bit
0x000D       [0]    C1IF_bit
0x000D       [0]    BCLIF_bit
0x000D       [0]    CCP2IF_bit
0x000D       [0]    ULPWUIF_bit
0x000D       [0]    C2IF_bit
0x000D       [1]    PIR2
0x000D       [0]    OSFIF_bit
0x000E       [1]    TMR1L
0x000F       [1]    TMR1H
0x0010       [0]    T1SYNC_bit
0x0010       [0]    T1INSYNC_bit
0x0010       [0]    TMR1CS_bit
0x0010       [1]    T1CON
0x0010       [0]    TMR1ON_bit
0x0010       [0]    NOT_T1SYNC_bit
0x0010       [0]    TMR1GE_bit
0x0010       [0]    T1GINV_bit
0x0010       [0]    T1CKPS1_bit
0x0010       [0]    T1OSCEN_bit
0x0010       [0]    T1CKPS0_bit
0x0011       [1]    TMR2
0x0012       [0]    T2CKPS1_bit
0x0012       [0]    T2CKPS0_bit
0x0012       [1]    T2CON
0x0012       [0]    TMR2ON_bit
0x0012       [0]    TOUTPS1_bit
0x0012       [0]    TOUTPS2_bit
0x0012       [0]    TOUTPS3_bit
0x0012       [0]    TOUTPS0_bit
0x0013       [1]    SSPBUF
0x0014       [0]    SSPM0_bit
0x0014       [0]    CKP_bit
0x0014       [0]    SSPM3_bit
0x0014       [0]    SSPM2_bit
0x0014       [0]    SSPM1_bit
0x0014       [0]    SSPOV_bit
0x0014       [0]    WCOL_bit
0x0014       [1]    SSPCON
0x0014       [0]    SSPEN_bit
0x0015       [1]    CCPR1L
0x0015       [2]    CCPR1
0x0016       [1]    CCPR1H
0x0017       [0]    CCP1M3_bit
0x0017       [0]    CCP1Y_bit
0x0017       [0]    CCP1M2_bit
0x0017       [0]    CCP1M0_bit
0x0017       [0]    CCP1M1_bit
0x0017       [0]    DC1B0_bit
0x0017       [0]    P1M1_bit
0x0017       [1]    CCP1CON
0x0017       [0]    P1M0_bit
0x0017       [0]    CCP1X_bit
0x0017       [0]    DC1B1_bit
0x0018       [0]    OERR_bit
0x0018       [0]    FERR_bit
0x0018       [0]    ADDEN_bit
0x0018       [1]    RCSTA
0x0018       [0]    RCD8_bit
0x0018       [0]    RX9D_bit
0x0018       [0]    CREN_bit
0x0018       [0]    RC9_bit
0x0018       [0]    RX9_bit
0x0018       [0]    SPEN_bit
0x0018       [0]    SREN_bit
0x0018       [0]    RC8_9_bit
0x0018       [0]    NOT_RC8_bit
0x0019       [1]    TXREG
0x001A       [1]    RCREG
0x001B       [2]    CCPR2
0x001B       [1]    CCPR2L
0x001C       [1]    CCPR2H
0x001D       [0]    CCP2M3_bit
0x001D       [0]    CCP2M0_bit
0x001D       [0]    CCP2M1_bit
0x001D       [0]    CCP2M2_bit
0x001D       [0]    DC2B1_bit
0x001D       [0]    CCP2X_bit
0x001D       [1]    CCP2CON
0x001D       [0]    DC2B0_bit
0x001D       [0]    CCP2Y_bit
0x001E       [1]    ADRESH
0x001F       [0]    GO_bit
0x001F       [0]    CHS0_bit
0x001F       [0]    NOT_DONE_bit
0x001F       [0]    ADON_bit
0x001F       [0]    GO_DONE_bit
0x001F       [0]    CHS1_bit
0x001F       [0]    ADCS1_bit
0x001F       [1]    ADCON0
0x001F       [0]    ADCS0_bit
0x001F       [0]    CHS2_bit
0x001F       [0]    CHS3_bit
0x0020       [1]    __Lib_PS2_led
0x0021       [1]    __Lib_PS2_loop
0x0022       [1]    __Lib_PS2_extended
0x0023       [2]    ___DoICPAddr
0x0025       [1]    _keydata
0x0026       [1]    _special
0x0027       [1]    _down
0x0028       [6]    _main_Local_Text
0x002E       [1]    FARG_Ps2_Key_Read_value
0x002E       [1]    FARG_UART1_Write_Text_uart_text
0x002F       [1]    FARG_Ps2_Key_Read_special
0x002F       [1]    UART1_Write_Text_counter
0x0030       [1]    UART1_Write_Text_data_
0x0030       [1]    FARG_Ps2_Key_Read_pressed
0x0031       [1]    Ps2_Key_Read_local_result
0x0032       [1]    Ps2_Key_Read_raw_data
0x0033       [1]    Ps2_Key_Read_l_value
0x0034       [1]    Ps2_Key_Read_l_special
0x0035       [1]    Ps2_Key_Read_l_pressed
0x0036       [1]    FARG_Get_Hex_ddata
0x0036       [1]    FARG_UART1_Write_data_
0x0036       [1]    FARG_Ps2_Get_Value_raw
0x0036       [1]    Keyboard_Active_local_result
0x0037       [1]    Keyboard_Active_loop
0x0037       [1]    Get_Hex_ldata
0x0038       [1]    Get_Hex_lparity
0x0039       [1]    Get_Hex_iparity
0x003A       [1]    Get_Hex_endbit
0x0070       [1]    R0
0x0071       [1]    R1
0x0072       [1]    R2
0x0073       [1]    R3
0x0074       [1]    R4
0x0075       [1]    R5
0x0076       [1]    R6
0x0077       [1]    R7
0x0078       [1]    R8
0x0079       [1]    R9
0x007A       [1]    R10
0x007B       [1]    R11
0x007C       [1]    R12
0x007D       [1]    R13
0x007E       [1]    R14
0x007F       [1]    R15
0x0081       [0]    T0CS_bit
0x0081       [1]    OPTION_REG
0x0081       [0]    PS0_bit
0x0081       [0]    PS1_bit
0x0081       [0]    PS2_bit
0x0081       [0]    T0SE_bit
0x0081       [0]    PSA_bit
0x0081       [0]    NOT_RBPU_bit
0x0081       [0]    INTEDG_bit
0x0085       [0]    TRISA5_bit
0x0085       [0]    TRISA1_bit
0x0085       [0]    TRISA7_bit
0x0085       [0]    TRISA6_bit
0x0085       [0]    TRISA4_bit
0x0085       [1]    TRISA
0x0085       [0]    TRISA0_bit
0x0085       [0]    TRISA3_bit
0x0085       [0]    TRISA2_bit
0x0086       [1]    TRISB
0x0086       [0]    TRISB1_bit
0x0086       [0]    TRISB0_bit
0x0086       [0]    TRISB5_bit
0x0086       [0]    TRISB4_bit
0x0086       [0]    TRISB6_bit
0x0086       [0]    TRISB2_bit
0x0086       [0]    TRISB7_bit
0x0086       [0]    TRISB3_bit
0x0087       [0]    TRISC1_bit
0x0087       [0]    TRISC5_bit
0x0087       [0]    TRISC0_bit
0x0087       [0]    TRISC4_bit
0x0087       [1]    TRISC
0x0087       [0]    TRISC2_bit
0x0087       [0]    TRISC3_bit
0x0087       [0]    PS2_Data_Direction
0x0087       [0]    PS2_Clock_Direction
0x0087       [0]    TRISC7_bit
0x0087       [0]    TRISC6_bit
0x0089       [1]    TRISE
0x0089       [0]    TRISE3_bit
0x008C       [0]    CCP1IE_bit
0x008C       [0]    ADIE_bit
0x008C       [1]    PIE1
0x008C       [0]    TXIE_bit
0x008C       [0]    SSPIE_bit
0x008C       [0]    RCIE_bit
0x008C       [0]    TMR1IE_bit
0x008C       [0]    TMR2IE_bit
0x008D       [0]    OSFIE_bit
0x008D       [1]    PIE2
0x008D       [0]    CCP2IE_bit
0x008D       [0]    C2IE_bit
0x008D       [0]    BCLIE_bit
0x008D       [0]    EEIE_bit
0x008D       [0]    ULPWUIE_bit
0x008D       [0]    C1IE_bit
0x008E       [0]    SBOREN_bit
0x008E       [0]    ULPWUE_bit
0x008E       [0]    NOT_BOR_bit
0x008E       [1]    PCON
0x008E       [0]    NOT_BO_bit
0x008E       [0]    NOT_POR_bit
0x008F       [0]    SCS_bit
0x008F       [0]    IRCF0_bit
0x008F       [0]    LTS_bit
0x008F       [0]    HTS_bit
0x008F       [0]    OSTS_bit
0x008F       [1]    OSCCON
0x008F       [0]    IRCF1_bit
0x008F       [0]    IRCF2_bit
0x0090       [0]    TUN0_bit
0x0090       [0]    TUN1_bit
0x0090       [0]    TUN3_bit
0x0090       [0]    TUN4_bit
0x0090       [1]    OSCTUNE
0x0090       [0]    TUN2_bit
0x0091       [1]    SSPCON2
0x0091       [0]    SEN_bit
0x0091       [0]    ACKDT_bit
0x0091       [0]    ACKEN_bit
0x0091       [0]    GCEN_bit
0x0091       [0]    ACKSTAT_bit
0x0091       [0]    RSEN_bit
0x0091       [0]    PEN_bit
0x0091       [0]    RCEN_bit
0x0092       [1]    PR2
0x0093       [1]    MSK
0x0093       [1]    SSPMSK
0x0093       [1]    SSPADD
0x0094       [0]    R_W_bit
0x0094       [0]    NOT_WRITE_bit
0x0094       [0]    DATA_ADDRESS_bit
0x0094       [0]    UA_bit
0x0094       [0]    BF_bit
0x0094       [0]    READ_WRITE_bit
0x0094       [0]    NOT_W_bit
0x0094       [0]    I2C_START__bit
0x0094       [0]    P_bit
0x0094       [0]    R_bit
0x0094       [0]    I2C_READ_bit
0x0094       [0]    I2C_STOP__bit
0x0094       [0]    S_bit
0x0094       [0]    D_A_bit
0x0094       [0]    D_bit
0x0094       [0]    I2C_DATA_bit
0x0094       [0]    CKE_bit
0x0094       [1]    SSPSTAT
0x0094       [0]    SMP_bit
0x0094       [0]    NOT_A_bit
0x0094       [0]    NOT_ADDRESS_bit
0x0095       [0]    WPUB1_bit
0x0095       [0]    WPUB2_bit
0x0095       [0]    WPUB6_bit
0x0095       [0]    WPUB3_bit
0x0095       [1]    WPUB
0x0095       [0]    WPUB7_bit
0x0095       [0]    WPUB0_bit
0x0095       [0]    WPUB4_bit
0x0095       [0]    WPUB5_bit
0x0096       [0]    IOCB6_bit
0x0096       [0]    IOCB0_bit
0x0096       [0]    IOCB7_bit
0x0096       [0]    IOCB3_bit
0x0096       [0]    IOCB4_bit
0x0096       [0]    IOCB1_bit
0x0096       [0]    IOCB2_bit
0x0096       [0]    IOCB5_bit
0x0096       [1]    IOCB
0x0097       [0]    VRR_bit
0x0097       [0]    VR0_bit
0x0097       [0]    VROE_bit
0x0097       [0]    VR1_bit
0x0097       [0]    VR3_bit
0x0097       [0]    VR2_bit
0x0097       [0]    VRSS_bit
0x0097       [1]    VRCON
0x0097       [0]    VREN_bit
0x0098       [0]    BRGH_bit
0x0098       [0]    TXD8_bit
0x0098       [0]    TX9D_bit
0x0098       [0]    NOT_TX8_bit
0x0098       [0]    TRMT_bit
0x0098       [0]    SENDB_bit
0x0098       [1]    TXSTA
0x0098       [0]    CSRC_bit
0x0098       [0]    TXEN_bit
0x0098       [0]    TX8_9_bit
0x0098       [0]    SYNC_bit
0x0098       [0]    TX9_bit
0x0099       [1]    SPBRG
0x0099       [0]    BRG3_bit
0x0099       [0]    BRG4_bit
0x0099       [0]    BRG5_bit
0x0099       [0]    BRG0_bit
0x0099       [0]    BRG1_bit
0x0099       [0]    BRG2_bit
0x0099       [0]    BRG7_bit
0x0099       [0]    BRG6_bit
0x009A       [0]    BRG8_bit
0x009A       [0]    BRG11_bit
0x009A       [0]    BRG12_bit
0x009A       [1]    SPBRGH
0x009A       [0]    BRG10_bit
0x009A       [0]    BRG9_bit
0x009A       [0]    BRG13_bit
0x009A       [0]    BRG15_bit
0x009A       [0]    BRG14_bit
0x009B       [0]    PDC6_bit
0x009B       [0]    PDC3_bit
0x009B       [0]    PDC4_bit
0x009B       [0]    PRSEN_bit
0x009B       [0]    PDC5_bit
0x009B       [0]    PDC0_bit
0x009B       [0]    PDC1_bit
0x009B       [0]    PDC2_bit
0x009B       [1]    PWM1CON
0x009C       [1]    ECCPAS
0x009C       [0]    PSSBD0_bit
0x009C       [0]    ECCPASE_bit
0x009C       [0]    ECCPAS2_bit
0x009C       [0]    ECCPAS1_bit
0x009C       [0]    ECCPAS0_bit
0x009C       [0]    PSSAC0_bit
0x009C       [0]    PSSBD1_bit
0x009C       [0]    PSSAC1_bit
0x009D       [1]    PSTRCON
0x009D       [0]    STRA_bit
0x009D       [0]    STRD_bit
0x009D       [0]    STRSYNC_bit
0x009D       [0]    STRB_bit
0x009D       [0]    STRC_bit
0x009E       [1]    ADRESL
0x009F       [1]    ADCON1
0x009F       [0]    VCFG0_bit
0x009F       [0]    ADFM_bit
0x009F       [0]    VCFG1_bit
0x0105       [0]    SWDTEN_bit
0x0105       [0]    WDTPS0_bit
0x0105       [0]    WDTPS1_bit
0x0105       [0]    WDTPS3_bit
0x0105       [0]    WDTPS2_bit
0x0105       [1]    WDTCON
0x0107       [0]    C1OE_bit
0x0107       [0]    C1ON_bit
0x0107       [0]    C1OUT_bit
0x0107       [0]    C1CH1_bit
0x0107       [0]    C1CH0_bit
0x0107       [0]    C1POL_bit
0x0107       [0]    C1R_bit
0x0107       [1]    CM1CON0
0x0108       [0]    C2OE_bit
0x0108       [0]    C2OUT_bit
0x0108       [0]    C2ON_bit
0x0108       [0]    C2POL_bit
0x0108       [0]    C2CH1_bit
0x0108       [0]    C2R_bit
0x0108       [0]    C2CH0_bit
0x0108       [1]    CM2CON0
0x0109       [0]    C2RSEL_bit
0x0109       [0]    C2SYNC_bit
0x0109       [0]    T1GSS_bit
0x0109       [0]    MC1OUT_bit
0x0109       [1]    CM2CON1
0x0109       [0]    C1RSEL_bit
0x0109       [0]    MC2OUT_bit
0x010C       [1]    EEDAT
0x010C       [1]    EEDATA
0x010D       [1]    EEADR
0x010E       [1]    EEDATH
0x010F       [1]    EEADRH
0x0185       [0]    PULSR_bit
0x0185       [0]    PULSS_bit
0x0185       [1]    SRCON
0x0185       [0]    FVREN_bit
0x0185       [0]    SR0_bit
0x0185       [0]    SR1_bit
0x0185       [0]    C2REN_bit
0x0185       [0]    C1SEN_bit
0x0187       [0]    WUE_bit
0x0187       [0]    ABDEN_bit
0x0187       [1]    BAUDCTL
0x0187       [0]    RCIDL_bit
0x0187       [0]    ABDOVF_bit
0x0187       [0]    BRG16_bit
0x0187       [0]    SCKP_bit
0x0188       [0]    ANS1_bit
0x0188       [0]    ANS0_bit
0x0188       [1]    ANSEL
0x0188       [0]    ANS4_bit
0x0188       [0]    ANS3_bit
0x0188       [0]    ANS2_bit
0x0189       [0]    ANS10_bit
0x0189       [0]    ANS11_bit
0x0189       [0]    ANS8_bit
0x0189       [0]    ANS9_bit
0x0189       [0]    ANS12_bit
0x0189       [0]    ANS13_bit
0x0189       [1]    ANSELH
0x018C       [0]    WREN_bit
0x018C       [0]    RD_bit
0x018C       [0]    WR_bit
0x018C       [0]    WRERR_bit
0x018C       [1]    EECON1
0x018C       [0]    EEPGD_bit
0x018D       [1]    EECON2
//** Constants locations ** 
//ADDRESS    SIZE    CONSTANT
//----------------------------------------------
0x02F6     [131]    __Lib_PS2_table_no_shift
0x0379     [131]    __Lib_PS2_table_shift
0x03FC      [21]    __Lib_PS2_table_num
//** Label List: ** 
//----------------------------------------------
  L_end__main
  L__main1
  L__main2
  L__main3
  L__main4
  L__main5
  L__main6
  L__main7
  L__main8
  L__main9
  L__main10
  L__main11
  L__main12
  L__main13
  L__main14
  L__main15
  L__main16
  L__main17
  L__main18
  L__main19
  _main
  L_end___Lib_PS2_Clock_Wait_High
  L___Lib_PS2_Clock_Wait_High1
  L___Lib_PS2_Clock_Wait_High2
  L___Lib_PS2_Clock_Wait_High3
  L___Lib_PS2_Clock_Wait_High4
  L___Lib_PS2_Clock_Wait_High5
  L___Lib_PS2_Clock_Wait_High6
  L___Lib_PS2_Clock_Wait_High7
  L___Lib_PS2_Clock_Wait_High8
  L_end___Lib_PS2_Clock_Wait_Low
  L___Lib_PS2_Clock_Wait_Low10
  L___Lib_PS2_Clock_Wait_Low11
  L___Lib_PS2_Clock_Wait_Low12
  L___Lib_PS2_Clock_Wait_Low13
  L___Lib_PS2_Clock_Wait_Low14
  L___Lib_PS2_Clock_Wait_Low15
  L___Lib_PS2_Clock_Wait_Low16
  L___Lib_PS2_Clock_Wait_Low17
  L_end___Lib_PS2_Wait_Falling
  L___Lib_PS2_Wait_Falling19
  L___Lib_PS2_Wait_Falling20
  L___Lib_PS2_Wait_Falling21
  L___Lib_PS2_Wait_Falling22
  L___Lib_PS2_Wait_Falling23
  L___Lib_PS2_Wait_Falling24
  L___Lib_PS2_Wait_Falling25
  L___Lib_PS2_Wait_Falling26
  L_end___Lib_PS2_Clock_Enable
  L_end___Lib_PS2_Clock_Disable
  L_end___Lib_PS2_Keyboard_Active
  L___Lib_PS2_Keyboard_Active30
  L___Lib_PS2_Keyboard_Active31
  L___Lib_PS2_Keyboard_Active32
  L___Lib_PS2_Keyboard_Active33
  L___Lib_PS2_Keyboard_Active34
  L___Lib_PS2_Keyboard_Active35
  L___Lib_PS2_Keyboard_Active36
  L___Lib_PS2_Keyboard_Active37
  L___Lib_PS2_Keyboard_Active38
  L___Lib_PS2_Keyboard_Active39
  L___Lib_PS2_Keyboard_Active40
  L___Lib_PS2_Keyboard_Active41
  L___Lib_PS2_Keyboard_Active42
  L___Lib_PS2_Keyboard_Active43
  L___Lib_PS2_Keyboard_Active44
  L___Lib_PS2_Keyboard_Active45
  L___Lib_PS2_Keyboard_Active46
  L___Lib_PS2_Keyboard_Active47
  L_end___Lib_PS2_Get_Hex
  L___Lib_PS2_Get_Hex49
  L___Lib_PS2_Get_Hex50
  L___Lib_PS2_Get_Hex51
  L___Lib_PS2_Get_Hex52
  L___Lib_PS2_Get_Hex53
  L___Lib_PS2_Get_Hex54
  L___Lib_PS2_Get_Hex55
  L___Lib_PS2_Get_Hex56
  L___Lib_PS2_Get_Hex57
  L___Lib_PS2_Get_Hex58
  L___Lib_PS2_Get_Hex59
  L___Lib_PS2_Get_Hex60
  L___Lib_PS2_Get_Hex61
  L___Lib_PS2_Get_Hex62
  L___Lib_PS2_Get_Hex63
  L___Lib_PS2_Get_Hex64
  L___Lib_PS2_Get_Hex65
  L___Lib_PS2_Get_Hex66
  L___Lib_PS2_Get_Hex67
  L___Lib_PS2_Get_Hex68
  L_end___Lib_PS2_Ps2_Get_Value
  L___Lib_PS2_Ps2_Get_Value70
  L___Lib_PS2_Ps2_Get_Value71
  L___Lib_PS2_Ps2_Get_Value72
  L___Lib_PS2_Ps2_Get_Value73
  L___Lib_PS2_Ps2_Get_Value74
  L___Lib_PS2_Ps2_Get_Value75
  L___Lib_PS2_Ps2_Get_Value76
  L___Lib_PS2_Ps2_Get_Value77
  L___Lib_PS2_Ps2_Get_Value78
  L___Lib_PS2_Ps2_Get_Value79
  L___Lib_PS2_Ps2_Get_Value80
  L___Lib_PS2_Ps2_Get_Value81
  L___Lib_PS2_Ps2_Get_Value82
  L___Lib_PS2_Ps2_Get_Value83
  L___Lib_PS2_Ps2_Get_Value84
  L_end__Ps2_Key_Read
  L__Ps2_Key_Read86
  L__Ps2_Key_Read87
  L__Ps2_Key_Read88
  L__Ps2_Key_Read89
  L__Ps2_Key_Read90
  L__Ps2_Key_Read91
  L__Ps2_Key_Read92
  L__Ps2_Key_Read93
  L__Ps2_Key_Read94
  L__Ps2_Key_Read95
  L__Ps2_Key_Read96
  L__Ps2_Key_Read97
  L__Ps2_Key_Read98
  L__Ps2_Key_Read99
  L__Ps2_Key_Read100
  L__Ps2_Key_Read101
  L__Ps2_Key_Read102
  L__Ps2_Key_Read103
  L__Ps2_Key_Read104
  L__Ps2_Key_Read105
  L__Ps2_Key_Read106
  L__Ps2_Key_Read107
  L__Ps2_Key_Read108
  L__Ps2_Key_Read109
  L__Ps2_Key_Read110
  L__Ps2_Key_Read111
  L__Ps2_Key_Read112
  L__Ps2_Key_Read113
  L__Ps2_Key_Read114
  L__Ps2_Key_Read115
  L__Ps2_Key_Read116
  L__Ps2_Key_Read117
  L__Ps2_Key_Read118
  L__Ps2_Key_Read119
  L__Ps2_Key_Read120
  L__Ps2_Key_Read121
  L__Ps2_Key_Read122
  L__Ps2_Key_Read123
  L__Ps2_Key_Read124
  L__Ps2_Key_Read125
  L__Ps2_Key_Read126
  L__Ps2_Key_Read127
  L__Ps2_Key_Read128
  L__Ps2_Key_Read129
  L__Ps2_Key_Read130
  L__Ps2_Key_Read131
  L__Ps2_Key_Read132
  L__Ps2_Key_Read133
  L__Ps2_Key_Read134
  L__Ps2_Key_Read135
  L__Ps2_Key_Read136
  L__Ps2_Key_Read137
  L__Ps2_Key_Read138
  L__Ps2_Key_Read139
  L__Ps2_Key_Read140
  L__Ps2_Key_Read141
  L__Ps2_Key_Read142
  L__Ps2_Key_Read143
  L__Ps2_Key_Read144
  L__Ps2_Key_Read145
  L__Ps2_Key_Read146
  L__Ps2_Key_Read147
  L__Ps2_Key_Read148
  L__Ps2_Key_Read149
  L__Ps2_Key_Read150
  L__Ps2_Key_Read151
  L__Ps2_Key_Read152
  L__Ps2_Key_Read153
  L__Ps2_Key_Read154
  L__Ps2_Key_Read155
  L__Ps2_Key_Read156
  L__Ps2_Key_Read157
  L_end__Ps2_Config
  __Lib_PS2_Clock_Wait_High
  __Lib_PS2_Clock_Wait_Low
  __Lib_PS2_Wait_Falling
  __Lib_PS2_Clock_Enable
  __Lib_PS2_Clock_Disable
  __Lib_PS2_Keyboard_Active
  L___Lib_PS2_Keyboard_Active159
  L___Lib_PS2_Keyboard_Active160
  __Lib_PS2_Get_Hex
  __Lib_PS2_Ps2_Get_Value
  L___Lib_PS2_Ps2_Get_Value161
  L___Lib_PS2_Ps2_Get_Value162
  L___Lib_PS2_Ps2_Get_Value163
  L___Lib_PS2_Ps2_Get_Value164
  L___Lib_PS2_Ps2_Get_Value165
  L___Lib_PS2_Ps2_Get_Value166
  _Ps2_Key_Read
  L__Ps2_Key_Read167
  L__Ps2_Key_Read168
  _Ps2_Config
  L_end______DoICP
  L_end______DoIFC
  L_end____CA2AW
  L_loopCA2AWs
  L_CA2AWend
  L_end____CCA2AW
  _CCA2AW_Loop1
  L_end____CS2S
  L_loopCS2Ss
  L_CS2Send
  L_end____CCS2S
  _CCS2S_Loop1
  L_CCS2Send
  L_end____FZinS
  L_loopFZinSWs
  L_FZinSend
  L_end__Swap
  _____DoICP
  _____DoIFC
  ___CA2AW
  ___CCA2AW
  ___CS2S
  ___CCS2S
  ___FZinS
  _Swap
  L_end__UART1_Init
  L__UART1_Init1
  L__UART1_Init2
  L__UART1_Init3
  L__UART1_Init4
  L__UART1_Init5
  L_end__UART1_Data_Ready
  L_end__UART1_Read
  L__UART1_Read8
  L__UART1_Read9
  L__UART1_Read10
  L_end__UART1_TX_Idle
  L_end__UART1_Write
  L__UART1_Write13
  L__UART1_Write14
  L__UART1_Write15
  L__UART1_Write16
  L__UART1_Write17
  L_end__UART1_Write_Text
  L__UART1_Write_Text19
  L__UART1_Write_Text20
  L__UART1_Write_Text21
  L__UART1_Write_Text22
  L__UART1_Write_Text23
  L_end__UART1_Read_Text
  L__UART1_Read_Text25
  L__UART1_Read_Text26
  L__UART1_Read_Text27
  L__UART1_Read_Text28
  L__UART1_Read_Text29
  L__UART1_Read_Text30
  L__UART1_Read_Text31
  L__UART1_Read_Text32
  L__UART1_Read_Text33
  L__UART1_Read_Text34
  L__UART1_Read_Text35
  L__UART1_Read_Text36
  L__UART1_Read_Text37
  L__UART1_Read_Text38
  L__UART1_Read_Text39
  L__UART1_Read_Text40
  L__UART1_Read_Text41
  L__UART1_Read_Text42
  L__UART1_Read_Text43
  L__UART1_Read_Text44
  L__UART1_Read_Text45
  L__UART1_Read_Text46
  _UART1_Init
  _UART1_Data_Ready
  _UART1_Read
  _UART1_TX_Idle
  _UART1_Write
  _UART1_Write_Text
  _UART1_Read_Text
