;  LST file generated by mikroListExporter - v.2.0 
; Date/Time: 13/02/2014 10:22:26
;----------------------------------------------

;Address Opcode 	ASM
0x0000	0x2AA2      	GOTO       674
_RES032:
;__Lib_MathDouble.mpas,104 :: 		
;__Lib_MathDouble.mpas,109 :: 		
0x0003	0x01F2      	CLRF       R2
;__Lib_MathDouble.mpas,110 :: 		
0x0004	0x01F1      	CLRF       R1
;__Lib_MathDouble.mpas,111 :: 		
0x0005	0x01F0      	CLRF       R0
;__Lib_MathDouble.mpas,112 :: 		
0x0006	0x01F8      	CLRF       R8
;__Lib_MathDouble.mpas,113 :: 		
0x0007	0x01F3      	CLRF       R3
;__Lib_MathDouble.mpas,114 :: 		
0x0008	0x3000      	MOVLW      0
;__Lib_MathDouble.mpas,116 :: 		
0x0009	0x0008      	RETURN
; end of _RES032
_SETFOV32:
;__Lib_MathDouble.mpas,57 :: 		
;__Lib_MathDouble.mpas,64 :: 		
0x000A	0x14FB      	BSF        R11, 1
;__Lib_MathDouble.mpas,65 :: 		
0x000B	0x1FFB      	BTFSS      R11, 7
;__Lib_MathDouble.mpas,66 :: 		
0x000C	0x2814      	GOTO       SETFOV32EEE
;__Lib_MathDouble.mpas,67 :: 		
0x000D	0x30FF      	MOVLW      255
;__Lib_MathDouble.mpas,68 :: 		
0x000E	0x00F3      	MOVWF      R3
;__Lib_MathDouble.mpas,69 :: 		
0x000F	0x00F2      	MOVWF      R2
;__Lib_MathDouble.mpas,70 :: 		
0x0010	0x00F1      	MOVWF      R1
;__Lib_MathDouble.mpas,71 :: 		
0x0011	0x00F0      	MOVWF      R0
;__Lib_MathDouble.mpas,72 :: 		
0x0012	0x0DFA      	RLF        R10, 1
;__Lib_MathDouble.mpas,73 :: 		
0x0013	0x0CF2      	RRF        R2, 1
;__Lib_MathDouble.mpas,74 :: 		
SETFOV32EEE:
;__Lib_MathDouble.mpas,75 :: 		
0x0014	0x30FF      	MOVLW      255
;__Lib_MathDouble.mpas,77 :: 		
0x0015	0x0008      	RETURN
; end of _SETFOV32
_FIXSIGN32:
;__Lib_MathDouble.mpas,92 :: 		
;__Lib_MathDouble.mpas,96 :: 		
0x0016	0x1FFA      	BTFSS      R10, 7
;__Lib_MathDouble.mpas,97 :: 		
0x0017	0x13F2      	BCF        R2, 7
;__Lib_MathDouble.mpas,98 :: 		
0x0018	0x3000      	MOVLW      0
;__Lib_MathDouble.mpas,100 :: 		
0x0019	0x0008      	RETURN
; end of _FIXSIGN32
_SETFUN32:
;__Lib_MathDouble.mpas,120 :: 		
;__Lib_MathDouble.mpas,127 :: 		
0x001A	0x157B      	BSF        R11, 2
;__Lib_MathDouble.mpas,128 :: 		
0x001B	0x1FFB      	BTFSS      R11, 7
;__Lib_MathDouble.mpas,129 :: 		
0x001C	0x2824      	GOTO       SETFUN32EEE
;__Lib_MathDouble.mpas,130 :: 		
0x001D	0x3001      	MOVLW      1
;__Lib_MathDouble.mpas,131 :: 		
0x001E	0x00F3      	MOVWF      R3
;__Lib_MathDouble.mpas,132 :: 		
0x001F	0x01F2      	CLRF       R2
;__Lib_MathDouble.mpas,133 :: 		
0x0020	0x01F1      	CLRF       R1
;__Lib_MathDouble.mpas,134 :: 		
0x0021	0x01F0      	CLRF       R0
;__Lib_MathDouble.mpas,135 :: 		
0x0022	0x0DFA      	RLF        R10, 1
;__Lib_MathDouble.mpas,136 :: 		
0x0023	0x0CF2      	RRF        R2, 1
;__Lib_MathDouble.mpas,137 :: 		
SETFUN32EEE:
;__Lib_MathDouble.mpas,138 :: 		
0x0024	0x30FF      	MOVLW      255
;__Lib_MathDouble.mpas,140 :: 		
0x0025	0x0008      	RETURN
; end of _SETFUN32
_NRM4032:
;__Lib_MathDouble.mpas,230 :: 		
;__Lib_MathDouble.mpas,239 :: 		
0x0026	0x187C      	BTFSC      R12, 0
;__Lib_MathDouble.mpas,240 :: 		
0x0027	0x285C      	GOTO       NRMRND4032
;__Lib_MathDouble.mpas,241 :: 		
0x0028	0x18FC      	BTFSC      R12, 1
;__Lib_MathDouble.mpas,242 :: 		
0x0029	0x282D      	GOTO       NRM4032
;__Lib_MathDouble.mpas,243 :: 		
0x002A	0x197C      	BTFSC      R12, 2
;__Lib_MathDouble.mpas,244 :: 		
0x002B	0x287B      	GOTO       JMPSETFOV32
;__Lib_MathDouble.mpas,245 :: 		
0x002C	0x2826      	GOTO       $-6
;__Lib_MathDouble.mpas,246 :: 		
NRM4032:
;__Lib_MathDouble.mpas,247 :: 		
0x002D	0x01A0      	CLRF       __math_tempbD
;__Lib_MathDouble.mpas,248 :: 		
0x002E	0x0872      	MOVF       R2, 0
;__Lib_MathDouble.mpas,249 :: 		
0x002F	0x1D03      	BTFSS      STATUS, 2
;__Lib_MathDouble.mpas,250 :: 		
0x0030	0x284D      	GOTO       NORM4032
;__Lib_MathDouble.mpas,251 :: 		
0x0031	0x0871      	MOVF       R1, 0
;__Lib_MathDouble.mpas,252 :: 		
0x0032	0x00F2      	MOVWF      R2
;__Lib_MathDouble.mpas,253 :: 		
0x0033	0x0870      	MOVF       R0, 0
;__Lib_MathDouble.mpas,254 :: 		
0x0034	0x00F1      	MOVWF      R1
;__Lib_MathDouble.mpas,255 :: 		
0x0035	0x0878      	MOVF       R8, 0
;__Lib_MathDouble.mpas,256 :: 		
0x0036	0x00F0      	MOVWF      R0
;__Lib_MathDouble.mpas,257 :: 		
0x0037	0x01F8      	CLRF       R8
;__Lib_MathDouble.mpas,258 :: 		
0x0038	0x15A0      	BSF        __math_tempbD, 3
;__Lib_MathDouble.mpas,260 :: 		
0x0039	0x0872      	MOVF       R2, 0
;__Lib_MathDouble.mpas,261 :: 		
0x003A	0x1D03      	BTFSS      STATUS, 2
;__Lib_MathDouble.mpas,262 :: 		
0x003B	0x284D      	GOTO       NORM4032
;__Lib_MathDouble.mpas,263 :: 		
0x003C	0x0871      	MOVF       R1, 0
;__Lib_MathDouble.mpas,264 :: 		
0x003D	0x00F2      	MOVWF      R2
;__Lib_MathDouble.mpas,265 :: 		
0x003E	0x0870      	MOVF       R0, 0
;__Lib_MathDouble.mpas,266 :: 		
0x003F	0x00F1      	MOVWF      R1
;__Lib_MathDouble.mpas,267 :: 		
0x0040	0x01F0      	CLRF       R0
;__Lib_MathDouble.mpas,268 :: 		
0x0041	0x11A0      	BCF        __math_tempbD, 3
;__Lib_MathDouble.mpas,269 :: 		
0x0042	0x1620      	BSF        __math_tempbD, 4
;__Lib_MathDouble.mpas,271 :: 		
0x0043	0x0872      	MOVF       R2, 0
;__Lib_MathDouble.mpas,272 :: 		
0x0044	0x1D03      	BTFSS      STATUS, 2
;__Lib_MathDouble.mpas,273 :: 		
0x0045	0x284D      	GOTO       NORM4032
;__Lib_MathDouble.mpas,274 :: 		
0x0046	0x0871      	MOVF       R1, 0
;__Lib_MathDouble.mpas,275 :: 		
0x0047	0x00F2      	MOVWF      R2
;__Lib_MathDouble.mpas,276 :: 		
0x0048	0x01F1      	CLRF       R1
;__Lib_MathDouble.mpas,277 :: 		
0x0049	0x15A0      	BSF        __math_tempbD, 3
;__Lib_MathDouble.mpas,279 :: 		
0x004A	0x0872      	MOVF       R2, 0
;__Lib_MathDouble.mpas,280 :: 		
0x004B	0x1903      	BTFSC      STATUS, 2
;__Lib_MathDouble.mpas,281 :: 		
0x004C	0x286F      	GOTO       JMPRES032
;__Lib_MathDouble.mpas,282 :: 		
NORM4032:
;__Lib_MathDouble.mpas,283 :: 		
0x004D	0x0820      	MOVF       __math_tempbD, 0
;__Lib_MathDouble.mpas,284 :: 		
0x004E	0x02F3      	SUBWF      R3, 1
;__Lib_MathDouble.mpas,285 :: 		
0x004F	0x1D03      	BTFSS      STATUS, 2
;__Lib_MathDouble.mpas,286 :: 		
0x0050	0x1C03      	BTFSS      STATUS, 0
;__Lib_MathDouble.mpas,287 :: 		
0x0051	0x2873      	GOTO       JMPSETFUN32
;__Lib_MathDouble.mpas,288 :: 		
0x0052	0x1003      	BCF        STATUS, 0
;__Lib_MathDouble.mpas,289 :: 		
NORM4032A:
;__Lib_MathDouble.mpas,290 :: 		
0x0053	0x1BF2      	BTFSC      R2, 7
;__Lib_MathDouble.mpas,291 :: 		
0x0054	0x285C      	GOTO       NRMRND4032
;__Lib_MathDouble.mpas,292 :: 		
0x0055	0x0DF8      	RLF        R8, 1
;__Lib_MathDouble.mpas,293 :: 		
0x0056	0x0DF0      	RLF        R0, 1
;__Lib_MathDouble.mpas,294 :: 		
0x0057	0x0DF1      	RLF        R1, 1
;__Lib_MathDouble.mpas,295 :: 		
0x0058	0x0DF2      	RLF        R2, 1
;__Lib_MathDouble.mpas,296 :: 		
0x0059	0x0BF3      	DECFSZ     R3, 1
;__Lib_MathDouble.mpas,297 :: 		
0x005A	0x2853      	GOTO       NORM4032A
;__Lib_MathDouble.mpas,298 :: 		
0x005B	0x2873      	GOTO       JMPSETFUN32
;__Lib_MathDouble.mpas,299 :: 		
NRMRND4032:
;__Lib_MathDouble.mpas,300 :: 		
0x005C	0x1B7B      	BTFSC      R11, 6
;__Lib_MathDouble.mpas,301 :: 		
0x005D	0x1C70      	BTFSS      R0, 0
;__Lib_MathDouble.mpas,302 :: 		
0x005E	0x2877      	GOTO       JMPFIXSIGN32
;__Lib_MathDouble.mpas,303 :: 		
0x005F	0x1FF8      	BTFSS      R8, 7
;__Lib_MathDouble.mpas,304 :: 		
0x0060	0x2877      	GOTO       JMPFIXSIGN32
;__Lib_MathDouble.mpas,305 :: 		
0x0061	0x0AF0      	INCF       R0, 1
;__Lib_MathDouble.mpas,306 :: 		
0x0062	0x1903      	BTFSC      STATUS, 2
;__Lib_MathDouble.mpas,307 :: 		
0x0063	0x0AF1      	INCF       R1, 1
;__Lib_MathDouble.mpas,308 :: 		
0x0064	0x1903      	BTFSC      STATUS, 2
;__Lib_MathDouble.mpas,309 :: 		
0x0065	0x0AF2      	INCF       R2, 1
;__Lib_MathDouble.mpas,310 :: 		
0x0066	0x1D03      	BTFSS      STATUS, 2
;__Lib_MathDouble.mpas,311 :: 		
0x0067	0x2877      	GOTO       JMPFIXSIGN32
;__Lib_MathDouble.mpas,312 :: 		
0x0068	0x0CF2      	RRF        R2, 1
;__Lib_MathDouble.mpas,313 :: 		
0x0069	0x0CF1      	RRF        R1, 1
;__Lib_MathDouble.mpas,314 :: 		
0x006A	0x0CF0      	RRF        R0, 1
;__Lib_MathDouble.mpas,315 :: 		
0x006B	0x0AF3      	INCF       R3, 1
;__Lib_MathDouble.mpas,316 :: 		
0x006C	0x1903      	BTFSC      STATUS, 2
;__Lib_MathDouble.mpas,317 :: 		
0x006D	0x287B      	GOTO       JMPSETFOV32
;__Lib_MathDouble.mpas,318 :: 		
0x006E	0x2877      	GOTO       JMPFIXSIGN32
;__Lib_MathDouble.mpas,319 :: 		
JMPRES032:
;__Lib_MathDouble.mpas,320 :: 		
0x006F	0x3001      	MOVLW      1
;__Lib_MathDouble.mpas,321 :: 		
0x0070	0x00FC      	MOVWF      R12
;__Lib_MathDouble.mpas,323 :: 		
0x0071	0x2003      	CALL       _RES032
;__Lib_MathDouble.mpas,325 :: 		
0x0072	0x287E      	GOTO       NRM4032EEE
;__Lib_MathDouble.mpas,326 :: 		
JMPSETFUN32:
;__Lib_MathDouble.mpas,327 :: 		
0x0073	0x3002      	MOVLW      2
;__Lib_MathDouble.mpas,328 :: 		
0x0074	0x00FC      	MOVWF      R12
;__Lib_MathDouble.mpas,330 :: 		
0x0075	0x201A      	CALL       _SETFUN32
;__Lib_MathDouble.mpas,332 :: 		
0x0076	0x287E      	GOTO       NRM4032EEE
;__Lib_MathDouble.mpas,333 :: 		
JMPFIXSIGN32:
;__Lib_MathDouble.mpas,334 :: 		
0x0077	0x3004      	MOVLW      4
;__Lib_MathDouble.mpas,335 :: 		
0x0078	0x00FC      	MOVWF      R12
;__Lib_MathDouble.mpas,337 :: 		
0x0079	0x2016      	CALL       _FIXSIGN32
;__Lib_MathDouble.mpas,339 :: 		
0x007A	0x287E      	GOTO       NRM4032EEE
;__Lib_MathDouble.mpas,340 :: 		
JMPSETFOV32:
;__Lib_MathDouble.mpas,341 :: 		
0x007B	0x3008      	MOVLW      8
;__Lib_MathDouble.mpas,342 :: 		
0x007C	0x00FC      	MOVWF      R12
;__Lib_MathDouble.mpas,344 :: 		
0x007D	0x200A      	CALL       _SETFOV32
;__Lib_MathDouble.mpas,346 :: 		
NRM4032EEE:
;__Lib_MathDouble.mpas,347 :: 		
0x007E	0x0000      	NOP
;__Lib_MathDouble.mpas,349 :: 		
0x007F	0x0008      	RETURN
; end of _NRM4032
_SETFDZ32:
;__Lib_MathDouble.mpas,81 :: 		
;__Lib_MathDouble.mpas,84 :: 		
0x0080	0x15FB      	BSF        R11, 3
;__Lib_MathDouble.mpas,85 :: 		
0x0081	0x30FF      	MOVLW      255
;__Lib_MathDouble.mpas,87 :: 		
0x0082	0x0008      	RETURN
; end of _SETFDZ32
_Delay_22us:
;__Lib_Delays.mbas,36 :: 		sub procedure Delay_22us()
;__Lib_Delays.mbas,37 :: 		Delay_us(22)
0x0083	0x300E      	MOVLW      14
0x0084	0x1283      	BCF        STATUS, 5
0x0085	0x1303      	BCF        STATUS, 6
0x0086	0x00FD      	MOVWF      R13
L__Delay_22us5:
0x0087	0x0BFD      	DECFSZ     R13, 1
0x0088	0x2887      	GOTO       L__Delay_22us5
0x0089	0x0000      	NOP
0x008A	0x0008      	RETURN
; end of _Delay_22us
_NRM3232:
;__Lib_MathDouble.mpas,151 :: 		
;__Lib_MathDouble.mpas,159 :: 		
0x008B	0x01A0      	CLRF       __math_tempbD
;__Lib_MathDouble.mpas,160 :: 		
0x008C	0x0872      	MOVF       R2, 0
;__Lib_MathDouble.mpas,161 :: 		
0x008D	0x1D03      	BTFSS      STATUS, 2
;__Lib_MathDouble.mpas,162 :: 		
0x008E	0x28A0      	GOTO       NORM3232
;__Lib_MathDouble.mpas,163 :: 		
0x008F	0x0871      	MOVF       R1, 0
;__Lib_MathDouble.mpas,164 :: 		
0x0090	0x00F2      	MOVWF      R2
;__Lib_MathDouble.mpas,165 :: 		
0x0091	0x0870      	MOVF       R0, 0
;__Lib_MathDouble.mpas,166 :: 		
0x0092	0x00F1      	MOVWF      R1
;__Lib_MathDouble.mpas,167 :: 		
0x0093	0x01F0      	CLRF       R0
;__Lib_MathDouble.mpas,168 :: 		
0x0094	0x15A0      	BSF        __math_tempbD, 3
;__Lib_MathDouble.mpas,170 :: 		
0x0095	0x0872      	MOVF       R2, 0
;__Lib_MathDouble.mpas,171 :: 		
0x0096	0x1D03      	BTFSS      STATUS, 2
;__Lib_MathDouble.mpas,172 :: 		
0x0097	0x28A0      	GOTO       NORM3232
;__Lib_MathDouble.mpas,173 :: 		
0x0098	0x0871      	MOVF       R1, 0
;__Lib_MathDouble.mpas,174 :: 		
0x0099	0x00F2      	MOVWF      R2
;__Lib_MathDouble.mpas,175 :: 		
0x009A	0x01F1      	CLRF       R1
;__Lib_MathDouble.mpas,176 :: 		
0x009B	0x11A0      	BCF        __math_tempbD, 3
;__Lib_MathDouble.mpas,177 :: 		
0x009C	0x1620      	BSF        __math_tempbD, 4
;__Lib_MathDouble.mpas,179 :: 		
0x009D	0x0872      	MOVF       R2, 0
;__Lib_MathDouble.mpas,180 :: 		
0x009E	0x1903      	BTFSC      STATUS, 2
;__Lib_MathDouble.mpas,181 :: 		
0x009F	0x28AE      	GOTO       JPNRES032
;__Lib_MathDouble.mpas,182 :: 		
NORM3232:
;__Lib_MathDouble.mpas,183 :: 		
0x00A0	0x0820      	MOVF       __math_tempbD, 0
;__Lib_MathDouble.mpas,184 :: 		
0x00A1	0x02F3      	SUBWF      R3, 1
;__Lib_MathDouble.mpas,185 :: 		
0x00A2	0x1D03      	BTFSS      STATUS, 2
;__Lib_MathDouble.mpas,186 :: 		
0x00A3	0x1C03      	BTFSS      STATUS, 0
;__Lib_MathDouble.mpas,187 :: 		
0x00A4	0x28B2      	GOTO       JPNSETFUN32
;__Lib_MathDouble.mpas,188 :: 		
0x00A5	0x1003      	BCF        STATUS, 0
;__Lib_MathDouble.mpas,189 :: 		
NORM3232A:
;__Lib_MathDouble.mpas,190 :: 		
0x00A6	0x1BF2      	BTFSC      R2, 7
;__Lib_MathDouble.mpas,191 :: 		
0x00A7	0x28B6      	GOTO       JMPNFIXSIGN32
;__Lib_MathDouble.mpas,192 :: 		
0x00A8	0x0DF0      	RLF        R0, 1
;__Lib_MathDouble.mpas,193 :: 		
0x00A9	0x0DF1      	RLF        R1, 1
;__Lib_MathDouble.mpas,194 :: 		
0x00AA	0x0DF2      	RLF        R2, 1
;__Lib_MathDouble.mpas,195 :: 		
0x00AB	0x0BF3      	DECFSZ     R3, 1
;__Lib_MathDouble.mpas,196 :: 		
0x00AC	0x28A6      	GOTO       NORM3232A
;__Lib_MathDouble.mpas,197 :: 		
0x00AD	0x28B2      	GOTO       JPNSETFUN32
;__Lib_MathDouble.mpas,198 :: 		
JPNRES032:
;__Lib_MathDouble.mpas,199 :: 		
0x00AE	0x3001      	MOVLW      1
;__Lib_MathDouble.mpas,200 :: 		
0x00AF	0x00FC      	MOVWF      R12
;__Lib_MathDouble.mpas,202 :: 		
0x00B0	0x2003      	CALL       _RES032
;__Lib_MathDouble.mpas,204 :: 		
0x00B1	0x28B9      	GOTO       NORM32EEE
;__Lib_MathDouble.mpas,205 :: 		
JPNSETFUN32:
;__Lib_MathDouble.mpas,206 :: 		
0x00B2	0x3002      	MOVLW      2
;__Lib_MathDouble.mpas,207 :: 		
0x00B3	0x00FC      	MOVWF      R12
;__Lib_MathDouble.mpas,209 :: 		
0x00B4	0x201A      	CALL       _SETFUN32
;__Lib_MathDouble.mpas,211 :: 		
0x00B5	0x28B9      	GOTO       NORM32EEE
;__Lib_MathDouble.mpas,212 :: 		
JMPNFIXSIGN32:
;__Lib_MathDouble.mpas,213 :: 		
0x00B6	0x3004      	MOVLW      4
;__Lib_MathDouble.mpas,214 :: 		
0x00B7	0x00FC      	MOVWF      R12
;__Lib_MathDouble.mpas,216 :: 		
0x00B8	0x2016      	CALL       _FIXSIGN32
;__Lib_MathDouble.mpas,218 :: 		
NORM32EEE:
;__Lib_MathDouble.mpas,220 :: 		
0x00B9	0x0008      	RETURN
; end of _NRM3232
_UART1_Write:
;__Lib_UART_c67.mpas,72 :: 		
;__Lib_UART_c67.mpas,73 :: 		
L__UART1_Write14:
0x00BA	0x1683      	BSF        STATUS, 5
0x00BB	0x1303      	BCF        STATUS, 6
0x00BC	0x1898      	BTFSC      TXSTA, 1
0x00BD	0x28C0      	GOTO       L__UART1_Write15
0x00BE	0x0000      	NOP
0x00BF	0x28BA      	GOTO       L__UART1_Write14
L__UART1_Write15:
;__Lib_UART_c67.mpas,74 :: 		
0x00C0	0x1283      	BCF        STATUS, 5
0x00C1	0x0845      	MOVF       FARG_UART1_Write_data_, 0
0x00C2	0x0099      	MOVWF      TXREG
;__Lib_UART_c67.mpas,75 :: 		
0x00C3	0x0008      	RETURN
; end of _UART1_Write
_Div_32x32_FP:
;__Lib_MathDouble.mpas,733 :: 		
;__Lib_MathDouble.mpas,748 :: 		
0x00C4	0x1283      	BCF        STATUS, 5
0x00C5	0x1303      	BCF        STATUS, 6
0x00C6	0x0874      	MOVF       R4, 0
0x00C7	0x3A00      	XORLW      0
0x00C8	0x1D03      	BTFSS      STATUS, 2
0x00C9	0x28DF      	GOTO       L__Div_32x32_FP19
;__Lib_MathDouble.mpas,749 :: 		
0x00CA	0x0875      	MOVF       R5, 0
0x00CB	0x3A00      	XORLW      0
0x00CC	0x1D03      	BTFSS      STATUS, 2
0x00CD	0x28DF      	GOTO       L__Div_32x32_FP22
;__Lib_MathDouble.mpas,750 :: 		
0x00CE	0x0876      	MOVF       R6, 0
0x00CF	0x3A00      	XORLW      0
0x00D0	0x1D03      	BTFSS      STATUS, 2
0x00D1	0x28DF      	GOTO       L__Div_32x32_FP25
;__Lib_MathDouble.mpas,751 :: 		
0x00D2	0x0877      	MOVF       R7, 0
0x00D3	0x3A00      	XORLW      0
0x00D4	0x1D03      	BTFSS      STATUS, 2
0x00D5	0x28DF      	GOTO       L__Div_32x32_FP28
;__Lib_MathDouble.mpas,753 :: 		
0x00D6	0x30FF      	MOVLW      255
0x00D7	0x00F0      	MOVWF      R0
;__Lib_MathDouble.mpas,754 :: 		
0x00D8	0x30FF      	MOVLW      255
0x00D9	0x00F1      	MOVWF      R1
;__Lib_MathDouble.mpas,755 :: 		
0x00DA	0x307F      	MOVLW      127
0x00DB	0x00F2      	MOVWF      R2
;__Lib_MathDouble.mpas,756 :: 		
0x00DC	0x30FF      	MOVLW      255
0x00DD	0x00F3      	MOVWF      R3
;__Lib_MathDouble.mpas,757 :: 		
0x00DE	0x297A      	GOTO       L_end__Div_32x32_FP
;__Lib_MathDouble.mpas,758 :: 		
L__Div_32x32_FP28:
L__Div_32x32_FP25:
L__Div_32x32_FP22:
L__Div_32x32_FP19:
;__Lib_MathDouble.mpas,761 :: 		
0x00DF	0x1283      	BCF        STATUS, 5
;__Lib_MathDouble.mpas,762 :: 		
0x00E0	0x1303      	BCF        STATUS, 6
;__Lib_MathDouble.mpas,764 :: 		
0x00E1	0x0877      	MOVF       R7, 0
;__Lib_MathDouble.mpas,765 :: 		
0x00E2	0x1903      	BTFSC      STATUS, 2
;__Lib_MathDouble.mpas,766 :: 		
0x00E3	0x296E      	GOTO       JPDSETFDZ32
;__Lib_MathDouble.mpas,768 :: 		
0x00E4	0x0873      	MOVF       R3, 0
;__Lib_MathDouble.mpas,769 :: 		
0x00E5	0x1903      	BTFSC      STATUS, 2
;__Lib_MathDouble.mpas,770 :: 		
0x00E6	0x2971      	GOTO       JPDRES032
;__Lib_MathDouble.mpas,772 :: 		
0x00E7	0x0872      	MOVF       R2, 0
;__Lib_MathDouble.mpas,773 :: 		
0x00E8	0x0676      	XORWF      R6, 0
;__Lib_MathDouble.mpas,774 :: 		
0x00E9	0x3980      	ANDLW      128
;__Lib_MathDouble.mpas,775 :: 		
0x00EA	0x00FA      	MOVWF      R10
;__Lib_MathDouble.mpas,776 :: 		
0x00EB	0x17F2      	BSF        R2, 7
;__Lib_MathDouble.mpas,777 :: 		
0x00EC	0x17F6      	BSF        R6, 7
;__Lib_MathDouble.mpas,779 :: 		
0x00ED	0x01A0      	CLRF       __math_tempbD
;__Lib_MathDouble.mpas,780 :: 		
0x00EE	0x0872      	MOVF       R2, 0
;__Lib_MathDouble.mpas,781 :: 		
0x00EF	0x00F8      	MOVWF      R8
;__Lib_MathDouble.mpas,782 :: 		
0x00F0	0x0871      	MOVF       R1, 0
;__Lib_MathDouble.mpas,783 :: 		
0x00F1	0x00FC      	MOVWF      R12
;__Lib_MathDouble.mpas,784 :: 		
0x00F2	0x0870      	MOVF       R0, 0
;__Lib_MathDouble.mpas,785 :: 		
0x00F3	0x00FD      	MOVWF      R13
;__Lib_MathDouble.mpas,787 :: 		
0x00F4	0x0874      	MOVF       R4, 0
;__Lib_MathDouble.mpas,788 :: 		
0x00F5	0x02FD      	SUBWF      R13, 1
;__Lib_MathDouble.mpas,789 :: 		
0x00F6	0x0875      	MOVF       R5, 0
;__Lib_MathDouble.mpas,790 :: 		
0x00F7	0x1C03      	BTFSS      STATUS, 0
;__Lib_MathDouble.mpas,791 :: 		
0x00F8	0x0F75      	INCFSZ     R5, 0
;__Lib_MathDouble.mpas,793 :: 		
0x00F9	0x02FC      	SUBWF      R12, 1
;__Lib_MathDouble.mpas,794 :: 		
0x00FA	0x0876      	MOVF       R6, 0
;__Lib_MathDouble.mpas,795 :: 		
0x00FB	0x1C03      	BTFSS      STATUS, 0
;__Lib_MathDouble.mpas,796 :: 		
0x00FC	0x0F76      	INCFSZ     R6, 0
;__Lib_MathDouble.mpas,798 :: 		
0x00FD	0x02F8      	SUBWF      R8, 1
;__Lib_MathDouble.mpas,799 :: 		
0x00FE	0x01F8      	CLRF       R8
;__Lib_MathDouble.mpas,800 :: 		
0x00FF	0x01FC      	CLRF       R12
;__Lib_MathDouble.mpas,801 :: 		
0x0100	0x01FD      	CLRF       R13
;__Lib_MathDouble.mpas,802 :: 		
0x0101	0x1C03      	BTFSS      STATUS, 0
;__Lib_MathDouble.mpas,803 :: 		
0x0102	0x290A      	GOTO       DALIGN32OK
;__Lib_MathDouble.mpas,805 :: 		
0x0103	0x1003      	BCF        STATUS, 0
;__Lib_MathDouble.mpas,806 :: 		
0x0104	0x0CF2      	RRF        R2, 1
;__Lib_MathDouble.mpas,807 :: 		
0x0105	0x0CF1      	RRF        R1, 1
;__Lib_MathDouble.mpas,808 :: 		
0x0106	0x0CF0      	RRF        R0, 1
;__Lib_MathDouble.mpas,809 :: 		
0x0107	0x0CF8      	RRF        R8, 1
;__Lib_MathDouble.mpas,810 :: 		
0x0108	0x3001      	MOVLW      1
;__Lib_MathDouble.mpas,811 :: 		
0x0109	0x00A0      	MOVWF      __math_tempbD
;__Lib_MathDouble.mpas,812 :: 		
DALIGN32OK:
;__Lib_MathDouble.mpas,813 :: 		
0x010A	0x0877      	MOVF       R7, 0
;__Lib_MathDouble.mpas,814 :: 		
0x010B	0x02F3      	SUBWF      R3, 1
;__Lib_MathDouble.mpas,815 :: 		
0x010C	0x1C03      	BTFSS      STATUS, 0
;__Lib_MathDouble.mpas,816 :: 		
0x010D	0x2914      	GOTO       ALTB32
;__Lib_MathDouble.mpas,818 :: 		
0x010E	0x307E      	MOVLW      126
;__Lib_MathDouble.mpas,819 :: 		
0x010F	0x0720      	ADDWF      __math_tempbD, 0
;__Lib_MathDouble.mpas,820 :: 		
0x0110	0x07F3      	ADDWF      R3, 1
;__Lib_MathDouble.mpas,821 :: 		
0x0111	0x1803      	BTFSC      STATUS, 0
;__Lib_MathDouble.mpas,822 :: 		
0x0112	0x2974      	GOTO       JPDSETFOV32
;__Lib_MathDouble.mpas,823 :: 		
0x0113	0x2919      	GOTO       DARGOK32
;__Lib_MathDouble.mpas,824 :: 		
ALTB32:
;__Lib_MathDouble.mpas,825 :: 		
0x0114	0x307E      	MOVLW      126
;__Lib_MathDouble.mpas,826 :: 		
0x0115	0x0720      	ADDWF      __math_tempbD, 0
;__Lib_MathDouble.mpas,827 :: 		
0x0116	0x07F3      	ADDWF      R3, 1
;__Lib_MathDouble.mpas,828 :: 		
0x0117	0x1C03      	BTFSS      STATUS, 0
;__Lib_MathDouble.mpas,829 :: 		
0x0118	0x2977      	GOTO       JPDSETFUN32
;__Lib_MathDouble.mpas,830 :: 		
DARGOK32:
;__Lib_MathDouble.mpas,831 :: 		
0x0119	0x3018      	MOVLW      24
;__Lib_MathDouble.mpas,833 :: 		
0x011A	0x07FA      	ADDWF      R10, 1
;__Lib_MathDouble.mpas,834 :: 		
DLOOP32:
;__Lib_MathDouble.mpas,835 :: 		
0x011B	0x0DFD      	RLF        R13, 1
;__Lib_MathDouble.mpas,836 :: 		
0x011C	0x0DFC      	RLF        R12, 1
;__Lib_MathDouble.mpas,837 :: 		
0x011D	0x0DF8      	RLF        R8, 1
;__Lib_MathDouble.mpas,838 :: 		
0x011E	0x0DF0      	RLF        R0, 1
;__Lib_MathDouble.mpas,839 :: 		
0x011F	0x0DF1      	RLF        R1, 1
;__Lib_MathDouble.mpas,840 :: 		
0x0120	0x0DF2      	RLF        R2, 1
;__Lib_MathDouble.mpas,841 :: 		
0x0121	0x0DA0      	RLF        __math_tempbD, 1
;__Lib_MathDouble.mpas,843 :: 		
0x0122	0x0874      	MOVF       R4, 0
;__Lib_MathDouble.mpas,844 :: 		
0x0123	0x02F0      	SUBWF      R0, 1
;__Lib_MathDouble.mpas,845 :: 		
0x0124	0x0875      	MOVF       R5, 0
;__Lib_MathDouble.mpas,846 :: 		
0x0125	0x1C03      	BTFSS      STATUS, 0
;__Lib_MathDouble.mpas,847 :: 		
0x0126	0x0F75      	INCFSZ     R5, 0
;__Lib_MathDouble.mpas,849 :: 		
0x0127	0x02F1      	SUBWF      R1, 1
;__Lib_MathDouble.mpas,850 :: 		
0x0128	0x0876      	MOVF       R6, 0
;__Lib_MathDouble.mpas,851 :: 		
0x0129	0x1C03      	BTFSS      STATUS, 0
;__Lib_MathDouble.mpas,852 :: 		
0x012A	0x0F76      	INCFSZ     R6, 0
;__Lib_MathDouble.mpas,854 :: 		
0x012B	0x02F2      	SUBWF      R2, 1
;__Lib_MathDouble.mpas,855 :: 		
0x012C	0x0D76      	RLF        R6, 0
;__Lib_MathDouble.mpas,856 :: 		
0x012D	0x04A0      	IORWF      __math_tempbD, 1
;__Lib_MathDouble.mpas,857 :: 		
0x012E	0x1C20      	BTFSS      __math_tempbD, 0
;__Lib_MathDouble.mpas,858 :: 		
0x012F	0x2932      	GOTO       DREST32
;__Lib_MathDouble.mpas,859 :: 		
0x0130	0x147D      	BSF        R13, 0
;__Lib_MathDouble.mpas,860 :: 		
0x0131	0x293D      	GOTO       DOK32
;__Lib_MathDouble.mpas,861 :: 		
DREST32:
;__Lib_MathDouble.mpas,862 :: 		
0x0132	0x0874      	MOVF       R4, 0
;__Lib_MathDouble.mpas,863 :: 		
0x0133	0x07F0      	ADDWF      R0, 1
;__Lib_MathDouble.mpas,864 :: 		
0x0134	0x0875      	MOVF       R5, 0
;__Lib_MathDouble.mpas,865 :: 		
0x0135	0x1803      	BTFSC      STATUS, 0
;__Lib_MathDouble.mpas,866 :: 		
0x0136	0x0F75      	INCFSZ     R5, 0
;__Lib_MathDouble.mpas,868 :: 		
0x0137	0x07F1      	ADDWF      R1, 1
;__Lib_MathDouble.mpas,869 :: 		
0x0138	0x0876      	MOVF       R6, 0
;__Lib_MathDouble.mpas,870 :: 		
0x0139	0x1803      	BTFSC      STATUS, 0
;__Lib_MathDouble.mpas,871 :: 		
0x013A	0x0A76      	INCF       R6, 0
;__Lib_MathDouble.mpas,872 :: 		
0x013B	0x07F2      	ADDWF      R2, 1
;__Lib_MathDouble.mpas,873 :: 		
0x013C	0x107D      	BCF        R13, 0
;__Lib_MathDouble.mpas,874 :: 		
DOK32:
;__Lib_MathDouble.mpas,876 :: 		
0x013D	0x03FA      	DECF       R10, 1
;__Lib_MathDouble.mpas,877 :: 		
0x013E	0x301F      	MOVLW      31
;__Lib_MathDouble.mpas,878 :: 		
0x013F	0x057A      	ANDWF      R10, 0
;__Lib_MathDouble.mpas,879 :: 		
0x0140	0x1D03      	BTFSS      STATUS, 2
;__Lib_MathDouble.mpas,880 :: 		
0x0141	0x291B      	GOTO       DLOOP32
;__Lib_MathDouble.mpas,882 :: 		
0x0142	0x1B7B      	BTFSC      R11, 6
;__Lib_MathDouble.mpas,883 :: 		
0x0143	0x1C7D      	BTFSS      R13, 0
;__Lib_MathDouble.mpas,884 :: 		
0x0144	0x2964      	GOTO       DIV32OK
;__Lib_MathDouble.mpas,885 :: 		
0x0145	0x1003      	BCF        STATUS, 0
;__Lib_MathDouble.mpas,886 :: 		
0x0146	0x0DF0      	RLF        R0, 1
;__Lib_MathDouble.mpas,887 :: 		
0x0147	0x0DF1      	RLF        R1, 1
;__Lib_MathDouble.mpas,888 :: 		
0x0148	0x0DF2      	RLF        R2, 1
;__Lib_MathDouble.mpas,889 :: 		
0x0149	0x0DA0      	RLF        __math_tempbD, 1
;__Lib_MathDouble.mpas,891 :: 		
0x014A	0x0874      	MOVF       R4, 0
;__Lib_MathDouble.mpas,892 :: 		
0x014B	0x02F0      	SUBWF      R0, 1
;__Lib_MathDouble.mpas,893 :: 		
0x014C	0x0875      	MOVF       R5, 0
;__Lib_MathDouble.mpas,894 :: 		
0x014D	0x1C03      	BTFSS      STATUS, 0
;__Lib_MathDouble.mpas,895 :: 		
0x014E	0x0F75      	INCFSZ     R5, 0
;__Lib_MathDouble.mpas,896 :: 		
0x014F	0x02F1      	SUBWF      R1, 1
;__Lib_MathDouble.mpas,897 :: 		
0x0150	0x0876      	MOVF       R6, 0
;__Lib_MathDouble.mpas,898 :: 		
0x0151	0x1C03      	BTFSS      STATUS, 0
;__Lib_MathDouble.mpas,899 :: 		
0x0152	0x0F76      	INCFSZ     R6, 0
;__Lib_MathDouble.mpas,900 :: 		
0x0153	0x02F2      	SUBWF      R2, 1
;__Lib_MathDouble.mpas,901 :: 		
0x0154	0x0D76      	RLF        R6, 0
;__Lib_MathDouble.mpas,902 :: 		
0x0155	0x0420      	IORWF      __math_tempbD, 0
;__Lib_MathDouble.mpas,903 :: 		
0x0156	0x3901      	ANDLW      1
;__Lib_MathDouble.mpas,904 :: 		
0x0157	0x07FD      	ADDWF      R13, 1
;__Lib_MathDouble.mpas,905 :: 		
0x0158	0x1803      	BTFSC      STATUS, 0
;__Lib_MathDouble.mpas,906 :: 		
0x0159	0x0AFC      	INCF       R12, 1
;__Lib_MathDouble.mpas,907 :: 		
0x015A	0x1903      	BTFSC      STATUS, 2
;__Lib_MathDouble.mpas,908 :: 		
0x015B	0x0AF8      	INCF       R8, 1
;__Lib_MathDouble.mpas,909 :: 		
0x015C	0x1D03      	BTFSS      STATUS, 2
;__Lib_MathDouble.mpas,910 :: 		
0x015D	0x2964      	GOTO       DIV32OK
;__Lib_MathDouble.mpas,911 :: 		
0x015E	0x0CF8      	RRF        R8, 1
;__Lib_MathDouble.mpas,912 :: 		
0x015F	0x0CFC      	RRF        R12, 1
;__Lib_MathDouble.mpas,913 :: 		
0x0160	0x0CFD      	RRF        R13, 1
;__Lib_MathDouble.mpas,914 :: 		
0x0161	0x0AF3      	INCF       R3, 1
;__Lib_MathDouble.mpas,915 :: 		
0x0162	0x1903      	BTFSC      STATUS, 2
;__Lib_MathDouble.mpas,916 :: 		
0x0163	0x2974      	GOTO       JPDSETFOV32
;__Lib_MathDouble.mpas,917 :: 		
DIV32OK:
;__Lib_MathDouble.mpas,918 :: 		
0x0164	0x1FFA      	BTFSS      R10, 7
;__Lib_MathDouble.mpas,919 :: 		
0x0165	0x13F8      	BCF        R8, 7
;__Lib_MathDouble.mpas,920 :: 		
0x0166	0x0878      	MOVF       R8, 0
;__Lib_MathDouble.mpas,921 :: 		
0x0167	0x00F2      	MOVWF      R2
;__Lib_MathDouble.mpas,922 :: 		
0x0168	0x087C      	MOVF       R12, 0
;__Lib_MathDouble.mpas,923 :: 		
0x0169	0x00F1      	MOVWF      R1
;__Lib_MathDouble.mpas,924 :: 		
0x016A	0x087D      	MOVF       R13, 0
;__Lib_MathDouble.mpas,925 :: 		
0x016B	0x00F0      	MOVWF      R0
;__Lib_MathDouble.mpas,927 :: 		
0x016C	0x3000      	MOVLW      0
;__Lib_MathDouble.mpas,929 :: 		
0x016D	0x2979      	GOTO       DIV32EEE
;__Lib_MathDouble.mpas,930 :: 		
JPDSETFDZ32:
;__Lib_MathDouble.mpas,931 :: 		
0x016E	0x3001      	MOVLW      1
;__Lib_MathDouble.mpas,934 :: 		
0x016F	0x2080      	CALL       _SETFDZ32
;__Lib_MathDouble.mpas,936 :: 		
0x0170	0x2979      	GOTO       DIV32EEE
;__Lib_MathDouble.mpas,937 :: 		
JPDRES032:
;__Lib_MathDouble.mpas,938 :: 		
0x0171	0x3002      	MOVLW      2
;__Lib_MathDouble.mpas,941 :: 		
0x0172	0x2003      	CALL       _RES032
;__Lib_MathDouble.mpas,943 :: 		
0x0173	0x2979      	GOTO       DIV32EEE
;__Lib_MathDouble.mpas,944 :: 		
JPDSETFOV32:
;__Lib_MathDouble.mpas,945 :: 		
0x0174	0x3004      	MOVLW      4
;__Lib_MathDouble.mpas,948 :: 		
0x0175	0x200A      	CALL       _SETFOV32
;__Lib_MathDouble.mpas,950 :: 		
0x0176	0x2979      	GOTO       DIV32EEE
;__Lib_MathDouble.mpas,951 :: 		
JPDSETFUN32:
;__Lib_MathDouble.mpas,952 :: 		
0x0177	0x3008      	MOVLW      8
;__Lib_MathDouble.mpas,955 :: 		
0x0178	0x201A      	CALL       _SETFUN32
;__Lib_MathDouble.mpas,957 :: 		
DIV32EEE:
;__Lib_MathDouble.mpas,958 :: 		
0x0179	0x0000      	NOP
;__Lib_MathDouble.mpas,960 :: 		
L_end__Div_32x32_FP:
0x017A	0x0008      	RETURN
; end of _Div_32x32_FP
_Mul_32x32_FP:
;__Lib_MathDouble.mpas,586 :: 		
;__Lib_MathDouble.mpas,600 :: 		
0x017B	0x1283      	BCF        STATUS, 5
;__Lib_MathDouble.mpas,601 :: 		
0x017C	0x1303      	BCF        STATUS, 6
;__Lib_MathDouble.mpas,603 :: 		
0x017D	0x01FB      	CLRF       R11
;__Lib_MathDouble.mpas,604 :: 		
0x017E	0x0873      	MOVF       R3, 0
;__Lib_MathDouble.mpas,605 :: 		
0x017F	0x1D03      	BTFSS      STATUS, 2
;__Lib_MathDouble.mpas,606 :: 		
0x0180	0x0877      	MOVF       R7, 0
;__Lib_MathDouble.mpas,607 :: 		
0x0181	0x1903      	BTFSC      STATUS, 2
;__Lib_MathDouble.mpas,608 :: 		
0x0182	0x29D2      	GOTO       JPMRES032
;__Lib_MathDouble.mpas,610 :: 		
0x0183	0x0872      	MOVF       R2, 0
;__Lib_MathDouble.mpas,611 :: 		
0x0184	0x0676      	XORWF      R6, 0
;__Lib_MathDouble.mpas,612 :: 		
0x0185	0x00FA      	MOVWF      R10
;__Lib_MathDouble.mpas,613 :: 		
0x0186	0x0877      	MOVF       R7, 0
;__Lib_MathDouble.mpas,614 :: 		
0x0187	0x07F3      	ADDWF      R3, 1
;__Lib_MathDouble.mpas,615 :: 		
0x0188	0x307E      	MOVLW      126
;__Lib_MathDouble.mpas,616 :: 		
0x0189	0x1C03      	BTFSS      STATUS, 0
;__Lib_MathDouble.mpas,617 :: 		
0x018A	0x298F      	GOTO       MTUN32
;__Lib_MathDouble.mpas,618 :: 		
0x018B	0x02F3      	SUBWF      R3, 1
;__Lib_MathDouble.mpas,619 :: 		
0x018C	0x1803      	BTFSC      STATUS, 0
;__Lib_MathDouble.mpas,620 :: 		
0x018D	0x29D5      	GOTO       JPMSETFOV32
;__Lib_MathDouble.mpas,621 :: 		
0x018E	0x2992      	GOTO       MOK32
;__Lib_MathDouble.mpas,622 :: 		
MTUN32:
;__Lib_MathDouble.mpas,623 :: 		
0x018F	0x02F3      	SUBWF      R3, 1
;__Lib_MathDouble.mpas,624 :: 		
0x0190	0x1C03      	BTFSS      STATUS, 0
;__Lib_MathDouble.mpas,625 :: 		
0x0191	0x29D8      	GOTO       JPMSETFUN32
;__Lib_MathDouble.mpas,626 :: 		
MOK32:
;__Lib_MathDouble.mpas,627 :: 		
0x0192	0x0872      	MOVF       R2, 0
;__Lib_MathDouble.mpas,628 :: 		
0x0193	0x00F8      	MOVWF      R8
;__Lib_MathDouble.mpas,629 :: 		
0x0194	0x0871      	MOVF       R1, 0
;__Lib_MathDouble.mpas,630 :: 		
0x0195	0x00FC      	MOVWF      R12
;__Lib_MathDouble.mpas,631 :: 		
0x0196	0x0870      	MOVF       R0, 0
;__Lib_MathDouble.mpas,632 :: 		
0x0197	0x00FD      	MOVWF      R13
;__Lib_MathDouble.mpas,633 :: 		
0x0198	0x17F8      	BSF        R8, 7
;__Lib_MathDouble.mpas,634 :: 		
0x0199	0x17F6      	BSF        R6, 7
;__Lib_MathDouble.mpas,635 :: 		
0x019A	0x1003      	BCF        STATUS, 0
;__Lib_MathDouble.mpas,636 :: 		
0x019B	0x01F2      	CLRF       R2
;__Lib_MathDouble.mpas,637 :: 		
0x019C	0x01F1      	CLRF       R1
;__Lib_MathDouble.mpas,638 :: 		
0x019D	0x01F0      	CLRF       R0
;__Lib_MathDouble.mpas,639 :: 		
0x019E	0x3018      	MOVLW      24
;__Lib_MathDouble.mpas,640 :: 		
0x019F	0x00A0      	MOVWF      __math_tempbD
;__Lib_MathDouble.mpas,641 :: 		
MLOOP32:
;__Lib_MathDouble.mpas,642 :: 		
0x01A0	0x1C7D      	BTFSS      R13, 0
;__Lib_MathDouble.mpas,643 :: 		
0x01A1	0x29AC      	GOTO       MNOADD32
;__Lib_MathDouble.mpas,645 :: 		
0x01A2	0x0874      	MOVF       R4, 0
;__Lib_MathDouble.mpas,646 :: 		
0x01A3	0x07F0      	ADDWF      R0, 1
;__Lib_MathDouble.mpas,647 :: 		
0x01A4	0x0875      	MOVF       R5, 0
;__Lib_MathDouble.mpas,648 :: 		
0x01A5	0x1803      	BTFSC      STATUS, 0
;__Lib_MathDouble.mpas,649 :: 		
0x01A6	0x0F75      	INCFSZ     R5, 0
;__Lib_MathDouble.mpas,650 :: 		
0x01A7	0x07F1      	ADDWF      R1, 1
;__Lib_MathDouble.mpas,651 :: 		
0x01A8	0x0876      	MOVF       R6, 0
;__Lib_MathDouble.mpas,652 :: 		
0x01A9	0x1803      	BTFSC      STATUS, 0
;__Lib_MathDouble.mpas,653 :: 		
0x01AA	0x0F76      	INCFSZ     R6, 0
;__Lib_MathDouble.mpas,654 :: 		
0x01AB	0x07F2      	ADDWF      R2, 1
;__Lib_MathDouble.mpas,655 :: 		
MNOADD32:
;__Lib_MathDouble.mpas,656 :: 		
0x01AC	0x0CF2      	RRF        R2, 1
;__Lib_MathDouble.mpas,657 :: 		
0x01AD	0x0CF1      	RRF        R1, 1
;__Lib_MathDouble.mpas,658 :: 		
0x01AE	0x0CF0      	RRF        R0, 1
;__Lib_MathDouble.mpas,659 :: 		
0x01AF	0x0CF8      	RRF        R8, 1
;__Lib_MathDouble.mpas,660 :: 		
0x01B0	0x0CFC      	RRF        R12, 1
;__Lib_MathDouble.mpas,661 :: 		
0x01B1	0x0CFD      	RRF        R13, 1
;__Lib_MathDouble.mpas,662 :: 		
0x01B2	0x1003      	BCF        STATUS, 0
;__Lib_MathDouble.mpas,663 :: 		
0x01B3	0x0BA0      	DECFSZ     __math_tempbD, 1
;__Lib_MathDouble.mpas,664 :: 		
0x01B4	0x29A0      	GOTO       MLOOP32
;__Lib_MathDouble.mpas,665 :: 		
0x01B5	0x1BF2      	BTFSC      R2, 7
;__Lib_MathDouble.mpas,666 :: 		
0x01B6	0x29BC      	GOTO       MROUND32
;__Lib_MathDouble.mpas,667 :: 		
0x01B7	0x0DF8      	RLF        R8, 1
;__Lib_MathDouble.mpas,668 :: 		
0x01B8	0x0DF0      	RLF        R0, 1
;__Lib_MathDouble.mpas,669 :: 		
0x01B9	0x0DF1      	RLF        R1, 1
;__Lib_MathDouble.mpas,670 :: 		
0x01BA	0x0DF2      	RLF        R2, 1
;__Lib_MathDouble.mpas,671 :: 		
0x01BB	0x03F3      	DECF       R3, 1
;__Lib_MathDouble.mpas,672 :: 		
MROUND32:
;__Lib_MathDouble.mpas,673 :: 		
0x01BC	0x1B7B      	BTFSC      R11, 6
;__Lib_MathDouble.mpas,674 :: 		
0x01BD	0x1C70      	BTFSS      R0, 0
;__Lib_MathDouble.mpas,675 :: 		
0x01BE	0x29CE      	GOTO       MUL32OK
;__Lib_MathDouble.mpas,676 :: 		
0x01BF	0x1FF8      	BTFSS      R8, 7
;__Lib_MathDouble.mpas,677 :: 		
0x01C0	0x29CE      	GOTO       MUL32OK
;__Lib_MathDouble.mpas,678 :: 		
0x01C1	0x0AF0      	INCF       R0, 1
;__Lib_MathDouble.mpas,679 :: 		
0x01C2	0x1903      	BTFSC      STATUS, 2
;__Lib_MathDouble.mpas,680 :: 		
0x01C3	0x0AF1      	INCF       R1, 1
;__Lib_MathDouble.mpas,681 :: 		
0x01C4	0x1903      	BTFSC      STATUS, 2
;__Lib_MathDouble.mpas,682 :: 		
0x01C5	0x0AF2      	INCF       R2, 1
;__Lib_MathDouble.mpas,683 :: 		
0x01C6	0x1D03      	BTFSS      STATUS, 2
;__Lib_MathDouble.mpas,684 :: 		
0x01C7	0x29CE      	GOTO       MUL32OK
;__Lib_MathDouble.mpas,685 :: 		
0x01C8	0x0CF2      	RRF        R2, 1
;__Lib_MathDouble.mpas,686 :: 		
0x01C9	0x0CF1      	RRF        R1, 1
;__Lib_MathDouble.mpas,687 :: 		
0x01CA	0x0CF0      	RRF        R0, 1
;__Lib_MathDouble.mpas,688 :: 		
0x01CB	0x0AF3      	INCF       R3, 1
;__Lib_MathDouble.mpas,689 :: 		
0x01CC	0x1903      	BTFSC      STATUS, 2
;__Lib_MathDouble.mpas,690 :: 		
0x01CD	0x29D5      	GOTO       JPMSETFOV32
;__Lib_MathDouble.mpas,691 :: 		
MUL32OK:
;__Lib_MathDouble.mpas,692 :: 		
0x01CE	0x1FFA      	BTFSS      R10, 7
;__Lib_MathDouble.mpas,693 :: 		
0x01CF	0x13F2      	BCF        R2, 7
;__Lib_MathDouble.mpas,694 :: 		
0x01D0	0x3000      	MOVLW      0
;__Lib_MathDouble.mpas,696 :: 		
0x01D1	0x29DA      	GOTO       MUL32EEE
;__Lib_MathDouble.mpas,697 :: 		
JPMRES032:
;__Lib_MathDouble.mpas,698 :: 		
0x01D2	0x3001      	MOVLW      1
;__Lib_MathDouble.mpas,701 :: 		
0x01D3	0x2003      	CALL       _RES032
;__Lib_MathDouble.mpas,703 :: 		
0x01D4	0x29DA      	GOTO       MUL32EEE
;__Lib_MathDouble.mpas,704 :: 		
JPMSETFOV32:
;__Lib_MathDouble.mpas,705 :: 		
0x01D5	0x3002      	MOVLW      2
;__Lib_MathDouble.mpas,708 :: 		
0x01D6	0x200A      	CALL       _SETFOV32
;__Lib_MathDouble.mpas,710 :: 		
0x01D7	0x29DA      	GOTO       MUL32EEE
;__Lib_MathDouble.mpas,711 :: 		
JPMSETFUN32:
;__Lib_MathDouble.mpas,712 :: 		
0x01D8	0x3004      	MOVLW      4
;__Lib_MathDouble.mpas,715 :: 		
0x01D9	0x201A      	CALL       _SETFUN32
;__Lib_MathDouble.mpas,717 :: 		
MUL32EEE:
;__Lib_MathDouble.mpas,718 :: 		
0x01DA	0x0000      	NOP
;__Lib_MathDouble.mpas,720 :: 		
0x01DB	0x0008      	RETURN
; end of _Mul_32x32_FP
_Compare_Double:
;__Lib_MathDouble.mpas,2028 :: 		
;__Lib_MathDouble.mpas,2039 :: 		
0x01DC	0x1283      	BCF        STATUS, 5
;__Lib_MathDouble.mpas,2040 :: 		
0x01DD	0x1303      	BCF        STATUS, 6
;__Lib_MathDouble.mpas,2042 :: 		
0x01DE	0x01FA      	CLRF       R10
;__Lib_MathDouble.mpas,2043 :: 		
0x01DF	0x0873      	MOVF       R3, 0
;__Lib_MathDouble.mpas,2044 :: 		
0x01E0	0x1D03      	BTFSS      STATUS, 2
;__Lib_MathDouble.mpas,2045 :: 		
0x01E1	0x147A      	BSF        R10, 0
;__Lib_MathDouble.mpas,2046 :: 		
0x01E2	0x0877      	MOVF       R7, 0
;__Lib_MathDouble.mpas,2047 :: 		
0x01E3	0x1D03      	BTFSS      STATUS, 2
;__Lib_MathDouble.mpas,2048 :: 		
0x01E4	0x14FA      	BSF        R10, 1
;__Lib_MathDouble.mpas,2050 :: 		
0x01E5	0x087A      	MOVF       R10, 0
;__Lib_MathDouble.mpas,2051 :: 		
0x01E6	0x1903      	BTFSC      STATUS, 2
;__Lib_MathDouble.mpas,2052 :: 		
0x01E7	0x2A28      	GOTO       COMPARE_EQU
;__Lib_MathDouble.mpas,2053 :: 		
0x01E8	0x3A03      	XORLW      3
;__Lib_MathDouble.mpas,2054 :: 		
0x01E9	0x1903      	BTFSC      STATUS, 2
;__Lib_MathDouble.mpas,2055 :: 		
0x01EA	0x29F3      	GOTO       COMPARE_NOTZERO
;__Lib_MathDouble.mpas,2057 :: 		
0x01EB	0x187A      	BTFSC      R10, 0
;__Lib_MathDouble.mpas,2058 :: 		
0x01EC	0x29F0      	GOTO       COMPARE_XNOTZERO
;__Lib_MathDouble.mpas,2060 :: 		
0x01ED	0x1FF6      	BTFSS      R6, 7
;__Lib_MathDouble.mpas,2061 :: 		
0x01EE	0x2A26      	GOTO       COMPARE_LT
;__Lib_MathDouble.mpas,2062 :: 		
0x01EF	0x2A24      	GOTO       COMPARE_GT
;__Lib_MathDouble.mpas,2063 :: 		
COMPARE_XNOTZERO:
;__Lib_MathDouble.mpas,2064 :: 		
0x01F0	0x1FF2      	BTFSS      R2, 7
;__Lib_MathDouble.mpas,2065 :: 		
0x01F1	0x2A24      	GOTO       COMPARE_GT
;__Lib_MathDouble.mpas,2066 :: 		
0x01F2	0x2A26      	GOTO       COMPARE_LT
;__Lib_MathDouble.mpas,2068 :: 		
COMPARE_NOTZERO:
;__Lib_MathDouble.mpas,2069 :: 		
0x01F3	0x0872      	MOVF       R2, 0
;__Lib_MathDouble.mpas,2070 :: 		
0x01F4	0x3980      	ANDLW      128
;__Lib_MathDouble.mpas,2071 :: 		
0x01F5	0x00FA      	MOVWF      R10
;__Lib_MathDouble.mpas,2072 :: 		
0x01F6	0x13F2      	BCF        R2, 7
;__Lib_MathDouble.mpas,2074 :: 		
0x01F7	0x0876      	MOVF       R6, 0
;__Lib_MathDouble.mpas,2075 :: 		
0x01F8	0x3980      	ANDLW      128
;__Lib_MathDouble.mpas,2076 :: 		
0x01F9	0x13F6      	BCF        R6, 7
;__Lib_MathDouble.mpas,2078 :: 		
0x01FA	0x067A      	XORWF      R10, 0
;__Lib_MathDouble.mpas,2079 :: 		
0x01FB	0x1903      	BTFSC      STATUS, 2
;__Lib_MathDouble.mpas,2080 :: 		
0x01FC	0x2A01      	GOTO       COMPARE_TESTALL
;__Lib_MathDouble.mpas,2082 :: 		
0x01FD	0x087A      	MOVF       R10, 0
;__Lib_MathDouble.mpas,2083 :: 		
0x01FE	0x1903      	BTFSC      STATUS, 2
;__Lib_MathDouble.mpas,2084 :: 		
0x01FF	0x2A24      	GOTO       COMPARE_GT
;__Lib_MathDouble.mpas,2085 :: 		
0x0200	0x2A26      	GOTO       COMPARE_LT
;__Lib_MathDouble.mpas,2087 :: 		
COMPARE_TESTALL:
;__Lib_MathDouble.mpas,2088 :: 		
0x0201	0x0877      	MOVF       R7, 0
;__Lib_MathDouble.mpas,2089 :: 		
0x0202	0x0273      	SUBWF      R3, 0
;__Lib_MathDouble.mpas,2090 :: 		
0x0203	0x1903      	BTFSC      STATUS, 2
;__Lib_MathDouble.mpas,2091 :: 		
0x0204	0x2A08      	GOTO       COMPARE_C1
;__Lib_MathDouble.mpas,2092 :: 		
0x0205	0x1C03      	BTFSS      STATUS, 0
;__Lib_MathDouble.mpas,2093 :: 		
0x0206	0x2A1C      	GOTO       GT_FALSE
;__Lib_MathDouble.mpas,2094 :: 		
0x0207	0x2A20      	GOTO       GT_TRUE
;__Lib_MathDouble.mpas,2095 :: 		
COMPARE_C1:
;__Lib_MathDouble.mpas,2096 :: 		
0x0208	0x0876      	MOVF       R6, 0
;__Lib_MathDouble.mpas,2097 :: 		
0x0209	0x0272      	SUBWF      R2, 0
;__Lib_MathDouble.mpas,2098 :: 		
0x020A	0x1903      	BTFSC      STATUS, 2
;__Lib_MathDouble.mpas,2099 :: 		
0x020B	0x2A0F      	GOTO       COMPARE_C2
;__Lib_MathDouble.mpas,2100 :: 		
0x020C	0x1C03      	BTFSS      STATUS, 0
;__Lib_MathDouble.mpas,2101 :: 		
0x020D	0x2A1C      	GOTO       GT_FALSE
;__Lib_MathDouble.mpas,2102 :: 		
0x020E	0x2A20      	GOTO       GT_TRUE
;__Lib_MathDouble.mpas,2103 :: 		
COMPARE_C2:
;__Lib_MathDouble.mpas,2104 :: 		
0x020F	0x0875      	MOVF       R5, 0
;__Lib_MathDouble.mpas,2105 :: 		
0x0210	0x0271      	SUBWF      R1, 0
;__Lib_MathDouble.mpas,2106 :: 		
0x0211	0x1903      	BTFSC      STATUS, 2
;__Lib_MathDouble.mpas,2107 :: 		
0x0212	0x2A16      	GOTO       COMPARE_C3
;__Lib_MathDouble.mpas,2108 :: 		
0x0213	0x1C03      	BTFSS      STATUS, 0
;__Lib_MathDouble.mpas,2109 :: 		
0x0214	0x2A1C      	GOTO       GT_FALSE
;__Lib_MathDouble.mpas,2110 :: 		
0x0215	0x2A20      	GOTO       GT_TRUE
;__Lib_MathDouble.mpas,2111 :: 		
COMPARE_C3:
;__Lib_MathDouble.mpas,2112 :: 		
0x0216	0x0874      	MOVF       R4, 0
;__Lib_MathDouble.mpas,2113 :: 		
0x0217	0x0270      	SUBWF      R0, 0
;__Lib_MathDouble.mpas,2114 :: 		
0x0218	0x1903      	BTFSC      STATUS, 2
;__Lib_MathDouble.mpas,2115 :: 		
0x0219	0x2A28      	GOTO       COMPARE_EQU
;__Lib_MathDouble.mpas,2116 :: 		
0x021A	0x1803      	BTFSC      STATUS, 0
;__Lib_MathDouble.mpas,2117 :: 		
0x021B	0x2A20      	GOTO       GT_TRUE
;__Lib_MathDouble.mpas,2119 :: 		
GT_FALSE:
;__Lib_MathDouble.mpas,2120 :: 		
0x021C	0x08FA      	MOVF       R10, 1
;__Lib_MathDouble.mpas,2121 :: 		
0x021D	0x1903      	BTFSC      STATUS, 2
;__Lib_MathDouble.mpas,2122 :: 		
0x021E	0x2A26      	GOTO       COMPARE_LT
;__Lib_MathDouble.mpas,2123 :: 		
0x021F	0x2A24      	GOTO       COMPARE_GT
;__Lib_MathDouble.mpas,2124 :: 		
GT_TRUE:
;__Lib_MathDouble.mpas,2125 :: 		
0x0220	0x08FA      	MOVF       R10, 1
;__Lib_MathDouble.mpas,2126 :: 		
0x0221	0x1903      	BTFSC      STATUS, 2
;__Lib_MathDouble.mpas,2127 :: 		
0x0222	0x2A24      	GOTO       COMPARE_GT
;__Lib_MathDouble.mpas,2128 :: 		
0x0223	0x2A26      	GOTO       COMPARE_LT
;__Lib_MathDouble.mpas,2130 :: 		
COMPARE_GT:
;__Lib_MathDouble.mpas,2133 :: 		
0x0224	0x1403      	BSF        STATUS, 0
;__Lib_MathDouble.mpas,2134 :: 		
0x0225	0x0008      	RETURN
;__Lib_MathDouble.mpas,2135 :: 		
COMPARE_LT:
;__Lib_MathDouble.mpas,2138 :: 		
0x0226	0x1003      	BCF        STATUS, 0
;__Lib_MathDouble.mpas,2139 :: 		
0x0227	0x0008      	RETURN
;__Lib_MathDouble.mpas,2140 :: 		
COMPARE_EQU:
;__Lib_MathDouble.mpas,2143 :: 		
0x0228	0x1403      	BSF        STATUS, 0
;__Lib_MathDouble.mpas,2144 :: 		
0x0229	0x1503      	BSF        STATUS, 2
;__Lib_MathDouble.mpas,2145 :: 		
0x022A	0x0008      	RETURN
;__Lib_MathDouble.mpas,2147 :: 		
0x022B	0x0008      	RETURN
; end of _Compare_Double
_Word2Double:
;__Lib_MathDouble.mpas,1834 :: 		
;__Lib_MathDouble.mpas,1840 :: 		
0x022C	0x1283      	BCF        STATUS, 5
;__Lib_MathDouble.mpas,1841 :: 		
0x022D	0x1303      	BCF        STATUS, 6
;__Lib_MathDouble.mpas,1842 :: 		
0x022E	0x0870      	MOVF       R0, 0
;__Lib_MathDouble.mpas,1843 :: 		
0x022F	0x00F8      	MOVWF      R8
;__Lib_MathDouble.mpas,1844 :: 		
0x0230	0x0871      	MOVF       R1, 0
;__Lib_MathDouble.mpas,1845 :: 		
0x0231	0x00F0      	MOVWF      R0
;__Lib_MathDouble.mpas,1846 :: 		
0x0232	0x01F1      	CLRF       R1
;__Lib_MathDouble.mpas,1847 :: 		
0x0233	0x01F2      	CLRF       R2
;__Lib_MathDouble.mpas,1848 :: 		
0x0234	0x01F3      	CLRF       R3
;__Lib_MathDouble.mpas,1851 :: 		
0x0235	0x01FB      	CLRF       R11
;__Lib_MathDouble.mpas,1852 :: 		
0x0236	0x01FC      	CLRF       R12
;__Lib_MathDouble.mpas,1854 :: 		
0x0237	0x3096      	MOVLW      150
;__Lib_MathDouble.mpas,1855 :: 		
0x0238	0x00F3      	MOVWF      R3
;__Lib_MathDouble.mpas,1856 :: 		
0x0239	0x01FA      	CLRF       R10
;__Lib_MathDouble.mpas,1858 :: 		
0x023A	0x0870      	MOVF       R0, 0
;__Lib_MathDouble.mpas,1859 :: 		
0x023B	0x00F1      	MOVWF      R1
;__Lib_MathDouble.mpas,1860 :: 		
0x023C	0x0878      	MOVF       R8, 0
;__Lib_MathDouble.mpas,1861 :: 		
0x023D	0x00F0      	MOVWF      R0
;__Lib_MathDouble.mpas,1862 :: 		
0x023E	0x01F8      	CLRF       R8
;__Lib_MathDouble.mpas,1863 :: 		
0x023F	0x01F2      	CLRF       R2
;__Lib_MathDouble.mpas,1865 :: 		
0x0240	0x208B      	CALL       _NRM3232
;__Lib_MathDouble.mpas,1866 :: 		
0x0241	0x0008      	RETURN
; end of _Word2Double
_UART1_Init:
;__Lib_UART_c67.mpas,33 :: 		
;__Lib_UART_c67.mpas,34 :: 		
0x0242	0x1683      	BSF        STATUS, 5
0x0243	0x1303      	BCF        STATUS, 6
0x0244	0x1698      	BSF        TXSTA, 5
;__Lib_UART_c67.mpas,35 :: 		
0x0245	0x3090      	MOVLW      144
0x0246	0x1283      	BCF        STATUS, 5
0x0247	0x0098      	MOVWF      RCSTA
;__Lib_UART_c67.mpas,36 :: 		
0x0248	0x1683      	BSF        STATUS, 5
0x0249	0x1787      	BSF        TRISC7_bit, 7
;__Lib_UART_c67.mpas,37 :: 		
0x024A	0x1307      	BCF        TRISC6_bit, 6
;__Lib_UART_c67.mpas,38 :: 		
L__UART1_Init2:
0x024B	0x1283      	BCF        STATUS, 5
0x024C	0x1E8C      	BTFSS      PIR1, 5
0x024D	0x2A51      	GOTO       L__UART1_Init3
;__Lib_UART_c67.mpas,39 :: 		
0x024E	0x081A      	MOVF       RCREG, 0
0x024F	0x00F0      	MOVWF      R0
0x0250	0x2A4B      	GOTO       L__UART1_Init2
L__UART1_Init3:
;__Lib_UART_c67.mpas,40 :: 		
0x0251	0x0008      	RETURN
; end of _UART1_Init
_Adc_Read:
;__Lib_ADC_88X.mpas,13 :: 		
;__Lib_ADC_88X.mpas,15 :: 		
0x0252	0x303C      	MOVLW      60
0x0253	0x1283      	BCF        STATUS, 5
0x0254	0x1303      	BCF        STATUS, 6
0x0255	0x059F      	ANDWF      ADCON0, 1
;__Lib_ADC_88X.mpas,19 :: 		
0x0256	0x30C0      	MOVLW      192
0x0257	0x009F      	MOVWF      ADCON0
;__Lib_ADC_88X.mpas,20 :: 		
0x0258	0x0842      	MOVF       FARG_Adc_Read_channel, 0
0x0259	0x00F0      	MOVWF      R0
0x025A	0x0DF0      	RLF        R0, 1
0x025B	0x1070      	BCF        R0, 0
0x025C	0x0DF0      	RLF        R0, 1
0x025D	0x1070      	BCF        R0, 0
0x025E	0x0870      	MOVF       R0, 0
0x025F	0x049F      	IORWF      ADCON0, 1
;__Lib_ADC_88X.mpas,21 :: 		
0x0260	0x1683      	BSF        STATUS, 5
0x0261	0x179F      	BSF        ADCON1, 7
;__Lib_ADC_88X.mpas,24 :: 		
0x0262	0x1283      	BCF        STATUS, 5
0x0263	0x141F      	BSF        ADCON0, 0
;__Lib_ADC_88X.mpas,27 :: 		
0x0264	0x2083      	CALL       _Delay_22us
;__Lib_ADC_88X.mpas,30 :: 		
0x0265	0x149F      	BSF        ADCON0, 1
;__Lib_ADC_88X.mpas,33 :: 		
L__Adc_Read2:
0x0266	0x1C9F      	BTFSS      ADCON0, 1
0x0267	0x2A6A      	GOTO       L__Adc_Read3
0x0268	0x0000      	NOP
0x0269	0x2A66      	GOTO       L__Adc_Read2
L__Adc_Read3:
;__Lib_ADC_88X.mpas,36 :: 		
0x026A	0x101F      	BCF        ADCON0, 0
;__Lib_ADC_88X.mpas,39 :: 		
0x026B	0x081E      	MOVF       ADRESH, 0
0x026C	0x00F1      	MOVWF      R0+1
0x026D	0x01F0      	CLRF       R0
0x026E	0x1683      	BSF        STATUS, 5
0x026F	0x081E      	MOVF       ADRESL, 0
0x0270	0x0470      	IORWF      R0, 0
0x0271	0x1283      	BCF        STATUS, 5
0x0272	0x00C3      	MOVWF      Adc_Read_local_result
0x0273	0x0871      	MOVF       R0+1, 0
0x0274	0x00C4      	MOVWF      Adc_Read_local_result+1
0x0275	0x3000      	MOVLW      0
0x0276	0x04C4      	IORWF      Adc_Read_local_result+1, 1
;__Lib_ADC_88X.mpas,41 :: 		
0x0277	0x0843      	MOVF       Adc_Read_local_result, 0
0x0278	0x00F0      	MOVWF      R0
0x0279	0x0844      	MOVF       Adc_Read_local_result+1, 0
0x027A	0x00F1      	MOVWF      R0+1
0x027B	0x0008      	RETURN
; end of _Adc_Read
_Byte2Double:
;__Lib_MathDouble.mpas,1748 :: 		
;__Lib_MathDouble.mpas,1755 :: 		
0x027C	0x1283      	BCF        STATUS, 5
;__Lib_MathDouble.mpas,1756 :: 		
0x027D	0x1303      	BCF        STATUS, 6
;__Lib_MathDouble.mpas,1758 :: 		
0x027E	0x0870      	MOVF       R0, 0
;__Lib_MathDouble.mpas,1759 :: 		
0x027F	0x00F8      	MOVWF      R8
;__Lib_MathDouble.mpas,1761 :: 		
0x0280	0x01FB      	CLRF       R11
;__Lib_MathDouble.mpas,1762 :: 		
0x0281	0x01FC      	CLRF       R12
;__Lib_MathDouble.mpas,1764 :: 		
0x0282	0x309E      	MOVLW      158
;__Lib_MathDouble.mpas,1765 :: 		
0x0283	0x00F3      	MOVWF      R3
;__Lib_MathDouble.mpas,1766 :: 		
0x0284	0x01FA      	CLRF       R10
;__Lib_MathDouble.mpas,1767 :: 		
0x0285	0x01F2      	CLRF       R2
;__Lib_MathDouble.mpas,1768 :: 		
0x0286	0x01F1      	CLRF       R1
;__Lib_MathDouble.mpas,1769 :: 		
0x0287	0x01F0      	CLRF       R0
;__Lib_MathDouble.mpas,1770 :: 		
0x0288	0x3002      	MOVLW      2
;__Lib_MathDouble.mpas,1771 :: 		
0x0289	0x00FC      	MOVWF      R12
;__Lib_MathDouble.mpas,1773 :: 		
0x028A	0x2026      	CALL       _NRM4032
;__Lib_MathDouble.mpas,1774 :: 		
0x028B	0x0008      	RETURN
; end of _Byte2Double
_UART1_Write_Text:
;__Lib_UART_c67.mpas,80 :: 		
;__Lib_UART_c67.mpas,81 :: 		
0x028C	0x1283      	BCF        STATUS, 5
0x028D	0x1303      	BCF        STATUS, 6
0x028E	0x01C3      	CLRF       UART1_Write_Text_counter
;__Lib_UART_c67.mpas,82 :: 		
0x028F	0x0842      	MOVF       FARG_UART1_Write_Text_uart_text, 0
0x0290	0x0084      	MOVWF      FSR
0x0291	0x0800      	MOVF       INDF, 0
0x0292	0x00C4      	MOVWF      UART1_Write_Text_data_
;__Lib_UART_c67.mpas,83 :: 		
L__UART1_Write_Text20:
0x0293	0x0844      	MOVF       UART1_Write_Text_data_, 0
0x0294	0x3A00      	XORLW      0
0x0295	0x1903      	BTFSC      STATUS, 2
0x0296	0x2AA1      	GOTO       L__UART1_Write_Text21
;__Lib_UART_c67.mpas,85 :: 		
0x0297	0x0844      	MOVF       UART1_Write_Text_data_, 0
0x0298	0x00C5      	MOVWF      FARG_UART1_Write_data_
0x0299	0x20BA      	CALL       _UART1_Write
;__Lib_UART_c67.mpas,86 :: 		
0x029A	0x0AC3      	INCF       UART1_Write_Text_counter, 1
;__Lib_UART_c67.mpas,87 :: 		
0x029B	0x0843      	MOVF       UART1_Write_Text_counter, 0
0x029C	0x0742      	ADDWF      FARG_UART1_Write_Text_uart_text, 0
0x029D	0x0084      	MOVWF      FSR
0x029E	0x0800      	MOVF       INDF, 0
0x029F	0x00C4      	MOVWF      UART1_Write_Text_data_
;__Lib_UART_c67.mpas,88 :: 		
0x02A0	0x2A93      	GOTO       L__UART1_Write_Text20
L__UART1_Write_Text21:
;__Lib_UART_c67.mpas,89 :: 		
0x02A1	0x0008      	RETURN
; end of _UART1_Write_Text
_main:
;baston_electronico.mbas,6 :: 		main:
;baston_electronico.mbas,7 :: 		OPTION_REG = 0X00
0x02A2	0x1683      	BSF        STATUS, 5
0x02A3	0x1303      	BCF        STATUS, 6
0x02A4	0x0181      	CLRF       OPTION_REG
;baston_electronico.mbas,9 :: 		OSCCON = 0X75 ' Oscilador interno de 8mhz
0x02A5	0x3075      	MOVLW      117
0x02A6	0x008F      	MOVWF      OSCCON
;baston_electronico.mbas,11 :: 		TRISA = 0X01 ' porta.5 como entrada digital
0x02A7	0x3001      	MOVLW      1
0x02A8	0x0085      	MOVWF      TRISA
;baston_electronico.mbas,12 :: 		PORTA = 0X00
0x02A9	0x1283      	BCF        STATUS, 5
0x02AA	0x0185      	CLRF       PORTA
;baston_electronico.mbas,14 :: 		TRISB = 0X00 ' porta.5 como entrada digital
0x02AB	0x1683      	BSF        STATUS, 5
0x02AC	0x0186      	CLRF       TRISB
;baston_electronico.mbas,15 :: 		PORTB = 0X00
0x02AD	0x1283      	BCF        STATUS, 5
0x02AE	0x0186      	CLRF       PORTB
;baston_electronico.mbas,17 :: 		ANSEL = 0X01 ' AN<7:0>
0x02AF	0x3001      	MOVLW      1
0x02B0	0x1683      	BSF        STATUS, 5
0x02B1	0x1703      	BSF        STATUS, 6
0x02B2	0x0088      	MOVWF      ANSEL
;baston_electronico.mbas,18 :: 		ANSELH = 0X00 ' AN<13:8>
0x02B3	0x0189      	CLRF       ANSELH
;baston_electronico.mbas,19 :: 		TRISC=0X00
0x02B4	0x1303      	BCF        STATUS, 6
0x02B5	0x0187      	CLRF       TRISC
;baston_electronico.mbas,20 :: 		PORTC=0X00
0x02B6	0x1283      	BCF        STATUS, 5
0x02B7	0x0187      	CLRF       PORTC
;baston_electronico.mbas,21 :: 		delay_ms(250)
0x02B8	0x3003      	MOVLW      3
0x02B9	0x00FB      	MOVWF      R11
0x02BA	0x308A      	MOVLW      138
0x02BB	0x00FC      	MOVWF      R12
0x02BC	0x3055      	MOVLW      85
0x02BD	0x00FD      	MOVWF      R13
L__main1:
0x02BE	0x0BFD      	DECFSZ     R13, 1
0x02BF	0x2ABE      	GOTO       L__main1
0x02C0	0x0BFC      	DECFSZ     R12, 1
0x02C1	0x2ABE      	GOTO       L__main1
0x02C2	0x0BFB      	DECFSZ     R11, 1
0x02C3	0x2ABE      	GOTO       L__main1
0x02C4	0x0000      	NOP
0x02C5	0x0000      	NOP
;baston_electronico.mbas,22 :: 		UART1_Init(9600)
0x02C6	0x3033      	MOVLW      51
0x02C7	0x1683      	BSF        STATUS, 5
0x02C8	0x0099      	MOVWF      SPBRG
0x02C9	0x1518      	BSF        TXSTA, 2
0x02CA	0x2242      	CALL       _UART1_Init
;baston_electronico.mbas,23 :: 		UART1_Write_Text("IDEAS&TECNOLOGIA")
0x02CB	0x302B      	MOVLW      _main_Local_Text
0x02CC	0x0084      	MOVWF      FSR
0x02CD	0x3049      	MOVLW      73
0x02CE	0x0080      	MOVWF      INDF
0x02CF	0x0A84      	INCF       FSR, 1
0x02D0	0x3044      	MOVLW      68
0x02D1	0x0080      	MOVWF      INDF
0x02D2	0x0A84      	INCF       FSR, 1
0x02D3	0x3045      	MOVLW      69
0x02D4	0x0080      	MOVWF      INDF
0x02D5	0x0A84      	INCF       FSR, 1
0x02D6	0x3041      	MOVLW      65
0x02D7	0x0080      	MOVWF      INDF
0x02D8	0x0A84      	INCF       FSR, 1
0x02D9	0x3053      	MOVLW      83
0x02DA	0x0080      	MOVWF      INDF
0x02DB	0x0A84      	INCF       FSR, 1
0x02DC	0x3026      	MOVLW      38
0x02DD	0x0080      	MOVWF      INDF
0x02DE	0x0A84      	INCF       FSR, 1
0x02DF	0x3054      	MOVLW      84
0x02E0	0x0080      	MOVWF      INDF
0x02E1	0x0A84      	INCF       FSR, 1
0x02E2	0x3045      	MOVLW      69
0x02E3	0x0080      	MOVWF      INDF
0x02E4	0x0A84      	INCF       FSR, 1
0x02E5	0x3043      	MOVLW      67
0x02E6	0x0080      	MOVWF      INDF
0x02E7	0x0A84      	INCF       FSR, 1
0x02E8	0x304E      	MOVLW      78
0x02E9	0x0080      	MOVWF      INDF
0x02EA	0x0A84      	INCF       FSR, 1
0x02EB	0x304F      	MOVLW      79
0x02EC	0x0080      	MOVWF      INDF
0x02ED	0x0A84      	INCF       FSR, 1
0x02EE	0x304C      	MOVLW      76
0x02EF	0x0080      	MOVWF      INDF
0x02F0	0x0A84      	INCF       FSR, 1
0x02F1	0x304F      	MOVLW      79
0x02F2	0x0080      	MOVWF      INDF
0x02F3	0x0A84      	INCF       FSR, 1
0x02F4	0x3047      	MOVLW      71
0x02F5	0x0080      	MOVWF      INDF
0x02F6	0x0A84      	INCF       FSR, 1
0x02F7	0x3049      	MOVLW      73
0x02F8	0x0080      	MOVWF      INDF
0x02F9	0x0A84      	INCF       FSR, 1
0x02FA	0x3041      	MOVLW      65
0x02FB	0x0080      	MOVWF      INDF
0x02FC	0x0A84      	INCF       FSR, 1
0x02FD	0x0180      	CLRF       INDF
0x02FE	0x0A84      	INCF       FSR, 1
0x02FF	0x302B      	MOVLW      _main_Local_Text
0x0300	0x00C2      	MOVWF      FARG_UART1_Write_Text_uart_text
0x0301	0x228C      	CALL       _UART1_Write_Text
;baston_electronico.mbas,24 :: 		UART1_Write(0X0D)
0x0302	0x300D      	MOVLW      13
0x0303	0x00C5      	MOVWF      FARG_UART1_Write_data_
0x0304	0x20BA      	CALL       _UART1_Write
;baston_electronico.mbas,25 :: 		UART1_Write_Text(" LDR ")
0x0305	0x302B      	MOVLW      _main_Local_Text
0x0306	0x0084      	MOVWF      FSR
0x0307	0x3020      	MOVLW      32
0x0308	0x0080      	MOVWF      INDF
0x0309	0x0A84      	INCF       FSR, 1
0x030A	0x304C      	MOVLW      76
0x030B	0x0080      	MOVWF      INDF
0x030C	0x0A84      	INCF       FSR, 1
0x030D	0x3044      	MOVLW      68
0x030E	0x0080      	MOVWF      INDF
0x030F	0x0A84      	INCF       FSR, 1
0x0310	0x3052      	MOVLW      82
0x0311	0x0080      	MOVWF      INDF
0x0312	0x0A84      	INCF       FSR, 1
0x0313	0x3020      	MOVLW      32
0x0314	0x0080      	MOVWF      INDF
0x0315	0x0A84      	INCF       FSR, 1
0x0316	0x0180      	CLRF       INDF
0x0317	0x0A84      	INCF       FSR, 1
0x0318	0x302B      	MOVLW      _main_Local_Text
0x0319	0x00C2      	MOVWF      FARG_UART1_Write_Text_uart_text
0x031A	0x228C      	CALL       _UART1_Write_Text
;baston_electronico.mbas,26 :: 		UART1_Write(0X0D)
0x031B	0x300D      	MOVLW      13
0x031C	0x00C5      	MOVWF      FARG_UART1_Write_data_
0x031D	0x20BA      	CALL       _UART1_Write
;baston_electronico.mbas,27 :: 		delay_ms(1000)
0x031E	0x300B      	MOVLW      11
0x031F	0x00FB      	MOVWF      R11
0x0320	0x3026      	MOVLW      38
0x0321	0x00FC      	MOVWF      R12
0x0322	0x305D      	MOVLW      93
0x0323	0x00FD      	MOVWF      R13
L__main2:
0x0324	0x0BFD      	DECFSZ     R13, 1
0x0325	0x2B24      	GOTO       L__main2
0x0326	0x0BFC      	DECFSZ     R12, 1
0x0327	0x2B24      	GOTO       L__main2
0x0328	0x0BFB      	DECFSZ     R11, 1
0x0329	0x2B24      	GOTO       L__main2
0x032A	0x0000      	NOP
0x032B	0x0000      	NOP
;baston_electronico.mbas,28 :: 		while (TRUE)
L__main4:
;baston_electronico.mbas,29 :: 		VALOR=Adc_Read(0)
0x032C	0x01C2      	CLRF       FARG_Adc_Read_channel
0x032D	0x2252      	CALL       _Adc_Read
0x032E	0x0870      	MOVF       R0, 0
0x032F	0x00A9      	MOVWF      _VALOR
0x0330	0x0871      	MOVF       R0+1, 0
0x0331	0x00AA      	MOVWF      _VALOR+1
;baston_electronico.mbas,30 :: 		TEMP_VALOR=1023-VALOR
0x0332	0x0870      	MOVF       R0, 0
0x0333	0x3CFF      	SUBLW      255
0x0334	0x00C0      	MOVWF      FLOC__main+4
0x0335	0x0871      	MOVF       R0+1, 0
0x0336	0x1C03      	BTFSS      STATUS, 0
0x0337	0x3E01      	ADDLW      1
0x0338	0x3C03      	SUBLW      3
0x0339	0x00C1      	MOVWF      FLOC__main+5
0x033A	0x0840      	MOVF       FLOC__main+4, 0
0x033B	0x00A5      	MOVWF      _TEMP_VALOR
0x033C	0x0841      	MOVF       FLOC__main+5, 0
0x033D	0x00A6      	MOVWF      _TEMP_VALOR+1
;baston_electronico.mbas,31 :: 		PORCENTAJE =(TEMP_VALOR /1023)*100
0x033E	0x30FF      	MOVLW      255
0x033F	0x00F0      	MOVWF      R0
0x0340	0x3003      	MOVLW      3
0x0341	0x00F1      	MOVWF      R0+1
0x0342	0x222C      	CALL       _Word2Double
0x0343	0x0870      	MOVF       R0, 0
0x0344	0x00BC      	MOVWF      FLOC__main
0x0345	0x0871      	MOVF       R0+1, 0
0x0346	0x00BD      	MOVWF      FLOC__main+1
0x0347	0x0872      	MOVF       R0+2, 0
0x0348	0x00BE      	MOVWF      FLOC__main+2
0x0349	0x0873      	MOVF       R0+3, 0
0x034A	0x00BF      	MOVWF      FLOC__main+3
0x034B	0x0840      	MOVF       FLOC__main+4, 0
0x034C	0x00F0      	MOVWF      R0
0x034D	0x0841      	MOVF       FLOC__main+5, 0
0x034E	0x00F1      	MOVWF      R0+1
0x034F	0x222C      	CALL       _Word2Double
0x0350	0x083C      	MOVF       FLOC__main, 0
0x0351	0x00F4      	MOVWF      R4
0x0352	0x083D      	MOVF       FLOC__main+1, 0
0x0353	0x00F5      	MOVWF      R4+1
0x0354	0x083E      	MOVF       FLOC__main+2, 0
0x0355	0x00F6      	MOVWF      R4+2
0x0356	0x083F      	MOVF       FLOC__main+3, 0
0x0357	0x00F7      	MOVWF      R4+3
0x0358	0x20C4      	CALL       _Div_32x32_FP
0x0359	0x0870      	MOVF       R0, 0
0x035A	0x00BC      	MOVWF      FLOC__main
0x035B	0x0871      	MOVF       R0+1, 0
0x035C	0x00BD      	MOVWF      FLOC__main+1
0x035D	0x0872      	MOVF       R0+2, 0
0x035E	0x00BE      	MOVWF      FLOC__main+2
0x035F	0x0873      	MOVF       R0+3, 0
0x0360	0x00BF      	MOVWF      FLOC__main+3
0x0361	0x3064      	MOVLW      100
0x0362	0x00F0      	MOVWF      R0
0x0363	0x227C      	CALL       _Byte2Double
0x0364	0x083C      	MOVF       FLOC__main, 0
0x0365	0x00F4      	MOVWF      R4
0x0366	0x083D      	MOVF       FLOC__main+1, 0
0x0367	0x00F5      	MOVWF      R4+1
0x0368	0x083E      	MOVF       FLOC__main+2, 0
0x0369	0x00F6      	MOVWF      R4+2
0x036A	0x083F      	MOVF       FLOC__main+3, 0
0x036B	0x00F7      	MOVWF      R4+3
0x036C	0x217B      	CALL       _Mul_32x32_FP
0x036D	0x0870      	MOVF       R0, 0
0x036E	0x00BC      	MOVWF      FLOC__main
0x036F	0x0871      	MOVF       R0+1, 0
0x0370	0x00BD      	MOVWF      FLOC__main+1
0x0371	0x0872      	MOVF       R0+2, 0
0x0372	0x00BE      	MOVWF      FLOC__main+2
0x0373	0x0873      	MOVF       R0+3, 0
0x0374	0x00BF      	MOVWF      FLOC__main+3
0x0375	0x083C      	MOVF       FLOC__main, 0
0x0376	0x00A1      	MOVWF      _PORCENTAJE
0x0377	0x083D      	MOVF       FLOC__main+1, 0
0x0378	0x00A2      	MOVWF      _PORCENTAJE+1
0x0379	0x083E      	MOVF       FLOC__main+2, 0
0x037A	0x00A3      	MOVWF      _PORCENTAJE+2
0x037B	0x083F      	MOVF       FLOC__main+3, 0
0x037C	0x00A4      	MOVWF      _PORCENTAJE+3
;baston_electronico.mbas,38 :: 		if PORCENTAJE<85 then
0x037D	0x3055      	MOVLW      85
0x037E	0x00F0      	MOVWF      R0
0x037F	0x227C      	CALL       _Byte2Double
0x0380	0x0870      	MOVF       R0, 0
0x0381	0x00F4      	MOVWF      R4
0x0382	0x0871      	MOVF       R0+1, 0
0x0383	0x00F5      	MOVWF      R4+1
0x0384	0x0872      	MOVF       R0+2, 0
0x0385	0x00F6      	MOVWF      R4+2
0x0386	0x0873      	MOVF       R0+3, 0
0x0387	0x00F7      	MOVWF      R4+3
0x0388	0x083C      	MOVF       FLOC__main, 0
0x0389	0x00F0      	MOVWF      R0
0x038A	0x083D      	MOVF       FLOC__main+1, 0
0x038B	0x00F1      	MOVWF      R0+1
0x038C	0x083E      	MOVF       FLOC__main+2, 0
0x038D	0x00F2      	MOVWF      R0+2
0x038E	0x083F      	MOVF       FLOC__main+3, 0
0x038F	0x00F3      	MOVWF      R0+3
0x0390	0x21DC      	CALL       _Compare_Double
0x0391	0x30FF      	MOVLW      255
0x0392	0x1803      	BTFSC      STATUS, 0
0x0393	0x3000      	MOVLW      0
0x0394	0x00F0      	MOVWF      R0
0x0395	0x0870      	MOVF       R0, 0
0x0396	0x1903      	BTFSC      STATUS, 2
0x0397	0x2BB7      	GOTO       L__main9
;baston_electronico.mbas,39 :: 		PORTB=0XFF
0x0398	0x30FF      	MOVLW      255
0x0399	0x0086      	MOVWF      PORTB
;baston_electronico.mbas,40 :: 		PORTC.RC1=1
0x039A	0x1487      	BSF        PORTC, 1
;baston_electronico.mbas,41 :: 		Delay_ms(100)
0x039B	0x3002      	MOVLW      2
0x039C	0x00FB      	MOVWF      R11
0x039D	0x3004      	MOVLW      4
0x039E	0x00FC      	MOVWF      R12
0x039F	0x30BA      	MOVLW      186
0x03A0	0x00FD      	MOVWF      R13
L__main11:
0x03A1	0x0BFD      	DECFSZ     R13, 1
0x03A2	0x2BA1      	GOTO       L__main11
0x03A3	0x0BFC      	DECFSZ     R12, 1
0x03A4	0x2BA1      	GOTO       L__main11
0x03A5	0x0BFB      	DECFSZ     R11, 1
0x03A6	0x2BA1      	GOTO       L__main11
0x03A7	0x0000      	NOP
;baston_electronico.mbas,42 :: 		PORTB=0X00
0x03A8	0x0186      	CLRF       PORTB
;baston_electronico.mbas,43 :: 		PORTC.RC1=0
0x03A9	0x1087      	BCF        PORTC, 1
;baston_electronico.mbas,44 :: 		Delay_ms(100)
0x03AA	0x3002      	MOVLW      2
0x03AB	0x00FB      	MOVWF      R11
0x03AC	0x3004      	MOVLW      4
0x03AD	0x00FC      	MOVWF      R12
0x03AE	0x30BA      	MOVLW      186
0x03AF	0x00FD      	MOVWF      R13
L__main12:
0x03B0	0x0BFD      	DECFSZ     R13, 1
0x03B1	0x2BB0      	GOTO       L__main12
0x03B2	0x0BFC      	DECFSZ     R12, 1
0x03B3	0x2BB0      	GOTO       L__main12
0x03B4	0x0BFB      	DECFSZ     R11, 1
0x03B5	0x2BB0      	GOTO       L__main12
0x03B6	0x0000      	NOP
L__main9:
;baston_electronico.mbas,48 :: 		wend
0x03B7	0x2B2C      	GOTO       L__main4
0x03B8	0x2BB8      	GOTO       $+0
; end of _main
Symbol List:
//** Routines locations **
//ADDRESS    SIZE    PROCEDURE
//----------------------------------------------
0x0003       [7]    _RES032
0x000A      [12]    _SETFOV32
0x0016       [4]    _FIXSIGN32
0x001A      [12]    _SETFUN32
0x0026      [90]    _NRM4032
0x0080       [3]    _SETFDZ32
0x0083       [8]    _Delay_22us
0x008B      [47]    _NRM3232
0x00BA      [10]    _UART1_Write
0x00C4     [183]    _Div_32x32_FP
0x017B      [97]    _Mul_32x32_FP
0x01DC      [80]    _Compare_Double
0x022C      [22]    _Word2Double
0x0242      [16]    _UART1_Init
0x0252      [42]    _Adc_Read
0x027C      [16]    _Byte2Double
0x028C      [22]    _UART1_Write_Text
0x02A2     [279]    _main
//** Variables locations ** 
//ADDRESS    SIZE    VARIABLE
//----------------------------------------------
0x0000       [1]    INDF
0x0001       [1]    TMR0
0x0002       [1]    PCL
0x0003       [0]    C_bit
0x0003       [1]    STATUS
0x0003       [0]    NOT_TO_bit
0x0003       [0]    DC_bit
0x0003       [0]    NOT_PD_bit
0x0003       [0]    IRP_bit
0x0003       [0]    Z_bit
0x0003       [0]    RP1_bit
0x0003       [0]    RP0_bit
0x0004       [1]    FSR
0x0004       [1]    FSRPTR
0x0005       [0]    RA6_bit
0x0005       [0]    RA5_bit
0x0005       [1]    PORTA
0x0005       [0]    RA7_bit
0x0005       [0]    RA4_bit
0x0005       [0]    RA1_bit
0x0005       [0]    RA0_bit
0x0005       [0]    RA3_bit
0x0005       [0]    RA2_bit
0x0006       [0]    RB1_bit
0x0006       [0]    RB2_bit
0x0006       [1]    PORTB
0x0006       [0]    RB0_bit
0x0006       [0]    RB3_bit
0x0006       [0]    RB6_bit
0x0006       [0]    RB7_bit
0x0006       [0]    RB4_bit
0x0006       [0]    RB5_bit
0x0007       [1]    PORTC
0x0007       [0]    RC4_bit
0x0007       [0]    RC5_bit
0x0007       [0]    RC6_bit
0x0007       [0]    RC3_bit
0x0007       [0]    RC0_bit
0x0007       [0]    RC1_bit
0x0007       [0]    RC2_bit
0x0007       [0]    RC7_bit
0x0008       [0]    RD1_bit
0x0008       [0]    RD6_bit
0x0008       [0]    RD7_bit
0x0008       [0]    RD2_bit
0x0008       [0]    RD5_bit
0x0008       [0]    RD4_bit
0x0008       [0]    RD3_bit
0x0008       [1]    PORTD
0x0008       [0]    RD0_bit
0x0009       [0]    RE1_bit
0x0009       [0]    RE0_bit
0x0009       [0]    RE3_bit
0x0009       [1]    PORTE
0x0009       [0]    RE2_bit
0x000A       [1]    PCLATH
0x000B       [0]    INTF_bit
0x000B       [0]    RBIF_bit
0x000B       [0]    TMR0IF_bit
0x000B       [0]    PEIE_bit
0x000B       [0]    T0IE_bit
0x000B       [1]    INTCON
0x000B       [0]    GIE_bit
0x000B       [0]    RBIE_bit
0x000B       [0]    T0IF_bit
0x000B       [0]    TMR0IE_bit
0x000B       [0]    INTE_bit
0x000C       [1]    PIR1
0x000C       [0]    TXIF_bit
0x000C       [0]    SSPIF_bit
0x000C       [0]    ADIF_bit
0x000C       [0]    RCIF_bit
0x000C       [0]    TMR2IF_bit
0x000C       [0]    TMR1IF_bit
0x000C       [0]    CCP1IF_bit
0x000D       [1]    PIR2
0x000D       [0]    OSFIF_bit
0x000D       [0]    C1IF_bit
0x000D       [0]    C2IF_bit
0x000D       [0]    EEIF_bit
0x000D       [0]    ULPWUIF_bit
0x000D       [0]    CCP2IF_bit
0x000D       [0]    BCLIF_bit
0x000E       [1]    TMR1L
0x000F       [1]    TMR1H
0x0010       [0]    TMR1ON_bit
0x0010       [0]    T1CKPS1_bit
0x0010       [0]    T1CKPS0_bit
0x0010       [0]    T1OSCEN_bit
0x0010       [1]    T1CON
0x0010       [0]    T1GINV_bit
0x0010       [0]    TMR1GE_bit
0x0010       [0]    TMR1CS_bit
0x0010       [0]    T1SYNC_bit
0x0010       [0]    T1INSYNC_bit
0x0010       [0]    NOT_T1SYNC_bit
0x0011       [1]    TMR2
0x0012       [1]    T2CON
0x0012       [0]    T2CKPS0_bit
0x0012       [0]    T2CKPS1_bit
0x0012       [0]    TOUTPS1_bit
0x0012       [0]    TOUTPS2_bit
0x0012       [0]    TOUTPS0_bit
0x0012       [0]    TMR2ON_bit
0x0012       [0]    TOUTPS3_bit
0x0013       [1]    SSPBUF
0x0014       [1]    SSPCON
0x0014       [0]    SSPM3_bit
0x0014       [0]    SSPM2_bit
0x0014       [0]    SSPM0_bit
0x0014       [0]    SSPM1_bit
0x0014       [0]    SSPEN_bit
0x0014       [0]    WCOL_bit
0x0014       [0]    SSPOV_bit
0x0014       [0]    CKP_bit
0x0015       [2]    CCPR1
0x0015       [1]    CCPR1L
0x0016       [1]    CCPR1H
0x0017       [0]    CCP1M3_bit
0x0017       [0]    CCP1Y_bit
0x0017       [0]    CCP1M2_bit
0x0017       [0]    CCP1M1_bit
0x0017       [0]    CCP1M0_bit
0x0017       [0]    DC1B0_bit
0x0017       [0]    P1M1_bit
0x0017       [1]    CCP1CON
0x0017       [0]    P1M0_bit
0x0017       [0]    CCP1X_bit
0x0017       [0]    DC1B1_bit
0x0018       [0]    CREN_bit
0x0018       [0]    SREN_bit
0x0018       [0]    ADDEN_bit
0x0018       [0]    RX9_bit
0x0018       [0]    NOT_RC8_bit
0x0018       [0]    SPEN_bit
0x0018       [0]    RC9_bit
0x0018       [0]    RC8_9_bit
0x0018       [0]    OERR_bit
0x0018       [0]    RX9D_bit
0x0018       [0]    RCD8_bit
0x0018       [0]    FERR_bit
0x0018       [1]    RCSTA
0x0019       [1]    TXREG
0x001A       [1]    RCREG
0x001B       [1]    CCPR2L
0x001B       [2]    CCPR2
0x001C       [1]    CCPR2H
0x001D       [1]    CCP2CON
0x001D       [0]    CCP2Y_bit
0x001D       [0]    DC2B0_bit
0x001D       [0]    CCP2M2_bit
0x001D       [0]    CCP2M1_bit
0x001D       [0]    CCP2M0_bit
0x001D       [0]    CCP2M3_bit
0x001D       [0]    DC2B1_bit
0x001D       [0]    CCP2X_bit
0x001E       [1]    ADRESH
0x001F       [0]    CHS1_bit
0x001F       [0]    CHS0_bit
0x001F       [0]    GO_bit
0x001F       [0]    CHS3_bit
0x001F       [0]    ADCS0_bit
0x001F       [0]    CHS2_bit
0x001F       [0]    NOT_DONE_bit
0x001F       [0]    ADON_bit
0x001F       [1]    ADCON0
0x001F       [0]    ADCS1_bit
0x001F       [0]    GO_DONE_bit
0x0020       [1]    __math_tempbD
0x0021       [4]    _PORCENTAJE
0x0025       [2]    _TEMP_VALOR
0x0027       [2]    ___DoICPAddr
0x0029       [2]    _VALOR
0x002B      [17]    _main_Local_Text
0x003C       [6]    FLOC__main
0x0042       [1]    FARG_UART1_Write_Text_uart_text
0x0042       [1]    FARG_Adc_Read_channel
0x0043       [2]    Adc_Read_local_result
0x0043       [1]    UART1_Write_Text_counter
0x0044       [1]    UART1_Write_Text_data_
0x0045       [1]    FARG_UART1_Write_data_
0x0070       [1]    R0
0x0071       [1]    R1
0x0072       [1]    R2
0x0073       [1]    R3
0x0074       [1]    R4
0x0075       [1]    R5
0x0076       [1]    R6
0x0077       [1]    R7
0x0078       [1]    R8
0x0079       [1]    R9
0x007A       [1]    R10
0x007B       [1]    R11
0x007C       [1]    R12
0x007D       [1]    R13
0x007E       [1]    R14
0x007F       [1]    R15
0x0081       [0]    PS2_bit
0x0081       [1]    OPTION_REG
0x0081       [0]    PS1_bit
0x0081       [0]    PS0_bit
0x0081       [0]    PSA_bit
0x0081       [0]    INTEDG_bit
0x0081       [0]    NOT_RBPU_bit
0x0081       [0]    T0CS_bit
0x0081       [0]    T0SE_bit
0x0085       [0]    TRISA1_bit
0x0085       [0]    TRISA2_bit
0x0085       [1]    TRISA
0x0085       [0]    TRISA0_bit
0x0085       [0]    TRISA3_bit
0x0085       [0]    TRISA6_bit
0x0085       [0]    TRISA7_bit
0x0085       [0]    TRISA4_bit
0x0085       [0]    TRISA5_bit
0x0086       [0]    TRISB3_bit
0x0086       [0]    TRISB4_bit
0x0086       [0]    TRISB1_bit
0x0086       [0]    TRISB2_bit
0x0086       [0]    TRISB7_bit
0x0086       [1]    TRISB
0x0086       [0]    TRISB5_bit
0x0086       [0]    TRISB6_bit
0x0086       [0]    TRISB0_bit
0x0087       [0]    TRISC3_bit
0x0087       [0]    TRISC4_bit
0x0087       [0]    TRISC1_bit
0x0087       [0]    TRISC2_bit
0x0087       [1]    TRISC
0x0087       [0]    TRISC7_bit
0x0087       [0]    TRISC0_bit
0x0087       [0]    TRISC5_bit
0x0087       [0]    TRISC6_bit
0x0088       [0]    TRISD1_bit
0x0088       [0]    TRISD0_bit
0x0088       [1]    TRISD
0x0088       [0]    TRISD2_bit
0x0088       [0]    TRISD7_bit
0x0088       [0]    TRISD6_bit
0x0088       [0]    TRISD5_bit
0x0088       [0]    TRISD3_bit
0x0088       [0]    TRISD4_bit
0x0089       [0]    TRISE1_bit
0x0089       [0]    TRISE0_bit
0x0089       [1]    TRISE
0x0089       [0]    TRISE3_bit
0x0089       [0]    TRISE2_bit
0x008C       [0]    TMR1IE_bit
0x008C       [0]    TMR2IE_bit
0x008C       [0]    CCP1IE_bit
0x008C       [0]    RCIE_bit
0x008C       [0]    ADIE_bit
0x008C       [0]    SSPIE_bit
0x008C       [0]    TXIE_bit
0x008C       [1]    PIE1
0x008D       [0]    OSFIE_bit
0x008D       [0]    EEIE_bit
0x008D       [1]    PIE2
0x008D       [0]    C2IE_bit
0x008D       [0]    ULPWUIE_bit
0x008D       [0]    CCP2IE_bit
0x008D       [0]    C1IE_bit
0x008D       [0]    BCLIE_bit
0x008E       [0]    NOT_BOR_bit
0x008E       [0]    ULPWUE_bit
0x008E       [1]    PCON
0x008E       [0]    SBOREN_bit
0x008E       [0]    NOT_POR_bit
0x008E       [0]    NOT_BO_bit
0x008F       [1]    OSCCON
0x008F       [0]    LTS_bit
0x008F       [0]    IRCF0_bit
0x008F       [0]    IRCF1_bit
0x008F       [0]    SCS_bit
0x008F       [0]    IRCF2_bit
0x008F       [0]    OSTS_bit
0x008F       [0]    HTS_bit
0x0090       [0]    TUN0_bit
0x0090       [0]    TUN4_bit
0x0090       [1]    OSCTUNE
0x0090       [0]    TUN3_bit
0x0090       [0]    TUN1_bit
0x0090       [0]    TUN2_bit
0x0091       [0]    SEN_bit
0x0091       [0]    ACKDT_bit
0x0091       [0]    ACKEN_bit
0x0091       [0]    GCEN_bit
0x0091       [0]    ACKSTAT_bit
0x0091       [0]    RCEN_bit
0x0091       [0]    RSEN_bit
0x0091       [1]    SSPCON2
0x0091       [0]    PEN_bit
0x0092       [1]    PR2
0x0093       [1]    SSPMSK
0x0093       [1]    SSPADD
0x0093       [1]    MSK
0x0094       [0]    R_W_bit
0x0094       [0]    S_bit
0x0094       [0]    NOT_W_bit
0x0094       [0]    I2C_STOP__bit
0x0094       [0]    READ_WRITE_bit
0x0094       [1]    SSPSTAT
0x0094       [0]    I2C_START__bit
0x0094       [0]    R_bit
0x0094       [0]    I2C_READ_bit
0x0094       [0]    NOT_WRITE_bit
0x0094       [0]    BF_bit
0x0094       [0]    I2C_DATA_bit
0x0094       [0]    NOT_ADDRESS_bit
0x0094       [0]    NOT_A_bit
0x0094       [0]    UA_bit
0x0094       [0]    SMP_bit
0x0094       [0]    D_bit
0x0094       [0]    CKE_bit
0x0094       [0]    DATA_ADDRESS_bit
0x0094       [0]    P_bit
0x0094       [0]    D_A_bit
0x0095       [0]    WPUB4_bit
0x0095       [0]    WPUB3_bit
0x0095       [0]    WPUB2_bit
0x0095       [0]    WPUB1_bit
0x0095       [0]    WPUB0_bit
0x0095       [0]    WPUB5_bit
0x0095       [1]    WPUB
0x0095       [0]    WPUB7_bit
0x0095       [0]    WPUB6_bit
0x0096       [0]    IOCB2_bit
0x0096       [0]    IOCB6_bit
0x0096       [0]    IOCB5_bit
0x0096       [1]    IOCB
0x0096       [0]    IOCB7_bit
0x0096       [0]    IOCB1_bit
0x0096       [0]    IOCB3_bit
0x0096       [0]    IOCB0_bit
0x0096       [0]    IOCB4_bit
0x0097       [1]    VRCON
0x0097       [0]    VRR_bit
0x0097       [0]    VRSS_bit
0x0097       [0]    VR1_bit
0x0097       [0]    VR0_bit
0x0097       [0]    VREN_bit
0x0097       [0]    VR3_bit
0x0097       [0]    VR2_bit
0x0097       [0]    VROE_bit
0x0098       [1]    TXSTA
0x0098       [0]    TX9_bit
0x0098       [0]    CSRC_bit
0x0098       [0]    NOT_TX8_bit
0x0098       [0]    TRMT_bit
0x0098       [0]    BRGH_bit
0x0098       [0]    TXD8_bit
0x0098       [0]    TX9D_bit
0x0098       [0]    TXEN_bit
0x0098       [0]    TX8_9_bit
0x0098       [0]    SENDB_bit
0x0098       [0]    SYNC_bit
0x0099       [0]    BRG3_bit
0x0099       [0]    BRG4_bit
0x0099       [0]    BRG5_bit
0x0099       [0]    BRG0_bit
0x0099       [0]    BRG1_bit
0x0099       [0]    BRG2_bit
0x0099       [0]    BRG7_bit
0x0099       [1]    SPBRG
0x0099       [0]    BRG6_bit
0x009A       [0]    BRG13_bit
0x009A       [0]    BRG9_bit
0x009A       [0]    BRG14_bit
0x009A       [0]    BRG15_bit
0x009A       [0]    BRG8_bit
0x009A       [0]    BRG10_bit
0x009A       [0]    BRG12_bit
0x009A       [0]    BRG11_bit
0x009A       [1]    SPBRGH
0x009B       [0]    PRSEN_bit
0x009B       [0]    PDC1_bit
0x009B       [0]    PDC2_bit
0x009B       [0]    PDC0_bit
0x009B       [1]    PWM1CON
0x009B       [0]    PDC5_bit
0x009B       [0]    PDC6_bit
0x009B       [0]    PDC3_bit
0x009B       [0]    PDC4_bit
0x009C       [0]    PSSAC0_bit
0x009C       [0]    ECCPASE_bit
0x009C       [0]    PSSAC1_bit
0x009C       [1]    ECCPAS
0x009C       [0]    PSSBD0_bit
0x009C       [0]    ECCPAS1_bit
0x009C       [0]    PSSBD1_bit
0x009C       [0]    ECCPAS2_bit
0x009C       [0]    ECCPAS0_bit
0x009D       [1]    PSTRCON
0x009D       [0]    STRB_bit
0x009D       [0]    STRD_bit
0x009D       [0]    STRA_bit
0x009D       [0]    STRC_bit
0x009D       [0]    STRSYNC_bit
0x009E       [1]    ADRESL
0x009F       [1]    ADCON1
0x009F       [0]    VCFG0_bit
0x009F       [0]    ADFM_bit
0x009F       [0]    VCFG1_bit
0x0105       [0]    WDTPS2_bit
0x0105       [0]    WDTPS1_bit
0x0105       [0]    SWDTEN_bit
0x0105       [0]    WDTPS3_bit
0x0105       [1]    WDTCON
0x0105       [0]    WDTPS0_bit
0x0107       [0]    C1R_bit
0x0107       [0]    C1POL_bit
0x0107       [0]    C1ON_bit
0x0107       [0]    C1OUT_bit
0x0107       [0]    C1OE_bit
0x0107       [0]    C1CH0_bit
0x0107       [1]    CM1CON0
0x0107       [0]    C1CH1_bit
0x0108       [0]    C2CH0_bit
0x0108       [0]    C2CH1_bit
0x0108       [0]    C2R_bit
0x0108       [0]    C2OE_bit
0x0108       [1]    CM2CON0
0x0108       [0]    C2POL_bit
0x0108       [0]    C2ON_bit
0x0108       [0]    C2OUT_bit
0x0109       [0]    T1GSS_bit
0x0109       [0]    MC1OUT_bit
0x0109       [0]    MC2OUT_bit
0x0109       [0]    C2RSEL_bit
0x0109       [0]    C1RSEL_bit
0x0109       [0]    C2SYNC_bit
0x0109       [1]    CM2CON1
0x010C       [1]    EEDATA
0x010C       [1]    EEDAT
0x010D       [1]    EEADR
0x010E       [1]    EEDATH
0x010F       [1]    EEADRH
0x0185       [0]    C2REN_bit
0x0185       [0]    SR0_bit
0x0185       [0]    SR1_bit
0x0185       [0]    C1SEN_bit
0x0185       [0]    PULSR_bit
0x0185       [0]    PULSS_bit
0x0185       [1]    SRCON
0x0185       [0]    FVREN_bit
0x0187       [0]    ABDEN_bit
0x0187       [1]    BAUDCTL
0x0187       [0]    RCIDL_bit
0x0187       [0]    SCKP_bit
0x0187       [0]    ABDOVF_bit
0x0187       [0]    WUE_bit
0x0187       [0]    BRG16_bit
0x0188       [0]    ANS3_bit
0x0188       [1]    ANSEL
0x0188       [0]    ANS2_bit
0x0188       [0]    ANS6_bit
0x0188       [0]    ANS0_bit
0x0188       [0]    ANS5_bit
0x0188       [0]    ANS4_bit
0x0188       [0]    ANS1_bit
0x0188       [0]    ANS7_bit
0x0189       [0]    ANS10_bit
0x0189       [0]    ANS11_bit
0x0189       [0]    ANS8_bit
0x0189       [0]    ANS9_bit
0x0189       [0]    ANS12_bit
0x0189       [1]    ANSELH
0x0189       [0]    ANS13_bit
0x018C       [0]    WR_bit
0x018C       [0]    WREN_bit
0x018C       [0]    RD_bit
0x018C       [1]    EECON1
0x018C       [0]    EEPGD_bit
0x018C       [0]    WRERR_bit
0x018D       [1]    EECON2
//** Label List: ** 
//----------------------------------------------
  L_end__main
  L__main1
  L__main2
  L__main3
  L__main4
  L__main5
  L__main6
  L__main7
  L__main8
  L__main9
  L__main10
  L__main11
  L__main12
  _main
  L_end__Adc_Read
  L__Adc_Read1
  L__Adc_Read2
  L__Adc_Read3
  L__Adc_Read4
  L__Adc_Read5
  _Adc_Read
  L_end__Get_Fosc_kHz
  L_end__Delay_1us
  L_end__Delay_10us
  L__Delay_10us3
  L_end__Delay_22us
  L__Delay_22us5
  L_end__Delay_50us
  L__Delay_50us7
  L_end__Delay_80us
  L__Delay_80us9
  L_end__Delay_500us
  L__Delay_500us11
  L_end__Delay_5500us
  L__Delay_5500us13
  L_end__Delay_5ms
  L__Delay_5ms15
  L_end__Delay_8ms
  L__Delay_8ms17
  L_end__Delay_10ms
  L__Delay_10ms19
  L_end__Delay_100ms
  L__Delay_100ms21
  L_end__Delay_1sec
  L__Delay_1sec23
  L_end__Delay_Cyc
  L__Delay_Cyc25
  L__Delay_Cyc26
  L__Delay_Cyc27
  L__Delay_Cyc28
  L__Delay_Cyc29
  L_end__VDelay_ms
  L__VDelay_ms31
  L__VDelay_ms32
  L__VDelay_ms33
  L__VDelay_ms34
  L__VDelay_ms35
  L__VDelay_ms36
  L__VDelay_ms37
  L__VDelay_ms38
  L_end__VDelay_Advanced_ms
  L__VDelay_Advanced_ms40
  L__VDelay_Advanced_ms41
  L__VDelay_Advanced_ms42
  L__VDelay_Advanced_ms43
  L__VDelay_Advanced_ms44
  L__VDelay_Advanced_ms45
  L__VDelay_Advanced_ms46
  L__VDelay_Advanced_ms47
  _Get_Fosc_kHz
  _Delay_1us
  _Delay_10us
  _Delay_22us
  _Delay_50us
  _Delay_80us
  _Delay_500us
  _Delay_5500us
  _Delay_5ms
  _Delay_8ms
  _Delay_10ms
  _Delay_100ms
  _Delay_1sec
  _Delay_Cyc
  _VDelay_ms
  L__VDelay_ms48
  L__VDelay_ms49
  L__VDelay_ms50
  L__VDelay_ms51
  _VDelay_Advanced_ms
  L__VDelay_Advanced_ms52
  L__VDelay_Advanced_ms53
  L__VDelay_Advanced_ms54
  L__VDelay_Advanced_ms55
  L_end__SETFOV32
  SETFOV32EEE
  L_end__SETFDZ32
  L_end__FIXSIGN32
  L_end__RES032
  L_end__SETFUN32
  SETFUN32EEE
  L_end__NRM3232
  NORM3232
  JPNRES032
  JPNSETFUN32
  NORM3232A
  JMPNFIXSIGN32
  NORM32EEE
  L_end__NRM4032
  NRMRND4032
  NRM4032
  JMPSETFOV32
  NORM4032
  JMPRES032
  JMPSETFUN32
  NORM4032A
  JMPFIXSIGN32
  NRM4032EEE
  L_end__Add_32x32_FP
  USEA32
  JMPEEE
  ALIGNED32
  ALIGNB32
  ALOOPB32
  AOK32
  ACOMP32
  JMPNRMRND4032
  ADD_JMPSETFOV32
  JMPNRM4032
  JMPNRM32
  ADD32EEE
  L_end__Sub_32x32_FP
  L_end__Mul_32x32_FP
  FPM32
  JPMRES032
  M32BNE0
  MTUN32
  JPMSETFOV32
  MOK32
  JPMSETFUN32
  MLOOP32
  MNOADD32
  MADD32
  MROUND32
  MUL32OK
  MUL32EEE
  L_end__Div_32x32_FP
  L__Div_32x32_FP18
  L__Div_32x32_FP19
  L__Div_32x32_FP20
  L__Div_32x32_FP21
  L__Div_32x32_FP22
  L__Div_32x32_FP23
  L__Div_32x32_FP24
  L__Div_32x32_FP25
  L__Div_32x32_FP26
  L__Div_32x32_FP27
  L__Div_32x32_FP28
  L__Div_32x32_FP29
  FPD32
  JPDSETFDZ32
  JPDRES032
  D32BNE0
  TALIGN32
  TS1ALIGN32
  TS2ALIGN32
  DALIGN32OK
  ALTB32
  AGEB32
  JPDSETFOV32
  DARGOK32
  JPDSETFUN32
  DLOOP32
  DS132
  DS232
  DREST32
  DOK32
  DAREST32
  DROUND32
  DIV32OK
  DIV32EEE
  L_end__SETIOV3224
  SETIOV3224EEE
  L_end__Double2Longword
  INT3232U
  INT3232UEOK
  SETEXP32U
  SETIOV32U
  TSHIFT3232U
  SHIFT3232UOK
  SHIFT3232U
  INT3232UOK
  JPLSETIOV3224
  IRES032U
  INT3232UEER
  INT3232UEEE
  L_Double2Longword_0
  L_end__Double2Longint
  INT3232
  INT3232EOK
  SETIOV32
  TSHIFT3232
  SHIFT3232OK
  SHIFT3232
  INT3232OK
  JPISETIOV3224
  IRES032
  INT3232EER
  INT3232EEE
  L_Double2Longint_0
  L_end__Double2Int
  INT3216
  IRES016
  SETIOV16
  TSHIFT3216
  SHIFT3216OK
  SHIFT3216
  INT3216OK
  JPJSETIOV3224
  INT3216EOK
  INT3216EER
  INT3216EEE
  L_Double2Int_0
  L_end__Double2Word
  INT3216U
  IRES016U
  SETEXP16U
  SETIOV16U
  TSHIFT3216U
  SHIFT3216UOK
  SHIFT3216U
  INT3216UOK
  JPKSETIOV3224
  INT3216UEOK
  INT3216UEER
  INT3216UEEE
  L_Double2Word_0
  L_end__Double2Byte
  INT32U08
  IRES008
  SETEXP08
  SETIOV08
  TSHIFT3208
  SHIFT3208OK
  SHIFT3208
  INT3208OK
  D2B_JPKSETIOV3224
  INT3208EOK
  INT3208EER
  INT3208EEE
  L_Double2Byte_0
  L_end__Byte2Double
  FLO08U32
  L_end__Int2Double
  FLO1632
  FLO1632EEE
  L_end__Word2Double
  FLO16U32
  L_end__Longint2Double
  FLO3232
  FLO3232EEE
  L_end__Longword2Double
  FLO32U32
  L_end__Equals_Double
  EQU_FALSE
  L_end__Compare_Double
  COMPARE_EQU
  COMPARE_NOTZERO
  COMPARE_XNOTZERO
  COMPARE_YNOTZERO
  COMPARE_LT
  COMPARE_GT
  COMPARE_TESTALL
  COMPARE_C1
  GT_FALSE
  GT_TRUE
  COMPARE_C2
  COMPARE_C3
  _SETFOV32
  _SETFDZ32
  _FIXSIGN32
  _RES032
  _SETFUN32
  _NRM3232
  _NRM4032
  _Add_32x32_FP
  _Sub_32x32_FP
  _Mul_32x32_FP
  _Div_32x32_FP
  _SETIOV3224
  _Double2Longword
  _Double2Longint
  _Double2Int
  _Double2Word
  _Double2Byte
  _Byte2Double
  _Int2Double
  _Word2Double
  _Longint2Double
  _Longword2Double
  _Equals_Double
  _Compare_Double
  L_end__UART1_Init
  L__UART1_Init1
  L__UART1_Init2
  L__UART1_Init3
  L__UART1_Init4
  L__UART1_Init5
  L_end__UART1_Data_Ready
  L_end__UART1_Read
  L__UART1_Read8
  L__UART1_Read9
  L__UART1_Read10
  L_end__UART1_TX_Idle
  L_end__UART1_Write
  L__UART1_Write13
  L__UART1_Write14
  L__UART1_Write15
  L__UART1_Write16
  L__UART1_Write17
  L_end__UART1_Write_Text
  L__UART1_Write_Text19
  L__UART1_Write_Text20
  L__UART1_Write_Text21
  L__UART1_Write_Text22
  L__UART1_Write_Text23
  L_end__UART1_Read_Text
  L__UART1_Read_Text25
  L__UART1_Read_Text26
  L__UART1_Read_Text27
  L__UART1_Read_Text28
  L__UART1_Read_Text29
  L__UART1_Read_Text30
  L__UART1_Read_Text31
  L__UART1_Read_Text32
  L__UART1_Read_Text33
  L__UART1_Read_Text34
  L__UART1_Read_Text35
  L__UART1_Read_Text36
  L__UART1_Read_Text37
  L__UART1_Read_Text38
  L__UART1_Read_Text39
  L__UART1_Read_Text40
  L__UART1_Read_Text41
  L__UART1_Read_Text42
  L__UART1_Read_Text43
  L__UART1_Read_Text44
  L__UART1_Read_Text45
  L__UART1_Read_Text46
  _UART1_Init
  _UART1_Data_Ready
  _UART1_Read
  _UART1_TX_Idle
  _UART1_Write
  _UART1_Write_Text
  _UART1_Read_Text
