;  LST file generated by mikroListExporter - v.2.0 
; Date/Time: 8/8/2013 5:43:14 PM
;----------------------------------------------

;Address Opcode 	ASM
0x0000	0x283A      	GOTO       58
_UART1_Data_Ready:
;__Lib_UART_c67.mpas,46 :: 		
;__Lib_UART_c67.mpas,47 :: 		
0x0003	0x3000      	MOVLW      0
0x0004	0x1283      	BCF        STATUS, 5
0x0005	0x1303      	BCF        STATUS, 6
0x0006	0x1A8C      	BTFSC      PIR1, 5
0x0007	0x3001      	MOVLW      1
0x0008	0x00F1      	MOVWF      R1
;__Lib_UART_c67.mpas,48 :: 		
0x0009	0x0871      	MOVF       R1, 0
0x000A	0x00F0      	MOVWF      R0
0x000B	0x0008      	RETURN
; end of _UART1_Data_Ready
_UART1_Init:
;__Lib_UART_c67.mpas,33 :: 		
;__Lib_UART_c67.mpas,34 :: 		
0x000C	0x1683      	BSF        STATUS, 5
0x000D	0x1303      	BCF        STATUS, 6
0x000E	0x1698      	BSF        TXSTA, 5
;__Lib_UART_c67.mpas,35 :: 		
0x000F	0x3090      	MOVLW      144
0x0010	0x1283      	BCF        STATUS, 5
0x0011	0x0098      	MOVWF      RCSTA
;__Lib_UART_c67.mpas,36 :: 		
0x0012	0x1683      	BSF        STATUS, 5
0x0013	0x1787      	BSF        TRISC7_bit, 7
;__Lib_UART_c67.mpas,37 :: 		
0x0014	0x1307      	BCF        TRISC6_bit, 6
;__Lib_UART_c67.mpas,38 :: 		
L__UART1_Init2:
0x0015	0x1283      	BCF        STATUS, 5
0x0016	0x1E8C      	BTFSS      PIR1, 5
0x0017	0x281B      	GOTO       L__UART1_Init3
;__Lib_UART_c67.mpas,39 :: 		
0x0018	0x081A      	MOVF       RCREG, 0
0x0019	0x00F0      	MOVWF      R0
0x001A	0x2815      	GOTO       L__UART1_Init2
L__UART1_Init3:
;__Lib_UART_c67.mpas,40 :: 		
0x001B	0x0008      	RETURN
; end of _UART1_Init
_UART1_Read:
;__Lib_UART_c67.mpas,54 :: 		
;__Lib_UART_c67.mpas,55 :: 		
0x001C	0x1283      	BCF        STATUS, 5
0x001D	0x1303      	BCF        STATUS, 6
0x001E	0x081A      	MOVF       RCREG, 0
0x001F	0x00F2      	MOVWF      R2
;__Lib_UART_c67.mpas,56 :: 		
0x0020	0x1C98      	BTFSS      RCSTA, 1
0x0021	0x2824      	GOTO       L__UART1_Read9
;__Lib_UART_c67.mpas,58 :: 		
0x0022	0x1218      	BCF        RCSTA, 4
;__Lib_UART_c67.mpas,59 :: 		
0x0023	0x1618      	BSF        RCSTA, 4
;__Lib_UART_c67.mpas,60 :: 		
L__UART1_Read9:
;__Lib_UART_c67.mpas,61 :: 		
0x0024	0x0872      	MOVF       R2, 0
0x0025	0x00F1      	MOVWF      R1
;__Lib_UART_c67.mpas,62 :: 		
0x0026	0x0871      	MOVF       R1, 0
0x0027	0x00F0      	MOVWF      R0
0x0028	0x0008      	RETURN
; end of _UART1_Read
_Delay_1sec:
;__Lib_Delays.mbas,72 :: 		sub procedure Delay_1sec()
;__Lib_Delays.mbas,73 :: 		Delay_ms(1000)
0x0029	0x300B      	MOVLW      11
0x002A	0x1283      	BCF        STATUS, 5
0x002B	0x1303      	BCF        STATUS, 6
0x002C	0x00FB      	MOVWF      R11
0x002D	0x3026      	MOVLW      38
0x002E	0x00FC      	MOVWF      R12
0x002F	0x305D      	MOVLW      93
0x0030	0x00FD      	MOVWF      R13
L__Delay_1sec23:
0x0031	0x0BFD      	DECFSZ     R13, 1
0x0032	0x2831      	GOTO       L__Delay_1sec23
0x0033	0x0BFC      	DECFSZ     R12, 1
0x0034	0x2831      	GOTO       L__Delay_1sec23
0x0035	0x0BFB      	DECFSZ     R11, 1
0x0036	0x2831      	GOTO       L__Delay_1sec23
0x0037	0x0000      	NOP
0x0038	0x0000      	NOP
0x0039	0x0008      	RETURN
; end of _Delay_1sec
_main:
;Relay_Uart.mbas,5 :: 		main:
;Relay_Uart.mbas,6 :: 		OSCCON=0X75   'oscilador interno de 4 MHZ
0x003A	0x3075      	MOVLW      117
0x003B	0x1683      	BSF        STATUS, 5
0x003C	0x1303      	BCF        STATUS, 6
0x003D	0x008F      	MOVWF      OSCCON
;Relay_Uart.mbas,8 :: 		OPTION_REG = 0x06
0x003E	0x3006      	MOVLW      6
0x003F	0x0081      	MOVWF      OPTION_REG
;Relay_Uart.mbas,9 :: 		UART1_Init(9600)
0x0040	0x3033      	MOVLW      51
0x0041	0x0099      	MOVWF      SPBRG
0x0042	0x1518      	BSF        TXSTA, 2
0x0043	0x200C      	CALL       _UART1_Init
;Relay_Uart.mbas,11 :: 		TRISA = 0X00 ' PORTA.0 Entrada
0x0044	0x1683      	BSF        STATUS, 5
0x0045	0x0185      	CLRF       TRISA
;Relay_Uart.mbas,12 :: 		PORTA = 0X00
0x0046	0x1283      	BCF        STATUS, 5
0x0047	0x0185      	CLRF       PORTA
;Relay_Uart.mbas,14 :: 		TRISB = 0X00 ' PORTB
0x0048	0x1683      	BSF        STATUS, 5
0x0049	0x0186      	CLRF       TRISB
;Relay_Uart.mbas,15 :: 		PORTB = 0X00
0x004A	0x1283      	BCF        STATUS, 5
0x004B	0x0186      	CLRF       PORTB
;Relay_Uart.mbas,17 :: 		TRISC = 0X80 ' PORTC salidas
0x004C	0x3080      	MOVLW      128
0x004D	0x1683      	BSF        STATUS, 5
0x004E	0x0087      	MOVWF      TRISC
;Relay_Uart.mbas,18 :: 		PORTC = 0X00
0x004F	0x1283      	BCF        STATUS, 5
0x0050	0x0187      	CLRF       PORTC
;Relay_Uart.mbas,20 :: 		TRISE = 0X00 ' PORTE  como salidas digital
0x0051	0x1683      	BSF        STATUS, 5
0x0052	0x0189      	CLRF       TRISE
;Relay_Uart.mbas,21 :: 		PORTE = 0X00
0x0053	0x1283      	BCF        STATUS, 5
0x0054	0x0189      	CLRF       PORTE
;Relay_Uart.mbas,23 :: 		ANSEL = 0X00 ' AN<7:0>
0x0055	0x1683      	BSF        STATUS, 5
0x0056	0x1703      	BSF        STATUS, 6
0x0057	0x0188      	CLRF       ANSEL
;Relay_Uart.mbas,24 :: 		ANSELH = 0X00 ' AN<13:8>
0x0058	0x0189      	CLRF       ANSELH
;Relay_Uart.mbas,25 :: 		dato=0
0x0059	0x1283      	BCF        STATUS, 5
0x005A	0x1303      	BCF        STATUS, 6
0x005B	0x01A1      	CLRF       _dato
;Relay_Uart.mbas,26 :: 		contador=0
0x005C	0x01A2      	CLRF       _contador
;Relay_Uart.mbas,27 :: 		while(1)
L__main2:
;Relay_Uart.mbas,29 :: 		if (UART1_Data_Ready() = 1) then
0x005D	0x2003      	CALL       _UART1_Data_Ready
0x005E	0x0870      	MOVF       R0, 0
0x005F	0x3A01      	XORLW      1
0x0060	0x1D03      	BTFSS      STATUS, 2
0x0061	0x2867      	GOTO       L__main7
;Relay_Uart.mbas,30 :: 		receive = UART1_Read()
0x0062	0x201C      	CALL       _UART1_Read
0x0063	0x0870      	MOVF       R0, 0
0x0064	0x00A0      	MOVWF      _receive
;Relay_Uart.mbas,31 :: 		dato=receive
0x0065	0x0870      	MOVF       R0, 0
0x0066	0x00A1      	MOVWF      _dato
L__main7:
;Relay_Uart.mbas,34 :: 		if (dato=0x31) then
0x0067	0x0821      	MOVF       _dato, 0
0x0068	0x3A31      	XORLW      49
0x0069	0x1D03      	BTFSS      STATUS, 2
0x006A	0x2876      	GOTO       L__main10
;Relay_Uart.mbas,35 :: 		PORTB.RB0=1
0x006B	0x1406      	BSF        PORTB, 0
;Relay_Uart.mbas,36 :: 		while(contador<1)
L__main13:
0x006C	0x3001      	MOVLW      1
0x006D	0x0222      	SUBWF      _contador, 0
0x006E	0x1803      	BTFSC      STATUS, 0
0x006F	0x2873      	GOTO       L__main14
;Relay_Uart.mbas,37 :: 		Delay_1sec
0x0070	0x2029      	CALL       _Delay_1sec
;Relay_Uart.mbas,38 :: 		inc(contador)
0x0071	0x0AA2      	INCF       _contador, 1
;Relay_Uart.mbas,39 :: 		wend
0x0072	0x286C      	GOTO       L__main13
L__main14:
;Relay_Uart.mbas,40 :: 		contador=0
0x0073	0x01A2      	CLRF       _contador
;Relay_Uart.mbas,41 :: 		dato=0
0x0074	0x01A1      	CLRF       _dato
;Relay_Uart.mbas,42 :: 		PORTB.RB0=0
0x0075	0x1006      	BCF        PORTB, 0
L__main10:
;Relay_Uart.mbas,45 :: 		wend
0x0076	0x285D      	GOTO       L__main2
0x0077	0x2877      	GOTO       $+0
; end of _main
Symbol List:
//** Routines locations **
//ADDRESS    SIZE    PROCEDURE
//----------------------------------------------
0x0003       [9]    _UART1_Data_Ready
0x000C      [16]    _UART1_Init
0x001C      [13]    _UART1_Read
0x0029      [17]    _Delay_1sec
0x003A      [62]    _main
//** Variables locations ** 
//ADDRESS    SIZE    VARIABLE
//----------------------------------------------
0x0000       [1]    INDF
0x0001       [1]    TMR0
0x0002       [1]    PCL
0x0003       [0]    RP0_bit
0x0003       [0]    DC_bit
0x0003       [0]    RP1_bit
0x0003       [0]    NOT_PD_bit
0x0003       [0]    Z_bit
0x0003       [0]    NOT_TO_bit
0x0003       [0]    IRP_bit
0x0003       [0]    C_bit
0x0003       [1]    STATUS
0x0004       [1]    FSR
0x0004       [1]    FSRPTR
0x0005       [0]    RA6_bit
0x0005       [0]    RA5_bit
0x0005       [0]    RA1_bit
0x0005       [0]    RA0_bit
0x0005       [0]    RA7_bit
0x0005       [1]    PORTA
0x0005       [0]    RA4_bit
0x0005       [0]    RA3_bit
0x0005       [0]    RA2_bit
0x0006       [0]    RB2_bit
0x0006       [0]    RB3_bit
0x0006       [0]    RB1_bit
0x0006       [1]    PORTB
0x0006       [0]    RB0_bit
0x0006       [0]    RB6_bit
0x0006       [0]    RB7_bit
0x0006       [0]    RB4_bit
0x0006       [0]    RB5_bit
0x0007       [0]    RC1_bit
0x0007       [0]    RC2_bit
0x0007       [1]    PORTC
0x0007       [0]    RC0_bit
0x0007       [0]    RC3_bit
0x0007       [0]    RC6_bit
0x0007       [0]    RC7_bit
0x0007       [0]    RC4_bit
0x0007       [0]    RC5_bit
0x0009       [1]    PORTE
0x0009       [0]    RE3_bit
0x000A       [1]    PCLATH
0x000B       [0]    T0IE_bit
0x000B       [0]    TMR0IE_bit
0x000B       [0]    PEIE_bit
0x000B       [0]    GIE_bit
0x000B       [0]    RBIF_bit
0x000B       [0]    TMR0IF_bit
0x000B       [0]    INTF_bit
0x000B       [0]    T0IF_bit
0x000B       [0]    INTE_bit
0x000B       [0]    RBIE_bit
0x000B       [1]    INTCON
0x000C       [0]    SSPIF_bit
0x000C       [0]    TXIF_bit
0x000C       [0]    CCP1IF_bit
0x000C       [0]    TMR1IF_bit
0x000C       [0]    TMR2IF_bit
0x000C       [0]    ADIF_bit
0x000C       [0]    RCIF_bit
0x000C       [1]    PIR1
0x000D       [0]    CCP2IF_bit
0x000D       [0]    OSFIF_bit
0x000D       [0]    ULPWUIF_bit
0x000D       [0]    C1IF_bit
0x000D       [0]    EEIF_bit
0x000D       [1]    PIR2
0x000D       [0]    C2IF_bit
0x000D       [0]    BCLIF_bit
0x000E       [1]    TMR1L
0x000F       [1]    TMR1H
0x0010       [0]    T1OSCEN_bit
0x0010       [0]    NOT_T1SYNC_bit
0x0010       [0]    T1INSYNC_bit
0x0010       [0]    T1CKPS0_bit
0x0010       [0]    T1GINV_bit
0x0010       [0]    TMR1GE_bit
0x0010       [0]    T1CKPS1_bit
0x0010       [0]    TMR1CS_bit
0x0010       [1]    T1CON
0x0010       [0]    TMR1ON_bit
0x0010       [0]    T1SYNC_bit
0x0011       [1]    TMR2
0x0012       [0]    T2CKPS0_bit
0x0012       [0]    T2CKPS1_bit
0x0012       [0]    TOUTPS2_bit
0x0012       [0]    TOUTPS3_bit
0x0012       [1]    T2CON
0x0012       [0]    TMR2ON_bit
0x0012       [0]    TOUTPS0_bit
0x0012       [0]    TOUTPS1_bit
0x0013       [1]    SSPBUF
0x0014       [1]    SSPCON
0x0014       [0]    WCOL_bit
0x0014       [0]    SSPM1_bit
0x0014       [0]    SSPM2_bit
0x0014       [0]    SSPM3_bit
0x0014       [0]    CKP_bit
0x0014       [0]    SSPOV_bit
0x0014       [0]    SSPM0_bit
0x0014       [0]    SSPEN_bit
0x0015       [1]    CCPR1L
0x0015       [2]    CCPR1
0x0016       [1]    CCPR1H
0x0017       [0]    DC1B1_bit
0x0017       [0]    CCP1X_bit
0x0017       [0]    P1M1_bit
0x0017       [0]    P1M0_bit
0x0017       [0]    CCP1M2_bit
0x0017       [0]    CCP1M1_bit
0x0017       [0]    CCP1M0_bit
0x0017       [0]    DC1B0_bit
0x0017       [0]    CCP1Y_bit
0x0017       [0]    CCP1M3_bit
0x0017       [1]    CCP1CON
0x0018       [0]    NOT_RC8_bit
0x0018       [0]    RX9D_bit
0x0018       [0]    OERR_bit
0x0018       [0]    ADDEN_bit
0x0018       [0]    RC9_bit
0x0018       [0]    SPEN_bit
0x0018       [0]    FERR_bit
0x0018       [0]    SREN_bit
0x0018       [0]    RCD8_bit
0x0018       [0]    CREN_bit
0x0018       [1]    RCSTA
0x0018       [0]    RX9_bit
0x0018       [0]    RC8_9_bit
0x0019       [1]    TXREG
0x001A       [1]    RCREG
0x001B       [2]    CCPR2
0x001B       [1]    CCPR2L
0x001C       [1]    CCPR2H
0x001D       [0]    CCP2M1_bit
0x001D       [1]    CCP2CON
0x001D       [0]    CCP2M0_bit
0x001D       [0]    CCP2Y_bit
0x001D       [0]    DC2B1_bit
0x001D       [0]    CCP2X_bit
0x001D       [0]    CCP2M2_bit
0x001D       [0]    CCP2M3_bit
0x001D       [0]    DC2B0_bit
0x001E       [1]    ADRESH
0x001F       [1]    ADCON0
0x001F       [0]    CHS1_bit
0x001F       [0]    CHS0_bit
0x001F       [0]    ADCS0_bit
0x001F       [0]    ADCS1_bit
0x001F       [0]    CHS2_bit
0x001F       [0]    CHS3_bit
0x001F       [0]    NOT_DONE_bit
0x001F       [0]    GO_DONE_bit
0x001F       [0]    ADON_bit
0x001F       [0]    GO_bit
0x0020       [1]    _receive
0x0021       [1]    _dato
0x0022       [1]    _contador
0x0023       [2]    ___DoICPAddr
0x0070       [1]    R0
0x0071       [1]    R1
0x0072       [1]    R2
0x0073       [1]    R3
0x0074       [1]    R4
0x0075       [1]    R5
0x0076       [1]    R6
0x0077       [1]    R7
0x0078       [1]    R8
0x0079       [1]    R9
0x007A       [1]    R10
0x007B       [1]    R11
0x007C       [1]    R12
0x007D       [1]    R13
0x007E       [1]    R14
0x007F       [1]    R15
0x0081       [0]    PS1_bit
0x0081       [0]    NOT_RBPU_bit
0x0081       [0]    INTEDG_bit
0x0081       [0]    T0CS_bit
0x0081       [0]    T0SE_bit
0x0081       [1]    OPTION_REG
0x0081       [0]    PS0_bit
0x0081       [0]    PSA_bit
0x0081       [0]    PS2_bit
0x0085       [0]    TRISA5_bit
0x0085       [0]    TRISA6_bit
0x0085       [0]    TRISA7_bit
0x0085       [1]    TRISA
0x0085       [0]    TRISA3_bit
0x0085       [0]    TRISA4_bit
0x0085       [0]    TRISA0_bit
0x0085       [0]    TRISA1_bit
0x0085       [0]    TRISA2_bit
0x0086       [0]    TRISB2_bit
0x0086       [0]    TRISB3_bit
0x0086       [0]    TRISB1_bit
0x0086       [0]    TRISB0_bit
0x0086       [1]    TRISB
0x0086       [0]    TRISB5_bit
0x0086       [0]    TRISB4_bit
0x0086       [0]    TRISB7_bit
0x0086       [0]    TRISB6_bit
0x0087       [0]    TRISC5_bit
0x0087       [0]    TRISC4_bit
0x0087       [0]    TRISC7_bit
0x0087       [0]    TRISC6_bit
0x0087       [0]    TRISC0_bit
0x0087       [0]    TRISC1_bit
0x0087       [0]    TRISC3_bit
0x0087       [0]    TRISC2_bit
0x0087       [1]    TRISC
0x0089       [0]    TRISE3_bit
0x0089       [1]    TRISE
0x008C       [0]    SSPIE_bit
0x008C       [0]    TXIE_bit
0x008C       [0]    ADIE_bit
0x008C       [0]    RCIE_bit
0x008C       [0]    TMR2IE_bit
0x008C       [0]    TMR1IE_bit
0x008C       [0]    CCP1IE_bit
0x008C       [1]    PIE1
0x008D       [0]    CCP2IE_bit
0x008D       [0]    C1IE_bit
0x008D       [0]    EEIE_bit
0x008D       [0]    OSFIE_bit
0x008D       [0]    C2IE_bit
0x008D       [0]    BCLIE_bit
0x008D       [1]    PIE2
0x008D       [0]    ULPWUIE_bit
0x008E       [0]    SBOREN_bit
0x008E       [0]    NOT_BOR_bit
0x008E       [0]    NOT_BO_bit
0x008E       [0]    ULPWUE_bit
0x008E       [1]    PCON
0x008E       [0]    NOT_POR_bit
0x008F       [1]    OSCCON
0x008F       [0]    HTS_bit
0x008F       [0]    OSTS_bit
0x008F       [0]    SCS_bit
0x008F       [0]    LTS_bit
0x008F       [0]    IRCF2_bit
0x008F       [0]    IRCF0_bit
0x008F       [0]    IRCF1_bit
0x0090       [0]    TUN4_bit
0x0090       [0]    TUN1_bit
0x0090       [0]    TUN0_bit
0x0090       [0]    TUN3_bit
0x0090       [0]    TUN2_bit
0x0090       [1]    OSCTUNE
0x0091       [0]    RCEN_bit
0x0091       [0]    ACKEN_bit
0x0091       [0]    ACKDT_bit
0x0091       [0]    SEN_bit
0x0091       [0]    RSEN_bit
0x0091       [0]    PEN_bit
0x0091       [0]    ACKSTAT_bit
0x0091       [1]    SSPCON2
0x0091       [0]    GCEN_bit
0x0092       [1]    PR2
0x0093       [1]    MSK
0x0093       [1]    SSPMSK
0x0093       [1]    SSPADD
0x0094       [0]    D_A_bit
0x0094       [0]    NOT_ADDRESS_bit
0x0094       [0]    DATA_ADDRESS_bit
0x0094       [0]    I2C_STOP__bit
0x0094       [0]    P_bit
0x0094       [0]    CKE_bit
0x0094       [0]    SMP_bit
0x0094       [0]    D_bit
0x0094       [0]    NOT_A_bit
0x0094       [0]    I2C_DATA_bit
0x0094       [0]    S_bit
0x0094       [0]    READ_WRITE_bit
0x0094       [0]    R_W_bit
0x0094       [0]    UA_bit
0x0094       [1]    SSPSTAT
0x0094       [0]    BF_bit
0x0094       [0]    R_bit
0x0094       [0]    I2C_START__bit
0x0094       [0]    I2C_READ_bit
0x0094       [0]    NOT_WRITE_bit
0x0094       [0]    NOT_W_bit
0x0095       [0]    WPUB2_bit
0x0095       [0]    WPUB3_bit
0x0095       [0]    WPUB0_bit
0x0095       [0]    WPUB1_bit
0x0095       [0]    WPUB4_bit
0x0095       [0]    WPUB7_bit
0x0095       [1]    WPUB
0x0095       [0]    WPUB5_bit
0x0095       [0]    WPUB6_bit
0x0096       [0]    IOCB7_bit
0x0096       [0]    IOCB1_bit
0x0096       [0]    IOCB2_bit
0x0096       [1]    IOCB
0x0096       [0]    IOCB0_bit
0x0096       [0]    IOCB5_bit
0x0096       [0]    IOCB6_bit
0x0096       [0]    IOCB3_bit
0x0096       [0]    IOCB4_bit
0x0097       [1]    VRCON
0x0097       [0]    VR2_bit
0x0097       [0]    VR3_bit
0x0097       [0]    VR0_bit
0x0097       [0]    VR1_bit
0x0097       [0]    VROE_bit
0x0097       [0]    VREN_bit
0x0097       [0]    VRSS_bit
0x0097       [0]    VRR_bit
0x0098       [0]    TRMT_bit
0x0098       [0]    BRGH_bit
0x0098       [0]    SENDB_bit
0x0098       [1]    TXSTA
0x0098       [0]    TXD8_bit
0x0098       [0]    TX9D_bit
0x0098       [0]    NOT_TX8_bit
0x0098       [0]    TX9_bit
0x0098       [0]    CSRC_bit
0x0098       [0]    SYNC_bit
0x0098       [0]    TXEN_bit
0x0098       [0]    TX8_9_bit
0x0099       [0]    BRG1_bit
0x0099       [0]    BRG2_bit
0x0099       [1]    SPBRG
0x0099       [0]    BRG0_bit
0x0099       [0]    BRG6_bit
0x0099       [0]    BRG7_bit
0x0099       [0]    BRG5_bit
0x0099       [0]    BRG3_bit
0x0099       [0]    BRG4_bit
0x009A       [0]    BRG9_bit
0x009A       [0]    BRG8_bit
0x009A       [1]    SPBRGH
0x009A       [0]    BRG10_bit
0x009A       [0]    BRG14_bit
0x009A       [0]    BRG15_bit
0x009A       [0]    BRG13_bit
0x009A       [0]    BRG11_bit
0x009A       [0]    BRG12_bit
0x009B       [0]    PDC1_bit
0x009B       [0]    PDC0_bit
0x009B       [1]    PWM1CON
0x009B       [0]    PDC5_bit
0x009B       [0]    PDC6_bit
0x009B       [0]    PRSEN_bit
0x009B       [0]    PDC4_bit
0x009B       [0]    PDC2_bit
0x009B       [0]    PDC3_bit
0x009C       [0]    ECCPAS2_bit
0x009C       [1]    ECCPAS
0x009C       [0]    PSSAC0_bit
0x009C       [0]    PSSBD1_bit
0x009C       [0]    PSSBD0_bit
0x009C       [0]    ECCPAS1_bit
0x009C       [0]    ECCPAS0_bit
0x009C       [0]    PSSAC1_bit
0x009C       [0]    ECCPASE_bit
0x009D       [0]    STRA_bit
0x009D       [0]    STRB_bit
0x009D       [1]    PSTRCON
0x009D       [0]    STRSYNC_bit
0x009D       [0]    STRD_bit
0x009D       [0]    STRC_bit
0x009E       [1]    ADRESL
0x009F       [0]    VCFG0_bit
0x009F       [0]    VCFG1_bit
0x009F       [1]    ADCON1
0x009F       [0]    ADFM_bit
0x0105       [1]    WDTCON
0x0105       [0]    WDTPS0_bit
0x0105       [0]    SWDTEN_bit
0x0105       [0]    WDTPS3_bit
0x0105       [0]    WDTPS2_bit
0x0105       [0]    WDTPS1_bit
0x0107       [0]    C1ON_bit
0x0107       [0]    C1CH1_bit
0x0107       [0]    C1CH0_bit
0x0107       [1]    CM1CON0
0x0107       [0]    C1R_bit
0x0107       [0]    C1OUT_bit
0x0107       [0]    C1OE_bit
0x0107       [0]    C1POL_bit
0x0108       [0]    C2R_bit
0x0108       [0]    C2CH0_bit
0x0108       [0]    C2CH1_bit
0x0108       [0]    C2OUT_bit
0x0108       [0]    C2ON_bit
0x0108       [0]    C2POL_bit
0x0108       [0]    C2OE_bit
0x0108       [1]    CM2CON0
0x0109       [0]    MC2OUT_bit
0x0109       [0]    MC1OUT_bit
0x0109       [1]    CM2CON1
0x0109       [0]    T1GSS_bit
0x0109       [0]    C2SYNC_bit
0x0109       [0]    C1RSEL_bit
0x0109       [0]    C2RSEL_bit
0x010C       [1]    EEDATA
0x010C       [1]    EEDAT
0x010D       [1]    EEADR
0x010E       [1]    EEDATH
0x010F       [1]    EEADRH
0x0185       [0]    PULSS_bit
0x0185       [0]    PULSR_bit
0x0185       [0]    FVREN_bit
0x0185       [0]    SR0_bit
0x0185       [0]    C1SEN_bit
0x0185       [0]    C2REN_bit
0x0185       [0]    SR1_bit
0x0185       [1]    SRCON
0x0187       [0]    SCKP_bit
0x0187       [0]    ABDOVF_bit
0x0187       [0]    RCIDL_bit
0x0187       [0]    BRG16_bit
0x0187       [1]    BAUDCTL
0x0187       [0]    ABDEN_bit
0x0187       [0]    WUE_bit
0x0188       [0]    ANS1_bit
0x0188       [0]    ANS0_bit
0x0188       [0]    ANS3_bit
0x0188       [0]    ANS2_bit
0x0188       [0]    ANS4_bit
0x0188       [1]    ANSEL
0x0189       [0]    ANS11_bit
0x0189       [0]    ANS10_bit
0x0189       [0]    ANS8_bit
0x0189       [0]    ANS9_bit
0x0189       [0]    ANS12_bit
0x0189       [1]    ANSELH
0x0189       [0]    ANS13_bit
0x018C       [0]    WREN_bit
0x018C       [0]    WR_bit
0x018C       [0]    RD_bit
0x018C       [0]    WRERR_bit
0x018C       [1]    EECON1
0x018C       [0]    EEPGD_bit
0x018D       [1]    EECON2
//** Label List: ** 
//----------------------------------------------
  L_end__main
  L__main1
  L__main2
  L__main3
  L__main4
  L__main5
  L__main6
  L__main7
  L__main8
  L__main9
  L__main10
  L__main11
  L__main12
  L__main13
  L__main14
  L__main15
  L__main16
  _main
  L_end__Get_Fosc_kHz
  L_end__Delay_1us
  L_end__Delay_10us
  L__Delay_10us3
  L_end__Delay_22us
  L__Delay_22us5
  L_end__Delay_50us
  L__Delay_50us7
  L_end__Delay_80us
  L__Delay_80us9
  L_end__Delay_500us
  L__Delay_500us11
  L_end__Delay_5500us
  L__Delay_5500us13
  L_end__Delay_5ms
  L__Delay_5ms15
  L_end__Delay_8ms
  L__Delay_8ms17
  L_end__Delay_10ms
  L__Delay_10ms19
  L_end__Delay_100ms
  L__Delay_100ms21
  L_end__Delay_1sec
  L__Delay_1sec23
  L_end__Delay_Cyc
  L__Delay_Cyc25
  L__Delay_Cyc26
  L__Delay_Cyc27
  L__Delay_Cyc28
  L__Delay_Cyc29
  L_end__VDelay_ms
  L__VDelay_ms31
  L__VDelay_ms32
  L__VDelay_ms33
  L__VDelay_ms34
  L__VDelay_ms35
  L__VDelay_ms36
  L__VDelay_ms37
  L__VDelay_ms38
  L_end__VDelay_Advanced_ms
  L__VDelay_Advanced_ms40
  L__VDelay_Advanced_ms41
  L__VDelay_Advanced_ms42
  L__VDelay_Advanced_ms43
  L__VDelay_Advanced_ms44
  L__VDelay_Advanced_ms45
  L__VDelay_Advanced_ms46
  L__VDelay_Advanced_ms47
  _Get_Fosc_kHz
  _Delay_1us
  _Delay_10us
  _Delay_22us
  _Delay_50us
  _Delay_80us
  _Delay_500us
  _Delay_5500us
  _Delay_5ms
  _Delay_8ms
  _Delay_10ms
  _Delay_100ms
  _Delay_1sec
  _Delay_Cyc
  _VDelay_ms
  L__VDelay_ms48
  L__VDelay_ms49
  L__VDelay_ms50
  L__VDelay_ms51
  _VDelay_Advanced_ms
  L__VDelay_Advanced_ms52
  L__VDelay_Advanced_ms53
  L__VDelay_Advanced_ms54
  L__VDelay_Advanced_ms55
  L_end__UART1_Init
  L__UART1_Init1
  L__UART1_Init2
  L__UART1_Init3
  L__UART1_Init4
  L__UART1_Init5
  L_end__UART1_Data_Ready
  L_end__UART1_Read
  L__UART1_Read8
  L__UART1_Read9
  L__UART1_Read10
  L_end__UART1_TX_Idle
  L_end__UART1_Write
  L__UART1_Write13
  L__UART1_Write14
  L__UART1_Write15
  L__UART1_Write16
  L__UART1_Write17
  L_end__UART1_Write_Text
  L__UART1_Write_Text19
  L__UART1_Write_Text20
  L__UART1_Write_Text21
  L__UART1_Write_Text22
  L__UART1_Write_Text23
  L_end__UART1_Read_Text
  L__UART1_Read_Text25
  L__UART1_Read_Text26
  L__UART1_Read_Text27
  L__UART1_Read_Text28
  L__UART1_Read_Text29
  L__UART1_Read_Text30
  L__UART1_Read_Text31
  L__UART1_Read_Text32
  L__UART1_Read_Text33
  L__UART1_Read_Text34
  L__UART1_Read_Text35
  L__UART1_Read_Text36
  L__UART1_Read_Text37
  L__UART1_Read_Text38
  L__UART1_Read_Text39
  L__UART1_Read_Text40
  L__UART1_Read_Text41
  L__UART1_Read_Text42
  L__UART1_Read_Text43
  L__UART1_Read_Text44
  L__UART1_Read_Text45
  L__UART1_Read_Text46
  _UART1_Init
  _UART1_Data_Ready
  _UART1_Read
  _UART1_TX_Idle
  _UART1_Write
  _UART1_Write_Text
  _UART1_Read_Text
