;  LST file generated by mikroListExporter - v.2.0 
; Date/Time: 24/01/2015 22:40:39
;----------------------------------------------

;Address Opcode 	ASM
0x0000	0x2A5C      	GOTO       604
_Mul_16x16_U:
;__Lib_Math.mpas,121 :: 		
;__Lib_Math.mpas,127 :: 		
0x0003	0x1283      	BCF        STATUS, 5
;__Lib_Math.mpas,128 :: 		
0x0004	0x1303      	BCF        STATUS, 6
;__Lib_Math.mpas,129 :: 		
0x0005	0x01FB      	CLRF       R11
;__Lib_Math.mpas,130 :: 		
0x0006	0x01FA      	CLRF       R10
;__Lib_Math.mpas,131 :: 		
0x0007	0x01F9      	CLRF       R9
;__Lib_Math.mpas,132 :: 		
0x0008	0x3080      	MOVLW      128
;__Lib_Math.mpas,133 :: 		
0x0009	0x00F8      	MOVWF      R8
;__Lib_Math.mpas,134 :: 		
0x000A	0x0CF1      	RRF        R1, 1
;__Lib_Math.mpas,135 :: 		
0x000B	0x0CF0      	RRF        R0, 1
;__Lib_Math.mpas,136 :: 		
0x000C	0x1C03      	BTFSS      STATUS, 0
;__Lib_Math.mpas,137 :: 		
0x000D	0x2817      	GOTO       $+10
;__Lib_Math.mpas,138 :: 		
0x000E	0x0874      	MOVF       R4, 0
;__Lib_Math.mpas,139 :: 		
0x000F	0x07F9      	ADDWF      R9, 1
;__Lib_Math.mpas,140 :: 		
0x0010	0x0875      	MOVF       R5, 0
;__Lib_Math.mpas,141 :: 		
0x0011	0x1803      	BTFSC      STATUS, 0
;__Lib_Math.mpas,142 :: 		
0x0012	0x0F75      	INCFSZ     R5, 0
;__Lib_Math.mpas,143 :: 		
0x0013	0x07FA      	ADDWF      R10, 1
;__Lib_Math.mpas,144 :: 		
0x0014	0x1803      	BTFSC      STATUS, 0
;__Lib_Math.mpas,145 :: 		
0x0015	0x0AFB      	INCF       R11, 1
;__Lib_Math.mpas,146 :: 		
0x0016	0x1003      	BCF        STATUS, 0
;__Lib_Math.mpas,147 :: 		
0x0017	0x1FF0      	BTFSS      R0, 7
;__Lib_Math.mpas,148 :: 		
0x0018	0x281F      	GOTO       $+7
;__Lib_Math.mpas,149 :: 		
0x0019	0x0874      	MOVF       R4, 0
;__Lib_Math.mpas,150 :: 		
0x001A	0x07FA      	ADDWF      R10, 1
;__Lib_Math.mpas,151 :: 		
0x001B	0x0875      	MOVF       R5, 0
;__Lib_Math.mpas,152 :: 		
0x001C	0x1803      	BTFSC      STATUS, 0
;__Lib_Math.mpas,153 :: 		
0x001D	0x0F75      	INCFSZ     R5, 0
;__Lib_Math.mpas,154 :: 		
0x001E	0x07FB      	ADDWF      R11, 1
;__Lib_Math.mpas,155 :: 		
0x001F	0x0CFB      	RRF        R11, 1
;__Lib_Math.mpas,156 :: 		
0x0020	0x0CFA      	RRF        R10, 1
;__Lib_Math.mpas,157 :: 		
0x0021	0x0CF9      	RRF        R9, 1
;__Lib_Math.mpas,158 :: 		
0x0022	0x0CF8      	RRF        R8, 1
;__Lib_Math.mpas,159 :: 		
0x0023	0x1C03      	BTFSS      STATUS, 0
;__Lib_Math.mpas,160 :: 		
0x0024	0x280A      	GOTO       $-26
;__Lib_Math.mpas,161 :: 		
0x0025	0x087B      	MOVF       R11, 0
;__Lib_Math.mpas,162 :: 		
0x0026	0x00F3      	MOVWF      R3
;__Lib_Math.mpas,163 :: 		
0x0027	0x087A      	MOVF       R10, 0
;__Lib_Math.mpas,164 :: 		
0x0028	0x00F2      	MOVWF      R2
;__Lib_Math.mpas,165 :: 		
0x0029	0x0879      	MOVF       R9, 0
;__Lib_Math.mpas,166 :: 		
0x002A	0x00F1      	MOVWF      R1
;__Lib_Math.mpas,167 :: 		
0x002B	0x0878      	MOVF       R8, 0
;__Lib_Math.mpas,168 :: 		
0x002C	0x00F0      	MOVWF      R0
;__Lib_Math.mpas,170 :: 		
0x002D	0x0008      	RETURN
; end of _Mul_16x16_U
_Delay_5ms:
;__Lib_Delays.mbas,56 :: 		sub procedure Delay_5ms()
;__Lib_Delays.mbas,57 :: 		Delay_ms(5)
0x002E	0x300D      	MOVLW      13
0x002F	0x1283      	BCF        STATUS, 5
0x0030	0x1303      	BCF        STATUS, 6
0x0031	0x00FC      	MOVWF      R12
0x0032	0x30FB      	MOVLW      251
0x0033	0x00FD      	MOVWF      R13
L__Delay_5ms15:
0x0034	0x0BFD      	DECFSZ     R13, 1
0x0035	0x2834      	GOTO       L__Delay_5ms15
0x0036	0x0BFC      	DECFSZ     R12, 1
0x0037	0x2834      	GOTO       L__Delay_5ms15
0x0038	0x0000      	NOP
0x0039	0x0000      	NOP
0x003A	0x0008      	RETURN
; end of _Delay_5ms
_PWM2_Set_Duty:
;__Lib_PWM_c21.mpas,60 :: 		
;__Lib_PWM_c21.mpas,61 :: 		
0x003B	0x1683      	BSF        STATUS, 5
0x003C	0x1303      	BCF        STATUS, 6
0x003D	0x0812      	MOVF       PR2, 0
0x003E	0x00F0      	MOVWF      R0
0x003F	0x01F1      	CLRF       R0+1
0x0040	0x0AF0      	INCF       R0, 1
0x0041	0x1903      	BTFSC      STATUS, 2
0x0042	0x0AF1      	INCF       R0+1, 1
0x0043	0x1283      	BCF        STATUS, 5
0x0044	0x0832      	MOVF       FARG_PWM2_Set_Duty_new_duty, 0
0x0045	0x00F4      	MOVWF      R4
0x0046	0x01F5      	CLRF       R4+1
0x0047	0x2003      	CALL       _Mul_16x16_U
0x0048	0x3006      	MOVLW      6
0x0049	0x00F2      	MOVWF      R2
0x004A	0x0870      	MOVF       R0, 0
0x004B	0x00F4      	MOVWF      R4
0x004C	0x0871      	MOVF       R0+1, 0
0x004D	0x00F5      	MOVWF      R4+1
0x004E	0x0872      	MOVF       R2, 0
L__PWM2_Set_Duty10:
0x004F	0x1903      	BTFSC      STATUS, 2
0x0050	0x2856      	GOTO       L__PWM2_Set_Duty11
0x0051	0x0CF5      	RRF        R4+1, 1
0x0052	0x0CF4      	RRF        R4, 1
0x0053	0x13F5      	BCF        R4+1, 7
0x0054	0x3EFF      	ADDLW      255
0x0055	0x284F      	GOTO       L__PWM2_Set_Duty10
L__PWM2_Set_Duty11:
;__Lib_PWM_c21.mpas,62 :: 		
0x0056	0x0874      	MOVF       R4, 0
0x0057	0x00F0      	MOVWF      R0
0x0058	0x0875      	MOVF       R4+1, 0
0x0059	0x00F1      	MOVWF      R0+1
0x005A	0x0DF0      	RLF        R0, 1
0x005B	0x0DF1      	RLF        R0+1, 1
0x005C	0x1070      	BCF        R0, 0
0x005D	0x0DF0      	RLF        R0, 1
0x005E	0x0DF1      	RLF        R0+1, 1
0x005F	0x1070      	BCF        R0, 0
0x0060	0x0DF0      	RLF        R0, 1
0x0061	0x0DF1      	RLF        R0+1, 1
0x0062	0x1070      	BCF        R0, 0
0x0063	0x0DF0      	RLF        R0, 1
0x0064	0x0DF1      	RLF        R0+1, 1
0x0065	0x1070      	BCF        R0, 0
0x0066	0x3030      	MOVLW      48
0x0067	0x0570      	ANDWF      R0, 0
0x0068	0x00F3      	MOVWF      R3
;__Lib_PWM_c21.mpas,63 :: 		
0x0069	0x0874      	MOVF       R4, 0
0x006A	0x00F0      	MOVWF      R0
0x006B	0x0875      	MOVF       R4+1, 0
0x006C	0x00F1      	MOVWF      R0+1
0x006D	0x0CF1      	RRF        R0+1, 1
0x006E	0x0CF0      	RRF        R0, 1
0x006F	0x13F1      	BCF        R0+1, 7
0x0070	0x0CF1      	RRF        R0+1, 1
0x0071	0x0CF0      	RRF        R0, 1
0x0072	0x13F1      	BCF        R0+1, 7
0x0073	0x0870      	MOVF       R0, 0
0x0074	0x009B      	MOVWF      CCPR2L
;__Lib_PWM_c21.mpas,64 :: 		
0x0075	0x300F      	MOVLW      15
0x0076	0x059D      	ANDWF      CCP2CON, 1
;__Lib_PWM_c21.mpas,65 :: 		
0x0077	0x0873      	MOVF       R3, 0
0x0078	0x049D      	IORWF      CCP2CON, 1
;__Lib_PWM_c21.mpas,66 :: 		
0x0079	0x0008      	RETURN
; end of _PWM2_Set_Duty
_PWM1_Set_Duty:
;__Lib_PWM_c21.mpas,25 :: 		
;__Lib_PWM_c21.mpas,26 :: 		
0x007A	0x1683      	BSF        STATUS, 5
0x007B	0x1303      	BCF        STATUS, 6
0x007C	0x0812      	MOVF       PR2, 0
0x007D	0x00F0      	MOVWF      R0
0x007E	0x01F1      	CLRF       R0+1
0x007F	0x0AF0      	INCF       R0, 1
0x0080	0x1903      	BTFSC      STATUS, 2
0x0081	0x0AF1      	INCF       R0+1, 1
0x0082	0x1283      	BCF        STATUS, 5
0x0083	0x0832      	MOVF       FARG_PWM1_Set_Duty_new_duty, 0
0x0084	0x00F4      	MOVWF      R4
0x0085	0x01F5      	CLRF       R4+1
0x0086	0x2003      	CALL       _Mul_16x16_U
0x0087	0x3006      	MOVLW      6
0x0088	0x00F2      	MOVWF      R2
0x0089	0x0870      	MOVF       R0, 0
0x008A	0x00F4      	MOVWF      R4
0x008B	0x0871      	MOVF       R0+1, 0
0x008C	0x00F5      	MOVWF      R4+1
0x008D	0x0872      	MOVF       R2, 0
L__PWM1_Set_Duty8:
0x008E	0x1903      	BTFSC      STATUS, 2
0x008F	0x2895      	GOTO       L__PWM1_Set_Duty9
0x0090	0x0CF5      	RRF        R4+1, 1
0x0091	0x0CF4      	RRF        R4, 1
0x0092	0x13F5      	BCF        R4+1, 7
0x0093	0x3EFF      	ADDLW      255
0x0094	0x288E      	GOTO       L__PWM1_Set_Duty8
L__PWM1_Set_Duty9:
;__Lib_PWM_c21.mpas,27 :: 		
0x0095	0x0874      	MOVF       R4, 0
0x0096	0x00F0      	MOVWF      R0
0x0097	0x0875      	MOVF       R4+1, 0
0x0098	0x00F1      	MOVWF      R0+1
0x0099	0x0DF0      	RLF        R0, 1
0x009A	0x0DF1      	RLF        R0+1, 1
0x009B	0x1070      	BCF        R0, 0
0x009C	0x0DF0      	RLF        R0, 1
0x009D	0x0DF1      	RLF        R0+1, 1
0x009E	0x1070      	BCF        R0, 0
0x009F	0x0DF0      	RLF        R0, 1
0x00A0	0x0DF1      	RLF        R0+1, 1
0x00A1	0x1070      	BCF        R0, 0
0x00A2	0x0DF0      	RLF        R0, 1
0x00A3	0x0DF1      	RLF        R0+1, 1
0x00A4	0x1070      	BCF        R0, 0
0x00A5	0x3030      	MOVLW      48
0x00A6	0x0570      	ANDWF      R0, 0
0x00A7	0x00F3      	MOVWF      R3
;__Lib_PWM_c21.mpas,28 :: 		
0x00A8	0x0874      	MOVF       R4, 0
0x00A9	0x00F0      	MOVWF      R0
0x00AA	0x0875      	MOVF       R4+1, 0
0x00AB	0x00F1      	MOVWF      R0+1
0x00AC	0x0CF1      	RRF        R0+1, 1
0x00AD	0x0CF0      	RRF        R0, 1
0x00AE	0x13F1      	BCF        R0+1, 7
0x00AF	0x0CF1      	RRF        R0+1, 1
0x00B0	0x0CF0      	RRF        R0, 1
0x00B1	0x13F1      	BCF        R0+1, 7
0x00B2	0x0870      	MOVF       R0, 0
0x00B3	0x0095      	MOVWF      CCPR1L
;__Lib_PWM_c21.mpas,29 :: 		
0x00B4	0x300F      	MOVLW      15
0x00B5	0x0597      	ANDWF      CCP1CON, 1
;__Lib_PWM_c21.mpas,30 :: 		
0x00B6	0x0873      	MOVF       R3, 0
0x00B7	0x0497      	IORWF      CCP1CON, 1
;__Lib_PWM_c21.mpas,31 :: 		
0x00B8	0x0008      	RETURN
; end of _PWM1_Set_Duty
_Div_16x16_U:
;__Lib_Math.mpas,207 :: 		
;__Lib_Math.mpas,213 :: 		
0x00B9	0x1283      	BCF        STATUS, 5
;__Lib_Math.mpas,214 :: 		
0x00BA	0x1303      	BCF        STATUS, 6
;__Lib_Math.mpas,215 :: 		
0x00BB	0x01F8      	CLRF       R8
;__Lib_Math.mpas,216 :: 		
0x00BC	0x01F9      	CLRF       R9
;__Lib_Math.mpas,217 :: 		
0x00BD	0x3010      	MOVLW      16
;__Lib_Math.mpas,218 :: 		
0x00BE	0x00FC      	MOVWF      R12
;__Lib_Math.mpas,219 :: 		
0x00BF	0x0D71      	RLF        R1, 0
;__Lib_Math.mpas,220 :: 		
0x00C0	0x0DF8      	RLF        R8, 1
;__Lib_Math.mpas,221 :: 		
0x00C1	0x0DF9      	RLF        R9, 1
;__Lib_Math.mpas,222 :: 		
0x00C2	0x0874      	MOVF       R4, 0
;__Lib_Math.mpas,223 :: 		
0x00C3	0x02F8      	SUBWF      R8, 1
;__Lib_Math.mpas,224 :: 		
0x00C4	0x0875      	MOVF       R5, 0
;__Lib_Math.mpas,225 :: 		
0x00C5	0x1C03      	BTFSS      STATUS, 0
;__Lib_Math.mpas,226 :: 		
0x00C6	0x0F75      	INCFSZ     R5, 0
;__Lib_Math.mpas,227 :: 		
0x00C7	0x02F9      	SUBWF      R9, 1
;__Lib_Math.mpas,228 :: 		
0x00C8	0x1803      	BTFSC      STATUS, 0
;__Lib_Math.mpas,229 :: 		
0x00C9	0x28D1      	GOTO       $+8
;__Lib_Math.mpas,230 :: 		
0x00CA	0x0874      	MOVF       R4, 0
;__Lib_Math.mpas,231 :: 		
0x00CB	0x07F8      	ADDWF      R8, 1
;__Lib_Math.mpas,232 :: 		
0x00CC	0x0875      	MOVF       R5, 0
;__Lib_Math.mpas,233 :: 		
0x00CD	0x1803      	BTFSC      STATUS, 0
;__Lib_Math.mpas,234 :: 		
0x00CE	0x0F75      	INCFSZ     R5, 0
;__Lib_Math.mpas,235 :: 		
0x00CF	0x07F9      	ADDWF      R9, 1
;__Lib_Math.mpas,236 :: 		
0x00D0	0x1003      	BCF        STATUS, 0
;__Lib_Math.mpas,237 :: 		
0x00D1	0x0DF0      	RLF        R0, 1
;__Lib_Math.mpas,238 :: 		
0x00D2	0x0DF1      	RLF        R1, 1
;__Lib_Math.mpas,239 :: 		
0x00D3	0x0BFC      	DECFSZ     R12, 1
;__Lib_Math.mpas,240 :: 		
0x00D4	0x28BF      	GOTO       $-21
;__Lib_Math.mpas,242 :: 		
0x00D5	0x0008      	RETURN
; end of _Div_16x16_U
robot_sumo_ultrasonico2:
;robot_sumo.mbas,112 :: 		dim distan,tiempo as word
;robot_sumo.mbas,114 :: 		flanco = 0
0x00D6	0x1283      	BCF        STATUS, 5
0x00D7	0x1303      	BCF        STATUS, 6
0x00D8	0x01AD      	CLRF       ultrasonico2_flanco
;robot_sumo.mbas,116 :: 		disparo2 = 1
0x00D9	0x1705      	BSF        PORTA, 6
;robot_sumo.mbas,117 :: 		Delay_us(50)
0x00DA	0x3021      	MOVLW      33
0x00DB	0x00FD      	MOVWF      R13
L_robot_sumo_ultrasonico230:
0x00DC	0x0BFD      	DECFSZ     R13, 1
0x00DD	0x28DC      	GOTO       L_robot_sumo_ultrasonico230
;robot_sumo.mbas,118 :: 		disparo2 = 0
0x00DE	0x1305      	BCF        PORTA, 6
;robot_sumo.mbas,120 :: 		DO
L_robot_sumo_ultrasonico231:
;robot_sumo.mbas,121 :: 		IF( eco2 = 1 )THEN
0x00DF	0x1C85      	BTFSS      PORTA, 1
0x00E0	0x28E4      	GOTO       L_robot_sumo_ultrasonico237
;robot_sumo.mbas,122 :: 		TMR0 = 0
0x00E1	0x0181      	CLRF       TMR0
;robot_sumo.mbas,123 :: 		flanco = 1
0x00E2	0x3001      	MOVLW      1
0x00E3	0x00AD      	MOVWF      ultrasonico2_flanco
L_robot_sumo_ultrasonico237:
;robot_sumo.mbas,125 :: 		LOOP UNTIL( flanco = 1 )
0x00E4	0x082D      	MOVF       ultrasonico2_flanco, 0
0x00E5	0x3A01      	XORLW      1
0x00E6	0x1903      	BTFSC      STATUS, 2
0x00E7	0x28E9      	GOTO       L_robot_sumo_ultrasonico234
0x00E8	0x28DF      	GOTO       L_robot_sumo_ultrasonico231
L_robot_sumo_ultrasonico234:
;robot_sumo.mbas,127 :: 		DO
L_robot_sumo_ultrasonico239:
;robot_sumo.mbas,128 :: 		IF( eco2 = 0 )THEN
0x00E9	0x1885      	BTFSC      PORTA, 1
0x00EA	0x28EF      	GOTO       L_robot_sumo_ultrasonico245
;robot_sumo.mbas,129 :: 		tiempo = TMR0
0x00EB	0x0801      	MOVF       TMR0, 0
0x00EC	0x00B0      	MOVWF      ultrasonico2_tiempo
0x00ED	0x01B1      	CLRF       ultrasonico2_tiempo+1
;robot_sumo.mbas,130 :: 		flanco = 0
0x00EE	0x01AD      	CLRF       ultrasonico2_flanco
L_robot_sumo_ultrasonico245:
;robot_sumo.mbas,132 :: 		if(TMR0>254)THEN
0x00EF	0x0801      	MOVF       TMR0, 0
0x00F0	0x3CFE      	SUBLW      254
0x00F1	0x1803      	BTFSC      STATUS, 0
0x00F2	0x28F4      	GOTO       L_robot_sumo_ultrasonico248
;robot_sumo.mbas,133 :: 		FLANCO=0
0x00F3	0x01AD      	CLRF       ultrasonico2_flanco
L_robot_sumo_ultrasonico248:
;robot_sumo.mbas,135 :: 		LOOP UNTIL( FLANCO = 0 )
0x00F4	0x082D      	MOVF       ultrasonico2_flanco, 0
0x00F5	0x3A00      	XORLW      0
0x00F6	0x1903      	BTFSC      STATUS, 2
0x00F7	0x28F9      	GOTO       L_robot_sumo_ultrasonico242
0x00F8	0x28E9      	GOTO       L_robot_sumo_ultrasonico239
L_robot_sumo_ultrasonico242:
;robot_sumo.mbas,137 :: 		distan = (tiempo*128)/58
0x00F9	0x3007      	MOVLW      7
0x00FA	0x00F2      	MOVWF      R2
0x00FB	0x0830      	MOVF       ultrasonico2_tiempo, 0
0x00FC	0x00F0      	MOVWF      R0
0x00FD	0x0831      	MOVF       ultrasonico2_tiempo+1, 0
0x00FE	0x00F1      	MOVWF      R0+1
0x00FF	0x0872      	MOVF       R2, 0
L_robot_sumo_ultrasonico2166:
0x0100	0x1903      	BTFSC      STATUS, 2
0x0101	0x2907      	GOTO       L_robot_sumo_ultrasonico2167
0x0102	0x0DF0      	RLF        R0, 1
0x0103	0x0DF1      	RLF        R0+1, 1
0x0104	0x1070      	BCF        R0, 0
0x0105	0x3EFF      	ADDLW      255
0x0106	0x2900      	GOTO       L_robot_sumo_ultrasonico2166
L_robot_sumo_ultrasonico2167:
0x0107	0x303A      	MOVLW      58
0x0108	0x00F4      	MOVWF      R4
0x0109	0x01F5      	CLRF       R4+1
0x010A	0x20B9      	CALL       _Div_16x16_U
0x010B	0x0870      	MOVF       R0, 0
0x010C	0x00AE      	MOVWF      ultrasonico2_distan
0x010D	0x0871      	MOVF       R0+1, 0
0x010E	0x00AF      	MOVWF      ultrasonico2_distan+1
;robot_sumo.mbas,138 :: 		Delay_ms (50)
0x010F	0x3082      	MOVLW      130
0x0110	0x00FC      	MOVWF      R12
0x0111	0x30DD      	MOVLW      221
0x0112	0x00FD      	MOVWF      R13
L_robot_sumo_ultrasonico250:
0x0113	0x0BFD      	DECFSZ     R13, 1
0x0114	0x2913      	GOTO       L_robot_sumo_ultrasonico250
0x0115	0x0BFC      	DECFSZ     R12, 1
0x0116	0x2913      	GOTO       L_robot_sumo_ultrasonico250
0x0117	0x0000      	NOP
0x0118	0x0000      	NOP
;robot_sumo.mbas,139 :: 		result = distan
0x0119	0x082E      	MOVF       ultrasonico2_distan, 0
0x011A	0x00AB      	MOVWF      ultrasonico2_local_result
0x011B	0x082F      	MOVF       ultrasonico2_distan+1, 0
0x011C	0x00AC      	MOVWF      ultrasonico2_local_result+1
0x011D	0x082B      	MOVF       ultrasonico2_local_result, 0
0x011E	0x00F0      	MOVWF      R0
0x011F	0x082C      	MOVF       ultrasonico2_local_result+1, 0
0x0120	0x00F1      	MOVWF      R0+1
0x0121	0x0008      	RETURN
; end of robot_sumo_ultrasonico2
_PWM1_Init:
;__Lib_PWM_c21.mpas,15 :: 		
;__Lib_PWM_c21.mpas,17 :: 		
0x0122	0x1283      	BCF        STATUS, 5
0x0123	0x1303      	BCF        STATUS, 6
0x0124	0x0195      	CLRF       CCPR1L
;__Lib_PWM_c21.mpas,18 :: 		
0x0125	0x1217      	BCF        CCP1CON, 4
;__Lib_PWM_c21.mpas,19 :: 		
0x0126	0x1297      	BCF        CCP1CON, 5
;__Lib_PWM_c21.mpas,20 :: 		
0x0127	0x0008      	RETURN
; end of _PWM1_Init
_PWM1_Start:
;__Lib_PWM_c21.mpas,34 :: 		
;__Lib_PWM_c21.mpas,35 :: 		
0x0128	0x1683      	BSF        STATUS, 5
0x0129	0x1303      	BCF        STATUS, 6
0x012A	0x1107      	BCF        TRISC2_bit, 2
;__Lib_PWM_c21.mpas,36 :: 		
0x012B	0x1283      	BCF        STATUS, 5
0x012C	0x1512      	BSF        T2CON, 2
;__Lib_PWM_c21.mpas,37 :: 		
0x012D	0x300C      	MOVLW      12
0x012E	0x0497      	IORWF      CCP1CON, 1
;__Lib_PWM_c21.mpas,38 :: 		
0x012F	0x0008      	RETURN
; end of _PWM1_Start
robot_sumo_ultrasonico1:
;robot_sumo.mbas,81 :: 		dim distan,tiempo as word
;robot_sumo.mbas,82 :: 		flanco = 0
0x0130	0x1283      	BCF        STATUS, 5
0x0131	0x1303      	BCF        STATUS, 6
0x0132	0x01AD      	CLRF       ultrasonico1_flanco
;robot_sumo.mbas,84 :: 		disparo1 = 1
0x0133	0x1687      	BSF        PORTC, 5
;robot_sumo.mbas,85 :: 		Delay_us(50)
0x0134	0x3021      	MOVLW      33
0x0135	0x00FD      	MOVWF      R13
L_robot_sumo_ultrasonico18:
0x0136	0x0BFD      	DECFSZ     R13, 1
0x0137	0x2936      	GOTO       L_robot_sumo_ultrasonico18
;robot_sumo.mbas,86 :: 		disparo1 = 0
0x0138	0x1287      	BCF        PORTC, 5
;robot_sumo.mbas,88 :: 		DO
L_robot_sumo_ultrasonico19:
;robot_sumo.mbas,89 :: 		IF( eco1 = 1 )THEN
0x0139	0x1E07      	BTFSS      PORTC, 4
0x013A	0x293E      	GOTO       L_robot_sumo_ultrasonico115
;robot_sumo.mbas,90 :: 		TMR0 = 0
0x013B	0x0181      	CLRF       TMR0
;robot_sumo.mbas,91 :: 		flanco = 1
0x013C	0x3001      	MOVLW      1
0x013D	0x00AD      	MOVWF      ultrasonico1_flanco
L_robot_sumo_ultrasonico115:
;robot_sumo.mbas,93 :: 		LOOP UNTIL( flanco = 1 )
0x013E	0x082D      	MOVF       ultrasonico1_flanco, 0
0x013F	0x3A01      	XORLW      1
0x0140	0x1903      	BTFSC      STATUS, 2
0x0141	0x2943      	GOTO       L_robot_sumo_ultrasonico112
0x0142	0x2939      	GOTO       L_robot_sumo_ultrasonico19
L_robot_sumo_ultrasonico112:
;robot_sumo.mbas,95 :: 		DO
L_robot_sumo_ultrasonico117:
;robot_sumo.mbas,96 :: 		IF( eco1 = 0 )THEN
0x0143	0x1A07      	BTFSC      PORTC, 4
0x0144	0x2949      	GOTO       L_robot_sumo_ultrasonico123
;robot_sumo.mbas,97 :: 		tiempo = TMR0
0x0145	0x0801      	MOVF       TMR0, 0
0x0146	0x00B0      	MOVWF      ultrasonico1_tiempo
0x0147	0x01B1      	CLRF       ultrasonico1_tiempo+1
;robot_sumo.mbas,98 :: 		flanco = 0
0x0148	0x01AD      	CLRF       ultrasonico1_flanco
L_robot_sumo_ultrasonico123:
;robot_sumo.mbas,100 :: 		if(TMR0>254)THEN
0x0149	0x0801      	MOVF       TMR0, 0
0x014A	0x3CFE      	SUBLW      254
0x014B	0x1803      	BTFSC      STATUS, 0
0x014C	0x294E      	GOTO       L_robot_sumo_ultrasonico126
;robot_sumo.mbas,101 :: 		FLANCO=0
0x014D	0x01AD      	CLRF       ultrasonico1_flanco
L_robot_sumo_ultrasonico126:
;robot_sumo.mbas,103 :: 		LOOP UNTIL( FLANCO = 0 )
0x014E	0x082D      	MOVF       ultrasonico1_flanco, 0
0x014F	0x3A00      	XORLW      0
0x0150	0x1903      	BTFSC      STATUS, 2
0x0151	0x2953      	GOTO       L_robot_sumo_ultrasonico120
0x0152	0x2943      	GOTO       L_robot_sumo_ultrasonico117
L_robot_sumo_ultrasonico120:
;robot_sumo.mbas,105 :: 		distan = (tiempo*128)/58
0x0153	0x3007      	MOVLW      7
0x0154	0x00F2      	MOVWF      R2
0x0155	0x0830      	MOVF       ultrasonico1_tiempo, 0
0x0156	0x00F0      	MOVWF      R0
0x0157	0x0831      	MOVF       ultrasonico1_tiempo+1, 0
0x0158	0x00F1      	MOVWF      R0+1
0x0159	0x0872      	MOVF       R2, 0
L_robot_sumo_ultrasonico1164:
0x015A	0x1903      	BTFSC      STATUS, 2
0x015B	0x2961      	GOTO       L_robot_sumo_ultrasonico1165
0x015C	0x0DF0      	RLF        R0, 1
0x015D	0x0DF1      	RLF        R0+1, 1
0x015E	0x1070      	BCF        R0, 0
0x015F	0x3EFF      	ADDLW      255
0x0160	0x295A      	GOTO       L_robot_sumo_ultrasonico1164
L_robot_sumo_ultrasonico1165:
0x0161	0x303A      	MOVLW      58
0x0162	0x00F4      	MOVWF      R4
0x0163	0x01F5      	CLRF       R4+1
0x0164	0x20B9      	CALL       _Div_16x16_U
0x0165	0x0870      	MOVF       R0, 0
0x0166	0x00AE      	MOVWF      ultrasonico1_distan
0x0167	0x0871      	MOVF       R0+1, 0
0x0168	0x00AF      	MOVWF      ultrasonico1_distan+1
;robot_sumo.mbas,106 :: 		Delay_ms (50)
0x0169	0x3082      	MOVLW      130
0x016A	0x00FC      	MOVWF      R12
0x016B	0x30DD      	MOVLW      221
0x016C	0x00FD      	MOVWF      R13
L_robot_sumo_ultrasonico128:
0x016D	0x0BFD      	DECFSZ     R13, 1
0x016E	0x296D      	GOTO       L_robot_sumo_ultrasonico128
0x016F	0x0BFC      	DECFSZ     R12, 1
0x0170	0x296D      	GOTO       L_robot_sumo_ultrasonico128
0x0171	0x0000      	NOP
0x0172	0x0000      	NOP
;robot_sumo.mbas,107 :: 		result = distan
0x0173	0x082E      	MOVF       ultrasonico1_distan, 0
0x0174	0x00AB      	MOVWF      ultrasonico1_local_result
0x0175	0x082F      	MOVF       ultrasonico1_distan+1, 0
0x0176	0x00AC      	MOVWF      ultrasonico1_local_result+1
0x0177	0x082B      	MOVF       ultrasonico1_local_result, 0
0x0178	0x00F0      	MOVWF      R0
0x0179	0x082C      	MOVF       ultrasonico1_local_result+1, 0
0x017A	0x00F1      	MOVWF      R0+1
0x017B	0x0008      	RETURN
; end of robot_sumo_ultrasonico1
_PWM2_Init:
;__Lib_PWM_c21.mpas,50 :: 		
;__Lib_PWM_c21.mpas,52 :: 		
0x017C	0x1283      	BCF        STATUS, 5
0x017D	0x1303      	BCF        STATUS, 6
0x017E	0x019B      	CLRF       CCPR2L
;__Lib_PWM_c21.mpas,53 :: 		
0x017F	0x121D      	BCF        CCP2CON, 4
;__Lib_PWM_c21.mpas,54 :: 		
0x0180	0x129D      	BCF        CCP2CON, 5
;__Lib_PWM_c21.mpas,55 :: 		
0x0181	0x0008      	RETURN
; end of _PWM2_Init
robot_sumo_SET_MOTOR:
;robot_sumo.mbas,54 :: 		SUB PROCEDURE SET_MOTOR(DIM MOTOR2,MOTOR1 AS INTEGER)
;robot_sumo.mbas,56 :: 		IF(MOTOR1<0)THEN
0x0182	0x3080      	MOVLW      128
0x0183	0x1283      	BCF        STATUS, 5
0x0184	0x1303      	BCF        STATUS, 6
0x0185	0x062E      	XORWF      FARG_SET_MOTOR_MOTOR1+1, 0
0x0186	0x00F0      	MOVWF      R0
0x0187	0x3080      	MOVLW      128
0x0188	0x0270      	SUBWF      R0, 0
0x0189	0x1D03      	BTFSS      STATUS, 2
0x018A	0x298D      	GOTO       L_robot_sumo_SET_MOTOR162
0x018B	0x3000      	MOVLW      0
0x018C	0x022D      	SUBWF      FARG_SET_MOTOR_MOTOR1, 0
L_robot_sumo_SET_MOTOR162:
0x018D	0x1803      	BTFSC      STATUS, 0
0x018E	0x299A      	GOTO       L_robot_sumo_SET_MOTOR2
;robot_sumo.mbas,57 :: 		MOTOR1=-MOTOR1
0x018F	0x082D      	MOVF       FARG_SET_MOTOR_MOTOR1, 0
0x0190	0x3C00      	SUBLW      0
0x0191	0x00AD      	MOVWF      FARG_SET_MOTOR_MOTOR1
0x0192	0x082E      	MOVF       FARG_SET_MOTOR_MOTOR1+1, 0
0x0193	0x1C03      	BTFSS      STATUS, 0
0x0194	0x3E01      	ADDLW      1
0x0195	0x01AE      	CLRF       FARG_SET_MOTOR_MOTOR1+1
0x0196	0x02AE      	SUBWF      FARG_SET_MOTOR_MOTOR1+1, 1
;robot_sumo.mbas,58 :: 		MOTOR1_A=0
0x0197	0x1105      	BCF        PORTA, 2
;robot_sumo.mbas,59 :: 		NMOTOR1_A=1
0x0198	0x1605      	BSF        PORTA, 4
0x0199	0x299C      	GOTO       L_robot_sumo_SET_MOTOR3
;robot_sumo.mbas,60 :: 		ELSE
L_robot_sumo_SET_MOTOR2:
;robot_sumo.mbas,61 :: 		MOTOR1_A=1
0x019A	0x1505      	BSF        PORTA, 2
;robot_sumo.mbas,62 :: 		NMOTOR1_A=0
0x019B	0x1205      	BCF        PORTA, 4
;robot_sumo.mbas,63 :: 		END IF
L_robot_sumo_SET_MOTOR3:
;robot_sumo.mbas,65 :: 		IF(MOTOR2<0)THEN
0x019C	0x3080      	MOVLW      128
0x019D	0x062C      	XORWF      FARG_SET_MOTOR_MOTOR2+1, 0
0x019E	0x00F0      	MOVWF      R0
0x019F	0x3080      	MOVLW      128
0x01A0	0x0270      	SUBWF      R0, 0
0x01A1	0x1D03      	BTFSS      STATUS, 2
0x01A2	0x29A5      	GOTO       L_robot_sumo_SET_MOTOR163
0x01A3	0x3000      	MOVLW      0
0x01A4	0x022B      	SUBWF      FARG_SET_MOTOR_MOTOR2, 0
L_robot_sumo_SET_MOTOR163:
0x01A5	0x1803      	BTFSC      STATUS, 0
0x01A6	0x29B2      	GOTO       L_robot_sumo_SET_MOTOR5
;robot_sumo.mbas,66 :: 		MOTOR2=-MOTOR2
0x01A7	0x082B      	MOVF       FARG_SET_MOTOR_MOTOR2, 0
0x01A8	0x3C00      	SUBLW      0
0x01A9	0x00AB      	MOVWF      FARG_SET_MOTOR_MOTOR2
0x01AA	0x082C      	MOVF       FARG_SET_MOTOR_MOTOR2+1, 0
0x01AB	0x1C03      	BTFSS      STATUS, 0
0x01AC	0x3E01      	ADDLW      1
0x01AD	0x01AC      	CLRF       FARG_SET_MOTOR_MOTOR2+1
0x01AE	0x02AC      	SUBWF      FARG_SET_MOTOR_MOTOR2+1, 1
;robot_sumo.mbas,67 :: 		DIR2=0
0x01AF	0x1185      	BCF        PORTA, 3
;robot_sumo.mbas,68 :: 		NDIR2=1
0x01B0	0x1685      	BSF        PORTA, 5
0x01B1	0x29B4      	GOTO       L_robot_sumo_SET_MOTOR6
;robot_sumo.mbas,69 :: 		ELSE
L_robot_sumo_SET_MOTOR5:
;robot_sumo.mbas,70 :: 		DIR2=1
0x01B2	0x1585      	BSF        PORTA, 3
;robot_sumo.mbas,71 :: 		NDIR2=0
0x01B3	0x1285      	BCF        PORTA, 5
;robot_sumo.mbas,72 :: 		END IF
L_robot_sumo_SET_MOTOR6:
;robot_sumo.mbas,73 :: 		PWM1_Set_Duty(MOTOR1)
0x01B4	0x082D      	MOVF       FARG_SET_MOTOR_MOTOR1, 0
0x01B5	0x00B2      	MOVWF      FARG_PWM1_Set_Duty_new_duty
0x01B6	0x207A      	CALL       _PWM1_Set_Duty
;robot_sumo.mbas,74 :: 		PWM2_Set_Duty(MOTOR2)
0x01B7	0x082B      	MOVF       FARG_SET_MOTOR_MOTOR2, 0
0x01B8	0x00B2      	MOVWF      FARG_PWM2_Set_Duty_new_duty
0x01B9	0x203B      	CALL       _PWM2_Set_Duty
;robot_sumo.mbas,75 :: 		Delay_5ms
0x01BA	0x202E      	CALL       _Delay_5ms
0x01BB	0x0008      	RETURN
; end of robot_sumo_SET_MOTOR
robot_sumo_ultrasonico3:
;robot_sumo.mbas,144 :: 		dim distan,tiempo as word
;robot_sumo.mbas,146 :: 		flanco = 0
0x01BC	0x1283      	BCF        STATUS, 5
0x01BD	0x1303      	BCF        STATUS, 6
0x01BE	0x01AD      	CLRF       ultrasonico3_flanco
;robot_sumo.mbas,148 :: 		disparo3 = 1
0x01BF	0x1606      	BSF        PORTB, 4
;robot_sumo.mbas,149 :: 		Delay_us(50)
0x01C0	0x3021      	MOVLW      33
0x01C1	0x00FD      	MOVWF      R13
L_robot_sumo_ultrasonico352:
0x01C2	0x0BFD      	DECFSZ     R13, 1
0x01C3	0x29C2      	GOTO       L_robot_sumo_ultrasonico352
;robot_sumo.mbas,150 :: 		disparo3 = 0
0x01C4	0x1206      	BCF        PORTB, 4
;robot_sumo.mbas,152 :: 		DO
L_robot_sumo_ultrasonico353:
;robot_sumo.mbas,153 :: 		IF( eco3 = 1 )THEN
0x01C5	0x1E86      	BTFSS      PORTB, 5
0x01C6	0x29CA      	GOTO       L_robot_sumo_ultrasonico359
;robot_sumo.mbas,154 :: 		TMR0 = 0
0x01C7	0x0181      	CLRF       TMR0
;robot_sumo.mbas,155 :: 		flanco = 1
0x01C8	0x3001      	MOVLW      1
0x01C9	0x00AD      	MOVWF      ultrasonico3_flanco
L_robot_sumo_ultrasonico359:
;robot_sumo.mbas,158 :: 		LOOP UNTIL( flanco = 1 )
0x01CA	0x082D      	MOVF       ultrasonico3_flanco, 0
0x01CB	0x3A01      	XORLW      1
0x01CC	0x1903      	BTFSC      STATUS, 2
0x01CD	0x29CF      	GOTO       L_robot_sumo_ultrasonico356
0x01CE	0x29C5      	GOTO       L_robot_sumo_ultrasonico353
L_robot_sumo_ultrasonico356:
;robot_sumo.mbas,160 :: 		DO
L_robot_sumo_ultrasonico361:
;robot_sumo.mbas,161 :: 		IF( eco3 = 0 )THEN
0x01CF	0x1A86      	BTFSC      PORTB, 5
0x01D0	0x29D5      	GOTO       L_robot_sumo_ultrasonico367
;robot_sumo.mbas,162 :: 		tiempo = TMR0
0x01D1	0x0801      	MOVF       TMR0, 0
0x01D2	0x00B0      	MOVWF      ultrasonico3_tiempo
0x01D3	0x01B1      	CLRF       ultrasonico3_tiempo+1
;robot_sumo.mbas,163 :: 		flanco = 0
0x01D4	0x01AD      	CLRF       ultrasonico3_flanco
L_robot_sumo_ultrasonico367:
;robot_sumo.mbas,165 :: 		if(TMR0>254)THEN
0x01D5	0x0801      	MOVF       TMR0, 0
0x01D6	0x3CFE      	SUBLW      254
0x01D7	0x1803      	BTFSC      STATUS, 0
0x01D8	0x29DA      	GOTO       L_robot_sumo_ultrasonico370
;robot_sumo.mbas,166 :: 		FLANCO=0
0x01D9	0x01AD      	CLRF       ultrasonico3_flanco
L_robot_sumo_ultrasonico370:
;robot_sumo.mbas,168 :: 		LOOP UNTIL( FLANCO = 0 )
0x01DA	0x082D      	MOVF       ultrasonico3_flanco, 0
0x01DB	0x3A00      	XORLW      0
0x01DC	0x1903      	BTFSC      STATUS, 2
0x01DD	0x29DF      	GOTO       L_robot_sumo_ultrasonico364
0x01DE	0x29CF      	GOTO       L_robot_sumo_ultrasonico361
L_robot_sumo_ultrasonico364:
;robot_sumo.mbas,170 :: 		distan = (tiempo*128)/58
0x01DF	0x3007      	MOVLW      7
0x01E0	0x00F2      	MOVWF      R2
0x01E1	0x0830      	MOVF       ultrasonico3_tiempo, 0
0x01E2	0x00F0      	MOVWF      R0
0x01E3	0x0831      	MOVF       ultrasonico3_tiempo+1, 0
0x01E4	0x00F1      	MOVWF      R0+1
0x01E5	0x0872      	MOVF       R2, 0
L_robot_sumo_ultrasonico3168:
0x01E6	0x1903      	BTFSC      STATUS, 2
0x01E7	0x29ED      	GOTO       L_robot_sumo_ultrasonico3169
0x01E8	0x0DF0      	RLF        R0, 1
0x01E9	0x0DF1      	RLF        R0+1, 1
0x01EA	0x1070      	BCF        R0, 0
0x01EB	0x3EFF      	ADDLW      255
0x01EC	0x29E6      	GOTO       L_robot_sumo_ultrasonico3168
L_robot_sumo_ultrasonico3169:
0x01ED	0x303A      	MOVLW      58
0x01EE	0x00F4      	MOVWF      R4
0x01EF	0x01F5      	CLRF       R4+1
0x01F0	0x20B9      	CALL       _Div_16x16_U
0x01F1	0x0870      	MOVF       R0, 0
0x01F2	0x00AE      	MOVWF      ultrasonico3_distan
0x01F3	0x0871      	MOVF       R0+1, 0
0x01F4	0x00AF      	MOVWF      ultrasonico3_distan+1
;robot_sumo.mbas,171 :: 		Delay_ms (50)
0x01F5	0x3082      	MOVLW      130
0x01F6	0x00FC      	MOVWF      R12
0x01F7	0x30DD      	MOVLW      221
0x01F8	0x00FD      	MOVWF      R13
L_robot_sumo_ultrasonico372:
0x01F9	0x0BFD      	DECFSZ     R13, 1
0x01FA	0x29F9      	GOTO       L_robot_sumo_ultrasonico372
0x01FB	0x0BFC      	DECFSZ     R12, 1
0x01FC	0x29F9      	GOTO       L_robot_sumo_ultrasonico372
0x01FD	0x0000      	NOP
0x01FE	0x0000      	NOP
;robot_sumo.mbas,172 :: 		result = distan
0x01FF	0x082E      	MOVF       ultrasonico3_distan, 0
0x0200	0x00AB      	MOVWF      ultrasonico3_local_result
0x0201	0x082F      	MOVF       ultrasonico3_distan+1, 0
0x0202	0x00AC      	MOVWF      ultrasonico3_local_result+1
0x0203	0x082B      	MOVF       ultrasonico3_local_result, 0
0x0204	0x00F0      	MOVWF      R0
0x0205	0x082C      	MOVF       ultrasonico3_local_result+1, 0
0x0206	0x00F1      	MOVWF      R0+1
0x0207	0x0008      	RETURN
; end of robot_sumo_ultrasonico3
_PWM2_Start:
;__Lib_PWM_c21.mpas,69 :: 		
;__Lib_PWM_c21.mpas,70 :: 		
0x0208	0x1683      	BSF        STATUS, 5
0x0209	0x1303      	BCF        STATUS, 6
0x020A	0x1087      	BCF        TRISC1_bit, 1
;__Lib_PWM_c21.mpas,71 :: 		
0x020B	0x1283      	BCF        STATUS, 5
0x020C	0x1512      	BSF        T2CON, 2
;__Lib_PWM_c21.mpas,72 :: 		
0x020D	0x300C      	MOVLW      12
0x020E	0x049D      	IORWF      CCP2CON, 1
;__Lib_PWM_c21.mpas,73 :: 		
0x020F	0x0008      	RETURN
; end of _PWM2_Start
robot_sumo_ultrasonico4:
;robot_sumo.mbas,177 :: 		dim distan,tiempo as word
;robot_sumo.mbas,179 :: 		flanco = 0
0x0210	0x1283      	BCF        STATUS, 5
0x0211	0x1303      	BCF        STATUS, 6
0x0212	0x01AD      	CLRF       ultrasonico4_flanco
;robot_sumo.mbas,181 :: 		disparo4 = 1
0x0213	0x1587      	BSF        PORTC, 3
;robot_sumo.mbas,182 :: 		Delay_us(50)
0x0214	0x3021      	MOVLW      33
0x0215	0x00FD      	MOVWF      R13
L_robot_sumo_ultrasonico474:
0x0216	0x0BFD      	DECFSZ     R13, 1
0x0217	0x2A16      	GOTO       L_robot_sumo_ultrasonico474
;robot_sumo.mbas,183 :: 		disparo4 = 0
0x0218	0x1187      	BCF        PORTC, 3
;robot_sumo.mbas,185 :: 		DO
L_robot_sumo_ultrasonico475:
;robot_sumo.mbas,186 :: 		IF( eco4 = 1 )THEN
0x0219	0x1C07      	BTFSS      PORTC, 0
0x021A	0x2A1E      	GOTO       L_robot_sumo_ultrasonico481
;robot_sumo.mbas,187 :: 		TMR0 = 0
0x021B	0x0181      	CLRF       TMR0
;robot_sumo.mbas,188 :: 		flanco = 1
0x021C	0x3001      	MOVLW      1
0x021D	0x00AD      	MOVWF      ultrasonico4_flanco
L_robot_sumo_ultrasonico481:
;robot_sumo.mbas,191 :: 		LOOP UNTIL( flanco = 1 )
0x021E	0x082D      	MOVF       ultrasonico4_flanco, 0
0x021F	0x3A01      	XORLW      1
0x0220	0x1903      	BTFSC      STATUS, 2
0x0221	0x2A23      	GOTO       L_robot_sumo_ultrasonico478
0x0222	0x2A19      	GOTO       L_robot_sumo_ultrasonico475
L_robot_sumo_ultrasonico478:
;robot_sumo.mbas,193 :: 		DO
L_robot_sumo_ultrasonico483:
;robot_sumo.mbas,194 :: 		IF( eco4 = 0 )THEN
0x0223	0x1807      	BTFSC      PORTC, 0
0x0224	0x2A29      	GOTO       L_robot_sumo_ultrasonico489
;robot_sumo.mbas,195 :: 		tiempo = TMR0
0x0225	0x0801      	MOVF       TMR0, 0
0x0226	0x00B0      	MOVWF      ultrasonico4_tiempo
0x0227	0x01B1      	CLRF       ultrasonico4_tiempo+1
;robot_sumo.mbas,196 :: 		flanco = 0
0x0228	0x01AD      	CLRF       ultrasonico4_flanco
L_robot_sumo_ultrasonico489:
;robot_sumo.mbas,198 :: 		if(TMR0>254)THEN
0x0229	0x0801      	MOVF       TMR0, 0
0x022A	0x3CFE      	SUBLW      254
0x022B	0x1803      	BTFSC      STATUS, 0
0x022C	0x2A2E      	GOTO       L_robot_sumo_ultrasonico492
;robot_sumo.mbas,199 :: 		FLANCO=0
0x022D	0x01AD      	CLRF       ultrasonico4_flanco
L_robot_sumo_ultrasonico492:
;robot_sumo.mbas,201 :: 		LOOP UNTIL( FLANCO = 0 )
0x022E	0x082D      	MOVF       ultrasonico4_flanco, 0
0x022F	0x3A00      	XORLW      0
0x0230	0x1903      	BTFSC      STATUS, 2
0x0231	0x2A33      	GOTO       L_robot_sumo_ultrasonico486
0x0232	0x2A23      	GOTO       L_robot_sumo_ultrasonico483
L_robot_sumo_ultrasonico486:
;robot_sumo.mbas,203 :: 		distan = (tiempo*128)/58
0x0233	0x3007      	MOVLW      7
0x0234	0x00F2      	MOVWF      R2
0x0235	0x0830      	MOVF       ultrasonico4_tiempo, 0
0x0236	0x00F0      	MOVWF      R0
0x0237	0x0831      	MOVF       ultrasonico4_tiempo+1, 0
0x0238	0x00F1      	MOVWF      R0+1
0x0239	0x0872      	MOVF       R2, 0
L_robot_sumo_ultrasonico4170:
0x023A	0x1903      	BTFSC      STATUS, 2
0x023B	0x2A41      	GOTO       L_robot_sumo_ultrasonico4171
0x023C	0x0DF0      	RLF        R0, 1
0x023D	0x0DF1      	RLF        R0+1, 1
0x023E	0x1070      	BCF        R0, 0
0x023F	0x3EFF      	ADDLW      255
0x0240	0x2A3A      	GOTO       L_robot_sumo_ultrasonico4170
L_robot_sumo_ultrasonico4171:
0x0241	0x303A      	MOVLW      58
0x0242	0x00F4      	MOVWF      R4
0x0243	0x01F5      	CLRF       R4+1
0x0244	0x20B9      	CALL       _Div_16x16_U
0x0245	0x0870      	MOVF       R0, 0
0x0246	0x00AE      	MOVWF      ultrasonico4_distan
0x0247	0x0871      	MOVF       R0+1, 0
0x0248	0x00AF      	MOVWF      ultrasonico4_distan+1
;robot_sumo.mbas,204 :: 		Delay_ms (50)
0x0249	0x3082      	MOVLW      130
0x024A	0x00FC      	MOVWF      R12
0x024B	0x30DD      	MOVLW      221
0x024C	0x00FD      	MOVWF      R13
L_robot_sumo_ultrasonico494:
0x024D	0x0BFD      	DECFSZ     R13, 1
0x024E	0x2A4D      	GOTO       L_robot_sumo_ultrasonico494
0x024F	0x0BFC      	DECFSZ     R12, 1
0x0250	0x2A4D      	GOTO       L_robot_sumo_ultrasonico494
0x0251	0x0000      	NOP
0x0252	0x0000      	NOP
;robot_sumo.mbas,205 :: 		result = distan
0x0253	0x082E      	MOVF       ultrasonico4_distan, 0
0x0254	0x00AB      	MOVWF      ultrasonico4_local_result
0x0255	0x082F      	MOVF       ultrasonico4_distan+1, 0
0x0256	0x00AC      	MOVWF      ultrasonico4_local_result+1
0x0257	0x082B      	MOVF       ultrasonico4_local_result, 0
0x0258	0x00F0      	MOVWF      R0
0x0259	0x082C      	MOVF       ultrasonico4_local_result+1, 0
0x025A	0x00F1      	MOVWF      R0+1
0x025B	0x0008      	RETURN
; end of robot_sumo_ultrasonico4
_main:
;robot_sumo.mbas,208 :: 		main:
;robot_sumo.mbas,210 :: 		OPTION_REG = %10000110 ' pull up desactivado
0x025C	0x3086      	MOVLW      134
0x025D	0x1683      	BSF        STATUS, 5
0x025E	0x1303      	BCF        STATUS, 6
0x025F	0x0081      	MOVWF      OPTION_REG
;robot_sumo.mbas,211 :: 		OSCCON = 0X65
0x0260	0x3065      	MOVLW      101
0x0261	0x008F      	MOVWF      OSCCON
;robot_sumo.mbas,214 :: 		TRISA = %10000011
0x0262	0x3083      	MOVLW      131
0x0263	0x0085      	MOVWF      TRISA
;robot_sumo.mbas,215 :: 		PORTA = %00000000
0x0264	0x1283      	BCF        STATUS, 5
0x0265	0x0185      	CLRF       PORTA
;robot_sumo.mbas,218 :: 		TRISB = %01101111  'PIN RB1,RB2  ENTRADAS PARA SENSAR CORRIENTE DE MOTORES
0x0266	0x306F      	MOVLW      111
0x0267	0x1683      	BSF        STATUS, 5
0x0268	0x0086      	MOVWF      TRISB
;robot_sumo.mbas,219 :: 		PORTB = %00000000
0x0269	0x1283      	BCF        STATUS, 5
0x026A	0x0186      	CLRF       PORTB
;robot_sumo.mbas,222 :: 		TRISC = %10010001
0x026B	0x3091      	MOVLW      145
0x026C	0x1683      	BSF        STATUS, 5
0x026D	0x0087      	MOVWF      TRISC
;robot_sumo.mbas,223 :: 		PORTC = %00000000
0x026E	0x1283      	BCF        STATUS, 5
0x026F	0x0187      	CLRF       PORTC
;robot_sumo.mbas,225 :: 		ANSEL =  %00000000 ' RE1-RE2 ANALOGICO, RESTO DIGITALES
0x0270	0x1683      	BSF        STATUS, 5
0x0271	0x1703      	BSF        STATUS, 6
0x0272	0x0188      	CLRF       ANSEL
;robot_sumo.mbas,226 :: 		ANSELH = %00000000
0x0273	0x0189      	CLRF       ANSELH
;robot_sumo.mbas,227 :: 		delante=0
0x0274	0x1283      	BCF        STATUS, 5
0x0275	0x1303      	BCF        STATUS, 6
0x0276	0x01AA      	CLRF       _delante
;robot_sumo.mbas,228 :: 		delay_ms(100)
0x0277	0x3002      	MOVLW      2
0x0278	0x00FB      	MOVWF      R11
0x0279	0x3004      	MOVLW      4
0x027A	0x00FC      	MOVWF      R12
0x027B	0x30BA      	MOVLW      186
0x027C	0x00FD      	MOVWF      R13
L__main96:
0x027D	0x0BFD      	DECFSZ     R13, 1
0x027E	0x2A7D      	GOTO       L__main96
0x027F	0x0BFC      	DECFSZ     R12, 1
0x0280	0x2A7D      	GOTO       L__main96
0x0281	0x0BFB      	DECFSZ     R11, 1
0x0282	0x2A7D      	GOTO       L__main96
0x0283	0x0000      	NOP
;robot_sumo.mbas,231 :: 		PWM1_Init(1000)
0x0284	0x1012      	BCF        T2CON, 0
0x0285	0x1092      	BCF        T2CON, 1
0x0286	0x1412      	BSF        T2CON, 0
0x0287	0x1492      	BSF        T2CON, 1
0x0288	0x307C      	MOVLW      124
0x0289	0x1683      	BSF        STATUS, 5
0x028A	0x0092      	MOVWF      PR2
0x028B	0x2122      	CALL       _PWM1_Init
;robot_sumo.mbas,232 :: 		PWM2_Init (1000)
0x028C	0x1012      	BCF        T2CON, 0
0x028D	0x1092      	BCF        T2CON, 1
0x028E	0x1412      	BSF        T2CON, 0
0x028F	0x1492      	BSF        T2CON, 1
0x0290	0x307C      	MOVLW      124
0x0291	0x1683      	BSF        STATUS, 5
0x0292	0x0092      	MOVWF      PR2
0x0293	0x217C      	CALL       _PWM2_Init
;robot_sumo.mbas,233 :: 		PWM1_Start ()
0x0294	0x2128      	CALL       _PWM1_Start
;robot_sumo.mbas,234 :: 		PWM2_Start ()
0x0295	0x2208      	CALL       _PWM2_Start
;robot_sumo.mbas,235 :: 		PWM1_Set_Duty (0)
0x0296	0x01B2      	CLRF       FARG_PWM1_Set_Duty_new_duty
0x0297	0x207A      	CALL       _PWM1_Set_Duty
;robot_sumo.mbas,236 :: 		PWM2_Set_Duty (0)
0x0298	0x01B2      	CLRF       FARG_PWM2_Set_Duty_new_duty
0x0299	0x203B      	CALL       _PWM2_Set_Duty
;robot_sumo.mbas,238 :: 		delay_ms(100)
0x029A	0x3002      	MOVLW      2
0x029B	0x00FB      	MOVWF      R11
0x029C	0x3004      	MOVLW      4
0x029D	0x00FC      	MOVWF      R12
0x029E	0x30BA      	MOVLW      186
0x029F	0x00FD      	MOVWF      R13
L__main97:
0x02A0	0x0BFD      	DECFSZ     R13, 1
0x02A1	0x2AA0      	GOTO       L__main97
0x02A2	0x0BFC      	DECFSZ     R12, 1
0x02A3	0x2AA0      	GOTO       L__main97
0x02A4	0x0BFB      	DECFSZ     R11, 1
0x02A5	0x2AA0      	GOTO       L__main97
0x02A6	0x0000      	NOP
;robot_sumo.mbas,239 :: 		WHILE(1)
L__main99:
;robot_sumo.mbas,240 :: 		CONTINUAR:
L__main_continuar:
;robot_sumo.mbas,242 :: 		distancia1 = ultrasonico1()  'SENSOR FRENTE
0x02A7	0x2130      	CALL       robot_sumo_ultrasonico1
0x02A8	0x0870      	MOVF       R0, 0
0x02A9	0x00A2      	MOVWF      _distancia1
0x02AA	0x0871      	MOVF       R0+1, 0
0x02AB	0x00A3      	MOVWF      _distancia1+1
;robot_sumo.mbas,243 :: 		distancia2 = ultrasonico2()  'SENSOR ATRAS
0x02AC	0x20D6      	CALL       robot_sumo_ultrasonico2
0x02AD	0x0870      	MOVF       R0, 0
0x02AE	0x00A0      	MOVWF      _distancia2
0x02AF	0x0871      	MOVF       R0+1, 0
0x02B0	0x00A1      	MOVWF      _distancia2+1
;robot_sumo.mbas,244 :: 		distancia3 = ultrasonico4()  'SENSOR IZQUIERDA
0x02B1	0x2210      	CALL       robot_sumo_ultrasonico4
0x02B2	0x0870      	MOVF       R0, 0
0x02B3	0x00A6      	MOVWF      _distancia3
0x02B4	0x0871      	MOVF       R0+1, 0
0x02B5	0x00A7      	MOVWF      _distancia3+1
;robot_sumo.mbas,245 :: 		distancia4 = ultrasonico3()  'SENSOR DERECHA
0x02B6	0x21BC      	CALL       robot_sumo_ultrasonico3
0x02B7	0x0870      	MOVF       R0, 0
0x02B8	0x00A4      	MOVWF      _distancia4
0x02B9	0x0871      	MOVF       R0+1, 0
0x02BA	0x00A5      	MOVWF      _distancia4+1
;robot_sumo.mbas,247 :: 		IF((S1=1) AND (S2=1) AND (S3=1) AND (S4=1))THEN
0x02BB	0x1B85      	BTFSC      PORTA, 7
0x02BC	0x2ABF      	GOTO       L__main172
0x02BD	0x1072      	BCF        R2, 0
0x02BE	0x2AC0      	GOTO       L__main173
L__main172:
0x02BF	0x1472      	BSF        R2, 0
L__main173:
0x02C0	0x01F1      	CLRF       R1
0x02C1	0x1D86      	BTFSS      PORTB, 3
0x02C2	0x2AC5      	GOTO       L__main107
0x02C3	0x30FF      	MOVLW      255
0x02C4	0x00F1      	MOVWF      R1
L__main107:
0x02C5	0x01F0      	CLRF       R0
0x02C6	0x1872      	BTFSC      R2, 0
0x02C7	0x0AF0      	INCF       R0, 1
0x02C8	0x0870      	MOVF       R0, 0
0x02C9	0x05F1      	ANDWF      R1, 1
0x02CA	0x01F0      	CLRF       R0
0x02CB	0x1C05      	BTFSS      PORTA, 0
0x02CC	0x2ACF      	GOTO       L__main108
0x02CD	0x30FF      	MOVLW      255
0x02CE	0x00F0      	MOVWF      R0
L__main108:
0x02CF	0x0870      	MOVF       R0, 0
0x02D0	0x05F1      	ANDWF      R1, 1
0x02D1	0x01F0      	CLRF       R0
0x02D2	0x1C06      	BTFSS      PORTB, 0
0x02D3	0x2AD6      	GOTO       L__main109
0x02D4	0x30FF      	MOVLW      255
0x02D5	0x00F0      	MOVWF      R0
L__main109:
0x02D6	0x0871      	MOVF       R1, 0
0x02D7	0x05F0      	ANDWF      R0, 1
0x02D8	0x1903      	BTFSC      STATUS, 2
0x02D9	0x2B73      	GOTO       L__main105
;robot_sumo.mbas,248 :: 		IF(distancia1<35)THEN 'SENSOR FRENTE
0x02DA	0x3000      	MOVLW      0
0x02DB	0x0223      	SUBWF      _distancia1+1, 0
0x02DC	0x1D03      	BTFSS      STATUS, 2
0x02DD	0x2AE0      	GOTO       L__main174
0x02DE	0x3023      	MOVLW      35
0x02DF	0x0222      	SUBWF      _distancia1, 0
L__main174:
0x02E0	0x1803      	BTFSC      STATUS, 0
0x02E1	0x2AEC      	GOTO       L__main111
;robot_sumo.mbas,249 :: 		delante=1
0x02E2	0x3001      	MOVLW      1
0x02E3	0x00AA      	MOVWF      _delante
;robot_sumo.mbas,250 :: 		SET_MOTOR(255,255)   'ADELANTE
0x02E4	0x30FF      	MOVLW      255
0x02E5	0x00AB      	MOVWF      FARG_SET_MOTOR_MOTOR2
0x02E6	0x01AC      	CLRF       FARG_SET_MOTOR_MOTOR2+1
0x02E7	0x30FF      	MOVLW      255
0x02E8	0x00AD      	MOVWF      FARG_SET_MOTOR_MOTOR1
0x02E9	0x01AE      	CLRF       FARG_SET_MOTOR_MOTOR1+1
0x02EA	0x2182      	CALL       robot_sumo_SET_MOTOR
0x02EB	0x2B72      	GOTO       L__main112
;robot_sumo.mbas,251 :: 		ELSE
L__main111:
;robot_sumo.mbas,252 :: 		IF(distancia2<35)THEN  'SENSOR ATRAS
0x02EC	0x3000      	MOVLW      0
0x02ED	0x0221      	SUBWF      _distancia2+1, 0
0x02EE	0x1D03      	BTFSS      STATUS, 2
0x02EF	0x2AF2      	GOTO       L__main175
0x02F0	0x3023      	MOVLW      35
0x02F1	0x0220      	SUBWF      _distancia2, 0
L__main175:
0x02F2	0x1803      	BTFSC      STATUS, 0
0x02F3	0x2AFF      	GOTO       L__main114
;robot_sumo.mbas,253 :: 		delante=0
0x02F4	0x01AA      	CLRF       _delante
;robot_sumo.mbas,254 :: 		SET_MOTOR(-255,-255)   'Atras
0x02F5	0x3001      	MOVLW      1
0x02F6	0x00AB      	MOVWF      FARG_SET_MOTOR_MOTOR2
0x02F7	0x30FF      	MOVLW      255
0x02F8	0x00AC      	MOVWF      FARG_SET_MOTOR_MOTOR2+1
0x02F9	0x3001      	MOVLW      1
0x02FA	0x00AD      	MOVWF      FARG_SET_MOTOR_MOTOR1
0x02FB	0x30FF      	MOVLW      255
0x02FC	0x00AE      	MOVWF      FARG_SET_MOTOR_MOTOR1+1
0x02FD	0x2182      	CALL       robot_sumo_SET_MOTOR
0x02FE	0x2B72      	GOTO       L__main115
;robot_sumo.mbas,255 :: 		ELSE
L__main114:
;robot_sumo.mbas,256 :: 		IF((distancia3<35) AND (DELANTE=1))THEN   'SENSOR IZQUIERDA
0x02FF	0x3000      	MOVLW      0
0x0300	0x0227      	SUBWF      _distancia3+1, 0
0x0301	0x1D03      	BTFSS      STATUS, 2
0x0302	0x2B05      	GOTO       L__main176
0x0303	0x3023      	MOVLW      35
0x0304	0x0226      	SUBWF      _distancia3, 0
L__main176:
0x0305	0x30FF      	MOVLW      255
0x0306	0x1803      	BTFSC      STATUS, 0
0x0307	0x3000      	MOVLW      0
0x0308	0x00F1      	MOVWF      R1
0x0309	0x082A      	MOVF       _delante, 0
0x030A	0x3A01      	XORLW      1
0x030B	0x30FF      	MOVLW      255
0x030C	0x1D03      	BTFSS      STATUS, 2
0x030D	0x3000      	MOVLW      0
0x030E	0x00F0      	MOVWF      R0
0x030F	0x0871      	MOVF       R1, 0
0x0310	0x05F0      	ANDWF      R0, 1
0x0311	0x1903      	BTFSC      STATUS, 2
0x0312	0x2B1C      	GOTO       L__main117
;robot_sumo.mbas,257 :: 		SET_MOTOR(-255,255)  'IZQUIERDA
0x0313	0x3001      	MOVLW      1
0x0314	0x00AB      	MOVWF      FARG_SET_MOTOR_MOTOR2
0x0315	0x30FF      	MOVLW      255
0x0316	0x00AC      	MOVWF      FARG_SET_MOTOR_MOTOR2+1
0x0317	0x30FF      	MOVLW      255
0x0318	0x00AD      	MOVWF      FARG_SET_MOTOR_MOTOR1
0x0319	0x01AE      	CLRF       FARG_SET_MOTOR_MOTOR1+1
0x031A	0x2182      	CALL       robot_sumo_SET_MOTOR
0x031B	0x2B72      	GOTO       L__main118
;robot_sumo.mbas,258 :: 		ELSE
L__main117:
;robot_sumo.mbas,259 :: 		IF((distancia4<35) AND (DELANTE=1))THEN   'SENSOR DERECHA
0x031C	0x3000      	MOVLW      0
0x031D	0x0225      	SUBWF      _distancia4+1, 0
0x031E	0x1D03      	BTFSS      STATUS, 2
0x031F	0x2B22      	GOTO       L__main177
0x0320	0x3023      	MOVLW      35
0x0321	0x0224      	SUBWF      _distancia4, 0
L__main177:
0x0322	0x30FF      	MOVLW      255
0x0323	0x1803      	BTFSC      STATUS, 0
0x0324	0x3000      	MOVLW      0
0x0325	0x00F1      	MOVWF      R1
0x0326	0x082A      	MOVF       _delante, 0
0x0327	0x3A01      	XORLW      1
0x0328	0x30FF      	MOVLW      255
0x0329	0x1D03      	BTFSS      STATUS, 2
0x032A	0x3000      	MOVLW      0
0x032B	0x00F0      	MOVWF      R0
0x032C	0x0871      	MOVF       R1, 0
0x032D	0x05F0      	ANDWF      R0, 1
0x032E	0x1903      	BTFSC      STATUS, 2
0x032F	0x2B39      	GOTO       L__main120
;robot_sumo.mbas,260 :: 		SET_MOTOR(255,-255) 'DERECHA
0x0330	0x30FF      	MOVLW      255
0x0331	0x00AB      	MOVWF      FARG_SET_MOTOR_MOTOR2
0x0332	0x01AC      	CLRF       FARG_SET_MOTOR_MOTOR2+1
0x0333	0x3001      	MOVLW      1
0x0334	0x00AD      	MOVWF      FARG_SET_MOTOR_MOTOR1
0x0335	0x30FF      	MOVLW      255
0x0336	0x00AE      	MOVWF      FARG_SET_MOTOR_MOTOR1+1
0x0337	0x2182      	CALL       robot_sumo_SET_MOTOR
0x0338	0x2B72      	GOTO       L__main121
;robot_sumo.mbas,261 :: 		ELSE
L__main120:
;robot_sumo.mbas,262 :: 		IF((distancia3<35) AND (DELANTE=0))THEN   'SENSOR IZQUIERDA
0x0339	0x3000      	MOVLW      0
0x033A	0x0227      	SUBWF      _distancia3+1, 0
0x033B	0x1D03      	BTFSS      STATUS, 2
0x033C	0x2B3F      	GOTO       L__main178
0x033D	0x3023      	MOVLW      35
0x033E	0x0226      	SUBWF      _distancia3, 0
L__main178:
0x033F	0x30FF      	MOVLW      255
0x0340	0x1803      	BTFSC      STATUS, 0
0x0341	0x3000      	MOVLW      0
0x0342	0x00F1      	MOVWF      R1
0x0343	0x082A      	MOVF       _delante, 0
0x0344	0x3A00      	XORLW      0
0x0345	0x30FF      	MOVLW      255
0x0346	0x1D03      	BTFSS      STATUS, 2
0x0347	0x3000      	MOVLW      0
0x0348	0x00F0      	MOVWF      R0
0x0349	0x0871      	MOVF       R1, 0
0x034A	0x05F0      	ANDWF      R0, 1
0x034B	0x1903      	BTFSC      STATUS, 2
0x034C	0x2B56      	GOTO       L__main123
;robot_sumo.mbas,263 :: 		SET_MOTOR(255,-255)  'IZQUIERDA
0x034D	0x30FF      	MOVLW      255
0x034E	0x00AB      	MOVWF      FARG_SET_MOTOR_MOTOR2
0x034F	0x01AC      	CLRF       FARG_SET_MOTOR_MOTOR2+1
0x0350	0x3001      	MOVLW      1
0x0351	0x00AD      	MOVWF      FARG_SET_MOTOR_MOTOR1
0x0352	0x30FF      	MOVLW      255
0x0353	0x00AE      	MOVWF      FARG_SET_MOTOR_MOTOR1+1
0x0354	0x2182      	CALL       robot_sumo_SET_MOTOR
0x0355	0x2B72      	GOTO       L__main124
;robot_sumo.mbas,264 :: 		ELSE
L__main123:
;robot_sumo.mbas,265 :: 		IF((distancia4<35) AND (DELANTE=0))THEN   'SENSOR DERECHA
0x0356	0x3000      	MOVLW      0
0x0357	0x0225      	SUBWF      _distancia4+1, 0
0x0358	0x1D03      	BTFSS      STATUS, 2
0x0359	0x2B5C      	GOTO       L__main179
0x035A	0x3023      	MOVLW      35
0x035B	0x0224      	SUBWF      _distancia4, 0
L__main179:
0x035C	0x30FF      	MOVLW      255
0x035D	0x1803      	BTFSC      STATUS, 0
0x035E	0x3000      	MOVLW      0
0x035F	0x00F1      	MOVWF      R1
0x0360	0x082A      	MOVF       _delante, 0
0x0361	0x3A00      	XORLW      0
0x0362	0x30FF      	MOVLW      255
0x0363	0x1D03      	BTFSS      STATUS, 2
0x0364	0x3000      	MOVLW      0
0x0365	0x00F0      	MOVWF      R0
0x0366	0x0871      	MOVF       R1, 0
0x0367	0x05F0      	ANDWF      R0, 1
0x0368	0x1903      	BTFSC      STATUS, 2
0x0369	0x2B72      	GOTO       L__main126
;robot_sumo.mbas,266 :: 		SET_MOTOR(-255,255) 'DERECHA
0x036A	0x3001      	MOVLW      1
0x036B	0x00AB      	MOVWF      FARG_SET_MOTOR_MOTOR2
0x036C	0x30FF      	MOVLW      255
0x036D	0x00AC      	MOVWF      FARG_SET_MOTOR_MOTOR2+1
0x036E	0x30FF      	MOVLW      255
0x036F	0x00AD      	MOVWF      FARG_SET_MOTOR_MOTOR1
0x0370	0x01AE      	CLRF       FARG_SET_MOTOR_MOTOR1+1
0x0371	0x2182      	CALL       robot_sumo_SET_MOTOR
L__main126:
;robot_sumo.mbas,268 :: 		END IF
L__main124:
;robot_sumo.mbas,269 :: 		END IF
L__main121:
;robot_sumo.mbas,270 :: 		END IF
L__main118:
;robot_sumo.mbas,271 :: 		END IF
L__main115:
;robot_sumo.mbas,272 :: 		END IF
L__main112:
0x0372	0x2C4D      	GOTO       L__main106
;robot_sumo.mbas,273 :: 		ELSE
L__main105:
;robot_sumo.mbas,274 :: 		IF (S1=0)AND (S2=0) THEN
0x0373	0x1B85      	BTFSC      PORTA, 7
0x0374	0x2B77      	GOTO       L__main180
0x0375	0x1472      	BSF        R2, 0
0x0376	0x2B78      	GOTO       L__main181
L__main180:
0x0377	0x1072      	BCF        R2, 0
L__main181:
0x0378	0x01F1      	CLRF       R1
0x0379	0x1986      	BTFSC      PORTB, 3
0x037A	0x2B7D      	GOTO       L__main131
0x037B	0x30FF      	MOVLW      255
0x037C	0x00F1      	MOVWF      R1
L__main131:
0x037D	0x01F0      	CLRF       R0
0x037E	0x1872      	BTFSC      R2, 0
0x037F	0x0AF0      	INCF       R0, 1
0x0380	0x0871      	MOVF       R1, 0
0x0381	0x05F0      	ANDWF      R0, 1
0x0382	0x1903      	BTFSC      STATUS, 2
0x0383	0x2B9C      	GOTO       L__main129
;robot_sumo.mbas,275 :: 		SET_MOTOR(-255,-255)
0x0384	0x3001      	MOVLW      1
0x0385	0x00AB      	MOVWF      FARG_SET_MOTOR_MOTOR2
0x0386	0x30FF      	MOVLW      255
0x0387	0x00AC      	MOVWF      FARG_SET_MOTOR_MOTOR2+1
0x0388	0x3001      	MOVLW      1
0x0389	0x00AD      	MOVWF      FARG_SET_MOTOR_MOTOR1
0x038A	0x30FF      	MOVLW      255
0x038B	0x00AE      	MOVWF      FARG_SET_MOTOR_MOTOR1+1
0x038C	0x2182      	CALL       robot_sumo_SET_MOTOR
;robot_sumo.mbas,276 :: 		Delay_ms(1000)
0x038D	0x300B      	MOVLW      11
0x038E	0x00FB      	MOVWF      R11
0x038F	0x3026      	MOVLW      38
0x0390	0x00FC      	MOVWF      R12
0x0391	0x305D      	MOVLW      93
0x0392	0x00FD      	MOVWF      R13
L__main132:
0x0393	0x0BFD      	DECFSZ     R13, 1
0x0394	0x2B93      	GOTO       L__main132
0x0395	0x0BFC      	DECFSZ     R12, 1
0x0396	0x2B93      	GOTO       L__main132
0x0397	0x0BFB      	DECFSZ     R11, 1
0x0398	0x2B93      	GOTO       L__main132
0x0399	0x0000      	NOP
0x039A	0x0000      	NOP
0x039B	0x2C4D      	GOTO       L__main130
;robot_sumo.mbas,277 :: 		ELSE
L__main129:
;robot_sumo.mbas,278 :: 		IF (S3=0)AND (S4=0) THEN
0x039C	0x1805      	BTFSC      PORTA, 0
0x039D	0x2BA0      	GOTO       L__main182
0x039E	0x1472      	BSF        R2, 0
0x039F	0x2BA1      	GOTO       L__main183
L__main182:
0x03A0	0x1072      	BCF        R2, 0
L__main183:
0x03A1	0x01F1      	CLRF       R1
0x03A2	0x1806      	BTFSC      PORTB, 0
0x03A3	0x2BA6      	GOTO       L__main136
0x03A4	0x30FF      	MOVLW      255
0x03A5	0x00F1      	MOVWF      R1
L__main136:
0x03A6	0x01F0      	CLRF       R0
0x03A7	0x1872      	BTFSC      R2, 0
0x03A8	0x0AF0      	INCF       R0, 1
0x03A9	0x0871      	MOVF       R1, 0
0x03AA	0x05F0      	ANDWF      R0, 1
0x03AB	0x1903      	BTFSC      STATUS, 2
0x03AC	0x2BC3      	GOTO       L__main134
;robot_sumo.mbas,279 :: 		SET_MOTOR(255,255)
0x03AD	0x30FF      	MOVLW      255
0x03AE	0x00AB      	MOVWF      FARG_SET_MOTOR_MOTOR2
0x03AF	0x01AC      	CLRF       FARG_SET_MOTOR_MOTOR2+1
0x03B0	0x30FF      	MOVLW      255
0x03B1	0x00AD      	MOVWF      FARG_SET_MOTOR_MOTOR1
0x03B2	0x01AE      	CLRF       FARG_SET_MOTOR_MOTOR1+1
0x03B3	0x2182      	CALL       robot_sumo_SET_MOTOR
;robot_sumo.mbas,280 :: 		Delay_ms(1000)
0x03B4	0x300B      	MOVLW      11
0x03B5	0x00FB      	MOVWF      R11
0x03B6	0x3026      	MOVLW      38
0x03B7	0x00FC      	MOVWF      R12
0x03B8	0x305D      	MOVLW      93
0x03B9	0x00FD      	MOVWF      R13
L__main137:
0x03BA	0x0BFD      	DECFSZ     R13, 1
0x03BB	0x2BBA      	GOTO       L__main137
0x03BC	0x0BFC      	DECFSZ     R12, 1
0x03BD	0x2BBA      	GOTO       L__main137
0x03BE	0x0BFB      	DECFSZ     R11, 1
0x03BF	0x2BBA      	GOTO       L__main137
0x03C0	0x0000      	NOP
0x03C1	0x0000      	NOP
0x03C2	0x2C4D      	GOTO       L__main135
;robot_sumo.mbas,281 :: 		ELSE
L__main134:
;robot_sumo.mbas,282 :: 		IF (S1=0)AND (S3=0) THEN
0x03C3	0x1B85      	BTFSC      PORTA, 7
0x03C4	0x2BC7      	GOTO       L__main184
0x03C5	0x1472      	BSF        R2, 0
0x03C6	0x2BC8      	GOTO       L__main185
L__main184:
0x03C7	0x1072      	BCF        R2, 0
L__main185:
0x03C8	0x01F1      	CLRF       R1
0x03C9	0x1805      	BTFSC      PORTA, 0
0x03CA	0x2BCD      	GOTO       L__main141
0x03CB	0x30FF      	MOVLW      255
0x03CC	0x00F1      	MOVWF      R1
L__main141:
0x03CD	0x01F0      	CLRF       R0
0x03CE	0x1872      	BTFSC      R2, 0
0x03CF	0x0AF0      	INCF       R0, 1
0x03D0	0x0871      	MOVF       R1, 0
0x03D1	0x05F0      	ANDWF      R0, 1
0x03D2	0x1903      	BTFSC      STATUS, 2
0x03D3	0x2C00      	GOTO       L__main139
;robot_sumo.mbas,283 :: 		SET_MOTOR(-200,200)
0x03D4	0x3038      	MOVLW      56
0x03D5	0x00AB      	MOVWF      FARG_SET_MOTOR_MOTOR2
0x03D6	0x30FF      	MOVLW      255
0x03D7	0x00AC      	MOVWF      FARG_SET_MOTOR_MOTOR2+1
0x03D8	0x30C8      	MOVLW      200
0x03D9	0x00AD      	MOVWF      FARG_SET_MOTOR_MOTOR1
0x03DA	0x01AE      	CLRF       FARG_SET_MOTOR_MOTOR1+1
0x03DB	0x2182      	CALL       robot_sumo_SET_MOTOR
;robot_sumo.mbas,284 :: 		Delay_ms(1000)
0x03DC	0x300B      	MOVLW      11
0x03DD	0x00FB      	MOVWF      R11
0x03DE	0x3026      	MOVLW      38
0x03DF	0x00FC      	MOVWF      R12
0x03E0	0x305D      	MOVLW      93
0x03E1	0x00FD      	MOVWF      R13
L__main142:
0x03E2	0x0BFD      	DECFSZ     R13, 1
0x03E3	0x2BE2      	GOTO       L__main142
0x03E4	0x0BFC      	DECFSZ     R12, 1
0x03E5	0x2BE2      	GOTO       L__main142
0x03E6	0x0BFB      	DECFSZ     R11, 1
0x03E7	0x2BE2      	GOTO       L__main142
0x03E8	0x0000      	NOP
0x03E9	0x0000      	NOP
;robot_sumo.mbas,285 :: 		SET_MOTOR(255,255)
0x03EA	0x30FF      	MOVLW      255
0x03EB	0x00AB      	MOVWF      FARG_SET_MOTOR_MOTOR2
0x03EC	0x01AC      	CLRF       FARG_SET_MOTOR_MOTOR2+1
0x03ED	0x30FF      	MOVLW      255
0x03EE	0x00AD      	MOVWF      FARG_SET_MOTOR_MOTOR1
0x03EF	0x01AE      	CLRF       FARG_SET_MOTOR_MOTOR1+1
0x03F0	0x2182      	CALL       robot_sumo_SET_MOTOR
;robot_sumo.mbas,286 :: 		Delay_ms(1000)
0x03F1	0x300B      	MOVLW      11
0x03F2	0x00FB      	MOVWF      R11
0x03F3	0x3026      	MOVLW      38
0x03F4	0x00FC      	MOVWF      R12
0x03F5	0x305D      	MOVLW      93
0x03F6	0x00FD      	MOVWF      R13
L__main143:
0x03F7	0x0BFD      	DECFSZ     R13, 1
0x03F8	0x2BF7      	GOTO       L__main143
0x03F9	0x0BFC      	DECFSZ     R12, 1
0x03FA	0x2BF7      	GOTO       L__main143
0x03FB	0x0BFB      	DECFSZ     R11, 1
0x03FC	0x2BF7      	GOTO       L__main143
0x03FD	0x0000      	NOP
0x03FE	0x0000      	NOP
0x03FF	0x2C4D      	GOTO       L__main140
;robot_sumo.mbas,287 :: 		ELSE
L__main139:
;robot_sumo.mbas,288 :: 		IF (S2=0)AND (S4=0) THEN
0x0400	0x1986      	BTFSC      PORTB, 3
0x0401	0x2C04      	GOTO       L__main186
0x0402	0x1472      	BSF        R2, 0
0x0403	0x2C05      	GOTO       L__main187
L__main186:
0x0404	0x1072      	BCF        R2, 0
L__main187:
0x0405	0x01F1      	CLRF       R1
0x0406	0x1806      	BTFSC      PORTB, 0
0x0407	0x2C0A      	GOTO       L__main147
0x0408	0x30FF      	MOVLW      255
0x0409	0x00F1      	MOVWF      R1
L__main147:
0x040A	0x01F0      	CLRF       R0
0x040B	0x1872      	BTFSC      R2, 0
0x040C	0x0AF0      	INCF       R0, 1
0x040D	0x0871      	MOVF       R1, 0
0x040E	0x05F0      	ANDWF      R0, 1
0x040F	0x1903      	BTFSC      STATUS, 2
0x0410	0x2C3D      	GOTO       L__main145
;robot_sumo.mbas,289 :: 		SET_MOTOR(200,-200) 'DERECHA
0x0411	0x30C8      	MOVLW      200
0x0412	0x00AB      	MOVWF      FARG_SET_MOTOR_MOTOR2
0x0413	0x01AC      	CLRF       FARG_SET_MOTOR_MOTOR2+1
0x0414	0x3038      	MOVLW      56
0x0415	0x00AD      	MOVWF      FARG_SET_MOTOR_MOTOR1
0x0416	0x30FF      	MOVLW      255
0x0417	0x00AE      	MOVWF      FARG_SET_MOTOR_MOTOR1+1
0x0418	0x2182      	CALL       robot_sumo_SET_MOTOR
;robot_sumo.mbas,290 :: 		Delay_ms(1000)
0x0419	0x300B      	MOVLW      11
0x041A	0x00FB      	MOVWF      R11
0x041B	0x3026      	MOVLW      38
0x041C	0x00FC      	MOVWF      R12
0x041D	0x305D      	MOVLW      93
0x041E	0x00FD      	MOVWF      R13
L__main148:
0x041F	0x0BFD      	DECFSZ     R13, 1
0x0420	0x2C1F      	GOTO       L__main148
0x0421	0x0BFC      	DECFSZ     R12, 1
0x0422	0x2C1F      	GOTO       L__main148
0x0423	0x0BFB      	DECFSZ     R11, 1
0x0424	0x2C1F      	GOTO       L__main148
0x0425	0x0000      	NOP
0x0426	0x0000      	NOP
;robot_sumo.mbas,291 :: 		SET_MOTOR(255,255)
0x0427	0x30FF      	MOVLW      255
0x0428	0x00AB      	MOVWF      FARG_SET_MOTOR_MOTOR2
0x0429	0x01AC      	CLRF       FARG_SET_MOTOR_MOTOR2+1
0x042A	0x30FF      	MOVLW      255
0x042B	0x00AD      	MOVWF      FARG_SET_MOTOR_MOTOR1
0x042C	0x01AE      	CLRF       FARG_SET_MOTOR_MOTOR1+1
0x042D	0x2182      	CALL       robot_sumo_SET_MOTOR
;robot_sumo.mbas,292 :: 		Delay_ms(1000)
0x042E	0x300B      	MOVLW      11
0x042F	0x00FB      	MOVWF      R11
0x0430	0x3026      	MOVLW      38
0x0431	0x00FC      	MOVWF      R12
0x0432	0x305D      	MOVLW      93
0x0433	0x00FD      	MOVWF      R13
L__main149:
0x0434	0x0BFD      	DECFSZ     R13, 1
0x0435	0x2C34      	GOTO       L__main149
0x0436	0x0BFC      	DECFSZ     R12, 1
0x0437	0x2C34      	GOTO       L__main149
0x0438	0x0BFB      	DECFSZ     R11, 1
0x0439	0x2C34      	GOTO       L__main149
0x043A	0x0000      	NOP
0x043B	0x0000      	NOP
0x043C	0x2C4D      	GOTO       L__main146
;robot_sumo.mbas,293 :: 		ELSE
L__main145:
;robot_sumo.mbas,294 :: 		IF (S1=0)THEN
0x043D	0x1B85      	BTFSC      PORTA, 7
0x043E	0x2C40      	GOTO       L__main151
;robot_sumo.mbas,295 :: 		GOTO CONTINUAR
0x043F	0x2AA7      	GOTO       L__main_continuar
;robot_sumo.mbas,296 :: 		ELSE
L__main151:
;robot_sumo.mbas,297 :: 		IF (S2=0)THEN
0x0440	0x1986      	BTFSC      PORTB, 3
0x0441	0x2C43      	GOTO       L__main154
;robot_sumo.mbas,298 :: 		GOTO CONTINUAR
0x0442	0x2AA7      	GOTO       L__main_continuar
;robot_sumo.mbas,299 :: 		ELSE
L__main154:
;robot_sumo.mbas,300 :: 		IF (S3=0)THEN
0x0443	0x1805      	BTFSC      PORTA, 0
0x0444	0x2C46      	GOTO       L__main157
;robot_sumo.mbas,301 :: 		GOTO CONTINUAR
0x0445	0x2AA7      	GOTO       L__main_continuar
;robot_sumo.mbas,302 :: 		ELSE
L__main157:
;robot_sumo.mbas,303 :: 		IF (S4=0)THEN
0x0446	0x1806      	BTFSC      PORTB, 0
0x0447	0x2C49      	GOTO       L__main160
;robot_sumo.mbas,304 :: 		GOTO CONTINUAR
0x0448	0x2AA7      	GOTO       L__main_continuar
;robot_sumo.mbas,305 :: 		ELSE
L__main160:
;robot_sumo.mbas,306 :: 		DIR2=0
0x0449	0x1185      	BCF        PORTA, 3
;robot_sumo.mbas,307 :: 		NDIR2=0
0x044A	0x1285      	BCF        PORTA, 5
;robot_sumo.mbas,308 :: 		MOTOR1_A=0
0x044B	0x1105      	BCF        PORTA, 2
;robot_sumo.mbas,309 :: 		NMOTOR1_A=0
0x044C	0x1205      	BCF        PORTA, 4
;robot_sumo.mbas,314 :: 		END IF
L__main146:
;robot_sumo.mbas,315 :: 		END IF
L__main140:
;robot_sumo.mbas,316 :: 		END IF
L__main135:
;robot_sumo.mbas,317 :: 		END IF
L__main130:
;robot_sumo.mbas,318 :: 		END IF
L__main106:
;robot_sumo.mbas,319 :: 		WEND
0x044D	0x2AA7      	GOTO       L__main99
0x044E	0x2C4E      	GOTO       $+0
; end of _main
Symbol List:
//** Routines locations **
//ADDRESS    SIZE    PROCEDURE
//----------------------------------------------
0x0003      [43]    _Mul_16x16_U
0x002E      [13]    _Delay_5ms
0x003B      [63]    _PWM2_Set_Duty
0x007A      [63]    _PWM1_Set_Duty
0x00B9      [29]    _Div_16x16_U
0x00D6      [76]    robot_sumo_ultrasonico2
0x0122       [6]    _PWM1_Init
0x0128       [8]    _PWM1_Start
0x0130      [76]    robot_sumo_ultrasonico1
0x017C       [6]    _PWM2_Init
0x0182      [58]    robot_sumo_SET_MOTOR
0x01BC      [76]    robot_sumo_ultrasonico3
0x0208       [8]    _PWM2_Start
0x0210      [76]    robot_sumo_ultrasonico4
0x025C     [499]    _main
//** Variables locations ** 
//ADDRESS    SIZE    VARIABLE
//----------------------------------------------
0x0000       [1]    INDF
0x0001       [1]    TMR0
0x0002       [1]    PCL
0x0003       [0]    RP1_bit
0x0003       [0]    IRP_bit
0x0003       [0]    RP0_bit
0x0003       [0]    DC_bit
0x0003       [0]    C_bit
0x0003       [0]    Z_bit
0x0003       [0]    NOT_TO_bit
0x0003       [0]    NOT_PD_bit
0x0003       [1]    STATUS
0x0004       [1]    FSR
0x0004       [1]    FSRPTR
0x0005       [0]    RA7_bit
0x0005       [0]    RA2_bit
0x0005       [0]    RA6_bit
0x0005       [0]    RA5_bit
0x0005       [0]    RA4_bit
0x0005       [0]    RA0_bit
0x0005       [1]    PORTA
0x0005       [0]    RA1_bit
0x0005       [0]    RA3_bit
0x0006       [0]    RB7_bit
0x0006       [0]    RB3_bit
0x0006       [0]    RB6_bit
0x0006       [0]    RB2_bit
0x0006       [0]    RB4_bit
0x0006       [0]    RB5_bit
0x0006       [0]    RB0_bit
0x0006       [1]    PORTB
0x0006       [0]    RB1_bit
0x0007       [0]    RC2_bit
0x0007       [0]    RC3_bit
0x0007       [0]    RC4_bit
0x0007       [1]    PORTC
0x0007       [0]    RC1_bit
0x0007       [0]    RC0_bit
0x0007       [0]    RC7_bit
0x0007       [0]    RC5_bit
0x0007       [0]    RC6_bit
0x0009       [1]    PORTE
0x0009       [0]    RE3_bit
0x000A       [1]    PCLATH
0x000B       [0]    RBIF_bit
0x000B       [0]    INTF_bit
0x000B       [0]    PEIE_bit
0x000B       [0]    T0IE_bit
0x000B       [1]    INTCON
0x000B       [0]    TMR0IE_bit
0x000B       [0]    INTE_bit
0x000B       [0]    RBIE_bit
0x000B       [0]    T0IF_bit
0x000B       [0]    TMR0IF_bit
0x000B       [0]    GIE_bit
0x000C       [0]    CCP1IF_bit
0x000C       [0]    TMR1IF_bit
0x000C       [0]    TMR2IF_bit
0x000C       [0]    ADIF_bit
0x000C       [1]    PIR1
0x000C       [0]    RCIF_bit
0x000C       [0]    SSPIF_bit
0x000C       [0]    TXIF_bit
0x000D       [0]    C1IF_bit
0x000D       [0]    ULPWUIF_bit
0x000D       [0]    BCLIF_bit
0x000D       [0]    EEIF_bit
0x000D       [0]    OSFIF_bit
0x000D       [0]    CCP2IF_bit
0x000D       [1]    PIR2
0x000D       [0]    C2IF_bit
0x000E       [1]    TMR1L
0x000F       [1]    TMR1H
0x0010       [0]    T1INSYNC_bit
0x0010       [0]    NOT_T1SYNC_bit
0x0010       [0]    TMR1CS_bit
0x0010       [0]    T1SYNC_bit
0x0010       [0]    T1OSCEN_bit
0x0010       [0]    TMR1GE_bit
0x0010       [0]    T1GINV_bit
0x0010       [0]    T1CKPS0_bit
0x0010       [0]    T1CKPS1_bit
0x0010       [0]    TMR1ON_bit
0x0010       [1]    T1CON
0x0011       [1]    TMR2
0x0012       [1]    T2CON
0x0012       [0]    TMR2ON_bit
0x0012       [0]    TOUTPS0_bit
0x0012       [0]    TOUTPS2_bit
0x0012       [0]    TOUTPS3_bit
0x0012       [0]    TOUTPS1_bit
0x0012       [0]    T2CKPS0_bit
0x0012       [0]    T2CKPS1_bit
0x0013       [1]    SSPBUF
0x0014       [1]    SSPCON
0x0014       [0]    CKP_bit
0x0014       [0]    SSPEN_bit
0x0014       [0]    SSPOV_bit
0x0014       [0]    SSPM3_bit
0x0014       [0]    SSPM1_bit
0x0014       [0]    SSPM0_bit
0x0014       [0]    SSPM2_bit
0x0014       [0]    WCOL_bit
0x0015       [2]    CCPR1
0x0015       [1]    CCPR1L
0x0016       [1]    CCPR1H
0x0017       [0]    P1M0_bit
0x0017       [0]    P1M1_bit
0x0017       [0]    CCP1M0_bit
0x0017       [0]    DC1B1_bit
0x0017       [0]    CCP1M3_bit
0x0017       [0]    CCP1Y_bit
0x0017       [0]    DC1B0_bit
0x0017       [0]    CCP1X_bit
0x0017       [0]    CCP1M1_bit
0x0017       [0]    CCP1M2_bit
0x0017       [1]    CCP1CON
0x0018       [0]    NOT_RC8_bit
0x0018       [0]    RC8_9_bit
0x0018       [0]    SREN_bit
0x0018       [0]    SPEN_bit
0x0018       [0]    RX9_bit
0x0018       [0]    RC9_bit
0x0018       [0]    OERR_bit
0x0018       [0]    RX9D_bit
0x0018       [0]    RCD8_bit
0x0018       [0]    CREN_bit
0x0018       [0]    ADDEN_bit
0x0018       [0]    FERR_bit
0x0018       [1]    RCSTA
0x0019       [1]    TXREG
0x001A       [1]    RCREG
0x001B       [1]    CCPR2L
0x001B       [2]    CCPR2
0x001C       [1]    CCPR2H
0x001D       [0]    CCP2X_bit
0x001D       [0]    DC2B1_bit
0x001D       [0]    CCP2M2_bit
0x001D       [0]    CCP2M1_bit
0x001D       [0]    CCP2M0_bit
0x001D       [0]    CCP2Y_bit
0x001D       [0]    DC2B0_bit
0x001D       [0]    CCP2M3_bit
0x001D       [1]    CCP2CON
0x001E       [1]    ADRESH
0x001F       [0]    CHS1_bit
0x001F       [0]    CHS0_bit
0x001F       [0]    CHS3_bit
0x001F       [0]    CHS2_bit
0x001F       [0]    GO_DONE_bit
0x001F       [0]    ADON_bit
0x001F       [0]    GO_bit
0x001F       [0]    NOT_DONE_bit
0x001F       [0]    ADCS1_bit
0x001F       [1]    ADCON0
0x001F       [0]    ADCS0_bit
0x0020       [2]    _distancia2
0x0022       [2]    _distancia1
0x0024       [2]    _distancia4
0x0026       [2]    _distancia3
0x0028       [2]    ___DoICPAddr
0x002A       [1]    _delante
0x002B       [2]    ultrasonico3_local_result
0x002B       [2]    ultrasonico2_local_result
0x002B       [2]    ultrasonico4_local_result
0x002B       [4]    FARG_PWM1_Init_PWM_Freq
0x002B       [2]    ultrasonico1_local_result
0x002B       [2]    FARG_SET_MOTOR_MOTOR2
0x002B       [4]    FARG_PWM2_Init_PWM_Freq
0x002D       [1]    ultrasonico1_flanco
0x002D       [1]    ultrasonico4_flanco
0x002D       [1]    ultrasonico3_flanco
0x002D       [1]    ultrasonico2_flanco
0x002D       [2]    FARG_SET_MOTOR_MOTOR1
0x002E       [2]    ultrasonico1_distan
0x002E       [2]    ultrasonico3_distan
0x002E       [2]    ultrasonico4_distan
0x002E       [2]    ultrasonico2_distan
0x0030       [2]    ultrasonico2_tiempo
0x0030       [2]    ultrasonico1_tiempo
0x0030       [2]    ultrasonico4_tiempo
0x0030       [2]    ultrasonico3_tiempo
0x0032       [1]    FARG_PWM2_Set_Duty_new_duty
0x0032       [1]    FARG_PWM1_Set_Duty_new_duty
0x0070       [1]    R0
0x0071       [1]    R1
0x0072       [1]    R2
0x0073       [1]    R3
0x0074       [1]    R4
0x0075       [1]    R5
0x0076       [1]    R6
0x0077       [1]    R7
0x0078       [1]    R8
0x0079       [1]    R9
0x007A       [1]    R10
0x007B       [1]    R11
0x007C       [1]    R12
0x007D       [1]    R13
0x007E       [1]    R14
0x007F       [1]    R15
0x0081       [0]    NOT_RBPU_bit
0x0081       [1]    OPTION_REG
0x0081       [0]    PS2_bit
0x0081       [0]    PS1_bit
0x0081       [0]    PS0_bit
0x0081       [0]    PSA_bit
0x0081       [0]    INTEDG_bit
0x0081       [0]    T0CS_bit
0x0081       [0]    T0SE_bit
0x0085       [0]    TRISA4_bit
0x0085       [0]    TRISA3_bit
0x0085       [0]    TRISA5_bit
0x0085       [0]    TRISA7_bit
0x0085       [0]    TRISA6_bit
0x0085       [0]    TRISA2_bit
0x0085       [1]    TRISA
0x0085       [0]    TRISA0_bit
0x0085       [0]    TRISA1_bit
0x0086       [0]    TRISB1_bit
0x0086       [0]    TRISB2_bit
0x0086       [0]    TRISB0_bit
0x0086       [1]    TRISB
0x0086       [0]    TRISB5_bit
0x0086       [0]    TRISB6_bit
0x0086       [0]    TRISB7_bit
0x0086       [0]    TRISB3_bit
0x0086       [0]    TRISB4_bit
0x0087       [0]    TRISC4_bit
0x0087       [0]    TRISC3_bit
0x0087       [1]    TRISC
0x0087       [0]    TRISC5_bit
0x0087       [0]    TRISC2_bit
0x0087       [0]    TRISC7_bit
0x0087       [0]    TRISC6_bit
0x0087       [0]    TRISC1_bit
0x0087       [0]    TRISC0_bit
0x0089       [0]    TRISE3_bit
0x0089       [1]    TRISE
0x008C       [0]    RCIE_bit
0x008C       [0]    TXIE_bit
0x008C       [0]    TMR1IE_bit
0x008C       [0]    ADIE_bit
0x008C       [1]    PIE1
0x008C       [0]    SSPIE_bit
0x008C       [0]    CCP1IE_bit
0x008C       [0]    TMR2IE_bit
0x008D       [0]    ULPWUIE_bit
0x008D       [0]    BCLIE_bit
0x008D       [1]    PIE2
0x008D       [0]    CCP2IE_bit
0x008D       [0]    C2IE_bit
0x008D       [0]    OSFIE_bit
0x008D       [0]    EEIE_bit
0x008D       [0]    C1IE_bit
0x008E       [0]    NOT_BO_bit
0x008E       [0]    NOT_BOR_bit
0x008E       [1]    PCON
0x008E       [0]    ULPWUE_bit
0x008E       [0]    SBOREN_bit
0x008E       [0]    NOT_POR_bit
0x008F       [0]    HTS_bit
0x008F       [0]    LTS_bit
0x008F       [0]    SCS_bit
0x008F       [0]    IRCF1_bit
0x008F       [0]    IRCF2_bit
0x008F       [0]    OSTS_bit
0x008F       [0]    IRCF0_bit
0x008F       [1]    OSCCON
0x0090       [0]    TUN4_bit
0x0090       [1]    OSCTUNE
0x0090       [0]    TUN3_bit
0x0090       [0]    TUN0_bit
0x0090       [0]    TUN1_bit
0x0090       [0]    TUN2_bit
0x0091       [0]    ACKDT_bit
0x0091       [0]    ACKEN_bit
0x0091       [0]    GCEN_bit
0x0091       [0]    ACKSTAT_bit
0x0091       [0]    RSEN_bit
0x0091       [0]    SEN_bit
0x0091       [0]    RCEN_bit
0x0091       [0]    PEN_bit
0x0091       [1]    SSPCON2
0x0092       [1]    PR2
0x0093       [1]    MSK
0x0093       [1]    SSPMSK
0x0093       [1]    SSPADD
0x0094       [0]    I2C_START__bit
0x0094       [0]    R_bit
0x0094       [0]    I2C_READ_bit
0x0094       [0]    P_bit
0x0094       [0]    I2C_STOP__bit
0x0094       [0]    S_bit
0x0094       [0]    BF_bit
0x0094       [0]    R_W_bit
0x0094       [0]    NOT_WRITE_bit
0x0094       [0]    NOT_W_bit
0x0094       [0]    READ_WRITE_bit
0x0094       [0]    UA_bit
0x0094       [0]    DATA_ADDRESS_bit
0x0094       [0]    CKE_bit
0x0094       [0]    D_bit
0x0094       [1]    SSPSTAT
0x0094       [0]    SMP_bit
0x0094       [0]    NOT_ADDRESS_bit
0x0094       [0]    D_A_bit
0x0094       [0]    I2C_DATA_bit
0x0094       [0]    NOT_A_bit
0x0095       [0]    WPUB3_bit
0x0095       [0]    WPUB4_bit
0x0095       [0]    WPUB5_bit
0x0095       [0]    WPUB0_bit
0x0095       [0]    WPUB1_bit
0x0095       [0]    WPUB2_bit
0x0095       [1]    WPUB
0x0095       [0]    WPUB7_bit
0x0095       [0]    WPUB6_bit
0x0096       [0]    IOCB3_bit
0x0096       [0]    IOCB4_bit
0x0096       [0]    IOCB2_bit
0x0096       [0]    IOCB1_bit
0x0096       [0]    IOCB0_bit
0x0096       [0]    IOCB5_bit
0x0096       [1]    IOCB
0x0096       [0]    IOCB7_bit
0x0096       [0]    IOCB6_bit
0x0097       [0]    VROE_bit
0x0097       [0]    VRR_bit
0x0097       [1]    VRCON
0x0097       [0]    VREN_bit
0x0097       [0]    VR1_bit
0x0097       [0]    VR0_bit
0x0097       [0]    VR2_bit
0x0097       [0]    VRSS_bit
0x0097       [0]    VR3_bit
0x0098       [1]    TXSTA
0x0098       [0]    BRGH_bit
0x0098       [0]    SENDB_bit
0x0098       [0]    TRMT_bit
0x0098       [0]    TXD8_bit
0x0098       [0]    TX9D_bit
0x0098       [0]    SYNC_bit
0x0098       [0]    TX9_bit
0x0098       [0]    CSRC_bit
0x0098       [0]    NOT_TX8_bit
0x0098       [0]    TXEN_bit
0x0098       [0]    TX8_9_bit
0x0099       [0]    BRG1_bit
0x0099       [0]    BRG2_bit
0x0099       [1]    SPBRG
0x0099       [0]    BRG0_bit
0x0099       [0]    BRG3_bit
0x0099       [0]    BRG6_bit
0x0099       [0]    BRG7_bit
0x0099       [0]    BRG4_bit
0x0099       [0]    BRG5_bit
0x009A       [0]    BRG9_bit
0x009A       [0]    BRG10_bit
0x009A       [1]    SPBRGH
0x009A       [0]    BRG8_bit
0x009A       [0]    BRG15_bit
0x009A       [0]    BRG14_bit
0x009A       [0]    BRG13_bit
0x009A       [0]    BRG11_bit
0x009A       [0]    BRG12_bit
0x009B       [0]    PDC1_bit
0x009B       [0]    PDC0_bit
0x009B       [1]    PWM1CON
0x009B       [0]    PDC2_bit
0x009B       [0]    PDC5_bit
0x009B       [0]    PDC6_bit
0x009B       [0]    PRSEN_bit
0x009B       [0]    PDC3_bit
0x009B       [0]    PDC4_bit
0x009C       [0]    PSSBD1_bit
0x009C       [0]    PSSBD0_bit
0x009C       [1]    ECCPAS
0x009C       [0]    ECCPASE_bit
0x009C       [0]    ECCPAS0_bit
0x009C       [0]    ECCPAS1_bit
0x009C       [0]    PSSAC0_bit
0x009C       [0]    PSSAC1_bit
0x009C       [0]    ECCPAS2_bit
0x009D       [1]    PSTRCON
0x009D       [0]    STRC_bit
0x009D       [0]    STRD_bit
0x009D       [0]    STRSYNC_bit
0x009D       [0]    STRB_bit
0x009D       [0]    STRA_bit
0x009E       [1]    ADRESL
0x009F       [1]    ADCON1
0x009F       [0]    VCFG1_bit
0x009F       [0]    ADFM_bit
0x009F       [0]    VCFG0_bit
0x0105       [0]    WDTPS1_bit
0x0105       [0]    WDTPS2_bit
0x0105       [0]    WDTPS3_bit
0x0105       [0]    WDTPS0_bit
0x0105       [1]    WDTCON
0x0105       [0]    SWDTEN_bit
0x0107       [1]    CM1CON0
0x0107       [0]    C1OE_bit
0x0107       [0]    C1OUT_bit
0x0107       [0]    C1ON_bit
0x0107       [0]    C1POL_bit
0x0107       [0]    C1CH0_bit
0x0107       [0]    C1CH1_bit
0x0107       [0]    C1R_bit
0x0108       [1]    CM2CON0
0x0108       [0]    C2CH0_bit
0x0108       [0]    C2CH1_bit
0x0108       [0]    C2ON_bit
0x0108       [0]    C2OUT_bit
0x0108       [0]    C2OE_bit
0x0108       [0]    C2POL_bit
0x0108       [0]    C2R_bit
0x0109       [0]    T1GSS_bit
0x0109       [1]    CM2CON1
0x0109       [0]    C2RSEL_bit
0x0109       [0]    MC1OUT_bit
0x0109       [0]    C2SYNC_bit
0x0109       [0]    C1RSEL_bit
0x0109       [0]    MC2OUT_bit
0x010C       [1]    EEDAT
0x010C       [1]    EEDATA
0x010D       [1]    EEADR
0x010E       [1]    EEDATH
0x010F       [1]    EEADRH
0x0185       [0]    C1SEN_bit
0x0185       [0]    SR0_bit
0x0185       [0]    SR1_bit
0x0185       [0]    C2REN_bit
0x0185       [0]    FVREN_bit
0x0185       [1]    SRCON
0x0185       [0]    PULSS_bit
0x0185       [0]    PULSR_bit
0x0187       [0]    WUE_bit
0x0187       [0]    ABDEN_bit
0x0187       [1]    BAUDCTL
0x0187       [0]    RCIDL_bit
0x0187       [0]    ABDOVF_bit
0x0187       [0]    BRG16_bit
0x0187       [0]    SCKP_bit
0x0188       [1]    ANSEL
0x0188       [0]    ANS0_bit
0x0188       [0]    ANS3_bit
0x0188       [0]    ANS4_bit
0x0188       [0]    ANS1_bit
0x0188       [0]    ANS2_bit
0x0189       [1]    ANSELH
0x0189       [0]    ANS8_bit
0x0189       [0]    ANS11_bit
0x0189       [0]    ANS12_bit
0x0189       [0]    ANS13_bit
0x0189       [0]    ANS9_bit
0x0189       [0]    ANS10_bit
0x018C       [1]    EECON1
0x018C       [0]    WRERR_bit
0x018C       [0]    EEPGD_bit
0x018C       [0]    WREN_bit
0x018C       [0]    RD_bit
0x018C       [0]    WR_bit
0x018D       [1]    EECON2
//** Label List: ** 
//----------------------------------------------
  L_end_robot_sumo_SET_MOTOR
  L_robot_sumo_SET_MOTOR1
  L_robot_sumo_SET_MOTOR2
  L_robot_sumo_SET_MOTOR3
  L_robot_sumo_SET_MOTOR4
  L_robot_sumo_SET_MOTOR5
  L_robot_sumo_SET_MOTOR6
  L_end_robot_sumo_ultrasonico1
  L_robot_sumo_ultrasonico18
  L_robot_sumo_ultrasonico19
  L_robot_sumo_ultrasonico110
  L_robot_sumo_ultrasonico111
  L_robot_sumo_ultrasonico112
  L_robot_sumo_ultrasonico113
  L_robot_sumo_ultrasonico114
  L_robot_sumo_ultrasonico115
  L_robot_sumo_ultrasonico116
  L_robot_sumo_ultrasonico117
  L_robot_sumo_ultrasonico118
  L_robot_sumo_ultrasonico119
  L_robot_sumo_ultrasonico120
  L_robot_sumo_ultrasonico121
  L_robot_sumo_ultrasonico122
  L_robot_sumo_ultrasonico123
  L_robot_sumo_ultrasonico124
  L_robot_sumo_ultrasonico125
  L_robot_sumo_ultrasonico126
  L_robot_sumo_ultrasonico127
  L_robot_sumo_ultrasonico128
  L_end_robot_sumo_ultrasonico2
  L_robot_sumo_ultrasonico230
  L_robot_sumo_ultrasonico231
  L_robot_sumo_ultrasonico232
  L_robot_sumo_ultrasonico233
  L_robot_sumo_ultrasonico234
  L_robot_sumo_ultrasonico235
  L_robot_sumo_ultrasonico236
  L_robot_sumo_ultrasonico237
  L_robot_sumo_ultrasonico238
  L_robot_sumo_ultrasonico239
  L_robot_sumo_ultrasonico240
  L_robot_sumo_ultrasonico241
  L_robot_sumo_ultrasonico242
  L_robot_sumo_ultrasonico243
  L_robot_sumo_ultrasonico244
  L_robot_sumo_ultrasonico245
  L_robot_sumo_ultrasonico246
  L_robot_sumo_ultrasonico247
  L_robot_sumo_ultrasonico248
  L_robot_sumo_ultrasonico249
  L_robot_sumo_ultrasonico250
  L_end_robot_sumo_ultrasonico3
  L_robot_sumo_ultrasonico352
  L_robot_sumo_ultrasonico353
  L_robot_sumo_ultrasonico354
  L_robot_sumo_ultrasonico355
  L_robot_sumo_ultrasonico356
  L_robot_sumo_ultrasonico357
  L_robot_sumo_ultrasonico358
  L_robot_sumo_ultrasonico359
  L_robot_sumo_ultrasonico360
  L_robot_sumo_ultrasonico361
  L_robot_sumo_ultrasonico362
  L_robot_sumo_ultrasonico363
  L_robot_sumo_ultrasonico364
  L_robot_sumo_ultrasonico365
  L_robot_sumo_ultrasonico366
  L_robot_sumo_ultrasonico367
  L_robot_sumo_ultrasonico368
  L_robot_sumo_ultrasonico369
  L_robot_sumo_ultrasonico370
  L_robot_sumo_ultrasonico371
  L_robot_sumo_ultrasonico372
  L_end_robot_sumo_ultrasonico4
  L_robot_sumo_ultrasonico474
  L_robot_sumo_ultrasonico475
  L_robot_sumo_ultrasonico476
  L_robot_sumo_ultrasonico477
  L_robot_sumo_ultrasonico478
  L_robot_sumo_ultrasonico479
  L_robot_sumo_ultrasonico480
  L_robot_sumo_ultrasonico481
  L_robot_sumo_ultrasonico482
  L_robot_sumo_ultrasonico483
  L_robot_sumo_ultrasonico484
  L_robot_sumo_ultrasonico485
  L_robot_sumo_ultrasonico486
  L_robot_sumo_ultrasonico487
  L_robot_sumo_ultrasonico488
  L_robot_sumo_ultrasonico489
  L_robot_sumo_ultrasonico490
  L_robot_sumo_ultrasonico491
  L_robot_sumo_ultrasonico492
  L_robot_sumo_ultrasonico493
  L_robot_sumo_ultrasonico494
  L_end__main
  L__main96
  L__main97
  L__main98
  L__main99
  L__main100
  L__main101
  L__main102
  L__main_continuar
  L__main104
  L__main105
  L__main106
  L__main107
  L__main108
  L__main109
  L__main110
  L__main111
  L__main112
  L__main113
  L__main114
  L__main115
  L__main116
  L__main117
  L__main118
  L__main119
  L__main120
  L__main121
  L__main122
  L__main123
  L__main124
  L__main125
  L__main126
  L__main127
  L__main128
  L__main129
  L__main130
  L__main131
  L__main132
  L__main133
  L__main134
  L__main135
  L__main136
  L__main137
  L__main138
  L__main139
  L__main140
  L__main141
  L__main142
  L__main143
  L__main144
  L__main145
  L__main146
  L__main147
  L__main148
  L__main149
  L__main150
  L__main151
  L__main152
  L__main153
  L__main154
  L__main155
  L__main156
  L__main157
  L__main158
  L__main159
  L__main160
  L__main161
  robot_sumo_SET_MOTOR
  L_robot_sumo_SET_MOTOR162
  L_robot_sumo_SET_MOTOR163
  robot_sumo_ultrasonico1
  L_robot_sumo_ultrasonico1164
  L_robot_sumo_ultrasonico1165
  robot_sumo_ultrasonico2
  L_robot_sumo_ultrasonico2166
  L_robot_sumo_ultrasonico2167
  robot_sumo_ultrasonico3
  L_robot_sumo_ultrasonico3168
  L_robot_sumo_ultrasonico3169
  robot_sumo_ultrasonico4
  L_robot_sumo_ultrasonico4170
  L_robot_sumo_ultrasonico4171
  _main
  L__main172
  L__main173
  L__main174
  L__main175
  L__main176
  L__main177
  L__main178
  L__main179
  L__main180
  L__main181
  L__main182
  L__main183
  L__main184
  L__main185
  L__main186
  L__main187
  L_end__Get_Fosc_kHz
  L_end__Delay_1us
  L_end__Delay_10us
  L__Delay_10us3
  L_end__Delay_22us
  L__Delay_22us5
  L_end__Delay_50us
  L__Delay_50us7
  L_end__Delay_80us
  L__Delay_80us9
  L_end__Delay_500us
  L__Delay_500us11
  L_end__Delay_5500us
  L__Delay_5500us13
  L_end__Delay_5ms
  L__Delay_5ms15
  L_end__Delay_8ms
  L__Delay_8ms17
  L_end__Delay_10ms
  L__Delay_10ms19
  L_end__Delay_100ms
  L__Delay_100ms21
  L_end__Delay_1sec
  L__Delay_1sec23
  L_end__Delay_Cyc
  L__Delay_Cyc25
  L__Delay_Cyc26
  L__Delay_Cyc27
  L__Delay_Cyc28
  L__Delay_Cyc29
  L_end__VDelay_ms
  L__VDelay_ms31
  L__VDelay_ms32
  L__VDelay_ms33
  L__VDelay_ms34
  L__VDelay_ms35
  L__VDelay_ms36
  L__VDelay_ms37
  L__VDelay_ms38
  L_end__VDelay_Advanced_ms
  L__VDelay_Advanced_ms40
  L__VDelay_Advanced_ms41
  L__VDelay_Advanced_ms42
  L__VDelay_Advanced_ms43
  L__VDelay_Advanced_ms44
  L__VDelay_Advanced_ms45
  L__VDelay_Advanced_ms46
  L__VDelay_Advanced_ms47
  _Get_Fosc_kHz
  _Delay_1us
  _Delay_10us
  _Delay_22us
  _Delay_50us
  _Delay_80us
  _Delay_500us
  _Delay_5500us
  _Delay_5ms
  _Delay_8ms
  _Delay_10ms
  _Delay_100ms
  _Delay_1sec
  _Delay_Cyc
  _VDelay_ms
  L__VDelay_ms48
  L__VDelay_ms49
  L__VDelay_ms50
  L__VDelay_ms51
  _VDelay_Advanced_ms
  L__VDelay_Advanced_ms52
  L__VDelay_Advanced_ms53
  L__VDelay_Advanced_ms54
  L__VDelay_Advanced_ms55
  L_end__Mul_8x8_U
  L_end__Mul_16x16_U
  L_end__Div_8x8_U
  L__Div_8x8_U3
  L__Div_8x8_U4
  L__Div_8x8_U5
  L_end__Div_16x16_U
  L_end__Mul_8x8_S
  L_end__Mul_16x16_S
  L_end__Div_16x16_S_L
  L_end__Div_16x16_S
  L__Div_16x16_S11
  L__Div_16x16_S12
  L__Div_16x16_S13
  L__Div_16x16_S14
  L__Div_16x16_S15
  L__Div_16x16_S16
  L_end__Div_8x8_S
  L_end__SDIV3232L
  LOOPS3232A
  SADD22LA
  SOK22LA
  SADD22L8
  SOK22L8
  LOOPS3232B
  SADD22LB
  SOK22LB
  SADD22L16
  SOK22L16
  LOOPS3232C
  SADD22LC
  SOK22LC
  SADD22L24
  SOK22L24
  LOOPS3232D
  SADD22LD
  SOK22LD
  SOK22L
  L_end__COMFREM
  L_end__Div_32x32_S
  L__Div_32x32_S25
  L__Div_32x32_S26
  L__Div_32x32_S27
  L__Div_32x32_S28
  L__Div_32x32_S29
  L__Div_32x32_S30
  L__Div_32x32_S31
  L__Div_32x32_S32
  L__Div_32x32_S33
  L__Div_32x32_S34
  L__Div_32x32_S35
  L__Div_32x32_S36
  FXD3232S
  END_ALL
  CA3232S
  C3232SX
  C3232SX1
  C3232S
  C3232S2
  C3232SX4
  C3232SOK
  C3232SX3
  C3232SX2
  avoid_comfrem
  L_end__Div_32x32_U
  LOOPU3232A
  UADD22LA
  UOK22LA
  UADD22L8
  UOK22L8
  LOOPU3232B
  UADD22LB
  UOK22LB
  UADD22L16
  UOK22L16
  LOOPU3232C
  UADD22LC
  UOK22LC
  UADD22L24
  UOK22L24
  LOOPU3232D
  UADD22LD
  UOK22LD
  UOK22L
  L_end__Mul_32x32_U
  _NEXT
  _EXIT2
  _LOOP
  _EXIT1
  L_end__Mul_32x32_S
  _IF_FIRST
  _IF_SECOND
  _INVERCE_FIRST
  _MULT
  _INBERSE_SECOND
  _EXIT
  _Mul_8x8_U
  _Mul_16x16_U
  _Div_8x8_U
  _Div_16x16_U
  _Mul_8x8_S
  _Mul_16x16_S
  _Div_16x16_S_L
  _Div_16x16_S
  _Div_8x8_S
  _SDIV3232L
  _COMFREM
  _Div_32x32_S
  _Div_32x32_U
  _Mul_32x32_U
  _Mul_32x32_S
  L_end__PWM1_Init
  L_end__PWM1_Set_Duty
  L_end__PWM1_Start
  L_end__PWM1_Stop
  L_end__PWM2_Init
  L_end__PWM2_Set_Duty
  L_end__PWM2_Start
  L_end__PWM2_Stop
  _PWM1_Init
  _PWM1_Set_Duty
  L__PWM1_Set_Duty8
  L__PWM1_Set_Duty9
  _PWM1_Start
  _PWM1_Stop
  _PWM2_Init
  _PWM2_Set_Duty
  L__PWM2_Set_Duty10
  L__PWM2_Set_Duty11
  _PWM2_Start
  _PWM2_Stop
