;  LST file generated by mikroListExporter - v.2.0 
; Date/Time: 11/12/2012 9:21:35
;----------------------------------------------

;Address Opcode 	ASM
0x0000	0x29F6      	GOTO       502
_Mul_16x16_U:
;__Lib_Math.mpas,121 :: 		
;__Lib_Math.mpas,127 :: 		
0x0003	0x1283      	BCF        STATUS, 5
;__Lib_Math.mpas,128 :: 		
0x0004	0x1303      	BCF        STATUS, 6
;__Lib_Math.mpas,129 :: 		
0x0005	0x01FB      	CLRF       R11
;__Lib_Math.mpas,130 :: 		
0x0006	0x01FA      	CLRF       R10
;__Lib_Math.mpas,131 :: 		
0x0007	0x01F9      	CLRF       R9
;__Lib_Math.mpas,132 :: 		
0x0008	0x3080      	MOVLW      128
;__Lib_Math.mpas,133 :: 		
0x0009	0x00F8      	MOVWF      R8
;__Lib_Math.mpas,134 :: 		
0x000A	0x0CF1      	RRF        R1, 1
;__Lib_Math.mpas,135 :: 		
0x000B	0x0CF0      	RRF        R0, 1
;__Lib_Math.mpas,136 :: 		
0x000C	0x1C03      	BTFSS      STATUS, 0
;__Lib_Math.mpas,137 :: 		
0x000D	0x2817      	GOTO       $+10
;__Lib_Math.mpas,138 :: 		
0x000E	0x0874      	MOVF       R4, 0
;__Lib_Math.mpas,139 :: 		
0x000F	0x07F9      	ADDWF      R9, 1
;__Lib_Math.mpas,140 :: 		
0x0010	0x0875      	MOVF       R5, 0
;__Lib_Math.mpas,141 :: 		
0x0011	0x1803      	BTFSC      STATUS, 0
;__Lib_Math.mpas,142 :: 		
0x0012	0x0F75      	INCFSZ     R5, 0
;__Lib_Math.mpas,143 :: 		
0x0013	0x07FA      	ADDWF      R10, 1
;__Lib_Math.mpas,144 :: 		
0x0014	0x1803      	BTFSC      STATUS, 0
;__Lib_Math.mpas,145 :: 		
0x0015	0x0AFB      	INCF       R11, 1
;__Lib_Math.mpas,146 :: 		
0x0016	0x1003      	BCF        STATUS, 0
;__Lib_Math.mpas,147 :: 		
0x0017	0x1FF0      	BTFSS      R0, 7
;__Lib_Math.mpas,148 :: 		
0x0018	0x281F      	GOTO       $+7
;__Lib_Math.mpas,149 :: 		
0x0019	0x0874      	MOVF       R4, 0
;__Lib_Math.mpas,150 :: 		
0x001A	0x07FA      	ADDWF      R10, 1
;__Lib_Math.mpas,151 :: 		
0x001B	0x0875      	MOVF       R5, 0
;__Lib_Math.mpas,152 :: 		
0x001C	0x1803      	BTFSC      STATUS, 0
;__Lib_Math.mpas,153 :: 		
0x001D	0x0F75      	INCFSZ     R5, 0
;__Lib_Math.mpas,154 :: 		
0x001E	0x07FB      	ADDWF      R11, 1
;__Lib_Math.mpas,155 :: 		
0x001F	0x0CFB      	RRF        R11, 1
;__Lib_Math.mpas,156 :: 		
0x0020	0x0CFA      	RRF        R10, 1
;__Lib_Math.mpas,157 :: 		
0x0021	0x0CF9      	RRF        R9, 1
;__Lib_Math.mpas,158 :: 		
0x0022	0x0CF8      	RRF        R8, 1
;__Lib_Math.mpas,159 :: 		
0x0023	0x1C03      	BTFSS      STATUS, 0
;__Lib_Math.mpas,160 :: 		
0x0024	0x280A      	GOTO       $-26
;__Lib_Math.mpas,161 :: 		
0x0025	0x087B      	MOVF       R11, 0
;__Lib_Math.mpas,162 :: 		
0x0026	0x00F3      	MOVWF      R3
;__Lib_Math.mpas,163 :: 		
0x0027	0x087A      	MOVF       R10, 0
;__Lib_Math.mpas,164 :: 		
0x0028	0x00F2      	MOVWF      R2
;__Lib_Math.mpas,165 :: 		
0x0029	0x0879      	MOVF       R9, 0
;__Lib_Math.mpas,166 :: 		
0x002A	0x00F1      	MOVWF      R1
;__Lib_Math.mpas,167 :: 		
0x002B	0x0878      	MOVF       R8, 0
;__Lib_Math.mpas,168 :: 		
0x002C	0x00F0      	MOVWF      R0
;__Lib_Math.mpas,170 :: 		
0x002D	0x0008      	RETURN
; end of _Mul_16x16_U
_Delay_22us:
;__Lib_Delays.mbas,36 :: 		sub procedure Delay_22us()
;__Lib_Delays.mbas,37 :: 		Delay_us(22)
0x002E	0x3007      	MOVLW      7
0x002F	0x1283      	BCF        STATUS, 5
0x0030	0x1303      	BCF        STATUS, 6
0x0031	0x00FD      	MOVWF      R13
L__Delay_22us5:
0x0032	0x0BFD      	DECFSZ     R13, 1
0x0033	0x2832      	GOTO       L__Delay_22us5
0x0034	0x0008      	RETURN
; end of _Delay_22us
_Div_16x16_U:
;__Lib_Math.mpas,207 :: 		
;__Lib_Math.mpas,213 :: 		
0x0035	0x1283      	BCF        STATUS, 5
;__Lib_Math.mpas,214 :: 		
0x0036	0x1303      	BCF        STATUS, 6
;__Lib_Math.mpas,215 :: 		
0x0037	0x01F8      	CLRF       R8
;__Lib_Math.mpas,216 :: 		
0x0038	0x01F9      	CLRF       R9
;__Lib_Math.mpas,217 :: 		
0x0039	0x3010      	MOVLW      16
;__Lib_Math.mpas,218 :: 		
0x003A	0x00FC      	MOVWF      R12
;__Lib_Math.mpas,219 :: 		
0x003B	0x0D71      	RLF        R1, 0
;__Lib_Math.mpas,220 :: 		
0x003C	0x0DF8      	RLF        R8, 1
;__Lib_Math.mpas,221 :: 		
0x003D	0x0DF9      	RLF        R9, 1
;__Lib_Math.mpas,222 :: 		
0x003E	0x0874      	MOVF       R4, 0
;__Lib_Math.mpas,223 :: 		
0x003F	0x02F8      	SUBWF      R8, 1
;__Lib_Math.mpas,224 :: 		
0x0040	0x0875      	MOVF       R5, 0
;__Lib_Math.mpas,225 :: 		
0x0041	0x1C03      	BTFSS      STATUS, 0
;__Lib_Math.mpas,226 :: 		
0x0042	0x0F75      	INCFSZ     R5, 0
;__Lib_Math.mpas,227 :: 		
0x0043	0x02F9      	SUBWF      R9, 1
;__Lib_Math.mpas,228 :: 		
0x0044	0x1803      	BTFSC      STATUS, 0
;__Lib_Math.mpas,229 :: 		
0x0045	0x284D      	GOTO       $+8
;__Lib_Math.mpas,230 :: 		
0x0046	0x0874      	MOVF       R4, 0
;__Lib_Math.mpas,231 :: 		
0x0047	0x07F8      	ADDWF      R8, 1
;__Lib_Math.mpas,232 :: 		
0x0048	0x0875      	MOVF       R5, 0
;__Lib_Math.mpas,233 :: 		
0x0049	0x1803      	BTFSC      STATUS, 0
;__Lib_Math.mpas,234 :: 		
0x004A	0x0F75      	INCFSZ     R5, 0
;__Lib_Math.mpas,235 :: 		
0x004B	0x07F9      	ADDWF      R9, 1
;__Lib_Math.mpas,236 :: 		
0x004C	0x1003      	BCF        STATUS, 0
;__Lib_Math.mpas,237 :: 		
0x004D	0x0DF0      	RLF        R0, 1
;__Lib_Math.mpas,238 :: 		
0x004E	0x0DF1      	RLF        R1, 1
;__Lib_Math.mpas,239 :: 		
0x004F	0x0BFC      	DECFSZ     R12, 1
;__Lib_Math.mpas,240 :: 		
0x0050	0x283B      	GOTO       $-21
;__Lib_Math.mpas,242 :: 		
0x0051	0x0008      	RETURN
; end of _Div_16x16_U
_PWM1_Start:
;__Lib_PWM_c21.mpas,34 :: 		
;__Lib_PWM_c21.mpas,35 :: 		
0x0052	0x1683      	BSF        STATUS, 5
0x0053	0x1303      	BCF        STATUS, 6
0x0054	0x1107      	BCF        TRISC2_bit, 2
;__Lib_PWM_c21.mpas,36 :: 		
0x0055	0x1283      	BCF        STATUS, 5
0x0056	0x1512      	BSF        T2CON, 2
;__Lib_PWM_c21.mpas,37 :: 		
0x0057	0x300C      	MOVLW      12
0x0058	0x0497      	IORWF      CCP1CON, 1
;__Lib_PWM_c21.mpas,38 :: 		
0x0059	0x0008      	RETURN
; end of _PWM1_Start
_PWM2_Start:
;__Lib_PWM_c21.mpas,69 :: 		
;__Lib_PWM_c21.mpas,70 :: 		
0x005A	0x1683      	BSF        STATUS, 5
0x005B	0x1303      	BCF        STATUS, 6
0x005C	0x1087      	BCF        TRISC1_bit, 1
;__Lib_PWM_c21.mpas,71 :: 		
0x005D	0x1283      	BCF        STATUS, 5
0x005E	0x1512      	BSF        T2CON, 2
;__Lib_PWM_c21.mpas,72 :: 		
0x005F	0x300C      	MOVLW      12
0x0060	0x049D      	IORWF      CCP2CON, 1
;__Lib_PWM_c21.mpas,73 :: 		
0x0061	0x0008      	RETURN
; end of _PWM2_Start
_PWM1_Init:
;__Lib_PWM_c21.mpas,15 :: 		
;__Lib_PWM_c21.mpas,17 :: 		
0x0062	0x1283      	BCF        STATUS, 5
0x0063	0x1303      	BCF        STATUS, 6
0x0064	0x0195      	CLRF       CCPR1L
;__Lib_PWM_c21.mpas,18 :: 		
0x0065	0x1217      	BCF        CCP1CON, 4
;__Lib_PWM_c21.mpas,19 :: 		
0x0066	0x1297      	BCF        CCP1CON, 5
;__Lib_PWM_c21.mpas,20 :: 		
0x0067	0x0008      	RETURN
; end of _PWM1_Init
_PWM2_Init:
;__Lib_PWM_c21.mpas,50 :: 		
;__Lib_PWM_c21.mpas,52 :: 		
0x0068	0x1283      	BCF        STATUS, 5
0x0069	0x1303      	BCF        STATUS, 6
0x006A	0x019B      	CLRF       CCPR2L
;__Lib_PWM_c21.mpas,53 :: 		
0x006B	0x121D      	BCF        CCP2CON, 4
;__Lib_PWM_c21.mpas,54 :: 		
0x006C	0x129D      	BCF        CCP2CON, 5
;__Lib_PWM_c21.mpas,55 :: 		
0x006D	0x0008      	RETURN
; end of _PWM2_Init
_Adc_Read:
;__Lib_ADC_88X.mpas,13 :: 		
;__Lib_ADC_88X.mpas,15 :: 		
0x006E	0x303C      	MOVLW      60
0x006F	0x1283      	BCF        STATUS, 5
0x0070	0x1303      	BCF        STATUS, 6
0x0071	0x059F      	ANDWF      ADCON0, 1
;__Lib_ADC_88X.mpas,19 :: 		
0x0072	0x30C0      	MOVLW      192
0x0073	0x009F      	MOVWF      ADCON0
;__Lib_ADC_88X.mpas,20 :: 		
0x0074	0x0829      	MOVF       FARG_Adc_Read_channel, 0
0x0075	0x00F0      	MOVWF      R0
0x0076	0x0DF0      	RLF        R0, 1
0x0077	0x1070      	BCF        R0, 0
0x0078	0x0DF0      	RLF        R0, 1
0x0079	0x1070      	BCF        R0, 0
0x007A	0x0870      	MOVF       R0, 0
0x007B	0x049F      	IORWF      ADCON0, 1
;__Lib_ADC_88X.mpas,21 :: 		
0x007C	0x1683      	BSF        STATUS, 5
0x007D	0x179F      	BSF        ADCON1, 7
;__Lib_ADC_88X.mpas,24 :: 		
0x007E	0x1283      	BCF        STATUS, 5
0x007F	0x141F      	BSF        ADCON0, 0
;__Lib_ADC_88X.mpas,27 :: 		
0x0080	0x202E      	CALL       _Delay_22us
;__Lib_ADC_88X.mpas,30 :: 		
0x0081	0x149F      	BSF        ADCON0, 1
;__Lib_ADC_88X.mpas,33 :: 		
L__Adc_Read2:
0x0082	0x1C9F      	BTFSS      ADCON0, 1
0x0083	0x2886      	GOTO       L__Adc_Read3
0x0084	0x0000      	NOP
0x0085	0x2882      	GOTO       L__Adc_Read2
L__Adc_Read3:
;__Lib_ADC_88X.mpas,36 :: 		
0x0086	0x101F      	BCF        ADCON0, 0
;__Lib_ADC_88X.mpas,39 :: 		
0x0087	0x081E      	MOVF       ADRESH, 0
0x0088	0x00F1      	MOVWF      R0+1
0x0089	0x01F0      	CLRF       R0
0x008A	0x1683      	BSF        STATUS, 5
0x008B	0x081E      	MOVF       ADRESL, 0
0x008C	0x0470      	IORWF      R0, 0
0x008D	0x1283      	BCF        STATUS, 5
0x008E	0x00AA      	MOVWF      Adc_Read_local_result
0x008F	0x0871      	MOVF       R0+1, 0
0x0090	0x00AB      	MOVWF      Adc_Read_local_result+1
0x0091	0x3000      	MOVLW      0
0x0092	0x04AB      	IORWF      Adc_Read_local_result+1, 1
;__Lib_ADC_88X.mpas,41 :: 		
0x0093	0x082A      	MOVF       Adc_Read_local_result, 0
0x0094	0x00F0      	MOVWF      R0
0x0095	0x082B      	MOVF       Adc_Read_local_result+1, 0
0x0096	0x00F1      	MOVWF      R0+1
0x0097	0x0008      	RETURN
; end of _Adc_Read
_PWM1_Set_Duty:
;__Lib_PWM_c21.mpas,25 :: 		
;__Lib_PWM_c21.mpas,26 :: 		
0x0098	0x1683      	BSF        STATUS, 5
0x0099	0x1303      	BCF        STATUS, 6
0x009A	0x0812      	MOVF       PR2, 0
0x009B	0x00F0      	MOVWF      R0
0x009C	0x01F1      	CLRF       R0+1
0x009D	0x0AF0      	INCF       R0, 1
0x009E	0x1903      	BTFSC      STATUS, 2
0x009F	0x0AF1      	INCF       R0+1, 1
0x00A0	0x1283      	BCF        STATUS, 5
0x00A1	0x0829      	MOVF       FARG_PWM1_Set_Duty_new_duty, 0
0x00A2	0x00F4      	MOVWF      R4
0x00A3	0x01F5      	CLRF       R4+1
0x00A4	0x2003      	CALL       _Mul_16x16_U
0x00A5	0x3006      	MOVLW      6
0x00A6	0x00F2      	MOVWF      R2
0x00A7	0x0870      	MOVF       R0, 0
0x00A8	0x00F4      	MOVWF      R4
0x00A9	0x0871      	MOVF       R0+1, 0
0x00AA	0x00F5      	MOVWF      R4+1
0x00AB	0x0872      	MOVF       R2, 0
L__PWM1_Set_Duty8:
0x00AC	0x1903      	BTFSC      STATUS, 2
0x00AD	0x28B3      	GOTO       L__PWM1_Set_Duty9
0x00AE	0x0CF5      	RRF        R4+1, 1
0x00AF	0x0CF4      	RRF        R4, 1
0x00B0	0x13F5      	BCF        R4+1, 7
0x00B1	0x3EFF      	ADDLW      255
0x00B2	0x28AC      	GOTO       L__PWM1_Set_Duty8
L__PWM1_Set_Duty9:
;__Lib_PWM_c21.mpas,27 :: 		
0x00B3	0x0874      	MOVF       R4, 0
0x00B4	0x00F0      	MOVWF      R0
0x00B5	0x0875      	MOVF       R4+1, 0
0x00B6	0x00F1      	MOVWF      R0+1
0x00B7	0x0DF0      	RLF        R0, 1
0x00B8	0x0DF1      	RLF        R0+1, 1
0x00B9	0x1070      	BCF        R0, 0
0x00BA	0x0DF0      	RLF        R0, 1
0x00BB	0x0DF1      	RLF        R0+1, 1
0x00BC	0x1070      	BCF        R0, 0
0x00BD	0x0DF0      	RLF        R0, 1
0x00BE	0x0DF1      	RLF        R0+1, 1
0x00BF	0x1070      	BCF        R0, 0
0x00C0	0x0DF0      	RLF        R0, 1
0x00C1	0x0DF1      	RLF        R0+1, 1
0x00C2	0x1070      	BCF        R0, 0
0x00C3	0x3030      	MOVLW      48
0x00C4	0x0570      	ANDWF      R0, 0
0x00C5	0x00F3      	MOVWF      R3
;__Lib_PWM_c21.mpas,28 :: 		
0x00C6	0x0874      	MOVF       R4, 0
0x00C7	0x00F0      	MOVWF      R0
0x00C8	0x0875      	MOVF       R4+1, 0
0x00C9	0x00F1      	MOVWF      R0+1
0x00CA	0x0CF1      	RRF        R0+1, 1
0x00CB	0x0CF0      	RRF        R0, 1
0x00CC	0x13F1      	BCF        R0+1, 7
0x00CD	0x0CF1      	RRF        R0+1, 1
0x00CE	0x0CF0      	RRF        R0, 1
0x00CF	0x13F1      	BCF        R0+1, 7
0x00D0	0x0870      	MOVF       R0, 0
0x00D1	0x0095      	MOVWF      CCPR1L
;__Lib_PWM_c21.mpas,29 :: 		
0x00D2	0x300F      	MOVLW      15
0x00D3	0x0597      	ANDWF      CCP1CON, 1
;__Lib_PWM_c21.mpas,30 :: 		
0x00D4	0x0873      	MOVF       R3, 0
0x00D5	0x0497      	IORWF      CCP1CON, 1
;__Lib_PWM_c21.mpas,31 :: 		
0x00D6	0x0008      	RETURN
; end of _PWM1_Set_Duty
ROBOT_LABERINTO_izquierda:
;ROBOT_LABERINTO.mbas,160 :: 		sub procedure izquierda()
;ROBOT_LABERINTO.mbas,161 :: 		DIR1 =  1
0x00D7	0x1283      	BCF        STATUS, 5
0x00D8	0x1303      	BCF        STATUS, 6
0x00D9	0x1505      	BSF        PORTA, 2
;ROBOT_LABERINTO.mbas,162 :: 		NDIR1 = 0
0x00DA	0x1205      	BCF        PORTA, 4
;ROBOT_LABERINTO.mbas,164 :: 		DIR2 =  0
0x00DB	0x1185      	BCF        PORTA, 3
;ROBOT_LABERINTO.mbas,165 :: 		NDIR2 = 1
0x00DC	0x1685      	BSF        PORTA, 5
;ROBOT_LABERINTO.mbas,167 :: 		Delay_ms(10)
0x00DD	0x300D      	MOVLW      13
0x00DE	0x00FC      	MOVWF      R12
0x00DF	0x30FB      	MOVLW      251
0x00E0	0x00FD      	MOVWF      R13
L_ROBOT_LABERINTO_izquierda50:
0x00E1	0x0BFD      	DECFSZ     R13, 1
0x00E2	0x28E1      	GOTO       L_ROBOT_LABERINTO_izquierda50
0x00E3	0x0BFC      	DECFSZ     R12, 1
0x00E4	0x28E1      	GOTO       L_ROBOT_LABERINTO_izquierda50
0x00E5	0x0000      	NOP
0x00E6	0x0000      	NOP
;ROBOT_LABERINTO.mbas,168 :: 		DIR1 =  1
0x00E7	0x1505      	BSF        PORTA, 2
;ROBOT_LABERINTO.mbas,169 :: 		NDIR1 = 0
0x00E8	0x1205      	BCF        PORTA, 4
;ROBOT_LABERINTO.mbas,171 :: 		DIR2 =  1
0x00E9	0x1585      	BSF        PORTA, 3
;ROBOT_LABERINTO.mbas,172 :: 		NDIR2 = 0
0x00EA	0x1285      	BCF        PORTA, 5
;ROBOT_LABERINTO.mbas,173 :: 		Delay_ms(5)
0x00EB	0x3007      	MOVLW      7
0x00EC	0x00FC      	MOVWF      R12
0x00ED	0x307D      	MOVLW      125
0x00EE	0x00FD      	MOVWF      R13
L_ROBOT_LABERINTO_izquierda51:
0x00EF	0x0BFD      	DECFSZ     R13, 1
0x00F0	0x28EF      	GOTO       L_ROBOT_LABERINTO_izquierda51
0x00F1	0x0BFC      	DECFSZ     R12, 1
0x00F2	0x28EF      	GOTO       L_ROBOT_LABERINTO_izquierda51
0x00F3	0x0008      	RETURN
; end of ROBOT_LABERINTO_izquierda
_PWM2_Set_Duty:
;__Lib_PWM_c21.mpas,60 :: 		
;__Lib_PWM_c21.mpas,61 :: 		
0x00F4	0x1683      	BSF        STATUS, 5
0x00F5	0x1303      	BCF        STATUS, 6
0x00F6	0x0812      	MOVF       PR2, 0
0x00F7	0x00F0      	MOVWF      R0
0x00F8	0x01F1      	CLRF       R0+1
0x00F9	0x0AF0      	INCF       R0, 1
0x00FA	0x1903      	BTFSC      STATUS, 2
0x00FB	0x0AF1      	INCF       R0+1, 1
0x00FC	0x1283      	BCF        STATUS, 5
0x00FD	0x0829      	MOVF       FARG_PWM2_Set_Duty_new_duty, 0
0x00FE	0x00F4      	MOVWF      R4
0x00FF	0x01F5      	CLRF       R4+1
0x0100	0x2003      	CALL       _Mul_16x16_U
0x0101	0x3006      	MOVLW      6
0x0102	0x00F2      	MOVWF      R2
0x0103	0x0870      	MOVF       R0, 0
0x0104	0x00F4      	MOVWF      R4
0x0105	0x0871      	MOVF       R0+1, 0
0x0106	0x00F5      	MOVWF      R4+1
0x0107	0x0872      	MOVF       R2, 0
L__PWM2_Set_Duty10:
0x0108	0x1903      	BTFSC      STATUS, 2
0x0109	0x290F      	GOTO       L__PWM2_Set_Duty11
0x010A	0x0CF5      	RRF        R4+1, 1
0x010B	0x0CF4      	RRF        R4, 1
0x010C	0x13F5      	BCF        R4+1, 7
0x010D	0x3EFF      	ADDLW      255
0x010E	0x2908      	GOTO       L__PWM2_Set_Duty10
L__PWM2_Set_Duty11:
;__Lib_PWM_c21.mpas,62 :: 		
0x010F	0x0874      	MOVF       R4, 0
0x0110	0x00F0      	MOVWF      R0
0x0111	0x0875      	MOVF       R4+1, 0
0x0112	0x00F1      	MOVWF      R0+1
0x0113	0x0DF0      	RLF        R0, 1
0x0114	0x0DF1      	RLF        R0+1, 1
0x0115	0x1070      	BCF        R0, 0
0x0116	0x0DF0      	RLF        R0, 1
0x0117	0x0DF1      	RLF        R0+1, 1
0x0118	0x1070      	BCF        R0, 0
0x0119	0x0DF0      	RLF        R0, 1
0x011A	0x0DF1      	RLF        R0+1, 1
0x011B	0x1070      	BCF        R0, 0
0x011C	0x0DF0      	RLF        R0, 1
0x011D	0x0DF1      	RLF        R0+1, 1
0x011E	0x1070      	BCF        R0, 0
0x011F	0x3030      	MOVLW      48
0x0120	0x0570      	ANDWF      R0, 0
0x0121	0x00F3      	MOVWF      R3
;__Lib_PWM_c21.mpas,63 :: 		
0x0122	0x0874      	MOVF       R4, 0
0x0123	0x00F0      	MOVWF      R0
0x0124	0x0875      	MOVF       R4+1, 0
0x0125	0x00F1      	MOVWF      R0+1
0x0126	0x0CF1      	RRF        R0+1, 1
0x0127	0x0CF0      	RRF        R0, 1
0x0128	0x13F1      	BCF        R0+1, 7
0x0129	0x0CF1      	RRF        R0+1, 1
0x012A	0x0CF0      	RRF        R0, 1
0x012B	0x13F1      	BCF        R0+1, 7
0x012C	0x0870      	MOVF       R0, 0
0x012D	0x009B      	MOVWF      CCPR2L
;__Lib_PWM_c21.mpas,64 :: 		
0x012E	0x300F      	MOVLW      15
0x012F	0x059D      	ANDWF      CCP2CON, 1
;__Lib_PWM_c21.mpas,65 :: 		
0x0130	0x0873      	MOVF       R3, 0
0x0131	0x049D      	IORWF      CCP2CON, 1
;__Lib_PWM_c21.mpas,66 :: 		
0x0132	0x0008      	RETURN
; end of _PWM2_Set_Duty
ROBOT_LABERINTO_adelante:
;ROBOT_LABERINTO.mbas,128 :: 		sub procedure adelante()
;ROBOT_LABERINTO.mbas,131 :: 		DIR1 =  1
0x0133	0x1283      	BCF        STATUS, 5
0x0134	0x1303      	BCF        STATUS, 6
0x0135	0x1505      	BSF        PORTA, 2
;ROBOT_LABERINTO.mbas,132 :: 		NDIR1 = 0
0x0136	0x1205      	BCF        PORTA, 4
;ROBOT_LABERINTO.mbas,134 :: 		DIR2 =  1
0x0137	0x1585      	BSF        PORTA, 3
;ROBOT_LABERINTO.mbas,135 :: 		NDIR2 = 0
0x0138	0x1285      	BCF        PORTA, 5
0x0139	0x0008      	RETURN
; end of ROBOT_LABERINTO_adelante
ROBOT_LABERINTO_ultrasonico2:
;ROBOT_LABERINTO.mbas,66 :: 		dim distan,tiempo as word
;ROBOT_LABERINTO.mbas,68 :: 		flanco = 0
0x013A	0x1283      	BCF        STATUS, 5
0x013B	0x1303      	BCF        STATUS, 6
0x013C	0x01AB      	CLRF       ultrasonico2_flanco
;ROBOT_LABERINTO.mbas,70 :: 		disparo2 = 1
0x013D	0x1506      	BSF        PORTB, 2
;ROBOT_LABERINTO.mbas,71 :: 		Delay_us(50)
0x013E	0x3010      	MOVLW      16
0x013F	0x00FD      	MOVWF      R13
L_ROBOT_LABERINTO_ultrasonico223:
0x0140	0x0BFD      	DECFSZ     R13, 1
0x0141	0x2940      	GOTO       L_ROBOT_LABERINTO_ultrasonico223
0x0142	0x0000      	NOP
;ROBOT_LABERINTO.mbas,72 :: 		disparo2 = 0
0x0143	0x1106      	BCF        PORTB, 2
;ROBOT_LABERINTO.mbas,74 :: 		DO
L_ROBOT_LABERINTO_ultrasonico224:
;ROBOT_LABERINTO.mbas,75 :: 		IF( eco2 = 1 )THEN
0x0144	0x1D86      	BTFSS      PORTB, 3
0x0145	0x2949      	GOTO       L_ROBOT_LABERINTO_ultrasonico230
;ROBOT_LABERINTO.mbas,76 :: 		TMR0 = 0
0x0146	0x0181      	CLRF       TMR0
;ROBOT_LABERINTO.mbas,77 :: 		flanco = 1
0x0147	0x3001      	MOVLW      1
0x0148	0x00AB      	MOVWF      ultrasonico2_flanco
L_ROBOT_LABERINTO_ultrasonico230:
;ROBOT_LABERINTO.mbas,79 :: 		LOOP UNTIL( flanco = 1 )
0x0149	0x082B      	MOVF       ultrasonico2_flanco, 0
0x014A	0x3A01      	XORLW      1
0x014B	0x1903      	BTFSC      STATUS, 2
0x014C	0x294E      	GOTO       L_ROBOT_LABERINTO_ultrasonico227
0x014D	0x2944      	GOTO       L_ROBOT_LABERINTO_ultrasonico224
L_ROBOT_LABERINTO_ultrasonico227:
;ROBOT_LABERINTO.mbas,81 :: 		DO
L_ROBOT_LABERINTO_ultrasonico232:
;ROBOT_LABERINTO.mbas,82 :: 		IF( eco2 = 0 )THEN
0x014E	0x1986      	BTFSC      PORTB, 3
0x014F	0x2954      	GOTO       L_ROBOT_LABERINTO_ultrasonico238
;ROBOT_LABERINTO.mbas,83 :: 		tiempo = TMR0
0x0150	0x0801      	MOVF       TMR0, 0
0x0151	0x00AE      	MOVWF      ultrasonico2_tiempo
0x0152	0x01AF      	CLRF       ultrasonico2_tiempo+1
;ROBOT_LABERINTO.mbas,84 :: 		flanco = 0
0x0153	0x01AB      	CLRF       ultrasonico2_flanco
L_ROBOT_LABERINTO_ultrasonico238:
;ROBOT_LABERINTO.mbas,86 :: 		if(TMR0>254)THEN
0x0154	0x0801      	MOVF       TMR0, 0
0x0155	0x3CFE      	SUBLW      254
0x0156	0x1803      	BTFSC      STATUS, 0
0x0157	0x2959      	GOTO       L_ROBOT_LABERINTO_ultrasonico241
;ROBOT_LABERINTO.mbas,87 :: 		FLANCO=0
0x0158	0x01AB      	CLRF       ultrasonico2_flanco
L_ROBOT_LABERINTO_ultrasonico241:
;ROBOT_LABERINTO.mbas,89 :: 		LOOP UNTIL( FLANCO = 0 )
0x0159	0x082B      	MOVF       ultrasonico2_flanco, 0
0x015A	0x3A00      	XORLW      0
0x015B	0x1903      	BTFSC      STATUS, 2
0x015C	0x295E      	GOTO       L_ROBOT_LABERINTO_ultrasonico235
0x015D	0x294E      	GOTO       L_ROBOT_LABERINTO_ultrasonico232
L_ROBOT_LABERINTO_ultrasonico235:
;ROBOT_LABERINTO.mbas,91 :: 		distan = (tiempo*128)/58
0x015E	0x3007      	MOVLW      7
0x015F	0x00F2      	MOVWF      R2
0x0160	0x082E      	MOVF       ultrasonico2_tiempo, 0
0x0161	0x00F0      	MOVWF      R0
0x0162	0x082F      	MOVF       ultrasonico2_tiempo+1, 0
0x0163	0x00F1      	MOVWF      R0+1
0x0164	0x0872      	MOVF       R2, 0
L_ROBOT_LABERINTO_ultrasonico278:
0x0165	0x1903      	BTFSC      STATUS, 2
0x0166	0x296C      	GOTO       L_ROBOT_LABERINTO_ultrasonico279
0x0167	0x0DF0      	RLF        R0, 1
0x0168	0x0DF1      	RLF        R0+1, 1
0x0169	0x1070      	BCF        R0, 0
0x016A	0x3EFF      	ADDLW      255
0x016B	0x2965      	GOTO       L_ROBOT_LABERINTO_ultrasonico278
L_ROBOT_LABERINTO_ultrasonico279:
0x016C	0x303A      	MOVLW      58
0x016D	0x00F4      	MOVWF      R4
0x016E	0x01F5      	CLRF       R4+1
0x016F	0x2035      	CALL       _Div_16x16_U
0x0170	0x0870      	MOVF       R0, 0
0x0171	0x00AC      	MOVWF      ultrasonico2_distan
0x0172	0x0871      	MOVF       R0+1, 0
0x0173	0x00AD      	MOVWF      ultrasonico2_distan+1
;ROBOT_LABERINTO.mbas,92 :: 		Delay_ms (5)
0x0174	0x3007      	MOVLW      7
0x0175	0x00FC      	MOVWF      R12
0x0176	0x307D      	MOVLW      125
0x0177	0x00FD      	MOVWF      R13
L_ROBOT_LABERINTO_ultrasonico243:
0x0178	0x0BFD      	DECFSZ     R13, 1
0x0179	0x2978      	GOTO       L_ROBOT_LABERINTO_ultrasonico243
0x017A	0x0BFC      	DECFSZ     R12, 1
0x017B	0x2978      	GOTO       L_ROBOT_LABERINTO_ultrasonico243
;ROBOT_LABERINTO.mbas,93 :: 		result = distan
0x017C	0x082C      	MOVF       ultrasonico2_distan, 0
0x017D	0x00A9      	MOVWF      ultrasonico2_local_result
0x017E	0x082D      	MOVF       ultrasonico2_distan+1, 0
0x017F	0x00AA      	MOVWF      ultrasonico2_local_result+1
0x0180	0x0829      	MOVF       ultrasonico2_local_result, 0
0x0181	0x00F0      	MOVWF      R0
0x0182	0x082A      	MOVF       ultrasonico2_local_result+1, 0
0x0183	0x00F1      	MOVWF      R0+1
0x0184	0x0008      	RETURN
; end of ROBOT_LABERINTO_ultrasonico2
ROBOT_LABERINTO_ultrasonico1:
;ROBOT_LABERINTO.mbas,36 :: 		dim distan,tiempo as word
;ROBOT_LABERINTO.mbas,37 :: 		flanco = 0
0x0185	0x1283      	BCF        STATUS, 5
0x0186	0x1303      	BCF        STATUS, 6
0x0187	0x01AB      	CLRF       ultrasonico1_flanco
;ROBOT_LABERINTO.mbas,39 :: 		disparo1 = 1
0x0188	0x1406      	BSF        PORTB, 0
;ROBOT_LABERINTO.mbas,40 :: 		Delay_us(50)
0x0189	0x3010      	MOVLW      16
0x018A	0x00FD      	MOVWF      R13
L_ROBOT_LABERINTO_ultrasonico11:
0x018B	0x0BFD      	DECFSZ     R13, 1
0x018C	0x298B      	GOTO       L_ROBOT_LABERINTO_ultrasonico11
0x018D	0x0000      	NOP
;ROBOT_LABERINTO.mbas,41 :: 		disparo1 = 0
0x018E	0x1006      	BCF        PORTB, 0
;ROBOT_LABERINTO.mbas,43 :: 		DO
L_ROBOT_LABERINTO_ultrasonico12:
;ROBOT_LABERINTO.mbas,44 :: 		IF( eco1 = 1 )THEN
0x018F	0x1C86      	BTFSS      PORTB, 1
0x0190	0x2994      	GOTO       L_ROBOT_LABERINTO_ultrasonico18
;ROBOT_LABERINTO.mbas,45 :: 		TMR0 = 0
0x0191	0x0181      	CLRF       TMR0
;ROBOT_LABERINTO.mbas,46 :: 		flanco = 1
0x0192	0x3001      	MOVLW      1
0x0193	0x00AB      	MOVWF      ultrasonico1_flanco
L_ROBOT_LABERINTO_ultrasonico18:
;ROBOT_LABERINTO.mbas,48 :: 		LOOP UNTIL( flanco = 1 )
0x0194	0x082B      	MOVF       ultrasonico1_flanco, 0
0x0195	0x3A01      	XORLW      1
0x0196	0x1903      	BTFSC      STATUS, 2
0x0197	0x2999      	GOTO       L_ROBOT_LABERINTO_ultrasonico15
0x0198	0x298F      	GOTO       L_ROBOT_LABERINTO_ultrasonico12
L_ROBOT_LABERINTO_ultrasonico15:
;ROBOT_LABERINTO.mbas,50 :: 		DO
L_ROBOT_LABERINTO_ultrasonico110:
;ROBOT_LABERINTO.mbas,51 :: 		IF( eco1 = 0 )THEN
0x0199	0x1886      	BTFSC      PORTB, 1
0x019A	0x299F      	GOTO       L_ROBOT_LABERINTO_ultrasonico116
;ROBOT_LABERINTO.mbas,52 :: 		tiempo = TMR0
0x019B	0x0801      	MOVF       TMR0, 0
0x019C	0x00AE      	MOVWF      ultrasonico1_tiempo
0x019D	0x01AF      	CLRF       ultrasonico1_tiempo+1
;ROBOT_LABERINTO.mbas,53 :: 		flanco = 0
0x019E	0x01AB      	CLRF       ultrasonico1_flanco
L_ROBOT_LABERINTO_ultrasonico116:
;ROBOT_LABERINTO.mbas,55 :: 		if(TMR0>254)THEN
0x019F	0x0801      	MOVF       TMR0, 0
0x01A0	0x3CFE      	SUBLW      254
0x01A1	0x1803      	BTFSC      STATUS, 0
0x01A2	0x29A4      	GOTO       L_ROBOT_LABERINTO_ultrasonico119
;ROBOT_LABERINTO.mbas,56 :: 		FLANCO=0
0x01A3	0x01AB      	CLRF       ultrasonico1_flanco
L_ROBOT_LABERINTO_ultrasonico119:
;ROBOT_LABERINTO.mbas,58 :: 		LOOP UNTIL( FLANCO = 0 )
0x01A4	0x082B      	MOVF       ultrasonico1_flanco, 0
0x01A5	0x3A00      	XORLW      0
0x01A6	0x1903      	BTFSC      STATUS, 2
0x01A7	0x29A9      	GOTO       L_ROBOT_LABERINTO_ultrasonico113
0x01A8	0x2999      	GOTO       L_ROBOT_LABERINTO_ultrasonico110
L_ROBOT_LABERINTO_ultrasonico113:
;ROBOT_LABERINTO.mbas,60 :: 		distan = (tiempo*128)/58
0x01A9	0x3007      	MOVLW      7
0x01AA	0x00F2      	MOVWF      R2
0x01AB	0x082E      	MOVF       ultrasonico1_tiempo, 0
0x01AC	0x00F0      	MOVWF      R0
0x01AD	0x082F      	MOVF       ultrasonico1_tiempo+1, 0
0x01AE	0x00F1      	MOVWF      R0+1
0x01AF	0x0872      	MOVF       R2, 0
L_ROBOT_LABERINTO_ultrasonico176:
0x01B0	0x1903      	BTFSC      STATUS, 2
0x01B1	0x29B7      	GOTO       L_ROBOT_LABERINTO_ultrasonico177
0x01B2	0x0DF0      	RLF        R0, 1
0x01B3	0x0DF1      	RLF        R0+1, 1
0x01B4	0x1070      	BCF        R0, 0
0x01B5	0x3EFF      	ADDLW      255
0x01B6	0x29B0      	GOTO       L_ROBOT_LABERINTO_ultrasonico176
L_ROBOT_LABERINTO_ultrasonico177:
0x01B7	0x303A      	MOVLW      58
0x01B8	0x00F4      	MOVWF      R4
0x01B9	0x01F5      	CLRF       R4+1
0x01BA	0x2035      	CALL       _Div_16x16_U
0x01BB	0x0870      	MOVF       R0, 0
0x01BC	0x00AC      	MOVWF      ultrasonico1_distan
0x01BD	0x0871      	MOVF       R0+1, 0
0x01BE	0x00AD      	MOVWF      ultrasonico1_distan+1
;ROBOT_LABERINTO.mbas,61 :: 		Delay_ms (5)
0x01BF	0x3007      	MOVLW      7
0x01C0	0x00FC      	MOVWF      R12
0x01C1	0x307D      	MOVLW      125
0x01C2	0x00FD      	MOVWF      R13
L_ROBOT_LABERINTO_ultrasonico121:
0x01C3	0x0BFD      	DECFSZ     R13, 1
0x01C4	0x29C3      	GOTO       L_ROBOT_LABERINTO_ultrasonico121
0x01C5	0x0BFC      	DECFSZ     R12, 1
0x01C6	0x29C3      	GOTO       L_ROBOT_LABERINTO_ultrasonico121
;ROBOT_LABERINTO.mbas,62 :: 		result = distan
0x01C7	0x082C      	MOVF       ultrasonico1_distan, 0
0x01C8	0x00A9      	MOVWF      ultrasonico1_local_result
0x01C9	0x082D      	MOVF       ultrasonico1_distan+1, 0
0x01CA	0x00AA      	MOVWF      ultrasonico1_local_result+1
0x01CB	0x0829      	MOVF       ultrasonico1_local_result, 0
0x01CC	0x00F0      	MOVWF      R0
0x01CD	0x082A      	MOVF       ultrasonico1_local_result+1, 0
0x01CE	0x00F1      	MOVWF      R0+1
0x01CF	0x0008      	RETURN
; end of ROBOT_LABERINTO_ultrasonico1
ROBOT_LABERINTO_repelederecha:
;ROBOT_LABERINTO.mbas,184 :: 		sub procedure repelederecha()
;ROBOT_LABERINTO.mbas,186 :: 		DIR1 =  1
0x01D0	0x1283      	BCF        STATUS, 5
0x01D1	0x1303      	BCF        STATUS, 6
0x01D2	0x1505      	BSF        PORTA, 2
;ROBOT_LABERINTO.mbas,187 :: 		NDIR1 = 0
0x01D3	0x1205      	BCF        PORTA, 4
;ROBOT_LABERINTO.mbas,189 :: 		DIR2 =  1
0x01D4	0x1585      	BSF        PORTA, 3
;ROBOT_LABERINTO.mbas,190 :: 		NDIR2 = 0
0x01D5	0x1285      	BCF        PORTA, 5
0x01D6	0x0008      	RETURN
; end of ROBOT_LABERINTO_repelederecha
_Delay_1sec:
;__Lib_Delays.mbas,72 :: 		sub procedure Delay_1sec()
;__Lib_Delays.mbas,73 :: 		Delay_ms(1000)
0x01D7	0x3006      	MOVLW      6
0x01D8	0x1283      	BCF        STATUS, 5
0x01D9	0x1303      	BCF        STATUS, 6
0x01DA	0x00FB      	MOVWF      R11
0x01DB	0x3013      	MOVLW      19
0x01DC	0x00FC      	MOVWF      R12
0x01DD	0x30AD      	MOVLW      173
0x01DE	0x00FD      	MOVWF      R13
L__Delay_1sec23:
0x01DF	0x0BFD      	DECFSZ     R13, 1
0x01E0	0x29DF      	GOTO       L__Delay_1sec23
0x01E1	0x0BFC      	DECFSZ     R12, 1
0x01E2	0x29DF      	GOTO       L__Delay_1sec23
0x01E3	0x0BFB      	DECFSZ     R11, 1
0x01E4	0x29DF      	GOTO       L__Delay_1sec23
0x01E5	0x0000      	NOP
0x01E6	0x0000      	NOP
0x01E7	0x0008      	RETURN
; end of _Delay_1sec
ROBOT_LABERINTO_repeleizquierda:
;ROBOT_LABERINTO.mbas,193 :: 		sub procedure repeleizquierda()
;ROBOT_LABERINTO.mbas,195 :: 		DIR2 =  1
0x01E8	0x1283      	BCF        STATUS, 5
0x01E9	0x1303      	BCF        STATUS, 6
0x01EA	0x1585      	BSF        PORTA, 3
;ROBOT_LABERINTO.mbas,196 :: 		NDIR2 = 0
0x01EB	0x1285      	BCF        PORTA, 5
;ROBOT_LABERINTO.mbas,198 :: 		DIR1 =  0
0x01EC	0x1105      	BCF        PORTA, 2
;ROBOT_LABERINTO.mbas,199 :: 		NDIR1 = 0
0x01ED	0x1205      	BCF        PORTA, 4
0x01EE	0x0008      	RETURN
; end of ROBOT_LABERINTO_repeleizquierda
ROBOT_LABERINTO_derecha:
;ROBOT_LABERINTO.mbas,176 :: 		sub procedure derecha()
;ROBOT_LABERINTO.mbas,177 :: 		DIR1 =  0
0x01EF	0x1283      	BCF        STATUS, 5
0x01F0	0x1303      	BCF        STATUS, 6
0x01F1	0x1105      	BCF        PORTA, 2
;ROBOT_LABERINTO.mbas,178 :: 		NDIR1 = 1
0x01F2	0x1605      	BSF        PORTA, 4
;ROBOT_LABERINTO.mbas,180 :: 		DIR2 =  1
0x01F3	0x1585      	BSF        PORTA, 3
;ROBOT_LABERINTO.mbas,181 :: 		NDIR2 = 0
0x01F4	0x1285      	BCF        PORTA, 5
0x01F5	0x0008      	RETURN
; end of ROBOT_LABERINTO_derecha
_main:
;ROBOT_LABERINTO.mbas,205 :: 		main:
;ROBOT_LABERINTO.mbas,207 :: 		OSCCON = 0X65 ' Oscilador interno de 8mhz
0x01F6	0x3065      	MOVLW      101
0x01F7	0x1683      	BSF        STATUS, 5
0x01F8	0x1303      	BCF        STATUS, 6
0x01F9	0x008F      	MOVWF      OSCCON
;ROBOT_LABERINTO.mbas,209 :: 		OPTION_REG = 0X86
0x01FA	0x3086      	MOVLW      134
0x01FB	0x0081      	MOVWF      OPTION_REG
;ROBOT_LABERINTO.mbas,211 :: 		TRISA = 0X01
0x01FC	0x3001      	MOVLW      1
0x01FD	0x0085      	MOVWF      TRISA
;ROBOT_LABERINTO.mbas,212 :: 		PORTA = 0x00
0x01FE	0x1283      	BCF        STATUS, 5
0x01FF	0x0185      	CLRF       PORTA
;ROBOT_LABERINTO.mbas,213 :: 		TRISB = %11101010
0x0200	0x30EA      	MOVLW      234
0x0201	0x1683      	BSF        STATUS, 5
0x0202	0x0086      	MOVWF      TRISB
;ROBOT_LABERINTO.mbas,214 :: 		PORTB = 0X00
0x0203	0x1283      	BCF        STATUS, 5
0x0204	0x0186      	CLRF       PORTB
;ROBOT_LABERINTO.mbas,215 :: 		TRISC = 0X00
0x0205	0x1683      	BSF        STATUS, 5
0x0206	0x0187      	CLRF       TRISC
;ROBOT_LABERINTO.mbas,216 :: 		PORTC = 0X00
0x0207	0x1283      	BCF        STATUS, 5
0x0208	0x0187      	CLRF       PORTC
;ROBOT_LABERINTO.mbas,217 :: 		ANSEL = 0X01
0x0209	0x3001      	MOVLW      1
0x020A	0x1683      	BSF        STATUS, 5
0x020B	0x1703      	BSF        STATUS, 6
0x020C	0x0088      	MOVWF      ANSEL
;ROBOT_LABERINTO.mbas,218 :: 		ANSELH = 0X00
0x020D	0x0189      	CLRF       ANSELH
;ROBOT_LABERINTO.mbas,219 :: 		PWM1_Init(1000)
0x020E	0x1283      	BCF        STATUS, 5
0x020F	0x1303      	BCF        STATUS, 6
0x0210	0x1012      	BCF        T2CON, 0
0x0211	0x1092      	BCF        T2CON, 1
0x0212	0x1412      	BSF        T2CON, 0
0x0213	0x1092      	BCF        T2CON, 1
0x0214	0x30F9      	MOVLW      249
0x0215	0x1683      	BSF        STATUS, 5
0x0216	0x0092      	MOVWF      PR2
0x0217	0x2062      	CALL       _PWM1_Init
;ROBOT_LABERINTO.mbas,220 :: 		PWM2_Init(1000)
0x0218	0x1012      	BCF        T2CON, 0
0x0219	0x1092      	BCF        T2CON, 1
0x021A	0x1412      	BSF        T2CON, 0
0x021B	0x1092      	BCF        T2CON, 1
0x021C	0x30F9      	MOVLW      249
0x021D	0x1683      	BSF        STATUS, 5
0x021E	0x0092      	MOVWF      PR2
0x021F	0x2068      	CALL       _PWM2_Init
;ROBOT_LABERINTO.mbas,221 :: 		PWM1_Start()
0x0220	0x2052      	CALL       _PWM1_Start
;ROBOT_LABERINTO.mbas,222 :: 		PWM2_Start()
0x0221	0x205A      	CALL       _PWM2_Start
;ROBOT_LABERINTO.mbas,223 :: 		velocidad = ADC_Read(0)
0x0222	0x01A9      	CLRF       FARG_Adc_Read_channel
0x0223	0x206E      	CALL       _Adc_Read
0x0224	0x0870      	MOVF       R0, 0
0x0225	0x00A0      	MOVWF      _velocidad
0x0226	0x0871      	MOVF       R0+1, 0
0x0227	0x00A1      	MOVWF      _velocidad+1
;ROBOT_LABERINTO.mbas,224 :: 		PWM1_Set_Duty(velocidad)
0x0228	0x0870      	MOVF       R0, 0
0x0229	0x00A9      	MOVWF      FARG_PWM1_Set_Duty_new_duty
0x022A	0x2098      	CALL       _PWM1_Set_Duty
;ROBOT_LABERINTO.mbas,225 :: 		PWM2_Set_Duty(velocidad)
0x022B	0x0820      	MOVF       _velocidad, 0
0x022C	0x00A9      	MOVWF      FARG_PWM2_Set_Duty_new_duty
0x022D	0x20F4      	CALL       _PWM2_Set_Duty
;ROBOT_LABERINTO.mbas,226 :: 		Delay_1sec
0x022E	0x21D7      	CALL       _Delay_1sec
;ROBOT_LABERINTO.mbas,227 :: 		distancia1 = ultrasonico1()
0x022F	0x2185      	CALL       ROBOT_LABERINTO_ultrasonico1
0x0230	0x0870      	MOVF       R0, 0
0x0231	0x00A2      	MOVWF      _distancia1
0x0232	0x0871      	MOVF       R0+1, 0
0x0233	0x00A3      	MOVWF      _distancia1+1
;ROBOT_LABERINTO.mbas,228 :: 		Delay_1sec
0x0234	0x21D7      	CALL       _Delay_1sec
;ROBOT_LABERINTO.mbas,229 :: 		sigue=0
0x0235	0x1024      	BCF        _sigue, BitPos(_sigue+0)
;ROBOT_LABERINTO.mbas,230 :: 		while (1)
L__main57:
;ROBOT_LABERINTO.mbas,231 :: 		velocidad = ADC_Read(0)
0x0236	0x01A9      	CLRF       FARG_Adc_Read_channel
0x0237	0x206E      	CALL       _Adc_Read
0x0238	0x0870      	MOVF       R0, 0
0x0239	0x00A0      	MOVWF      _velocidad
0x023A	0x0871      	MOVF       R0+1, 0
0x023B	0x00A1      	MOVWF      _velocidad+1
;ROBOT_LABERINTO.mbas,232 :: 		PWM1_Set_Duty(velocidad)
0x023C	0x0870      	MOVF       R0, 0
0x023D	0x00A9      	MOVWF      FARG_PWM1_Set_Duty_new_duty
0x023E	0x2098      	CALL       _PWM1_Set_Duty
;ROBOT_LABERINTO.mbas,233 :: 		PWM2_Set_Duty(velocidad)
0x023F	0x0820      	MOVF       _velocidad, 0
0x0240	0x00A9      	MOVWF      FARG_PWM2_Set_Duty_new_duty
0x0241	0x20F4      	CALL       _PWM2_Set_Duty
;ROBOT_LABERINTO.mbas,234 :: 		distancia1 = ultrasonico1()   'distancia frente
0x0242	0x2185      	CALL       ROBOT_LABERINTO_ultrasonico1
0x0243	0x0870      	MOVF       R0, 0
0x0244	0x00A2      	MOVWF      _distancia1
0x0245	0x0871      	MOVF       R0+1, 0
0x0246	0x00A3      	MOVWF      _distancia1+1
;ROBOT_LABERINTO.mbas,236 :: 		distancia2 = ultrasonico2()   'distancia izquierda
0x0247	0x213A      	CALL       ROBOT_LABERINTO_ultrasonico2
0x0248	0x0870      	MOVF       R0, 0
0x0249	0x00A5      	MOVWF      _distancia2
0x024A	0x0871      	MOVF       R0+1, 0
0x024B	0x00A6      	MOVWF      _distancia2+1
;ROBOT_LABERINTO.mbas,237 :: 		if (distancia1>10) then
0x024C	0x0823      	MOVF       _distancia1+1, 0
0x024D	0x3C00      	SUBLW      0
0x024E	0x1D03      	BTFSS      STATUS, 2
0x024F	0x2A52      	GOTO       L__main80
0x0250	0x0822      	MOVF       _distancia1, 0
0x0251	0x3C0A      	SUBLW      10
L__main80:
0x0252	0x1803      	BTFSC      STATUS, 0
0x0253	0x2AA9      	GOTO       L__main62
;ROBOT_LABERINTO.mbas,239 :: 		distancia2 = ultrasonico2()
0x0254	0x213A      	CALL       ROBOT_LABERINTO_ultrasonico2
0x0255	0x0870      	MOVF       R0, 0
0x0256	0x00A5      	MOVWF      _distancia2
0x0257	0x0871      	MOVF       R0+1, 0
0x0258	0x00A6      	MOVWF      _distancia2+1
;ROBOT_LABERINTO.mbas,240 :: 		if (distancia2=5) OR (distancia2=6) OR (distancia2=7) then   'incrementa velocidad
0x0259	0x3000      	MOVLW      0
0x025A	0x0671      	XORWF      R0+1, 0
0x025B	0x1D03      	BTFSS      STATUS, 2
0x025C	0x2A5F      	GOTO       L__main81
0x025D	0x3005      	MOVLW      5
0x025E	0x0670      	XORWF      R0, 0
L__main81:
0x025F	0x30FF      	MOVLW      255
0x0260	0x1D03      	BTFSS      STATUS, 2
0x0261	0x3000      	MOVLW      0
0x0262	0x00F3      	MOVWF      R3
0x0263	0x3000      	MOVLW      0
0x0264	0x0671      	XORWF      R0+1, 0
0x0265	0x1D03      	BTFSS      STATUS, 2
0x0266	0x2A69      	GOTO       L__main82
0x0267	0x3006      	MOVLW      6
0x0268	0x0670      	XORWF      R0, 0
L__main82:
0x0269	0x30FF      	MOVLW      255
0x026A	0x1D03      	BTFSS      STATUS, 2
0x026B	0x3000      	MOVLW      0
0x026C	0x00F2      	MOVWF      R2
0x026D	0x0872      	MOVF       R2, 0
0x026E	0x04F3      	IORWF      R3, 1
0x026F	0x3000      	MOVLW      0
0x0270	0x0671      	XORWF      R0+1, 0
0x0271	0x1D03      	BTFSS      STATUS, 2
0x0272	0x2A75      	GOTO       L__main83
0x0273	0x3007      	MOVLW      7
0x0274	0x0670      	XORWF      R0, 0
L__main83:
0x0275	0x30FF      	MOVLW      255
0x0276	0x1D03      	BTFSS      STATUS, 2
0x0277	0x3000      	MOVLW      0
0x0278	0x00F2      	MOVWF      R2
0x0279	0x0872      	MOVF       R2, 0
0x027A	0x0473      	IORWF      R3, 0
0x027B	0x00F0      	MOVWF      R0
0x027C	0x1903      	BTFSC      STATUS, 2
0x027D	0x2A80      	GOTO       L__main65
;ROBOT_LABERINTO.mbas,241 :: 		adelante()
0x027E	0x2133      	CALL       ROBOT_LABERINTO_adelante
0x027F	0x2AA8      	GOTO       L__main66
;ROBOT_LABERINTO.mbas,242 :: 		else
L__main65:
;ROBOT_LABERINTO.mbas,243 :: 		if (distancia2<5) then   'antichoque izquierda
0x0280	0x3000      	MOVLW      0
0x0281	0x0226      	SUBWF      _distancia2+1, 0
0x0282	0x1D03      	BTFSS      STATUS, 2
0x0283	0x2A86      	GOTO       L__main84
0x0284	0x3005      	MOVLW      5
0x0285	0x0225      	SUBWF      _distancia2, 0
L__main84:
0x0286	0x1803      	BTFSC      STATUS, 0
0x0287	0x2A93      	GOTO       L__main68
;ROBOT_LABERINTO.mbas,244 :: 		repeleizquierda()
0x0288	0x21E8      	CALL       ROBOT_LABERINTO_repeleizquierda
;ROBOT_LABERINTO.mbas,245 :: 		Delay_ms(10)
0x0289	0x300D      	MOVLW      13
0x028A	0x00FC      	MOVWF      R12
0x028B	0x30FB      	MOVLW      251
0x028C	0x00FD      	MOVWF      R13
L__main70:
0x028D	0x0BFD      	DECFSZ     R13, 1
0x028E	0x2A8D      	GOTO       L__main70
0x028F	0x0BFC      	DECFSZ     R12, 1
0x0290	0x2A8D      	GOTO       L__main70
0x0291	0x0000      	NOP
0x0292	0x0000      	NOP
L__main68:
;ROBOT_LABERINTO.mbas,247 :: 		if (distancia2>=7) then   'antichoque derecha
0x0293	0x3000      	MOVLW      0
0x0294	0x0226      	SUBWF      _distancia2+1, 0
0x0295	0x1D03      	BTFSS      STATUS, 2
0x0296	0x2A99      	GOTO       L__main85
0x0297	0x3007      	MOVLW      7
0x0298	0x0225      	SUBWF      _distancia2, 0
L__main85:
0x0299	0x1C03      	BTFSS      STATUS, 0
0x029A	0x2AA7      	GOTO       L__main72
;ROBOT_LABERINTO.mbas,248 :: 		izquierda()
0x029B	0x20D7      	CALL       ROBOT_LABERINTO_izquierda
;ROBOT_LABERINTO.mbas,249 :: 		repelederecha()
0x029C	0x21D0      	CALL       ROBOT_LABERINTO_repelederecha
;ROBOT_LABERINTO.mbas,250 :: 		Delay_ms(10)
0x029D	0x300D      	MOVLW      13
0x029E	0x00FC      	MOVWF      R12
0x029F	0x30FB      	MOVLW      251
0x02A0	0x00FD      	MOVWF      R13
L__main74:
0x02A1	0x0BFD      	DECFSZ     R13, 1
0x02A2	0x2AA1      	GOTO       L__main74
0x02A3	0x0BFC      	DECFSZ     R12, 1
0x02A4	0x2AA1      	GOTO       L__main74
0x02A5	0x0000      	NOP
0x02A6	0x0000      	NOP
L__main72:
;ROBOT_LABERINTO.mbas,252 :: 		adelante()                'adelante
0x02A7	0x2133      	CALL       ROBOT_LABERINTO_adelante
;ROBOT_LABERINTO.mbas,253 :: 		end if
L__main66:
0x02A8	0x2AB3      	GOTO       L__main63
;ROBOT_LABERINTO.mbas,254 :: 		else
L__main62:
;ROBOT_LABERINTO.mbas,255 :: 		derecha()                     'gira a la derecha
0x02A9	0x21EF      	CALL       ROBOT_LABERINTO_derecha
;ROBOT_LABERINTO.mbas,256 :: 		Delay_ms(50)                  'si se pega mucho a la pared
0x02AA	0x3041      	MOVLW      65
0x02AB	0x00FC      	MOVWF      R12
0x02AC	0x30EE      	MOVLW      238
0x02AD	0x00FD      	MOVWF      R13
L__main75:
0x02AE	0x0BFD      	DECFSZ     R13, 1
0x02AF	0x2AAE      	GOTO       L__main75
0x02B0	0x0BFC      	DECFSZ     R12, 1
0x02B1	0x2AAE      	GOTO       L__main75
0x02B2	0x0000      	NOP
;ROBOT_LABERINTO.mbas,257 :: 		end if
L__main63:
;ROBOT_LABERINTO.mbas,259 :: 		wend
0x02B3	0x2A36      	GOTO       L__main57
0x02B4	0x2AB4      	GOTO       $+0
; end of _main
Symbol List:
//** Routines locations **
//ADDRESS    SIZE    PROCEDURE
//----------------------------------------------
0x0003      [43]    _Mul_16x16_U
0x002E       [7]    _Delay_22us
0x0035      [29]    _Div_16x16_U
0x0052       [8]    _PWM1_Start
0x005A       [8]    _PWM2_Start
0x0062       [6]    _PWM1_Init
0x0068       [6]    _PWM2_Init
0x006E      [42]    _Adc_Read
0x0098      [63]    _PWM1_Set_Duty
0x00D7      [29]    ROBOT_LABERINTO_izquierda
0x00F4      [63]    _PWM2_Set_Duty
0x0133       [7]    ROBOT_LABERINTO_adelante
0x013A      [75]    ROBOT_LABERINTO_ultrasonico2
0x0185      [75]    ROBOT_LABERINTO_ultrasonico1
0x01D0       [7]    ROBOT_LABERINTO_repelederecha
0x01D7      [17]    _Delay_1sec
0x01E8       [7]    ROBOT_LABERINTO_repeleizquierda
0x01EF       [7]    ROBOT_LABERINTO_derecha
0x01F6     [191]    _main
//** Variables locations ** 
//ADDRESS    SIZE    VARIABLE
//----------------------------------------------
0x0000       [1]    INDF
0x0001       [1]    TMR0
0x0002       [1]    PCL
0x0003       [0]    IRP_bit
0x0003       [0]    RP0_bit
0x0003       [0]    Z_bit
0x0003       [0]    NOT_TO_bit
0x0003       [0]    DC_bit
0x0003       [0]    RP1_bit
0x0003       [0]    C_bit
0x0003       [0]    NOT_PD_bit
0x0003       [1]    STATUS
0x0004       [1]    FSR
0x0004       [1]    FSRPTR
0x0005       [0]    RA5_bit
0x0005       [0]    RA7_bit
0x0005       [0]    RA6_bit
0x0005       [0]    RA4_bit
0x0005       [1]    PORTA
0x0005       [0]    RA3_bit
0x0005       [0]    RA0_bit
0x0005       [0]    RA2_bit
0x0005       [0]    RA1_bit
0x0006       [1]    PORTB
0x0006       [0]    RB2_bit
0x0006       [0]    RB3_bit
0x0006       [0]    RB4_bit
0x0006       [0]    RB6_bit
0x0006       [0]    RB7_bit
0x0006       [0]    RB1_bit
0x0006       [0]    RB0_bit
0x0006       [0]    RB5_bit
0x0007       [0]    RC0_bit
0x0007       [0]    RC2_bit
0x0007       [0]    RC1_bit
0x0007       [0]    RC7_bit
0x0007       [0]    RC3_bit
0x0007       [1]    PORTC
0x0007       [0]    RC4_bit
0x0007       [0]    RC5_bit
0x0007       [0]    RC6_bit
0x0009       [0]    RE3_bit
0x0009       [1]    PORTE
0x000A       [1]    PCLATH
0x000B       [0]    TMR0IE_bit
0x000B       [0]    INTE_bit
0x000B       [0]    RBIE_bit
0x000B       [0]    GIE_bit
0x000B       [0]    PEIE_bit
0x000B       [0]    T0IE_bit
0x000B       [0]    RBIF_bit
0x000B       [1]    INTCON
0x000B       [0]    INTF_bit
0x000B       [0]    T0IF_bit
0x000B       [0]    TMR0IF_bit
0x000C       [1]    PIR1
0x000C       [0]    ADIF_bit
0x000C       [0]    TMR2IF_bit
0x000C       [0]    TMR1IF_bit
0x000C       [0]    RCIF_bit
0x000C       [0]    CCP1IF_bit
0x000C       [0]    SSPIF_bit
0x000C       [0]    TXIF_bit
0x000D       [1]    PIR2
0x000D       [0]    BCLIF_bit
0x000D       [0]    OSFIF_bit
0x000D       [0]    C2IF_bit
0x000D       [0]    C1IF_bit
0x000D       [0]    EEIF_bit
0x000D       [0]    CCP2IF_bit
0x000D       [0]    ULPWUIF_bit
0x000E       [1]    TMR1L
0x000F       [1]    TMR1H
0x0010       [0]    T1INSYNC_bit
0x0010       [0]    T1GINV_bit
0x0010       [0]    TMR1CS_bit
0x0010       [0]    T1SYNC_bit
0x0010       [0]    T1OSCEN_bit
0x0010       [0]    T1CKPS1_bit
0x0010       [0]    T1CKPS0_bit
0x0010       [1]    T1CON
0x0010       [0]    TMR1GE_bit
0x0010       [0]    NOT_T1SYNC_bit
0x0010       [0]    TMR1ON_bit
0x0011       [1]    TMR2
0x0012       [0]    TOUTPS2_bit
0x0012       [0]    TOUTPS3_bit
0x0012       [1]    T2CON
0x0012       [0]    T2CKPS1_bit
0x0012       [0]    TOUTPS0_bit
0x0012       [0]    T2CKPS0_bit
0x0012       [0]    TMR2ON_bit
0x0012       [0]    TOUTPS1_bit
0x0013       [1]    SSPBUF
0x0014       [0]    SSPM2_bit
0x0014       [0]    SSPOV_bit
0x0014       [0]    SSPEN_bit
0x0014       [0]    SSPM3_bit
0x0014       [0]    CKP_bit
0x0014       [0]    WCOL_bit
0x0014       [1]    SSPCON
0x0014       [0]    SSPM1_bit
0x0014       [0]    SSPM0_bit
0x0015       [1]    CCPR1L
0x0015       [2]    CCPR1
0x0016       [1]    CCPR1H
0x0017       [0]    CCP1X_bit
0x0017       [0]    P1M1_bit
0x0017       [0]    CCP1M0_bit
0x0017       [0]    CCP1Y_bit
0x0017       [0]    CCP1M3_bit
0x0017       [0]    DC1B0_bit
0x0017       [1]    CCP1CON
0x0017       [0]    P1M0_bit
0x0017       [0]    CCP1M1_bit
0x0017       [0]    DC1B1_bit
0x0017       [0]    CCP1M2_bit
0x0018       [0]    NOT_RC8_bit
0x0018       [1]    RCSTA
0x0018       [0]    SPEN_bit
0x0018       [0]    CREN_bit
0x0018       [0]    RX9D_bit
0x0018       [0]    RC8_9_bit
0x0018       [0]    RC9_bit
0x0018       [0]    RCD8_bit
0x0018       [0]    FERR_bit
0x0018       [0]    RX9_bit
0x0018       [0]    OERR_bit
0x0018       [0]    ADDEN_bit
0x0018       [0]    SREN_bit
0x0019       [1]    TXREG
0x001A       [1]    RCREG
0x001B       [2]    CCPR2
0x001B       [1]    CCPR2L
0x001C       [1]    CCPR2H
0x001D       [0]    CCP2X_bit
0x001D       [0]    CCP2M1_bit
0x001D       [0]    CCP2M0_bit
0x001D       [0]    CCP2M2_bit
0x001D       [1]    CCP2CON
0x001D       [0]    DC2B1_bit
0x001D       [0]    CCP2Y_bit
0x001D       [0]    DC2B0_bit
0x001D       [0]    CCP2M3_bit
0x001E       [1]    ADRESH
0x001F       [0]    GO_DONE_bit
0x001F       [0]    ADCS1_bit
0x001F       [0]    ADON_bit
0x001F       [0]    CHS0_bit
0x001F       [0]    CHS2_bit
0x001F       [0]    CHS1_bit
0x001F       [0]    NOT_DONE_bit
0x001F       [0]    GO_bit
0x001F       [0]    CHS3_bit
0x001F       [0]    ADCS0_bit
0x001F       [1]    ADCON0
0x0020       [2]    _velocidad
0x0022       [2]    _distancia1
0x0024       [0]    _sigue
0x0025       [2]    _distancia2
0x0027       [2]    ___DoICPAddr
0x0029       [1]    FARG_PWM2_Set_Duty_new_duty
0x0029       [4]    FARG_PWM2_Init_PWM_Freq
0x0029       [2]    ultrasonico1_local_result
0x0029       [4]    FARG_PWM1_Init_PWM_Freq
0x0029       [2]    ultrasonico2_local_result
0x0029       [1]    FARG_Adc_Read_channel
0x0029       [1]    FARG_PWM1_Set_Duty_new_duty
0x002A       [2]    Adc_Read_local_result
0x002B       [1]    ultrasonico2_flanco
0x002B       [1]    ultrasonico1_flanco
0x002C       [2]    ultrasonico2_distan
0x002C       [2]    ultrasonico1_distan
0x002E       [2]    ultrasonico2_tiempo
0x002E       [2]    ultrasonico1_tiempo
0x0070       [1]    R0
0x0071       [1]    R1
0x0072       [1]    R2
0x0073       [1]    R3
0x0074       [1]    R4
0x0075       [1]    R5
0x0076       [1]    R6
0x0077       [1]    R7
0x0078       [1]    R8
0x0079       [1]    R9
0x007A       [1]    R10
0x007B       [1]    R11
0x007C       [1]    R12
0x007D       [1]    R13
0x007E       [1]    R14
0x007F       [1]    R15
0x0081       [1]    OPTION_REG
0x0081       [0]    T0CS_bit
0x0081       [0]    PS2_bit
0x0081       [0]    PS1_bit
0x0081       [0]    PS0_bit
0x0081       [0]    PSA_bit
0x0081       [0]    INTEDG_bit
0x0081       [0]    T0SE_bit
0x0081       [0]    NOT_RBPU_bit
0x0085       [0]    TRISA7_bit
0x0085       [0]    TRISA1_bit
0x0085       [0]    TRISA2_bit
0x0085       [0]    TRISA0_bit
0x0085       [1]    TRISA
0x0085       [0]    TRISA5_bit
0x0085       [0]    TRISA6_bit
0x0085       [0]    TRISA3_bit
0x0085       [0]    TRISA4_bit
0x0086       [0]    TRISB2_bit
0x0086       [0]    TRISB3_bit
0x0086       [0]    TRISB0_bit
0x0086       [0]    TRISB1_bit
0x0086       [0]    TRISB4_bit
0x0086       [0]    TRISB7_bit
0x0086       [1]    TRISB
0x0086       [0]    TRISB5_bit
0x0086       [0]    TRISB6_bit
0x0087       [0]    TRISC3_bit
0x0087       [0]    TRISC2_bit
0x0087       [0]    TRISC5_bit
0x0087       [0]    TRISC4_bit
0x0087       [0]    TRISC7_bit
0x0087       [0]    TRISC6_bit
0x0087       [0]    TRISC0_bit
0x0087       [0]    TRISC1_bit
0x0087       [1]    TRISC
0x0089       [0]    TRISE3_bit
0x0089       [1]    TRISE
0x008C       [0]    SSPIE_bit
0x008C       [0]    TXIE_bit
0x008C       [0]    ADIE_bit
0x008C       [0]    RCIE_bit
0x008C       [0]    TMR2IE_bit
0x008C       [0]    TMR1IE_bit
0x008C       [1]    PIE1
0x008C       [0]    CCP1IE_bit
0x008D       [0]    C1IE_bit
0x008D       [0]    EEIE_bit
0x008D       [0]    OSFIE_bit
0x008D       [0]    C2IE_bit
0x008D       [0]    BCLIE_bit
0x008D       [1]    PIE2
0x008D       [0]    CCP2IE_bit
0x008D       [0]    ULPWUIE_bit
0x008E       [1]    PCON
0x008E       [0]    SBOREN_bit
0x008E       [0]    ULPWUE_bit
0x008E       [0]    NOT_POR_bit
0x008E       [0]    NOT_BOR_bit
0x008E       [0]    NOT_BO_bit
0x008F       [0]    IRCF0_bit
0x008F       [0]    OSTS_bit
0x008F       [0]    IRCF2_bit
0x008F       [0]    IRCF1_bit
0x008F       [0]    HTS_bit
0x008F       [1]    OSCCON
0x008F       [0]    SCS_bit
0x008F       [0]    LTS_bit
0x0090       [1]    OSCTUNE
0x0090       [0]    TUN1_bit
0x0090       [0]    TUN0_bit
0x0090       [0]    TUN2_bit
0x0090       [0]    TUN4_bit
0x0090       [0]    TUN3_bit
0x0091       [1]    SSPCON2
0x0091       [0]    PEN_bit
0x0091       [0]    SEN_bit
0x0091       [0]    RSEN_bit
0x0091       [0]    RCEN_bit
0x0091       [0]    ACKSTAT_bit
0x0091       [0]    ACKDT_bit
0x0091       [0]    ACKEN_bit
0x0091       [0]    GCEN_bit
0x0092       [1]    PR2
0x0093       [1]    MSK
0x0093       [1]    SSPADD
0x0093       [1]    SSPMSK
0x0094       [1]    SSPSTAT
0x0094       [0]    I2C_READ_bit
0x0094       [0]    NOT_W_bit
0x0094       [0]    R_bit
0x0094       [0]    S_bit
0x0094       [0]    I2C_START__bit
0x0094       [0]    UA_bit
0x0094       [0]    BF_bit
0x0094       [0]    READ_WRITE_bit
0x0094       [0]    NOT_WRITE_bit
0x0094       [0]    R_W_bit
0x0094       [0]    I2C_DATA_bit
0x0094       [0]    NOT_A_bit
0x0094       [0]    D_bit
0x0094       [0]    SMP_bit
0x0094       [0]    CKE_bit
0x0094       [0]    P_bit
0x0094       [0]    I2C_STOP__bit
0x0094       [0]    DATA_ADDRESS_bit
0x0094       [0]    NOT_ADDRESS_bit
0x0094       [0]    D_A_bit
0x0095       [0]    WPUB7_bit
0x0095       [1]    WPUB
0x0095       [0]    WPUB6_bit
0x0095       [0]    WPUB2_bit
0x0095       [0]    WPUB1_bit
0x0095       [0]    WPUB0_bit
0x0095       [0]    WPUB5_bit
0x0095       [0]    WPUB4_bit
0x0095       [0]    WPUB3_bit
0x0096       [0]    IOCB4_bit
0x0096       [0]    IOCB3_bit
0x0096       [0]    IOCB2_bit
0x0096       [0]    IOCB7_bit
0x0096       [0]    IOCB6_bit
0x0096       [0]    IOCB5_bit
0x0096       [0]    IOCB1_bit
0x0096       [1]    IOCB
0x0096       [0]    IOCB0_bit
0x0097       [0]    VR1_bit
0x0097       [0]    VR2_bit
0x0097       [0]    VR0_bit
0x0097       [1]    VRCON
0x0097       [0]    VROE_bit
0x0097       [0]    VREN_bit
0x0097       [0]    VRR_bit
0x0097       [0]    VR3_bit
0x0097       [0]    VRSS_bit
0x0098       [1]    TXSTA
0x0098       [0]    BRGH_bit
0x0098       [0]    SENDB_bit
0x0098       [0]    TRMT_bit
0x0098       [0]    TXD8_bit
0x0098       [0]    TX9D_bit
0x0098       [0]    SYNC_bit
0x0098       [0]    TX9_bit
0x0098       [0]    CSRC_bit
0x0098       [0]    NOT_TX8_bit
0x0098       [0]    TXEN_bit
0x0098       [0]    TX8_9_bit
0x0099       [0]    BRG1_bit
0x0099       [0]    BRG2_bit
0x0099       [1]    SPBRG
0x0099       [0]    BRG0_bit
0x0099       [0]    BRG3_bit
0x0099       [0]    BRG6_bit
0x0099       [0]    BRG7_bit
0x0099       [0]    BRG4_bit
0x0099       [0]    BRG5_bit
0x009A       [0]    BRG9_bit
0x009A       [0]    BRG10_bit
0x009A       [1]    SPBRGH
0x009A       [0]    BRG8_bit
0x009A       [0]    BRG14_bit
0x009A       [0]    BRG15_bit
0x009A       [0]    BRG13_bit
0x009A       [0]    BRG11_bit
0x009A       [0]    BRG12_bit
0x009B       [0]    PDC1_bit
0x009B       [0]    PDC2_bit
0x009B       [1]    PWM1CON
0x009B       [0]    PDC0_bit
0x009B       [0]    PDC6_bit
0x009B       [0]    PRSEN_bit
0x009B       [0]    PDC5_bit
0x009B       [0]    PDC3_bit
0x009B       [0]    PDC4_bit
0x009C       [0]    PSSBD1_bit
0x009C       [0]    PSSBD0_bit
0x009C       [1]    ECCPAS
0x009C       [0]    PSSAC0_bit
0x009C       [0]    ECCPAS1_bit
0x009C       [0]    ECCPASE_bit
0x009C       [0]    ECCPAS2_bit
0x009C       [0]    PSSAC1_bit
0x009C       [0]    ECCPAS0_bit
0x009D       [1]    PSTRCON
0x009D       [0]    STRA_bit
0x009D       [0]    STRB_bit
0x009D       [0]    STRC_bit
0x009D       [0]    STRD_bit
0x009D       [0]    STRSYNC_bit
0x009E       [1]    ADRESL
0x009F       [1]    ADCON1
0x009F       [0]    ADFM_bit
0x009F       [0]    VCFG0_bit
0x009F       [0]    VCFG1_bit
0x0105       [0]    WDTPS1_bit
0x0105       [0]    WDTPS0_bit
0x0105       [0]    WDTPS3_bit
0x0105       [0]    WDTPS2_bit
0x0105       [0]    SWDTEN_bit
0x0105       [1]    WDTCON
0x0107       [0]    C1POL_bit
0x0107       [0]    C1R_bit
0x0107       [0]    C1ON_bit
0x0107       [0]    C1OUT_bit
0x0107       [0]    C1OE_bit
0x0107       [0]    C1CH1_bit
0x0107       [1]    CM1CON0
0x0107       [0]    C1CH0_bit
0x0108       [0]    C2CH0_bit
0x0108       [0]    C2ON_bit
0x0108       [0]    C2OUT_bit
0x0108       [0]    C2CH1_bit
0x0108       [0]    C2OE_bit
0x0108       [1]    CM2CON0
0x0108       [0]    C2R_bit
0x0108       [0]    C2POL_bit
0x0109       [0]    C1RSEL_bit
0x0109       [0]    MC1OUT_bit
0x0109       [0]    MC2OUT_bit
0x0109       [0]    C2SYNC_bit
0x0109       [0]    T1GSS_bit
0x0109       [0]    C2RSEL_bit
0x0109       [1]    CM2CON1
0x010C       [1]    EEDATA
0x010C       [1]    EEDAT
0x010D       [1]    EEADR
0x010E       [1]    EEDATH
0x010F       [1]    EEADRH
0x0185       [0]    C2REN_bit
0x0185       [0]    C1SEN_bit
0x0185       [0]    PULSS_bit
0x0185       [0]    FVREN_bit
0x0185       [0]    PULSR_bit
0x0185       [1]    SRCON
0x0185       [0]    SR0_bit
0x0185       [0]    SR1_bit
0x0187       [0]    BRG16_bit
0x0187       [0]    WUE_bit
0x0187       [0]    ABDEN_bit
0x0187       [0]    SCKP_bit
0x0187       [1]    BAUDCTL
0x0187       [0]    ABDOVF_bit
0x0187       [0]    RCIDL_bit
0x0188       [0]    ANS1_bit
0x0188       [0]    ANS0_bit
0x0188       [0]    ANS2_bit
0x0188       [1]    ANSEL
0x0188       [0]    ANS4_bit
0x0188       [0]    ANS3_bit
0x0189       [0]    ANS9_bit
0x0189       [0]    ANS8_bit
0x0189       [1]    ANSELH
0x0189       [0]    ANS13_bit
0x0189       [0]    ANS12_bit
0x0189       [0]    ANS10_bit
0x0189       [0]    ANS11_bit
0x018C       [0]    RD_bit
0x018C       [1]    EECON1
0x018C       [0]    WRERR_bit
0x018C       [0]    EEPGD_bit
0x018C       [0]    WREN_bit
0x018C       [0]    WR_bit
0x018D       [1]    EECON2
//** Label List: ** 
//----------------------------------------------
  L_end_ROBOT_LABERINTO_ultrasonico1
  L_ROBOT_LABERINTO_ultrasonico11
  L_ROBOT_LABERINTO_ultrasonico12
  L_ROBOT_LABERINTO_ultrasonico13
  L_ROBOT_LABERINTO_ultrasonico14
  L_ROBOT_LABERINTO_ultrasonico15
  L_ROBOT_LABERINTO_ultrasonico16
  L_ROBOT_LABERINTO_ultrasonico17
  L_ROBOT_LABERINTO_ultrasonico18
  L_ROBOT_LABERINTO_ultrasonico19
  L_ROBOT_LABERINTO_ultrasonico110
  L_ROBOT_LABERINTO_ultrasonico111
  L_ROBOT_LABERINTO_ultrasonico112
  L_ROBOT_LABERINTO_ultrasonico113
  L_ROBOT_LABERINTO_ultrasonico114
  L_ROBOT_LABERINTO_ultrasonico115
  L_ROBOT_LABERINTO_ultrasonico116
  L_ROBOT_LABERINTO_ultrasonico117
  L_ROBOT_LABERINTO_ultrasonico118
  L_ROBOT_LABERINTO_ultrasonico119
  L_ROBOT_LABERINTO_ultrasonico120
  L_ROBOT_LABERINTO_ultrasonico121
  L_end_ROBOT_LABERINTO_ultrasonico2
  L_ROBOT_LABERINTO_ultrasonico223
  L_ROBOT_LABERINTO_ultrasonico224
  L_ROBOT_LABERINTO_ultrasonico225
  L_ROBOT_LABERINTO_ultrasonico226
  L_ROBOT_LABERINTO_ultrasonico227
  L_ROBOT_LABERINTO_ultrasonico228
  L_ROBOT_LABERINTO_ultrasonico229
  L_ROBOT_LABERINTO_ultrasonico230
  L_ROBOT_LABERINTO_ultrasonico231
  L_ROBOT_LABERINTO_ultrasonico232
  L_ROBOT_LABERINTO_ultrasonico233
  L_ROBOT_LABERINTO_ultrasonico234
  L_ROBOT_LABERINTO_ultrasonico235
  L_ROBOT_LABERINTO_ultrasonico236
  L_ROBOT_LABERINTO_ultrasonico237
  L_ROBOT_LABERINTO_ultrasonico238
  L_ROBOT_LABERINTO_ultrasonico239
  L_ROBOT_LABERINTO_ultrasonico240
  L_ROBOT_LABERINTO_ultrasonico241
  L_ROBOT_LABERINTO_ultrasonico242
  L_ROBOT_LABERINTO_ultrasonico243
  L_end_ROBOT_LABERINTO_adelante
  L_end_ROBOT_LABERINTO_atras
  L_ROBOT_LABERINTO_atras46
  L_end_ROBOT_LABERINTO_parar
  L_ROBOT_LABERINTO_parar48
  L_end_ROBOT_LABERINTO_izquierda
  L_ROBOT_LABERINTO_izquierda50
  L_ROBOT_LABERINTO_izquierda51
  L_end_ROBOT_LABERINTO_derecha
  L_end_ROBOT_LABERINTO_repelederecha
  L_end_ROBOT_LABERINTO_repeleizquierda
  L_end__main
  L__main56
  L__main57
  L__main58
  L__main59
  L__main60
  L__main61
  L__main62
  L__main63
  L__main64
  L__main65
  L__main66
  L__main67
  L__main68
  L__main69
  L__main70
  L__main71
  L__main72
  L__main73
  L__main74
  L__main75
  ROBOT_LABERINTO_ultrasonico1
  L_ROBOT_LABERINTO_ultrasonico176
  L_ROBOT_LABERINTO_ultrasonico177
  ROBOT_LABERINTO_ultrasonico2
  L_ROBOT_LABERINTO_ultrasonico278
  L_ROBOT_LABERINTO_ultrasonico279
  ROBOT_LABERINTO_adelante
  ROBOT_LABERINTO_atras
  ROBOT_LABERINTO_parar
  ROBOT_LABERINTO_izquierda
  ROBOT_LABERINTO_derecha
  ROBOT_LABERINTO_repelederecha
  ROBOT_LABERINTO_repeleizquierda
  _main
  L__main80
  L__main81
  L__main82
  L__main83
  L__main84
  L__main85
  L_end__Adc_Read
  L__Adc_Read1
  L__Adc_Read2
  L__Adc_Read3
  L__Adc_Read4
  L__Adc_Read5
  _Adc_Read
  L_end__Get_Fosc_kHz
  L_end__Delay_1us
  L_end__Delay_10us
  L__Delay_10us3
  L_end__Delay_22us
  L__Delay_22us5
  L_end__Delay_50us
  L__Delay_50us7
  L_end__Delay_80us
  L__Delay_80us9
  L_end__Delay_500us
  L__Delay_500us11
  L_end__Delay_5500us
  L__Delay_5500us13
  L_end__Delay_5ms
  L__Delay_5ms15
  L_end__Delay_8ms
  L__Delay_8ms17
  L_end__Delay_10ms
  L__Delay_10ms19
  L_end__Delay_100ms
  L__Delay_100ms21
  L_end__Delay_1sec
  L__Delay_1sec23
  L_end__Delay_Cyc
  L__Delay_Cyc25
  L__Delay_Cyc26
  L__Delay_Cyc27
  L__Delay_Cyc28
  L__Delay_Cyc29
  L_end__VDelay_ms
  L__VDelay_ms31
  L__VDelay_ms32
  L__VDelay_ms33
  L__VDelay_ms34
  L__VDelay_ms35
  L__VDelay_ms36
  L__VDelay_ms37
  L__VDelay_ms38
  L_end__VDelay_Advanced_ms
  L__VDelay_Advanced_ms40
  L__VDelay_Advanced_ms41
  L__VDelay_Advanced_ms42
  L__VDelay_Advanced_ms43
  L__VDelay_Advanced_ms44
  L__VDelay_Advanced_ms45
  L__VDelay_Advanced_ms46
  L__VDelay_Advanced_ms47
  _Get_Fosc_kHz
  _Delay_1us
  _Delay_10us
  _Delay_22us
  _Delay_50us
  _Delay_80us
  _Delay_500us
  _Delay_5500us
  _Delay_5ms
  _Delay_8ms
  _Delay_10ms
  _Delay_100ms
  _Delay_1sec
  _Delay_Cyc
  _VDelay_ms
  L__VDelay_ms48
  L__VDelay_ms49
  L__VDelay_ms50
  L__VDelay_ms51
  _VDelay_Advanced_ms
  L__VDelay_Advanced_ms52
  L__VDelay_Advanced_ms53
  L__VDelay_Advanced_ms54
  L__VDelay_Advanced_ms55
  L_end__Mul_8x8_U
  L_end__Mul_16x16_U
  L_end__Div_8x8_U
  L__Div_8x8_U3
  L__Div_8x8_U4
  L__Div_8x8_U5
  L_end__Div_16x16_U
  L_end__Mul_8x8_S
  L_end__Mul_16x16_S
  L_end__Div_16x16_S_L
  L_end__Div_16x16_S
  L__Div_16x16_S11
  L__Div_16x16_S12
  L__Div_16x16_S13
  L__Div_16x16_S14
  L__Div_16x16_S15
  L__Div_16x16_S16
  L_end__Div_8x8_S
  L_end__SDIV3232L
  LOOPS3232A
  SADD22LA
  SOK22LA
  SADD22L8
  SOK22L8
  LOOPS3232B
  SADD22LB
  SOK22LB
  SADD22L16
  SOK22L16
  LOOPS3232C
  SADD22LC
  SOK22LC
  SADD22L24
  SOK22L24
  LOOPS3232D
  SADD22LD
  SOK22LD
  SOK22L
  L_end__COMFREM
  L_end__Div_32x32_S
  L__Div_32x32_S25
  L__Div_32x32_S26
  L__Div_32x32_S27
  L__Div_32x32_S28
  L__Div_32x32_S29
  L__Div_32x32_S30
  L__Div_32x32_S31
  L__Div_32x32_S32
  L__Div_32x32_S33
  L__Div_32x32_S34
  L__Div_32x32_S35
  L__Div_32x32_S36
  FXD3232S
  END_ALL
  CA3232S
  C3232SX
  C3232SX1
  C3232S
  C3232S2
  C3232SX4
  C3232SOK
  C3232SX3
  C3232SX2
  avoid_comfrem
  L_end__Div_32x32_U
  LOOPU3232A
  UADD22LA
  UOK22LA
  UADD22L8
  UOK22L8
  LOOPU3232B
  UADD22LB
  UOK22LB
  UADD22L16
  UOK22L16
  LOOPU3232C
  UADD22LC
  UOK22LC
  UADD22L24
  UOK22L24
  LOOPU3232D
  UADD22LD
  UOK22LD
  UOK22L
  L_end__Mul_32x32_U
  _NEXT
  _EXIT2
  _LOOP
  _EXIT1
  L_end__Mul_32x32_S
  _IF_FIRST
  _IF_SECOND
  _INVERCE_FIRST
  _MULT
  _INBERSE_SECOND
  _EXIT
  _Mul_8x8_U
  _Mul_16x16_U
  _Div_8x8_U
  _Div_16x16_U
  _Mul_8x8_S
  _Mul_16x16_S
  _Div_16x16_S_L
  _Div_16x16_S
  _Div_8x8_S
  _SDIV3232L
  _COMFREM
  _Div_32x32_S
  _Div_32x32_U
  _Mul_32x32_U
  _Mul_32x32_S
  L_end__PWM1_Init
  L_end__PWM1_Set_Duty
  L_end__PWM1_Start
  L_end__PWM1_Stop
  L_end__PWM2_Init
  L_end__PWM2_Set_Duty
  L_end__PWM2_Start
  L_end__PWM2_Stop
  _PWM1_Init
  _PWM1_Set_Duty
  L__PWM1_Set_Duty8
  L__PWM1_Set_Duty9
  _PWM1_Start
  _PWM1_Stop
  _PWM2_Init
  _PWM2_Set_Duty
  L__PWM2_Set_Duty10
  L__PWM2_Set_Duty11
  _PWM2_Start
  _PWM2_Stop
